
Gurobi 10.0.1 (win64) logging started Mon May  4 08:44:25 2026

Set parameter LogFile to value "D:\Project_Code\Paper\DP_LBBD_1\DP_lbbd\Algorithm\Results\mip_v1\xlarge\exp_10f_80j_seed2\log\exp_10f_80j_seed2_gurobi.log"
Set parameter LogToConsole to value 0
Gurobi Optimizer version 10.0.1 build v10.0.1rc0 (win64)

CPU model: Intel(R) Core(TM) Ultra 7 265KF, instruction set [SSE2|AVX|AVX2]
Thread count: 20 physical cores, 20 logical processors, using up to 20 threads

Optimize a model with 527277 rows, 263440 columns and 2613274 nonzeros
Model fingerprint: 0x4eb1d382
Variable types: 3440 continuous, 260000 integer (260000 binary)
Coefficient statistics:
  Matrix range     [1e+00, 2e+02]
  Objective range  [3e+01, 2e+03]
  Bounds range     [1e+00, 2e+02]
  RHS range        [1e+00, 5e+02]
Found heuristic solution: objective -0.0000000
Presolve removed 301133 rows and 150288 columns (presolve time = 5s) ...
Presolve removed 301133 rows and 150288 columns
Presolve time: 6.71s
Presolved: 226144 rows, 113152 columns, 1116974 nonzeros
Variable types: 2282 continuous, 110870 integer (110870 binary)

Deterministic concurrent LP optimizer: primal simplex, dual simplex, and barrier
Showing barrier log only...

Root barrier log...

Ordering time: 0.84s
Elapsed ordering time = 28s
Elapsed ordering time = 39s
Elapsed ordering time = 46s
Elapsed ordering time = 50s
Elapsed ordering time = 56s
Ordering time: 55.65s

Barrier performed 0 iterations in 128.72 seconds (22.96 work units)
Barrier solve interrupted - model solved by another algorithm

Concurrent spin time: 61.64s (can be avoided by choosing Method=3)

Solved with dual simplex

Root relaxation: objective 3.527816e+04, 10805 iterations, 63.94 seconds (3.84 work units)
Total elapsed time = 131.00s

    Nodes    |    Current Node    |     Objective Bounds      |     Work
 Expl Unexpl |  Obj  Depth IntInf | Incumbent    BestBd   Gap | It/Node Time

     0     0 35278.1641    0 1504   -0.00000 35278.1641      -     -  132s
H    0     0                    14241.989387 35278.1641   148%     -  132s
     0     0 35278.1641    0 1649 14241.9894 35278.1641   148%     -  135s
H    0     0                    18243.072747 35278.1641  93.4%     -  146s
     0     0 35278.1641    0 1594 18243.0727 35278.1641  93.4%     -  146s
     0     0 35278.1641    0 1570 18243.0727 35278.1641  93.4%     -  152s
     0     0 35278.1641    0 1542 18243.0727 35278.1641  93.4%     -  152s
     0     0 35278.1641    0 1509 18243.0727 35278.1641  93.4%     -  158s
     0     0 35278.1641    0 1578 18243.0727 35278.1641  93.4%     -  159s
     0     0 35278.1641    0 1475 18243.0727 35278.1641  93.4%     -  164s
     0     0 35278.1641    0 1607 18243.0727 35278.1641  93.4%     -  165s
     0     0 35278.1641    0 1602 18243.0727 35278.1641  93.4%     -  170s
     0     0 35278.1641    0 1644 18243.0727 35278.1641  93.4%     -  171s
     0     0 35278.1641    0 1604 18243.0727 35278.1641  93.4%     -  176s
     0     0 35278.1641    0 1524 18243.0727 35278.1641  93.4%     -  177s
     0     2 35275.8440    0 1437 18243.0727 35275.8440  93.4%     -  182s
     7    16 35258.2116    3 1615 18243.0727 35275.8440  93.4%  4019  185s
    31    51 35246.5143    5 1812 18243.0727 35275.8440  93.4%  4246  191s
H   51    71                    18531.818573 35275.8440  90.4%  4521  234s
H   54    71                    18740.688780 35275.8440  88.2%  4474  234s
H   57    71                    18971.200336 35275.8440  85.9%  4431  234s
H   58    71                    19037.475191 35275.8440  85.3%  4406  234s
    71    89 35164.5107    6 1704 19037.4752 35275.8440  85.3%  4203  235s
   139   159 35150.3370    8 1753 19037.4752 35275.8440  85.3%  3070  241s
   196   215 35162.2498    9 1680 19037.4752 35275.8440  85.3%  2635  249s
H  199   215                    19080.342196 35275.8440  84.9%  2607  249s
   224   241 35156.6574   10 1793 19080.3422 35275.8440  84.9%  2483  251s
   253   270 35003.0027   11 1680 19080.3422 35275.8440  84.9%  2358  256s
   319   332 35018.4142   12 1667 19080.3422 35275.8440  84.9%  2152  260s
   396   400 35017.8767   13 1732 19080.3422 35275.8440  84.9%  1969  330s
   487   498 34922.2263   15 1291 19080.3422 35275.8440  84.9%  1772  335s
   620   615 34920.1174   18 1259 19080.3422 35275.8440  84.9%  1558  344s
   682   690 34862.9462   20 1203 19080.3422 35275.8440  84.9%  1492  347s
   769   767 34860.8062   22 1167 19080.3422 35275.8440  84.9%  1386  350s
   978   938 34815.9428   29 1047 19080.3422 35275.8440  84.9%  1185  359s
  1072  1028 34789.6485   32 1138 19080.3422 35275.8440  84.9%  1127  362s
  1171  1123 34787.3284   37  982 19080.3422 35275.8440  84.9%  1082  366s
  1432  1338 34766.7395   46  972 19080.3422 35275.8440  84.9%   960  376s
  1571  1469 34718.8360   49  981 19080.3422 35275.8440  84.9%   909  380s
  1900  1727 34579.1192   57  868 19080.3422 35275.8440  84.9%   812  388s
  2058  1879 34468.7071   63  860 19080.3422 35275.8440  84.9%   778  392s
  2248  2024 34238.3365   71  836 19080.3422 35275.8440  84.9%   738  400s
  2603  2380 33677.2361   86  807 19080.3422 35275.8440  84.9%   683  408s
  2832  2617 33677.2361   94  838 19080.3422 35275.8440  84.9%   647  412s
  3105  2855 33110.4994  105  836 19080.3422 35275.8440  84.9%   610  419s
H 3344  2855                    19080.342199 35275.8440  84.9%   581  419s
  3377  3112 33110.4994  112  822 19080.3422 35275.8440  84.9%   576  425s
  3695  3401 33083.4175  122  749 19080.3422 35275.8440  84.9%   540  430s
  4027  3693 33110.4994  136  793 19080.3422 35275.8440  84.9%   508  439s
  4341  3995 32630.4644  147  702 19080.3422 35275.8440  84.9%   484  444s
  4707  4290 31761.6416  160  549 19080.3422 35275.8440  84.9%   459  454s
  5058  4651 31719.3323  171  545 19080.3422 35275.8440  84.9%   439  460s
  5455  5046 30693.9784  187  433 19080.3422 35275.8440  84.9%   419  465s
  5884  5415 30677.7874  199  453 19080.3422 35275.8440  84.9%   398  474s
* 6042  5388             480    19831.202972 35275.8440  77.9%   391  474s
* 6196  5357             425    20370.387615 35275.8440  73.2%   386  474s
  6362  5707 35275.8440    6 1701 20370.3876 35275.8440  73.2%   380  482s
* 6781  5509             394    21548.253896 35275.8440  63.7%   366  482s
  6812  5827 35275.8440   11 1505 21548.2539 35275.8440  63.7%   367  489s
H 6842  5432                    23585.168724 35275.8440  49.6%   366  489s
H 6877  5414                    23679.287571 35275.8440  49.0%   364  489s
  7213  5735 35275.7429   20 1558 23679.2876 35275.8440  49.0%   360  501s
  7658  6058 35090.7157   26 1344 23679.2876 35275.8440  49.0%   352  512s
  8044  6461 34744.0035   38 1200 23679.2876 35275.8440  49.0%   351  522s
  8470  6462 33997.6368   51 1524 23679.2876 35275.8440  49.0%   350  658s
  8472  6463 34148.5377   69 2044 23679.2876 35275.8440  49.0%   349  808s
  8473  6464 29974.0214  105 1593 23679.2876 35275.8440  49.0%   349  826s
  8477  6468 32090.0113  122 1524 23679.2876 35275.8440  49.0%   351  845s
  8479  6469 34468.7071   66  831 23679.2876 35275.8440  49.0%   351  896s
  8482  6471 26502.1573  128  662 23679.2876 35275.8440  49.0%   351  900s
  8493  6488 35275.8440   25  675 23679.2876 35275.8440  49.0%   4.0  905s
  8597  6568 35251.7441   29  670 23679.2876 35275.8440  49.0%   6.0  910s
  8639  6595 35251.8698   30  668 23679.2876 35275.8440  49.0%   7.9  936s
  8686  6626 35238.7806   32  680 23679.2876 35275.8440  49.0%   8.8  941s
  8800  6704 35251.8489   35  700 23679.2876 35275.8440  49.0%  11.1  948s
  8896  6767 35251.8462   37  705 23679.2876 35275.8440  49.0%  12.8  950s
  8931  6778 35251.8351   38  705 23679.2876 35275.8440  49.0%  13.4  955s
  9067  6881 35015.3651   41  640 23679.2876 35275.8440  49.0%  15.9  962s
  9202  6979 35098.8038   44  639 23679.2876 35275.8440  49.0%  17.7  966s
  9253  7003 35097.7722   45  668 23679.2876 35275.8440  49.0%  18.6  971s
  9457  7133 35066.7596   50  653 23679.2876 35275.8440  49.0%  21.2  979s
  9512  7182 34856.1800   51  658 23679.2876 35275.8440  49.0%  22.1  981s
  9725  7307 34854.0542   55  678 23679.2876 35275.8440  49.0%  25.1  989s
  9801  7353 34684.4993   56  646 23679.2876 35275.8440  49.0%  25.8  991s
 10077  7533 34602.0640   62  603 23679.2876 35275.8440  49.0%  28.4 1000s
 10414  7718 34271.3116   68  594 23679.2876 35275.8440  49.0%  31.1 1006s
 10532  7782 34054.9308   71  572 23679.2876 35275.8440  49.0%  32.1 1012s
 10767  7886 34265.0003   77  605 23679.2876 35275.8440  49.0%  33.7 1016s
 10968  7993 33639.7539   81  525 23679.2876 35275.8440  49.0%  35.6 1025s
 11207  8085 33421.0697   86  464 23679.2876 35275.8440  49.0%  38.1 1030s
 11440  8293 32799.2483   93  424 23679.2876 35275.8440  49.0%  41.9 1039s
 11613  8454 32978.8379   97  443 23679.2876 35275.8440  49.0%  42.6 1041s
 11875  8626 33117.8635  105  448 23679.2876 35275.8440  49.0%  43.8 1048s
 12151  8809 33088.0480  109  444 23679.2876 35275.8440  49.0%  44.9 1051s
 12833  9238 32958.8973  126  453 23679.2876 35275.8440  49.0%  46.7 1060s
 13509  9710 32791.7995  142  435 23679.2876 35275.8440  49.0%  48.2 1066s
 13945  9875 32544.4446  150  434 23679.2876 35275.8440  49.0%  48.6 1074s
 14310 10138 32529.9234  156  423 23679.2876 35275.8440  49.0%  49.0 1077s
 14756 10389 32363.9658  168  411 23679.2876 35275.8440  49.0%  49.4 1084s
 15246 10645 31919.4810  181  354 23679.2876 35275.8440  49.0%  49.5 1088s
 15729 10679 31661.3434  192  332 23679.2876 35275.8440  49.0%  49.6 1263s
 15974 10613 31525.2533  197  315 23679.2876 35275.8440  49.0%  49.4 1319s
 15998 10749 31524.9582  197  316 23679.2876 35275.8440  49.0%  49.9 1323s
 16156 10874 31308.6488  202  286 23679.2876 35275.8440  49.0%  51.5 1326s
 16360 11460 28693.2437  207  250 23679.2876 35275.8440  49.0%  52.2 1336s
 17092 11850 30342.5118  225  235 23679.2876 35275.8440  49.0%  51.7 1341s
 17800 12218 29871.7279  243  220 23679.2876 35275.8440  49.0%  51.3 1351s
 18508 12716 29407.3411  253  207 23679.2876 35275.8440  49.0%  51.1 1357s
 19376 13031 29407.3411  265  193 23679.2876 35275.8440  49.0%  50.2 1367s
H20192 12763                    23786.030989 35275.8440  48.3%  49.6 1422s
H20208 12447                    23951.414791 35275.8440  47.3%  49.6 1422s
H20316 12115                    23967.264567 35275.8440  47.2%  49.6 1422s
H20626 11730                    24000.445793 35275.8440  47.0%  49.3 1422s
 20669 12174 infeasible  292      24000.4458 35275.8440  47.0%  49.2 1431s
H20670 11905                    24035.216361 35275.8440  46.8%  49.2 1431s
 21383 12277 27443.4331  312  112 24035.2164 35275.8440  46.8%  48.9 1440s
 22119 12265 infeasible  332      24035.2164 35275.8440  46.8%  49.3 1531s
H22121 11972                    24225.431770 35275.8440  45.6%  49.3 1531s
H22123 11748                    24253.780817 35275.8440  45.4%  49.3 1531s
H22190 11744                    24278.100486 35275.8440  45.3%  49.4 1531s
H22191 11733                    24339.229227 35275.8440  44.9%  49.4 1531s
H22403 11650                    24665.982075 35275.8440  43.0%  49.6 1620s
 22434 11906 26221.2866  333   97 24665.9821 35275.8440  43.0%  49.6 1628s
 22746 12690 25319.0965  334   95 24665.9821 35275.8440  43.0%  50.4 1638s
H23570 14780                    24865.978295 35275.8440  41.9%  51.6 1711s
H23658 14754                    24919.528429 35275.8440  41.6%  51.6 1711s
H25562 14729                    24967.434792 35275.8440  41.3%  52.9 1711s
H25983 15724                    25061.387343 35275.8440  40.8%  53.5 1725s
 27271 16477 33482.1280   88  486 25061.3873 35275.8440  40.8%  53.7 1754s
H27841 16426                    25114.116986 35275.8440  40.5%  54.4 1754s
H28021 16401                    25141.570981 35275.8440  40.3%  54.3 1754s
 28152 17391 32870.9322  111  437 25141.5710 35275.8440  40.3%  54.3 1761s
 29300 18275 29864.0726  182  265 25141.5710 35275.8440  40.3%  54.8 1790s
 30288 19422 27185.8591  263  194 25141.5710 35275.8440  40.3%  55.1 1798s
 31619 20468 35275.8440   34  670 25141.5710 35275.8440  40.3%  54.8 1805s
 32833 21386 34711.3411   47  669 25141.5710 35275.8440  40.3%  55.1 1813s
 33929 22329 infeasible   70      25141.5710 35275.8440  40.3%  55.9 1821s
 35129 23390 30807.6817   93  388 25141.5710 35275.8440  40.3%  56.5 1830s
 36470 24404 27406.8132  113  371 25141.5710 35275.8440  40.3%  56.7 1839s
 37792 25524 25781.9508  139  224 25141.5710 35275.8440  40.3%  57.5 1848s
 39124 26840 33868.9448   80  496 25141.5710 35275.8440  40.3%  58.8 1858s
 40654 28330 29307.9688  168  230 25141.5710 35275.8440  40.3%  59.8 1869s
 42451 28353 35270.2890   43  740 25141.5710 35275.8440  40.3%  60.1 2121s
H42452 28106                    25305.300832 35275.8440  39.4%  60.1 2121s
H42455 27957                    25365.490918 35275.8440  39.1%  60.1 2121s
 42475 29595 35218.5441   44  721 25365.4909 35275.8440  39.1%  60.1 2148s
H42580 29552                    25396.997972 35275.8440  38.9%  60.3 2148s
 44443 31208 31670.7725  124  351 25396.9980 35275.8440  38.9%  60.3 2175s
H45837 31176                    25416.344462 35275.8440  38.8%  60.4 2175s

Cutting planes:
  Learned: 25
  Gomory: 3
  Cover: 6
  MIR: 34
  Flow cover: 5
  Relax-and-lift: 1

Explored 46422 nodes (5864092 simplex iterations) in 3610.30 seconds (1246.76 work units)
Thread count was 20 (of 20 available processors)

Solution count 10: 25416.3 25397 25365.5 ... 24866

Time limit reached
Best objective 2.541634446238e+04, best bound 3.527584402140e+04, gap 38.7920%
