05/04/2026 08:44:15 AM INFO mip_v1 - setup_solver_logging: ================================================================================
05/04/2026 08:44:15 AM INFO mip_v1 - setup_solver_logging: Logging started. Log file: D:\Project_Code\Paper\DP_LBBD_1\DP_lbbd\Algorithm\Results\mip_v1\xlarge\exp_10f_80j_seed2\log\exp_10f_80j_seed2_running.log
05/04/2026 08:44:15 AM INFO mip_v1 - print: BigM calculated: 180.0
05/04/2026 08:44:15 AM INFO mip_v1 - print: Adding variables...
05/04/2026 08:44:16 AM INFO mip_v1 - print: Total variables: 263440
05/04/2026 08:44:16 AM INFO mip_v1 - print: Adding constraints...
05/04/2026 08:44:23 AM INFO mip_v1 - print: Total constraints: 527277
05/04/2026 08:44:23 AM INFO mip_v1 - print: Setting objective function...
05/04/2026 08:44:25 AM INFO mip_v1 - print: 
05/04/2026 08:44:25 AM INFO mip_v1 - print: ✓ Model LP written to: D:\Project_Code\Paper\DP_LBBD_1\DP_lbbd\Algorithm\MIP\production_model.lp
05/04/2026 08:44:25 AM INFO mip_v1 - print: 
05/04/2026 08:44:25 AM INFO mip_v1 - print: ============================================================
05/04/2026 08:44:25 AM INFO mip_v1 - print: Starting optimization...
05/04/2026 08:44:25 AM INFO mip_v1 - print: ============================================================
05/04/2026 08:44:25 AM INFO mip_v1 - print: Gurobi native log file: D:\Project_Code\Paper\DP_LBBD_1\DP_lbbd\Algorithm\Results\mip_v1\xlarge\exp_10f_80j_seed2\log\exp_10f_80j_seed2_gurobi.log
05/04/2026 09:44:36 AM INFO mip_v1 - print: 
05/04/2026 09:44:36 AM INFO mip_v1 - print: ============================================================
05/04/2026 09:44:36 AM INFO mip_v1 - print: SOLUTION SUMMARY
05/04/2026 09:44:36 AM INFO mip_v1 - print: ============================================================
05/04/2026 09:44:36 AM INFO mip_v1 - print: ⚠ Time limit reached, best solution found:
05/04/2026 09:44:36 AM INFO mip_v1 - print: 
05/04/2026 09:44:36 AM INFO mip_v1 - print: Objective Value (Total Profit): 25416.34
05/04/2026 09:44:36 AM INFO mip_v1 - print: MIP Gap: 38.79%
05/04/2026 09:44:36 AM INFO mip_v1 - print: 
05/04/2026 09:44:36 AM INFO mip_v1 - print: 📋 Accepted Orders (66/80): [1, 2, 3, 4, 5, 6, 7, 8, 9, 10, 11, 12, 13, 14, 15, 17, 20, 21, 22, 23, 25, 26, 27, 28, 29, 31, 32, 33, 34, 36, 37, 38, 39, 40, 41, 42, 43, 44, 45, 47, 49, 51, 52, 54, 55, 56, 57, 59, 60, 61, 62, 63, 64, 66, 67, 68, 69, 70, 71, 72, 74, 76, 77, 78, 79, 80]
05/04/2026 09:44:36 AM INFO mip_v1 - print: 
05/04/2026 09:44:36 AM INFO mip_v1 - print: ------------------------------------------------------------
05/04/2026 09:44:36 AM INFO mip_v1 - print: ORDER ALLOCATION DETAILS
05/04/2026 09:44:36 AM INFO mip_v1 - print: ------------------------------------------------------------
05/04/2026 09:44:36 AM INFO mip_v1 - print: 
05/04/2026 09:44:36 AM INFO mip_v1 - print: Order 1 → Factory 4
05/04/2026 09:44:36 AM INFO mip_v1 - print:   Machine 1: completion time = 40.16
05/04/2026 09:44:36 AM INFO mip_v1 - print:   Machine 2: completion time = 48.16
05/04/2026 09:44:36 AM INFO mip_v1 - print:   Machine 3: completion time = 57.17
05/04/2026 09:44:36 AM INFO mip_v1 - print:   Machine 4: completion time = 68.05
05/04/2026 09:44:36 AM INFO mip_v1 - print:   Machine 5: completion time = 77.82
05/04/2026 09:44:36 AM INFO mip_v1 - print:   Delivery: 80.22 (Deadline: 87.00, Delay: 0.00)
05/04/2026 09:44:36 AM INFO mip_v1 - print: 
05/04/2026 09:44:36 AM INFO mip_v1 - print: Order 2 → Factory 6
05/04/2026 09:44:36 AM INFO mip_v1 - print:   Machine 1: completion time = 37.75
05/04/2026 09:44:36 AM INFO mip_v1 - print:   Machine 2: completion time = 50.97
05/04/2026 09:44:36 AM INFO mip_v1 - print:   Machine 3: completion time = 63.21
05/04/2026 09:44:36 AM INFO mip_v1 - print:   Delivery: 68.21 (Deadline: 107.80, Delay: 0.00)
05/04/2026 09:44:36 AM INFO mip_v1 - print: 
05/04/2026 09:44:36 AM INFO mip_v1 - print: Order 3 → Factory 2
05/04/2026 09:44:36 AM INFO mip_v1 - print:   Machine 1: completion time = 15.76
05/04/2026 09:44:36 AM INFO mip_v1 - print:   Machine 2: completion time = 25.79
05/04/2026 09:44:36 AM INFO mip_v1 - print:   Machine 3: completion time = 35.48
05/04/2026 09:44:36 AM INFO mip_v1 - print:   Machine 4: completion time = 52.50
05/04/2026 09:44:36 AM INFO mip_v1 - print:   Delivery: 57.10 (Deadline: 66.00, Delay: 0.00)
05/04/2026 09:44:36 AM INFO mip_v1 - print: 
05/04/2026 09:44:36 AM INFO mip_v1 - print: Order 4 → Factory 6
05/04/2026 09:44:36 AM INFO mip_v1 - print:   Machine 1: completion time = 45.04
05/04/2026 09:44:36 AM INFO mip_v1 - print:   Machine 2: completion time = 57.92
05/04/2026 09:44:36 AM INFO mip_v1 - print:   Machine 3: completion time = 72.16
05/04/2026 09:44:36 AM INFO mip_v1 - print:   Delivery: 74.56 (Deadline: 97.00, Delay: 0.00)
05/04/2026 09:44:36 AM INFO mip_v1 - print: 
05/04/2026 09:44:36 AM INFO mip_v1 - print: Order 5 → Factory 1
05/04/2026 09:44:36 AM INFO mip_v1 - print:   Machine 1: completion time = 87.74
05/04/2026 09:44:36 AM INFO mip_v1 - print:   Machine 2: completion time = 103.50
05/04/2026 09:44:36 AM INFO mip_v1 - print:   Machine 3: completion time = 116.10
05/04/2026 09:44:36 AM INFO mip_v1 - print:   Delivery: 121.40 (Deadline: 129.70, Delay: 0.00)
05/04/2026 09:44:36 AM INFO mip_v1 - print: 
05/04/2026 09:44:36 AM INFO mip_v1 - print: Order 6 → Factory 7
05/04/2026 09:44:36 AM INFO mip_v1 - print:   Machine 1: completion time = 32.72
05/04/2026 09:44:36 AM INFO mip_v1 - print:   Machine 2: completion time = 42.03
05/04/2026 09:44:36 AM INFO mip_v1 - print:   Machine 3: completion time = 50.57
05/04/2026 09:44:36 AM INFO mip_v1 - print:   Machine 4: completion time = 60.67
05/04/2026 09:44:36 AM INFO mip_v1 - print:   Machine 5: completion time = 69.05
05/04/2026 09:44:36 AM INFO mip_v1 - print:   Delivery: 71.35 (Deadline: 81.30, Delay: 0.00)
05/04/2026 09:44:36 AM INFO mip_v1 - print: 
05/04/2026 09:44:36 AM INFO mip_v1 - print: Order 7 → Factory 7
05/04/2026 09:44:36 AM INFO mip_v1 - print:   Machine 1: completion time = 73.76
05/04/2026 09:44:36 AM INFO mip_v1 - print:   Machine 2: completion time = 81.67
05/04/2026 09:44:36 AM INFO mip_v1 - print:   Machine 3: completion time = 89.36
05/04/2026 09:44:36 AM INFO mip_v1 - print:   Machine 4: completion time = 118.63
05/04/2026 09:44:36 AM INFO mip_v1 - print:   Machine 5: completion time = 124.50
05/04/2026 09:44:36 AM INFO mip_v1 - print:   Delivery: 124.80 (Deadline: 124.80, Delay: 0.00)
05/04/2026 09:44:36 AM INFO mip_v1 - print: 
05/04/2026 09:44:36 AM INFO mip_v1 - print: Order 8 → Factory 1
05/04/2026 09:44:36 AM INFO mip_v1 - print:   Machine 1: completion time = 29.10
05/04/2026 09:44:36 AM INFO mip_v1 - print:   Machine 2: completion time = 36.67
05/04/2026 09:44:36 AM INFO mip_v1 - print:   Machine 3: completion time = 44.76
05/04/2026 09:44:36 AM INFO mip_v1 - print:   Delivery: 48.46 (Deadline: 75.60, Delay: 0.00)
05/04/2026 09:44:36 AM INFO mip_v1 - print: 
05/04/2026 09:44:36 AM INFO mip_v1 - print: Order 9 → Factory 4
05/04/2026 09:44:36 AM INFO mip_v1 - print:   Machine 1: completion time = 27.86
05/04/2026 09:44:36 AM INFO mip_v1 - print:   Machine 2: completion time = 34.73
05/04/2026 09:44:36 AM INFO mip_v1 - print:   Machine 3: completion time = 42.74
05/04/2026 09:44:36 AM INFO mip_v1 - print:   Machine 4: completion time = 50.34
05/04/2026 09:44:36 AM INFO mip_v1 - print:   Machine 5: completion time = 57.89
05/04/2026 09:44:36 AM INFO mip_v1 - print:   Delivery: 60.69 (Deadline: 73.40, Delay: 0.00)
05/04/2026 09:44:36 AM INFO mip_v1 - print: 
05/04/2026 09:44:36 AM INFO mip_v1 - print: Order 10 → Factory 7
05/04/2026 09:44:36 AM INFO mip_v1 - print:   Machine 1: completion time = 93.57
05/04/2026 09:44:36 AM INFO mip_v1 - print:   Machine 2: completion time = 101.25
05/04/2026 09:44:36 AM INFO mip_v1 - print:   Machine 3: completion time = 106.50
05/04/2026 09:44:36 AM INFO mip_v1 - print:   Machine 4: completion time = 112.43
05/04/2026 09:44:36 AM INFO mip_v1 - print:   Machine 5: completion time = 117.80
05/04/2026 09:44:36 AM INFO mip_v1 - print:   Delivery: 120.00 (Deadline: 120.00, Delay: 0.00)
05/04/2026 09:44:36 AM INFO mip_v1 - print: 
05/04/2026 09:44:36 AM INFO mip_v1 - print: Order 11 → Factory 7
05/04/2026 09:44:36 AM INFO mip_v1 - print:   Machine 1: completion time = 58.42
05/04/2026 09:44:36 AM INFO mip_v1 - print:   Machine 2: completion time = 67.29
05/04/2026 09:44:36 AM INFO mip_v1 - print:   Machine 3: completion time = 76.38
05/04/2026 09:44:36 AM INFO mip_v1 - print:   Machine 4: completion time = 86.73
05/04/2026 09:44:36 AM INFO mip_v1 - print:   Machine 5: completion time = 96.77
05/04/2026 09:44:36 AM INFO mip_v1 - print:   Delivery: 98.57 (Deadline: 120.40, Delay: 0.00)
05/04/2026 09:44:36 AM INFO mip_v1 - print: 
05/04/2026 09:44:36 AM INFO mip_v1 - print: Order 12 → Factory 2
05/04/2026 09:44:36 AM INFO mip_v1 - print:   Machine 1: completion time = 44.15
05/04/2026 09:44:36 AM INFO mip_v1 - print:   Machine 2: completion time = 57.94
05/04/2026 09:44:36 AM INFO mip_v1 - print:   Machine 3: completion time = 68.41
05/04/2026 09:44:36 AM INFO mip_v1 - print:   Machine 4: completion time = 83.54
05/04/2026 09:44:36 AM INFO mip_v1 - print:   Delivery: 85.74 (Deadline: 90.40, Delay: 0.00)
05/04/2026 09:44:36 AM INFO mip_v1 - print: 
05/04/2026 09:44:36 AM INFO mip_v1 - print: Order 13 → Factory 9
05/04/2026 09:44:36 AM INFO mip_v1 - print:   Machine 1: completion time = 49.94
05/04/2026 09:44:36 AM INFO mip_v1 - print:   Machine 2: completion time = 58.84
05/04/2026 09:44:36 AM INFO mip_v1 - print:   Machine 3: completion time = 68.87
05/04/2026 09:44:36 AM INFO mip_v1 - print:   Machine 4: completion time = 80.40
05/04/2026 09:44:36 AM INFO mip_v1 - print:   Delivery: 81.40 (Deadline: 85.90, Delay: 0.00)
05/04/2026 09:44:36 AM INFO mip_v1 - print: 
05/04/2026 09:44:36 AM INFO mip_v1 - print: Order 14 → Factory 10
05/04/2026 09:44:36 AM INFO mip_v1 - print:   Machine 1: completion time = 27.57
05/04/2026 09:44:36 AM INFO mip_v1 - print:   Machine 2: completion time = 34.39
05/04/2026 09:44:36 AM INFO mip_v1 - print:   Machine 3: completion time = 42.00
05/04/2026 09:44:36 AM INFO mip_v1 - print:   Machine 4: completion time = 49.53
05/04/2026 09:44:36 AM INFO mip_v1 - print:   Machine 5: completion time = 74.10
05/04/2026 09:44:36 AM INFO mip_v1 - print:   Delivery: 74.70 (Deadline: 74.90, Delay: 0.00)
05/04/2026 09:44:36 AM INFO mip_v1 - print: 
05/04/2026 09:44:36 AM INFO mip_v1 - print: Order 15 → Factory 8
05/04/2026 09:44:36 AM INFO mip_v1 - print:   Machine 1: completion time = 99.61
05/04/2026 09:44:36 AM INFO mip_v1 - print:   Machine 2: completion time = 109.46
05/04/2026 09:44:36 AM INFO mip_v1 - print:   Machine 3: completion time = 115.77
05/04/2026 09:44:36 AM INFO mip_v1 - print:   Machine 4: completion time = 122.80
05/04/2026 09:44:36 AM INFO mip_v1 - print:   Delivery: 124.50 (Deadline: 124.50, Delay: 0.00)
05/04/2026 09:44:36 AM INFO mip_v1 - print: 
05/04/2026 09:44:36 AM INFO mip_v1 - print: Order 17 → Factory 6
05/04/2026 09:44:36 AM INFO mip_v1 - print:   Machine 1: completion time = 82.75
05/04/2026 09:44:36 AM INFO mip_v1 - print:   Machine 2: completion time = 91.61
05/04/2026 09:44:36 AM INFO mip_v1 - print:   Machine 3: completion time = 117.10
05/04/2026 09:44:36 AM INFO mip_v1 - print:   Delivery: 118.90 (Deadline: 127.20, Delay: 0.00)
05/04/2026 09:44:36 AM INFO mip_v1 - print: 
05/04/2026 09:44:36 AM INFO mip_v1 - print: Order 20 → Factory 4
05/04/2026 09:44:36 AM INFO mip_v1 - print:   Machine 1: completion time = 79.49
05/04/2026 09:44:36 AM INFO mip_v1 - print:   Machine 2: completion time = 87.47
05/04/2026 09:44:36 AM INFO mip_v1 - print:   Machine 3: completion time = 95.70
05/04/2026 09:44:36 AM INFO mip_v1 - print:   Machine 4: completion time = 104.49
05/04/2026 09:44:36 AM INFO mip_v1 - print:   Machine 5: completion time = 113.30
05/04/2026 09:44:36 AM INFO mip_v1 - print:   Delivery: 119.60 (Deadline: 130.70, Delay: 0.00)
05/04/2026 09:44:36 AM INFO mip_v1 - print: 
05/04/2026 09:44:36 AM INFO mip_v1 - print: Order 21 → Factory 6
05/04/2026 09:44:36 AM INFO mip_v1 - print:   Machine 1: completion time = 19.81
05/04/2026 09:44:36 AM INFO mip_v1 - print:   Machine 2: completion time = 33.91
05/04/2026 09:44:36 AM INFO mip_v1 - print:   Machine 3: completion time = 42.16
05/04/2026 09:44:36 AM INFO mip_v1 - print:   Delivery: 44.16 (Deadline: 60.30, Delay: 0.00)
05/04/2026 09:44:36 AM INFO mip_v1 - print: 
05/04/2026 09:44:36 AM INFO mip_v1 - print: Order 22 → Factory 1
05/04/2026 09:44:36 AM INFO mip_v1 - print:   Machine 1: completion time = 96.83
05/04/2026 09:44:36 AM INFO mip_v1 - print:   Machine 2: completion time = 111.32
05/04/2026 09:44:36 AM INFO mip_v1 - print:   Machine 3: completion time = 124.67
05/04/2026 09:44:36 AM INFO mip_v1 - print:   Delivery: 128.37 (Deadline: 133.30, Delay: 0.00)
05/04/2026 09:44:36 AM INFO mip_v1 - print: 
05/04/2026 09:44:36 AM INFO mip_v1 - print: Order 23 → Factory 6
05/04/2026 09:44:36 AM INFO mip_v1 - print:   Machine 1: completion time = 52.33
05/04/2026 09:44:36 AM INFO mip_v1 - print:   Machine 2: completion time = 65.10
05/04/2026 09:44:36 AM INFO mip_v1 - print:   Machine 3: completion time = 80.82
05/04/2026 09:44:36 AM INFO mip_v1 - print:   Delivery: 82.02 (Deadline: 89.70, Delay: 0.00)
05/04/2026 09:44:36 AM INFO mip_v1 - print: 
05/04/2026 09:44:36 AM INFO mip_v1 - print: Order 25 → Factory 3
05/04/2026 09:44:36 AM INFO mip_v1 - print:   Machine 1: completion time = 23.84
05/04/2026 09:44:36 AM INFO mip_v1 - print:   Machine 2: completion time = 31.93
05/04/2026 09:44:36 AM INFO mip_v1 - print:   Machine 3: completion time = 51.66
05/04/2026 09:44:36 AM INFO mip_v1 - print:   Delivery: 53.16 (Deadline: 92.80, Delay: 0.00)
05/04/2026 09:44:36 AM INFO mip_v1 - print: 
05/04/2026 09:44:36 AM INFO mip_v1 - print: Order 26 → Factory 3
05/04/2026 09:44:36 AM INFO mip_v1 - print:   Machine 1: completion time = 43.90
05/04/2026 09:44:36 AM INFO mip_v1 - print:   Machine 2: completion time = 51.66
05/04/2026 09:44:36 AM INFO mip_v1 - print:   Machine 3: completion time = 59.93
05/04/2026 09:44:36 AM INFO mip_v1 - print:   Delivery: 62.23 (Deadline: 91.80, Delay: 0.00)
05/04/2026 09:44:36 AM INFO mip_v1 - print: 
05/04/2026 09:44:36 AM INFO mip_v1 - print: Order 27 → Factory 2
05/04/2026 09:44:36 AM INFO mip_v1 - print:   Machine 1: completion time = 85.41
05/04/2026 09:44:36 AM INFO mip_v1 - print:   Machine 2: completion time = 96.78
05/04/2026 09:44:36 AM INFO mip_v1 - print:   Machine 3: completion time = 107.17
05/04/2026 09:44:36 AM INFO mip_v1 - print:   Machine 4: completion time = 121.09
05/04/2026 09:44:36 AM INFO mip_v1 - print:   Delivery: 123.29 (Deadline: 138.00, Delay: 0.00)
05/04/2026 09:44:36 AM INFO mip_v1 - print: 
05/04/2026 09:44:36 AM INFO mip_v1 - print: Order 28 → Factory 8
05/04/2026 09:44:36 AM INFO mip_v1 - print:   Machine 1: completion time = 47.85
05/04/2026 09:44:36 AM INFO mip_v1 - print:   Machine 2: completion time = 58.40
05/04/2026 09:44:36 AM INFO mip_v1 - print:   Machine 3: completion time = 80.92
05/04/2026 09:44:36 AM INFO mip_v1 - print:   Machine 4: completion time = 91.42
05/04/2026 09:44:36 AM INFO mip_v1 - print:   Delivery: 95.32 (Deadline: 97.30, Delay: 0.00)
05/04/2026 09:44:36 AM INFO mip_v1 - print: 
05/04/2026 09:44:36 AM INFO mip_v1 - print: Order 29 → Factory 8
05/04/2026 09:44:36 AM INFO mip_v1 - print:   Machine 1: completion time = 54.77
05/04/2026 09:44:36 AM INFO mip_v1 - print:   Machine 2: completion time = 65.08
05/04/2026 09:44:36 AM INFO mip_v1 - print:   Machine 3: completion time = 71.16
05/04/2026 09:44:36 AM INFO mip_v1 - print:   Machine 4: completion time = 80.30
05/04/2026 09:44:36 AM INFO mip_v1 - print:   Delivery: 81.90 (Deadline: 81.90, Delay: 0.00)
05/04/2026 09:44:36 AM INFO mip_v1 - print: 
05/04/2026 09:44:36 AM INFO mip_v1 - print: Order 31 → Factory 8
05/04/2026 09:44:36 AM INFO mip_v1 - print:   Machine 1: completion time = 64.04
05/04/2026 09:44:36 AM INFO mip_v1 - print:   Machine 2: completion time = 87.98
05/04/2026 09:44:36 AM INFO mip_v1 - print:   Machine 3: completion time = 98.67
05/04/2026 09:44:36 AM INFO mip_v1 - print:   Machine 4: completion time = 107.78
05/04/2026 09:44:36 AM INFO mip_v1 - print:   Delivery: 109.88 (Deadline: 116.80, Delay: 0.00)
05/04/2026 09:44:36 AM INFO mip_v1 - print: 
05/04/2026 09:44:36 AM INFO mip_v1 - print: Order 32 → Factory 10
05/04/2026 09:44:36 AM INFO mip_v1 - print:   Machine 1: completion time = 44.64
05/04/2026 09:44:36 AM INFO mip_v1 - print:   Machine 2: completion time = 53.85
05/04/2026 09:44:36 AM INFO mip_v1 - print:   Machine 3: completion time = 64.28
05/04/2026 09:44:36 AM INFO mip_v1 - print:   Machine 4: completion time = 74.10
05/04/2026 09:44:36 AM INFO mip_v1 - print:   Machine 5: completion time = 83.17
05/04/2026 09:44:36 AM INFO mip_v1 - print:   Delivery: 85.27 (Deadline: 93.90, Delay: 0.00)
05/04/2026 09:44:36 AM INFO mip_v1 - print: 
05/04/2026 09:44:36 AM INFO mip_v1 - print: Order 33 → Factory 9
05/04/2026 09:44:36 AM INFO mip_v1 - print:   Machine 1: completion time = 71.42
05/04/2026 09:44:36 AM INFO mip_v1 - print:   Machine 2: completion time = 81.41
05/04/2026 09:44:36 AM INFO mip_v1 - print:   Machine 3: completion time = 101.26
05/04/2026 09:44:36 AM INFO mip_v1 - print:   Machine 4: completion time = 110.00
05/04/2026 09:44:36 AM INFO mip_v1 - print:   Delivery: 111.20 (Deadline: 111.20, Delay: 0.00)
05/04/2026 09:44:36 AM INFO mip_v1 - print: 
05/04/2026 09:44:36 AM INFO mip_v1 - print: Order 34 → Factory 7
05/04/2026 09:44:36 AM INFO mip_v1 - print:   Machine 1: completion time = 24.74
05/04/2026 09:44:36 AM INFO mip_v1 - print:   Machine 2: completion time = 33.27
05/04/2026 09:44:36 AM INFO mip_v1 - print:   Machine 3: completion time = 42.03
05/04/2026 09:44:36 AM INFO mip_v1 - print:   Machine 4: completion time = 52.31
05/04/2026 09:44:36 AM INFO mip_v1 - print:   Machine 5: completion time = 61.28
05/04/2026 09:44:36 AM INFO mip_v1 - print:   Delivery: 65.98 (Deadline: 82.70, Delay: 0.00)
05/04/2026 09:44:36 AM INFO mip_v1 - print: 
05/04/2026 09:44:36 AM INFO mip_v1 - print: Order 36 → Factory 8
05/04/2026 09:44:36 AM INFO mip_v1 - print:   Machine 1: completion time = 23.44
05/04/2026 09:44:36 AM INFO mip_v1 - print:   Machine 2: completion time = 30.93
05/04/2026 09:44:36 AM INFO mip_v1 - print:   Machine 3: completion time = 38.15
05/04/2026 09:44:36 AM INFO mip_v1 - print:   Machine 4: completion time = 51.45
05/04/2026 09:44:36 AM INFO mip_v1 - print:   Delivery: 54.35 (Deadline: 63.40, Delay: 0.00)
05/04/2026 09:44:36 AM INFO mip_v1 - print: 
05/04/2026 09:44:36 AM INFO mip_v1 - print: Order 37 → Factory 7
05/04/2026 09:44:36 AM INFO mip_v1 - print:   Machine 1: completion time = 68.01
05/04/2026 09:44:36 AM INFO mip_v1 - print:   Machine 2: completion time = 76.19
05/04/2026 09:44:36 AM INFO mip_v1 - print:   Machine 3: completion time = 83.86
05/04/2026 09:44:36 AM INFO mip_v1 - print:   Machine 4: completion time = 96.77
05/04/2026 09:44:36 AM INFO mip_v1 - print:   Machine 5: completion time = 104.91
05/04/2026 09:44:36 AM INFO mip_v1 - print:   Delivery: 107.61 (Deadline: 124.40, Delay: 0.00)
05/04/2026 09:44:36 AM INFO mip_v1 - print: 
05/04/2026 09:44:36 AM INFO mip_v1 - print: Order 38 → Factory 6
05/04/2026 09:44:36 AM INFO mip_v1 - print:   Machine 1: completion time = 71.87
05/04/2026 09:44:36 AM INFO mip_v1 - print:   Machine 2: completion time = 82.75
05/04/2026 09:44:36 AM INFO mip_v1 - print:   Machine 3: completion time = 90.78
05/04/2026 09:44:36 AM INFO mip_v1 - print:   Delivery: 92.18 (Deadline: 104.80, Delay: 0.00)
05/04/2026 09:44:36 AM INFO mip_v1 - print: 
05/04/2026 09:44:36 AM INFO mip_v1 - print: Order 39 → Factory 7
05/04/2026 09:44:36 AM INFO mip_v1 - print:   Machine 1: completion time = 42.23
05/04/2026 09:44:36 AM INFO mip_v1 - print:   Machine 2: completion time = 50.57
05/04/2026 09:44:36 AM INFO mip_v1 - print:   Machine 3: completion time = 59.15
05/04/2026 09:44:36 AM INFO mip_v1 - print:   Machine 4: completion time = 69.75
05/04/2026 09:44:36 AM INFO mip_v1 - print:   Machine 5: completion time = 79.20
05/04/2026 09:44:36 AM INFO mip_v1 - print:   Delivery: 80.30 (Deadline: 80.30, Delay: 0.00)
05/04/2026 09:44:36 AM INFO mip_v1 - print: 
05/04/2026 09:44:36 AM INFO mip_v1 - print: Order 40 → Factory 8
05/04/2026 09:44:36 AM INFO mip_v1 - print:   Machine 1: completion time = 30.23
05/04/2026 09:44:36 AM INFO mip_v1 - print:   Machine 2: completion time = 37.86
05/04/2026 09:44:36 AM INFO mip_v1 - print:   Machine 3: completion time = 62.71
05/04/2026 09:44:36 AM INFO mip_v1 - print:   Machine 4: completion time = 70.20
05/04/2026 09:44:36 AM INFO mip_v1 - print:   Delivery: 75.60 (Deadline: 75.60, Delay: 0.00)
05/04/2026 09:44:36 AM INFO mip_v1 - print: 
05/04/2026 09:44:36 AM INFO mip_v1 - print: Order 41 → Factory 2
05/04/2026 09:44:36 AM INFO mip_v1 - print:   Machine 1: completion time = 73.66
05/04/2026 09:44:36 AM INFO mip_v1 - print:   Machine 2: completion time = 85.68
05/04/2026 09:44:36 AM INFO mip_v1 - print:   Machine 3: completion time = 97.14
05/04/2026 09:44:36 AM INFO mip_v1 - print:   Machine 4: completion time = 110.68
05/04/2026 09:44:36 AM INFO mip_v1 - print:   Delivery: 116.18 (Deadline: 124.10, Delay: 0.00)
05/04/2026 09:44:36 AM INFO mip_v1 - print: 
05/04/2026 09:44:36 AM INFO mip_v1 - print: Order 42 → Factory 6
05/04/2026 09:44:36 AM INFO mip_v1 - print:   Machine 1: completion time = 65.10
05/04/2026 09:44:36 AM INFO mip_v1 - print:   Machine 2: completion time = 76.61
05/04/2026 09:44:36 AM INFO mip_v1 - print:   Machine 3: completion time = 105.66
05/04/2026 09:44:36 AM INFO mip_v1 - print:   Delivery: 107.76 (Deadline: 120.00, Delay: 0.00)
05/04/2026 09:44:36 AM INFO mip_v1 - print: 
05/04/2026 09:44:36 AM INFO mip_v1 - print: Order 43 → Factory 2
05/04/2026 09:44:36 AM INFO mip_v1 - print:   Machine 1: completion time = 29.35
05/04/2026 09:44:36 AM INFO mip_v1 - print:   Machine 2: completion time = 41.30
05/04/2026 09:44:36 AM INFO mip_v1 - print:   Machine 3: completion time = 52.50
05/04/2026 09:44:36 AM INFO mip_v1 - print:   Machine 4: completion time = 66.72
05/04/2026 09:44:36 AM INFO mip_v1 - print:   Delivery: 68.92 (Deadline: 82.00, Delay: 0.00)
05/04/2026 09:44:36 AM INFO mip_v1 - print: 
05/04/2026 09:44:36 AM INFO mip_v1 - print: Order 44 → Factory 2
05/04/2026 09:44:36 AM INFO mip_v1 - print:   Machine 1: completion time = 60.24
05/04/2026 09:44:36 AM INFO mip_v1 - print:   Machine 2: completion time = 71.94
05/04/2026 09:44:36 AM INFO mip_v1 - print:   Machine 3: completion time = 83.54
05/04/2026 09:44:36 AM INFO mip_v1 - print:   Machine 4: completion time = 97.14
05/04/2026 09:44:36 AM INFO mip_v1 - print:   Delivery: 101.64 (Deadline: 113.60, Delay: 0.00)
05/04/2026 09:44:36 AM INFO mip_v1 - print: 
05/04/2026 09:44:36 AM INFO mip_v1 - print: Order 45 → Factory 3
05/04/2026 09:44:36 AM INFO mip_v1 - print:   Machine 1: completion time = 52.88
05/04/2026 09:44:36 AM INFO mip_v1 - print:   Machine 2: completion time = 61.30
05/04/2026 09:44:36 AM INFO mip_v1 - print:   Machine 3: completion time = 76.78
05/04/2026 09:44:36 AM INFO mip_v1 - print:   Delivery: 81.78 (Deadline: 95.10, Delay: 0.00)
05/04/2026 09:44:36 AM INFO mip_v1 - print: 
05/04/2026 09:44:36 AM INFO mip_v1 - print: Order 47 → Factory 4
05/04/2026 09:44:36 AM INFO mip_v1 - print:   Machine 1: completion time = 16.66
05/04/2026 09:44:36 AM INFO mip_v1 - print:   Machine 2: completion time = 25.00
05/04/2026 09:44:36 AM INFO mip_v1 - print:   Machine 3: completion time = 34.69
05/04/2026 09:44:36 AM INFO mip_v1 - print:   Machine 4: completion time = 59.62
05/04/2026 09:44:36 AM INFO mip_v1 - print:   Machine 5: completion time = 69.33
05/04/2026 09:44:36 AM INFO mip_v1 - print:   Delivery: 71.13 (Deadline: 71.80, Delay: 0.00)
05/04/2026 09:44:36 AM INFO mip_v1 - print: 
05/04/2026 09:44:36 AM INFO mip_v1 - print: Order 49 → Factory 1
05/04/2026 09:44:36 AM INFO mip_v1 - print:   Machine 1: completion time = 111.59
05/04/2026 09:44:36 AM INFO mip_v1 - print:   Machine 2: completion time = 124.93
05/04/2026 09:44:36 AM INFO mip_v1 - print:   Machine 3: completion time = 141.40
05/04/2026 09:44:36 AM INFO mip_v1 - print:   Delivery: 146.80 (Deadline: 146.80, Delay: 0.00)
05/04/2026 09:44:36 AM INFO mip_v1 - print: 
05/04/2026 09:44:36 AM INFO mip_v1 - print: Order 51 → Factory 3
05/04/2026 09:44:36 AM INFO mip_v1 - print:   Machine 1: completion time = 65.73
05/04/2026 09:44:36 AM INFO mip_v1 - print:   Machine 2: completion time = 76.78
05/04/2026 09:44:36 AM INFO mip_v1 - print:   Machine 3: completion time = 89.14
05/04/2026 09:44:36 AM INFO mip_v1 - print:   Delivery: 90.14 (Deadline: 110.30, Delay: 0.00)
05/04/2026 09:44:36 AM INFO mip_v1 - print: 
05/04/2026 09:44:36 AM INFO mip_v1 - print: Order 52 → Factory 2
05/04/2026 09:44:36 AM INFO mip_v1 - print:   Machine 1: completion time = 96.78
05/04/2026 09:44:36 AM INFO mip_v1 - print:   Machine 2: completion time = 107.17
05/04/2026 09:44:36 AM INFO mip_v1 - print:   Machine 3: completion time = 120.22
05/04/2026 09:44:36 AM INFO mip_v1 - print:   Machine 4: completion time = 131.73
05/04/2026 09:44:36 AM INFO mip_v1 - print:   Delivery: 134.73 (Deadline: 135.40, Delay: 0.00)
05/04/2026 09:44:36 AM INFO mip_v1 - print: 
05/04/2026 09:44:36 AM INFO mip_v1 - print: Order 54 → Factory 1
05/04/2026 09:44:36 AM INFO mip_v1 - print:   Machine 1: completion time = 61.69
05/04/2026 09:44:36 AM INFO mip_v1 - print:   Machine 2: completion time = 77.03
05/04/2026 09:44:36 AM INFO mip_v1 - print:   Machine 3: completion time = 90.29
05/04/2026 09:44:36 AM INFO mip_v1 - print:   Delivery: 93.89 (Deadline: 95.70, Delay: 0.00)
05/04/2026 09:44:36 AM INFO mip_v1 - print: 
05/04/2026 09:44:36 AM INFO mip_v1 - print: Order 55 → Factory 1
05/04/2026 09:44:36 AM INFO mip_v1 - print:   Machine 1: completion time = 44.03
05/04/2026 09:44:36 AM INFO mip_v1 - print:   Machine 2: completion time = 57.86
05/04/2026 09:44:36 AM INFO mip_v1 - print:   Machine 3: completion time = 71.89
05/04/2026 09:44:36 AM INFO mip_v1 - print:   Delivery: 74.39 (Deadline: 92.80, Delay: 0.00)
05/04/2026 09:44:36 AM INFO mip_v1 - print: 
05/04/2026 09:44:36 AM INFO mip_v1 - print: Order 56 → Factory 9
05/04/2026 09:44:36 AM INFO mip_v1 - print:   Machine 1: completion time = 59.51
05/04/2026 09:44:36 AM INFO mip_v1 - print:   Machine 2: completion time = 68.87
05/04/2026 09:44:36 AM INFO mip_v1 - print:   Machine 3: completion time = 80.40
05/04/2026 09:44:36 AM INFO mip_v1 - print:   Machine 4: completion time = 89.20
05/04/2026 09:44:36 AM INFO mip_v1 - print:   Delivery: 90.00 (Deadline: 90.00, Delay: 0.00)
05/04/2026 09:44:36 AM INFO mip_v1 - print: 
05/04/2026 09:44:36 AM INFO mip_v1 - print: Order 57 → Factory 7
05/04/2026 09:44:36 AM INFO mip_v1 - print:   Machine 1: completion time = 81.67
05/04/2026 09:44:36 AM INFO mip_v1 - print:   Machine 2: completion time = 89.36
05/04/2026 09:44:36 AM INFO mip_v1 - print:   Machine 3: completion time = 96.87
05/04/2026 09:44:36 AM INFO mip_v1 - print:   Machine 4: completion time = 104.91
05/04/2026 09:44:36 AM INFO mip_v1 - print:   Machine 5: completion time = 112.44
05/04/2026 09:44:36 AM INFO mip_v1 - print:   Delivery: 113.14 (Deadline: 130.50, Delay: 0.00)
05/04/2026 09:44:36 AM INFO mip_v1 - print: 
05/04/2026 09:44:36 AM INFO mip_v1 - print: Order 59 → Factory 7
05/04/2026 09:44:36 AM INFO mip_v1 - print:   Machine 1: completion time = 102.14
05/04/2026 09:44:36 AM INFO mip_v1 - print:   Machine 2: completion time = 110.43
05/04/2026 09:44:36 AM INFO mip_v1 - print:   Machine 3: completion time = 118.94
05/04/2026 09:44:36 AM INFO mip_v1 - print:   Machine 4: completion time = 128.22
05/04/2026 09:44:36 AM INFO mip_v1 - print:   Machine 5: completion time = 136.40
05/04/2026 09:44:36 AM INFO mip_v1 - print:   Delivery: 141.10 (Deadline: 141.10, Delay: 0.00)
05/04/2026 09:44:36 AM INFO mip_v1 - print: 
05/04/2026 09:44:36 AM INFO mip_v1 - print: Order 60 → Factory 6
05/04/2026 09:44:36 AM INFO mip_v1 - print:   Machine 1: completion time = 90.71
05/04/2026 09:44:36 AM INFO mip_v1 - print:   Machine 2: completion time = 114.92
05/04/2026 09:44:36 AM INFO mip_v1 - print:   Machine 3: completion time = 127.27
05/04/2026 09:44:36 AM INFO mip_v1 - print:   Delivery: 129.47 (Deadline: 136.90, Delay: 0.00)
05/04/2026 09:44:36 AM INFO mip_v1 - print: 
05/04/2026 09:44:36 AM INFO mip_v1 - print: Order 61 → Factory 1
05/04/2026 09:44:36 AM INFO mip_v1 - print:   Machine 1: completion time = 20.50
05/04/2026 09:44:36 AM INFO mip_v1 - print:   Machine 2: completion time = 45.10
05/04/2026 09:44:36 AM INFO mip_v1 - print:   Machine 3: completion time = 54.48
05/04/2026 09:44:36 AM INFO mip_v1 - print:   Delivery: 60.48 (Deadline: 64.40, Delay: 0.00)
05/04/2026 09:44:36 AM INFO mip_v1 - print: 
05/04/2026 09:44:36 AM INFO mip_v1 - print: Order 62 → Factory 6
05/04/2026 09:44:36 AM INFO mip_v1 - print:   Machine 1: completion time = 28.84
05/04/2026 09:44:36 AM INFO mip_v1 - print:   Machine 2: completion time = 42.32
05/04/2026 09:44:36 AM INFO mip_v1 - print:   Machine 3: completion time = 52.97
05/04/2026 09:44:36 AM INFO mip_v1 - print:   Delivery: 57.77 (Deadline: 90.90, Delay: 0.00)
05/04/2026 09:44:36 AM INFO mip_v1 - print: 
05/04/2026 09:44:36 AM INFO mip_v1 - print: Order 63 → Factory 3
05/04/2026 09:44:36 AM INFO mip_v1 - print:   Machine 1: completion time = 89.75
05/04/2026 09:44:36 AM INFO mip_v1 - print:   Machine 2: completion time = 98.90
05/04/2026 09:44:36 AM INFO mip_v1 - print:   Machine 3: completion time = 138.24
05/04/2026 09:44:36 AM INFO mip_v1 - print:   Delivery: 145.74 (Deadline: 149.20, Delay: 0.00)
05/04/2026 09:44:36 AM INFO mip_v1 - print: 
05/04/2026 09:44:36 AM INFO mip_v1 - print: Order 64 → Factory 9
05/04/2026 09:44:36 AM INFO mip_v1 - print:   Machine 1: completion time = 81.41
05/04/2026 09:44:36 AM INFO mip_v1 - print:   Machine 2: completion time = 104.51
05/04/2026 09:44:36 AM INFO mip_v1 - print:   Machine 3: completion time = 112.52
05/04/2026 09:44:36 AM INFO mip_v1 - print:   Machine 4: completion time = 120.50
05/04/2026 09:44:36 AM INFO mip_v1 - print:   Delivery: 124.50 (Deadline: 124.50, Delay: 0.00)
05/04/2026 09:44:36 AM INFO mip_v1 - print: 
05/04/2026 09:44:36 AM INFO mip_v1 - print: Order 66 → Factory 6
05/04/2026 09:44:36 AM INFO mip_v1 - print:   Machine 1: completion time = 116.56
05/04/2026 09:44:36 AM INFO mip_v1 - print:   Machine 2: completion time = 125.09
05/04/2026 09:44:36 AM INFO mip_v1 - print:   Machine 3: completion time = 143.90
05/04/2026 09:44:36 AM INFO mip_v1 - print:   Delivery: 144.60 (Deadline: 144.60, Delay: 0.00)
05/04/2026 09:44:36 AM INFO mip_v1 - print: 
05/04/2026 09:44:36 AM INFO mip_v1 - print: Order 67 → Factory 4
05/04/2026 09:44:36 AM INFO mip_v1 - print:   Machine 1: completion time = 47.65
05/04/2026 09:44:36 AM INFO mip_v1 - print:   Machine 2: completion time = 57.21
05/04/2026 09:44:36 AM INFO mip_v1 - print:   Machine 3: completion time = 65.60
05/04/2026 09:44:36 AM INFO mip_v1 - print:   Machine 4: completion time = 73.76
05/04/2026 09:44:36 AM INFO mip_v1 - print:   Machine 5: completion time = 83.58
05/04/2026 09:44:36 AM INFO mip_v1 - print:   Delivery: 84.88 (Deadline: 84.90, Delay: 0.00)
05/04/2026 09:44:36 AM INFO mip_v1 - print: 
05/04/2026 09:44:36 AM INFO mip_v1 - print: Order 68 → Factory 3
05/04/2026 09:44:36 AM INFO mip_v1 - print:   Machine 1: completion time = 76.78
05/04/2026 09:44:36 AM INFO mip_v1 - print:   Machine 2: completion time = 89.14
05/04/2026 09:44:36 AM INFO mip_v1 - print:   Machine 3: completion time = 100.50
05/04/2026 09:44:36 AM INFO mip_v1 - print:   Delivery: 102.10 (Deadline: 102.10, Delay: 0.00)
05/04/2026 09:44:36 AM INFO mip_v1 - print: 
05/04/2026 09:44:36 AM INFO mip_v1 - print: Order 69 → Factory 8
05/04/2026 09:44:36 AM INFO mip_v1 - print:   Machine 1: completion time = 37.38
05/04/2026 09:44:36 AM INFO mip_v1 - print:   Machine 2: completion time = 44.89
05/04/2026 09:44:36 AM INFO mip_v1 - print:   Machine 3: completion time = 51.45
05/04/2026 09:44:36 AM INFO mip_v1 - print:   Machine 4: completion time = 58.47
05/04/2026 09:44:36 AM INFO mip_v1 - print:   Delivery: 62.57 (Deadline: 77.10, Delay: 0.00)
05/04/2026 09:44:36 AM INFO mip_v1 - print: 
05/04/2026 09:44:36 AM INFO mip_v1 - print: Order 70 → Factory 8
05/04/2026 09:44:36 AM INFO mip_v1 - print:   Machine 1: completion time = 71.21
05/04/2026 09:44:36 AM INFO mip_v1 - print:   Machine 2: completion time = 79.39
05/04/2026 09:44:36 AM INFO mip_v1 - print:   Machine 3: completion time = 89.16
05/04/2026 09:44:36 AM INFO mip_v1 - print:   Machine 4: completion time = 98.67
05/04/2026 09:44:36 AM INFO mip_v1 - print:   Delivery: 101.17 (Deadline: 107.60, Delay: 0.00)
05/04/2026 09:44:36 AM INFO mip_v1 - print: 
05/04/2026 09:44:36 AM INFO mip_v1 - print: Order 71 → Factory 8
05/04/2026 09:44:36 AM INFO mip_v1 - print:   Machine 1: completion time = 86.78
05/04/2026 09:44:36 AM INFO mip_v1 - print:   Machine 2: completion time = 98.54
05/04/2026 09:44:36 AM INFO mip_v1 - print:   Machine 3: completion time = 107.78
05/04/2026 09:44:36 AM INFO mip_v1 - print:   Machine 4: completion time = 115.77
05/04/2026 09:44:36 AM INFO mip_v1 - print:   Delivery: 119.27 (Deadline: 124.80, Delay: 0.00)
05/04/2026 09:44:36 AM INFO mip_v1 - print: 
05/04/2026 09:44:36 AM INFO mip_v1 - print: Order 72 → Factory 1
05/04/2026 09:44:36 AM INFO mip_v1 - print:   Machine 1: completion time = 77.03
05/04/2026 09:44:36 AM INFO mip_v1 - print:   Machine 2: completion time = 90.29
05/04/2026 09:44:36 AM INFO mip_v1 - print:   Machine 3: completion time = 104.02
05/04/2026 09:44:36 AM INFO mip_v1 - print:   Delivery: 107.82 (Deadline: 107.30, Delay: 0.52)
05/04/2026 09:44:36 AM INFO mip_v1 - print: 
05/04/2026 09:44:36 AM INFO mip_v1 - print: Order 74 → Factory 4
05/04/2026 09:44:36 AM INFO mip_v1 - print:   Machine 1: completion time = 57.21
05/04/2026 09:44:36 AM INFO mip_v1 - print:   Machine 2: completion time = 65.83
05/04/2026 09:44:36 AM INFO mip_v1 - print:   Machine 3: completion time = 74.82
05/04/2026 09:44:36 AM INFO mip_v1 - print:   Machine 4: completion time = 84.14
05/04/2026 09:44:36 AM INFO mip_v1 - print:   Machine 5: completion time = 93.30
05/04/2026 09:44:36 AM INFO mip_v1 - print:   Delivery: 100.20 (Deadline: 100.20, Delay: 0.00)
05/04/2026 09:44:36 AM INFO mip_v1 - print: 
05/04/2026 09:44:36 AM INFO mip_v1 - print: Order 76 → Factory 1
05/04/2026 09:44:36 AM INFO mip_v1 - print:   Machine 1: completion time = 129.42
05/04/2026 09:44:36 AM INFO mip_v1 - print:   Machine 2: completion time = 146.02
05/04/2026 09:44:36 AM INFO mip_v1 - print:   Machine 3: completion time = 155.50
05/04/2026 09:44:36 AM INFO mip_v1 - print:   Delivery: 161.80 (Deadline: 161.80, Delay: 0.00)
05/04/2026 09:44:36 AM INFO mip_v1 - print: 
05/04/2026 09:44:36 AM INFO mip_v1 - print: Order 77 → Factory 1
05/04/2026 09:44:36 AM INFO mip_v1 - print:   Machine 1: completion time = 53.85
05/04/2026 09:44:36 AM INFO mip_v1 - print:   Machine 2: completion time = 66.79
05/04/2026 09:44:36 AM INFO mip_v1 - print:   Machine 3: completion time = 81.64
05/04/2026 09:44:36 AM INFO mip_v1 - print:   Delivery: 84.44 (Deadline: 96.10, Delay: 0.00)
05/04/2026 09:44:36 AM INFO mip_v1 - print: 
05/04/2026 09:44:36 AM INFO mip_v1 - print: Order 78 → Factory 4
05/04/2026 09:44:36 AM INFO mip_v1 - print:   Machine 1: completion time = 87.38
05/04/2026 09:44:36 AM INFO mip_v1 - print:   Machine 2: completion time = 94.87
05/04/2026 09:44:36 AM INFO mip_v1 - print:   Machine 3: completion time = 103.10
05/04/2026 09:44:36 AM INFO mip_v1 - print:   Machine 4: completion time = 111.94
05/04/2026 09:44:36 AM INFO mip_v1 - print:   Machine 5: completion time = 120.92
05/04/2026 09:44:36 AM INFO mip_v1 - print:   Delivery: 122.42 (Deadline: 132.70, Delay: 0.00)
05/04/2026 09:44:36 AM INFO mip_v1 - print: 
05/04/2026 09:44:36 AM INFO mip_v1 - print: Order 79 → Factory 7
05/04/2026 09:44:36 AM INFO mip_v1 - print:   Machine 1: completion time = 49.79
05/04/2026 09:44:36 AM INFO mip_v1 - print:   Machine 2: completion time = 58.42
05/04/2026 09:44:36 AM INFO mip_v1 - print:   Machine 3: completion time = 67.29
05/04/2026 09:44:36 AM INFO mip_v1 - print:   Machine 4: completion time = 77.51
05/04/2026 09:44:36 AM INFO mip_v1 - print:   Machine 5: completion time = 87.07
05/04/2026 09:44:36 AM INFO mip_v1 - print:   Delivery: 93.07 (Deadline: 94.80, Delay: 0.00)
05/04/2026 09:44:36 AM INFO mip_v1 - print: 
05/04/2026 09:44:36 AM INFO mip_v1 - print: Order 80 → Factory 9
05/04/2026 09:44:36 AM INFO mip_v1 - print:   Machine 1: completion time = 41.21
05/04/2026 09:44:36 AM INFO mip_v1 - print:   Machine 2: completion time = 49.24
05/04/2026 09:44:36 AM INFO mip_v1 - print:   Machine 3: completion time = 56.10
05/04/2026 09:44:36 AM INFO mip_v1 - print:   Machine 4: completion time = 69.72
05/04/2026 09:44:36 AM INFO mip_v1 - print:   Delivery: 74.42 (Deadline: 95.10, Delay: 0.00)
05/04/2026 09:44:36 AM INFO mip_v1 - print: 
05/04/2026 09:44:36 AM INFO mip_v1 - print: ------------------------------------------------------------
05/04/2026 09:44:36 AM INFO mip_v1 - print: COST BREAKDOWN
05/04/2026 09:44:36 AM INFO mip_v1 - print: ------------------------------------------------------------
05/04/2026 09:44:36 AM INFO mip_v1 - print: Total Revenue:          +    71231.00
05/04/2026 09:44:36 AM INFO mip_v1 - print: Production Cost:        -    33408.62
05/04/2026 09:44:36 AM INFO mip_v1 - print: Transport Cost:         -    12368.60
05/04/2026 09:44:36 AM INFO mip_v1 - print: Delay Penalty:          -       37.44
05/04/2026 09:44:36 AM INFO mip_v1 - print: ------------------------------------------------------------
05/04/2026 09:44:36 AM INFO mip_v1 - print: Total Profit:           =    25416.34
