
Gurobi 10.0.1 (win64) logging started Wed Apr 29 01:19:56 2026

Set parameter LogFile to value "D:\Project_Code\Paper\DP_LBBD_1\DP_lbbd\Algorithm\Results\mip_v1\small\exp_3f_20j_seed2\log\exp_3f_20j_seed2_gurobi.log"
Set parameter LogToConsole to value 0
Gurobi Optimizer version 10.0.1 build v10.0.1rc0 (win64)

CPU model: Intel(R) Core(TM) Ultra 7 265KF, instruction set [SSE2|AVX|AVX2]
Thread count: 20 physical cores, 20 logical processors, using up to 20 threads

Optimize a model with 8233 rows, 4120 columns and 39506 nonzeros
Model fingerprint: 0xbff88841
Variable types: 240 continuous, 3880 integer (3880 binary)
Coefficient statistics:
  Matrix range     [1e+00, 1e+02]
  Objective range  [6e+01, 2e+03]
  Bounds range     [1e+00, 1e+02]
  RHS range        [1e+00, 3e+02]
Found heuristic solution: objective -0.0000000
Presolve removed 5593 rows and 2780 columns
Presolve time: 0.04s
Presolved: 2640 rows, 1340 columns, 12438 nonzeros
Variable types: 139 continuous, 1201 integer (1201 binary)

Root relaxation: objective 1.041889e+04, 660 iterations, 0.01 seconds (0.02 work units)

    Nodes    |    Current Node    |     Objective Bounds      |     Work
 Expl Unexpl |  Obj  Depth IntInf | Incumbent    BestBd   Gap | It/Node Time

     0     0 10418.8912    0  210   -0.00000 10418.8912      -     -    0s
H    0     0                    4176.8391283 10418.8912   149%     -    0s
H    0     0                    4790.8031129 10418.8912   117%     -    0s
     0     0 10136.7339    0  258 4790.80311 10136.7339   112%     -    0s
     0     0 10136.7339    0  250 4790.80311 10136.7339   112%     -    0s
     0     0 9954.73985    0  248 4790.80311 9954.73985   108%     -    0s
     0     0 9929.74083    0  248 4790.80311 9929.74083   107%     -    0s
     0     0 9914.18232    0  252 4790.80311 9914.18232   107%     -    0s
     0     0 9894.92917    0  265 4790.80311 9894.92917   107%     -    0s
     0     0 9868.80149    0  259 4790.80311 9868.80149   106%     -    0s
     0     0 9865.04322    0  235 4790.80311 9865.04322   106%     -    0s
     0     0 9844.01165    0  268 4790.80311 9844.01165   105%     -    0s
     0     0 9831.61671    0  264 4790.80311 9831.61671   105%     -    0s
     0     0 9831.61671    0  254 4790.80311 9831.61671   105%     -    0s
     0     0 9831.61671    0  257 4790.80311 9831.61671   105%     -    0s
H    0     0                    4951.1275540 9804.55840  98.0%     -    0s
     0     0 9788.89846    0  243 4951.12755 9788.89846  97.7%     -    0s
     0     0 9788.89846    0  206 4951.12755 9788.89846  97.7%     -    0s
H    0     0                    4976.2603610 9788.89846  96.7%     -    0s
     0     2 9788.89846    0  198 4976.26036 9788.89846  96.7%     -    0s
H   36    52                    5179.8711579 9788.89846  89.0%   307    0s
H   92   112                    5687.4107411 9788.89846  72.1%   205    1s
H  352   315                    5754.6301522 9788.89846  70.1%   105    3s
  2425  1381 7309.74012   25   76 5754.63015 9493.15021  65.0%  54.8    5s
H 2434  1317                    5973.2199135 9384.13908  57.1%  54.6    5s
H 2772  1373                    5993.6604170 9004.03253  50.2%  66.0    8s
  5055  1615 6751.89697   39   27 5993.66042 8750.95221  46.0%  58.5   10s
 12965  3981 7335.05851   30   47 5993.66042 7869.15933  31.3%  46.7   15s
H16071  4827                    5995.5139533 7789.68265  29.9%  45.0   18s
 17543  5673 7168.54367   34   63 5995.51395 7770.32331  29.6%  44.2   20s
 23828  7962 6856.27406   37   47 5995.51395 7635.70271  27.4%  41.6   25s
 31169 10262 6239.71187   36   34 5995.51395 7555.33771  26.0%  39.6   30s
*38078 12127              58    6098.3883235 7490.04104  22.8%  38.1   34s
 39534 12482 7046.58413   36   25 6098.38832 7479.18055  22.6%  37.9   35s
 48038 14853 6711.57227   35   34 6098.38832 7418.17833  21.6%  37.0   42s
 52456 15791 7306.79016   40   45 6098.38832 7395.81858  21.3%  36.7   45s
 60983 17536 7122.47278   31   45 6098.38832 7348.47134  20.5%  36.2   50s
 67507 18669 7056.51960   37   49 6098.38832 7313.22432  19.9%  36.0   55s
 76338 20514 7056.54771   33   51 6098.38832 7275.93215  19.3%  35.7   61s
 82494 21471 6483.00069   41   23 6098.38832 7251.60795  18.9%  35.4   66s
 89045 22565 6745.63369   41   26 6098.38832 7226.85813  18.5%  35.1   71s
 95948 23625 6584.69214   39   45 6098.38832 7202.10715  18.1%  34.9   76s
 100096 24302 6757.06473   36   34 6098.38832 7185.03450  17.8%  34.8   80s
 107245 25090 6984.28053   35   48 6098.38832 7162.37009  17.4%  34.6   85s
 113491 25939 6766.71402   35   51 6098.38832 7138.05088  17.0%  34.5   90s
 120510 26647 6711.21065   36   48 6098.38832 7115.72422  16.7%  34.3   95s
 126986 27093 6626.41641   40   40 6098.38832 7096.40301  16.4%  34.1  101s
 133528 27864 7064.29557   36   30 6098.38832 7075.32588  16.0%  34.1  106s
 138144 28372     cutoff   36      6098.38832 7063.63366  15.8%  33.9  110s
 144545 29149 6917.15140   39   29 6098.38832 7048.15716  15.6%  33.8  116s
 150893 29702 infeasible   40      6098.38832 7031.21657  15.3%  33.7  121s
 155088 30071 6678.52595   39   24 6098.38832 7019.46307  15.1%  33.6  125s
 161286 30393 6614.85510   38   49 6098.38832 7003.72729  14.8%  33.6  130s
 167827 30986 6819.25012   35   30 6098.38832 6988.63434  14.6%  33.5  136s
 172592 31402 6455.11713   44   36 6098.38832 6978.17665  14.4%  33.4  140s
 178290 31745 infeasible   44      6098.38832 6965.46515  14.2%  33.4  146s
 182866 32012 6926.56995   37   32 6098.38832 6954.98026  14.0%  33.4  151s
 186895 32211 6689.22478   43   18 6098.38832 6944.32094  13.9%  33.4  155s
 193033 32525 6240.95996   38   17 6098.38832 6932.18147  13.7%  33.4  161s
 197612 32762 6722.05666   46   24 6098.38832 6923.06551  13.5%  33.3  166s
 202015 32848 6342.32168   39   48 6098.38832 6912.63927  13.4%  33.3  170s
 208452 33108 infeasible   46      6098.38832 6899.17390  13.1%  33.3  176s
 212496 33165     cutoff   42      6098.38832 6888.51629  13.0%  33.3  180s
 219003 33301 infeasible   38      6098.38832 6874.66455  12.7%  33.3  186s
 223300 33467 infeasible   40      6098.38832 6865.64532  12.6%  33.3  191s
 228160 33622 6605.68593   36   25 6098.38832 6857.84286  12.5%  33.2  195s
 232479 33713 6368.23737   40   29 6098.38832 6849.13359  12.3%  33.2  200s
 238642 33572 6771.03321   37   39 6098.38832 6835.23985  12.1%  33.2  207s
 242743 33497     cutoff   39      6098.38832 6826.11862  11.9%  33.2  211s
 246762 33467 6209.59180   46    9 6098.38832 6817.26634  11.8%  33.2  216s
 251915 33595 6349.56901   45   21 6098.38832 6807.31466  11.6%  33.1  221s
 256641 33512     cutoff   39      6098.38832 6797.51100  11.5%  33.1  226s
 260751 33435 6738.36351   37   33 6098.38832 6789.70355  11.3%  33.2  230s
 265394 33251     cutoff   42      6098.38832 6780.26773  11.2%  33.2  235s
 269575 33194     cutoff   40      6098.38832 6772.43584  11.1%  33.2  240s
 274156 33225 infeasible   53      6098.38832 6763.85957  10.9%  33.2  245s
 278582 33108 6572.56997   35   55 6098.38832 6755.43642  10.8%  33.2  250s
 282924 32813 6187.58205   47   12 6098.38832 6746.76752  10.6%  33.2  255s
 287316 32649 infeasible   42      6098.38832 6738.15342  10.5%  33.2  261s
 292368 32694 6698.82660   33   44 6098.38832 6729.87196  10.4%  33.2  266s
 296967 32631 infeasible   45      6098.38832 6722.89469  10.2%  33.2  271s
 301308 32636 6591.25425   49   26 6098.38832 6716.30367  10.1%  33.2  276s
 306259 32697 6697.89156   39   50 6098.38832 6709.27670  10.0%  33.1  280s
 312113 32432     cutoff   42      6098.38832 6701.48594  9.89%  33.0  287s
 315868 32253 infeasible   46      6098.38832 6694.99358  9.78%  33.1  291s
 320160 32709 6641.64341   44   28 6098.38832 6689.50506  9.69%  33.0  296s
 325065 32564 6294.67113   44   13 6098.38832 6683.99577  9.60%  33.0  301s
 329006 32369 infeasible   40      6098.38832 6678.03709  9.50%  33.0  305s
 333280 32137 6622.52824   44   41 6098.38832 6670.89616  9.39%  33.0  310s
 337560 31994     cutoff   42      6098.38832 6664.61545  9.28%  32.9  315s
 341651 31816 6098.66011   43   46 6098.38832 6659.25140  9.20%  32.9  320s
 345968 31509     cutoff   46      6098.38832 6652.49318  9.09%  32.9  325s
 350663 31263 infeasible   50      6098.38832 6645.27206  8.97%  32.9  330s
 355027 30940 6243.38978   40   13 6098.38832 6639.51531  8.87%  32.9  335s
 359603 30512 6599.14669   42   15 6098.38832 6632.19296  8.75%  32.8  341s
 363791 30280 6359.88922   43   34 6098.38832 6625.20449  8.64%  32.8  346s
 368757 29958 infeasible   41      6098.38832 6618.89453  8.54%  32.8  351s
 372786 29495 6603.44603   40   21 6098.38832 6611.68561  8.42%  32.8  356s
 376644 29026 6159.41313   36   45 6098.38832 6604.87710  8.31%  32.8  361s
 380826 28526 6430.66626   45   29 6098.38832 6597.87662  8.19%  32.8  367s
 383074 28314 6463.36071   43   11 6098.38832 6593.87100  8.12%  32.8  370s
 387963 27846 6460.16646   51   31 6098.38832 6587.36165  8.02%  32.8  375s
 392139 27259 6300.11645   40   31 6098.38832 6579.87395  7.90%  32.8  381s
 396679 26667 6487.18284   49   16 6098.38832 6571.14754  7.75%  32.8  386s
 400941 26150 6455.57750   43   31 6098.38832 6563.77958  7.63%  32.8  391s
 405451 25573 6539.96965   39   27 6098.38832 6555.60360  7.50%  32.8  397s
 407619 25350 6550.43459   42   24 6098.38832 6552.12888  7.44%  32.8  400s
 411375 24737 6337.09641   49   41 6098.38832 6545.84268  7.34%  32.8  406s
 413652 24346 6435.50762   56   11 6098.38832 6540.95861  7.26%  32.8  410s
 418256 23566 6167.43514   50   17 6098.38832 6531.57599  7.10%  32.8  416s
 422928 22858 6459.59105   44   18 6098.38832 6521.63356  6.94%  32.8  422s
 425322 22764 6239.89018   46    6 6098.38832 6517.97616  6.88%  32.8  425s
 428200 21799 infeasible   47      6098.38832 6511.81318  6.78%  32.8  432s
 430616 21345     cutoff   48      6098.38832 6505.41596  6.67%  32.8  435s
 435380 20396 6306.46989   44   21 6098.38832 6495.74016  6.52%  32.8  442s
 437719 19939 infeasible   45      6098.38832 6490.44606  6.43%  32.8  445s
 440318 19332 infeasible   42      6098.38832 6485.08268  6.34%  32.8  450s
 445047 18189 6416.52957   40   26 6098.38832 6470.88005  6.11%  32.8  457s
 447397 17573 6396.14701   41   13 6098.38832 6463.60838  5.99%  32.8  460s
 451842 16342 6207.35439   46   28 6098.38832 6449.38101  5.76%  32.8  467s
 453962 15676     cutoff   45      6098.38832 6441.19872  5.62%  32.9  470s
 458618 14434 6334.77847   41   21 6098.38832 6426.19535  5.38%  32.9  476s
 460734 13724     cutoff   51      6098.38832 6418.34321  5.25%  32.9  480s
 465216 12191 6167.54141   46   20 6098.38832 6400.36692  4.95%  32.9  486s
 469617 10561 6146.56223   39   30 6098.38832 6380.48472  4.63%  32.9  492s
 471917  9762     cutoff   51      6098.38832 6367.82166  4.42%  33.0  495s
 475854  8076     cutoff   41      6098.38832 6347.21278  4.08%  33.0  501s
 480315  6027 6250.07605   45   28 6098.38832 6310.77956  3.48%  33.0  508s
 482515  4854 6170.05831   46   26 6098.38832 6294.00398  3.21%  33.0  511s
 486733  1842 infeasible   43      6098.38832 6236.30044  2.26%  33.1  517s

Cutting planes:
  Learned: 251
  Gomory: 212
  Cover: 428
  Projected implied bound: 6
  MIR: 1215
  StrongCG: 5
  Flow cover: 1572
  Inf proof: 134
  Zero half: 1
  RLT: 5
  Relax-and-lift: 10

Explored 490868 nodes (16269832 simplex iterations) in 519.16 seconds (99.06 work units)
Thread count was 20 (of 20 available processors)

Solution count 10: 6098.39 6098.39 5995.51 ... 4951.13

Optimal solution found (tolerance 1.00e-04)
Best objective 6.098388323470e+03, best bound 6.098388323470e+03, gap 0.0000%
