
Gurobi 10.0.1 (win64) logging started Sun Apr 26 03:26:36 2026

Set parameter LogFile to value "D:\Project_Code\Paper\DP_LBBD_1\DP_lbbd\Algorithm\Results\mip_v1\large\exp_7f_70j_seed3\log\exp_7f_70j_seed3_gurobi.log"
Set parameter LogToConsole to value 0
Gurobi Optimizer version 10.0.1 build v10.0.1rc0 (win64)

CPU model: Intel(R) Core(TM) Ultra 7 265KF, instruction set [SSE2|AVX|AVX2]
Thread count: 20 physical cores, 20 logical processors, using up to 20 threads

Optimize a model with 246582 rows, 123200 columns and 1219834 nonzeros
Model fingerprint: 0x855ad9b0
Variable types: 1890 continuous, 121310 integer (121310 binary)
Coefficient statistics:
  Matrix range     [1e+00, 1e+02]
  Objective range  [1e+01, 2e+03]
  Bounds range     [1e+00, 1e+02]
  RHS range        [1e+00, 4e+02]
Found heuristic solution: objective -0.0000000
Presolve removed 143106 rows and 71392 columns
Presolve time: 1.40s
Presolved: 103476 rows, 51808 columns, 509558 nonzeros
Variable types: 1268 continuous, 50540 integer (50540 binary)

Deterministic concurrent LP optimizer: primal simplex, dual simplex, and barrier
Showing barrier log only...

Root barrier log...

Ordering time: 0.02s

Barrier statistics:
 Dense cols : 1446
 AA' NZ     : 4.626e+05
 Factor NZ  : 8.375e+05 (roughly 70 MB of memory)
 Factor Ops : 6.658e+07 (less than 1 second per iteration)
 Threads    : 18

                  Objective                Residual
Iter       Primal          Dual         Primal    Dual     Compl     Time
   0  -8.12071081e+06  3.56700759e+08  1.62e+03 1.49e+02  1.22e+05    11s
   1  -6.63634241e+06  3.69529460e+08  1.37e+03 1.20e+02  7.54e+04    11s
   2  -3.04862298e+06  5.87487840e+08  6.32e+02 9.35e-09  3.61e+04    11s
   3  -9.54288538e+04  5.00749684e+08  2.11e+01 7.31e-08  3.38e+03    12s
   4  -2.20529175e+04  9.97007459e+07  5.10e+00 2.06e-09  5.38e+02    12s
   5  -6.31691672e+03  5.73668685e+07  1.86e+00 1.12e-09  2.90e+02    12s
   6   1.45201344e+03  2.31062217e+07  6.19e-01 4.10e-10  1.14e+02    12s
   7   6.85607811e+03  4.13442688e+06  1.52e-01 9.54e-11  2.01e+01    12s
   8   1.24816672e+04  6.53275268e+05  2.90e-03 2.90e-11  3.10e+00    12s
   9   2.03932049e+04  2.20431907e+05  2.25e-04 9.96e-11  9.66e-01    12s
  10   2.53971165e+04  1.22480191e+05  8.27e-05 1.94e-10  4.69e-01    12s
  11   2.73059099e+04  6.33254010e+04  3.75e-05 4.28e-10  1.74e-01    12s
  12   2.80995604e+04  3.77834342e+04  1.79e-05 5.86e-10  4.68e-02    12s
  13   2.85383752e+04  3.20409144e+04  6.02e-06 3.75e-10  1.69e-02    12s
  14   2.86930408e+04  2.90228267e+04  1.58e-06 4.19e-10  1.59e-03    12s
  15   2.87289525e+04  2.87576782e+04  5.42e-07 7.06e-10  1.39e-04    12s
  16   2.87476110e+04  2.87477345e+04  3.55e-15 8.75e-10  5.97e-07    12s
  17   2.87476299e+04  2.87476300e+04  1.96e-15 7.11e-10  5.97e-10    12s

Barrier solved model in 17 iterations and 11.92 seconds (4.21 work units)
Optimal objective 2.87476299e+04


Root crossover log...

    1942 DPushes remaining with DInf 0.0000000e+00                12s
Concurrent spin time: 0.25s (can be avoided by choosing Method=3)

Solved with dual simplex

Root relaxation: objective 2.874763e+04, 4252 iterations, 0.88 seconds (0.98 work units)

    Nodes    |    Current Node    |     Objective Bounds      |     Work
 Expl Unexpl |  Obj  Depth IntInf | Incumbent    BestBd   Gap | It/Node Time

     0     0 28747.6299    0  738   -0.00000 28747.6299      -     -   12s
H    0     0                    9189.1267271 28747.6299   213%     -   12s
     0     0 28747.1375    0  729 9189.12673 28747.1375   213%     -   13s
H    0     0                    11613.708067 28747.1375   148%     -   14s
H    0     0                    14719.924181 28747.1375  95.3%     -   16s
     0     0 28747.1375    0  694 14719.9242 28747.1375  95.3%     -   16s
     0     0 28703.5592    0  735 14719.9242 28703.5592  95.0%     -   17s
     0     0 28703.5592    0  729 14719.9242 28703.5592  95.0%     -   17s
     0     0 28691.8483    0  769 14719.9242 28691.8483  94.9%     -   18s
     0     0 28686.1816    0  776 14719.9242 28686.1816  94.9%     -   19s
     0     0 28685.1758    0  786 14719.9242 28685.1758  94.9%     -   19s
     0     0 28683.9685    0  774 14719.9242 28683.9685  94.9%     -   19s
     0     0 28683.8464    0  740 14719.9242 28683.8464  94.9%     -   19s
     0     0 28683.8464    0  740 14719.9242 28683.8464  94.9%     -   19s
     0     0 28617.2893    0  687 14719.9242 28617.2893  94.4%     -   20s
     0     0 28615.5631    0  711 14719.9242 28615.5631  94.4%     -   21s
     0     0 28614.9288    0  733 14719.9242 28614.9288  94.4%     -   21s
     0     0 28614.8202    0  701 14719.9242 28614.8202  94.4%     -   21s
     0     0 28614.6507    0  642 14719.9242 28614.6507  94.4%     -   21s
     0     0 28614.6507    0  683 14719.9242 28614.6507  94.4%     -   21s
     0     0 28608.9680    0  673 14719.9242 28608.9680  94.4%     -   22s
     0     0 28603.4360    0  686 14719.9242 28603.4360  94.3%     -   22s
     0     0 28602.8838    0  637 14719.9242 28602.8838  94.3%     -   23s
     0     0 28602.4252    0  653 14719.9242 28602.4252  94.3%     -   23s
     0     0 28602.3958    0  687 14719.9242 28602.3958  94.3%     -   23s
     0     0 28602.3103    0  689 14719.9242 28602.3103  94.3%     -   23s
     0     0 28602.3103    0  703 14719.9242 28602.3103  94.3%     -   23s
     0     0 28550.8964    0  707 14719.9242 28550.8964  94.0%     -   24s
     0     0 28550.4864    0  739 14719.9242 28550.4864  94.0%     -   25s
     0     0 28548.5977    0  761 14719.9242 28548.5977  93.9%     -   25s
     0     0 28548.5630    0  816 14719.9242 28548.5630  93.9%     -   25s
     0     0 28548.2785    0  832 14719.9242 28548.2785  93.9%     -   25s
     0     0 28548.2785    0  786 14719.9242 28548.2785  93.9%     -   25s
     0     0 28534.7465    0  764 14719.9242 28534.7465  93.9%     -   26s
     0     0 28533.4634    0  760 14719.9242 28533.4634  93.8%     -   26s
     0     0 28533.0497    0  815 14719.9242 28533.0497  93.8%     -   27s
     0     0 28532.8339    0  709 14719.9242 28532.8339  93.8%     -   27s
     0     0 28532.6981    0  742 14719.9242 28532.6981  93.8%     -   27s
     0     0 28532.6981    0  717 14719.9242 28532.6981  93.8%     -   27s
     0     0 28518.5043    0  732 14719.9242 28518.5043  93.7%     -   28s
     0     0 28514.8775    0  762 14719.9242 28514.8775  93.7%     -   28s
     0     0 28514.8775    0  808 14719.9242 28514.8775  93.7%     -   28s
     0     0 28502.3326    0  733 14719.9242 28502.3326  93.6%     -   29s
     0     0 28498.1344    0  731 14719.9242 28498.1344  93.6%     -   30s
     0     0 28494.6451    0  737 14719.9242 28494.6451  93.6%     -   30s
     0     0 28494.2786    0  736 14719.9242 28494.2786  93.6%     -   30s
     0     0 28493.9774    0  749 14719.9242 28493.9774  93.6%     -   30s
     0     0 28493.9143    0  701 14719.9242 28493.9143  93.6%     -   30s
     0     0 28493.9137    0  694 14719.9242 28493.9137  93.6%     -   31s
     0     0 28493.0631    0  745 14719.9242 28493.0631  93.6%     -   31s
     0     0 28492.8660    0  706 14719.9242 28492.8660  93.6%     -   32s
     0     0 28490.2343    0  709 14719.9242 28490.2343  93.5%     -   32s
     0     0 28489.2424    0  771 14719.9242 28489.2424  93.5%     -   32s
     0     0 28489.1438    0  764 14719.9242 28489.1438  93.5%     -   32s
     0     0 28488.2184    0  712 14719.9242 28488.2184  93.5%     -   32s
     0     0 28488.2173    0  703 14719.9242 28488.2173  93.5%     -   32s
     0     0 28486.4008    0  751 14719.9242 28486.4008  93.5%     -   33s
     0     0 28483.6820    0  698 14719.9242 28483.6820  93.5%     -   33s
     0     0 28483.1260    0  727 14719.9242 28483.1260  93.5%     -   34s
     0     0 28482.1236    0  713 14719.9242 28482.1236  93.5%     -   34s
     0     0 28482.0057    0  740 14719.9242 28482.0057  93.5%     -   34s
     0     0 28481.7886    0  744 14719.9242 28481.7886  93.5%     -   34s
     0     0 28481.7886    0  715 14719.9242 28481.7886  93.5%     -   34s
     0     0 28473.7446    0  730 14719.9242 28473.7446  93.4%     -   35s
     0     0 28472.9047    0  742 14719.9242 28472.9047  93.4%     -   35s
     0     0 28472.5593    0  698 14719.9242 28472.5593  93.4%     -   35s
     0     0 28472.4464    0  698 14719.9242 28472.4464  93.4%     -   35s
     0     0 28471.8642    0  740 14719.9242 28471.8642  93.4%     -   36s
     0     0 28471.6574    0  743 14719.9242 28471.6574  93.4%     -   36s
     0     0 28471.5687    0  756 14719.9242 28471.5687  93.4%     -   36s
     0     0 28471.5687    0  756 14719.9242 28471.5687  93.4%     -   36s
     0     0 28467.3466    0  782 14719.9242 28467.3466  93.4%     -   37s
H    0     0                    15519.292423 28467.3466  83.4%     -   39s
     0     0 28459.2933    0  759 15519.2924 28459.2933  83.4%     -   39s
     0     0 28457.8084    0  736 15519.2924 28457.8084  83.4%     -   39s
     0     0 28457.2353    0  706 15519.2924 28457.2353  83.4%     -   39s
     0     0 28456.7966    0  695 15519.2924 28456.7966  83.4%     -   40s
     0     0 28456.7950    0  717 15519.2924 28456.7950  83.4%     -   40s
     0     0 28451.7564    0  737 15519.2924 28451.7564  83.3%     -   40s
     0     0 28445.9626    0  734 15519.2924 28445.9626  83.3%     -   41s
     0     0 28444.6478    0  694 15519.2924 28444.6478  83.3%     -   41s
     0     0 28444.6478    0  710 15519.2924 28444.6478  83.3%     -   41s
     0     0 28440.5543    0  661 15519.2924 28440.5543  83.3%     -   42s
     0     0 28439.8096    0  673 15519.2924 28439.8096  83.3%     -   42s
     0     0 28439.5623    0  697 15519.2924 28439.5623  83.3%     -   42s
     0     0 28439.4531    0  693 15519.2924 28439.4531  83.3%     -   42s
     0     0 28439.4531    0  706 15519.2924 28439.4531  83.3%     -   42s
     0     0 28435.5798    0  687 15519.2924 28435.5798  83.2%     -   43s
     0     0 28435.1589    0  661 15519.2924 28435.1589  83.2%     -   43s
     0     0 28435.0927    0  681 15519.2924 28435.0927  83.2%     -   43s
     0     0 28435.0927    0  702 15519.2924 28435.0927  83.2%     -   43s
     0     0 28434.7654    0  716 15519.2924 28434.7654  83.2%     -   44s
     0     0 28434.2390    0  707 15519.2924 28434.2390  83.2%     -   44s
     0     0 28433.1174    0  712 15519.2924 28433.1174  83.2%     -   45s
     0     0 28432.7133    0  725 15519.2924 28432.7133  83.2%     -   45s
     0     0 28432.7003    0  695 15519.2924 28432.7003  83.2%     -   45s
     0     0 28431.2262    0  725 15519.2924 28431.2262  83.2%     -   45s
     0     0 28429.8229    0  726 15519.2924 28429.8229  83.2%     -   46s
     0     0 28429.8068    0  698 15519.2924 28429.8068  83.2%     -   46s
     0     0 28423.5897    0  731 15519.2924 28423.5897  83.2%     -   47s
     0     0 28423.2947    0  715 15519.2924 28423.2947  83.1%     -   47s
     0     0 28423.0906    0  716 15519.2924 28423.0906  83.1%     -   47s
     0     0 28423.0830    0  683 15519.2924 28423.0830  83.1%     -   47s
     0     0 28418.6846    0  734 15519.2924 28418.6846  83.1%     -   48s
     0     0 28418.4403    0  749 15519.2924 28418.4403  83.1%     -   48s
     0     0 28418.4037    0  727 15519.2924 28418.4037  83.1%     -   48s
     0     0 28418.3447    0  722 15519.2924 28418.3447  83.1%     -   49s
     0     0 28418.1263    0  711 15519.2924 28418.1263  83.1%     -   49s
     0     0 28418.1245    0  742 15519.2924 28418.1245  83.1%     -   49s
     0     0 28417.9505    0  748 15519.2924 28417.9505  83.1%     -   50s
     0     0 28417.9505    0  624 15519.2924 28417.9505  83.1%     -   51s
H    0     0                    15663.038605 28417.9505  81.4%     -   51s
     0     2 28378.2296    0  544 15663.0386 28378.2296  81.2%     -   53s
    15    32 28144.3080    4  763 15663.0386 28350.7649  81.0%  1776   55s
    31    52 27904.0831    5  674 15663.0386 28332.0980  80.9%  1914   72s
H   37    52                    15745.035165 28332.0980  79.9%  1834   72s
    91   110 27835.0525    8  696 15745.0352 28318.2715  79.9%  1415   75s
   242   255 27534.0443   12  702 15745.0352 28318.2715  79.9%   839   83s
   299   311 27529.1777   13  691 15745.0352 28318.2715  79.9%   759  113s
H  301   311                    16729.912444 28318.2715  69.3%   755  113s
   390   386 27295.9906   15  694 16729.9124 28318.2715  69.3%   669  118s
   494   460 27212.2263   17  673 16729.9124 28318.2715  69.3%   610  120s
   597   539 27163.2823   21  641 16729.9124 28318.2715  69.3%   580  126s
   771   708 26484.1911   27  614 16729.9124 28318.2715  69.3%   530  130s
   850   766 26587.3366   29  625 16729.9124 28318.2715  69.3%   506  135s
  1163  1014 25588.6360   34  483 16729.9124 28318.2715  69.3%   433  140s
  1287  1099 25046.3585   37  398 16729.9124 28318.2715  69.3%   412  145s
  1700  1507 24038.9905   48  367 16729.9124 28318.2715  69.3%   350  150s
  1887  1659 23166.4212   55  334 16729.9124 28318.2715  69.3%   326  156s
  2281  2035 22870.6376   67  392 16729.9124 28318.2715  69.3%   288  160s
  2504  2223 22135.6899   72  364 16729.9124 28318.2715  69.3%   271  166s
  2974  2603 21848.3468   85  364 16729.9124 28318.2715  69.3%   240  170s
  3498  2989 21326.5591   97  341 16729.9124 28318.2715  69.3%   215  175s
H 4052  3144                    16831.700335 28318.2715  68.2%   201  189s
  4053  3145 23350.5247   78  624 16831.7003 28318.2715  68.2%   201  207s
  4055  3146 23667.1028   47  904 16831.7003 28318.2715  68.2%   201  250s
  4064  3152 23625.4796   71  725 16831.7003 28318.2715  68.2%   200  260s
  4069  3157 23156.5745   61  444 16831.7003 28318.2715  68.2%   205  278s
  4075  3161 24736.5914   58  264 16831.7003 28318.2715  68.2%   205  280s
  4081  3165 19909.3894  135  304 16831.7003 28183.1586  67.4%   205  285s
  4086  3169 22614.6836   96  309 16831.7003 28030.1923  66.5%   204  291s
  4093  3173 22824.8186   58  299 16831.7003 27893.6169  65.7%   204  296s
  4098  3177 19307.1017   84  288 16831.7003 27843.8680  65.4%   204  300s
  4104  3181 23018.0281   48  280 16831.7003 27749.9779  64.9%   203  305s
H 4106  3022                    16943.000731 27727.7676  63.7%   203  308s
  4108  3023 23816.1213   54  288 16943.0007 27726.6528  63.6%   203  310s
  4109  3024 25604.7333   21  304 16943.0007 27718.8059  63.6%   203  316s
  4114  3027 23223.8310   87  312 16943.0007 27685.0236  63.4%   203  321s
H 4120  2878                    17292.852169 27675.1908  60.0%   203  327s
  4125  2882 19227.0034  140  329 17292.8522 27647.3254  59.9%   202  330s
  4130  2885 17292.8522  156  296 17292.8522 27608.3771  59.7%   202  335s
  4133  2887 27290.6699   21  292 17292.8522 27600.8967  59.6%   202  340s
  4139  2891 26480.5053   29  333 17292.8522 27586.2550  59.5%   202  346s
  4148  2897 25853.5366   54  329 17292.8522 27568.5250  59.4%   201  352s
  4150  2898 22329.7213   87  296 17292.8522 27561.6741  59.4%   201  355s
H 4153  2754                    17575.268749 27552.3624  56.8%   201  359s
  4156  2756 24117.9047   53  346 17575.2687 27533.6796  56.7%   201  360s
  4164  2762 23625.4796   71  347 17575.2687 27512.5836  56.5%   200  365s
  4168  2764 19276.8892  122  274 17575.2687 27503.9303  56.5%   200  374s
H 4168  2624                    17580.575362 27503.9303  56.4%   200  375s
H 4168  2491                    17790.489514 27503.9303  54.6%   200  375s
  4173  2495 26594.2068   30  304 17790.4895 27496.5316  54.6%   200  380s
  4178  2498 20654.5864  143  266 17790.4895 27485.5572  54.5%   200  385s
  4186  2503 22614.6836   96  316 17790.4895 27475.5852  54.4%   199  391s
  4189  2505 21473.9600   61  293 17790.4895 27471.3296  54.4%   199  395s
  4195  2511 17790.4895  143  624 17790.4895 27468.7723  54.4%   233  402s
  4197  2512 27468.7723   10  444 17790.4895 27468.7723  54.4%   232  414s
  4198  2513 19307.1017   84  265 17790.4895 27468.7723  54.4%   232  418s
  4206  2518 20113.9035  126  199 17790.4895 27468.7723  54.4%   232  422s
  4207  2519 27133.0177   22  207 17790.4895 27463.9729  54.4%   232  425s
  4210  2521 25778.5417   28  235 17790.4895 27461.6514  54.4%   232  430s
  4214  2524 23223.8310   87  299 17790.4895 27457.4700  54.3%   231  435s
  4218  2526 17790.4895  134  305 17790.4895 27454.6013  54.3%   231  441s
  4220  2528 19063.3767  108  289 17790.4895 27452.8387  54.3%   231  446s
  4223  2530 24604.5059   41  274 17790.4895 27449.8281  54.3%   231  451s
  4225  2531 19227.0034  140  216 17790.4895 27449.2462  54.3%   231  456s
  4226  2532 23717.9660   41  216 17790.4895 27446.8733  54.3%   231  468s
  4233  2545 27439.6048   43  262 17790.4895 27445.4423  54.3%   239  470s
  4337  2627 27409.4679   47  332 17790.4895 27438.2461  54.2%   253  479s
  4377  2653 27362.5525   48  364 17790.4895 27438.2461  54.2%   256  481s
  4474  2719 27257.1532   50  332 17790.4895 27438.2461  54.2%   258  485s
H 4543  2617                    17856.421707 27438.2461  53.7%   260  487s
H 4655  2588                    17877.798544 27438.2461  53.5%   259  492s
  4683  2597 26782.1021   56  340 17877.7985 27438.2461  53.5%   260  507s
  4741  2646 26806.8141   57  305 17877.7985 27438.2461  53.5%   260  512s
H 4763  2524                    17895.352548 27438.2461  53.3%   261  512s
  4826  2581 26750.1843   59  298 17895.3525 27438.2461  53.3%   261  516s
H 4846  2465                    17895.352550 27438.2461  53.3%   261  516s
  4940  2566 26360.5954   60  318 17895.3526 27438.2461  53.3%   260  521s
H 4942  2461                    17923.308766 27438.2461  53.1%   260  521s
  5088  2554 26744.6430   63  285 17923.3088 27438.2461  53.1%   256  527s
  5286  2649 26743.9939   66  314 17923.3088 27438.2461  53.1%   251  533s
H 5320  2540                    17923.308768 27438.2461  53.1%   251  533s
  5486  2688 26454.7942   69  300 17923.3088 27438.2461  53.1%   248  537s
  5609  2736 26424.0936   70  377 17923.3088 27438.2461  53.1%   246  540s
  5733  2814 26535.3781   71  363 17923.3088 27438.2461  53.1%   245  545s
  6064  3060 26500.2621   75  348 17923.3088 27438.2461  53.1%   242  552s
H 6524  3206                    18145.936643 27438.2461  51.2%   232  558s
  6736  3352 26285.6046   83  322 18145.9366 27438.2461  51.2%   229  561s
H 6758  3256                    18222.195420 27438.2461  50.6%   229  561s
  6971  3365 26276.9860   85  303 18222.1954 27438.2461  50.6%   226  566s
  7443  3768 26167.6320   92  325 18222.1954 27438.2461  50.6%   218  573s
  7789  3957 25967.9040   94  320 18222.1954 27438.2461  50.6%   212  578s
  8142  4092 26136.2293   96  310 18222.1954 27438.2461  50.6%   206  581s
  8445  4265 25919.4472   98  280 18222.1954 27438.2461  50.6%   202  585s
  8809  4433 26061.6944  100  293 18222.1954 27438.2461  50.6%   198  591s
H 9084  4285                    18288.207042 27438.2461  50.0%   194  591s
  9136  4626 25599.6699  103  276 18288.2070 27438.2461  50.0%   194  597s
  9550  5016 25544.3734  109  254 18288.2070 27438.2461  50.0%   189  601s
 10006  5345 25322.5589  112  242 18288.2070 27438.2461  50.0%   184  608s
 10396  5833 24609.4086  117  192 18288.2070 27438.2461  50.0%   179  613s
 10950  6107 24304.9346  124  167 18288.2070 27438.2461  50.0%   173  620s
 11358  6489 23924.5626  130  162 18288.2070 27438.2461  50.0%   169  628s
 11868  6973 21803.9547  144  124 18288.2070 27438.2461  50.0%   164  634s
 12454  7518 21855.2594  165   98 18288.2070 27438.2461  50.0%   160  642s
 13089  8119 21152.4974  178   74 18288.2070 27438.2461  50.0%   155  648s
H13400  8112                    18345.500446 27438.2461  49.6%   153  648s
H13774  8598                    18621.192641 27438.2461  47.3%   150  656s
 14494  9106     cutoff  220      18621.1926 27436.5670  47.3%   144  664s
 15180  9657 27415.2043   47  371 18621.1926 27436.5670  47.3%   141  672s
 15895 10290 26566.3909   67  257 18621.1926 27436.5670  47.3%   138  680s
 16612 10943 25783.5209   96  215 18621.1926 27436.5670  47.3%   134  689s
 17403 11557 21912.0892  141  153 18621.1926 27424.2235  47.3%   131  698s
 18228 12223 27386.1483   47  361 18621.1926 27424.2235  47.3%   128  706s
 18999 12834 26823.5686   65  301 18621.1926 27424.2235  47.3%   126  713s
 19750 13619 25751.3396  104  225 18621.1926 27424.2235  47.3%   124  722s
 20595 14399 20986.1896  171  127 18621.1926 27421.0896  47.3%   122  827s
H20850 14365                    18674.427969 27418.2301  46.8%   121  827s
 21510 15222 27390.0179   49  314 18674.4280 27418.2301  46.8%   120  837s
H22546 15744                    18705.879021 27418.2301  46.6%   118  847s
 23142 17809 19573.2631  134  174 18705.8790 27415.3025  46.6%   116  868s
 25541 18569 21828.2978  111  167 18705.8790 27408.9309  46.5%   111  878s
 26452 19469 27110.6914   49  356 18705.8790 27408.9309  46.5%   110  889s
H27473 20248                    18705.879027 27408.9309  46.5%   108  899s
 28416 21065 24882.7341  116  192 18705.8790 27408.9309  46.5%   107  910s
 29266 22201 23739.6611  145  150 18705.8790 27408.9309  46.5%   105  921s
 30538 23094 22278.5069  173  116 18705.8790 27408.9309  46.5%   103  932s
 31583 24058 21783.6160  201  127 18705.8790 27408.9309  46.5%   102  944s
 32633 25129 20414.1838  225  105 18705.8790 27408.9309  46.5%   100  958s
 33975 25146 19849.6951  253   62 18705.8790 27408.9309  46.5%  98.3  996s
H33996 22298                    19882.318402 27408.9309  37.9%  98.4  996s
 33998 22890     cutoff  251      19882.3184 27408.6096  37.9%  98.4 1008s
H34023 22013                    20233.624100 27406.9681  35.5%  98.5 1008s
 34757 23204 27022.3180   67  348 20233.6241 27406.9681  35.5%  98.1 1023s
H35478 23049                    20301.265912 27406.9681  35.0%  97.3 1023s
 36075 24190 23825.3110  140  225 20301.2659 27404.5432  35.0%  96.6 1036s
 37420 25526 27045.7557   62  343 20301.2659 27404.5432  35.0%  95.5 1052s
 38976 26426 21094.3820  139  163 20301.2659 27403.3762  35.0%  93.9 1067s
 40193 27857 26965.1343   63  332 20301.2659 27403.3762  35.0%  93.6 1083s
 41823 29062 27397.0817   51  411 20301.2659 27400.9954  35.0%  92.6 1101s
 43369 30299 21970.3051  115  153 20301.2659 27400.7426  35.0%  92.0 1118s
 44929 31759 infeasible   78      20301.2659 27400.0631  35.0%  91.7 1136s
H46431 31616                    20358.385460 27398.9849  34.6%  91.5 1136s

Cutting planes:
  Learned: 159
  Gomory: 338
  Lift-and-project: 567
  Cover: 436
  Projected implied bound: 27
  MIR: 1925
  StrongCG: 7
  Flow cover: 2558
  Inf proof: 2
  Zero half: 2
  Network: 1
  RLT: 22
  Relax-and-lift: 29

Explored 46699 nodes (4357180 simplex iterations) in 1806.89 seconds (628.73 work units)
Thread count was 20 (of 20 available processors)

Solution count 10: 20358.4 20301.3 20233.6 ... 18288.2

Time limit reached
Best objective 2.035838546024e+04, best bound 2.739898494760e+04, gap 34.5833%
