04/26/2026 03:26:32 AM INFO mip_v1 - setup_solver_logging: ================================================================================
04/26/2026 03:26:32 AM INFO mip_v1 - setup_solver_logging: Logging started. Log file: D:\Project_Code\Paper\DP_LBBD_1\DP_lbbd\Algorithm\Results\mip_v1\large\exp_7f_70j_seed3\log\exp_7f_70j_seed3_running.log
04/26/2026 03:26:32 AM INFO mip_v1 - print: BigM calculated: 134.5
04/26/2026 03:26:32 AM INFO mip_v1 - print: Adding variables...
04/26/2026 03:26:32 AM INFO mip_v1 - print: Total variables: 123200
04/26/2026 03:26:32 AM INFO mip_v1 - print: Adding constraints...
04/26/2026 03:26:35 AM INFO mip_v1 - print: Total constraints: 246582
04/26/2026 03:26:35 AM INFO mip_v1 - print: Setting objective function...
04/26/2026 03:26:36 AM INFO mip_v1 - print: 
04/26/2026 03:26:36 AM INFO mip_v1 - print: ✓ Model LP written to: D:\Project_Code\Paper\DP_LBBD_1\DP_lbbd\Algorithm\MIP\production_model.lp
04/26/2026 03:26:36 AM INFO mip_v1 - print: 
04/26/2026 03:26:36 AM INFO mip_v1 - print: ============================================================
04/26/2026 03:26:36 AM INFO mip_v1 - print: Starting optimization...
04/26/2026 03:26:36 AM INFO mip_v1 - print: ============================================================
04/26/2026 03:26:36 AM INFO mip_v1 - print: Gurobi native log file: D:\Project_Code\Paper\DP_LBBD_1\DP_lbbd\Algorithm\Results\mip_v1\large\exp_7f_70j_seed3\log\exp_7f_70j_seed3_gurobi.log
04/26/2026 03:56:43 AM INFO mip_v1 - print: 
04/26/2026 03:56:43 AM INFO mip_v1 - print: ============================================================
04/26/2026 03:56:43 AM INFO mip_v1 - print: SOLUTION SUMMARY
04/26/2026 03:56:43 AM INFO mip_v1 - print: ============================================================
04/26/2026 03:56:43 AM INFO mip_v1 - print: ⚠ Time limit reached, best solution found:
04/26/2026 03:56:43 AM INFO mip_v1 - print: 
04/26/2026 03:56:43 AM INFO mip_v1 - print: Objective Value (Total Profit): 20358.39
04/26/2026 03:56:43 AM INFO mip_v1 - print: MIP Gap: 34.58%
04/26/2026 03:56:43 AM INFO mip_v1 - print: 
04/26/2026 03:56:43 AM INFO mip_v1 - print: 📋 Accepted Orders (54/70): [1, 2, 3, 4, 5, 6, 8, 9, 10, 12, 14, 16, 17, 18, 19, 20, 21, 22, 23, 25, 26, 27, 28, 29, 30, 31, 32, 33, 34, 35, 36, 38, 39, 40, 43, 44, 45, 47, 48, 49, 51, 52, 53, 54, 55, 56, 59, 60, 61, 63, 64, 65, 67, 70]
04/26/2026 03:56:43 AM INFO mip_v1 - print: 
04/26/2026 03:56:43 AM INFO mip_v1 - print: ------------------------------------------------------------
04/26/2026 03:56:43 AM INFO mip_v1 - print: ORDER ALLOCATION DETAILS
04/26/2026 03:56:43 AM INFO mip_v1 - print: ------------------------------------------------------------
04/26/2026 03:56:43 AM INFO mip_v1 - print: 
04/26/2026 03:56:43 AM INFO mip_v1 - print: Order 1 → Factory 3
04/26/2026 03:56:43 AM INFO mip_v1 - print:   Machine 1: completion time = 54.88
04/26/2026 03:56:43 AM INFO mip_v1 - print:   Machine 2: completion time = 64.45
04/26/2026 03:56:43 AM INFO mip_v1 - print:   Machine 3: completion time = 86.20
04/26/2026 03:56:43 AM INFO mip_v1 - print:   Machine 4: completion time = 96.18
04/26/2026 03:56:43 AM INFO mip_v1 - print:   Delivery: 97.18 (Deadline: 100.10, Delay: 0.00)
04/26/2026 03:56:43 AM INFO mip_v1 - print: 
04/26/2026 03:56:43 AM INFO mip_v1 - print: Order 2 → Factory 3
04/26/2026 03:56:43 AM INFO mip_v1 - print:   Machine 1: completion time = 11.93
04/26/2026 03:56:43 AM INFO mip_v1 - print:   Machine 2: completion time = 19.91
04/26/2026 03:56:43 AM INFO mip_v1 - print:   Machine 3: completion time = 29.22
04/26/2026 03:56:43 AM INFO mip_v1 - print:   Machine 4: completion time = 38.15
04/26/2026 03:56:43 AM INFO mip_v1 - print:   Delivery: 43.45 (Deadline: 56.50, Delay: 0.00)
04/26/2026 03:56:43 AM INFO mip_v1 - print: 
04/26/2026 03:56:43 AM INFO mip_v1 - print: Order 3 → Factory 2
04/26/2026 03:56:43 AM INFO mip_v1 - print:   Machine 1: completion time = 33.48
04/26/2026 03:56:43 AM INFO mip_v1 - print:   Machine 2: completion time = 41.07
04/26/2026 03:56:43 AM INFO mip_v1 - print:   Machine 3: completion time = 45.67
04/26/2026 03:56:43 AM INFO mip_v1 - print:   Delivery: 54.07 (Deadline: 63.70, Delay: 0.00)
04/26/2026 03:56:43 AM INFO mip_v1 - print: 
04/26/2026 03:56:43 AM INFO mip_v1 - print: Order 4 → Factory 2
04/26/2026 03:56:43 AM INFO mip_v1 - print:   Machine 1: completion time = 28.23
04/26/2026 03:56:43 AM INFO mip_v1 - print:   Machine 2: completion time = 35.79
04/26/2026 03:56:43 AM INFO mip_v1 - print:   Machine 3: completion time = 60.80
04/26/2026 03:56:43 AM INFO mip_v1 - print:   Delivery: 63.70 (Deadline: 65.00, Delay: 0.00)
04/26/2026 03:56:43 AM INFO mip_v1 - print: 
04/26/2026 03:56:43 AM INFO mip_v1 - print: Order 5 → Factory 2
04/26/2026 03:56:43 AM INFO mip_v1 - print:   Machine 1: completion time = 20.56
04/26/2026 03:56:43 AM INFO mip_v1 - print:   Machine 2: completion time = 29.78
04/26/2026 03:56:43 AM INFO mip_v1 - print:   Machine 3: completion time = 37.86
04/26/2026 03:56:43 AM INFO mip_v1 - print:   Delivery: 39.16 (Deadline: 44.70, Delay: 0.00)
04/26/2026 03:56:43 AM INFO mip_v1 - print: 
04/26/2026 03:56:43 AM INFO mip_v1 - print: Order 6 → Factory 2
04/26/2026 03:56:43 AM INFO mip_v1 - print:   Machine 1: completion time = 49.56
04/26/2026 03:56:43 AM INFO mip_v1 - print:   Machine 2: completion time = 59.12
04/26/2026 03:56:43 AM INFO mip_v1 - print:   Machine 3: completion time = 68.86
04/26/2026 03:56:43 AM INFO mip_v1 - print:   Delivery: 76.46 (Deadline: 89.70, Delay: 0.00)
04/26/2026 03:56:43 AM INFO mip_v1 - print: 
04/26/2026 03:56:43 AM INFO mip_v1 - print: Order 8 → Factory 2
04/26/2026 03:56:43 AM INFO mip_v1 - print:   Machine 1: completion time = 67.26
04/26/2026 03:56:43 AM INFO mip_v1 - print:   Machine 2: completion time = 76.83
04/26/2026 03:56:43 AM INFO mip_v1 - print:   Machine 3: completion time = 84.20
04/26/2026 03:56:43 AM INFO mip_v1 - print:   Delivery: 88.10 (Deadline: 88.10, Delay: 0.00)
04/26/2026 03:56:43 AM INFO mip_v1 - print: 
04/26/2026 03:56:43 AM INFO mip_v1 - print: Order 9 → Factory 6
04/26/2026 03:56:43 AM INFO mip_v1 - print:   Machine 1: completion time = 35.13
04/26/2026 03:56:43 AM INFO mip_v1 - print:   Machine 2: completion time = 45.63
04/26/2026 03:56:43 AM INFO mip_v1 - print:   Machine 3: completion time = 57.07
04/26/2026 03:56:43 AM INFO mip_v1 - print:   Delivery: 59.57 (Deadline: 71.90, Delay: 0.00)
04/26/2026 03:56:43 AM INFO mip_v1 - print: 
04/26/2026 03:56:43 AM INFO mip_v1 - print: Order 10 → Factory 5
04/26/2026 03:56:43 AM INFO mip_v1 - print:   Machine 1: completion time = 72.32
04/26/2026 03:56:43 AM INFO mip_v1 - print:   Machine 2: completion time = 85.62
04/26/2026 03:56:43 AM INFO mip_v1 - print:   Machine 3: completion time = 93.22
04/26/2026 03:56:43 AM INFO mip_v1 - print:   Delivery: 97.72 (Deadline: 104.10, Delay: 0.00)
04/26/2026 03:56:43 AM INFO mip_v1 - print: 
04/26/2026 03:56:43 AM INFO mip_v1 - print: Order 12 → Factory 4
04/26/2026 03:56:43 AM INFO mip_v1 - print:   Machine 1: completion time = 9.59
04/26/2026 03:56:43 AM INFO mip_v1 - print:   Machine 2: completion time = 17.36
04/26/2026 03:56:43 AM INFO mip_v1 - print:   Machine 3: completion time = 25.57
04/26/2026 03:56:43 AM INFO mip_v1 - print:   Delivery: 30.17 (Deadline: 50.50, Delay: 0.00)
04/26/2026 03:56:43 AM INFO mip_v1 - print: 
04/26/2026 03:56:43 AM INFO mip_v1 - print: Order 14 → Factory 1
04/26/2026 03:56:43 AM INFO mip_v1 - print:   Machine 1: completion time = 31.62
04/26/2026 03:56:43 AM INFO mip_v1 - print:   Machine 2: completion time = 43.70
04/26/2026 03:56:43 AM INFO mip_v1 - print:   Machine 3: completion time = 53.34
04/26/2026 03:56:43 AM INFO mip_v1 - print:   Machine 4: completion time = 60.68
04/26/2026 03:56:43 AM INFO mip_v1 - print:   Machine 5: completion time = 69.32
04/26/2026 03:56:43 AM INFO mip_v1 - print:   Delivery: 70.92 (Deadline: 70.80, Delay: 0.12)
04/26/2026 03:56:43 AM INFO mip_v1 - print: 
04/26/2026 03:56:43 AM INFO mip_v1 - print: Order 16 → Factory 6
04/26/2026 03:56:43 AM INFO mip_v1 - print:   Machine 1: completion time = 44.29
04/26/2026 03:56:43 AM INFO mip_v1 - print:   Machine 2: completion time = 53.31
04/26/2026 03:56:43 AM INFO mip_v1 - print:   Machine 3: completion time = 65.55
04/26/2026 03:56:43 AM INFO mip_v1 - print:   Delivery: 68.95 (Deadline: 72.70, Delay: 0.00)
04/26/2026 03:56:43 AM INFO mip_v1 - print: 
04/26/2026 03:56:43 AM INFO mip_v1 - print: Order 17 → Factory 2
04/26/2026 03:56:43 AM INFO mip_v1 - print:   Machine 1: completion time = 40.10
04/26/2026 03:56:43 AM INFO mip_v1 - print:   Machine 2: completion time = 49.56
04/26/2026 03:56:43 AM INFO mip_v1 - print:   Machine 3: completion time = 55.40
04/26/2026 03:56:43 AM INFO mip_v1 - print:   Delivery: 60.70 (Deadline: 60.70, Delay: 0.00)
04/26/2026 03:56:43 AM INFO mip_v1 - print: 
04/26/2026 03:56:43 AM INFO mip_v1 - print: Order 18 → Factory 1
04/26/2026 03:56:43 AM INFO mip_v1 - print:   Machine 1: completion time = 61.90
04/26/2026 03:56:43 AM INFO mip_v1 - print:   Machine 2: completion time = 72.30
04/26/2026 03:56:43 AM INFO mip_v1 - print:   Machine 3: completion time = 82.18
04/26/2026 03:56:43 AM INFO mip_v1 - print:   Machine 4: completion time = 91.03
04/26/2026 03:56:43 AM INFO mip_v1 - print:   Machine 5: completion time = 99.77
04/26/2026 03:56:43 AM INFO mip_v1 - print:   Delivery: 101.37 (Deadline: 106.70, Delay: 0.00)
04/26/2026 03:56:43 AM INFO mip_v1 - print: 
04/26/2026 03:56:43 AM INFO mip_v1 - print: Order 19 → Factory 4
04/26/2026 03:56:43 AM INFO mip_v1 - print:   Machine 1: completion time = 82.47
04/26/2026 03:56:43 AM INFO mip_v1 - print:   Machine 2: completion time = 91.57
04/26/2026 03:56:43 AM INFO mip_v1 - print:   Machine 3: completion time = 108.63
04/26/2026 03:56:43 AM INFO mip_v1 - print:   Delivery: 114.43 (Deadline: 114.60, Delay: 0.00)
04/26/2026 03:56:43 AM INFO mip_v1 - print: 
04/26/2026 03:56:43 AM INFO mip_v1 - print: Order 20 → Factory 5
04/26/2026 03:56:43 AM INFO mip_v1 - print:   Machine 1: completion time = 43.82
04/26/2026 03:56:43 AM INFO mip_v1 - print:   Machine 2: completion time = 54.98
04/26/2026 03:56:43 AM INFO mip_v1 - print:   Machine 3: completion time = 59.98
04/26/2026 03:56:43 AM INFO mip_v1 - print:   Delivery: 61.38 (Deadline: 76.40, Delay: 0.00)
04/26/2026 03:56:43 AM INFO mip_v1 - print: 
04/26/2026 03:56:43 AM INFO mip_v1 - print: Order 21 → Factory 4
04/26/2026 03:56:43 AM INFO mip_v1 - print:   Machine 1: completion time = 63.33
04/26/2026 03:56:43 AM INFO mip_v1 - print:   Machine 2: completion time = 73.62
04/26/2026 03:56:43 AM INFO mip_v1 - print:   Machine 3: completion time = 84.93
04/26/2026 03:56:43 AM INFO mip_v1 - print:   Delivery: 87.73 (Deadline: 93.00, Delay: 0.00)
04/26/2026 03:56:43 AM INFO mip_v1 - print: 
04/26/2026 03:56:43 AM INFO mip_v1 - print: Order 22 → Factory 5
04/26/2026 03:56:43 AM INFO mip_v1 - print:   Machine 1: completion time = 55.58
04/26/2026 03:56:43 AM INFO mip_v1 - print:   Machine 2: completion time = 65.97
04/26/2026 03:56:43 AM INFO mip_v1 - print:   Machine 3: completion time = 74.41
04/26/2026 03:56:43 AM INFO mip_v1 - print:   Delivery: 75.41 (Deadline: 85.50, Delay: 0.00)
04/26/2026 03:56:43 AM INFO mip_v1 - print: 
04/26/2026 03:56:43 AM INFO mip_v1 - print: Order 23 → Factory 7
04/26/2026 03:56:43 AM INFO mip_v1 - print:   Machine 1: completion time = 56.31
04/26/2026 03:56:43 AM INFO mip_v1 - print:   Machine 2: completion time = 64.17
04/26/2026 03:56:43 AM INFO mip_v1 - print:   Machine 3: completion time = 71.86
04/26/2026 03:56:43 AM INFO mip_v1 - print:   Machine 4: completion time = 79.33
04/26/2026 03:56:43 AM INFO mip_v1 - print:   Delivery: 84.23 (Deadline: 88.70, Delay: 0.00)
04/26/2026 03:56:43 AM INFO mip_v1 - print: 
04/26/2026 03:56:43 AM INFO mip_v1 - print: Order 25 → Factory 7
04/26/2026 03:56:43 AM INFO mip_v1 - print:   Machine 1: completion time = 42.78
04/26/2026 03:56:43 AM INFO mip_v1 - print:   Machine 2: completion time = 49.69
04/26/2026 03:56:43 AM INFO mip_v1 - print:   Machine 3: completion time = 56.41
04/26/2026 03:56:43 AM INFO mip_v1 - print:   Machine 4: completion time = 62.74
04/26/2026 03:56:43 AM INFO mip_v1 - print:   Delivery: 71.14 (Deadline: 90.00, Delay: 0.00)
04/26/2026 03:56:43 AM INFO mip_v1 - print: 
04/26/2026 03:56:43 AM INFO mip_v1 - print: Order 26 → Factory 5
04/26/2026 03:56:43 AM INFO mip_v1 - print:   Machine 1: completion time = 31.03
04/26/2026 03:56:43 AM INFO mip_v1 - print:   Machine 2: completion time = 41.05
04/26/2026 03:56:43 AM INFO mip_v1 - print:   Machine 3: completion time = 54.98
04/26/2026 03:56:43 AM INFO mip_v1 - print:   Delivery: 56.48 (Deadline: 78.10, Delay: 0.00)
04/26/2026 03:56:43 AM INFO mip_v1 - print: 
04/26/2026 03:56:43 AM INFO mip_v1 - print: Order 27 → Factory 2
04/26/2026 03:56:43 AM INFO mip_v1 - print:   Machine 1: completion time = 58.43
04/26/2026 03:56:43 AM INFO mip_v1 - print:   Machine 2: completion time = 68.41
04/26/2026 03:56:43 AM INFO mip_v1 - print:   Machine 3: completion time = 76.90
04/26/2026 03:56:43 AM INFO mip_v1 - print:   Delivery: 85.10 (Deadline: 91.80, Delay: 0.00)
04/26/2026 03:56:43 AM INFO mip_v1 - print: 
04/26/2026 03:56:43 AM INFO mip_v1 - print: Order 28 → Factory 5
04/26/2026 03:56:43 AM INFO mip_v1 - print:   Machine 1: completion time = 14.00
04/26/2026 03:56:43 AM INFO mip_v1 - print:   Machine 2: completion time = 22.47
04/26/2026 03:56:43 AM INFO mip_v1 - print:   Machine 3: completion time = 30.70
04/26/2026 03:56:43 AM INFO mip_v1 - print:   Delivery: 36.40 (Deadline: 65.40, Delay: 0.00)
04/26/2026 03:56:43 AM INFO mip_v1 - print: 
04/26/2026 03:56:43 AM INFO mip_v1 - print: Order 29 → Factory 1
04/26/2026 03:56:43 AM INFO mip_v1 - print:   Machine 1: completion time = 24.36
04/26/2026 03:56:43 AM INFO mip_v1 - print:   Machine 2: completion time = 35.02
04/26/2026 03:56:43 AM INFO mip_v1 - print:   Machine 3: completion time = 44.51
04/26/2026 03:56:43 AM INFO mip_v1 - print:   Machine 4: completion time = 53.34
04/26/2026 03:56:43 AM INFO mip_v1 - print:   Machine 5: completion time = 62.02
04/26/2026 03:56:43 AM INFO mip_v1 - print:   Delivery: 65.92 (Deadline: 76.90, Delay: 0.00)
04/26/2026 03:56:43 AM INFO mip_v1 - print: 
04/26/2026 03:56:43 AM INFO mip_v1 - print: Order 30 → Factory 3
04/26/2026 03:56:43 AM INFO mip_v1 - print:   Machine 1: completion time = 69.82
04/26/2026 03:56:43 AM INFO mip_v1 - print:   Machine 2: completion time = 78.71
04/26/2026 03:56:43 AM INFO mip_v1 - print:   Machine 3: completion time = 96.18
04/26/2026 03:56:43 AM INFO mip_v1 - print:   Machine 4: completion time = 105.71
04/26/2026 03:56:43 AM INFO mip_v1 - print:   Delivery: 106.61 (Deadline: 110.70, Delay: 0.00)
04/26/2026 03:56:43 AM INFO mip_v1 - print: 
04/26/2026 03:56:43 AM INFO mip_v1 - print: Order 31 → Factory 1
04/26/2026 03:56:43 AM INFO mip_v1 - print:   Machine 1: completion time = 77.68
04/26/2026 03:56:43 AM INFO mip_v1 - print:   Machine 2: completion time = 86.00
04/26/2026 03:56:43 AM INFO mip_v1 - print:   Machine 3: completion time = 99.40
04/26/2026 03:56:43 AM INFO mip_v1 - print:   Machine 4: completion time = 105.72
04/26/2026 03:56:43 AM INFO mip_v1 - print:   Machine 5: completion time = 111.74
04/26/2026 03:56:43 AM INFO mip_v1 - print:   Delivery: 112.44 (Deadline: 112.90, Delay: 0.00)
04/26/2026 03:56:43 AM INFO mip_v1 - print: 
04/26/2026 03:56:43 AM INFO mip_v1 - print: Order 32 → Factory 3
04/26/2026 03:56:43 AM INFO mip_v1 - print:   Machine 1: completion time = 22.32
04/26/2026 03:56:43 AM INFO mip_v1 - print:   Machine 2: completion time = 28.09
04/26/2026 03:56:43 AM INFO mip_v1 - print:   Machine 3: completion time = 35.56
04/26/2026 03:56:43 AM INFO mip_v1 - print:   Machine 4: completion time = 44.70
04/26/2026 03:56:43 AM INFO mip_v1 - print:   Delivery: 45.20 (Deadline: 57.10, Delay: 0.00)
04/26/2026 03:56:43 AM INFO mip_v1 - print: 
04/26/2026 03:56:43 AM INFO mip_v1 - print: Order 33 → Factory 5
04/26/2026 03:56:43 AM INFO mip_v1 - print:   Machine 1: completion time = 93.99
04/26/2026 03:56:43 AM INFO mip_v1 - print:   Machine 2: completion time = 107.43
04/26/2026 03:56:43 AM INFO mip_v1 - print:   Machine 3: completion time = 118.00
04/26/2026 03:56:43 AM INFO mip_v1 - print:   Delivery: 119.80 (Deadline: 119.80, Delay: 0.00)
04/26/2026 03:56:43 AM INFO mip_v1 - print: 
04/26/2026 03:56:43 AM INFO mip_v1 - print: Order 34 → Factory 5
04/26/2026 03:56:43 AM INFO mip_v1 - print:   Machine 1: completion time = 21.57
04/26/2026 03:56:43 AM INFO mip_v1 - print:   Machine 2: completion time = 30.70
04/26/2026 03:56:43 AM INFO mip_v1 - print:   Machine 3: completion time = 37.25
04/26/2026 03:56:43 AM INFO mip_v1 - print:   Delivery: 41.95 (Deadline: 56.30, Delay: 0.00)
04/26/2026 03:56:43 AM INFO mip_v1 - print: 
04/26/2026 03:56:43 AM INFO mip_v1 - print: Order 35 → Factory 4
04/26/2026 03:56:43 AM INFO mip_v1 - print:   Machine 1: completion time = 51.43
04/26/2026 03:56:43 AM INFO mip_v1 - print:   Machine 2: completion time = 58.98
04/26/2026 03:56:43 AM INFO mip_v1 - print:   Machine 3: completion time = 69.96
04/26/2026 03:56:43 AM INFO mip_v1 - print:   Delivery: 72.76 (Deadline: 93.10, Delay: 0.00)
04/26/2026 03:56:43 AM INFO mip_v1 - print: 
04/26/2026 03:56:43 AM INFO mip_v1 - print: Order 36 → Factory 2
04/26/2026 03:56:43 AM INFO mip_v1 - print:   Machine 1: completion time = 81.91
04/26/2026 03:56:43 AM INFO mip_v1 - print:   Machine 2: completion time = 95.53
04/26/2026 03:56:43 AM INFO mip_v1 - print:   Machine 3: completion time = 101.10
04/26/2026 03:56:43 AM INFO mip_v1 - print:   Delivery: 107.80 (Deadline: 107.80, Delay: 0.00)
04/26/2026 03:56:43 AM INFO mip_v1 - print: 
04/26/2026 03:56:43 AM INFO mip_v1 - print: Order 38 → Factory 1
04/26/2026 03:56:43 AM INFO mip_v1 - print:   Machine 1: completion time = 49.35
04/26/2026 03:56:43 AM INFO mip_v1 - print:   Machine 2: completion time = 56.70
04/26/2026 03:56:43 AM INFO mip_v1 - print:   Machine 3: completion time = 70.97
04/26/2026 03:56:43 AM INFO mip_v1 - print:   Machine 4: completion time = 79.08
04/26/2026 03:56:43 AM INFO mip_v1 - print:   Machine 5: completion time = 87.71
04/26/2026 03:56:43 AM INFO mip_v1 - print:   Delivery: 90.71 (Deadline: 92.10, Delay: 0.00)
04/26/2026 03:56:43 AM INFO mip_v1 - print: 
04/26/2026 03:56:43 AM INFO mip_v1 - print: Order 39 → Factory 1
04/26/2026 03:56:43 AM INFO mip_v1 - print:   Machine 1: completion time = 71.74
04/26/2026 03:56:43 AM INFO mip_v1 - print:   Machine 2: completion time = 78.90
04/26/2026 03:56:43 AM INFO mip_v1 - print:   Machine 3: completion time = 88.69
04/26/2026 03:56:43 AM INFO mip_v1 - print:   Machine 4: completion time = 99.40
04/26/2026 03:56:43 AM INFO mip_v1 - print:   Machine 5: completion time = 105.72
04/26/2026 03:56:43 AM INFO mip_v1 - print:   Delivery: 113.12 (Deadline: 113.60, Delay: 0.00)
04/26/2026 03:56:43 AM INFO mip_v1 - print: 
04/26/2026 03:56:43 AM INFO mip_v1 - print: Order 40 → Factory 7
04/26/2026 03:56:43 AM INFO mip_v1 - print:   Machine 1: completion time = 69.30
04/26/2026 03:56:43 AM INFO mip_v1 - print:   Machine 2: completion time = 80.39
04/26/2026 03:56:43 AM INFO mip_v1 - print:   Machine 3: completion time = 87.82
04/26/2026 03:56:43 AM INFO mip_v1 - print:   Machine 4: completion time = 95.56
04/26/2026 03:56:43 AM INFO mip_v1 - print:   Delivery: 100.36 (Deadline: 100.30, Delay: 0.06)
04/26/2026 03:56:43 AM INFO mip_v1 - print: 
04/26/2026 03:56:43 AM INFO mip_v1 - print: Order 43 → Factory 4
04/26/2026 03:56:43 AM INFO mip_v1 - print:   Machine 1: completion time = 74.37
04/26/2026 03:56:43 AM INFO mip_v1 - print:   Machine 2: completion time = 84.93
04/26/2026 03:56:43 AM INFO mip_v1 - print:   Machine 3: completion time = 96.64
04/26/2026 03:56:43 AM INFO mip_v1 - print:   Delivery: 102.54 (Deadline: 99.20, Delay: 3.34)
04/26/2026 03:56:43 AM INFO mip_v1 - print: 
04/26/2026 03:56:43 AM INFO mip_v1 - print: Order 44 → Factory 7
04/26/2026 03:56:43 AM INFO mip_v1 - print:   Machine 1: completion time = 47.95
04/26/2026 03:56:43 AM INFO mip_v1 - print:   Machine 2: completion time = 56.31
04/26/2026 03:56:43 AM INFO mip_v1 - print:   Machine 3: completion time = 62.54
04/26/2026 03:56:43 AM INFO mip_v1 - print:   Machine 4: completion time = 68.57
04/26/2026 03:56:43 AM INFO mip_v1 - print:   Delivery: 72.57 (Deadline: 76.00, Delay: 0.00)
04/26/2026 03:56:43 AM INFO mip_v1 - print: 
04/26/2026 03:56:43 AM INFO mip_v1 - print: Order 45 → Factory 5
04/26/2026 03:56:43 AM INFO mip_v1 - print:   Machine 1: completion time = 37.87
04/26/2026 03:56:43 AM INFO mip_v1 - print:   Machine 2: completion time = 48.50
04/26/2026 03:56:43 AM INFO mip_v1 - print:   Machine 3: completion time = 65.97
04/26/2026 03:56:43 AM INFO mip_v1 - print:   Delivery: 69.37 (Deadline: 74.30, Delay: 0.00)
04/26/2026 03:56:43 AM INFO mip_v1 - print: 
04/26/2026 03:56:43 AM INFO mip_v1 - print: Order 47 → Factory 6
04/26/2026 03:56:43 AM INFO mip_v1 - print:   Machine 1: completion time = 54.40
04/26/2026 03:56:43 AM INFO mip_v1 - print:   Machine 2: completion time = 63.52
04/26/2026 03:56:43 AM INFO mip_v1 - print:   Machine 3: completion time = 75.87
04/26/2026 03:56:43 AM INFO mip_v1 - print:   Delivery: 76.17 (Deadline: 83.20, Delay: 0.00)
04/26/2026 03:56:43 AM INFO mip_v1 - print: 
04/26/2026 03:56:43 AM INFO mip_v1 - print: Order 48 → Factory 3
04/26/2026 03:56:43 AM INFO mip_v1 - print:   Machine 1: completion time = 61.32
04/26/2026 03:56:43 AM INFO mip_v1 - print:   Machine 2: completion time = 69.74
04/26/2026 03:56:43 AM INFO mip_v1 - print:   Machine 3: completion time = 75.71
04/26/2026 03:56:43 AM INFO mip_v1 - print:   Machine 4: completion time = 85.71
04/26/2026 03:56:43 AM INFO mip_v1 - print:   Delivery: 87.31 (Deadline: 96.20, Delay: 0.00)
04/26/2026 03:56:43 AM INFO mip_v1 - print: 
04/26/2026 03:56:43 AM INFO mip_v1 - print: Order 49 → Factory 7
04/26/2026 03:56:43 AM INFO mip_v1 - print:   Machine 1: completion time = 76.02
04/26/2026 03:56:43 AM INFO mip_v1 - print:   Machine 2: completion time = 88.60
04/26/2026 03:56:43 AM INFO mip_v1 - print:   Machine 3: completion time = 96.02
04/26/2026 03:56:43 AM INFO mip_v1 - print:   Machine 4: completion time = 103.26
04/26/2026 03:56:43 AM INFO mip_v1 - print:   Delivery: 104.56 (Deadline: 102.20, Delay: 2.36)
04/26/2026 03:56:43 AM INFO mip_v1 - print: 
04/26/2026 03:56:43 AM INFO mip_v1 - print: Order 51 → Factory 6
04/26/2026 03:56:43 AM INFO mip_v1 - print:   Machine 1: completion time = 65.34
04/26/2026 03:56:43 AM INFO mip_v1 - print:   Machine 2: completion time = 73.15
04/26/2026 03:56:43 AM INFO mip_v1 - print:   Machine 3: completion time = 95.58
04/26/2026 03:56:43 AM INFO mip_v1 - print:   Delivery: 97.78 (Deadline: 111.00, Delay: 0.00)
04/26/2026 03:56:43 AM INFO mip_v1 - print: 
04/26/2026 03:56:43 AM INFO mip_v1 - print: Order 52 → Factory 4
04/26/2026 03:56:43 AM INFO mip_v1 - print:   Machine 1: completion time = 42.80
04/26/2026 03:56:43 AM INFO mip_v1 - print:   Machine 2: completion time = 51.27
04/26/2026 03:56:43 AM INFO mip_v1 - print:   Machine 3: completion time = 61.60
04/26/2026 03:56:43 AM INFO mip_v1 - print:   Delivery: 63.60 (Deadline: 63.60, Delay: 0.00)
04/26/2026 03:56:43 AM INFO mip_v1 - print: 
04/26/2026 03:56:43 AM INFO mip_v1 - print: Order 53 → Factory 4
04/26/2026 03:56:43 AM INFO mip_v1 - print:   Machine 1: completion time = 31.76
04/26/2026 03:56:43 AM INFO mip_v1 - print:   Machine 2: completion time = 40.91
04/26/2026 03:56:43 AM INFO mip_v1 - print:   Machine 3: completion time = 53.66
04/26/2026 03:56:43 AM INFO mip_v1 - print:   Delivery: 55.46 (Deadline: 57.40, Delay: 0.00)
04/26/2026 03:56:43 AM INFO mip_v1 - print: 
04/26/2026 03:56:43 AM INFO mip_v1 - print: Order 54 → Factory 4
04/26/2026 03:56:43 AM INFO mip_v1 - print:   Machine 1: completion time = 22.30
04/26/2026 03:56:43 AM INFO mip_v1 - print:   Machine 2: completion time = 32.55
04/26/2026 03:56:43 AM INFO mip_v1 - print:   Machine 3: completion time = 43.58
04/26/2026 03:56:43 AM INFO mip_v1 - print:   Delivery: 44.98 (Deadline: 66.70, Delay: 0.00)
04/26/2026 03:56:43 AM INFO mip_v1 - print: 
04/26/2026 03:56:43 AM INFO mip_v1 - print: Order 55 → Factory 2
04/26/2026 03:56:43 AM INFO mip_v1 - print:   Machine 1: completion time = 75.45
04/26/2026 03:56:43 AM INFO mip_v1 - print:   Machine 2: completion time = 85.08
04/26/2026 03:56:43 AM INFO mip_v1 - print:   Machine 3: completion time = 91.74
04/26/2026 03:56:43 AM INFO mip_v1 - print:   Delivery: 97.34 (Deadline: 104.30, Delay: 0.00)
04/26/2026 03:56:43 AM INFO mip_v1 - print: 
04/26/2026 03:56:43 AM INFO mip_v1 - print: Order 56 → Factory 1
04/26/2026 03:56:43 AM INFO mip_v1 - print:   Machine 1: completion time = 12.16
04/26/2026 03:56:43 AM INFO mip_v1 - print:   Machine 2: completion time = 22.25
04/26/2026 03:56:43 AM INFO mip_v1 - print:   Machine 3: completion time = 32.26
04/26/2026 03:56:43 AM INFO mip_v1 - print:   Machine 4: completion time = 41.53
04/26/2026 03:56:43 AM INFO mip_v1 - print:   Machine 5: completion time = 50.54
04/26/2026 03:56:43 AM INFO mip_v1 - print:   Delivery: 52.44 (Deadline: 56.40, Delay: 0.00)
04/26/2026 03:56:43 AM INFO mip_v1 - print: 
04/26/2026 03:56:43 AM INFO mip_v1 - print: Order 59 → Factory 5
04/26/2026 03:56:43 AM INFO mip_v1 - print:   Machine 1: completion time = 64.22
04/26/2026 03:56:43 AM INFO mip_v1 - print:   Machine 2: completion time = 76.02
04/26/2026 03:56:43 AM INFO mip_v1 - print:   Machine 3: completion time = 83.50
04/26/2026 03:56:43 AM INFO mip_v1 - print:   Delivery: 86.50 (Deadline: 92.80, Delay: 0.00)
04/26/2026 03:56:43 AM INFO mip_v1 - print: 
04/26/2026 03:56:43 AM INFO mip_v1 - print: Order 60 → Factory 3
04/26/2026 03:56:43 AM INFO mip_v1 - print:   Machine 1: completion time = 77.93
04/26/2026 03:56:43 AM INFO mip_v1 - print:   Machine 2: completion time = 96.38
04/26/2026 03:56:43 AM INFO mip_v1 - print:   Machine 3: completion time = 105.71
04/26/2026 03:56:43 AM INFO mip_v1 - print:   Machine 4: completion time = 114.91
04/26/2026 03:56:43 AM INFO mip_v1 - print:   Delivery: 116.21 (Deadline: 113.30, Delay: 2.91)
04/26/2026 03:56:43 AM INFO mip_v1 - print: 
04/26/2026 03:56:43 AM INFO mip_v1 - print: Order 61 → Factory 2
04/26/2026 03:56:43 AM INFO mip_v1 - print:   Machine 1: completion time = 11.62
04/26/2026 03:56:43 AM INFO mip_v1 - print:   Machine 2: completion time = 19.01
04/26/2026 03:56:43 AM INFO mip_v1 - print:   Machine 3: completion time = 27.70
04/26/2026 03:56:43 AM INFO mip_v1 - print:   Delivery: 38.00 (Deadline: 38.00, Delay: 0.00)
04/26/2026 03:56:43 AM INFO mip_v1 - print: 
04/26/2026 03:56:43 AM INFO mip_v1 - print: Order 63 → Factory 5
04/26/2026 03:56:43 AM INFO mip_v1 - print:   Machine 1: completion time = 78.42
04/26/2026 03:56:43 AM INFO mip_v1 - print:   Machine 2: completion time = 92.60
04/26/2026 03:56:43 AM INFO mip_v1 - print:   Machine 3: completion time = 98.70
04/26/2026 03:56:43 AM INFO mip_v1 - print:   Delivery: 100.30 (Deadline: 104.00, Delay: 0.00)
04/26/2026 03:56:43 AM INFO mip_v1 - print: 
04/26/2026 03:56:43 AM INFO mip_v1 - print: Order 64 → Factory 6
04/26/2026 03:56:43 AM INFO mip_v1 - print:   Machine 1: completion time = 73.13
04/26/2026 03:56:43 AM INFO mip_v1 - print:   Machine 2: completion time = 79.81
04/26/2026 03:56:43 AM INFO mip_v1 - print:   Machine 3: completion time = 87.50
04/26/2026 03:56:43 AM INFO mip_v1 - print:   Delivery: 90.70 (Deadline: 90.80, Delay: 0.00)
04/26/2026 03:56:43 AM INFO mip_v1 - print: 
04/26/2026 03:56:43 AM INFO mip_v1 - print: Order 65 → Factory 3
04/26/2026 03:56:43 AM INFO mip_v1 - print:   Machine 1: completion time = 35.52
04/26/2026 03:56:43 AM INFO mip_v1 - print:   Machine 2: completion time = 46.37
04/26/2026 03:56:43 AM INFO mip_v1 - print:   Machine 3: completion time = 58.07
04/26/2026 03:56:43 AM INFO mip_v1 - print:   Machine 4: completion time = 69.92
04/26/2026 03:56:43 AM INFO mip_v1 - print:   Delivery: 71.62 (Deadline: 83.10, Delay: 0.00)
04/26/2026 03:56:43 AM INFO mip_v1 - print: 
04/26/2026 03:56:43 AM INFO mip_v1 - print: Order 67 → Factory 3
04/26/2026 03:56:43 AM INFO mip_v1 - print:   Machine 1: completion time = 46.37
04/26/2026 03:56:43 AM INFO mip_v1 - print:   Machine 2: completion time = 54.88
04/26/2026 03:56:43 AM INFO mip_v1 - print:   Machine 3: completion time = 67.72
04/26/2026 03:56:43 AM INFO mip_v1 - print:   Machine 4: completion time = 79.64
04/26/2026 03:56:43 AM INFO mip_v1 - print:   Delivery: 85.14 (Deadline: 97.20, Delay: 0.00)
04/26/2026 03:56:43 AM INFO mip_v1 - print: 
04/26/2026 03:56:43 AM INFO mip_v1 - print: Order 70 → Factory 7
04/26/2026 03:56:43 AM INFO mip_v1 - print:   Machine 1: completion time = 62.56
04/26/2026 03:56:43 AM INFO mip_v1 - print:   Machine 2: completion time = 71.86
04/26/2026 03:56:43 AM INFO mip_v1 - print:   Machine 3: completion time = 78.77
04/26/2026 03:56:43 AM INFO mip_v1 - print:   Machine 4: completion time = 86.02
04/26/2026 03:56:43 AM INFO mip_v1 - print:   Delivery: 93.62 (Deadline: 93.70, Delay: 0.00)
04/26/2026 03:56:43 AM INFO mip_v1 - print: 
04/26/2026 03:56:43 AM INFO mip_v1 - print: ------------------------------------------------------------
04/26/2026 03:56:43 AM INFO mip_v1 - print: COST BREAKDOWN
04/26/2026 03:56:43 AM INFO mip_v1 - print: ------------------------------------------------------------
04/26/2026 03:56:43 AM INFO mip_v1 - print: Total Revenue:          +    55909.00
04/26/2026 03:56:43 AM INFO mip_v1 - print: Production Cost:        -    23875.50
04/26/2026 03:56:43 AM INFO mip_v1 - print: Transport Cost:         -    11097.45
04/26/2026 03:56:43 AM INFO mip_v1 - print: Delay Penalty:          -      577.66
04/26/2026 03:56:43 AM INFO mip_v1 - print: ------------------------------------------------------------
04/26/2026 03:56:43 AM INFO mip_v1 - print: Total Profit:           =    20358.39
