05/04/2026 02:40:28 AM INFO mip_v1 - setup_solver_logging: ================================================================================
05/04/2026 02:40:28 AM INFO mip_v1 - setup_solver_logging: Logging started. Log file: D:\Project_Code\Paper\DP_LBBD_1\DP_lbbd\Algorithm\Results\mip_v1\xlarge\exp_10f_120j_seed1\log\exp_10f_120j_seed1_running.log
05/04/2026 02:40:28 AM INFO mip_v1 - print: BigM calculated: 193.6
05/04/2026 02:40:28 AM INFO mip_v1 - print: Adding variables...
05/04/2026 02:40:29 AM INFO mip_v1 - print: Total variables: 505560
05/04/2026 02:40:29 AM INFO mip_v1 - print: Adding constraints...
05/04/2026 02:40:43 AM INFO mip_v1 - print: Total constraints: 1011678
05/04/2026 02:40:43 AM INFO mip_v1 - print: Setting objective function...
05/04/2026 02:40:47 AM INFO mip_v1 - print: 
05/04/2026 02:40:47 AM INFO mip_v1 - print: ✓ Model LP written to: D:\Project_Code\Paper\DP_LBBD_1\DP_lbbd\Algorithm\MIP\production_model.lp
05/04/2026 02:40:47 AM INFO mip_v1 - print: 
05/04/2026 02:40:47 AM INFO mip_v1 - print: ============================================================
05/04/2026 02:40:47 AM INFO mip_v1 - print: Starting optimization...
05/04/2026 02:40:47 AM INFO mip_v1 - print: ============================================================
05/04/2026 02:40:47 AM INFO mip_v1 - print: Gurobi native log file: D:\Project_Code\Paper\DP_LBBD_1\DP_lbbd\Algorithm\Results\mip_v1\xlarge\exp_10f_120j_seed1\log\exp_10f_120j_seed1_gurobi.log
05/04/2026 03:40:58 AM INFO mip_v1 - print: 
05/04/2026 03:40:58 AM INFO mip_v1 - print: ============================================================
05/04/2026 03:40:58 AM INFO mip_v1 - print: SOLUTION SUMMARY
05/04/2026 03:40:58 AM INFO mip_v1 - print: ============================================================
05/04/2026 03:40:58 AM INFO mip_v1 - print: ⚠ Time limit reached, best solution found:
05/04/2026 03:40:58 AM INFO mip_v1 - print: 
05/04/2026 03:40:58 AM INFO mip_v1 - print: Objective Value (Total Profit): 33359.03
05/04/2026 03:40:58 AM INFO mip_v1 - print: MIP Gap: 52.47%
05/04/2026 03:40:58 AM INFO mip_v1 - print: 
05/04/2026 03:40:58 AM INFO mip_v1 - print: 📋 Accepted Orders (82/120): [1, 2, 5, 9, 10, 12, 13, 14, 16, 17, 18, 20, 21, 22, 24, 25, 26, 28, 29, 30, 31, 32, 33, 34, 35, 36, 38, 41, 42, 43, 44, 46, 49, 50, 51, 53, 55, 56, 57, 58, 59, 60, 61, 66, 67, 69, 70, 71, 73, 74, 76, 78, 79, 80, 81, 82, 83, 84, 86, 87, 88, 89, 90, 91, 92, 94, 96, 97, 98, 100, 102, 103, 105, 106, 107, 108, 110, 111, 114, 115, 116, 119]
05/04/2026 03:40:58 AM INFO mip_v1 - print: 
05/04/2026 03:40:58 AM INFO mip_v1 - print: ------------------------------------------------------------
05/04/2026 03:40:58 AM INFO mip_v1 - print: ORDER ALLOCATION DETAILS
05/04/2026 03:40:58 AM INFO mip_v1 - print: ------------------------------------------------------------
05/04/2026 03:40:58 AM INFO mip_v1 - print: 
05/04/2026 03:40:58 AM INFO mip_v1 - print: Order 1 → Factory 9
05/04/2026 03:40:58 AM INFO mip_v1 - print:   Machine 1: completion time = 36.74
05/04/2026 03:40:58 AM INFO mip_v1 - print:   Machine 2: completion time = 52.22
05/04/2026 03:40:58 AM INFO mip_v1 - print:   Machine 3: completion time = 66.18
05/04/2026 03:40:58 AM INFO mip_v1 - print:   Delivery: 70.18 (Deadline: 77.60, Delay: 0.00)
05/04/2026 03:40:58 AM INFO mip_v1 - print: 
05/04/2026 03:40:58 AM INFO mip_v1 - print: Order 2 → Factory 9
05/04/2026 03:40:58 AM INFO mip_v1 - print:   Machine 1: completion time = 50.98
05/04/2026 03:40:58 AM INFO mip_v1 - print:   Machine 2: completion time = 66.18
05/04/2026 03:40:58 AM INFO mip_v1 - print:   Machine 3: completion time = 77.75
05/04/2026 03:40:58 AM INFO mip_v1 - print:   Delivery: 81.85 (Deadline: 94.00, Delay: 0.00)
05/04/2026 03:40:58 AM INFO mip_v1 - print: 
05/04/2026 03:40:58 AM INFO mip_v1 - print: Order 5 → Factory 9
05/04/2026 03:40:58 AM INFO mip_v1 - print:   Machine 1: completion time = 152.55
05/04/2026 03:40:58 AM INFO mip_v1 - print:   Machine 2: completion time = 167.55
05/04/2026 03:40:58 AM INFO mip_v1 - print:   Machine 3: completion time = 181.30
05/04/2026 03:40:58 AM INFO mip_v1 - print:   Delivery: 184.10 (Deadline: 184.10, Delay: 0.00)
05/04/2026 03:40:58 AM INFO mip_v1 - print: 
05/04/2026 03:40:58 AM INFO mip_v1 - print: Order 9 → Factory 6
05/04/2026 03:40:58 AM INFO mip_v1 - print:   Machine 1: completion time = 104.38
05/04/2026 03:40:58 AM INFO mip_v1 - print:   Machine 2: completion time = 119.47
05/04/2026 03:40:58 AM INFO mip_v1 - print:   Machine 3: completion time = 133.23
05/04/2026 03:40:58 AM INFO mip_v1 - print:   Delivery: 139.23 (Deadline: 156.50, Delay: 0.00)
05/04/2026 03:40:58 AM INFO mip_v1 - print: 
05/04/2026 03:40:58 AM INFO mip_v1 - print: Order 10 → Factory 7
05/04/2026 03:40:58 AM INFO mip_v1 - print:   Machine 1: completion time = 67.20
05/04/2026 03:40:58 AM INFO mip_v1 - print:   Machine 2: completion time = 75.52
05/04/2026 03:40:58 AM INFO mip_v1 - print:   Machine 3: completion time = 87.75
05/04/2026 03:40:58 AM INFO mip_v1 - print:   Delivery: 89.35 (Deadline: 96.40, Delay: 0.00)
05/04/2026 03:40:58 AM INFO mip_v1 - print: 
05/04/2026 03:40:58 AM INFO mip_v1 - print: Order 12 → Factory 10
05/04/2026 03:40:58 AM INFO mip_v1 - print:   Machine 1: completion time = 34.81
05/04/2026 03:40:58 AM INFO mip_v1 - print:   Machine 2: completion time = 47.82
05/04/2026 03:40:58 AM INFO mip_v1 - print:   Machine 3: completion time = 60.11
05/04/2026 03:40:58 AM INFO mip_v1 - print:   Machine 4: completion time = 73.94
05/04/2026 03:40:58 AM INFO mip_v1 - print:   Delivery: 75.54 (Deadline: 88.00, Delay: 0.00)
05/04/2026 03:40:58 AM INFO mip_v1 - print: 
05/04/2026 03:40:58 AM INFO mip_v1 - print: Order 13 → Factory 3
05/04/2026 03:40:58 AM INFO mip_v1 - print:   Machine 1: completion time = 37.05
05/04/2026 03:40:58 AM INFO mip_v1 - print:   Machine 2: completion time = 48.82
05/04/2026 03:40:58 AM INFO mip_v1 - print:   Machine 3: completion time = 69.49
05/04/2026 03:40:58 AM INFO mip_v1 - print:   Delivery: 73.69 (Deadline: 76.30, Delay: 0.00)
05/04/2026 03:40:58 AM INFO mip_v1 - print: 
05/04/2026 03:40:58 AM INFO mip_v1 - print: Order 14 → Factory 8
05/04/2026 03:40:58 AM INFO mip_v1 - print:   Machine 1: completion time = 25.58
05/04/2026 03:40:58 AM INFO mip_v1 - print:   Machine 2: completion time = 40.55
05/04/2026 03:40:58 AM INFO mip_v1 - print:   Machine 3: completion time = 57.18
05/04/2026 03:40:58 AM INFO mip_v1 - print:   Machine 4: completion time = 71.31
05/04/2026 03:40:58 AM INFO mip_v1 - print:   Delivery: 73.31 (Deadline: 73.80, Delay: 0.00)
05/04/2026 03:40:58 AM INFO mip_v1 - print: 
05/04/2026 03:40:58 AM INFO mip_v1 - print: Order 16 → Factory 3
05/04/2026 03:40:58 AM INFO mip_v1 - print:   Machine 1: completion time = 28.00
05/04/2026 03:40:58 AM INFO mip_v1 - print:   Machine 2: completion time = 39.92
05/04/2026 03:40:58 AM INFO mip_v1 - print:   Machine 3: completion time = 45.33
05/04/2026 03:40:58 AM INFO mip_v1 - print:   Delivery: 49.33 (Deadline: 61.40, Delay: 0.00)
05/04/2026 03:40:58 AM INFO mip_v1 - print: 
05/04/2026 03:40:58 AM INFO mip_v1 - print: Order 17 → Factory 8
05/04/2026 03:40:58 AM INFO mip_v1 - print:   Machine 1: completion time = 69.20
05/04/2026 03:40:58 AM INFO mip_v1 - print:   Machine 2: completion time = 78.81
05/04/2026 03:40:58 AM INFO mip_v1 - print:   Machine 3: completion time = 90.07
05/04/2026 03:40:58 AM INFO mip_v1 - print:   Machine 4: completion time = 99.31
05/04/2026 03:40:58 AM INFO mip_v1 - print:   Delivery: 102.31 (Deadline: 112.60, Delay: 0.00)
05/04/2026 03:40:58 AM INFO mip_v1 - print: 
05/04/2026 03:40:58 AM INFO mip_v1 - print: Order 18 → Factory 3
05/04/2026 03:40:58 AM INFO mip_v1 - print:   Machine 1: completion time = 67.73
05/04/2026 03:40:58 AM INFO mip_v1 - print:   Machine 2: completion time = 81.15
05/04/2026 03:40:58 AM INFO mip_v1 - print:   Machine 3: completion time = 99.00
05/04/2026 03:40:58 AM INFO mip_v1 - print:   Delivery: 103.60 (Deadline: 119.60, Delay: 0.00)
05/04/2026 03:40:58 AM INFO mip_v1 - print: 
05/04/2026 03:40:58 AM INFO mip_v1 - print: Order 20 → Factory 3
05/04/2026 03:40:58 AM INFO mip_v1 - print:   Machine 1: completion time = 102.93
05/04/2026 03:40:58 AM INFO mip_v1 - print:   Machine 2: completion time = 116.32
05/04/2026 03:40:58 AM INFO mip_v1 - print:   Machine 3: completion time = 128.00
05/04/2026 03:40:58 AM INFO mip_v1 - print:   Delivery: 132.20 (Deadline: 132.20, Delay: 0.00)
05/04/2026 03:40:58 AM INFO mip_v1 - print: 
05/04/2026 03:40:58 AM INFO mip_v1 - print: Order 21 → Factory 1
05/04/2026 03:40:58 AM INFO mip_v1 - print:   Machine 1: completion time = 126.46
05/04/2026 03:40:58 AM INFO mip_v1 - print:   Machine 2: completion time = 135.98
05/04/2026 03:40:58 AM INFO mip_v1 - print:   Machine 3: completion time = 144.41
05/04/2026 03:40:58 AM INFO mip_v1 - print:   Machine 4: completion time = 154.16
05/04/2026 03:40:58 AM INFO mip_v1 - print:   Delivery: 155.66 (Deadline: 166.30, Delay: 0.00)
05/04/2026 03:40:58 AM INFO mip_v1 - print: 
05/04/2026 03:40:58 AM INFO mip_v1 - print: Order 22 → Factory 7
05/04/2026 03:40:58 AM INFO mip_v1 - print:   Machine 1: completion time = 48.96
05/04/2026 03:40:58 AM INFO mip_v1 - print:   Machine 2: completion time = 59.04
05/04/2026 03:40:58 AM INFO mip_v1 - print:   Machine 3: completion time = 64.68
05/04/2026 03:40:58 AM INFO mip_v1 - print:   Delivery: 69.18 (Deadline: 85.80, Delay: 0.00)
05/04/2026 03:40:58 AM INFO mip_v1 - print: 
05/04/2026 03:40:58 AM INFO mip_v1 - print: Order 24 → Factory 9
05/04/2026 03:40:58 AM INFO mip_v1 - print:   Machine 1: completion time = 70.09
05/04/2026 03:40:58 AM INFO mip_v1 - print:   Machine 2: completion time = 85.42
05/04/2026 03:40:58 AM INFO mip_v1 - print:   Machine 3: completion time = 95.06
05/04/2026 03:40:58 AM INFO mip_v1 - print:   Delivery: 98.16 (Deadline: 105.60, Delay: 0.00)
05/04/2026 03:40:58 AM INFO mip_v1 - print: 
05/04/2026 03:40:58 AM INFO mip_v1 - print: Order 25 → Factory 6
05/04/2026 03:40:58 AM INFO mip_v1 - print:   Machine 1: completion time = 59.67
05/04/2026 03:40:58 AM INFO mip_v1 - print:   Machine 2: completion time = 74.65
05/04/2026 03:40:58 AM INFO mip_v1 - print:   Machine 3: completion time = 90.05
05/04/2026 03:40:58 AM INFO mip_v1 - print:   Delivery: 96.55 (Deadline: 105.20, Delay: 0.00)
05/04/2026 03:40:58 AM INFO mip_v1 - print: 
05/04/2026 03:40:58 AM INFO mip_v1 - print: Order 26 → Factory 2
05/04/2026 03:40:58 AM INFO mip_v1 - print:   Machine 1: completion time = 23.24
05/04/2026 03:40:58 AM INFO mip_v1 - print:   Machine 2: completion time = 30.04
05/04/2026 03:40:58 AM INFO mip_v1 - print:   Machine 3: completion time = 35.62
05/04/2026 03:40:58 AM INFO mip_v1 - print:   Delivery: 37.32 (Deadline: 63.20, Delay: 0.00)
05/04/2026 03:40:58 AM INFO mip_v1 - print: 
05/04/2026 03:40:58 AM INFO mip_v1 - print: Order 28 → Factory 8
05/04/2026 03:40:58 AM INFO mip_v1 - print:   Machine 1: completion time = 95.06
05/04/2026 03:40:58 AM INFO mip_v1 - print:   Machine 2: completion time = 102.91
05/04/2026 03:40:58 AM INFO mip_v1 - print:   Machine 3: completion time = 111.83
05/04/2026 03:40:58 AM INFO mip_v1 - print:   Machine 4: completion time = 126.14
05/04/2026 03:40:58 AM INFO mip_v1 - print:   Delivery: 131.04 (Deadline: 135.30, Delay: 0.00)
05/04/2026 03:40:58 AM INFO mip_v1 - print: 
05/04/2026 03:40:58 AM INFO mip_v1 - print: Order 29 → Factory 3
05/04/2026 03:40:58 AM INFO mip_v1 - print:   Machine 1: completion time = 119.89
05/04/2026 03:40:58 AM INFO mip_v1 - print:   Machine 2: completion time = 134.43
05/04/2026 03:40:58 AM INFO mip_v1 - print:   Machine 3: completion time = 144.08
05/04/2026 03:40:58 AM INFO mip_v1 - print:   Delivery: 149.88 (Deadline: 155.20, Delay: 0.00)
05/04/2026 03:40:58 AM INFO mip_v1 - print: 
05/04/2026 03:40:58 AM INFO mip_v1 - print: Order 30 → Factory 7
05/04/2026 03:40:58 AM INFO mip_v1 - print:   Machine 1: completion time = 42.68
05/04/2026 03:40:58 AM INFO mip_v1 - print:   Machine 2: completion time = 53.20
05/04/2026 03:40:58 AM INFO mip_v1 - print:   Machine 3: completion time = 72.44
05/04/2026 03:40:58 AM INFO mip_v1 - print:   Delivery: 73.84 (Deadline: 97.50, Delay: 0.00)
05/04/2026 03:40:58 AM INFO mip_v1 - print: 
05/04/2026 03:40:58 AM INFO mip_v1 - print: Order 31 → Factory 9
05/04/2026 03:40:58 AM INFO mip_v1 - print:   Machine 1: completion time = 124.53
05/04/2026 03:40:58 AM INFO mip_v1 - print:   Machine 2: completion time = 141.29
05/04/2026 03:40:58 AM INFO mip_v1 - print:   Machine 3: completion time = 152.55
05/04/2026 03:40:58 AM INFO mip_v1 - print:   Delivery: 156.95 (Deadline: 157.20, Delay: 0.00)
05/04/2026 03:40:58 AM INFO mip_v1 - print: 
05/04/2026 03:40:58 AM INFO mip_v1 - print: Order 32 → Factory 3
05/04/2026 03:40:58 AM INFO mip_v1 - print:   Machine 1: completion time = 9.62
05/04/2026 03:40:58 AM INFO mip_v1 - print:   Machine 2: completion time = 15.53
05/04/2026 03:40:58 AM INFO mip_v1 - print:   Machine 3: completion time = 20.64
05/04/2026 03:40:58 AM INFO mip_v1 - print:   Delivery: 23.14 (Deadline: 41.60, Delay: 0.00)
05/04/2026 03:40:58 AM INFO mip_v1 - print: 
05/04/2026 03:40:58 AM INFO mip_v1 - print: Order 33 → Factory 2
05/04/2026 03:40:58 AM INFO mip_v1 - print:   Machine 1: completion time = 110.48
05/04/2026 03:40:58 AM INFO mip_v1 - print:   Machine 2: completion time = 139.63
05/04/2026 03:40:58 AM INFO mip_v1 - print:   Machine 3: completion time = 152.56
05/04/2026 03:40:58 AM INFO mip_v1 - print:   Delivery: 154.76 (Deadline: 160.00, Delay: 0.00)
05/04/2026 03:40:58 AM INFO mip_v1 - print: 
05/04/2026 03:40:58 AM INFO mip_v1 - print: Order 34 → Factory 6
05/04/2026 03:40:58 AM INFO mip_v1 - print:   Machine 1: completion time = 113.04
05/04/2026 03:40:58 AM INFO mip_v1 - print:   Machine 2: completion time = 129.18
05/04/2026 03:40:58 AM INFO mip_v1 - print:   Machine 3: completion time = 142.10
05/04/2026 03:40:58 AM INFO mip_v1 - print:   Delivery: 145.60 (Deadline: 157.70, Delay: 0.00)
05/04/2026 03:40:58 AM INFO mip_v1 - print: 
05/04/2026 03:40:58 AM INFO mip_v1 - print: Order 35 → Factory 7
05/04/2026 03:40:58 AM INFO mip_v1 - print:   Machine 1: completion time = 33.60
05/04/2026 03:40:58 AM INFO mip_v1 - print:   Machine 2: completion time = 41.88
05/04/2026 03:40:58 AM INFO mip_v1 - print:   Machine 3: completion time = 49.14
05/04/2026 03:40:58 AM INFO mip_v1 - print:   Delivery: 49.84 (Deadline: 62.90, Delay: 0.00)
05/04/2026 03:40:58 AM INFO mip_v1 - print: 
05/04/2026 03:40:58 AM INFO mip_v1 - print: Order 36 → Factory 3
05/04/2026 03:40:58 AM INFO mip_v1 - print:   Machine 1: completion time = 128.76
05/04/2026 03:40:58 AM INFO mip_v1 - print:   Machine 2: completion time = 148.23
05/04/2026 03:40:58 AM INFO mip_v1 - print:   Machine 3: completion time = 155.80
05/04/2026 03:40:58 AM INFO mip_v1 - print:   Delivery: 165.10 (Deadline: 165.10, Delay: 0.00)
05/04/2026 03:40:58 AM INFO mip_v1 - print: 
05/04/2026 03:40:58 AM INFO mip_v1 - print: Order 38 → Factory 3
05/04/2026 03:40:58 AM INFO mip_v1 - print:   Machine 1: completion time = 43.08
05/04/2026 03:40:58 AM INFO mip_v1 - print:   Machine 2: completion time = 55.10
05/04/2026 03:40:58 AM INFO mip_v1 - print:   Machine 3: completion time = 74.42
05/04/2026 03:40:58 AM INFO mip_v1 - print:   Delivery: 75.52 (Deadline: 80.30, Delay: 0.00)
05/04/2026 03:40:58 AM INFO mip_v1 - print: 
05/04/2026 03:40:58 AM INFO mip_v1 - print: Order 41 → Factory 7
05/04/2026 03:40:58 AM INFO mip_v1 - print:   Machine 1: completion time = 15.92
05/04/2026 03:40:58 AM INFO mip_v1 - print:   Machine 2: completion time = 26.07
05/04/2026 03:40:58 AM INFO mip_v1 - print:   Machine 3: completion time = 59.04
05/04/2026 03:40:58 AM INFO mip_v1 - print:   Delivery: 63.34 (Deadline: 67.40, Delay: 0.00)
05/04/2026 03:40:58 AM INFO mip_v1 - print: 
05/04/2026 03:40:58 AM INFO mip_v1 - print: Order 42 → Factory 2
05/04/2026 03:40:58 AM INFO mip_v1 - print:   Machine 1: completion time = 124.03
05/04/2026 03:40:58 AM INFO mip_v1 - print:   Machine 2: completion time = 131.61
05/04/2026 03:40:58 AM INFO mip_v1 - print:   Machine 3: completion time = 145.49
05/04/2026 03:40:58 AM INFO mip_v1 - print:   Delivery: 147.29 (Deadline: 156.10, Delay: 0.00)
05/04/2026 03:40:58 AM INFO mip_v1 - print: 
05/04/2026 03:40:58 AM INFO mip_v1 - print: Order 43 → Factory 10
05/04/2026 03:40:58 AM INFO mip_v1 - print:   Machine 1: completion time = 109.89
05/04/2026 03:40:58 AM INFO mip_v1 - print:   Machine 2: completion time = 119.45
05/04/2026 03:40:58 AM INFO mip_v1 - print:   Machine 3: completion time = 129.61
05/04/2026 03:40:58 AM INFO mip_v1 - print:   Machine 4: completion time = 141.33
05/04/2026 03:40:58 AM INFO mip_v1 - print:   Delivery: 142.63 (Deadline: 153.00, Delay: 0.00)
05/04/2026 03:40:58 AM INFO mip_v1 - print: 
05/04/2026 03:40:58 AM INFO mip_v1 - print: Order 44 → Factory 6
05/04/2026 03:40:58 AM INFO mip_v1 - print:   Machine 1: completion time = 131.10
05/04/2026 03:40:58 AM INFO mip_v1 - print:   Machine 2: completion time = 153.12
05/04/2026 03:40:58 AM INFO mip_v1 - print:   Machine 3: completion time = 161.20
05/04/2026 03:40:58 AM INFO mip_v1 - print:   Delivery: 169.40 (Deadline: 169.40, Delay: 0.00)
05/04/2026 03:40:58 AM INFO mip_v1 - print: 
05/04/2026 03:40:58 AM INFO mip_v1 - print: Order 46 → Factory 6
05/04/2026 03:40:58 AM INFO mip_v1 - print:   Machine 1: completion time = 69.95
05/04/2026 03:40:58 AM INFO mip_v1 - print:   Machine 2: completion time = 86.48
05/04/2026 03:40:58 AM INFO mip_v1 - print:   Machine 3: completion time = 101.25
05/04/2026 03:40:58 AM INFO mip_v1 - print:   Delivery: 105.65 (Deadline: 107.00, Delay: 0.00)
05/04/2026 03:40:58 AM INFO mip_v1 - print: 
05/04/2026 03:40:58 AM INFO mip_v1 - print: Order 49 → Factory 8
05/04/2026 03:40:58 AM INFO mip_v1 - print:   Machine 1: completion time = 49.84
05/04/2026 03:40:58 AM INFO mip_v1 - print:   Machine 2: completion time = 59.26
05/04/2026 03:40:58 AM INFO mip_v1 - print:   Machine 3: completion time = 78.19
05/04/2026 03:40:58 AM INFO mip_v1 - print:   Machine 4: completion time = 90.07
05/04/2026 03:40:58 AM INFO mip_v1 - print:   Delivery: 92.87 (Deadline: 107.90, Delay: 0.00)
05/04/2026 03:40:58 AM INFO mip_v1 - print: 
05/04/2026 03:40:58 AM INFO mip_v1 - print: Order 50 → Factory 9
05/04/2026 03:40:58 AM INFO mip_v1 - print:   Machine 1: completion time = 102.37
05/04/2026 03:40:58 AM INFO mip_v1 - print:   Machine 2: completion time = 118.02
05/04/2026 03:40:58 AM INFO mip_v1 - print:   Machine 3: completion time = 129.80
05/04/2026 03:40:58 AM INFO mip_v1 - print:   Delivery: 131.80 (Deadline: 135.20, Delay: 0.00)
05/04/2026 03:40:58 AM INFO mip_v1 - print: 
05/04/2026 03:40:58 AM INFO mip_v1 - print: Order 51 → Factory 2
05/04/2026 03:40:58 AM INFO mip_v1 - print:   Machine 1: completion time = 102.61
05/04/2026 03:40:58 AM INFO mip_v1 - print:   Machine 2: completion time = 111.68
05/04/2026 03:40:58 AM INFO mip_v1 - print:   Machine 3: completion time = 139.03
05/04/2026 03:40:58 AM INFO mip_v1 - print:   Delivery: 144.43 (Deadline: 153.40, Delay: 0.00)
05/04/2026 03:40:58 AM INFO mip_v1 - print: 
05/04/2026 03:40:58 AM INFO mip_v1 - print: Order 53 → Factory 7
05/04/2026 03:40:58 AM INFO mip_v1 - print:   Machine 1: completion time = 101.46
05/04/2026 03:40:58 AM INFO mip_v1 - print:   Machine 2: completion time = 108.99
05/04/2026 03:40:58 AM INFO mip_v1 - print:   Machine 3: completion time = 119.27
05/04/2026 03:40:58 AM INFO mip_v1 - print:   Delivery: 120.77 (Deadline: 130.90, Delay: 0.00)
05/04/2026 03:40:58 AM INFO mip_v1 - print: 
05/04/2026 03:40:58 AM INFO mip_v1 - print: Order 55 → Factory 6
05/04/2026 03:40:58 AM INFO mip_v1 - print:   Machine 1: completion time = 124.30
05/04/2026 03:40:58 AM INFO mip_v1 - print:   Machine 2: completion time = 142.10
05/04/2026 03:40:58 AM INFO mip_v1 - print:   Machine 3: completion time = 154.15
05/04/2026 03:40:58 AM INFO mip_v1 - print:   Delivery: 158.55 (Deadline: 160.20, Delay: 0.00)
05/04/2026 03:40:58 AM INFO mip_v1 - print: 
05/04/2026 03:40:58 AM INFO mip_v1 - print: Order 56 → Factory 6
05/04/2026 03:40:58 AM INFO mip_v1 - print:   Machine 1: completion time = 17.29
05/04/2026 03:40:58 AM INFO mip_v1 - print:   Machine 2: completion time = 28.37
05/04/2026 03:40:58 AM INFO mip_v1 - print:   Machine 3: completion time = 39.41
05/04/2026 03:40:58 AM INFO mip_v1 - print:   Delivery: 43.21 (Deadline: 62.40, Delay: 0.00)
05/04/2026 03:40:58 AM INFO mip_v1 - print: 
05/04/2026 03:40:58 AM INFO mip_v1 - print: Order 57 → Factory 3
05/04/2026 03:40:58 AM INFO mip_v1 - print:   Machine 1: completion time = 148.23
05/04/2026 03:40:58 AM INFO mip_v1 - print:   Machine 2: completion time = 159.18
05/04/2026 03:40:58 AM INFO mip_v1 - print:   Machine 3: completion time = 167.91
05/04/2026 03:40:58 AM INFO mip_v1 - print:   Delivery: 171.21 (Deadline: 171.10, Delay: 0.11)
05/04/2026 03:40:58 AM INFO mip_v1 - print: 
05/04/2026 03:40:58 AM INFO mip_v1 - print: Order 58 → Factory 7
05/04/2026 03:40:58 AM INFO mip_v1 - print:   Machine 1: completion time = 111.46
05/04/2026 03:40:58 AM INFO mip_v1 - print:   Machine 2: completion time = 119.79
05/04/2026 03:40:58 AM INFO mip_v1 - print:   Machine 3: completion time = 128.08
05/04/2026 03:40:58 AM INFO mip_v1 - print:   Delivery: 131.08 (Deadline: 154.40, Delay: 0.00)
05/04/2026 03:40:58 AM INFO mip_v1 - print: 
05/04/2026 03:40:58 AM INFO mip_v1 - print: Order 59 → Factory 8
05/04/2026 03:40:58 AM INFO mip_v1 - print:   Machine 1: completion time = 101.50
05/04/2026 03:40:58 AM INFO mip_v1 - print:   Machine 2: completion time = 109.15
05/04/2026 03:40:58 AM INFO mip_v1 - print:   Machine 3: completion time = 119.02
05/04/2026 03:40:58 AM INFO mip_v1 - print:   Machine 4: completion time = 132.80
05/04/2026 03:40:58 AM INFO mip_v1 - print:   Delivery: 138.10 (Deadline: 138.10, Delay: 0.00)
05/04/2026 03:40:58 AM INFO mip_v1 - print: 
05/04/2026 03:40:58 AM INFO mip_v1 - print: Order 60 → Factory 8
05/04/2026 03:40:58 AM INFO mip_v1 - print:   Machine 1: completion time = 10.72
05/04/2026 03:40:58 AM INFO mip_v1 - print:   Machine 2: completion time = 17.50
05/04/2026 03:40:58 AM INFO mip_v1 - print:   Machine 3: completion time = 25.45
05/04/2026 03:40:58 AM INFO mip_v1 - print:   Machine 4: completion time = 32.30
05/04/2026 03:40:58 AM INFO mip_v1 - print:   Delivery: 34.50 (Deadline: 50.00, Delay: 0.00)
05/04/2026 03:40:58 AM INFO mip_v1 - print: 
05/04/2026 03:40:58 AM INFO mip_v1 - print: Order 61 → Factory 7
05/04/2026 03:40:58 AM INFO mip_v1 - print:   Machine 1: completion time = 24.80
05/04/2026 03:40:58 AM INFO mip_v1 - print:   Machine 2: completion time = 33.82
05/04/2026 03:40:58 AM INFO mip_v1 - print:   Machine 3: completion time = 41.88
05/04/2026 03:40:58 AM INFO mip_v1 - print:   Delivery: 47.48 (Deadline: 65.00, Delay: 0.00)
05/04/2026 03:40:58 AM INFO mip_v1 - print: 
05/04/2026 03:40:58 AM INFO mip_v1 - print: Order 66 → Factory 7
05/04/2026 03:40:58 AM INFO mip_v1 - print:   Machine 1: completion time = 83.86
05/04/2026 03:40:58 AM INFO mip_v1 - print:   Machine 2: completion time = 93.44
05/04/2026 03:40:58 AM INFO mip_v1 - print:   Machine 3: completion time = 103.56
05/04/2026 03:40:58 AM INFO mip_v1 - print:   Delivery: 105.86 (Deadline: 122.50, Delay: 0.00)
05/04/2026 03:40:58 AM INFO mip_v1 - print: 
05/04/2026 03:40:58 AM INFO mip_v1 - print: Order 67 → Factory 8
05/04/2026 03:40:58 AM INFO mip_v1 - print:   Machine 1: completion time = 40.17
05/04/2026 03:40:58 AM INFO mip_v1 - print:   Machine 2: completion time = 49.64
05/04/2026 03:40:58 AM INFO mip_v1 - print:   Machine 3: completion time = 66.93
05/04/2026 03:40:58 AM INFO mip_v1 - print:   Machine 4: completion time = 79.76
05/04/2026 03:40:58 AM INFO mip_v1 - print:   Delivery: 83.36 (Deadline: 87.10, Delay: 0.00)
05/04/2026 03:40:58 AM INFO mip_v1 - print: 
05/04/2026 03:40:58 AM INFO mip_v1 - print: Order 69 → Factory 9
05/04/2026 03:40:58 AM INFO mip_v1 - print:   Machine 1: completion time = 135.84
05/04/2026 03:40:58 AM INFO mip_v1 - print:   Machine 2: completion time = 152.55
05/04/2026 03:40:58 AM INFO mip_v1 - print:   Machine 3: completion time = 163.00
05/04/2026 03:40:58 AM INFO mip_v1 - print:   Delivery: 167.40 (Deadline: 167.40, Delay: 0.00)
05/04/2026 03:40:58 AM INFO mip_v1 - print: 
05/04/2026 03:40:58 AM INFO mip_v1 - print: Order 70 → Factory 10
05/04/2026 03:40:58 AM INFO mip_v1 - print:   Machine 1: completion time = 66.18
05/04/2026 03:40:58 AM INFO mip_v1 - print:   Machine 2: completion time = 75.88
05/04/2026 03:40:58 AM INFO mip_v1 - print:   Machine 3: completion time = 88.18
05/04/2026 03:40:58 AM INFO mip_v1 - print:   Machine 4: completion time = 101.41
05/04/2026 03:40:58 AM INFO mip_v1 - print:   Delivery: 104.91 (Deadline: 103.10, Delay: 1.81)
05/04/2026 03:40:58 AM INFO mip_v1 - print: 
05/04/2026 03:40:58 AM INFO mip_v1 - print: Order 71 → Factory 3
05/04/2026 03:40:58 AM INFO mip_v1 - print:   Machine 1: completion time = 93.34
05/04/2026 03:40:58 AM INFO mip_v1 - print:   Machine 2: completion time = 106.81
05/04/2026 03:40:58 AM INFO mip_v1 - print:   Machine 3: completion time = 119.93
05/04/2026 03:40:58 AM INFO mip_v1 - print:   Delivery: 128.63 (Deadline: 131.20, Delay: 0.00)
05/04/2026 03:40:58 AM INFO mip_v1 - print: 
05/04/2026 03:40:58 AM INFO mip_v1 - print: Order 73 → Factory 9
05/04/2026 03:40:58 AM INFO mip_v1 - print:   Machine 1: completion time = 58.33
05/04/2026 03:40:58 AM INFO mip_v1 - print:   Machine 2: completion time = 73.90
05/04/2026 03:40:58 AM INFO mip_v1 - print:   Machine 3: completion time = 85.61
05/04/2026 03:40:58 AM INFO mip_v1 - print:   Delivery: 89.51 (Deadline: 92.90, Delay: 0.00)
05/04/2026 03:40:58 AM INFO mip_v1 - print: 
05/04/2026 03:40:58 AM INFO mip_v1 - print: Order 74 → Factory 6
05/04/2026 03:40:58 AM INFO mip_v1 - print:   Machine 1: completion time = 39.07
05/04/2026 03:40:58 AM INFO mip_v1 - print:   Machine 2: completion time = 53.55
05/04/2026 03:40:58 AM INFO mip_v1 - print:   Machine 3: completion time = 67.88
05/04/2026 03:40:58 AM INFO mip_v1 - print:   Delivery: 69.18 (Deadline: 82.00, Delay: 0.00)
05/04/2026 03:40:58 AM INFO mip_v1 - print: 
05/04/2026 03:40:58 AM INFO mip_v1 - print: Order 76 → Factory 6
05/04/2026 03:40:58 AM INFO mip_v1 - print:   Machine 1: completion time = 50.60
05/04/2026 03:40:58 AM INFO mip_v1 - print:   Machine 2: completion time = 65.36
05/04/2026 03:40:58 AM INFO mip_v1 - print:   Machine 3: completion time = 80.47
05/04/2026 03:40:58 AM INFO mip_v1 - print:   Delivery: 87.87 (Deadline: 91.70, Delay: 0.00)
05/04/2026 03:40:58 AM INFO mip_v1 - print: 
05/04/2026 03:40:58 AM INFO mip_v1 - print: Order 78 → Factory 9
05/04/2026 03:40:58 AM INFO mip_v1 - print:   Machine 1: completion time = 90.72
05/04/2026 03:40:58 AM INFO mip_v1 - print:   Machine 2: completion time = 106.62
05/04/2026 03:40:58 AM INFO mip_v1 - print:   Machine 3: completion time = 116.90
05/04/2026 03:40:58 AM INFO mip_v1 - print:   Delivery: 121.50 (Deadline: 121.50, Delay: -0.00)
05/04/2026 03:40:58 AM INFO mip_v1 - print: 
05/04/2026 03:40:58 AM INFO mip_v1 - print: Order 79 → Factory 3
05/04/2026 03:40:58 AM INFO mip_v1 - print:   Machine 1: completion time = 54.68
05/04/2026 03:40:58 AM INFO mip_v1 - print:   Machine 2: completion time = 67.73
05/04/2026 03:40:58 AM INFO mip_v1 - print:   Machine 3: completion time = 87.02
05/04/2026 03:40:58 AM INFO mip_v1 - print:   Delivery: 95.12 (Deadline: 107.20, Delay: 0.00)
05/04/2026 03:40:58 AM INFO mip_v1 - print: 
05/04/2026 03:40:58 AM INFO mip_v1 - print: Order 80 → Factory 9
05/04/2026 03:40:58 AM INFO mip_v1 - print:   Machine 1: completion time = 113.23
05/04/2026 03:40:58 AM INFO mip_v1 - print:   Machine 2: completion time = 129.80
05/04/2026 03:40:58 AM INFO mip_v1 - print:   Machine 3: completion time = 143.28
05/04/2026 03:40:58 AM INFO mip_v1 - print:   Delivery: 147.88 (Deadline: 151.30, Delay: 0.00)
05/04/2026 03:40:58 AM INFO mip_v1 - print: 
05/04/2026 03:40:58 AM INFO mip_v1 - print: Order 81 → Factory 5
05/04/2026 03:40:58 AM INFO mip_v1 - print:   Machine 1: completion time = 96.75
05/04/2026 03:40:58 AM INFO mip_v1 - print:   Machine 2: completion time = 104.73
05/04/2026 03:40:58 AM INFO mip_v1 - print:   Machine 3: completion time = 112.44
05/04/2026 03:40:58 AM INFO mip_v1 - print:   Machine 4: completion time = 122.11
05/04/2026 03:40:58 AM INFO mip_v1 - print:   Delivery: 125.01 (Deadline: 129.60, Delay: 0.00)
05/04/2026 03:40:58 AM INFO mip_v1 - print: 
05/04/2026 03:40:58 AM INFO mip_v1 - print: Order 82 → Factory 3
05/04/2026 03:40:58 AM INFO mip_v1 - print:   Machine 1: completion time = 85.76
05/04/2026 03:40:58 AM INFO mip_v1 - print:   Machine 2: completion time = 98.96
05/04/2026 03:40:58 AM INFO mip_v1 - print:   Machine 3: completion time = 113.63
05/04/2026 03:40:58 AM INFO mip_v1 - print:   Delivery: 120.53 (Deadline: 128.40, Delay: 0.00)
05/04/2026 03:40:58 AM INFO mip_v1 - print: 
05/04/2026 03:40:58 AM INFO mip_v1 - print: Order 83 → Factory 10
05/04/2026 03:40:58 AM INFO mip_v1 - print:   Machine 1: completion time = 117.58
05/04/2026 03:40:58 AM INFO mip_v1 - print:   Machine 2: completion time = 126.71
05/04/2026 03:40:58 AM INFO mip_v1 - print:   Machine 3: completion time = 137.42
05/04/2026 03:40:58 AM INFO mip_v1 - print:   Machine 4: completion time = 149.42
05/04/2026 03:40:58 AM INFO mip_v1 - print:   Delivery: 153.42 (Deadline: 153.60, Delay: 0.00)
05/04/2026 03:40:58 AM INFO mip_v1 - print: 
05/04/2026 03:40:58 AM INFO mip_v1 - print: Order 84 → Factory 2
05/04/2026 03:40:58 AM INFO mip_v1 - print:   Machine 1: completion time = 47.27
05/04/2026 03:40:58 AM INFO mip_v1 - print:   Machine 2: completion time = 80.81
05/04/2026 03:40:58 AM INFO mip_v1 - print:   Machine 3: completion time = 87.87
05/04/2026 03:40:58 AM INFO mip_v1 - print:   Delivery: 88.17 (Deadline: 100.80, Delay: 0.00)
05/04/2026 03:40:58 AM INFO mip_v1 - print: 
05/04/2026 03:40:58 AM INFO mip_v1 - print: Order 86 → Factory 4
05/04/2026 03:40:58 AM INFO mip_v1 - print:   Machine 1: completion time = 72.05
05/04/2026 03:40:58 AM INFO mip_v1 - print:   Machine 2: completion time = 80.34
05/04/2026 03:40:58 AM INFO mip_v1 - print:   Machine 3: completion time = 88.29
05/04/2026 03:40:58 AM INFO mip_v1 - print:   Machine 4: completion time = 95.43
05/04/2026 03:40:58 AM INFO mip_v1 - print:   Delivery: 98.93 (Deadline: 115.50, Delay: 0.00)
05/04/2026 03:40:58 AM INFO mip_v1 - print: 
05/04/2026 03:40:58 AM INFO mip_v1 - print: Order 87 → Factory 9
05/04/2026 03:40:58 AM INFO mip_v1 - print:   Machine 1: completion time = 27.16
05/04/2026 03:40:58 AM INFO mip_v1 - print:   Machine 2: completion time = 41.52
05/04/2026 03:40:58 AM INFO mip_v1 - print:   Machine 3: completion time = 57.75
05/04/2026 03:40:58 AM INFO mip_v1 - print:   Delivery: 59.75 (Deadline: 66.10, Delay: 0.00)
05/04/2026 03:40:58 AM INFO mip_v1 - print: 
05/04/2026 03:40:58 AM INFO mip_v1 - print: Order 88 → Factory 2
05/04/2026 03:40:58 AM INFO mip_v1 - print:   Machine 1: completion time = 92.69
05/04/2026 03:40:58 AM INFO mip_v1 - print:   Machine 2: completion time = 118.25
05/04/2026 03:40:58 AM INFO mip_v1 - print:   Machine 3: completion time = 131.73
05/04/2026 03:40:58 AM INFO mip_v1 - print:   Delivery: 133.73 (Deadline: 144.70, Delay: 0.00)
05/04/2026 03:40:58 AM INFO mip_v1 - print: 
05/04/2026 03:40:58 AM INFO mip_v1 - print: Order 89 → Factory 7
05/04/2026 03:40:58 AM INFO mip_v1 - print:   Machine 1: completion time = 59.57
05/04/2026 03:40:58 AM INFO mip_v1 - print:   Machine 2: completion time = 68.86
05/04/2026 03:40:58 AM INFO mip_v1 - print:   Machine 3: completion time = 81.30
05/04/2026 03:40:58 AM INFO mip_v1 - print:   Delivery: 86.60 (Deadline: 106.70, Delay: 0.00)
05/04/2026 03:40:58 AM INFO mip_v1 - print: 
05/04/2026 03:40:58 AM INFO mip_v1 - print: Order 90 → Factory 10
05/04/2026 03:40:58 AM INFO mip_v1 - print:   Machine 1: completion time = 100.04
05/04/2026 03:40:58 AM INFO mip_v1 - print:   Machine 2: completion time = 110.17
05/04/2026 03:40:58 AM INFO mip_v1 - print:   Machine 3: completion time = 120.46
05/04/2026 03:40:58 AM INFO mip_v1 - print:   Machine 4: completion time = 131.48
05/04/2026 03:40:58 AM INFO mip_v1 - print:   Delivery: 133.48 (Deadline: 154.10, Delay: 0.00)
05/04/2026 03:40:58 AM INFO mip_v1 - print: 
05/04/2026 03:40:58 AM INFO mip_v1 - print: Order 91 → Factory 9
05/04/2026 03:40:58 AM INFO mip_v1 - print:   Machine 1: completion time = 79.53
05/04/2026 03:40:58 AM INFO mip_v1 - print:   Machine 2: completion time = 95.06
05/04/2026 03:40:58 AM INFO mip_v1 - print:   Machine 3: completion time = 104.30
05/04/2026 03:40:58 AM INFO mip_v1 - print:   Delivery: 112.60 (Deadline: 112.60, Delay: 0.00)
05/04/2026 03:40:58 AM INFO mip_v1 - print: 
05/04/2026 03:40:58 AM INFO mip_v1 - print: Order 92 → Factory 3
05/04/2026 03:40:58 AM INFO mip_v1 - print:   Machine 1: completion time = 113.10
05/04/2026 03:40:58 AM INFO mip_v1 - print:   Machine 2: completion time = 127.51
05/04/2026 03:40:58 AM INFO mip_v1 - print:   Machine 3: completion time = 138.67
05/04/2026 03:40:58 AM INFO mip_v1 - print:   Delivery: 144.97 (Deadline: 161.70, Delay: 0.00)
05/04/2026 03:40:58 AM INFO mip_v1 - print: 
05/04/2026 03:40:58 AM INFO mip_v1 - print: Order 94 → Factory 9
05/04/2026 03:40:58 AM INFO mip_v1 - print:   Machine 1: completion time = 15.20
05/04/2026 03:40:58 AM INFO mip_v1 - print:   Machine 2: completion time = 28.78
05/04/2026 03:40:58 AM INFO mip_v1 - print:   Machine 3: completion time = 39.48
05/04/2026 03:40:58 AM INFO mip_v1 - print:   Delivery: 40.58 (Deadline: 63.80, Delay: 0.00)
05/04/2026 03:40:58 AM INFO mip_v1 - print: 
05/04/2026 03:40:58 AM INFO mip_v1 - print: Order 96 → Factory 2
05/04/2026 03:40:58 AM INFO mip_v1 - print:   Machine 1: completion time = 39.04
05/04/2026 03:40:58 AM INFO mip_v1 - print:   Machine 2: completion time = 55.33
05/04/2026 03:40:58 AM INFO mip_v1 - print:   Machine 3: completion time = 63.30
05/04/2026 03:40:58 AM INFO mip_v1 - print:   Delivery: 64.80 (Deadline: 78.80, Delay: 0.00)
05/04/2026 03:40:58 AM INFO mip_v1 - print: 
05/04/2026 03:40:58 AM INFO mip_v1 - print: Order 97 → Factory 7
05/04/2026 03:40:58 AM INFO mip_v1 - print:   Machine 1: completion time = 74.42
05/04/2026 03:40:58 AM INFO mip_v1 - print:   Machine 2: completion time = 84.51
05/04/2026 03:40:58 AM INFO mip_v1 - print:   Machine 3: completion time = 94.29
05/04/2026 03:40:58 AM INFO mip_v1 - print:   Delivery: 99.29 (Deadline: 112.00, Delay: 0.00)
05/04/2026 03:40:58 AM INFO mip_v1 - print: 
05/04/2026 03:40:58 AM INFO mip_v1 - print: Order 98 → Factory 2
05/04/2026 03:40:58 AM INFO mip_v1 - print:   Machine 1: completion time = 139.63
05/04/2026 03:40:58 AM INFO mip_v1 - print:   Machine 2: completion time = 152.56
05/04/2026 03:40:58 AM INFO mip_v1 - print:   Machine 3: completion time = 164.00
05/04/2026 03:40:58 AM INFO mip_v1 - print:   Delivery: 165.80 (Deadline: 165.80, Delay: 0.00)
05/04/2026 03:40:58 AM INFO mip_v1 - print: 
05/04/2026 03:40:58 AM INFO mip_v1 - print: Order 100 → Factory 2
05/04/2026 03:40:58 AM INFO mip_v1 - print:   Machine 1: completion time = 57.24
05/04/2026 03:40:58 AM INFO mip_v1 - print:   Machine 2: completion time = 63.30
05/04/2026 03:40:58 AM INFO mip_v1 - print:   Machine 3: completion time = 68.40
05/04/2026 03:40:58 AM INFO mip_v1 - print:   Delivery: 73.80 (Deadline: 73.80, Delay: 0.00)
05/04/2026 03:40:58 AM INFO mip_v1 - print: 
05/04/2026 03:40:58 AM INFO mip_v1 - print: Order 102 → Factory 6
05/04/2026 03:40:58 AM INFO mip_v1 - print:   Machine 1: completion time = 82.54
05/04/2026 03:40:58 AM INFO mip_v1 - print:   Machine 2: completion time = 97.08
05/04/2026 03:40:58 AM INFO mip_v1 - print:   Machine 3: completion time = 111.61
05/04/2026 03:40:58 AM INFO mip_v1 - print:   Delivery: 116.11 (Deadline: 124.50, Delay: 0.00)
05/04/2026 03:40:58 AM INFO mip_v1 - print: 
05/04/2026 03:40:58 AM INFO mip_v1 - print: Order 103 → Factory 4
05/04/2026 03:40:58 AM INFO mip_v1 - print:   Machine 1: completion time = 113.13
05/04/2026 03:40:58 AM INFO mip_v1 - print:   Machine 2: completion time = 119.51
05/04/2026 03:40:58 AM INFO mip_v1 - print:   Machine 3: completion time = 125.66
05/04/2026 03:40:58 AM INFO mip_v1 - print:   Machine 4: completion time = 131.52
05/04/2026 03:40:58 AM INFO mip_v1 - print:   Delivery: 134.42 (Deadline: 150.50, Delay: 0.00)
05/04/2026 03:40:58 AM INFO mip_v1 - print: 
05/04/2026 03:40:58 AM INFO mip_v1 - print: Order 105 → Factory 6
05/04/2026 03:40:58 AM INFO mip_v1 - print:   Machine 1: completion time = 91.81
05/04/2026 03:40:58 AM INFO mip_v1 - print:   Machine 2: completion time = 107.34
05/04/2026 03:40:58 AM INFO mip_v1 - print:   Machine 3: completion time = 121.45
05/04/2026 03:40:58 AM INFO mip_v1 - print:   Delivery: 125.45 (Deadline: 135.60, Delay: 0.00)
05/04/2026 03:40:58 AM INFO mip_v1 - print: 
05/04/2026 03:40:58 AM INFO mip_v1 - print: Order 106 → Factory 2
05/04/2026 03:40:58 AM INFO mip_v1 - print:   Machine 1: completion time = 13.36
05/04/2026 03:40:58 AM INFO mip_v1 - print:   Machine 2: completion time = 19.66
05/04/2026 03:40:58 AM INFO mip_v1 - print:   Machine 3: completion time = 25.15
05/04/2026 03:40:58 AM INFO mip_v1 - print:   Delivery: 30.55 (Deadline: 50.70, Delay: 0.00)
05/04/2026 03:40:58 AM INFO mip_v1 - print: 
05/04/2026 03:40:58 AM INFO mip_v1 - print: Order 107 → Factory 3
05/04/2026 03:40:58 AM INFO mip_v1 - print:   Machine 1: completion time = 77.09
05/04/2026 03:40:58 AM INFO mip_v1 - print:   Machine 2: completion time = 90.77
05/04/2026 03:40:58 AM INFO mip_v1 - print:   Machine 3: completion time = 106.80
05/04/2026 03:40:58 AM INFO mip_v1 - print:   Delivery: 108.60 (Deadline: 109.50, Delay: 0.00)
05/04/2026 03:40:58 AM INFO mip_v1 - print: 
05/04/2026 03:40:58 AM INFO mip_v1 - print: Order 108 → Factory 10
05/04/2026 03:40:58 AM INFO mip_v1 - print:   Machine 1: completion time = 126.36
05/04/2026 03:40:58 AM INFO mip_v1 - print:   Machine 2: completion time = 137.42
05/04/2026 03:40:58 AM INFO mip_v1 - print:   Machine 3: completion time = 146.21
05/04/2026 03:40:58 AM INFO mip_v1 - print:   Machine 4: completion time = 163.10
05/04/2026 03:40:58 AM INFO mip_v1 - print:   Delivery: 163.90 (Deadline: 163.90, Delay: 0.00)
05/04/2026 03:40:58 AM INFO mip_v1 - print: 
05/04/2026 03:40:58 AM INFO mip_v1 - print: Order 110 → Factory 3
05/04/2026 03:40:58 AM INFO mip_v1 - print:   Machine 1: completion time = 21.82
05/04/2026 03:40:58 AM INFO mip_v1 - print:   Machine 2: completion time = 30.34
05/04/2026 03:40:58 AM INFO mip_v1 - print:   Machine 3: completion time = 53.80
05/04/2026 03:40:58 AM INFO mip_v1 - print:   Delivery: 62.30 (Deadline: 62.30, Delay: 0.00)
05/04/2026 03:40:58 AM INFO mip_v1 - print: 
05/04/2026 03:40:58 AM INFO mip_v1 - print: Order 111 → Factory 3
05/04/2026 03:40:58 AM INFO mip_v1 - print:   Machine 1: completion time = 134.43
05/04/2026 03:40:58 AM INFO mip_v1 - print:   Machine 2: completion time = 139.89
05/04/2026 03:40:58 AM INFO mip_v1 - print:   Machine 3: completion time = 148.78
05/04/2026 03:40:58 AM INFO mip_v1 - print:   Delivery: 152.38 (Deadline: 156.40, Delay: 0.00)
05/04/2026 03:40:58 AM INFO mip_v1 - print: 
05/04/2026 03:40:58 AM INFO mip_v1 - print: Order 114 → Factory 6
05/04/2026 03:40:58 AM INFO mip_v1 - print:   Machine 1: completion time = 25.46
05/04/2026 03:40:58 AM INFO mip_v1 - print:   Machine 2: completion time = 36.78
05/04/2026 03:40:58 AM INFO mip_v1 - print:   Machine 3: completion time = 48.10
05/04/2026 03:40:58 AM INFO mip_v1 - print:   Delivery: 53.70 (Deadline: 66.10, Delay: 0.00)
05/04/2026 03:40:58 AM INFO mip_v1 - print: 
05/04/2026 03:40:58 AM INFO mip_v1 - print: Order 115 → Factory 7
05/04/2026 03:40:58 AM INFO mip_v1 - print:   Machine 1: completion time = 93.44
05/04/2026 03:40:58 AM INFO mip_v1 - print:   Machine 2: completion time = 101.77
05/04/2026 03:40:58 AM INFO mip_v1 - print:   Machine 3: completion time = 111.83
05/04/2026 03:40:58 AM INFO mip_v1 - print:   Delivery: 112.43 (Deadline: 117.50, Delay: 0.00)
05/04/2026 03:40:58 AM INFO mip_v1 - print: 
05/04/2026 03:40:58 AM INFO mip_v1 - print: Order 116 → Factory 10
05/04/2026 03:40:58 AM INFO mip_v1 - print:   Machine 1: completion time = 57.73
05/04/2026 03:40:58 AM INFO mip_v1 - print:   Machine 2: completion time = 68.37
05/04/2026 03:40:58 AM INFO mip_v1 - print:   Machine 3: completion time = 79.95
05/04/2026 03:40:58 AM INFO mip_v1 - print:   Machine 4: completion time = 92.52
05/04/2026 03:40:58 AM INFO mip_v1 - print:   Delivery: 94.02 (Deadline: 103.50, Delay: 0.00)
05/04/2026 03:40:58 AM INFO mip_v1 - print: 
05/04/2026 03:40:58 AM INFO mip_v1 - print: Order 119 → Factory 7
05/04/2026 03:40:58 AM INFO mip_v1 - print:   Machine 1: completion time = 119.79
05/04/2026 03:40:58 AM INFO mip_v1 - print:   Machine 2: completion time = 126.38
05/04/2026 03:40:58 AM INFO mip_v1 - print:   Machine 3: completion time = 134.61
05/04/2026 03:40:58 AM INFO mip_v1 - print:   Delivery: 137.41 (Deadline: 159.90, Delay: 0.00)
05/04/2026 03:40:58 AM INFO mip_v1 - print: 
05/04/2026 03:40:58 AM INFO mip_v1 - print: ------------------------------------------------------------
05/04/2026 03:40:58 AM INFO mip_v1 - print: COST BREAKDOWN
05/04/2026 03:40:58 AM INFO mip_v1 - print: ------------------------------------------------------------
05/04/2026 03:40:58 AM INFO mip_v1 - print: Total Revenue:          +    85317.00
05/04/2026 03:40:58 AM INFO mip_v1 - print: Production Cost:        -    34192.72
05/04/2026 03:40:58 AM INFO mip_v1 - print: Transport Cost:         -    17646.95
05/04/2026 03:40:58 AM INFO mip_v1 - print: Delay Penalty:          -      118.30
05/04/2026 03:40:58 AM INFO mip_v1 - print: ------------------------------------------------------------
05/04/2026 03:40:58 AM INFO mip_v1 - print: Total Profit:           =    33359.03
