
Gurobi 10.0.1 (win64) logging started Mon May  4 02:40:47 2026

Set parameter LogFile to value "D:\Project_Code\Paper\DP_LBBD_1\DP_lbbd\Algorithm\Results\mip_v1\xlarge\exp_10f_120j_seed1\log\exp_10f_120j_seed1_gurobi.log"
Set parameter LogToConsole to value 0
Gurobi Optimizer version 10.0.1 build v10.0.1rc0 (win64)

CPU model: Intel(R) Core(TM) Ultra 7 265KF, instruction set [SSE2|AVX|AVX2]
Thread count: 20 physical cores, 20 logical processors, using up to 20 threads

Optimize a model with 1011678 rows, 505560 columns and 5027436 nonzeros
Model fingerprint: 0x75c5e2db
Variable types: 4440 continuous, 501120 integer (501120 binary)
Coefficient statistics:
  Matrix range     [1e+00, 2e+02]
  Objective range  [2e+01, 2e+03]
  Bounds range     [1e+00, 2e+02]
  RHS range        [1e+00, 6e+02]
Found heuristic solution: objective -0.0000000
Presolve removed 563782 rows and 281492 columns (presolve time = 5s) ...
Presolve removed 620406 rows and 309804 columns (presolve time = 10s) ...
Presolve removed 620406 rows and 309804 columns
Presolve time: 14.39s
Presolved: 391272 rows, 195756 columns, 1938810 nonzeros
Variable types: 2838 continuous, 192918 integer (192918 binary)

Deterministic concurrent LP optimizer: primal simplex, dual simplex, and barrier
Showing barrier log only...

Root barrier log...

Ordering time: 0.13s

Barrier statistics:
 Dense cols : 3348
 AA' NZ     : 1.757e+06
 Factor NZ  : 3.443e+06 (roughly 270 MB of memory)
 Factor Ops : 7.596e+08 (less than 1 second per iteration)
 Threads    : 18

                  Objective                Residual
Iter       Primal          Dual         Primal    Dual     Compl     Time
   0  -2.55269659e+07  1.37998814e+09  3.55e+03 1.50e+02  1.77e+05    19s
   1  -2.22187080e+07  1.37849408e+09  3.16e+03 1.83e+02  1.32e+05    19s
   2  -1.63954599e+07  2.70197470e+09  2.31e+03 3.95e+01  1.03e+05    19s
   3  -5.05268961e+05  2.76926934e+09  7.35e+01 5.33e-08  6.48e+03    19s
   4  -1.53767966e+05  6.85100706e+08  2.27e+01 3.93e-08  1.13e+03    19s
   5  -3.04067645e+04  3.45266815e+08  4.09e+00 1.50e-08  4.66e+02    19s
   6  -1.22923513e+04  1.41675610e+08  1.72e+00 5.74e-09  1.86e+02    19s
   7   9.47095140e+02  6.58501079e+07  6.38e-01 2.57e-09  8.50e+01    19s
   8   7.49871284e+03  1.28875514e+07  2.48e-01 4.78e-10  1.66e+01    19s
   9   1.74328838e+04  3.68209525e+06  1.84e-03 1.32e-10  4.68e+00    19s
  10   2.58505095e+04  1.39734933e+06  1.69e-04 2.17e-09  1.75e+00    20s
  11   3.37231582e+04  7.72605299e+05  6.99e-05 1.82e-09  9.44e-01    20s
  12   3.60726881e+04  5.04037961e+05  5.59e-05 3.05e-09  5.98e-01    20s
  13   4.35407307e+04  3.15088132e+05  2.24e-05 8.77e-09  3.47e-01    20s
  14   4.74415616e+04  1.62039383e+05  1.02e-05 8.72e-09  1.46e-01    20s
  15   4.93081104e+04  9.13221283e+04  5.34e-06 6.89e-09  5.37e-02    20s
  16   5.04132174e+04  5.88565853e+04  1.67e-06 1.68e-08  1.08e-02    20s
  17   5.07267474e+04  5.32757212e+04  5.96e-07 5.19e-09  3.26e-03    20s
  18   5.08019869e+04  5.16570874e+04  3.42e-07 7.67e-09  1.09e-03    20s
  19   5.08705840e+04  5.10113321e+04  1.02e-07 5.45e-08  1.80e-04    20s
  20   5.09002851e+04  5.09020257e+04  5.55e-10 1.44e-08  2.22e-06    20s
  21   5.09004555e+04  5.09004572e+04  5.64e-15 1.33e-09  2.22e-09    21s
  22   5.09004556e+04  5.09004556e+04  5.33e-15 1.28e-11  2.36e-15    21s

Barrier solved model in 22 iterations and 20.58 seconds (18.72 work units)
Optimal objective 5.09004556e+04


Root crossover log...

    4702 DPushes remaining with DInf 0.0000000e+00                21s
Concurrent spin time: 1.11s (can be avoided by choosing Method=3)

Solved with dual simplex

Root relaxation: objective 5.090046e+04, 11761 iterations, 3.74 seconds (4.71 work units)

    Nodes    |    Current Node    |     Objective Bounds      |     Work
 Expl Unexpl |  Obj  Depth IntInf | Incumbent    BestBd   Gap | It/Node Time

     0     0 50900.4556    0 1144   -0.00000 50900.4556      -     -   22s
H    0     0                    26681.174109 50900.4556  90.8%     -   41s
     0     0 50900.4556    0 1193 26681.1741 50900.4556  90.8%     -   43s
H    0     0                    27024.904995 50900.4556  88.3%     -   61s
     0     0 50900.4556    0 1144 27024.9050 50900.4556  88.3%     -   66s
     0     0 50900.4556    0 1153 27024.9050 50900.4556  88.3%     -   71s
     0     0 50900.4556    0 1137 27024.9050 50900.4556  88.3%     -   85s
     0     0 50900.4556    0 1176 27024.9050 50900.4556  88.3%     -   89s
     0     0 50900.4556    0 1175 27024.9050 50900.4556  88.3%     -  111s
     0     0 50900.4556    0 1177 27024.9050 50900.4556  88.3%     -  114s
H    0     0                    27546.277150 50900.4556  84.8%     -  137s
     0     0 50900.4556    0 1249 27546.2772 50900.4556  84.8%     -  138s
     0     0 50900.4556    0 1134 27546.2772 50900.4556  84.8%     -  142s
     0     0 50900.4556    0 1197 27546.2772 50900.4556  84.8%     -  161s
     0     0 50900.4556    0 1152 27546.2772 50900.4556  84.8%     -  164s
     0     0 50900.4556    0 1147 27546.2772 50900.4556  84.8%     -  166s
H    0     0                    27599.211006 50900.4556  84.4%     -  185s
     0     2 50900.4556    0 1096 27599.2110 50900.4556  84.4%     -  208s
     7    15 50894.0805    3 1141 27599.2110 50900.4556  84.4%  1557  211s
    30    49 50864.0128    5 1121 27599.2110 50895.9916  84.4%  1955  227s
H   33    49                    27740.494148 50895.9916  83.5%  1872  227s
    70    86 50864.0128    6 1133 27740.4941 50873.1350  83.4%  1570  230s
   136   157 50844.7501    8 1097 27740.4941 50873.1350  83.4%  1075  235s
   221   240 50832.0787   11 1128 27740.4941 50873.1350  83.4%   806  240s
   324   344 50244.8264   16 1194 27740.4941 50873.1350  83.4%   686  245s
   439   454 50244.8264   19 1210 27740.4941 50873.1350  83.4%   599  251s
   528   548 50241.2340   24 1203 27740.4941 50873.1350  83.4%   549  255s
   686   701 50180.4988   33 1206 27740.4941 50873.1350  83.4%   489  262s
   815   821 50134.7470   37 1152 27740.4941 50873.1350  83.4%   446  267s
   942   938 49837.2035   40 1153 27740.4941 50873.1350  83.4%   419  272s
  1068  1057 49837.9841   42 1122 27740.4941 50873.1350  83.4%   402  277s
  1127  1075 49837.9841   42 1113 27740.4941 50873.1350  83.4%   399  290s
H 1130  1075                    27784.924787 50873.1350  83.1%   398  290s
H 1133  1075                    28762.315599 50873.1350  76.9%   398  290s
H 1143  1075                    29070.783364 50873.1350  75.0%   398  290s
  1218  1215 49837.9841   43 1098 29070.7834 50873.1350  75.0%   390  297s
  1312  1315 49837.9841   44 1067 29070.7834 50873.1350  75.0%   380  301s
  1524  1511 49837.9583   49 1109 29070.7834 50873.1350  75.0%   353  309s
  1621  1619 49837.9841   51 1100 29070.7834 50873.1350  75.0%   342  313s
  1738  1724 49837.9841   55 1095 29070.7834 50873.1350  75.0%   331  316s
  1861  1834 49833.5012   59 1068 29070.7834 50873.1350  75.0%   322  320s
  1979  1941 49701.7369   62 1122 29070.7834 50873.1350  75.0%   316  325s
  2109  2074 49478.3702   68 1064 29070.7834 50873.1350  75.0%   308  330s
  2260  2231 49478.0378   72 1069 29070.7834 50873.1350  75.0%   299  335s
  2593  2523 49165.5504   83 1065 29070.7834 50873.1350  75.0%   282  346s
  2746  2689 49121.8443   86 1017 29070.7834 50873.1350  75.0%   276  351s
  2936  2854 48673.1699   92 1002 29070.7834 50873.1350  75.0%   269  356s
  3130  3036 48673.1699  100 1033 29070.7834 50873.1350  75.0%   262  361s
  3345  3220 48575.7662  112 1040 29070.7834 50873.1350  75.0%   254  368s
  3553  3432 48571.6183  120 1021 29070.7834 50873.1350  75.0%   247  373s
  3783  3655 48567.0697  130 1029 29070.7834 50873.1350  75.0%   239  381s
  4022  3889 48260.9464  135 1023 29070.7834 50873.1350  75.0%   232  387s
  4287  4118 infeasible  138      29070.7834 50873.1350  75.0%   224  394s
  4537  4361 47713.6140  158  901 29070.7834 50873.1350  75.0%   219  400s
  4820  4613 47719.7596  167  926 29070.7834 50873.1350  75.0%   213  407s
H 5096  4665                    30022.478421 50873.1350  69.5%   208  429s
H 5102  4665                    32031.055186 50873.1350  58.8%   208  429s
  5148  4946 46771.0733  182  843 32031.0552 50873.1350  58.8%   206  436s
H 5406  4940                    32749.944054 50873.1350  55.3%   202  436s
  5466  5201 46554.8736  193  824 32749.9441 50873.1350  55.3%   200  447s
  5760  5477 46024.0290  211  763 32749.9441 50873.1350  55.3%   196  456s
  6052  5759 45577.0699  225  738 32749.9441 50873.1350  55.3%   194  464s
  6370  6127 50857.6632   11 1200 32749.9441 50864.0128  55.3%   191  474s
  6784  6522 50224.9603   23 1021 32749.9441 50864.0128  55.3%   188  486s
  7217  6963 49081.0066   42  933 32749.9441 50864.0128  55.3%   185  501s
  7678  7471 48536.5544   60  901 32749.9441 50864.0128  55.3%   180  513s
  8214  7965 47926.2545   88  841 32749.9441 50864.0128  55.3%   177  530s
  8750  8515 47054.4293  105  858 32749.9441 50864.0128  55.3%   173  543s
  9368  8736 45274.2144  135  781 32749.9441 50864.0128  55.3%   168  573s
H 9369  8735                    32868.050952 50864.0128  54.8%   168  573s
  9657  9353 45274.2144  136  773 32868.0510 50864.0128  54.8%   166  587s
 10363  9955 43049.0430  178  629 32868.0510 50864.0128  54.8%   161  602s
 11070 10635 40242.3510  216  591 32868.0510 50864.0128  54.8%   156  618s
 11851 10636 42321.9178  155 1147 32868.0510 50864.0128  54.8%   152  683s
 11853 10637 45304.0257  112 1230 32868.0510 50864.0128  54.8%   152  708s
 11854 10638 45975.5202  113 1248 32868.0510 50864.0128  54.8%   152  724s
 11855 10639 46305.2577   63 1149 32868.0510 50864.0128  54.8%   152  725s
 11858 10642 49457.6543   34 1147 32868.0510 50864.0128  54.8%   153  755s
 11860 10643 45651.3009  133  587 32868.0510 50864.0128  54.8%   153  834s
 11861 10644 45842.2123  106  580 32868.0510 50864.0128  54.8%   153  844s
 11863 10645 46998.2953  125  544 32868.0510 50864.0128  54.8%   153  847s
 11864 10646 40073.6112  335  544 32868.0510 50864.0128  54.8%   153  855s
 11915 10697 50837.6011   34  504 32868.0510 50864.0128  54.8%   3.4  860s
 12016 10762 50394.9108   36  501 32868.0510 50864.0128  54.8%   4.5  889s
 12062 10789 50307.6421   37  497 32868.0510 50864.0128  54.8%   4.9  890s
 12114 10819 49811.4414   38  497 32868.0510 50864.0128  54.8%   5.2  896s
 12229 10890 50358.4202   40  524 32868.0510 50864.0128  54.8%   5.9  903s
 12287 10945 50342.8837   42  525 32868.0510 50864.0128  54.8%   6.5  905s
 12365 10977 50335.2818   44  528 32868.0510 50864.0128  54.8%   7.0  911s
 12459 11052 50017.9877   46  532 32868.0510 50864.0128  54.8%   7.9  915s
 12503 11060 50206.9493   47  531 32868.0510 50864.0128  54.8%   8.2  920s
 12651 11157 49787.1443   51  531 32868.0510 50864.0128  54.8%   9.9  928s
 12688 11198 49777.7997   52  533 32868.0510 50864.0128  54.8%  10.2  930s
 12874 11298 49044.0727   56  509 32868.0510 50864.0128  54.8%  11.6  938s
 12922 11354 48521.7511   58  536 32868.0510 50864.0128  54.8%  11.9  940s
 13148 11468 48422.9708   62  519 32868.0510 50864.0128  54.8%  12.8  949s
 13207 11524 48416.5316   64  516 32868.0510 50864.0128  54.8%  13.1  951s
 13373 11627 infeasible   68      32868.0510 50864.0128  54.8%  14.1  956s
 13467 11669 infeasible   70      32868.0510 50864.0128  54.8%  14.5  961s
 13649 11800 48307.8611   76  494 32868.0510 50864.0128  54.8%  15.2  966s
 13870 11902 47989.7387   81  465 32868.0510 50864.0128  54.8%  15.6  975s
 14070 12027 46875.1433   88  461 32868.0510 50864.0128  54.8%  16.5  980s
 14315 12160 infeasible   93      32868.0510 50864.0128  54.8%  17.4  990s
 14549 12248 infeasible  101      32868.0510 50864.0128  54.8%  18.4  996s
 14646 12318 infeasible  104      32868.0510 50864.0128  54.8%  19.5 1000s
 14766 12375 45192.5093  108  477 32868.0510 50864.0128  54.8%  20.5 1006s
 14877 12462 infeasible  110      32868.0510 50864.0128  54.8%  21.3 1010s
 15221 12706 44907.2016  118  486 32868.0510 50864.0128  54.8%  22.8 1020s
 15742 13080 44776.6534  128  481 32868.0510 50864.0128  54.8%  24.7 1028s
 16062 13207 44776.6534  135  474 32868.0510 50864.0128  54.8%  25.6 1035s
 16650 13618 44776.6534  150  466 32868.0510 50864.0128  54.8%  27.4 1046s
 16948 13814 44776.6534  157  457 32868.0510 50864.0128  54.8%  28.2 1051s
 17258 14044 44742.9109  164  448 32868.0510 50864.0128  54.8%  28.6 1056s
 17595 14358 44769.0640  169  451 32868.0510 50864.0128  54.8%  29.1 1063s
 18029 14433 44522.5437  175  456 32868.0510 50864.0128  54.8%  29.4 1069s
 18277 14761 44330.0174  182  438 32868.0510 50864.0128  54.8%  29.8 1074s
 18712 14997 44284.3935  191  483 32868.0510 50864.0128  54.8%  30.5 1082s
 19109 15258 42691.9696  201  446 32868.0510 50864.0128  54.8%  31.3 1088s
 19530 15491 43715.4236  212  462 32868.0510 50864.0128  54.8%  32.1 1098s
 19929 15761 43712.1425  219  419 32868.0510 50864.0128  54.8%  32.9 1104s
 20346 16083 43712.1425  226  410 32868.0510 50864.0128  54.8%  33.7 1114s
 20817 16368 43711.7135  234  424 32868.0510 50864.0128  54.8%  34.3 1120s
 21285 16668 43443.7199  243  456 32868.0510 50864.0128  54.8%  35.2 1129s
 21789 16948 43233.5253  255  412 32868.0510 50864.0128  54.8%  35.9 1136s
 22277 17057 infeasible  265      32868.0510 50864.0128  54.8%  36.6 1202s
H22313 16512                    32916.952964 50864.0128  54.5%  36.7 1202s
 22593 16825 42603.2393  271  349 32916.9530 50864.0128  54.5%  37.1 1208s
 23121 17024 infeasible  278      32916.9530 50864.0128  54.5%  37.7 1219s
 23570 17374 50343.1300   44  519 32916.9530 50864.0128  54.5%  37.9 1719s
 24190 18720 47649.9523   76  534 32916.9530 50864.0128  54.5%  38.3 1919s
 26068 20173 42676.6046  154  365 32916.9530 50864.0128  54.5%  41.9 1957s
 28408 21281 33946.5424  271  237 32916.9530 50864.0128  54.5%  43.0 1980s
 30543 22194 47109.4744  141  390 32916.9530 50864.0128  54.5%  43.5 2007s
 32321 23065 42796.8979  258  276 32916.9530 50864.0128  54.5%  43.7 2024s
 33929 23939 39176.1069  373  168 32916.9530 50864.0128  54.5%  43.7 2049s
 35487 24743 35262.8741  488   87 32916.9530 50864.0128  54.5%  43.6 2065s
 37142 24223 48559.5703   81  469 32916.9530 50864.0128  54.5%  43.3 2232s
H37161 23707                    33146.958972 50864.0128  53.5%  43.3 2232s
 37177 25129 48559.5703   82  473 33146.9590 50864.0128  53.5%  43.3 2248s
 38835 25966 42151.1830  179  408 33146.9590 50864.0128  53.5%  43.6 2274s
 40463 26718 infeasible  245      33146.9590 50864.0128  53.5%  43.7 2291s
 42096 26694 46792.4546   95  463 33146.9590 50864.0128  53.5%  43.7 2439s
H42129 26658                    33321.364446 50864.0128  52.6%  43.7 2439s
 42159 28174 46791.5225   96  461 33321.3644 50864.0128  52.6%  43.7 2456s
 43847 29720 43401.5866  186  321 33321.3644 50864.0128  52.6%  44.1 2491s
H44738 29718                    33359.031730 50864.0128  52.5%  44.2 2491s
 45604 31259 36554.7223  302  209 33359.0317 50864.0128  52.5%  44.3 2512s

Cutting planes:
  Learned: 2
  Gomory: 1
  Cover: 4
  MIR: 13

Explored 47525 nodes (3960948 simplex iterations) in 3611.18 seconds (1619.14 work units)
Thread count was 20 (of 20 available processors)

Solution count 10: 33359 33321.4 33147 ... 28762.3

Time limit reached
Best objective 3.335903173044e+04, best bound 5.086401279964e+04, gap 52.4745%
