04/28/2026 07:17:08 PM INFO mip_v1 - setup_solver_logging: ================================================================================
04/28/2026 07:17:08 PM INFO mip_v1 - setup_solver_logging: Logging started. Log file: D:\Project_Code\Paper\DP_LBBD_1\DP_lbbd\Algorithm\Results\mip_v1\medium\exp_5f_50j_seed4\log\exp_5f_50j_seed4_running.log
04/28/2026 07:17:08 PM INFO mip_v1 - print: BigM calculated: 135.0
04/28/2026 07:17:08 PM INFO mip_v1 - print: Adding variables...
04/28/2026 07:17:08 PM INFO mip_v1 - print: Total variables: 52900
04/28/2026 07:17:08 PM INFO mip_v1 - print: Adding constraints...
04/28/2026 07:17:10 PM INFO mip_v1 - print: Total constraints: 105870
04/28/2026 07:17:10 PM INFO mip_v1 - print: Setting objective function...
04/28/2026 07:17:10 PM INFO mip_v1 - print: 
04/28/2026 07:17:10 PM INFO mip_v1 - print: ✓ Model LP written to: D:\Project_Code\Paper\DP_LBBD_1\DP_lbbd\Algorithm\MIP\production_model.lp
04/28/2026 07:17:10 PM INFO mip_v1 - print: 
04/28/2026 07:17:10 PM INFO mip_v1 - print: ============================================================
04/28/2026 07:17:10 PM INFO mip_v1 - print: Starting optimization...
04/28/2026 07:17:10 PM INFO mip_v1 - print: ============================================================
04/28/2026 07:17:10 PM INFO mip_v1 - print: Gurobi native log file: D:\Project_Code\Paper\DP_LBBD_1\DP_lbbd\Algorithm\Results\mip_v1\medium\exp_5f_50j_seed4\log\exp_5f_50j_seed4_gurobi.log
04/28/2026 07:47:12 PM INFO mip_v1 - print: 
04/28/2026 07:47:12 PM INFO mip_v1 - print: ============================================================
04/28/2026 07:47:12 PM INFO mip_v1 - print: SOLUTION SUMMARY
04/28/2026 07:47:12 PM INFO mip_v1 - print: ============================================================
04/28/2026 07:47:12 PM INFO mip_v1 - print: ⚠ Time limit reached, best solution found:
04/28/2026 07:47:12 PM INFO mip_v1 - print: 
04/28/2026 07:47:12 PM INFO mip_v1 - print: Objective Value (Total Profit): 20229.46
04/28/2026 07:47:12 PM INFO mip_v1 - print: MIP Gap: 52.86%
04/28/2026 07:47:12 PM INFO mip_v1 - print: 
04/28/2026 07:47:12 PM INFO mip_v1 - print: 📋 Accepted Orders (34/50): [1, 2, 3, 4, 5, 7, 9, 11, 12, 13, 14, 15, 16, 18, 19, 22, 24, 25, 27, 28, 29, 30, 32, 33, 35, 38, 39, 40, 42, 43, 45, 46, 47, 49]
04/28/2026 07:47:12 PM INFO mip_v1 - print: 
04/28/2026 07:47:12 PM INFO mip_v1 - print: ------------------------------------------------------------
04/28/2026 07:47:12 PM INFO mip_v1 - print: ORDER ALLOCATION DETAILS
04/28/2026 07:47:12 PM INFO mip_v1 - print: ------------------------------------------------------------
04/28/2026 07:47:12 PM INFO mip_v1 - print: 
04/28/2026 07:47:12 PM INFO mip_v1 - print: Order 1 → Factory 4
04/28/2026 07:47:12 PM INFO mip_v1 - print:   Machine 1: completion time = 75.67
04/28/2026 07:47:12 PM INFO mip_v1 - print:   Machine 2: completion time = 82.93
04/28/2026 07:47:12 PM INFO mip_v1 - print:   Machine 3: completion time = 89.84
04/28/2026 07:47:12 PM INFO mip_v1 - print:   Machine 4: completion time = 97.43
04/28/2026 07:47:12 PM INFO mip_v1 - print:   Delivery: 100.33 (Deadline: 101.20, Delay: 0.00)
04/28/2026 07:47:12 PM INFO mip_v1 - print: 
04/28/2026 07:47:12 PM INFO mip_v1 - print: Order 2 → Factory 3
04/28/2026 07:47:12 PM INFO mip_v1 - print:   Machine 1: completion time = 17.36
04/28/2026 07:47:12 PM INFO mip_v1 - print:   Machine 2: completion time = 27.31
04/28/2026 07:47:12 PM INFO mip_v1 - print:   Machine 3: completion time = 35.71
04/28/2026 07:47:12 PM INFO mip_v1 - print:   Machine 4: completion time = 47.50
04/28/2026 07:47:12 PM INFO mip_v1 - print:   Delivery: 47.60 (Deadline: 60.70, Delay: 0.00)
04/28/2026 07:47:12 PM INFO mip_v1 - print: 
04/28/2026 07:47:12 PM INFO mip_v1 - print: Order 3 → Factory 5
04/28/2026 07:47:12 PM INFO mip_v1 - print:   Machine 1: completion time = 28.34
04/28/2026 07:47:12 PM INFO mip_v1 - print:   Machine 2: completion time = 35.86
04/28/2026 07:47:12 PM INFO mip_v1 - print:   Machine 3: completion time = 48.73
04/28/2026 07:47:12 PM INFO mip_v1 - print:   Delivery: 52.23 (Deadline: 59.10, Delay: 0.00)
04/28/2026 07:47:12 PM INFO mip_v1 - print: 
04/28/2026 07:47:12 PM INFO mip_v1 - print: Order 4 → Factory 1
04/28/2026 07:47:12 PM INFO mip_v1 - print:   Machine 1: completion time = 46.05
04/28/2026 07:47:12 PM INFO mip_v1 - print:   Machine 2: completion time = 58.90
04/28/2026 07:47:12 PM INFO mip_v1 - print:   Machine 3: completion time = 69.79
04/28/2026 07:47:12 PM INFO mip_v1 - print:   Machine 4: completion time = 81.00
04/28/2026 07:47:12 PM INFO mip_v1 - print:   Machine 5: completion time = 93.70
04/28/2026 07:47:12 PM INFO mip_v1 - print:   Delivery: 96.30 (Deadline: 96.30, Delay: 0.00)
04/28/2026 07:47:12 PM INFO mip_v1 - print: 
04/28/2026 07:47:12 PM INFO mip_v1 - print: Order 5 → Factory 5
04/28/2026 07:47:12 PM INFO mip_v1 - print:   Machine 1: completion time = 35.80
04/28/2026 07:47:12 PM INFO mip_v1 - print:   Machine 2: completion time = 42.11
04/28/2026 07:47:12 PM INFO mip_v1 - print:   Machine 3: completion time = 54.94
04/28/2026 07:47:12 PM INFO mip_v1 - print:   Delivery: 57.24 (Deadline: 68.20, Delay: 0.00)
04/28/2026 07:47:12 PM INFO mip_v1 - print: 
04/28/2026 07:47:12 PM INFO mip_v1 - print: Order 7 → Factory 3
04/28/2026 07:47:12 PM INFO mip_v1 - print:   Machine 1: completion time = 58.33
04/28/2026 07:47:12 PM INFO mip_v1 - print:   Machine 2: completion time = 95.39
04/28/2026 07:47:12 PM INFO mip_v1 - print:   Machine 3: completion time = 104.85
04/28/2026 07:47:12 PM INFO mip_v1 - print:   Machine 4: completion time = 114.96
04/28/2026 07:47:12 PM INFO mip_v1 - print:   Delivery: 117.26 (Deadline: 113.70, Delay: 3.56)
04/28/2026 07:47:12 PM INFO mip_v1 - print: 
04/28/2026 07:47:12 PM INFO mip_v1 - print: Order 9 → Factory 3
04/28/2026 07:47:12 PM INFO mip_v1 - print:   Machine 1: completion time = 24.93
04/28/2026 07:47:12 PM INFO mip_v1 - print:   Machine 2: completion time = 35.36
04/28/2026 07:47:12 PM INFO mip_v1 - print:   Machine 3: completion time = 43.23
04/28/2026 07:47:12 PM INFO mip_v1 - print:   Machine 4: completion time = 57.22
04/28/2026 07:47:12 PM INFO mip_v1 - print:   Delivery: 60.12 (Deadline: 71.60, Delay: 0.00)
04/28/2026 07:47:12 PM INFO mip_v1 - print: 
04/28/2026 07:47:12 PM INFO mip_v1 - print: Order 11 → Factory 1
04/28/2026 07:47:12 PM INFO mip_v1 - print:   Machine 1: completion time = 59.32
04/28/2026 07:47:12 PM INFO mip_v1 - print:   Machine 2: completion time = 73.89
04/28/2026 07:47:12 PM INFO mip_v1 - print:   Machine 3: completion time = 86.46
04/28/2026 07:47:12 PM INFO mip_v1 - print:   Machine 4: completion time = 99.16
04/28/2026 07:47:12 PM INFO mip_v1 - print:   Machine 5: completion time = 113.52
04/28/2026 07:47:12 PM INFO mip_v1 - print:   Delivery: 115.92 (Deadline: 113.00, Delay: 2.92)
04/28/2026 07:47:12 PM INFO mip_v1 - print: 
04/28/2026 07:47:12 PM INFO mip_v1 - print: Order 12 → Factory 2
04/28/2026 07:47:12 PM INFO mip_v1 - print:   Machine 1: completion time = 51.04
04/28/2026 07:47:12 PM INFO mip_v1 - print:   Machine 2: completion time = 58.35
04/28/2026 07:47:12 PM INFO mip_v1 - print:   Machine 3: completion time = 65.11
04/28/2026 07:47:12 PM INFO mip_v1 - print:   Machine 4: completion time = 75.61
04/28/2026 07:47:12 PM INFO mip_v1 - print:   Machine 5: completion time = 82.83
04/28/2026 07:47:12 PM INFO mip_v1 - print:   Delivery: 86.43 (Deadline: 98.10, Delay: 0.00)
04/28/2026 07:47:12 PM INFO mip_v1 - print: 
04/28/2026 07:47:12 PM INFO mip_v1 - print: Order 13 → Factory 4
04/28/2026 07:47:12 PM INFO mip_v1 - print:   Machine 1: completion time = 20.73
04/28/2026 07:47:12 PM INFO mip_v1 - print:   Machine 2: completion time = 26.99
04/28/2026 07:47:12 PM INFO mip_v1 - print:   Machine 3: completion time = 33.36
04/28/2026 07:47:12 PM INFO mip_v1 - print:   Machine 4: completion time = 40.63
04/28/2026 07:47:12 PM INFO mip_v1 - print:   Delivery: 45.73 (Deadline: 75.40, Delay: 0.00)
04/28/2026 07:47:12 PM INFO mip_v1 - print: 
04/28/2026 07:47:12 PM INFO mip_v1 - print: Order 14 → Factory 1
04/28/2026 07:47:12 PM INFO mip_v1 - print:   Machine 1: completion time = 15.73
04/28/2026 07:47:12 PM INFO mip_v1 - print:   Machine 2: completion time = 24.65
04/28/2026 07:47:12 PM INFO mip_v1 - print:   Machine 3: completion time = 32.19
04/28/2026 07:47:12 PM INFO mip_v1 - print:   Machine 4: completion time = 50.05
04/28/2026 07:47:12 PM INFO mip_v1 - print:   Machine 5: completion time = 59.50
04/28/2026 07:47:12 PM INFO mip_v1 - print:   Delivery: 62.30 (Deadline: 62.30, Delay: 0.00)
04/28/2026 07:47:12 PM INFO mip_v1 - print: 
04/28/2026 07:47:12 PM INFO mip_v1 - print: Order 15 → Factory 3
04/28/2026 07:47:12 PM INFO mip_v1 - print:   Machine 1: completion time = 50.68
04/28/2026 07:47:12 PM INFO mip_v1 - print:   Machine 2: completion time = 69.55
04/28/2026 07:47:12 PM INFO mip_v1 - print:   Machine 3: completion time = 80.88
04/28/2026 07:47:12 PM INFO mip_v1 - print:   Machine 4: completion time = 92.19
04/28/2026 07:47:12 PM INFO mip_v1 - print:   Delivery: 92.89 (Deadline: 92.00, Delay: 0.89)
04/28/2026 07:47:12 PM INFO mip_v1 - print: 
04/28/2026 07:47:12 PM INFO mip_v1 - print: Order 16 → Factory 4
04/28/2026 07:47:12 PM INFO mip_v1 - print:   Machine 1: completion time = 36.12
04/28/2026 07:47:12 PM INFO mip_v1 - print:   Machine 2: completion time = 43.08
04/28/2026 07:47:12 PM INFO mip_v1 - print:   Machine 3: completion time = 51.03
04/28/2026 07:47:12 PM INFO mip_v1 - print:   Machine 4: completion time = 59.62
04/28/2026 07:47:12 PM INFO mip_v1 - print:   Delivery: 62.32 (Deadline: 68.60, Delay: 0.00)
04/28/2026 07:47:12 PM INFO mip_v1 - print: 
04/28/2026 07:47:12 PM INFO mip_v1 - print: Order 18 → Factory 3
04/28/2026 07:47:12 PM INFO mip_v1 - print:   Machine 1: completion time = 31.82
04/28/2026 07:47:12 PM INFO mip_v1 - print:   Machine 2: completion time = 43.28
04/28/2026 07:47:12 PM INFO mip_v1 - print:   Machine 3: completion time = 50.74
04/28/2026 07:47:12 PM INFO mip_v1 - print:   Machine 4: completion time = 65.84
04/28/2026 07:47:12 PM INFO mip_v1 - print:   Delivery: 71.44 (Deadline: 72.40, Delay: 0.00)
04/28/2026 07:47:12 PM INFO mip_v1 - print: 
04/28/2026 07:47:12 PM INFO mip_v1 - print: Order 19 → Factory 3
04/28/2026 07:47:12 PM INFO mip_v1 - print:   Machine 1: completion time = 69.24
04/28/2026 07:47:12 PM INFO mip_v1 - print:   Machine 2: completion time = 80.88
04/28/2026 07:47:12 PM INFO mip_v1 - print:   Machine 3: completion time = 92.19
04/28/2026 07:47:12 PM INFO mip_v1 - print:   Machine 4: completion time = 104.85
04/28/2026 07:47:12 PM INFO mip_v1 - print:   Delivery: 108.15 (Deadline: 112.10, Delay: 0.00)
04/28/2026 07:47:12 PM INFO mip_v1 - print: 
04/28/2026 07:47:12 PM INFO mip_v1 - print: Order 22 → Factory 4
04/28/2026 07:47:12 PM INFO mip_v1 - print:   Machine 1: completion time = 42.18
04/28/2026 07:47:12 PM INFO mip_v1 - print:   Machine 2: completion time = 48.67
04/28/2026 07:47:12 PM INFO mip_v1 - print:   Machine 3: completion time = 58.50
04/28/2026 07:47:12 PM INFO mip_v1 - print:   Machine 4: completion time = 66.51
04/28/2026 07:47:12 PM INFO mip_v1 - print:   Delivery: 69.91 (Deadline: 90.10, Delay: 0.00)
04/28/2026 07:47:12 PM INFO mip_v1 - print: 
04/28/2026 07:47:12 PM INFO mip_v1 - print: Order 24 → Factory 2
04/28/2026 07:47:12 PM INFO mip_v1 - print:   Machine 1: completion time = 58.84
04/28/2026 07:47:12 PM INFO mip_v1 - print:   Machine 2: completion time = 67.73
04/28/2026 07:47:12 PM INFO mip_v1 - print:   Machine 3: completion time = 75.61
04/28/2026 07:47:12 PM INFO mip_v1 - print:   Machine 4: completion time = 82.83
04/28/2026 07:47:12 PM INFO mip_v1 - print:   Machine 5: completion time = 91.31
04/28/2026 07:47:12 PM INFO mip_v1 - print:   Delivery: 95.01 (Deadline: 110.60, Delay: 0.00)
04/28/2026 07:47:12 PM INFO mip_v1 - print: 
04/28/2026 07:47:12 PM INFO mip_v1 - print: Order 25 → Factory 4
04/28/2026 07:47:12 PM INFO mip_v1 - print:   Machine 1: completion time = 13.80
04/28/2026 07:47:12 PM INFO mip_v1 - print:   Machine 2: completion time = 20.73
04/28/2026 07:47:12 PM INFO mip_v1 - print:   Machine 3: completion time = 26.99
04/28/2026 07:47:12 PM INFO mip_v1 - print:   Machine 4: completion time = 33.36
04/28/2026 07:47:12 PM INFO mip_v1 - print:   Delivery: 37.56 (Deadline: 62.30, Delay: 0.00)
04/28/2026 07:47:12 PM INFO mip_v1 - print: 
04/28/2026 07:47:12 PM INFO mip_v1 - print: Order 27 → Factory 5
04/28/2026 07:47:12 PM INFO mip_v1 - print:   Machine 1: completion time = 18.81
04/28/2026 07:47:12 PM INFO mip_v1 - print:   Machine 2: completion time = 28.34
04/28/2026 07:47:12 PM INFO mip_v1 - print:   Machine 3: completion time = 36.29
04/28/2026 07:47:12 PM INFO mip_v1 - print:   Delivery: 40.29 (Deadline: 64.10, Delay: 0.00)
04/28/2026 07:47:12 PM INFO mip_v1 - print: 
04/28/2026 07:47:12 PM INFO mip_v1 - print: Order 28 → Factory 2
04/28/2026 07:47:12 PM INFO mip_v1 - print:   Machine 1: completion time = 39.31
04/28/2026 07:47:12 PM INFO mip_v1 - print:   Machine 2: completion time = 48.68
04/28/2026 07:47:12 PM INFO mip_v1 - print:   Machine 3: completion time = 57.53
04/28/2026 07:47:12 PM INFO mip_v1 - print:   Machine 4: completion time = 65.00
04/28/2026 07:47:12 PM INFO mip_v1 - print:   Machine 5: completion time = 74.55
04/28/2026 07:47:12 PM INFO mip_v1 - print:   Delivery: 81.05 (Deadline: 82.50, Delay: 0.00)
04/28/2026 07:47:12 PM INFO mip_v1 - print: 
04/28/2026 07:47:12 PM INFO mip_v1 - print: Order 29 → Factory 5
04/28/2026 07:47:12 PM INFO mip_v1 - print:   Machine 1: completion time = 82.64
04/28/2026 07:47:12 PM INFO mip_v1 - print:   Machine 2: completion time = 94.26
04/28/2026 07:47:12 PM INFO mip_v1 - print:   Machine 3: completion time = 105.90
04/28/2026 07:47:12 PM INFO mip_v1 - print:   Delivery: 111.20 (Deadline: 111.20, Delay: 0.00)
04/28/2026 07:47:12 PM INFO mip_v1 - print: 
04/28/2026 07:47:12 PM INFO mip_v1 - print: Order 30 → Factory 5
04/28/2026 07:47:12 PM INFO mip_v1 - print:   Machine 1: completion time = 45.73
04/28/2026 07:47:12 PM INFO mip_v1 - print:   Machine 2: completion time = 53.86
04/28/2026 07:47:12 PM INFO mip_v1 - print:   Machine 3: completion time = 63.71
04/28/2026 07:47:12 PM INFO mip_v1 - print:   Delivery: 65.51 (Deadline: 84.50, Delay: 0.00)
04/28/2026 07:47:12 PM INFO mip_v1 - print: 
04/28/2026 07:47:12 PM INFO mip_v1 - print: Order 32 → Factory 5
04/28/2026 07:47:12 PM INFO mip_v1 - print:   Machine 1: completion time = 67.68
04/28/2026 07:47:12 PM INFO mip_v1 - print:   Machine 2: completion time = 75.89
04/28/2026 07:47:12 PM INFO mip_v1 - print:   Machine 3: completion time = 94.26
04/28/2026 07:47:12 PM INFO mip_v1 - print:   Delivery: 97.06 (Deadline: 100.90, Delay: 0.00)
04/28/2026 07:47:12 PM INFO mip_v1 - print: 
04/28/2026 07:47:12 PM INFO mip_v1 - print: Order 33 → Factory 4
04/28/2026 07:47:12 PM INFO mip_v1 - print:   Machine 1: completion time = 64.97
04/28/2026 07:47:12 PM INFO mip_v1 - print:   Machine 2: completion time = 71.81
04/28/2026 07:47:12 PM INFO mip_v1 - print:   Machine 3: completion time = 82.47
04/28/2026 07:47:12 PM INFO mip_v1 - print:   Machine 4: completion time = 90.07
04/28/2026 07:47:12 PM INFO mip_v1 - print:   Delivery: 91.27 (Deadline: 102.00, Delay: 0.00)
04/28/2026 07:47:12 PM INFO mip_v1 - print: 
04/28/2026 07:47:12 PM INFO mip_v1 - print: Order 35 → Factory 3
04/28/2026 07:47:12 PM INFO mip_v1 - print:   Machine 1: completion time = 43.11
04/28/2026 07:47:12 PM INFO mip_v1 - print:   Machine 2: completion time = 55.50
04/28/2026 07:47:12 PM INFO mip_v1 - print:   Machine 3: completion time = 67.44
04/28/2026 07:47:12 PM INFO mip_v1 - print:   Machine 4: completion time = 82.54
04/28/2026 07:47:12 PM INFO mip_v1 - print:   Delivery: 88.34 (Deadline: 88.30, Delay: 0.04)
04/28/2026 07:47:12 PM INFO mip_v1 - print: 
04/28/2026 07:47:12 PM INFO mip_v1 - print: Order 38 → Factory 4
04/28/2026 07:47:12 PM INFO mip_v1 - print:   Machine 1: completion time = 82.93
04/28/2026 07:47:12 PM INFO mip_v1 - print:   Machine 2: completion time = 89.84
04/28/2026 07:47:12 PM INFO mip_v1 - print:   Machine 3: completion time = 97.43
04/28/2026 07:47:12 PM INFO mip_v1 - print:   Machine 4: completion time = 105.31
04/28/2026 07:47:12 PM INFO mip_v1 - print:   Delivery: 107.01 (Deadline: 106.00, Delay: 1.01)
04/28/2026 07:47:12 PM INFO mip_v1 - print: 
04/28/2026 07:47:12 PM INFO mip_v1 - print: Order 39 → Factory 4
04/28/2026 07:47:12 PM INFO mip_v1 - print:   Machine 1: completion time = 27.82
04/28/2026 07:47:12 PM INFO mip_v1 - print:   Machine 2: completion time = 34.18
04/28/2026 07:47:12 PM INFO mip_v1 - print:   Machine 3: completion time = 40.91
04/28/2026 07:47:12 PM INFO mip_v1 - print:   Machine 4: completion time = 48.33
04/28/2026 07:47:12 PM INFO mip_v1 - print:   Delivery: 54.63 (Deadline: 79.60, Delay: 0.00)
04/28/2026 07:47:12 PM INFO mip_v1 - print: 
04/28/2026 07:47:12 PM INFO mip_v1 - print: Order 40 → Factory 4
04/28/2026 07:47:12 PM INFO mip_v1 - print:   Machine 1: completion time = 57.52
04/28/2026 07:47:12 PM INFO mip_v1 - print:   Machine 2: completion time = 65.26
04/28/2026 07:47:12 PM INFO mip_v1 - print:   Machine 3: completion time = 73.63
04/28/2026 07:47:12 PM INFO mip_v1 - print:   Machine 4: completion time = 82.47
04/28/2026 07:47:12 PM INFO mip_v1 - print:   Delivery: 89.77 (Deadline: 93.40, Delay: 0.00)
04/28/2026 07:47:12 PM INFO mip_v1 - print: 
04/28/2026 07:47:12 PM INFO mip_v1 - print: Order 42 → Factory 4
04/28/2026 07:47:12 PM INFO mip_v1 - print:   Machine 1: completion time = 48.95
04/28/2026 07:47:12 PM INFO mip_v1 - print:   Machine 2: completion time = 55.29
04/28/2026 07:47:12 PM INFO mip_v1 - print:   Machine 3: completion time = 65.26
04/28/2026 07:47:12 PM INFO mip_v1 - print:   Machine 4: completion time = 73.63
04/28/2026 07:47:12 PM INFO mip_v1 - print:   Delivery: 80.33 (Deadline: 96.60, Delay: 0.00)
04/28/2026 07:47:12 PM INFO mip_v1 - print: 
04/28/2026 07:47:12 PM INFO mip_v1 - print: Order 43 → Factory 3
04/28/2026 07:47:12 PM INFO mip_v1 - print:   Machine 1: completion time = 9.50
04/28/2026 07:47:12 PM INFO mip_v1 - print:   Machine 2: completion time = 18.44
04/28/2026 07:47:12 PM INFO mip_v1 - print:   Machine 3: completion time = 26.78
04/28/2026 07:47:12 PM INFO mip_v1 - print:   Machine 4: completion time = 37.48
04/28/2026 07:47:12 PM INFO mip_v1 - print:   Delivery: 45.18 (Deadline: 55.90, Delay: 0.00)
04/28/2026 07:47:12 PM INFO mip_v1 - print: 
04/28/2026 07:47:12 PM INFO mip_v1 - print: Order 45 → Factory 5
04/28/2026 07:47:12 PM INFO mip_v1 - print:   Machine 1: completion time = 58.34
04/28/2026 07:47:12 PM INFO mip_v1 - print:   Machine 2: completion time = 68.14
04/28/2026 07:47:12 PM INFO mip_v1 - print:   Machine 3: completion time = 78.25
04/28/2026 07:47:12 PM INFO mip_v1 - print:   Delivery: 83.85 (Deadline: 104.40, Delay: 0.00)
04/28/2026 07:47:12 PM INFO mip_v1 - print: 
04/28/2026 07:47:12 PM INFO mip_v1 - print: Order 46 → Factory 1
04/28/2026 07:47:12 PM INFO mip_v1 - print:   Machine 1: completion time = 33.68
04/28/2026 07:47:12 PM INFO mip_v1 - print:   Machine 2: completion time = 46.91
04/28/2026 07:47:12 PM INFO mip_v1 - print:   Machine 3: completion time = 58.90
04/28/2026 07:47:12 PM INFO mip_v1 - print:   Machine 4: completion time = 69.79
04/28/2026 07:47:12 PM INFO mip_v1 - print:   Machine 5: completion time = 81.00
04/28/2026 07:47:12 PM INFO mip_v1 - print:   Delivery: 84.60 (Deadline: 91.00, Delay: 0.00)
04/28/2026 07:47:12 PM INFO mip_v1 - print: 
04/28/2026 07:47:12 PM INFO mip_v1 - print: Order 47 → Factory 2
04/28/2026 07:47:12 PM INFO mip_v1 - print:   Machine 1: completion time = 68.56
04/28/2026 07:47:12 PM INFO mip_v1 - print:   Machine 2: completion time = 79.87
04/28/2026 07:47:12 PM INFO mip_v1 - print:   Machine 3: completion time = 89.70
04/28/2026 07:47:12 PM INFO mip_v1 - print:   Machine 4: completion time = 98.43
04/28/2026 07:47:12 PM INFO mip_v1 - print:   Machine 5: completion time = 108.45
04/28/2026 07:47:12 PM INFO mip_v1 - print:   Delivery: 109.85 (Deadline: 109.30, Delay: 0.55)
04/28/2026 07:47:12 PM INFO mip_v1 - print: 
04/28/2026 07:47:12 PM INFO mip_v1 - print: Order 49 → Factory 1
04/28/2026 07:47:12 PM INFO mip_v1 - print:   Machine 1: completion time = 24.20
04/28/2026 07:47:12 PM INFO mip_v1 - print:   Machine 2: completion time = 37.76
04/28/2026 07:47:12 PM INFO mip_v1 - print:   Machine 3: completion time = 50.49
04/28/2026 07:47:12 PM INFO mip_v1 - print:   Machine 4: completion time = 59.55
04/28/2026 07:47:12 PM INFO mip_v1 - print:   Machine 5: completion time = 69.00
04/28/2026 07:47:12 PM INFO mip_v1 - print:   Delivery: 75.40 (Deadline: 75.40, Delay: 0.00)
04/28/2026 07:47:12 PM INFO mip_v1 - print: 
04/28/2026 07:47:12 PM INFO mip_v1 - print: ------------------------------------------------------------
04/28/2026 07:47:12 PM INFO mip_v1 - print: COST BREAKDOWN
04/28/2026 07:47:12 PM INFO mip_v1 - print: ------------------------------------------------------------
04/28/2026 07:47:12 PM INFO mip_v1 - print: Total Revenue:          +    52775.00
04/28/2026 07:47:12 PM INFO mip_v1 - print: Production Cost:        -    24660.54
04/28/2026 07:47:12 PM INFO mip_v1 - print: Transport Cost:         -     7283.90
04/28/2026 07:47:12 PM INFO mip_v1 - print: Delay Penalty:          -      601.10
04/28/2026 07:47:12 PM INFO mip_v1 - print: ------------------------------------------------------------
04/28/2026 07:47:12 PM INFO mip_v1 - print: Total Profit:           =    20229.46
