04/29/2026 12:15:20 AM INFO mip_v1 - setup_solver_logging: ================================================================================
04/29/2026 12:15:20 AM INFO mip_v1 - setup_solver_logging: Logging started. Log file: D:\Project_Code\Paper\DP_LBBD_1\DP_lbbd\Algorithm\Results\mip_v1\small\exp_3f_15j_seed2\log\exp_3f_15j_seed2_running.log
04/29/2026 12:15:20 AM INFO mip_v1 - print: BigM calculated: 91.5
04/29/2026 12:15:20 AM INFO mip_v1 - print: Adding variables...
04/29/2026 12:15:20 AM INFO mip_v1 - print: Total variables: 2340
04/29/2026 12:15:20 AM INFO mip_v1 - print: Adding constraints...
04/29/2026 12:15:20 AM INFO mip_v1 - print: Total constraints: 4680
04/29/2026 12:15:20 AM INFO mip_v1 - print: Setting objective function...
04/29/2026 12:15:20 AM INFO mip_v1 - print: 
04/29/2026 12:15:20 AM INFO mip_v1 - print: ✓ Model LP written to: D:\Project_Code\Paper\DP_LBBD_1\DP_lbbd\Algorithm\MIP\production_model.lp
04/29/2026 12:15:20 AM INFO mip_v1 - print: 
04/29/2026 12:15:20 AM INFO mip_v1 - print: ============================================================
04/29/2026 12:15:20 AM INFO mip_v1 - print: Starting optimization...
04/29/2026 12:15:20 AM INFO mip_v1 - print: ============================================================
04/29/2026 12:15:20 AM INFO mip_v1 - print: Gurobi native log file: D:\Project_Code\Paper\DP_LBBD_1\DP_lbbd\Algorithm\Results\mip_v1\small\exp_3f_15j_seed2\log\exp_3f_15j_seed2_gurobi.log
04/29/2026 12:15:28 AM INFO mip_v1 - print: 
04/29/2026 12:15:28 AM INFO mip_v1 - print: ============================================================
04/29/2026 12:15:28 AM INFO mip_v1 - print: SOLUTION SUMMARY
04/29/2026 12:15:28 AM INFO mip_v1 - print: ============================================================
04/29/2026 12:15:28 AM INFO mip_v1 - print: ✓ Optimal solution found!
04/29/2026 12:15:28 AM INFO mip_v1 - print: 
04/29/2026 12:15:28 AM INFO mip_v1 - print: Objective Value (Total Profit): 5948.78
04/29/2026 12:15:28 AM INFO mip_v1 - print: MIP Gap: 0.00%
04/29/2026 12:15:28 AM INFO mip_v1 - print: 
04/29/2026 12:15:28 AM INFO mip_v1 - print: 📋 Accepted Orders (10/15): [1, 2, 3, 6, 7, 9, 12, 13, 14, 15]
04/29/2026 12:15:28 AM INFO mip_v1 - print: 
04/29/2026 12:15:28 AM INFO mip_v1 - print: ------------------------------------------------------------
04/29/2026 12:15:28 AM INFO mip_v1 - print: ORDER ALLOCATION DETAILS
04/29/2026 12:15:28 AM INFO mip_v1 - print: ------------------------------------------------------------
04/29/2026 12:15:28 AM INFO mip_v1 - print: 
04/29/2026 12:15:28 AM INFO mip_v1 - print: Order 1 → Factory 1
04/29/2026 12:15:28 AM INFO mip_v1 - print:   Machine 1: completion time = 11.29
04/29/2026 12:15:28 AM INFO mip_v1 - print:   Machine 2: completion time = 19.54
04/29/2026 12:15:28 AM INFO mip_v1 - print:   Machine 3: completion time = 27.45
04/29/2026 12:15:28 AM INFO mip_v1 - print:   Delivery: 29.25 (Deadline: 55.40, Delay: 0.00)
04/29/2026 12:15:28 AM INFO mip_v1 - print: 
04/29/2026 12:15:28 AM INFO mip_v1 - print: Order 2 → Factory 3
04/29/2026 12:15:28 AM INFO mip_v1 - print:   Machine 1: completion time = 10.90
04/29/2026 12:15:28 AM INFO mip_v1 - print:   Machine 2: completion time = 18.32
04/29/2026 12:15:28 AM INFO mip_v1 - print:   Machine 3: completion time = 30.53
04/29/2026 12:15:28 AM INFO mip_v1 - print:   Delivery: 38.93 (Deadline: 45.00, Delay: 0.00)
04/29/2026 12:15:28 AM INFO mip_v1 - print: 
04/29/2026 12:15:28 AM INFO mip_v1 - print: Order 3 → Factory 1
04/29/2026 12:15:28 AM INFO mip_v1 - print:   Machine 1: completion time = 28.44
04/29/2026 12:15:28 AM INFO mip_v1 - print:   Machine 2: completion time = 37.85
04/29/2026 12:15:28 AM INFO mip_v1 - print:   Machine 3: completion time = 47.07
04/29/2026 12:15:28 AM INFO mip_v1 - print:   Delivery: 52.87 (Deadline: 53.80, Delay: 0.00)
04/29/2026 12:15:28 AM INFO mip_v1 - print: 
04/29/2026 12:15:28 AM INFO mip_v1 - print: Order 6 → Factory 1
04/29/2026 12:15:28 AM INFO mip_v1 - print:   Machine 1: completion time = 19.52
04/29/2026 12:15:28 AM INFO mip_v1 - print:   Machine 2: completion time = 27.78
04/29/2026 12:15:28 AM INFO mip_v1 - print:   Machine 3: completion time = 35.34
04/29/2026 12:15:28 AM INFO mip_v1 - print:   Delivery: 40.54 (Deadline: 53.90, Delay: 0.00)
04/29/2026 12:15:28 AM INFO mip_v1 - print: 
04/29/2026 12:15:28 AM INFO mip_v1 - print: Order 7 → Factory 3
04/29/2026 12:15:28 AM INFO mip_v1 - print:   Machine 1: completion time = 18.44
04/29/2026 12:15:28 AM INFO mip_v1 - print:   Machine 2: completion time = 30.53
04/29/2026 12:15:28 AM INFO mip_v1 - print:   Machine 3: completion time = 38.08
04/29/2026 12:15:28 AM INFO mip_v1 - print:   Delivery: 44.48 (Deadline: 47.80, Delay: -0.00)
04/29/2026 12:15:28 AM INFO mip_v1 - print: 
04/29/2026 12:15:28 AM INFO mip_v1 - print: Order 9 → Factory 2
04/29/2026 12:15:28 AM INFO mip_v1 - print:   Machine 1: completion time = 17.80
04/29/2026 12:15:28 AM INFO mip_v1 - print:   Machine 2: completion time = 29.05
04/29/2026 12:15:28 AM INFO mip_v1 - print:   Machine 3: completion time = 38.25
04/29/2026 12:15:28 AM INFO mip_v1 - print:   Machine 4: completion time = 48.49
04/29/2026 12:15:28 AM INFO mip_v1 - print:   Delivery: 50.19 (Deadline: 51.90, Delay: 0.00)
04/29/2026 12:15:28 AM INFO mip_v1 - print: 
04/29/2026 12:15:28 AM INFO mip_v1 - print: Order 12 → Factory 1
04/29/2026 12:15:28 AM INFO mip_v1 - print:   Machine 1: completion time = 40.27
04/29/2026 12:15:28 AM INFO mip_v1 - print:   Machine 2: completion time = 53.20
04/29/2026 12:15:28 AM INFO mip_v1 - print:   Machine 3: completion time = 65.47
04/29/2026 12:15:28 AM INFO mip_v1 - print:   Delivery: 65.77 (Deadline: 65.10, Delay: 0.67)
04/29/2026 12:15:28 AM INFO mip_v1 - print: 
04/29/2026 12:15:28 AM INFO mip_v1 - print: Order 13 → Factory 3
04/29/2026 12:15:28 AM INFO mip_v1 - print:   Machine 1: completion time = 30.53
04/29/2026 12:15:28 AM INFO mip_v1 - print:   Machine 2: completion time = 42.78
04/29/2026 12:15:28 AM INFO mip_v1 - print:   Machine 3: completion time = 55.07
04/29/2026 12:15:28 AM INFO mip_v1 - print:   Delivery: 56.37 (Deadline: 55.70, Delay: 0.67)
04/29/2026 12:15:28 AM INFO mip_v1 - print: 
04/29/2026 12:15:28 AM INFO mip_v1 - print: Order 14 → Factory 2
04/29/2026 12:15:28 AM INFO mip_v1 - print:   Machine 1: completion time = 9.48
04/29/2026 12:15:28 AM INFO mip_v1 - print:   Machine 2: completion time = 18.60
04/29/2026 12:15:28 AM INFO mip_v1 - print:   Machine 3: completion time = 27.01
04/29/2026 12:15:28 AM INFO mip_v1 - print:   Machine 4: completion time = 36.41
04/29/2026 12:15:28 AM INFO mip_v1 - print:   Delivery: 40.51 (Deadline: 49.10, Delay: 0.00)
04/29/2026 12:15:28 AM INFO mip_v1 - print: 
04/29/2026 12:15:28 AM INFO mip_v1 - print: Order 15 → Factory 2
04/29/2026 12:15:28 AM INFO mip_v1 - print:   Machine 1: completion time = 25.48
04/29/2026 12:15:28 AM INFO mip_v1 - print:   Machine 2: completion time = 37.54
04/29/2026 12:15:28 AM INFO mip_v1 - print:   Machine 3: completion time = 46.95
04/29/2026 12:15:28 AM INFO mip_v1 - print:   Machine 4: completion time = 57.67
04/29/2026 12:15:28 AM INFO mip_v1 - print:   Delivery: 62.77 (Deadline: 70.20, Delay: 0.00)
04/29/2026 12:15:28 AM INFO mip_v1 - print: 
04/29/2026 12:15:28 AM INFO mip_v1 - print: ------------------------------------------------------------
04/29/2026 12:15:28 AM INFO mip_v1 - print: COST BREAKDOWN
04/29/2026 12:15:28 AM INFO mip_v1 - print: ------------------------------------------------------------
04/29/2026 12:15:28 AM INFO mip_v1 - print: Total Revenue:          +    13544.00
04/29/2026 12:15:28 AM INFO mip_v1 - print: Production Cost:        -     5169.77
04/29/2026 12:15:28 AM INFO mip_v1 - print: Transport Cost:         -     2343.45
04/29/2026 12:15:28 AM INFO mip_v1 - print: Delay Penalty:          -       82.00
04/29/2026 12:15:28 AM INFO mip_v1 - print: ------------------------------------------------------------
04/29/2026 12:15:28 AM INFO mip_v1 - print: Total Profit:           =     5948.78
