
Gurobi 10.0.1 (win64) logging started Sun Apr 26 02:26:23 2026

Set parameter LogFile to value "D:\Project_Code\Paper\DP_LBBD_1\DP_lbbd\Algorithm\Results\mip_v1\large\exp_7f_70j_seed1\log\exp_7f_70j_seed1_gurobi.log"
Set parameter LogToConsole to value 0
Gurobi Optimizer version 10.0.1 build v10.0.1rc0 (win64)

CPU model: Intel(R) Core(TM) Ultra 7 265KF, instruction set [SSE2|AVX|AVX2]
Thread count: 20 physical cores, 20 logical processors, using up to 20 threads

Optimize a model with 236789 rows, 118300 columns and 1171198 nonzeros
Model fingerprint: 0xa0d88b4a
Variable types: 1820 continuous, 116480 integer (116480 binary)
Coefficient statistics:
  Matrix range     [1e+00, 1e+02]
  Objective range  [7e-03, 4e+03]
  Bounds range     [1e+00, 1e+02]
  RHS range        [1e+00, 4e+02]
Found heuristic solution: objective -0.0000000
Presolve removed 137483 rows and 68577 columns
Presolve time: 1.51s
Presolved: 99306 rows, 49723 columns, 489013 nonzeros
Variable types: 1211 continuous, 48512 integer (48512 binary)

Deterministic concurrent LP optimizer: primal and dual simplex (primal and dual model)
Showing first log only...

Root relaxation presolved: 99306 rows, 49723 columns, 489013 nonzeros


Root simplex log...

Iteration    Objective       Primal Inf.    Dual Inf.      Time
       0   -0.0000000e+00   0.000000e+00   4.462063e+03     11s
Concurrent spin time: 0.00s

Solved with dual simplex (primal model)

Root relaxation: objective 3.303095e+04, 4891 iterations, 0.33 seconds (0.42 work units)

    Nodes    |    Current Node    |     Objective Bounds      |     Work
 Expl Unexpl |  Obj  Depth IntInf | Incumbent    BestBd   Gap | It/Node Time

     0     0 33030.9478    0  628   -0.00000 33030.9478      -     -   11s
H    0     0                    18155.287805 33030.9478  81.9%     -   11s
     0     0 32923.4047    0  587 18155.2878 32923.4047  81.3%     -   12s
H    0     0                    20846.934339 32923.4047  57.9%     -   16s
     0     0 32921.3181    0  522 20846.9343 32921.3181  57.9%     -   16s
     0     0 32921.3181    0  532 20846.9343 32921.3181  57.9%     -   16s
     0     0 32877.8684    0  495 20846.9343 32877.8684  57.7%     -   17s
     0     0 32874.9610    0  502 20846.9343 32874.9610  57.7%     -   17s
     0     0 32873.9767    0  483 20846.9343 32873.9767  57.7%     -   17s
     0     0 32873.9767    0  481 20846.9343 32873.9767  57.7%     -   17s
     0     0 32867.2275    0  546 20846.9343 32867.2275  57.7%     -   18s
     0     0 32865.9208    0  537 20846.9343 32865.9208  57.7%     -   18s
     0     0 32865.6908    0  523 20846.9343 32865.6908  57.7%     -   19s
     0     0 32865.4811    0  513 20846.9343 32865.4811  57.7%     -   19s
     0     0 32865.3546    0  521 20846.9343 32865.3546  57.7%     -   19s
     0     0 32865.3546    0  521 20846.9343 32865.3546  57.7%     -   19s
     0     0 32798.2171    0  525 20846.9343 32798.2171  57.3%     -   20s
     0     0 32797.3331    0  507 20846.9343 32797.3331  57.3%     -   20s
     0     0 32793.9847    0  444 20846.9343 32793.9847  57.3%     -   20s
     0     0 32793.9847    0  437 20846.9343 32793.9847  57.3%     -   20s
     0     0 32788.5586    0  493 20846.9343 32788.5586  57.3%     -   21s
     0     0 32783.6576    0  478 20846.9343 32783.6576  57.3%     -   21s
     0     0 32783.4411    0  455 20846.9343 32783.4411  57.3%     -   21s
     0     0 32783.4411    0  463 20846.9343 32783.4411  57.3%     -   22s
     0     0 32772.4622    0  472 20846.9343 32772.4622  57.2%     -   22s
     0     0 32756.5326    0  493 20846.9343 32756.5326  57.1%     -   22s
     0     0 32756.5326    0  450 20846.9343 32756.5326  57.1%     -   23s
     0     0 32727.9560    0  465 20846.9343 32727.9560  57.0%     -   23s
     0     0 32727.9560    0  447 20846.9343 32727.9560  57.0%     -   23s
     0     0 32727.9560    0  497 20846.9343 32727.9560  57.0%     -   24s
     0     0 32727.9560    0  467 20846.9343 32727.9560  57.0%     -   24s
     0     0 32727.9560    0  474 20846.9343 32727.9560  57.0%     -   25s
     0     0 32727.9560    0  475 20846.9343 32727.9560  57.0%     -   25s
     0     0 32727.9560    0  456 20846.9343 32727.9560  57.0%     -   26s
     0     0 32727.9560    0  400 20846.9343 32727.9560  57.0%     -   27s
H    0     0                    21561.312494 32727.9560  51.8%     -   28s
     0     2 32648.3012    0  381 21561.3125 32648.3012  51.4%     -   30s
H   51    66                    21780.043723 32624.9572  49.8%  1177   40s
H   57    66                    23085.389459 32624.9572  41.3%  1135   40s
   139   140 32243.4655    9  516 23085.3895 32590.1645  41.2%   693   46s
H  238   230                    23107.349459 32590.1645  41.0%   503   50s
H  239   230                    23160.154945 32590.1645  40.7%   501   50s
   351   338 31681.4814   17  399 23160.1549 32590.1645  40.7%   413   56s
   511   485 31676.3730   19  400 23160.1549 32590.1645  40.7%   337   60s
   899   884 31110.8868   35  389 23160.1549 32590.1645  40.7%   246   66s
  1237  1172 30226.3533   50  360 23160.1549 32590.1645  40.7%   211   70s
H 1245  1172                    23160.154947 32590.1645  40.7%   210   70s
  1749  1637 29625.6436   64  346 23160.1549 32590.1645  40.7%   179   75s
  2434  2293 28924.9574   98  228 23160.1549 32590.1645  40.7%   151   80s
  3024  2855 28335.0411  118  218 23160.1549 32590.1645  40.7%   134   86s
  3701  3468 26658.6394  133  199 23160.1549 32590.1645  40.7%   122   90s
  4471  4071 26237.4493  155  156 23160.1549 32590.1645  40.7%   111   98s
  4723  4303 25535.1429  164  143 23160.1549 32590.1645  40.7%   108  100s
  5204  4725 25073.6802  186  169 23160.1549 32590.1645  40.7%   105  105s
  5860  5358 24201.5277  207  155 23160.1549 32580.1284  40.7%   101  110s
  6618  5684 29889.6438   79  400 23160.1549 32580.1284  40.7%  96.5  133s
  6620  5685 25573.1033  107  568 23160.1549 32580.1284  40.7%  96.5  167s
  6624  5688 31443.0107   37  487 23160.1549 32580.1284  40.7%  96.4  172s
  6627  5691 29326.8690   88  400 23160.1549 32580.1284  40.7%  98.9  175s
  6629  5692 29028.7857  115  275 23160.1549 32580.1284  40.7%  98.8  185s
  6636  5697 31274.6869   79  251 23160.1549 32580.1284  40.7%  98.7  190s
  6641  5700 29559.7047   47  285 23160.1549 32545.9228  40.5%  98.6  195s
  6647  5704 25730.9385  173  301 23160.1549 32500.6929  40.3%  98.6  200s
  6651  5707 31547.2141   40  276 23160.1549 32471.3059  40.2%  98.5  205s
H 6651  5421                    23294.911605 32471.3059  39.4%  98.5  205s
H 6651  5149                    23457.259225 32471.1476  38.4%  98.5  206s
H 6652  4892                    23647.049462 32471.1476  37.3%  98.5  208s
  6656  4894 24840.2870  132  259 23647.0495 32459.5978  37.3%  98.4  210s
H 6657  4650                    23655.518780 32452.1292  37.2%  98.4  214s
  6660  4652 26489.7210  102  252 23655.5188 32449.9432  37.2%  98.4  215s
H 6662  4420                    24404.056491 32448.6085  33.0%  98.3  217s
  6665  4422 32207.5161   34  271 24404.0565 32448.4873  33.0%  98.3  221s
H 6666  4201                    24404.056497 32448.2592  33.0%  98.3  222s
  6669  4203 24404.0565  213  242 24404.0565 32446.4698  33.0%  98.2  225s
H 6670  3993                    24538.694547 32446.4698  32.2%  98.2  230s
  6702  4035 32352.5067   32  286 24538.6945 32412.5003  32.1%   113  243s
  6782  4085 32352.5067   34  298 24538.6945 32412.5003  32.1%   123  245s
H 6886  3951                    24538.694561 32412.5003  32.1%   127  248s
  6940  3986 32352.5067   38  262 24538.6946 32412.5003  32.1%   129  251s
  7106  4082 32352.5067   40  271 24538.6946 32412.5003  32.1%   130  255s
H 7122  3886                    24639.110944 32412.5003  31.5%   131  255s
  7307  4003 32352.5067   42  278 24639.1109 32412.5003  31.5%   131  260s
H 7310  3821                    24639.110946 32412.5003  31.5%   131  260s
H 7408  3754                    24639.110960 32412.5003  31.5%   131  261s
  7571  3791 32349.7295   47  283 24639.1110 32412.5003  31.5%   130  265s
H 7574  3627                    24773.756555 32412.5003  30.8%   130  265s
  7928  3821 32156.9670   51  295 24773.7566 32412.5003  30.8%   131  271s
  8310  4212 32031.6887   55  259 24773.7566 32412.5003  30.8%   129  275s
  9154  4599 31665.2889   69  226 24773.7566 32412.5003  30.8%   125  280s
 10184  5234 31477.3982   81  212 24773.7566 32412.5003  30.8%   123  286s
 10444  5308 31392.8885   85  199 24773.7566 32412.5003  30.8%   121  290s
 11344  5837 30286.0428  103  183 24773.7566 32412.5003  30.8%   119  295s
 12074  6358 28986.2771  132  148 24773.7566 32412.5003  30.8%   117  300s
 12894  6759 29306.5130  137  160 24773.7566 32412.5003  30.8%   114  306s
 13663  7133 28622.6245  156  146 24773.7566 32412.5003  30.8%   112  311s
 14469  7741 28600.0558  170  145 24773.7566 32412.5003  30.8%   111  317s
 15011  7760 infeasible  177      24773.7566 32412.5003  30.8%   109  323s
 15241  8252 28262.9738  182  122 24773.7566 32412.5003  30.8%   109  326s
 15910  8510 27952.6764  198  105 24773.7566 32412.5003  30.8%   106  330s
 17057  9645 27727.1113  228   84 24773.7566 32412.5003  30.8%   104  338s
 17751 10266 27651.7601  243   85 24773.7566 32412.5003  30.8%   102  342s
 18425 10751 27130.4323  256   95 24773.7566 32412.5003  30.8%   100  346s
 19036 11063 26945.2213  270   98 24773.7566 32412.5003  30.8%  99.1  351s
 19428 11879 26651.4633  279   80 24773.7566 32412.5003  30.8%  98.3  356s
 20301 12272 25262.0880  301   64 24773.7566 32412.5003  30.8%  96.7  361s
 20736 12819 25518.4955  309   76 24773.7566 32407.9478  30.8%  95.6  367s
 21364 13581 32395.2041   33  273 24773.7566 32407.9478  30.8%  94.3  372s
 22346 14328 30629.3865   69  195 24773.7566 32407.9478  30.8%  93.1  378s
 23300 15208 27523.7470  122  150 24773.7566 32407.9478  30.8%  92.4  386s
 24286 16265 32352.5067   43  276 24773.7566 32395.2041  30.8%  91.6  393s
 25609 16977 28890.4243   91  174 24773.7566 32395.2041  30.8%  90.1  399s
 26501 17463 infeasible  154      24773.7566 32395.2041  30.8%  89.9  446s
H26967 17460                    24786.162547 32395.2041  30.7%  89.8  446s
 27058 18933 32395.0751   36  335 24786.1625 32395.2041  30.7%  89.7  456s
 28803 19437 28874.6736  110  154 24786.1625 32395.2041  30.7%  88.4  464s
 29353 20651 25594.5424  130  148 24786.1625 32395.2041  30.7%  88.3  474s
 30891 21911 31611.6330   49  233 24786.1625 32395.2041  30.7%  87.6  483s
 32309 23754 30301.4946  102  153 24786.1625 32395.2041  30.7%  87.3  494s
 34202 25399 29140.2392  141  132 24786.1625 32395.2041  30.7%  85.0  504s
 35990 26282 27281.1324  169  121 24786.1625 32395.2041  30.7%  83.0  515s
 37022 26301 26589.5785  198   97 24786.1625 32395.2041  30.7%  81.8  530s
 37043 28164 26415.1214  199   89 24786.1625 32395.2041  30.7%  81.8  541s
 39097 29467 25398.2932  242   61 24786.1625 32391.9681  30.7%  79.6  552s
 40722 30055 32164.5601   45  219 24786.1625 32391.9681  30.7%  78.6  565s
 41604 30064 29025.5255   63  185 24786.1625 32391.9681  30.7%  78.7  588s
 41637 31559 29017.7197   64  184 24786.1625 32391.9681  30.7%  78.7  602s
 43291 33410 26623.5436   97  147 24786.1625 32387.5757  30.7%  78.3  615s
 45420 34589 31764.5348   52  199 24786.1625 32387.5757  30.7%  76.8  631s
H46208 34587                    24788.087449 32387.5757  30.7%  76.4  631s
 46771 34588 25383.6769  268  400 24788.0874 32387.5757  30.7%  76.3 1466s
 46773 34589 32008.9702   54  275 24788.0874 32387.5757  30.7%  76.3 1479s
 46774 34590 26412.8644  116  259 24788.0874 32387.5757  30.7%  76.3 1492s
 46776 34591 29258.3290   97  290 24788.0874 32387.5757  30.7%  76.3 1505s
 46777 34592 28910.7339   78  240 24788.0874 32387.5757  30.7%  76.3 1526s
 46778 34593 28250.2877  176  262 24788.0874 32387.5757  30.7%  76.3 1548s
 46779 34593 26838.0598  181  235 24788.0874 32387.5757  30.7%  76.3 1568s
 46783 34596 31214.3172   56  275 24788.0874 32387.5757  30.7%  76.3 1579s
 46784 34597 31524.2046   56  202 24788.0874 32387.5757  30.7%  76.3 1590s
 46785 34597 27109.3647  126  274 24788.0874 32387.5757  30.7%  76.3 1599s
 46786 34598 26570.9797  113  212 24788.0874 32387.5757  30.7%  76.3 1610s
 46787 34599 31124.3354   71  288 24788.0874 32387.5757  30.7%  76.3 1622s
 46788 34599 29720.3758  130  225 24788.0874 32387.5757  30.7%  76.3 1632s
 46789 34600 31342.1815   60  263 24788.0874 32387.5757  30.7%  76.2 1643s
 46790 34601 25436.4330  309  217 24788.0874 32387.5757  30.7%  76.2 1654s
 46791 34601 28177.8022  155  268 24788.0874 32387.5757  30.7%  76.2 1664s
 46792 34602 30142.7895   76  221 24788.0874 32387.5757  30.7%  76.2 1674s
 46793 34603 25978.5519  167  267 24788.0874 32387.5757  30.7%  76.2 1685s
H46793 32872                    24788.087452 32387.5757  30.7%  76.2 1695s
 46795 32873 27841.5488  121  326 24788.0875 32387.5757  30.7%  76.2 1708s
 46796 32874 30964.8596   41  236 24788.0875 32387.5757  30.7%  76.2 1720s
 46797 32874 29352.7022  161  277 24788.0875 32387.5757  30.7%  76.2 1730s
H46797 31230                    24788.087458 32387.5757  30.7%  76.2 1742s
 46798 31231 28236.3556  136  263 24788.0875 32387.5757  30.7%  76.2 1747s
H46798 29669                    24798.129831 32387.5757  30.6%  76.2 1759s
H46799 28186                    24954.737382 32387.5757  29.8%  76.2 1770s
 46801 28187 30403.8438   88  315 24954.7374 32387.5757  29.8%  76.2 1783s
H46801 26777                    25023.817034 32387.5757  29.4%  76.2 1796s
H46801 25438                    25055.831302 32387.5757  29.3%  76.2 1796s

Cutting planes:
  Learned: 12
  Gomory: 114
  Lift-and-project: 302
  Cover: 19
  Implied bound: 3
  MIR: 352
  StrongCG: 2
  Flow cover: 515
  Mod-K: 1
  RLT: 2
  Relax-and-lift: 2

Explored 46802 nodes (3683789 simplex iterations) in 1800.79 seconds (590.17 work units)
Thread count was 20 (of 20 available processors)

Solution count 10: 25055.8 25023.8 24954.7 ... 24639.1

Time limit reached
Best objective 2.505583130195e+04, best bound 3.238757573010e+04, gap 29.2616%
