
Gurobi 10.0.1 (win64) logging started Tue Apr 28 12:15:22 2026

Set parameter LogFile to value "D:\Project_Code\Paper\DP_LBBD_1\DP_lbbd\Algorithm\Results\mip_v1\medium\exp_5f_35j_seed5\log\exp_5f_35j_seed5_gurobi.log"
Set parameter LogToConsole to value 0
Gurobi Optimizer version 10.0.1 build v10.0.1rc0 (win64)

CPU model: Intel(R) Core(TM) Ultra 7 265KF, instruction set [SSE2|AVX|AVX2]
Thread count: 20 physical cores, 20 logical processors, using up to 20 threads

Optimize a model with 54507 rows, 27230 columns and 267004 nonzeros
Model fingerprint: 0x31c3992d
Variable types: 840 continuous, 26390 integer (26390 binary)
Coefficient statistics:
  Matrix range     [1e+00, 2e+02]
  Objective range  [2e+01, 3e+03]
  Bounds range     [1e+00, 2e+02]
  RHS range        [1e+00, 5e+02]
Found heuristic solution: objective -0.0000000
Presolve removed 31985 rows and 15934 columns
Presolve time: 0.31s
Presolved: 22522 rows, 11296 columns, 109253 nonzeros
Variable types: 562 continuous, 10734 integer (10734 binary)
Deterministic concurrent LP optimizer: primal and dual simplex
Showing first log only...

Concurrent spin time: 0.00s

Solved with dual simplex

Root relaxation: objective 2.218579e+04, 2506 iterations, 0.11 seconds (0.15 work units)

    Nodes    |    Current Node    |     Objective Bounds      |     Work
 Expl Unexpl |  Obj  Depth IntInf | Incumbent    BestBd   Gap | It/Node Time

     0     0 22185.7886    0  390   -0.00000 22185.7886      -     -    1s
H    0     0                    7160.4928252 22185.7886   210%     -    1s
H    0     0                    8849.3421940 22185.7886   151%     -    1s
     0     0 22185.7886    0  421 8849.34219 22185.7886   151%     -    3s
H    0     0                    9979.2254091 22185.7886   122%     -    3s
H    0     0                    10569.892318 22185.7886   110%     -    4s
     0     0 22185.7886    0  429 10569.8923 22185.7886   110%     -    5s
     0     0 22185.7886    0  437 10569.8923 22185.7886   110%     -    5s
H    0     0                    11000.641465 22185.7886   102%     -    5s
     0     0 22185.7886    0  432 11000.6415 22185.7886   102%     -    5s
     0     0 22185.7886    0  420 11000.6415 22185.7886   102%     -    6s
     0     0 22185.7886    0  449 11000.6415 22185.7886   102%     -    6s
     0     0 22185.7886    0  362 11000.6415 22185.7886   102%     -    6s
     0     0 22185.7886    0  370 11000.6415 22185.7886   102%     -    7s
     0     0 22185.7886    0  409 11000.6415 22185.7886   102%     -    7s
     0     0 22185.7886    0  361 11000.6415 22185.7886   102%     -    7s
H    0     0                    13303.588873 22185.7886  66.8%     -    8s
     0     2 22185.7886    0  339 13303.5889 22185.7886  66.8%     -    8s
    51    72 22182.4195    6  434 13303.5889 22185.7886  66.8%   718   10s
   198   221 21653.6863   12  400 13303.5889 22185.7886  66.8%   383   15s
H  270   262                    13655.580139 22185.7886  62.5%   332   16s
H  321   309                    13871.188504 22185.7886  59.9%   304   17s
H  399   370                    14572.126736 22185.7886  52.2%   267   19s
   419   412 20061.9309   21  295 14572.1267 22185.7886  52.2%   263   20s
H  480   481                    14619.788257 22185.7886  51.8%   244   21s
H  492   481                    14622.931350 22185.7886  51.7%   243   21s
H  773   677                    14815.286317 22185.7886  49.7%   183   22s
   950   865 18374.3679   44  210 14815.2863 22185.7886  49.7%   163   25s
  1279  1081 17568.4823   56  220 14815.2863 22185.7886  49.7%   148   33s
H 1288  1081                    14949.509457 22185.7886  48.4%   148   33s
H 1293  1081                    15070.247168 22185.7886  47.2%   147   33s
  1300  1099 infeasible   57      15070.2472 22185.7886  47.2%   147   36s
H 1302  1099                    15127.082118 22185.7886  46.7%   147   36s
H 1303  1099                    15162.797665 22185.7886  46.3%   147   36s
H 1305  1099                    15239.217898 22185.7886  45.6%   147   36s
  1671  1543 22185.7886    6  451 15239.2179 22185.7886  45.6%   134   40s
  2821  2652 16824.6928   62  129 15239.2179 22185.7886  45.6%   113   45s
  3150  2653 21665.5031   17  361 15239.2179 22185.7886  45.6%   107   52s
  3152  2654 16010.7370   43  510 15239.2179 22185.7886  45.6%   106   58s
  3154  2656 18973.0956   28  504 15239.2179 22185.7886  45.6%   106   60s
  3162  2662 19880.6373   55  211 15239.2179 22185.7886  45.6%   108   65s
  3173  2670 19454.4488   86  209 15239.2179 22178.9075  45.5%   108   70s
  3184  2677 19451.0494   13  183 15239.2179 22142.3281  45.3%   108   75s
  3196  2685 20031.6657   27  258 15239.2179 22110.0330  45.1%   107   80s
  3210  2694 17798.6643   34  261 15239.2179 22089.8870  45.0%   107   85s
  3230  2708 18973.0956   26  318 15239.2179 22086.6338  44.9%   106   90s
  3247  2719 21817.5939   12  345 15239.2179 22084.8785  44.9%   105   95s
  3279  2740 22035.6295   14  255 15239.2179 22081.6671  44.9%   104  100s
  3306  2758 18721.2932   75  326 15239.2179 22081.1685  44.9%   104  105s
  3334  2777 18984.3839   30  331 15239.2179 22080.4939  44.9%   103  110s
  3351  2788 17046.9080   45  253 15239.2179 22080.0747  44.9%   102  115s
  3373  2803 19454.4488   86  330 15239.2179 22078.9254  44.9%   102  120s
  3391  2815 22076.0036   11  281 15239.2179 22076.0036  44.9%   101  125s
  3407  2826 17310.8038   71  304 15239.2179 22074.5078  44.9%   101  130s
  3417  2833 15858.3963   90  183 15239.2179 22074.4467  44.9%   205  135s
  3431  2843 20004.5768   35  202 15239.2179 22073.9827  44.8%   205  140s
H 3439  2705                    15390.597942 22072.9123  43.4%   204  144s
H 3439  2569                    15572.901161 22072.9123  41.7%   204  144s
  3440  2570 18518.8806   35  255 15572.9012 22072.9123  41.7%   204  145s
H 3441  2441                    15673.321039 22072.9123  40.8%   204  148s
  3446  2445 18340.2322   48  279 15673.3210 22072.7625  40.8%   204  150s
H 3452  2326                    15709.358189 22069.4140  40.5%   203  152s
H 3453  2209                    15866.422489 22069.4140  39.1%   203  153s
  3460  2214 20943.7009   31  263 15866.4225 22066.8923  39.1%   203  155s
  3480  2227 19822.7900   77  183 15866.4225 22065.5085  39.1%   202  160s
  3496  2238 20031.6657   27  177 15866.4225 22064.8153  39.1%   201  165s
  3522  2256 21657.4416   21  219 15866.4225 22064.5586  39.1%   228  170s
  3542  2271 21235.5099   38  361 15866.4225 22064.4207  39.1%   237  175s
  3559  2282 15921.1212   54  170 15866.4225 22064.3883  39.1%   236  180s
  3572  2291 17521.7949   29  248 15866.4225 22063.5259  39.1%   235  185s
  3592  2306 19459.3589   74  185 15866.4225 22063.4585  39.1%   244  190s
  3615  2322 22062.6717   10  361 15866.4225 22062.6717  39.1%   252  195s
  3630  2332 18973.0956   26  228 15866.4225 22062.6401  39.1%   251  200s
  3650  2345 21665.5031   17  222 15866.4225 22062.4057  39.1%   249  205s
  3667  2358 19822.7900   72  220 15866.4225 22062.4057  39.1%   259  210s
  3683  2370 16596.4822   55  183 15866.4225 22062.4044  39.1%   266  216s
  3702  2383 16811.4123   45  268 15866.4225 22062.4024  39.1%   265  220s
  3719  2395 16387.2779   67  289 15866.4225 22062.4016  39.1%   271  225s
  3739  2409 22062.2590    8  235 15866.4225 22062.2590  39.0%   269  230s
  3759  2423 15921.1212   54  242 15866.4225 22062.2396  39.0%   278  235s
  3787  2443 18298.6255   28  361 15866.4225 22062.0280  39.0%   284  240s
  3804  2454 18721.2932   71  199 15866.4225 22061.8821  39.0%   283  245s
  3821  2467 21464.0533   27  183 15866.4225 22061.8488  39.0%   289  250s
  3846  2484 18340.2322   48  249 15866.4225 22061.8222  39.0%   287  255s
  3869  2501 17115.5244   73  209 15866.4225 22061.8180  39.0%   292  260s
  3883  2511 16596.4822   55  183 15866.4225 22061.8179  39.0%   296  266s
  3905  2526 18675.8872   60  216 15866.4225 22061.7925  39.0%   295  271s
  3916  2534 22061.7898   12  183 15866.4225 22061.7898  39.0%   300  275s
  3939  2550 22061.7877    8  219 15866.4225 22061.7877  39.0%   299  280s
  3958  2564 17115.5244   81  199 15866.4225 22061.7870  39.0%   302  285s
  3974  2575 21360.1220   20  183 15866.4225 22061.7856  39.0%   307  291s
  3994  2589 16312.3302   64  211 15866.4225 22061.7794  39.0%   306  295s
  4012  2602 18538.6713   75  175 15866.4225 22061.7794  39.0%   310  300s
  4032  2617 19801.0273   39  183 15866.4225 22061.7537  39.0%   314  306s
  4050  2629 21665.5031   17  212 15866.4225 22061.7500  39.0%   313  310s
  4064  2640 18992.9119   52  183 15866.4225 22061.7481  39.0%   317  315s
  4087  2656 18298.6255   28  361 15866.4225 22061.7362  39.0%   321  320s
  4101  2665 17846.5110   42  200 15866.4225 22061.7362  39.0%   320  325s
  4119  2678 16387.2779   67  183 15866.4225 22061.7196  39.0%   324  332s
  4135  2689 16575.2478   48  215 15866.4225 22061.7155  39.0%   323  335s
  4151  2701 17046.9080   45  183 15866.4225 22061.7152  39.0%   327  341s
  4172  2715 17521.7949   29  243 15866.4225 22061.7151  39.0%   326  345s
  4184  2725 19451.0494   13  203 15866.4225 22061.7151  39.0%   330  350s
  4214  2745 19728.9614   34  205 15866.4225 22061.7151  39.0%   328  355s
  4412  2904 21563.0440  312  111 15866.4225 22059.8445  39.0%   329  360s
H 4506  2798                    15872.613385 22059.8445  39.0%   325  364s
  4633  2882 21563.0440  316  153 15872.6134 22059.8445  39.0%   319  365s
  4924  2981 21563.0440  322  149 15872.6134 22059.8445  39.0%   303  370s
  5044  3021 21563.0440  325  141 15872.6134 22059.8445  39.0%   298  378s
  5281  3118 21557.8104  328  142 15872.6134 22059.8445  39.0%   288  380s
  6104  3551 21048.5398  345  121 15872.6134 22059.8445  39.0%   258  385s
  7186  3980 18842.8697  367  114 15872.6134 22059.8445  39.0%   227  391s
  7360  3942 18830.4336  374  109 15872.6134 22059.8445  39.0%   223  395s
H 7361  3811                    15923.417999 22059.8445  38.5%   223  395s
H 7363  3683                    15997.216055 22059.8445  37.9%   223  395s
H 7374  3562                    16020.010434 22059.8445  37.7%   223  395s
  8306  4077 17364.7835  393   89 16020.0104 22059.8445  37.7%   205  400s
  9766  4798 18370.6521  327   92 16020.0104 22057.2881  37.7%   185  406s
 11121  5531 18859.1180  340   90 16020.0104 22056.6061  37.7%   169  411s
 12687  6585 16751.4509  358   63 16020.0104 22054.6185  37.7%   155  416s
 13683  7307 infeasible  318      16020.0104 22054.6185  37.7%   149  420s
 15689  8832     cutoff  376      16020.0104 22054.5873  37.7%   137  426s
 17003  9835 21055.2161  318  167 16020.0104 22046.5218  37.6%   130  431s
 18582 11116 18862.8805  323  111 16020.0104 22037.5219  37.6%   124  437s
 19435 11781 22023.1869  314  202 16020.0104 22037.5219  37.6%   121  440s
H21283 12555                    16048.020668 22037.5219  37.3%   116  446s
 22326 13799 18721.3214  345   86 16048.0207 22037.5219  37.3%   113  451s
 23389 15298 infeasible  375      16048.0207 22037.5219  37.3%   110  458s
 25668 15938 19644.3405  330  106 16048.0207 22036.3764  37.3%   106  461s
 26578 16735 21408.5904  320  149 16048.0207 22036.3764  37.3%   104  465s
 28724 18270 21937.4869  321  165 16048.0207 22034.8858  37.3%   101  472s
 29887 19104 16454.3747  367   73 16048.0207 22034.8858  37.3%  99.0  476s
 31050 20007 16953.3481  379   62 16048.0207 22034.0322  37.3%  97.7  480s
 33712 22067 infeasible  377      16048.0207 22032.4257  37.3%  94.4  488s
 35007 22865 17868.4261  360   75 16048.0207 22031.6100  37.3%  93.2  493s
 36103 23778 18747.8227  354  116 16048.0207 22031.2302  37.3%  92.4  497s
 37406 25039 18102.0870  339  103 16048.0207 22030.2201  37.3%  91.6  502s
 39237 26091 20713.7734  317  138 16048.0207 22030.2201  37.3%  89.4  507s
 40753 27360 17825.7143  346   95 16048.0207 22030.0741  37.3%  88.4  513s
 42462 27589 18219.6962  343   78 16048.0207 22029.6802  37.3%  87.1  519s
 42787 29015 18219.6962  344   81 16048.0207 22029.6802  37.3%  86.8  525s
 44715 30277 21827.8216  318  203 16048.0207 22028.3310  37.3%  85.5  531s
 46547 30278 17601.4492  365  361 16048.0207 22027.8242  37.3%  84.5  631s
 46549 30279 16662.8396  383  183 16048.0207 22027.8242  37.3%  84.5  635s
 46558 30285 19035.7175  343  270 16048.0207 22027.8242  37.3%  84.5  640s
 46561 30287 19088.0848  359  312 16048.0207 22027.8242  37.3%  84.5  646s
 46563 30289 16410.7191  403  278 16048.0207 22027.8242  37.3%  84.5  653s
 46564 30289 17316.0156  352  241 16048.0207 22027.8242  37.3%  84.5  658s
 46567 30291 18998.9250  338  278 16048.0207 22027.8242  37.3%  84.5  664s
 46568 30292 18484.0771  351  229 16048.0207 22027.8242  37.3%  84.5  667s
 46570 30293 17384.1097  355  250 16048.0207 22027.8242  37.3%  84.5  670s
 46577 30298 21113.8014  322  267 16048.0207 22027.8242  37.3%  84.4  676s
 46579 30299 19441.5856  331  257 16048.0207 22027.8242  37.3%  84.4  682s
 46580 30300 17003.4373  367  255 16048.0207 22027.8242  37.3%  84.4  685s
 46582 30301 16871.2660  335  268 16048.0207 22027.8242  37.3%  84.4  691s
 46584 30303 18272.3699  328  280 16048.0207 22027.8242  37.3%  84.4  695s
 46587 30305 21202.5237  328  221 16048.0207 22027.8242  37.3%  84.4  702s
 46588 30305 19512.5734  334  204 16048.0207 22027.8242  37.3%  84.4  705s
 46591 30307 21668.5474  324  221 16048.0207 22027.8242  37.3%  84.4  714s
 46599 30313 17724.3982  365  241 16048.0207 22027.8242  37.3%  84.4  717s
 46601 30314 16808.1301  403  264 16048.0207 22027.8242  37.3%  84.4  722s
 46602 30315 16865.1169  338  225 16048.0207 22027.8242  37.3%  84.4  725s
 46607 30318 19416.4021  338  256 16048.0207 22027.8242  37.3%  84.4  731s
 46608 30319 19794.4798  356  254 16048.0207 22027.8242  37.3%  84.4  735s
 46611 30321 18417.7114  337  270 16048.0207 22027.8242  37.3%  84.4  741s
 46615 30323 18850.9173  366  227 16048.0207 22027.8242  37.3%  84.4  747s
 46616 30324 16055.6868  336  223 16048.0207 22027.8242  37.3%  84.4  750s
 46620 30327 19588.4020  346  220 16048.0207 22027.8242  37.3%  84.4  756s
 46624 30329 17204.2697  366  280 16048.0207 22027.8242  37.3%  84.4  760s
 46626 30331 16962.8092  372  273 16048.0207 22027.8242  37.3%  84.4  766s
 46627 30331 18145.1447  340  241 16048.0207 22027.8242  37.3%  84.4  770s
 46634 30336 19357.8589  331  226 16048.0207 22027.8242  37.3%  84.3  778s
 46636 30337 18734.9512  337  271 16048.0207 22027.8242  37.3%  84.3  780s
 46642 30341 17219.0902  340  247 16048.0207 22027.8242  37.3%  84.3  787s
 46643 30342 17018.8057  346  238 16048.0207 22027.8242  37.3%  84.3  791s
 46649 30346 16662.8396  383  288 16048.0207 22027.8242  37.3%  84.3  797s
 46651 30347 21664.9755  326  304 16048.0207 22027.8242  37.3%  84.3  801s
 46654 30349 18949.8949  323  257 16048.0207 22027.8242  37.3%  84.3  808s
 46655 30350 17094.7792  351  254 16048.0207 22027.8242  37.3%  84.3  811s
 46657 30351 20322.2506  348  264 16048.0207 22027.8242  37.3%  84.3  817s
 46659 30353 20512.1225  320  293 16048.0207 22027.8242  37.3%  84.3  820s
 46662 30355 19917.2482  322  274 16048.0207 22027.8242  37.3%  84.3  827s
 46663 30355 16410.7191  403  211 16048.0207 22027.8242  37.3%  84.3  831s
 46666 30357 20470.9275  332  233 16048.0207 22027.8242  37.3%  84.3  837s
 46667 30358 18998.9250  338  262 16048.0207 22027.8242  37.3%  84.3  840s
 46669 30359 17805.7483  382  266 16048.0207 22027.8242  37.3%  84.3  847s
 46670 30360 17384.1097  355  250 16048.0207 22027.8242  37.3%  84.3  850s
 46672 30361 19165.6424  363  227 16048.0207 22027.8242  37.3%  84.3  858s
 46675 30363 16433.2492  397  287 16048.0207 22027.8242  37.3%  84.3  861s
 46676 30364 18141.2871  339  256 16048.0207 22027.8242  37.3%  84.3  865s
 46681 30367 21898.8138  317  235 16048.0207 22027.8242  37.3%  84.3  872s
 46683 30369 18714.9077  348  265 16048.0207 22027.8242  37.3%  84.3  876s
 46691 30374 21668.5474  324  278 16048.0207 22027.8242  37.3%  84.2  883s
 46692 30375 19169.0933  353  234 16048.0207 22027.8242  37.3%  84.2  887s
 46696 30377 17909.3744  351  284 16048.0207 22027.8242  37.3%  84.2  891s
 46697 30378 18373.4739  353  291 16048.0207 22027.8242  37.3%  84.2  895s
 46702 30381 16865.1169  338  236 16048.0207 22027.8242  37.3%  84.2  902s
 46703 30382 18013.8829  354  275 16048.0207 22027.8242  37.3%  84.2  905s
 46705 30383 17787.7114  352  258 16048.0207 22027.8242  37.3%  84.2  911s
 46706 30384 17927.5702  380  231 16048.0207 22027.8242  37.3%  84.2  915s
 46709 30386 17222.7627  341  263 16048.0207 22027.8242  37.3%  84.2  920s
 46711 30387 18417.7114  337  273 16048.0207 22027.8242  37.3%  84.2  927s
 46712 30388 16610.6679  365  225 16048.0207 22027.8242  37.3%  84.2  931s
 46713 30389 18247.6184  350  294 16048.0207 22027.8242  37.3%  84.2  935s
 46715 30390 18850.9173  366  270 16048.0207 22027.8242  37.3%  84.2  943s
 46716 30391 16055.6868  336  235 16048.0207 22027.8242  37.3%  84.2  947s
 46717 30391 21023.2251  321  276 16048.0207 22027.8242  37.3%  84.2  951s
 46719 30393 21422.4688  320  268 16048.0207 22027.8242  37.3%  84.2  958s
 46720 30393 19588.4020  346  240 16048.0207 22027.8242  37.3%  84.2  961s
 46722 30395 19334.8582  370  228 16048.0207 22027.8242  37.3%  84.2  967s
 46723 30395 17025.6739  374  264 16048.0207 22027.8242  37.3%  84.2  971s
 46724 30396 17204.2697  366  256 16048.0207 22027.8242  37.3%  84.2  975s
 46726 30397 16962.8092  372  230 16048.0207 22027.8242  37.3%  84.2  983s
 46727 30398 18145.1447  340  268 16048.0207 22027.8242  37.3%  84.2  986s
 46728 30399 17197.6238  361  240 16048.0207 22027.8242  37.3%  84.2  990s
 46730 30400 19924.8850  338  230 16048.0207 22027.8242  37.3%  84.2  999s
 46731 30401 18146.7752  344  288 16048.0207 22027.8242  37.3%  84.2 1003s
 46732 30401 18705.9824  372  196 16048.0207 22027.8242  37.3%  84.2 1009s
 46733 30402 18847.3674  358  265 16048.0207 22027.8242  37.3%  84.2 1013s
 46734 30403 19357.8589  331  234 16048.0207 22027.8242  37.3%  84.2 1016s
 46736 30404 18734.9512  337  227 16048.0207 22027.8242  37.3%  84.2 1023s
 46737 30405 16854.6883  374  264 16048.0207 22027.8242  37.3%  84.2 1027s
 46738 30405 21774.2802  326  229 16048.0207 22027.8242  37.3%  84.2 1031s
 46741 30410 22027.8242  315  190 16048.0207 22027.8242  37.3%  89.4 1038s
 46743 30414 22027.8242  316  203 16048.0207 22027.8242  37.3%  89.5 1040s
 46831 30488 21749.3647  321  278 16048.0207 22027.8242  37.3%  92.5 1062s
 46945 30562 21746.1249  324  255 16048.0207 22027.8242  37.3%  93.6 1072s
 47110 30664 21716.3535  326  217 16048.0207 22027.8242  37.3%  94.4 1079s
 47212 30760 21553.4421  327  210 16048.0207 22027.8242  37.3%  94.7 1080s
 47739 31028 21321.6199  332  196 16048.0207 22027.8242  37.3%  96.0 1085s
 48237 31225 20916.7420  336  181 16048.0207 22027.8242  37.3%  96.8 1090s
 48659 31420 18870.3769  338  126 16048.0207 22027.8242  37.3%  97.6 1098s
 48818 31497 20079.8920  339  164 16048.0207 22027.8242  37.3%  97.9 1100s
 49353 31894 19828.2724  345  129 16048.0207 22027.8242  37.3%  98.8 1106s
 50128 32139 19299.8997  355  112 16048.0207 22027.8242  37.3%  99.2 1150s
 50348 32132 18620.6709  359  105 16048.0207 22027.8242  37.3%   100 1155s
 50440 32120 18081.2002  367   99 16048.0207 22027.8242  37.3%   100 1182s
 50461 32228 18081.2002  367  106 16048.0207 22027.8242  37.3%   100 1187s
 50589 32584 17429.4168  383   93 16048.0207 22027.8242  37.3%   101 1191s
 51146 32741 16786.5938  402   78 16048.0207 22027.8242  37.3%   101 1195s
 51669 32597 22026.6888  320  242 16048.0207 22027.8242  37.3%   101 1202s
 51715 33046 22015.3314  322  239 16048.0207 22027.8242  37.3%   102 1205s
 52977 33534 22027.8242  320  294 16048.0207 22027.8242  37.3%   103 1213s
 53551 33988 20637.4868  349  119 16048.0207 22027.8242  37.3%   103 1219s
 54411 33964 16964.3677  413   36 16048.0207 22027.8242  37.3%   103 1222s
 54818 34478 21491.3887  320  242 16048.0207 22027.8242  37.3%   105 1227s
 55588 34973 20576.9181  334  151 16048.0207 22027.8242  37.3%   106 1233s
 56737 35102 22027.8242  321  302 16048.0207 22027.8242  37.3%   106 1238s
 57591 35640 21797.3664  328  196 16048.0207 22027.8242  37.3%   107 1245s
 58679 35307 21998.4746  324  221 16048.0207 22027.8242  37.3%   107 1252s
 58709 36133 21691.6157  325  222 16048.0207 22027.8242  37.3%   107 1258s
 59911 36245 22011.3790  326  233 16048.0207 22027.8242  37.3%   107 1264s
 60908 36782 21870.9136  326  205 16048.0207 22027.8242  37.3%   108 1271s
 62102 37186 22015.0928  325  290 16048.0207 22026.6273  37.3%   108 1278s
 63255 37902 21986.8808  331  283 16048.0207 22024.1833  37.2%   108 1286s
 64895 38415 16636.9058  371   56 16048.0207 22023.4705  37.2%   109 1293s
 66417 38908 17780.4901  356  117 16048.0207 22016.1152  37.2%   109 1299s
 66834 38769 21688.9716  329  181 16048.0207 22015.2717  37.2%   109 1300s
 67840 39599 22007.6961  326  256 16048.0207 22014.7356  37.2%   109 1307s
 69664 41630 21673.1074  327  231 16048.0207 22012.9287  37.2%   109 1324s
 73367 40450 infeasible  367      16048.0207 21999.6682  37.1%   108 1408s
 73440 41022 21695.5248  332  171 16048.0207 21991.7417  37.0%   109 1414s
 74362 41756 21323.4421  328  206 16048.0207 21986.6592  37.0%   109 1423s
 75764 42518 infeasible  347      16048.0207 21983.2244  37.0%   109 1432s
 77461 43761 21234.8482  335  162 16048.0207 21981.5161  37.0%   109 1446s
 79807 44889 20727.7452  345  118 16048.0207 21976.8982  36.9%   109 1461s
 82477 45352 18501.3293  339  116 16048.0207 21976.5190  36.9%   108 1473s
 84426 46628 21918.6837  322  229 16048.0207 21973.7350  36.9%   108 1488s
 87135 47592 20574.5847  334  143 16048.0207 21969.8122  36.9%   108 1510s
 90607 47939 21685.4930  331  211 16048.0207 21969.3988  36.9%   107 1525s
 92842 51573 20654.8746  337  120 16048.0207 21967.9421  36.9%   107 1559s
 94357 51068 20579.6342  341  160 16048.0207 21967.4548  36.9%   107 1560s
 98854 50879 21616.9185  328  212 16048.0207 21963.4923  36.9%   106 1573s
 100780 52343 21906.5392  324  201 16048.0207 21961.2006  36.8%   107 1591s
 103706 53332 20818.2050  331  210 16048.0207 21959.2522  36.8%   107 1609s
 106397 54316 20423.4580  332  175 16048.0207 21957.3167  36.8%   107 1627s
 109136 54925 18417.8904  344  125 16048.0207 21954.7824  36.8%   107 1644s
 111438 56614 18975.9221  337  116 16048.0207 21952.6743  36.8%   107 1664s
 114602 55559 21934.4975  329  255 16048.0207 21950.3860  36.8%   107 1665s
 114793 57526 21076.3569  328  204 16048.0207 21950.3860  36.8%   107 1685s
 117608 60776 21336.3620  329  236 16048.0207 21950.3860  36.8%   107 1723s
 123412 60582 21902.0067  326  195 16048.0207 21944.8237  36.7%   106 1740s
 125788 61611 21915.8035  325  206 16048.0207 21942.8384  36.7%   106 1757s
 128312 63554 21569.5586  335  216 16048.0207 21940.8703  36.7%   106 1779s
 131977 65543 21406.5853  340  170 16048.0207 21939.6060  36.7%   105 1798s
 135928 64266 infeasible  359      16048.0207 21938.4866  36.7%   104 1800s

Cutting planes:
  Learned: 11
  Gomory: 404
  Lift-and-project: 77
  Cover: 187
  Projected implied bound: 3
  MIR: 5984
  StrongCG: 7
  Flow cover: 8523
  Inf proof: 31
  Network: 2
  RLT: 2
  Relax-and-lift: 37

Explored 135986 nodes (14170655 simplex iterations) in 1800.40 seconds (1072.21 work units)
Thread count was 20 (of 20 available processors)

Solution count 10: 16048 16020 15997.2 ... 15390.6

Time limit reached
Best objective 1.604802066804e+04, best bound 2.193848663447e+04, gap 36.7052%
