
Gurobi 10.0.1 (win64) logging started Mon May  4 00:38:52 2026

Set parameter LogFile to value "D:\Project_Code\Paper\DP_LBBD_1\DP_lbbd\Algorithm\Results\mip_v1\xlarge\exp_10f_100j_seed4\log\exp_10f_100j_seed4_gurobi.log"
Set parameter LogToConsole to value 0
Gurobi Optimizer version 10.0.1 build v10.0.1rc0 (win64)

CPU model: Intel(R) Core(TM) Ultra 7 265KF, instruction set [SSE2|AVX|AVX2]
Thread count: 20 physical cores, 20 logical processors, using up to 20 threads

Optimize a model with 823058 rows, 411300 columns and 4086516 nonzeros
Model fingerprint: 0xfa539cd0
Variable types: 4300 continuous, 407000 integer (407000 binary)
Coefficient statistics:
  Matrix range     [1e+00, 2e+02]
  Objective range  [1e+01, 2e+03]
  Bounds range     [1e+00, 2e+02]
  RHS range        [1e+00, 5e+02]
Found heuristic solution: objective -0.0000000
Presolve removed 469274 rows and 234308 columns (presolve time = 5s) ...
Presolve removed 502454 rows and 250898 columns (presolve time = 10s) ...
Presolve removed 502454 rows and 250898 columns
Presolve time: 10.22s
Presolved: 320604 rows, 160402 columns, 1586509 nonzeros
Variable types: 2739 continuous, 157663 integer (157663 binary)

Deterministic concurrent LP optimizer: primal simplex, dual simplex, and barrier
Showing barrier log only...

Root barrier log...

Ordering time: 0.10s

Barrier statistics:
 Dense cols : 3168
 AA' NZ     : 1.438e+06
 Factor NZ  : 2.733e+06 (roughly 200 MB of memory)
 Factor Ops : 4.516e+08 (less than 1 second per iteration)
 Threads    : 18

                  Objective                Residual
Iter       Primal          Dual         Primal    Dual     Compl     Time
   0  -2.13552099e+07  1.14684229e+09  3.42e+03 1.52e+02  1.73e+05    13s
   1  -1.89623656e+07  1.14122524e+09  3.07e+03 1.73e+02  1.26e+05    13s
   2  -1.28495613e+07  2.19935566e+09  2.11e+03 1.09e+00  8.89e+04    14s
   3  -3.26439403e+05  2.09661282e+09  5.72e+01 3.71e-08  5.41e+03    14s
   4  -8.46353462e+04  4.82939379e+08  1.55e+01 2.27e-08  9.06e+02    14s
   5  -1.63183218e+04  1.33306623e+08  3.48e+00 4.38e-09  2.19e+02    14s
   6   1.54656023e+02  5.04622029e+07  1.09e+00 1.52e-09  8.02e+01    14s
   7   1.07004656e+04  1.48013509e+07  2.51e-01 4.24e-10  2.32e+01    14s
   8   1.61811029e+04  1.97907331e+06  1.49e-02 5.20e-11  3.06e+00    14s
   9   2.20075340e+04  1.18536517e+06  2.74e-03 9.68e-10  1.81e+00    14s
  10   2.36706964e+04  6.25833456e+05  2.28e-03 3.23e-09  9.39e-01    14s
  11   3.31116773e+04  4.05750263e+05  1.17e-03 1.25e-09  5.81e-01    14s
  12   3.76496434e+04  2.14530307e+05  7.05e-04 2.93e-09  2.76e-01    14s
  13   4.25798643e+04  1.23861774e+05  3.55e-04 5.77e-09  1.27e-01    14s
  14   4.52267313e+04  9.57145446e+04  1.88e-04 3.00e-09  7.87e-02    14s
  15   4.66505277e+04  6.08767704e+04  8.58e-05 2.57e-09  2.22e-02    14s
  16   4.75367584e+04  5.00908414e+04  2.38e-05 3.95e-09  3.98e-03    15s

Barrier performed 16 iterations in 14.59 seconds (14.42 work units)
Barrier solve interrupted - model solved by another algorithm

Concurrent spin time: 0.74s (can be avoided by choosing Method=3)

Solved with dual simplex

Root relaxation: objective 4.787748e+04, 10443 iterations, 2.43 seconds (3.04 work units)
Total elapsed time = 15.41s

    Nodes    |    Current Node    |     Objective Bounds      |     Work
 Expl Unexpl |  Obj  Depth IntInf | Incumbent    BestBd   Gap | It/Node Time

     0     0 47877.4809    0  718   -0.00000 47877.4809      -     -   16s
H    0     0                    30537.187686 47877.4809  56.8%     -   25s
     0     0 47876.8615    0  768 30537.1877 47876.8615  56.8%     -   27s
H    0     0                    30881.636920 47876.8615  55.0%     -   37s
H    0     0                    31075.968398 47876.8615  54.1%     -   37s
     0     0 47876.8615    0  802 31075.9684 47876.8615  54.1%     -   38s
     0     0 47854.8250    0  767 31075.9684 47854.8250  54.0%     -   40s
     0     0 47854.3908    0  777 31075.9684 47854.3908  54.0%     -   48s
     0     0 47854.3908    0  727 31075.9684 47854.3908  54.0%     -   48s
     0     0 47818.8452    0  793 31075.9684 47818.8452  53.9%     -   50s
H    0     0                    31699.093034 47818.8452  50.9%     -   56s
     0     0 47818.8140    0  776 31699.0930 47818.8140  50.9%     -   57s
     0     0 47818.8140    0  728 31699.0930 47818.8140  50.9%     -   57s
     0     0 47800.1305    0  784 31699.0930 47800.1305  50.8%     -   59s
     0     0 47799.4300    0  762 31699.0930 47799.4300  50.8%     -   69s
     0     0 47799.0919    0  788 31699.0930 47799.0919  50.8%     -   70s
     0     0 47799.0919    0  741 31699.0930 47799.0919  50.8%     -   70s
     0     0 47789.0441    0  787 31699.0930 47789.0441  50.8%     -   72s
H    0     0                    31875.889203 47789.0441  49.9%     -   83s
     0     0 47788.8925    0  793 31875.8892 47788.8925  49.9%     -   84s
     0     0 47788.8925    0  758 31875.8892 47788.8925  49.9%     -   84s
     0     0 47783.9776    0  894 31875.8892 47783.9776  49.9%     -   86s
     0     0 47783.9664    0  830 31875.8892 47783.9664  49.9%     -   89s
     0     0 47783.9664    0  819 31875.8892 47783.9664  49.9%     -   90s
     0     0 47783.9467    0  827 31875.8892 47783.9467  49.9%     -   91s
     0     0 47783.9467    0  829 31875.8892 47783.9467  49.9%     -  104s
     0     0 47783.9467    0  872 31875.8892 47783.9467  49.9%     -  106s
     0     0 47783.9467    0  862 31875.8892 47783.9467  49.9%     -  109s
     0     0 47783.3910    0  738 31875.8892 47783.3910  49.9%     -  113s
H    0     0                    32171.278933 47783.3910  48.5%     -  121s
     0     0 47783.3048    0  849 32171.2789 47783.3048  48.5%     -  121s
     0     0 47783.2253    0  787 32171.2789 47783.2253  48.5%     -  122s
     0     0 47783.2077    0  760 32171.2789 47783.2077  48.5%     -  122s
     0     0 47783.1813    0  786 32171.2789 47783.1813  48.5%     -  123s
     0     0 47783.1289    0  794 32171.2789 47783.1289  48.5%     -  123s
     0     0 47783.1289    0  768 32171.2789 47783.1289  48.5%     -  124s
     0     0 47783.0363    0  823 32171.2789 47783.0363  48.5%     -  125s
     0     0 47782.9278    0  834 32171.2789 47782.9278  48.5%     -  135s
     0     0 47782.9278    0  760 32171.2789 47782.9278  48.5%     -  135s
     0     0 47782.4106    0  850 32171.2789 47782.4106  48.5%     -  137s
H    0     0                    32393.018419 47782.4106  47.5%     -  147s
     0     0 47782.3825    0  832 32393.0184 47782.3825  47.5%     -  147s
     0     0 47782.3159    0  871 32393.0184 47782.3159  47.5%     -  148s
     0     0 47782.2206    0  828 32393.0184 47782.2206  47.5%     -  148s
     0     0 47782.2069    0  811 32393.0184 47782.2069  47.5%     -  149s
     0     0 47782.2050    0  810 32393.0184 47782.2050  47.5%     -  149s
     0     0 47781.2115    0  841 32393.0184 47781.2115  47.5%     -  151s
     0     0 47781.2018    0  887 32393.0184 47781.2018  47.5%     -  159s
     0     0 47770.9296    0  898 32393.0184 47770.9296  47.5%     -  161s
     0     0 47770.2623    0  873 32393.0184 47770.2623  47.5%     -  166s
     0     0 47770.2623    0  901 32393.0184 47770.2623  47.5%     -  166s
     0     0 47769.7478    0  995 32393.0184 47769.7478  47.5%     -  168s
     0     0 47769.7478    0  865 32393.0184 47769.7478  47.5%     -  177s
     0     0 47769.7241    0  920 32393.0184 47769.7241  47.5%     -  178s
     0     0 47769.3998    0  834 32393.0184 47769.3998  47.5%     -  183s
     0     0 47769.3994    0  876 32393.0184 47769.3994  47.5%     -  184s
     0     0 47768.9260    0  905 32393.0184 47768.9260  47.5%     -  185s
     0     0 47768.0539    0  906 32393.0184 47768.0539  47.5%     -  190s
     0     0 47767.7410    0  880 32393.0184 47767.7410  47.5%     -  190s
     0     0 47767.6832    0  824 32393.0184 47767.6832  47.5%     -  191s
     0     0 47767.6827    0  862 32393.0184 47767.6827  47.5%     -  191s
     0     0 47766.1115    0  907 32393.0184 47766.1115  47.5%     -  193s
     0     0 47766.0866    0  926 32393.0184 47766.0866  47.5%     -  197s
     0     0 47766.0640    0  944 32393.0184 47766.0640  47.5%     -  197s
     0     0 47765.9352    0  922 32393.0184 47765.9352  47.5%     -  198s
     0     0 47765.9352    0  909 32393.0184 47765.9352  47.5%     -  198s
     0     0 47765.8767    0  877 32393.0184 47765.8767  47.5%     -  200s
     0     0 47765.8767    0  891 32393.0184 47765.8767  47.5%     -  203s
     0     0 47764.9457    0  860 32393.0184 47764.9457  47.5%     -  205s
     0     0 47763.2183    0  927 32393.0184 47763.2183  47.4%     -  219s
     0     0 47763.1398    0  913 32393.0184 47763.1398  47.4%     -  220s
     0     0 47763.1398    0  825 32393.0184 47763.1398  47.4%     -  220s
     0     0 47763.0944    0  853 32393.0184 47763.0944  47.4%     -  222s
     0     0 47763.0083    0  862 32393.0184 47763.0083  47.4%     -  232s
     0     0 47763.0083    0  899 32393.0184 47763.0083  47.4%     -  233s
     0     0 47762.9793    0  890 32393.0184 47762.9793  47.4%     -  234s
     0     0 47762.9603    0  880 32393.0184 47762.9603  47.4%     -  239s
     0     0 47762.9591    0  868 32393.0184 47762.9591  47.4%     -  239s
     0     0 47762.8981    0  893 32393.0184 47762.8981  47.4%     -  241s
     0     0 47762.8981    0  768 32393.0184 47762.8981  47.4%     -  243s
     0     2 47741.8762    0  706 32393.0184 47741.8762  47.4%     -  269s
     3     8 47670.0952    2  829 32393.0184 47741.8762  47.4%  1076  270s
H   31    52                    32844.626573 47740.2842  45.4%  2326  310s
    71    92 47583.2949    7  826 32844.6266 47739.2670  45.3%  2111  315s
   131   153 47567.8193   10  787 32844.6266 47739.2670  45.3%  1360  322s
   174   199 47552.0923   12  775 32844.6266 47739.2670  45.3%  1131  326s
   223   243 47534.6619   15  781 32844.6266 47739.2670  45.3%   950  331s
   248   263 47534.2630   16  793 32844.6266 47739.2670  45.3%   905  335s
   296   314 47523.1674   19  743 32844.6266 47739.2670  45.3%   890  341s
   368   359 47456.1809   22  751 32844.6266 47739.2670  45.3%   794  349s
   395   378 infeasible   22      32844.6266 47739.2670  45.3%   790  352s
   434   393 infeasible   24      32844.6266 47739.2670  45.3%   766  355s
   506   431 46800.8627   26  725 32844.6266 47739.2670  45.3%   755  363s
   545   445 infeasible   27      32844.6266 47737.5968  45.3%   749  366s
   579   477 47729.6879    7  772 32844.6266 47737.1746  45.3%   752  370s
   666   570 47058.7309   11  749 32844.6266 47737.1746  45.3%   705  380s
   794   694 46842.4856   16  710 32844.6266 47737.1746  45.3%   631  388s
   873   758 46536.6888   21  663 32844.6266 47737.1746  45.3%   592  393s
   945   817 infeasible   25      32844.6266 47737.1746  45.3%   566  399s
  1012   892 infeasible   29      32844.6266 47737.1746  45.3%   548  404s
  1100   970 45798.4202   34  633 32844.6266 47737.1746  45.3%   523  409s
  1206  1069 infeasible   39      32844.6266 47737.1746  45.3%   491  414s
  1324  1183 44988.2494   46  621 32844.6266 47737.1746  45.3%   462  421s
  1461  1296 44303.4858   58  596 32844.6266 47737.1746  45.3%   432  426s
  1604  1415 43501.2654   64  588 32844.6266 47737.1746  45.3%   408  432s
  1763  1551 43211.9038   71  583 32844.6266 47737.1746  45.3%   383  437s
  1918  1699 42431.5345   78  591 32844.6266 47737.1746  45.3%   364  444s
  2082  1839 41759.8853   84  609 32844.6266 47737.1746  45.3%   347  449s
  2267  2027 41148.3931   92  594 32844.6266 47737.1746  45.3%   328  455s
  2505  2167 40978.9243  105  551 32844.6266 47737.1746  45.3%   306  461s
  2702  2345 39867.9697  113  543 32844.6266 47737.1746  45.3%   293  467s
  2926  2537 39281.0518  119  541 32844.6266 47737.1746  45.3%   279  475s
  3152  2747 37512.7910  130  491 32844.6266 47737.1746  45.3%   267  481s
  3411  2958 36654.4985  141  462 32844.6266 47737.1746  45.3%   254  488s
  3677  3147 36003.4064  155  408 32844.6266 47737.1746  45.3%   241  494s
  3932  3366 35014.0631  165  381 32844.6266 47737.1746  45.3%   233  501s
H 4223  3373                    34463.175686 47737.1746  38.5%   224  520s
H 4227  3267                    35740.894277 47737.1746  33.6%   224  520s
H 4229  3262                    35787.871448 47737.1746  33.4%   224  520s
  4281  3411     cutoff  180      35787.8714 47736.7077  33.4%   222  527s
H 4436  3391                    35909.891315 47731.4280  32.9%   219  527s
  4557  3561 46808.8131    7  757 35909.8913 47731.4280  32.9%   218  536s
  4778  3562 40608.4794  151  768 35909.8913 47731.4280  32.9%   217  576s
  4780  3563 37779.4366  164  860 35909.8913 47731.4280  32.9%   217  594s
  4781  3564 36710.1319  174  833 35909.8913 47731.4280  32.9%   217  607s
  4784  3566 42573.9892   91  923 35909.8913 47731.4280  32.9%   217  610s
  4787  3568 47437.4601   17  871 35909.8913 47731.4280  32.9%   217  616s
  4790  3571 45156.3424   31  768 35909.8913 47721.4540  32.9%   223  636s
  4792  3572 38802.1196  133  348 35909.8913 47721.4540  32.9%   223  690s
  4793  3573 41870.1800   76  410 35909.8913 47721.4540  32.9%   223  697s
  4797  3576 41294.6202   79  398 35909.8913 47717.6330  32.9%   222  701s
  4798  3576 45220.8197   30  372 35909.8913 47705.1391  32.8%   222  711s
  4804  3580 41495.6113   80  437 35909.8913 47689.9076  32.8%   222  719s
  4806  3582 43292.1173   48  409 35909.8913 47683.3671  32.8%   222  720s
  4810  3584 43952.2285  130  377 35909.8913 47674.5733  32.8%   222  732s
  4813  3586 40102.0408  226  398 35909.8913 47672.4131  32.8%   222  736s
  4814  3587 46345.0666   25  427 35909.8913 47656.6108  32.7%   222  746s
  4818  3590 40617.9985   89  397 35909.8913 47644.4232  32.7%   221  758s
  4823  3593 47567.8856   21  380 35909.8913 47640.0297  32.7%   221  762s
  4824  3594 40160.0637  109  370 35909.8913 47630.7185  32.6%   221  770s
  4830  3598 40815.4688   83  446 35909.8913 47611.2443  32.6%   221  779s
  4831  3598 40978.9243  106  416 35909.8913 47605.3859  32.6%   221  780s
  4835  3601 40978.9243   96  371 35909.8913 47591.2761  32.5%   221  794s
  4837  3602 41370.7944  101  423 35909.8913 47585.3080  32.5%   221  795s
  4840  3604 40303.0326   99  332 35909.8913 47567.0259  32.5%   220  808s
H 4841  3423                    36243.026884 47566.3882  31.2%   220  811s
H 4842  3252                    36353.492658 47566.3882  30.8%   220  815s
H 4842  3089                    36372.854736 47566.3882  30.8%   220  815s
  4843  3089 43282.0634   66  359 36372.8547 47547.2283  30.7%   220  830s
H 4843  2933                    37029.000384 47547.2283  28.4%   220  831s
H 4843  2786                    37352.284280 47547.2283  27.3%   220  831s
H 4843  2646                    37369.300564 47547.2283  27.2%   220  831s
  4848  2650 44266.9795   62  422 37369.3006 47537.2936  27.2%   220  837s
H 4848  2516                    37380.498457 47537.2936  27.2%   220  840s
  4849  2516 40608.4794  148  396 37380.4985 47524.4973  27.1%   220  850s
H 4849  2389                    37432.889440 47524.4973  27.0%   220  851s
H 4851  2271                    37602.838287 47509.8116  26.3%   220  852s
  4854  2273 38492.9562  132  401 37602.8383 47507.2877  26.3%   220  856s
  4855  2273 47454.8666   11  390 37602.8383 47500.9340  26.3%   220  879s
  4857  2275 37602.8383  176  459 37602.8383 47492.7390  26.3%   220  880s
  4859  2276 38614.4611  124  400 37602.8383 47485.6432  26.3%   220  895s
  4864  2279 46747.3981   23  422 37602.8383 47475.9383  26.3%   219  900s
H 4864  2164                    37602.838301 47475.9383  26.3%   219  902s
  4865  2165 37758.9274  121  405 37602.8383 47466.7137  26.2%   219  923s
  4866  2166 43357.9406   52  446 37602.8383 47465.9615  26.2%   219  926s
  4869  2168 44843.8760   48  367 37602.8383 47454.2149  26.2%   219  939s
  4870  2168 44404.4572   79  406 37602.8383 47440.9470  26.2%   219  940s
H 4870  2058                    37602.838312 47440.9470  26.2%   219  940s
  4875  2062 47413.4621    6  377 37602.8383 47413.4621  26.1%   219  953s
  4878  2064 40608.4794  151  432 37602.8383 47399.2669  26.1%   219  955s
  4883  2067 42257.6100   58  382 37602.8383 47390.7975  26.0%   218  972s
  4887  2070 47386.5036   17  375 37602.8383 47386.5036  26.0%   218  975s
  4888  2070 41526.3018  208  382 37602.8383 47385.1206  26.0%   218  989s
  4891  2072 46820.1457   22  407 37602.8383 47382.2145  26.0%   218  990s
  4893  2074 41870.1800   76  428 37602.8383 47379.4749  26.0%   218  996s
  4900  2078 43108.4561  175  392 37602.8383 47372.7410  26.0%   218 1001s
  4901  2079 43361.5937   89  374 37602.8383 47369.5686  26.0%   218 1031s
  4904  2081 41495.6113   80  383 37602.8383 47367.0905  26.0%   218 1047s
H 4904  1975                    37606.830575 47367.0905  26.0%   218 1047s
H 4904  1874                    38399.354095 47367.0905  23.4%   218 1047s
  4909  1877 38399.3541  134  438 38399.3541 47363.9837  23.3%   217 1050s
  4910  1878 43952.2285  130  404 38399.3541 47361.3546  23.3%   217 1064s
  4912  1879 46557.5396   24  435 38399.3541 47360.4725  23.3%   217 1065s
  4916  1882 47359.3521   11  376 38399.3541 47359.3521  23.3%   217 1080s
  4922  1886 40042.5906  230  391 38399.3541 47354.2722  23.3%   217 1096s
  4926  1889 41714.6826   85  456 38399.3541 47349.9393  23.3%   217 1100s
  4927  1889 42648.2128   82  386 38399.3541 47348.7028  23.3%   217 1113s
  4930  1891 40815.4688   83  422 38399.3541 47347.6762  23.3%   216 1116s
H 4930  1794                    38481.533397 47347.6762  23.0%   216 1119s
H 4930  1702                    38490.959725 47347.6762  23.0%   216 1119s
H 4930  1615                    38657.631616 47347.6762  22.5%   216 1119s
  4931  1616 40978.9243  106  421 38657.6316 47346.3599  22.5%   216 1136s
H 4931  1532                    38902.241967 47346.3599  21.7%   216 1137s
  4933  1533 46787.7617   37  425 38902.2420 47345.1957  21.7%   216 1159s
  4935  1535 40978.9243   96  435 38902.2420 47343.6621  21.7%   216 1160s
  4939  1537 42774.5333   63  424 38902.2420 47341.7888  21.7%   216 1180s
  4944  1541 40216.1425  219  388 38902.2420 47337.6984  21.7%   216 1200s
  4951  1545 41884.5555   77  390 38902.2420 47334.4244  21.7%   215 1236s
  4953  1547 40335.5761  158  351 38902.2420 47333.7914  21.7%   215 1256s
H 4956  1469                    39228.478007 47332.9332  20.7%   215 1258s
  4958  1470 46640.9992   24  361 39228.4780 47331.5585  20.7%   215 1277s
  4962  1473 39228.4780  131  437 39228.4780 47329.9062  20.7%   215 1280s
  4963  1473 46307.6583   31  396 39228.4780 47328.9233  20.6%   215 1300s
  4969  1477 44843.8760   48  430 39228.4780 47327.3198  20.6%   215 1305s
  4970  1478 44404.4572   79  360 39228.4780 47327.1633  20.6%   215 1328s
  4971  1479 43825.4537  153  406 39228.4780 47327.0133  20.6%   215 1330s
  4972  1479 43361.5937   89  388 39228.4780 47326.8217  20.6%   215 1351s
  4975  1481 47326.1199    6  402 39228.4780 47326.1199  20.6%   214 1369s
  4976  1482 45500.1932   38  460 39228.4780 47326.0521  20.6%   214 1372s
  4977  1483 41344.8263   92  383 39228.4780 47325.4531  20.6%   214 1375s
  4980  1486 39228.4780  164  768 39228.4780 47325.4531  20.6%   276 1392s
  4982  1487 39228.4780  179  348 39228.4780 47325.4531  20.6%   275 1446s
  4983  1488 42257.6100   58  336 39228.4780 47325.4531  20.6%   275 1461s
  4990  1493 45156.3424   31  312 39228.4780 47325.3276  20.6%   275 1466s
  4991  1493 46820.1457   22  337 39228.4780 47323.5071  20.6%   275 1474s
  4992  1494 39228.4780  133  333 39228.4780 47323.2607  20.6%   275 1475s
  4994  1495 44849.9184   37  340 39228.4780 47322.4420  20.6%   275 1488s
  4998  1498 45220.8197   30  336 39228.4780 47319.4138  20.6%   275 1492s
  4999  1499 44561.3060   42  369 39228.4780 47318.5052  20.6%   274 1505s
  5002  1501 43371.5498   50  332 39228.4780 47315.5622  20.6%   274 1525s
  5005  1503 46266.8896   28  315 39228.4780 47313.8828  20.6%   274 1537s
  5009  1505 39228.4780  134  340 39228.4780 47311.7929  20.6%   274 1541s
  5010  1506 43952.2285  130  341 39228.4780 47311.6409  20.6%   274 1552s
  5013  1508 40102.0408  226  352 39228.4780 47311.0763  20.6%   274 1556s
  5014  1509 46345.0666   25  361 39228.4780 47310.4640  20.6%   274 1567s
  5017  1511 42629.5200  111  373 39228.4780 47308.9341  20.6%   273 1571s
  5018  1511 40617.9985   89  345 39228.4780 47308.4895  20.6%   273 1585s
  5021  1513 45399.6080   38  318 39228.4780 47307.7293  20.6%   273 1600s
  5024  1515 40160.0637  109  332 39228.4780 47307.0966  20.6%   273 1624s
  5026  1517 41714.6826   85  351 39228.4780 47305.3265  20.6%   273 1625s
  5028  1518 39228.4780  129  350 39228.4780 47304.3890  20.6%   273 1638s
  5032  1521 39228.4780  185  337 39228.4780 47299.8517  20.6%   273 1643s
  5033  1521 46787.7617   37  368 39228.4780 47299.2971  20.6%   273 1655s
  5039  1525 42774.5333   63  342 39228.4780 47297.2179  20.6%   272 1671s
  5042  1527 40883.8474  217  387 39228.4780 47295.8606  20.6%   272 1675s
  5043  1528 43282.0634   66  360 39228.4780 47294.6782  20.6%   272 1686s
  5048  1531 44266.9795   62  341 39228.4780 47293.5461  20.6%   272 1700s
  5052  1534 39228.4780  261  391 39228.4780 47292.5487  20.6%   272 1731s
  5054  1535 39228.4780  132  366 39228.4780 47291.9945  20.6%   271 1748s
  5057  1537 39228.4780  176  364 39228.4780 47290.8979  20.6%   271 1750s
  5058  1538 46640.9992   24  357 39228.4780 47290.7850  20.6%   271 1761s
  5060  1539 46810.0249   40  350 39228.4780 47290.5912  20.6%   271 1765s
  5062  1541 39228.4780  131  304 39228.4780 47290.3421  20.6%   271 1772s
  5065  1548 47288.6419   38  337 39228.4780 47290.3421  20.6%   292 1775s
  5077  1568 47273.7455   40  418 39228.4780 47285.6024  20.5%   296 1780s
  5093  1582 47246.2993   41  458 39228.4780 47280.8897  20.5%   305 1836s
H 5105  1499                    39651.923274 47280.8897  19.2%   310 1836s
  5153  1543 47241.5269   43  448 39651.9233 47278.2900  19.2%   326 1840s
  5219  1589 47213.5762   44  458 39651.9233 47278.2900  19.2%   331 1850s
H 5239  1509                    39973.221122 47278.2900  18.3%   332 1850s
  5327  1598 47073.6752   46  483 39973.2211 47278.2900  18.3%   336 1860s
  5458  1688 47112.6355   48  427 39973.2211 47278.2900  18.3%   336 1865s
  5500  1716 47109.0457   49  421 39973.2211 47278.2900  18.3%   336 1871s
  5594  1785 47111.3499   51  424 39973.2211 47278.2900  18.3%   335 1875s
  5718  1854 46929.8257   53  378 39973.2211 47278.2900  18.3%   332 1883s
  5773  1901 46186.9169   53  417 39973.2211 47278.2900  18.3%   332 1885s
  5920  1976 46723.3052   55  375 39973.2211 47278.2900  18.3%   329 1890s
  5974  2031 46528.0500   57  366 39973.2211 47278.2900  18.3%   328 1896s
  6148  2080 46525.2881   60  388 39973.2211 47278.2900  18.3%   323 1902s
  6200  2111 46524.2079   61  367 39973.2211 47278.2900  18.3%   327 1905s
  6265  2156 46524.1746   62  377 39973.2211 47278.2900  18.3%   330 1912s
  6430  2245 45501.7800   64  350 39973.2211 47278.2900  18.3%   330 1918s
  6527  2279 45103.9639   65  353 39973.2211 47278.2900  18.3%   329 1922s
  6612  2328 45164.9838   66  361 39973.2211 47278.2900  18.3%   332 1929s
  6704  2390 45164.9838   68  358 39973.2211 47278.2900  18.3%   331 1933s
  6845  2450 45163.3095   71  358 39973.2211 47278.2900  18.3%   330 1937s
  6975  2592 45163.1498   73  333 39973.2211 47278.2900  18.3%   333 1943s
  7172  2787 45144.8328   75  342 39973.2211 47278.2900  18.3%   333 1947s
  7443  2996 infeasible   80      39973.2211 47278.2900  18.3%   326 1952s
  7772  3112 infeasible   84      39973.2211 47278.2900  18.3%   317 1957s
  8081  3229 44144.1719   90  289 39973.2211 47278.2900  18.3%   310 1961s
  8309  3429 43769.3528   94  310 39973.2211 47278.2900  18.3%   308 1967s
  8620  3616 43620.4668  102  265 39973.2211 47278.2900  18.3%   303 1972s
  8937  3789 43339.4092  109  259 39973.2211 47278.2900  18.3%   299 1977s
  9228  3943 43425.2215  120  284 39973.2211 47278.2900  18.3%   294 1986s
  9559  4128 43042.6325  126  268 39973.2211 47278.2900  18.3%   290 1991s
  9782  4419 42728.8977  131  269 39973.2211 47278.2900  18.3%   291 1997s
 10148  4746 42623.5189  139  229 39973.2211 47278.2900  18.3%   288 2003s
 10514  5120 42623.5189  144  256 39973.2211 47278.2900  18.3%   286 2014s
 10932  5620 42594.9719  150  249 39973.2211 47278.2900  18.3%   281 2020s
 11468  6042 42586.1301  154  264 39973.2211 47278.2900  18.3%   273 2030s
 11910  6500 42594.9719  160  230 39973.2211 47278.2900  18.3%   267 2037s
 12431  6909 42594.9719  171  240 39973.2211 47278.2900  18.3%   261 2049s
 12903  7323 42594.9719  179  237 39973.2211 47278.2900  18.3%   258 2056s
 13354  7815 42594.9719  182  251 39973.2211 47278.2900  18.3%   256 2069s
 13913  8170 42585.8929  185  243 39973.2211 47278.2900  18.3%   251 2076s
 14411  8625 42410.9081  190  238 39973.2211 47278.2900  18.3%   249 2090s
 14906  9159 42405.0059  196  227 39973.2211 47278.2900  18.3%   247 2098s
 15493  9778 42410.9081  200  253 39973.2211 47278.2900  18.3%   244 2115s
 16176 10347 42406.6814  206  236 39973.2211 47278.2900  18.3%   240 2124s
 16781 10909 42234.9763  213  237 39973.2211 47278.2900  18.3%   237 2142s
 17421 11481 41935.0113  218  245 39973.2211 47278.2900  18.3%   233 2154s
 18132 12147 41931.9029  222  253 39973.2211 47278.2900  18.3%   230 2173s
 18880 12839 41863.7336  227  213 39973.2211 47278.2900  18.3%   226 2192s
 19631 13274 41873.0598  231  218 39973.2211 47278.2900  18.3%   220 2216s
 20149 14170 41873.0345  235  233 39973.2211 47278.2900  18.3%   217 2230s
 21179 15149 41556.9774  241  204 39973.2211 47278.2900  18.3%   212 2255s
 22308 16132 41519.8297  254  188 39973.2211 47278.2900  18.3%   205 2272s
 23450 17224 infeasible  268      39973.2211 47268.6654  18.3%   200 2310s
 24777 17782 47071.7558   59  324 39973.2211 47268.6654  18.3%   195 2328s
 25426 18821 43601.7268   90  271 39973.2211 47268.6654  18.3%   193 2361s
 26599 19743 40281.5419  154  220 39973.2211 47266.3200  18.2%   189 2381s
 27661 20436 47097.2273   46  440 39973.2211 47266.3200  18.2%   187 2417s
 28456 20500 46448.5383   81  325 39973.2211 47266.3200  18.2%   185 3202s
H28470 20486                    40030.711293 47266.3200  18.1%   186 3202s
 28520 20512 46446.5320   82  323 40030.7113 47266.3200  18.1%   186 3612s

Cutting planes:
  Learned: 81
  Gomory: 342
  Lift-and-project: 886
  Cover: 338
  Projected implied bound: 11
  MIR: 2605
  StrongCG: 9
  Flow cover: 2871
  Zero half: 7
  Network: 4
  RLT: 10
  Relax-and-lift: 63

Explored 28552 nodes (5404349 simplex iterations) in 3613.55 seconds (2456.06 work units)
Thread count was 20 (of 20 available processors)

Solution count 10: 40030.7 39973.2 39651.9 ... 37606.8

Time limit reached
Best objective 4.003071129340e+04, best bound 4.726632001278e+04, gap 18.0751%
