04/25/2026 08:55:09 PM INFO mip_v1 - setup_solver_logging: ================================================================================
04/25/2026 08:55:09 PM INFO mip_v1 - setup_solver_logging: Logging started. Log file: D:\Project_Code\Paper\DP_LBBD_1\DP_lbbd\Algorithm\Results\mip_v1\large\exp_7f_55j_seed5\log\exp_7f_55j_seed5_running.log
04/25/2026 08:55:09 PM INFO mip_v1 - print: BigM calculated: 148.8
04/25/2026 08:55:09 PM INFO mip_v1 - print: Adding variables...
04/25/2026 08:55:09 PM INFO mip_v1 - print: Total variables: 88275
04/25/2026 08:55:09 PM INFO mip_v1 - print: Adding constraints...
04/25/2026 08:55:12 PM INFO mip_v1 - print: Total constraints: 176697
04/25/2026 08:55:12 PM INFO mip_v1 - print: Setting objective function...
04/25/2026 08:55:12 PM INFO mip_v1 - print: 
04/25/2026 08:55:12 PM INFO mip_v1 - print: ✓ Model LP written to: D:\Project_Code\Paper\DP_LBBD_1\DP_lbbd\Algorithm\MIP\production_model.lp
04/25/2026 08:55:12 PM INFO mip_v1 - print: 
04/25/2026 08:55:12 PM INFO mip_v1 - print: ============================================================
04/25/2026 08:55:12 PM INFO mip_v1 - print: Starting optimization...
04/25/2026 08:55:12 PM INFO mip_v1 - print: ============================================================
04/25/2026 08:55:12 PM INFO mip_v1 - print: Gurobi native log file: D:\Project_Code\Paper\DP_LBBD_1\DP_lbbd\Algorithm\Results\mip_v1\large\exp_7f_55j_seed5\log\exp_7f_55j_seed5_gurobi.log
04/25/2026 09:25:13 PM INFO mip_v1 - print: 
04/25/2026 09:25:13 PM INFO mip_v1 - print: ============================================================
04/25/2026 09:25:13 PM INFO mip_v1 - print: SOLUTION SUMMARY
04/25/2026 09:25:13 PM INFO mip_v1 - print: ============================================================
04/25/2026 09:25:13 PM INFO mip_v1 - print: ⚠ Time limit reached, best solution found:
04/25/2026 09:25:13 PM INFO mip_v1 - print: 
04/25/2026 09:25:13 PM INFO mip_v1 - print: Objective Value (Total Profit): 20904.80
04/25/2026 09:25:13 PM INFO mip_v1 - print: MIP Gap: 30.67%
04/25/2026 09:25:13 PM INFO mip_v1 - print: 
04/25/2026 09:25:13 PM INFO mip_v1 - print: 📋 Accepted Orders (41/55): [1, 2, 3, 4, 5, 6, 7, 8, 10, 11, 12, 15, 16, 17, 18, 19, 20, 21, 23, 24, 25, 26, 28, 29, 30, 31, 33, 35, 37, 38, 39, 41, 42, 43, 44, 48, 49, 50, 51, 53, 55]
04/25/2026 09:25:13 PM INFO mip_v1 - print: 
04/25/2026 09:25:13 PM INFO mip_v1 - print: ------------------------------------------------------------
04/25/2026 09:25:13 PM INFO mip_v1 - print: ORDER ALLOCATION DETAILS
04/25/2026 09:25:13 PM INFO mip_v1 - print: ------------------------------------------------------------
04/25/2026 09:25:13 PM INFO mip_v1 - print: 
04/25/2026 09:25:13 PM INFO mip_v1 - print: Order 1 → Factory 6
04/25/2026 09:25:13 PM INFO mip_v1 - print:   Machine 1: completion time = 29.89
04/25/2026 09:25:13 PM INFO mip_v1 - print:   Machine 2: completion time = 39.06
04/25/2026 09:25:13 PM INFO mip_v1 - print:   Machine 3: completion time = 47.00
04/25/2026 09:25:13 PM INFO mip_v1 - print:   Machine 4: completion time = 60.20
04/25/2026 09:25:13 PM INFO mip_v1 - print:   Delivery: 61.10 (Deadline: 75.30, Delay: 0.00)
04/25/2026 09:25:13 PM INFO mip_v1 - print: 
04/25/2026 09:25:13 PM INFO mip_v1 - print: Order 2 → Factory 5
04/25/2026 09:25:13 PM INFO mip_v1 - print:   Machine 1: completion time = 55.56
04/25/2026 09:25:13 PM INFO mip_v1 - print:   Machine 2: completion time = 69.88
04/25/2026 09:25:13 PM INFO mip_v1 - print:   Machine 3: completion time = 82.19
04/25/2026 09:25:13 PM INFO mip_v1 - print:   Delivery: 86.89 (Deadline: 90.90, Delay: 0.00)
04/25/2026 09:25:13 PM INFO mip_v1 - print: 
04/25/2026 09:25:13 PM INFO mip_v1 - print: Order 3 → Factory 7
04/25/2026 09:25:13 PM INFO mip_v1 - print:   Machine 1: completion time = 61.73
04/25/2026 09:25:13 PM INFO mip_v1 - print:   Machine 2: completion time = 73.64
04/25/2026 09:25:13 PM INFO mip_v1 - print:   Machine 3: completion time = 84.30
04/25/2026 09:25:13 PM INFO mip_v1 - print:   Delivery: 88.40 (Deadline: 97.90, Delay: 0.00)
04/25/2026 09:25:13 PM INFO mip_v1 - print: 
04/25/2026 09:25:13 PM INFO mip_v1 - print: Order 4 → Factory 3
04/25/2026 09:25:13 PM INFO mip_v1 - print:   Machine 1: completion time = 28.97
04/25/2026 09:25:13 PM INFO mip_v1 - print:   Machine 2: completion time = 42.73
04/25/2026 09:25:13 PM INFO mip_v1 - print:   Machine 3: completion time = 58.43
04/25/2026 09:25:13 PM INFO mip_v1 - print:   Machine 4: completion time = 71.47
04/25/2026 09:25:13 PM INFO mip_v1 - print:   Machine 5: completion time = 79.59
04/25/2026 09:25:13 PM INFO mip_v1 - print:   Delivery: 82.19 (Deadline: 85.00, Delay: 0.00)
04/25/2026 09:25:13 PM INFO mip_v1 - print: 
04/25/2026 09:25:13 PM INFO mip_v1 - print: Order 5 → Factory 2
04/25/2026 09:25:13 PM INFO mip_v1 - print:   Machine 1: completion time = 40.35
04/25/2026 09:25:13 PM INFO mip_v1 - print:   Machine 2: completion time = 53.64
04/25/2026 09:25:13 PM INFO mip_v1 - print:   Machine 3: completion time = 62.82
04/25/2026 09:25:13 PM INFO mip_v1 - print:   Machine 4: completion time = 73.16
04/25/2026 09:25:13 PM INFO mip_v1 - print:   Delivery: 78.06 (Deadline: 83.60, Delay: 0.00)
04/25/2026 09:25:13 PM INFO mip_v1 - print: 
04/25/2026 09:25:13 PM INFO mip_v1 - print: Order 6 → Factory 5
04/25/2026 09:25:13 PM INFO mip_v1 - print:   Machine 1: completion time = 109.76
04/25/2026 09:25:13 PM INFO mip_v1 - print:   Machine 2: completion time = 120.52
04/25/2026 09:25:13 PM INFO mip_v1 - print:   Machine 3: completion time = 131.50
04/25/2026 09:25:13 PM INFO mip_v1 - print:   Delivery: 135.80 (Deadline: 135.80, Delay: 0.00)
04/25/2026 09:25:13 PM INFO mip_v1 - print: 
04/25/2026 09:25:13 PM INFO mip_v1 - print: Order 7 → Factory 1
04/25/2026 09:25:13 PM INFO mip_v1 - print:   Machine 1: completion time = 17.60
04/25/2026 09:25:13 PM INFO mip_v1 - print:   Machine 2: completion time = 25.36
04/25/2026 09:25:13 PM INFO mip_v1 - print:   Machine 3: completion time = 33.63
04/25/2026 09:25:13 PM INFO mip_v1 - print:   Machine 4: completion time = 43.27
04/25/2026 09:25:13 PM INFO mip_v1 - print:   Machine 5: completion time = 51.87
04/25/2026 09:25:13 PM INFO mip_v1 - print:   Delivery: 55.87 (Deadline: 64.10, Delay: 0.00)
04/25/2026 09:25:13 PM INFO mip_v1 - print: 
04/25/2026 09:25:13 PM INFO mip_v1 - print: Order 8 → Factory 3
04/25/2026 09:25:13 PM INFO mip_v1 - print:   Machine 1: completion time = 55.47
04/25/2026 09:25:13 PM INFO mip_v1 - print:   Machine 2: completion time = 68.36
04/25/2026 09:25:13 PM INFO mip_v1 - print:   Machine 3: completion time = 82.28
04/25/2026 09:25:13 PM INFO mip_v1 - print:   Machine 4: completion time = 98.41
04/25/2026 09:25:13 PM INFO mip_v1 - print:   Machine 5: completion time = 111.20
04/25/2026 09:25:13 PM INFO mip_v1 - print:   Delivery: 115.00 (Deadline: 115.00, Delay: 0.00)
04/25/2026 09:25:13 PM INFO mip_v1 - print: 
04/25/2026 09:25:13 PM INFO mip_v1 - print: Order 10 → Factory 6
04/25/2026 09:25:13 PM INFO mip_v1 - print:   Machine 1: completion time = 39.38
04/25/2026 09:25:13 PM INFO mip_v1 - print:   Machine 2: completion time = 49.36
04/25/2026 09:25:13 PM INFO mip_v1 - print:   Machine 3: completion time = 58.04
04/25/2026 09:25:13 PM INFO mip_v1 - print:   Machine 4: completion time = 71.43
04/25/2026 09:25:13 PM INFO mip_v1 - print:   Delivery: 76.53 (Deadline: 89.70, Delay: 0.00)
04/25/2026 09:25:13 PM INFO mip_v1 - print: 
04/25/2026 09:25:13 PM INFO mip_v1 - print: Order 11 → Factory 6
04/25/2026 09:25:13 PM INFO mip_v1 - print:   Machine 1: completion time = 47.62
04/25/2026 09:25:13 PM INFO mip_v1 - print:   Machine 2: completion time = 58.04
04/25/2026 09:25:13 PM INFO mip_v1 - print:   Machine 3: completion time = 64.03
04/25/2026 09:25:13 PM INFO mip_v1 - print:   Machine 4: completion time = 78.62
04/25/2026 09:25:13 PM INFO mip_v1 - print:   Delivery: 83.12 (Deadline: 85.30, Delay: 0.00)
04/25/2026 09:25:13 PM INFO mip_v1 - print: 
04/25/2026 09:25:13 PM INFO mip_v1 - print: Order 12 → Factory 1
04/25/2026 09:25:13 PM INFO mip_v1 - print:   Machine 1: completion time = 34.25
04/25/2026 09:25:13 PM INFO mip_v1 - print:   Machine 2: completion time = 41.42
04/25/2026 09:25:13 PM INFO mip_v1 - print:   Machine 3: completion time = 53.40
04/25/2026 09:25:13 PM INFO mip_v1 - print:   Machine 4: completion time = 61.96
04/25/2026 09:25:13 PM INFO mip_v1 - print:   Machine 5: completion time = 70.11
04/25/2026 09:25:13 PM INFO mip_v1 - print:   Delivery: 70.51 (Deadline: 74.40, Delay: 0.00)
04/25/2026 09:25:13 PM INFO mip_v1 - print: 
04/25/2026 09:25:13 PM INFO mip_v1 - print: Order 15 → Factory 7
04/25/2026 09:25:13 PM INFO mip_v1 - print:   Machine 1: completion time = 77.11
04/25/2026 09:25:13 PM INFO mip_v1 - print:   Machine 2: completion time = 92.05
04/25/2026 09:25:13 PM INFO mip_v1 - print:   Machine 3: completion time = 105.75
04/25/2026 09:25:13 PM INFO mip_v1 - print:   Delivery: 109.45 (Deadline: 114.30, Delay: 0.00)
04/25/2026 09:25:13 PM INFO mip_v1 - print: 
04/25/2026 09:25:13 PM INFO mip_v1 - print: Order 16 → Factory 5
04/25/2026 09:25:13 PM INFO mip_v1 - print:   Machine 1: completion time = 63.73
04/25/2026 09:25:13 PM INFO mip_v1 - print:   Machine 2: completion time = 77.92
04/25/2026 09:25:13 PM INFO mip_v1 - print:   Machine 3: completion time = 90.40
04/25/2026 09:25:13 PM INFO mip_v1 - print:   Delivery: 93.70 (Deadline: 93.70, Delay: 0.00)
04/25/2026 09:25:13 PM INFO mip_v1 - print: 
04/25/2026 09:25:13 PM INFO mip_v1 - print: Order 17 → Factory 4
04/25/2026 09:25:13 PM INFO mip_v1 - print:   Machine 1: completion time = 33.18
04/25/2026 09:25:13 PM INFO mip_v1 - print:   Machine 2: completion time = 44.65
04/25/2026 09:25:13 PM INFO mip_v1 - print:   Machine 3: completion time = 56.23
04/25/2026 09:25:13 PM INFO mip_v1 - print:   Machine 4: completion time = 66.10
04/25/2026 09:25:13 PM INFO mip_v1 - print:   Machine 5: completion time = 75.97
04/25/2026 09:25:13 PM INFO mip_v1 - print:   Delivery: 77.07 (Deadline: 103.10, Delay: 0.00)
04/25/2026 09:25:13 PM INFO mip_v1 - print: 
04/25/2026 09:25:13 PM INFO mip_v1 - print: Order 18 → Factory 1
04/25/2026 09:25:13 PM INFO mip_v1 - print:   Machine 1: completion time = 26.98
04/25/2026 09:25:13 PM INFO mip_v1 - print:   Machine 2: completion time = 32.55
04/25/2026 09:25:13 PM INFO mip_v1 - print:   Machine 3: completion time = 39.29
04/25/2026 09:25:13 PM INFO mip_v1 - print:   Machine 4: completion time = 53.40
04/25/2026 09:25:13 PM INFO mip_v1 - print:   Machine 5: completion time = 59.28
04/25/2026 09:25:13 PM INFO mip_v1 - print:   Delivery: 63.88 (Deadline: 70.10, Delay: 0.00)
04/25/2026 09:25:13 PM INFO mip_v1 - print: 
04/25/2026 09:25:13 PM INFO mip_v1 - print: Order 19 → Factory 5
04/25/2026 09:25:13 PM INFO mip_v1 - print:   Machine 1: completion time = 32.83
04/25/2026 09:25:13 PM INFO mip_v1 - print:   Machine 2: completion time = 45.09
04/25/2026 09:25:13 PM INFO mip_v1 - print:   Machine 3: completion time = 58.90
04/25/2026 09:25:13 PM INFO mip_v1 - print:   Delivery: 63.70 (Deadline: 74.00, Delay: 0.00)
04/25/2026 09:25:13 PM INFO mip_v1 - print: 
04/25/2026 09:25:13 PM INFO mip_v1 - print: Order 20 → Factory 1
04/25/2026 09:25:13 PM INFO mip_v1 - print:   Machine 1: completion time = 43.88
04/25/2026 09:25:13 PM INFO mip_v1 - print:   Machine 2: completion time = 53.40
04/25/2026 09:25:13 PM INFO mip_v1 - print:   Machine 3: completion time = 62.99
04/25/2026 09:25:13 PM INFO mip_v1 - print:   Machine 4: completion time = 87.02
04/25/2026 09:25:13 PM INFO mip_v1 - print:   Machine 5: completion time = 96.96
04/25/2026 09:25:13 PM INFO mip_v1 - print:   Delivery: 99.66 (Deadline: 107.40, Delay: 0.00)
04/25/2026 09:25:13 PM INFO mip_v1 - print: 
04/25/2026 09:25:13 PM INFO mip_v1 - print: Order 21 → Factory 7
04/25/2026 09:25:13 PM INFO mip_v1 - print:   Machine 1: completion time = 16.10
04/25/2026 09:25:13 PM INFO mip_v1 - print:   Machine 2: completion time = 26.91
04/25/2026 09:25:13 PM INFO mip_v1 - print:   Machine 3: completion time = 36.30
04/25/2026 09:25:13 PM INFO mip_v1 - print:   Delivery: 37.40 (Deadline: 72.40, Delay: 0.00)
04/25/2026 09:25:13 PM INFO mip_v1 - print: 
04/25/2026 09:25:13 PM INFO mip_v1 - print: Order 23 → Factory 2
04/25/2026 09:25:13 PM INFO mip_v1 - print:   Machine 1: completion time = 83.17
04/25/2026 09:25:13 PM INFO mip_v1 - print:   Machine 2: completion time = 99.09
04/25/2026 09:25:13 PM INFO mip_v1 - print:   Machine 3: completion time = 112.06
04/25/2026 09:25:13 PM INFO mip_v1 - print:   Machine 4: completion time = 125.50
04/25/2026 09:25:13 PM INFO mip_v1 - print:   Delivery: 130.30 (Deadline: 130.30, Delay: 0.00)
04/25/2026 09:25:13 PM INFO mip_v1 - print: 
04/25/2026 09:25:13 PM INFO mip_v1 - print: Order 24 → Factory 5
04/25/2026 09:25:13 PM INFO mip_v1 - print:   Machine 1: completion time = 45.09
04/25/2026 09:25:13 PM INFO mip_v1 - print:   Machine 2: completion time = 58.90
04/25/2026 09:25:13 PM INFO mip_v1 - print:   Machine 3: completion time = 71.87
04/25/2026 09:25:13 PM INFO mip_v1 - print:   Delivery: 77.37 (Deadline: 87.80, Delay: 0.00)
04/25/2026 09:25:13 PM INFO mip_v1 - print: 
04/25/2026 09:25:13 PM INFO mip_v1 - print: Order 25 → Factory 1
04/25/2026 09:25:13 PM INFO mip_v1 - print:   Machine 1: completion time = 51.61
04/25/2026 09:25:13 PM INFO mip_v1 - print:   Machine 2: completion time = 62.99
04/25/2026 09:25:13 PM INFO mip_v1 - print:   Machine 3: completion time = 68.96
04/25/2026 09:25:13 PM INFO mip_v1 - print:   Machine 4: completion time = 75.62
04/25/2026 09:25:13 PM INFO mip_v1 - print:   Machine 5: completion time = 84.10
04/25/2026 09:25:13 PM INFO mip_v1 - print:   Delivery: 91.00 (Deadline: 91.00, Delay: 0.00)
04/25/2026 09:25:13 PM INFO mip_v1 - print: 
04/25/2026 09:25:13 PM INFO mip_v1 - print: Order 26 → Factory 7
04/25/2026 09:25:13 PM INFO mip_v1 - print:   Machine 1: completion time = 39.31
04/25/2026 09:25:13 PM INFO mip_v1 - print:   Machine 2: completion time = 51.74
04/25/2026 09:25:13 PM INFO mip_v1 - print:   Machine 3: completion time = 63.22
04/25/2026 09:25:13 PM INFO mip_v1 - print:   Delivery: 66.62 (Deadline: 84.90, Delay: 0.00)
04/25/2026 09:25:13 PM INFO mip_v1 - print: 
04/25/2026 09:25:13 PM INFO mip_v1 - print: Order 28 → Factory 3
04/25/2026 09:25:13 PM INFO mip_v1 - print:   Machine 1: completion time = 42.73
04/25/2026 09:25:13 PM INFO mip_v1 - print:   Machine 2: completion time = 52.17
04/25/2026 09:25:13 PM INFO mip_v1 - print:   Machine 3: completion time = 68.49
04/25/2026 09:25:13 PM INFO mip_v1 - print:   Machine 4: completion time = 82.81
04/25/2026 09:25:13 PM INFO mip_v1 - print:   Machine 5: completion time = 92.51
04/25/2026 09:25:13 PM INFO mip_v1 - print:   Delivery: 95.11 (Deadline: 109.20, Delay: 0.00)
04/25/2026 09:25:13 PM INFO mip_v1 - print: 
04/25/2026 09:25:13 PM INFO mip_v1 - print: Order 29 → Factory 2
04/25/2026 09:25:13 PM INFO mip_v1 - print:   Machine 1: completion time = 12.44
04/25/2026 09:25:13 PM INFO mip_v1 - print:   Machine 2: completion time = 23.16
04/25/2026 09:25:13 PM INFO mip_v1 - print:   Machine 3: completion time = 31.75
04/25/2026 09:25:13 PM INFO mip_v1 - print:   Machine 4: completion time = 40.78
04/25/2026 09:25:13 PM INFO mip_v1 - print:   Delivery: 45.58 (Deadline: 68.30, Delay: 0.00)
04/25/2026 09:25:13 PM INFO mip_v1 - print: 
04/25/2026 09:25:13 PM INFO mip_v1 - print: Order 30 → Factory 6
04/25/2026 09:25:13 PM INFO mip_v1 - print:   Machine 1: completion time = 58.23
04/25/2026 09:25:13 PM INFO mip_v1 - print:   Machine 2: completion time = 69.79
04/25/2026 09:25:13 PM INFO mip_v1 - print:   Machine 3: completion time = 79.25
04/25/2026 09:25:13 PM INFO mip_v1 - print:   Machine 4: completion time = 91.07
04/25/2026 09:25:13 PM INFO mip_v1 - print:   Delivery: 92.67 (Deadline: 92.50, Delay: 0.17)
04/25/2026 09:25:13 PM INFO mip_v1 - print: 
04/25/2026 09:25:13 PM INFO mip_v1 - print: Order 31 → Factory 2
04/25/2026 09:25:13 PM INFO mip_v1 - print:   Machine 1: completion time = 30.00
04/25/2026 09:25:13 PM INFO mip_v1 - print:   Machine 2: completion time = 42.67
04/25/2026 09:25:13 PM INFO mip_v1 - print:   Machine 3: completion time = 52.92
04/25/2026 09:25:13 PM INFO mip_v1 - print:   Machine 4: completion time = 63.42
04/25/2026 09:25:13 PM INFO mip_v1 - print:   Delivery: 64.92 (Deadline: 66.90, Delay: 0.00)
04/25/2026 09:25:13 PM INFO mip_v1 - print: 
04/25/2026 09:25:13 PM INFO mip_v1 - print: Order 33 → Factory 5
04/25/2026 09:25:13 PM INFO mip_v1 - print:   Machine 1: completion time = 74.84
04/25/2026 09:25:13 PM INFO mip_v1 - print:   Machine 2: completion time = 86.91
04/25/2026 09:25:13 PM INFO mip_v1 - print:   Machine 3: completion time = 99.31
04/25/2026 09:25:13 PM INFO mip_v1 - print:   Delivery: 103.51 (Deadline: 105.00, Delay: 0.00)
04/25/2026 09:25:13 PM INFO mip_v1 - print: 
04/25/2026 09:25:13 PM INFO mip_v1 - print: Order 35 → Factory 5
04/25/2026 09:25:13 PM INFO mip_v1 - print:   Machine 1: completion time = 24.60
04/25/2026 09:25:13 PM INFO mip_v1 - print:   Machine 2: completion time = 39.47
04/25/2026 09:25:13 PM INFO mip_v1 - print:   Machine 3: completion time = 53.72
04/25/2026 09:25:13 PM INFO mip_v1 - print:   Delivery: 59.42 (Deadline: 87.90, Delay: 0.00)
04/25/2026 09:25:13 PM INFO mip_v1 - print: 
04/25/2026 09:25:13 PM INFO mip_v1 - print: Order 37 → Factory 5
04/25/2026 09:25:13 PM INFO mip_v1 - print:   Machine 1: completion time = 98.77
04/25/2026 09:25:13 PM INFO mip_v1 - print:   Machine 2: completion time = 108.12
04/25/2026 09:25:13 PM INFO mip_v1 - print:   Machine 3: completion time = 120.52
04/25/2026 09:25:13 PM INFO mip_v1 - print:   Delivery: 122.02 (Deadline: 123.60, Delay: 0.00)
04/25/2026 09:25:13 PM INFO mip_v1 - print: 
04/25/2026 09:25:13 PM INFO mip_v1 - print: Order 38 → Factory 7
04/25/2026 09:25:13 PM INFO mip_v1 - print:   Machine 1: completion time = 51.74
04/25/2026 09:25:13 PM INFO mip_v1 - print:   Machine 2: completion time = 63.99
04/25/2026 09:25:13 PM INFO mip_v1 - print:   Machine 3: completion time = 75.74
04/25/2026 09:25:13 PM INFO mip_v1 - print:   Delivery: 80.24 (Deadline: 102.80, Delay: 0.00)
04/25/2026 09:25:13 PM INFO mip_v1 - print: 
04/25/2026 09:25:13 PM INFO mip_v1 - print: Order 39 → Factory 2
04/25/2026 09:25:13 PM INFO mip_v1 - print:   Machine 1: completion time = 69.61
04/25/2026 09:25:13 PM INFO mip_v1 - print:   Machine 2: completion time = 84.65
04/25/2026 09:25:13 PM INFO mip_v1 - print:   Machine 3: completion time = 96.56
04/25/2026 09:25:13 PM INFO mip_v1 - print:   Machine 4: completion time = 106.60
04/25/2026 09:25:13 PM INFO mip_v1 - print:   Delivery: 107.60 (Deadline: 107.60, Delay: 0.00)
04/25/2026 09:25:13 PM INFO mip_v1 - print: 
04/25/2026 09:25:13 PM INFO mip_v1 - print: Order 41 → Factory 2
04/25/2026 09:25:13 PM INFO mip_v1 - print:   Machine 1: completion time = 49.11
04/25/2026 09:25:13 PM INFO mip_v1 - print:   Machine 2: completion time = 63.34
04/25/2026 09:25:13 PM INFO mip_v1 - print:   Machine 3: completion time = 71.86
04/25/2026 09:25:13 PM INFO mip_v1 - print:   Machine 4: completion time = 81.87
04/25/2026 09:25:13 PM INFO mip_v1 - print:   Delivery: 84.47 (Deadline: 83.20, Delay: 1.27)
04/25/2026 09:25:13 PM INFO mip_v1 - print: 
04/25/2026 09:25:13 PM INFO mip_v1 - print: Order 42 → Factory 7
04/25/2026 09:25:13 PM INFO mip_v1 - print:   Machine 1: completion time = 27.32
04/25/2026 09:25:13 PM INFO mip_v1 - print:   Machine 2: completion time = 39.54
04/25/2026 09:25:13 PM INFO mip_v1 - print:   Machine 3: completion time = 49.31
04/25/2026 09:25:13 PM INFO mip_v1 - print:   Delivery: 52.71 (Deadline: 79.40, Delay: 0.00)
04/25/2026 09:25:13 PM INFO mip_v1 - print: 
04/25/2026 09:25:13 PM INFO mip_v1 - print: Order 43 → Factory 6
04/25/2026 09:25:13 PM INFO mip_v1 - print:   Machine 1: completion time = 65.23
04/25/2026 09:25:13 PM INFO mip_v1 - print:   Machine 2: completion time = 77.24
04/25/2026 09:25:13 PM INFO mip_v1 - print:   Machine 3: completion time = 85.81
04/25/2026 09:25:13 PM INFO mip_v1 - print:   Machine 4: completion time = 104.30
04/25/2026 09:25:13 PM INFO mip_v1 - print:   Delivery: 107.20 (Deadline: 107.20, Delay: 0.00)
04/25/2026 09:25:13 PM INFO mip_v1 - print: 
04/25/2026 09:25:13 PM INFO mip_v1 - print: Order 44 → Factory 3
04/25/2026 09:25:13 PM INFO mip_v1 - print:   Machine 1: completion time = 21.62
04/25/2026 09:25:13 PM INFO mip_v1 - print:   Machine 2: completion time = 32.29
04/25/2026 09:25:13 PM INFO mip_v1 - print:   Machine 3: completion time = 38.59
04/25/2026 09:25:13 PM INFO mip_v1 - print:   Machine 4: completion time = 45.83
04/25/2026 09:25:13 PM INFO mip_v1 - print:   Machine 5: completion time = 51.68
04/25/2026 09:25:13 PM INFO mip_v1 - print:   Delivery: 55.98 (Deadline: 63.40, Delay: 0.00)
04/25/2026 09:25:13 PM INFO mip_v1 - print: 
04/25/2026 09:25:13 PM INFO mip_v1 - print: Order 48 → Factory 2
04/25/2026 09:25:13 PM INFO mip_v1 - print:   Machine 1: completion time = 18.66
04/25/2026 09:25:13 PM INFO mip_v1 - print:   Machine 2: completion time = 30.00
04/25/2026 09:25:13 PM INFO mip_v1 - print:   Machine 3: completion time = 40.78
04/25/2026 09:25:13 PM INFO mip_v1 - print:   Machine 4: completion time = 46.55
04/25/2026 09:25:13 PM INFO mip_v1 - print:   Delivery: 48.25 (Deadline: 53.60, Delay: 0.00)
04/25/2026 09:25:13 PM INFO mip_v1 - print: 
04/25/2026 09:25:13 PM INFO mip_v1 - print: Order 49 → Factory 3
04/25/2026 09:25:13 PM INFO mip_v1 - print:   Machine 1: completion time = 15.82
04/25/2026 09:25:13 PM INFO mip_v1 - print:   Machine 2: completion time = 26.36
04/25/2026 09:25:13 PM INFO mip_v1 - print:   Machine 3: completion time = 50.24
04/25/2026 09:25:13 PM INFO mip_v1 - print:   Machine 4: completion time = 62.00
04/25/2026 09:25:13 PM INFO mip_v1 - print:   Machine 5: completion time = 72.02
04/25/2026 09:25:13 PM INFO mip_v1 - print:   Delivery: 74.32 (Deadline: 80.00, Delay: 0.00)
04/25/2026 09:25:13 PM INFO mip_v1 - print: 
04/25/2026 09:25:13 PM INFO mip_v1 - print: Order 50 → Factory 6
04/25/2026 09:25:13 PM INFO mip_v1 - print:   Machine 1: completion time = 17.98
04/25/2026 09:25:13 PM INFO mip_v1 - print:   Machine 2: completion time = 28.53
04/25/2026 09:25:13 PM INFO mip_v1 - print:   Machine 3: completion time = 37.67
04/25/2026 09:25:13 PM INFO mip_v1 - print:   Machine 4: completion time = 49.81
04/25/2026 09:25:13 PM INFO mip_v1 - print:   Delivery: 54.91 (Deadline: 64.60, Delay: 0.00)
04/25/2026 09:25:13 PM INFO mip_v1 - print: 
04/25/2026 09:25:13 PM INFO mip_v1 - print: Order 51 → Factory 5
04/25/2026 09:25:13 PM INFO mip_v1 - print:   Machine 1: completion time = 86.91
04/25/2026 09:25:13 PM INFO mip_v1 - print:   Machine 2: completion time = 99.31
04/25/2026 09:25:13 PM INFO mip_v1 - print:   Machine 3: completion time = 111.10
04/25/2026 09:25:13 PM INFO mip_v1 - print:   Delivery: 114.40 (Deadline: 111.30, Delay: 3.10)
04/25/2026 09:25:13 PM INFO mip_v1 - print: 
04/25/2026 09:25:13 PM INFO mip_v1 - print: Order 53 → Factory 2
04/25/2026 09:25:13 PM INFO mip_v1 - print:   Machine 1: completion time = 58.52
04/25/2026 09:25:13 PM INFO mip_v1 - print:   Machine 2: completion time = 73.14
04/25/2026 09:25:13 PM INFO mip_v1 - print:   Machine 3: completion time = 81.59
04/25/2026 09:25:13 PM INFO mip_v1 - print:   Machine 4: completion time = 90.08
04/25/2026 09:25:13 PM INFO mip_v1 - print:   Delivery: 91.68 (Deadline: 101.50, Delay: 0.00)
04/25/2026 09:25:13 PM INFO mip_v1 - print: 
04/25/2026 09:25:13 PM INFO mip_v1 - print: Order 55 → Factory 7
04/25/2026 09:25:13 PM INFO mip_v1 - print:   Machine 1: completion time = 92.83
04/25/2026 09:25:13 PM INFO mip_v1 - print:   Machine 2: completion time = 106.74
04/25/2026 09:25:13 PM INFO mip_v1 - print:   Machine 3: completion time = 119.90
04/25/2026 09:25:13 PM INFO mip_v1 - print:   Delivery: 123.50 (Deadline: 123.50, Delay: 0.00)
04/25/2026 09:25:13 PM INFO mip_v1 - print: 
04/25/2026 09:25:13 PM INFO mip_v1 - print: ------------------------------------------------------------
04/25/2026 09:25:13 PM INFO mip_v1 - print: COST BREAKDOWN
04/25/2026 09:25:13 PM INFO mip_v1 - print: ------------------------------------------------------------
04/25/2026 09:25:13 PM INFO mip_v1 - print: Total Revenue:          +    52853.00
04/25/2026 09:25:13 PM INFO mip_v1 - print: Production Cost:        -    23391.12
04/25/2026 09:25:13 PM INFO mip_v1 - print: Transport Cost:         -     8263.65
04/25/2026 09:25:13 PM INFO mip_v1 - print: Delay Penalty:          -      293.43
04/25/2026 09:25:13 PM INFO mip_v1 - print: ------------------------------------------------------------
04/25/2026 09:25:13 PM INFO mip_v1 - print: Total Profit:           =    20904.80
