04/28/2026 10:15:06 AM INFO mip_v1 - setup_solver_logging: ================================================================================
04/28/2026 10:15:06 AM INFO mip_v1 - setup_solver_logging: Logging started. Log file: D:\Project_Code\Paper\DP_LBBD_1\DP_lbbd\Algorithm\Results\mip_v1\medium\exp_5f_35j_seed1\log\exp_5f_35j_seed1_running.log
04/28/2026 10:15:06 AM INFO mip_v1 - print: BigM calculated: 120.80000000000001
04/28/2026 10:15:06 AM INFO mip_v1 - print: Adding variables...
04/28/2026 10:15:06 AM INFO mip_v1 - print: Total variables: 22330
04/28/2026 10:15:06 AM INFO mip_v1 - print: Adding constraints...
04/28/2026 10:15:07 AM INFO mip_v1 - print: Total constraints: 44701
04/28/2026 10:15:07 AM INFO mip_v1 - print: Setting objective function...
04/28/2026 10:15:07 AM INFO mip_v1 - print: 
04/28/2026 10:15:07 AM INFO mip_v1 - print: ✓ Model LP written to: D:\Project_Code\Paper\DP_LBBD_1\DP_lbbd\Algorithm\MIP\production_model.lp
04/28/2026 10:15:07 AM INFO mip_v1 - print: 
04/28/2026 10:15:07 AM INFO mip_v1 - print: ============================================================
04/28/2026 10:15:07 AM INFO mip_v1 - print: Starting optimization...
04/28/2026 10:15:07 AM INFO mip_v1 - print: ============================================================
04/28/2026 10:15:07 AM INFO mip_v1 - print: Gurobi native log file: D:\Project_Code\Paper\DP_LBBD_1\DP_lbbd\Algorithm\Results\mip_v1\medium\exp_5f_35j_seed1\log\exp_5f_35j_seed1_gurobi.log
04/28/2026 10:45:08 AM INFO mip_v1 - print: 
04/28/2026 10:45:08 AM INFO mip_v1 - print: ============================================================
04/28/2026 10:45:08 AM INFO mip_v1 - print: SOLUTION SUMMARY
04/28/2026 10:45:08 AM INFO mip_v1 - print: ============================================================
04/28/2026 10:45:08 AM INFO mip_v1 - print: ⚠ Time limit reached, best solution found:
04/28/2026 10:45:08 AM INFO mip_v1 - print: 
04/28/2026 10:45:08 AM INFO mip_v1 - print: Objective Value (Total Profit): 11953.18
04/28/2026 10:45:08 AM INFO mip_v1 - print: MIP Gap: 25.88%
04/28/2026 10:45:08 AM INFO mip_v1 - print: 
04/28/2026 10:45:08 AM INFO mip_v1 - print: 📋 Accepted Orders (27/35): [1, 2, 4, 5, 6, 7, 8, 9, 11, 12, 13, 14, 15, 16, 17, 19, 21, 23, 24, 25, 28, 29, 30, 31, 32, 33, 35]
04/28/2026 10:45:08 AM INFO mip_v1 - print: 
04/28/2026 10:45:08 AM INFO mip_v1 - print: ------------------------------------------------------------
04/28/2026 10:45:08 AM INFO mip_v1 - print: ORDER ALLOCATION DETAILS
04/28/2026 10:45:08 AM INFO mip_v1 - print: ------------------------------------------------------------
04/28/2026 10:45:08 AM INFO mip_v1 - print: 
04/28/2026 10:45:08 AM INFO mip_v1 - print: Order 1 → Factory 1
04/28/2026 10:45:08 AM INFO mip_v1 - print:   Machine 1: completion time = 6.32
04/28/2026 10:45:08 AM INFO mip_v1 - print:   Machine 2: completion time = 11.96
04/28/2026 10:45:08 AM INFO mip_v1 - print:   Machine 3: completion time = 17.40
04/28/2026 10:45:08 AM INFO mip_v1 - print:   Machine 4: completion time = 23.18
04/28/2026 10:45:08 AM INFO mip_v1 - print:   Delivery: 24.98 (Deadline: 47.40, Delay: 0.00)
04/28/2026 10:45:08 AM INFO mip_v1 - print: 
04/28/2026 10:45:08 AM INFO mip_v1 - print: Order 2 → Factory 4
04/28/2026 10:45:08 AM INFO mip_v1 - print:   Machine 1: completion time = 20.53
04/28/2026 10:45:08 AM INFO mip_v1 - print:   Machine 2: completion time = 31.01
04/28/2026 10:45:08 AM INFO mip_v1 - print:   Machine 3: completion time = 36.72
04/28/2026 10:45:08 AM INFO mip_v1 - print:   Machine 4: completion time = 42.49
04/28/2026 10:45:08 AM INFO mip_v1 - print:   Delivery: 47.99 (Deadline: 61.60, Delay: 0.00)
04/28/2026 10:45:08 AM INFO mip_v1 - print: 
04/28/2026 10:45:08 AM INFO mip_v1 - print: Order 4 → Factory 1
04/28/2026 10:45:08 AM INFO mip_v1 - print:   Machine 1: completion time = 32.78
04/28/2026 10:45:08 AM INFO mip_v1 - print:   Machine 2: completion time = 41.75
04/28/2026 10:45:08 AM INFO mip_v1 - print:   Machine 3: completion time = 50.46
04/28/2026 10:45:08 AM INFO mip_v1 - print:   Machine 4: completion time = 58.60
04/28/2026 10:45:08 AM INFO mip_v1 - print:   Delivery: 65.90 (Deadline: 70.90, Delay: 0.00)
04/28/2026 10:45:08 AM INFO mip_v1 - print: 
04/28/2026 10:45:08 AM INFO mip_v1 - print: Order 5 → Factory 2
04/28/2026 10:45:08 AM INFO mip_v1 - print:   Machine 1: completion time = 50.03
04/28/2026 10:45:08 AM INFO mip_v1 - print:   Machine 2: completion time = 57.68
04/28/2026 10:45:08 AM INFO mip_v1 - print:   Machine 3: completion time = 67.53
04/28/2026 10:45:08 AM INFO mip_v1 - print:   Delivery: 71.43 (Deadline: 72.80, Delay: 0.00)
04/28/2026 10:45:08 AM INFO mip_v1 - print: 
04/28/2026 10:45:08 AM INFO mip_v1 - print: Order 6 → Factory 4
04/28/2026 10:45:08 AM INFO mip_v1 - print:   Machine 1: completion time = 38.49
04/28/2026 10:45:08 AM INFO mip_v1 - print:   Machine 2: completion time = 53.92
04/28/2026 10:45:08 AM INFO mip_v1 - print:   Machine 3: completion time = 68.64
04/28/2026 10:45:08 AM INFO mip_v1 - print:   Machine 4: completion time = 79.30
04/28/2026 10:45:08 AM INFO mip_v1 - print:   Delivery: 81.30 (Deadline: 81.30, Delay: 0.00)
04/28/2026 10:45:08 AM INFO mip_v1 - print: 
04/28/2026 10:45:08 AM INFO mip_v1 - print: Order 7 → Factory 2
04/28/2026 10:45:08 AM INFO mip_v1 - print:   Machine 1: completion time = 57.68
04/28/2026 10:45:08 AM INFO mip_v1 - print:   Machine 2: completion time = 67.53
04/28/2026 10:45:08 AM INFO mip_v1 - print:   Machine 3: completion time = 75.86
04/28/2026 10:45:08 AM INFO mip_v1 - print:   Delivery: 78.96 (Deadline: 79.40, Delay: 0.00)
04/28/2026 10:45:08 AM INFO mip_v1 - print: 
04/28/2026 10:45:08 AM INFO mip_v1 - print: Order 8 → Factory 4
04/28/2026 10:45:08 AM INFO mip_v1 - print:   Machine 1: completion time = 49.78
04/28/2026 10:45:08 AM INFO mip_v1 - print:   Machine 2: completion time = 72.43
04/28/2026 10:45:08 AM INFO mip_v1 - print:   Machine 3: completion time = 84.75
04/28/2026 10:45:08 AM INFO mip_v1 - print:   Machine 4: completion time = 96.40
04/28/2026 10:45:08 AM INFO mip_v1 - print:   Delivery: 102.40 (Deadline: 102.40, Delay: 0.00)
04/28/2026 10:45:08 AM INFO mip_v1 - print: 
04/28/2026 10:45:08 AM INFO mip_v1 - print: Order 9 → Factory 2
04/28/2026 10:45:08 AM INFO mip_v1 - print:   Machine 1: completion time = 21.96
04/28/2026 10:45:08 AM INFO mip_v1 - print:   Machine 2: completion time = 28.63
04/28/2026 10:45:08 AM INFO mip_v1 - print:   Machine 3: completion time = 36.89
04/28/2026 10:45:08 AM INFO mip_v1 - print:   Delivery: 40.49 (Deadline: 54.40, Delay: 0.00)
04/28/2026 10:45:08 AM INFO mip_v1 - print: 
04/28/2026 10:45:08 AM INFO mip_v1 - print: Order 11 → Factory 2
04/28/2026 10:45:08 AM INFO mip_v1 - print:   Machine 1: completion time = 34.70
04/28/2026 10:45:08 AM INFO mip_v1 - print:   Machine 2: completion time = 42.28
04/28/2026 10:45:08 AM INFO mip_v1 - print:   Machine 3: completion time = 51.37
04/28/2026 10:45:08 AM INFO mip_v1 - print:   Delivery: 55.07 (Deadline: 64.50, Delay: 0.00)
04/28/2026 10:45:08 AM INFO mip_v1 - print: 
04/28/2026 10:45:08 AM INFO mip_v1 - print: Order 12 → Factory 4
04/28/2026 10:45:08 AM INFO mip_v1 - print:   Machine 1: completion time = 30.10
04/28/2026 10:45:08 AM INFO mip_v1 - print:   Machine 2: completion time = 43.60
04/28/2026 10:45:08 AM INFO mip_v1 - print:   Machine 3: completion time = 53.41
04/28/2026 10:45:08 AM INFO mip_v1 - print:   Machine 4: completion time = 63.77
04/28/2026 10:45:08 AM INFO mip_v1 - print:   Delivery: 69.37 (Deadline: 68.60, Delay: 0.77)
04/28/2026 10:45:08 AM INFO mip_v1 - print: 
04/28/2026 10:45:08 AM INFO mip_v1 - print: Order 13 → Factory 2
04/28/2026 10:45:08 AM INFO mip_v1 - print:   Machine 1: completion time = 15.35
04/28/2026 10:45:08 AM INFO mip_v1 - print:   Machine 2: completion time = 21.72
04/28/2026 10:45:08 AM INFO mip_v1 - print:   Machine 3: completion time = 29.24
04/28/2026 10:45:08 AM INFO mip_v1 - print:   Delivery: 32.04 (Deadline: 58.70, Delay: 0.00)
04/28/2026 10:45:08 AM INFO mip_v1 - print: 
04/28/2026 10:45:08 AM INFO mip_v1 - print: Order 14 → Factory 3
04/28/2026 10:45:08 AM INFO mip_v1 - print:   Machine 1: completion time = 32.57
04/28/2026 10:45:08 AM INFO mip_v1 - print:   Machine 2: completion time = 41.73
04/28/2026 10:45:08 AM INFO mip_v1 - print:   Machine 3: completion time = 51.11
04/28/2026 10:45:08 AM INFO mip_v1 - print:   Delivery: 55.91 (Deadline: 70.00, Delay: 0.00)
04/28/2026 10:45:08 AM INFO mip_v1 - print: 
04/28/2026 10:45:08 AM INFO mip_v1 - print: Order 15 → Factory 2
04/28/2026 10:45:08 AM INFO mip_v1 - print:   Machine 1: completion time = 8.36
04/28/2026 10:45:08 AM INFO mip_v1 - print:   Machine 2: completion time = 14.17
04/28/2026 10:45:08 AM INFO mip_v1 - print:   Machine 3: completion time = 20.95
04/28/2026 10:45:08 AM INFO mip_v1 - print:   Delivery: 23.25 (Deadline: 45.20, Delay: 0.00)
04/28/2026 10:45:08 AM INFO mip_v1 - print: 
04/28/2026 10:45:08 AM INFO mip_v1 - print: Order 16 → Factory 4
04/28/2026 10:45:08 AM INFO mip_v1 - print:   Machine 1: completion time = 15.13
04/28/2026 10:45:08 AM INFO mip_v1 - print:   Machine 2: completion time = 23.92
04/28/2026 10:45:08 AM INFO mip_v1 - print:   Machine 3: completion time = 31.14
04/28/2026 10:45:08 AM INFO mip_v1 - print:   Machine 4: completion time = 52.90
04/28/2026 10:45:08 AM INFO mip_v1 - print:   Delivery: 54.40 (Deadline: 54.40, Delay: 0.00)
04/28/2026 10:45:08 AM INFO mip_v1 - print: 
04/28/2026 10:45:08 AM INFO mip_v1 - print: Order 17 → Factory 1
04/28/2026 10:45:08 AM INFO mip_v1 - print:   Machine 1: completion time = 46.03
04/28/2026 10:45:08 AM INFO mip_v1 - print:   Machine 2: completion time = 67.15
04/28/2026 10:45:08 AM INFO mip_v1 - print:   Machine 3: completion time = 74.47
04/28/2026 10:45:08 AM INFO mip_v1 - print:   Machine 4: completion time = 82.20
04/28/2026 10:45:08 AM INFO mip_v1 - print:   Delivery: 83.90 (Deadline: 83.90, Delay: 0.00)
04/28/2026 10:45:08 AM INFO mip_v1 - print: 
04/28/2026 10:45:08 AM INFO mip_v1 - print: Order 19 → Factory 3
04/28/2026 10:45:08 AM INFO mip_v1 - print:   Machine 1: completion time = 21.53
04/28/2026 10:45:08 AM INFO mip_v1 - print:   Machine 2: completion time = 30.78
04/28/2026 10:45:08 AM INFO mip_v1 - print:   Machine 3: completion time = 40.03
04/28/2026 10:45:08 AM INFO mip_v1 - print:   Delivery: 44.13 (Deadline: 54.70, Delay: 0.00)
04/28/2026 10:45:08 AM INFO mip_v1 - print: 
04/28/2026 10:45:08 AM INFO mip_v1 - print: Order 21 → Factory 3
04/28/2026 10:45:08 AM INFO mip_v1 - print:   Machine 1: completion time = 68.72
04/28/2026 10:45:08 AM INFO mip_v1 - print:   Machine 2: completion time = 81.45
04/28/2026 10:45:08 AM INFO mip_v1 - print:   Machine 3: completion time = 93.34
04/28/2026 10:45:08 AM INFO mip_v1 - print:   Delivery: 97.34 (Deadline: 97.00, Delay: 0.34)
04/28/2026 10:45:08 AM INFO mip_v1 - print: 
04/28/2026 10:45:08 AM INFO mip_v1 - print: Order 23 → Factory 1
04/28/2026 10:45:08 AM INFO mip_v1 - print:   Machine 1: completion time = 17.32
04/28/2026 10:45:08 AM INFO mip_v1 - print:   Machine 2: completion time = 23.72
04/28/2026 10:45:08 AM INFO mip_v1 - print:   Machine 3: completion time = 30.06
04/28/2026 10:45:08 AM INFO mip_v1 - print:   Machine 4: completion time = 36.72
04/28/2026 10:45:08 AM INFO mip_v1 - print:   Delivery: 42.82 (Deadline: 56.30, Delay: 0.00)
04/28/2026 10:45:08 AM INFO mip_v1 - print: 
04/28/2026 10:45:08 AM INFO mip_v1 - print: Order 24 → Factory 1
04/28/2026 10:45:08 AM INFO mip_v1 - print:   Machine 1: completion time = 51.22
04/28/2026 10:45:08 AM INFO mip_v1 - print:   Machine 2: completion time = 58.79
04/28/2026 10:45:08 AM INFO mip_v1 - print:   Machine 3: completion time = 64.81
04/28/2026 10:45:08 AM INFO mip_v1 - print:   Machine 4: completion time = 70.63
04/28/2026 10:45:08 AM INFO mip_v1 - print:   Delivery: 75.73 (Deadline: 74.70, Delay: 1.03)
04/28/2026 10:45:08 AM INFO mip_v1 - print: 
04/28/2026 10:45:08 AM INFO mip_v1 - print: Order 25 → Factory 1
04/28/2026 10:45:08 AM INFO mip_v1 - print:   Machine 1: completion time = 24.57
04/28/2026 10:45:08 AM INFO mip_v1 - print:   Machine 2: completion time = 31.27
04/28/2026 10:45:08 AM INFO mip_v1 - print:   Machine 3: completion time = 38.11
04/28/2026 10:45:08 AM INFO mip_v1 - print:   Machine 4: completion time = 44.63
04/28/2026 10:45:08 AM INFO mip_v1 - print:   Delivery: 48.83 (Deadline: 59.10, Delay: 0.00)
04/28/2026 10:45:08 AM INFO mip_v1 - print: 
04/28/2026 10:45:08 AM INFO mip_v1 - print: Order 28 → Factory 5
04/28/2026 10:45:08 AM INFO mip_v1 - print:   Machine 1: completion time = 22.96
04/28/2026 10:45:08 AM INFO mip_v1 - print:   Machine 2: completion time = 36.79
04/28/2026 10:45:08 AM INFO mip_v1 - print:   Machine 3: completion time = 50.85
04/28/2026 10:45:08 AM INFO mip_v1 - print:   Machine 4: completion time = 63.90
04/28/2026 10:45:08 AM INFO mip_v1 - print:   Delivery: 66.50 (Deadline: 66.30, Delay: 0.20)
04/28/2026 10:45:08 AM INFO mip_v1 - print: 
04/28/2026 10:45:08 AM INFO mip_v1 - print: Order 29 → Factory 3
04/28/2026 10:45:08 AM INFO mip_v1 - print:   Machine 1: completion time = 46.47
04/28/2026 10:45:08 AM INFO mip_v1 - print:   Machine 2: completion time = 58.14
04/28/2026 10:45:08 AM INFO mip_v1 - print:   Machine 3: completion time = 69.84
04/28/2026 10:45:08 AM INFO mip_v1 - print:   Delivery: 72.24 (Deadline: 75.70, Delay: 0.00)
04/28/2026 10:45:08 AM INFO mip_v1 - print: 
04/28/2026 10:45:08 AM INFO mip_v1 - print: Order 30 → Factory 2
04/28/2026 10:45:08 AM INFO mip_v1 - print:   Machine 1: completion time = 29.73
04/28/2026 10:45:08 AM INFO mip_v1 - print:   Machine 2: completion time = 37.43
04/28/2026 10:45:08 AM INFO mip_v1 - print:   Machine 3: completion time = 45.87
04/28/2026 10:45:08 AM INFO mip_v1 - print:   Delivery: 49.57 (Deadline: 67.90, Delay: 0.00)
04/28/2026 10:45:08 AM INFO mip_v1 - print: 
04/28/2026 10:45:08 AM INFO mip_v1 - print: Order 31 → Factory 2
04/28/2026 10:45:08 AM INFO mip_v1 - print:   Machine 1: completion time = 43.41
04/28/2026 10:45:08 AM INFO mip_v1 - print:   Machine 2: completion time = 51.37
04/28/2026 10:45:08 AM INFO mip_v1 - print:   Machine 3: completion time = 60.96
04/28/2026 10:45:08 AM INFO mip_v1 - print:   Delivery: 64.46 (Deadline: 64.80, Delay: 0.00)
04/28/2026 10:45:08 AM INFO mip_v1 - print: 
04/28/2026 10:45:08 AM INFO mip_v1 - print: Order 32 → Factory 1
04/28/2026 10:45:08 AM INFO mip_v1 - print:   Machine 1: completion time = 38.73
04/28/2026 10:45:08 AM INFO mip_v1 - print:   Machine 2: completion time = 48.12
04/28/2026 10:45:08 AM INFO mip_v1 - print:   Machine 3: completion time = 57.02
04/28/2026 10:45:08 AM INFO mip_v1 - print:   Machine 4: completion time = 64.81
04/28/2026 10:45:08 AM INFO mip_v1 - print:   Delivery: 68.21 (Deadline: 71.20, Delay: 0.00)
04/28/2026 10:45:08 AM INFO mip_v1 - print: 
04/28/2026 10:45:08 AM INFO mip_v1 - print: Order 33 → Factory 2
04/28/2026 10:45:08 AM INFO mip_v1 - print:   Machine 1: completion time = 66.50
04/28/2026 10:45:08 AM INFO mip_v1 - print:   Machine 2: completion time = 75.86
04/28/2026 10:45:08 AM INFO mip_v1 - print:   Machine 3: completion time = 84.28
04/28/2026 10:45:08 AM INFO mip_v1 - print:   Delivery: 89.48 (Deadline: 89.30, Delay: 0.18)
04/28/2026 10:45:08 AM INFO mip_v1 - print: 
04/28/2026 10:45:08 AM INFO mip_v1 - print: Order 35 → Factory 3
04/28/2026 10:45:08 AM INFO mip_v1 - print:   Machine 1: completion time = 54.64
04/28/2026 10:45:08 AM INFO mip_v1 - print:   Machine 2: completion time = 64.56
04/28/2026 10:45:08 AM INFO mip_v1 - print:   Machine 3: completion time = 76.68
04/28/2026 10:45:08 AM INFO mip_v1 - print:   Delivery: 78.08 (Deadline: 81.80, Delay: 0.00)
04/28/2026 10:45:08 AM INFO mip_v1 - print: 
04/28/2026 10:45:08 AM INFO mip_v1 - print: ------------------------------------------------------------
04/28/2026 10:45:08 AM INFO mip_v1 - print: COST BREAKDOWN
04/28/2026 10:45:08 AM INFO mip_v1 - print: ------------------------------------------------------------
04/28/2026 10:45:08 AM INFO mip_v1 - print: Total Revenue:          +    29792.00
04/28/2026 10:45:08 AM INFO mip_v1 - print: Production Cost:        -    12217.19
04/28/2026 10:45:08 AM INFO mip_v1 - print: Transport Cost:         -     5462.65
04/28/2026 10:45:08 AM INFO mip_v1 - print: Delay Penalty:          -      158.97
04/28/2026 10:45:08 AM INFO mip_v1 - print: ------------------------------------------------------------
04/28/2026 10:45:08 AM INFO mip_v1 - print: Total Profit:           =    11953.18
