05/04/2026 04:41:38 AM INFO mip_v1 - setup_solver_logging: ================================================================================
05/04/2026 04:41:38 AM INFO mip_v1 - setup_solver_logging: Logging started. Log file: D:\Project_Code\Paper\DP_LBBD_1\DP_lbbd\Algorithm\Results\mip_v1\xlarge\exp_10f_120j_seed3\log\exp_10f_120j_seed3_running.log
05/04/2026 04:41:38 AM INFO mip_v1 - print: BigM calculated: 212.9
05/04/2026 04:41:38 AM INFO mip_v1 - print: Adding variables...
05/04/2026 04:41:40 AM INFO mip_v1 - print: Total variables: 548760
05/04/2026 04:41:40 AM INFO mip_v1 - print: Adding constraints...
05/04/2026 04:41:55 AM INFO mip_v1 - print: Total constraints: 1098084
05/04/2026 04:41:55 AM INFO mip_v1 - print: Setting objective function...
05/04/2026 04:41:59 AM INFO mip_v1 - print: 
05/04/2026 04:41:59 AM INFO mip_v1 - print: ✓ Model LP written to: D:\Project_Code\Paper\DP_LBBD_1\DP_lbbd\Algorithm\MIP\production_model.lp
05/04/2026 04:41:59 AM INFO mip_v1 - print: 
05/04/2026 04:41:59 AM INFO mip_v1 - print: ============================================================
05/04/2026 04:41:59 AM INFO mip_v1 - print: Starting optimization...
05/04/2026 04:41:59 AM INFO mip_v1 - print: ============================================================
05/04/2026 04:41:59 AM INFO mip_v1 - print: Gurobi native log file: D:\Project_Code\Paper\DP_LBBD_1\DP_lbbd\Algorithm\Results\mip_v1\xlarge\exp_10f_120j_seed3\log\exp_10f_120j_seed3_gurobi.log
05/04/2026 05:42:26 AM INFO mip_v1 - print: 
05/04/2026 05:42:26 AM INFO mip_v1 - print: ============================================================
05/04/2026 05:42:26 AM INFO mip_v1 - print: SOLUTION SUMMARY
05/04/2026 05:42:26 AM INFO mip_v1 - print: ============================================================
05/04/2026 05:42:26 AM INFO mip_v1 - print: ⚠ Time limit reached, best solution found:
05/04/2026 05:42:26 AM INFO mip_v1 - print: 
05/04/2026 05:42:26 AM INFO mip_v1 - print: Objective Value (Total Profit): 37138.16
05/04/2026 05:42:26 AM INFO mip_v1 - print: MIP Gap: 45.62%
05/04/2026 05:42:26 AM INFO mip_v1 - print: 
05/04/2026 05:42:26 AM INFO mip_v1 - print: 📋 Accepted Orders (83/120): [1, 4, 6, 7, 8, 9, 12, 13, 14, 15, 16, 17, 18, 19, 21, 22, 23, 24, 25, 26, 27, 28, 29, 30, 32, 33, 34, 35, 36, 38, 39, 42, 43, 45, 46, 48, 49, 51, 52, 53, 54, 55, 56, 57, 58, 59, 60, 62, 63, 64, 66, 67, 69, 70, 76, 77, 79, 80, 81, 82, 84, 85, 86, 87, 88, 91, 93, 94, 95, 96, 97, 98, 99, 100, 103, 104, 106, 109, 110, 111, 114, 117, 118]
05/04/2026 05:42:26 AM INFO mip_v1 - print: 
05/04/2026 05:42:26 AM INFO mip_v1 - print: ------------------------------------------------------------
05/04/2026 05:42:26 AM INFO mip_v1 - print: ORDER ALLOCATION DETAILS
05/04/2026 05:42:26 AM INFO mip_v1 - print: ------------------------------------------------------------
05/04/2026 05:42:26 AM INFO mip_v1 - print: 
05/04/2026 05:42:26 AM INFO mip_v1 - print: Order 1 → Factory 3
05/04/2026 05:42:26 AM INFO mip_v1 - print:   Machine 1: completion time = 106.26
05/04/2026 05:42:26 AM INFO mip_v1 - print:   Machine 2: completion time = 112.58
05/04/2026 05:42:26 AM INFO mip_v1 - print:   Machine 3: completion time = 119.14
05/04/2026 05:42:26 AM INFO mip_v1 - print:   Machine 4: completion time = 126.69
05/04/2026 05:42:26 AM INFO mip_v1 - print:   Delivery: 130.29 (Deadline: 141.50, Delay: 0.00)
05/04/2026 05:42:26 AM INFO mip_v1 - print: 
05/04/2026 05:42:26 AM INFO mip_v1 - print: Order 4 → Factory 5
05/04/2026 05:42:26 AM INFO mip_v1 - print:   Machine 1: completion time = 118.84
05/04/2026 05:42:26 AM INFO mip_v1 - print:   Machine 2: completion time = 132.66
05/04/2026 05:42:26 AM INFO mip_v1 - print:   Machine 3: completion time = 159.50
05/04/2026 05:42:26 AM INFO mip_v1 - print:   Delivery: 165.70 (Deadline: 169.00, Delay: 0.00)
05/04/2026 05:42:26 AM INFO mip_v1 - print: 
05/04/2026 05:42:26 AM INFO mip_v1 - print: Order 6 → Factory 1
05/04/2026 05:42:26 AM INFO mip_v1 - print:   Machine 1: completion time = 90.50
05/04/2026 05:42:26 AM INFO mip_v1 - print:   Machine 2: completion time = 101.07
05/04/2026 05:42:26 AM INFO mip_v1 - print:   Machine 3: completion time = 108.96
05/04/2026 05:42:26 AM INFO mip_v1 - print:   Machine 4: completion time = 116.11
05/04/2026 05:42:26 AM INFO mip_v1 - print:   Machine 5: completion time = 122.46
05/04/2026 05:42:26 AM INFO mip_v1 - print:   Delivery: 125.56 (Deadline: 125.20, Delay: 0.36)
05/04/2026 05:42:26 AM INFO mip_v1 - print: 
05/04/2026 05:42:26 AM INFO mip_v1 - print: Order 7 → Factory 10
05/04/2026 05:42:26 AM INFO mip_v1 - print:   Machine 1: completion time = 30.21
05/04/2026 05:42:26 AM INFO mip_v1 - print:   Machine 2: completion time = 41.21
05/04/2026 05:42:26 AM INFO mip_v1 - print:   Machine 3: completion time = 52.22
05/04/2026 05:42:26 AM INFO mip_v1 - print:   Machine 4: completion time = 63.50
05/04/2026 05:42:26 AM INFO mip_v1 - print:   Delivery: 66.50 (Deadline: 66.50, Delay: 0.00)
05/04/2026 05:42:26 AM INFO mip_v1 - print: 
05/04/2026 05:42:26 AM INFO mip_v1 - print: Order 8 → Factory 5
05/04/2026 05:42:26 AM INFO mip_v1 - print:   Machine 1: completion time = 80.03
05/04/2026 05:42:26 AM INFO mip_v1 - print:   Machine 2: completion time = 90.29
05/04/2026 05:42:26 AM INFO mip_v1 - print:   Machine 3: completion time = 111.53
05/04/2026 05:42:26 AM INFO mip_v1 - print:   Delivery: 112.93 (Deadline: 131.80, Delay: 0.00)
05/04/2026 05:42:26 AM INFO mip_v1 - print: 
05/04/2026 05:42:26 AM INFO mip_v1 - print: Order 9 → Factory 4
05/04/2026 05:42:26 AM INFO mip_v1 - print:   Machine 1: completion time = 30.24
05/04/2026 05:42:26 AM INFO mip_v1 - print:   Machine 2: completion time = 40.47
05/04/2026 05:42:26 AM INFO mip_v1 - print:   Machine 3: completion time = 54.72
05/04/2026 05:42:26 AM INFO mip_v1 - print:   Delivery: 56.92 (Deadline: 62.80, Delay: 0.00)
05/04/2026 05:42:26 AM INFO mip_v1 - print: 
05/04/2026 05:42:26 AM INFO mip_v1 - print: Order 12 → Factory 7
05/04/2026 05:42:26 AM INFO mip_v1 - print:   Machine 1: completion time = 32.61
05/04/2026 05:42:26 AM INFO mip_v1 - print:   Machine 2: completion time = 46.64
05/04/2026 05:42:26 AM INFO mip_v1 - print:   Machine 3: completion time = 58.60
05/04/2026 05:42:26 AM INFO mip_v1 - print:   Machine 4: completion time = 70.95
05/04/2026 05:42:26 AM INFO mip_v1 - print:   Delivery: 72.85 (Deadline: 89.30, Delay: 0.00)
05/04/2026 05:42:26 AM INFO mip_v1 - print: 
05/04/2026 05:42:26 AM INFO mip_v1 - print: Order 13 → Factory 4
05/04/2026 05:42:26 AM INFO mip_v1 - print:   Machine 1: completion time = 65.78
05/04/2026 05:42:26 AM INFO mip_v1 - print:   Machine 2: completion time = 74.97
05/04/2026 05:42:26 AM INFO mip_v1 - print:   Machine 3: completion time = 89.57
05/04/2026 05:42:26 AM INFO mip_v1 - print:   Delivery: 95.87 (Deadline: 111.00, Delay: 0.00)
05/04/2026 05:42:26 AM INFO mip_v1 - print: 
05/04/2026 05:42:26 AM INFO mip_v1 - print: Order 14 → Factory 1
05/04/2026 05:42:26 AM INFO mip_v1 - print:   Machine 1: completion time = 44.87
05/04/2026 05:42:26 AM INFO mip_v1 - print:   Machine 2: completion time = 53.41
05/04/2026 05:42:26 AM INFO mip_v1 - print:   Machine 3: completion time = 62.86
05/04/2026 05:42:26 AM INFO mip_v1 - print:   Machine 4: completion time = 71.94
05/04/2026 05:42:26 AM INFO mip_v1 - print:   Machine 5: completion time = 85.65
05/04/2026 05:42:26 AM INFO mip_v1 - print:   Delivery: 89.35 (Deadline: 93.90, Delay: 0.00)
05/04/2026 05:42:26 AM INFO mip_v1 - print: 
05/04/2026 05:42:26 AM INFO mip_v1 - print: Order 15 → Factory 4
05/04/2026 05:42:26 AM INFO mip_v1 - print:   Machine 1: completion time = 48.54
05/04/2026 05:42:26 AM INFO mip_v1 - print:   Machine 2: completion time = 58.22
05/04/2026 05:42:26 AM INFO mip_v1 - print:   Machine 3: completion time = 72.22
05/04/2026 05:42:26 AM INFO mip_v1 - print:   Delivery: 77.22 (Deadline: 95.90, Delay: 0.00)
05/04/2026 05:42:26 AM INFO mip_v1 - print: 
05/04/2026 05:42:26 AM INFO mip_v1 - print: Order 16 → Factory 10
05/04/2026 05:42:26 AM INFO mip_v1 - print:   Machine 1: completion time = 145.04
05/04/2026 05:42:26 AM INFO mip_v1 - print:   Machine 2: completion time = 154.77
05/04/2026 05:42:26 AM INFO mip_v1 - print:   Machine 3: completion time = 164.80
05/04/2026 05:42:26 AM INFO mip_v1 - print:   Machine 4: completion time = 179.50
05/04/2026 05:42:26 AM INFO mip_v1 - print:   Delivery: 182.40 (Deadline: 182.40, Delay: 0.00)
05/04/2026 05:42:26 AM INFO mip_v1 - print: 
05/04/2026 05:42:26 AM INFO mip_v1 - print: Order 17 → Factory 10
05/04/2026 05:42:26 AM INFO mip_v1 - print:   Machine 1: completion time = 58.89
05/04/2026 05:42:26 AM INFO mip_v1 - print:   Machine 2: completion time = 69.30
05/04/2026 05:42:26 AM INFO mip_v1 - print:   Machine 3: completion time = 80.87
05/04/2026 05:42:26 AM INFO mip_v1 - print:   Machine 4: completion time = 92.15
05/04/2026 05:42:26 AM INFO mip_v1 - print:   Delivery: 94.65 (Deadline: 97.50, Delay: 0.00)
05/04/2026 05:42:26 AM INFO mip_v1 - print: 
05/04/2026 05:42:26 AM INFO mip_v1 - print: Order 18 → Factory 5
05/04/2026 05:42:26 AM INFO mip_v1 - print:   Machine 1: completion time = 60.89
05/04/2026 05:42:26 AM INFO mip_v1 - print:   Machine 2: completion time = 69.84
05/04/2026 05:42:26 AM INFO mip_v1 - print:   Machine 3: completion time = 90.78
05/04/2026 05:42:26 AM INFO mip_v1 - print:   Delivery: 93.78 (Deadline: 102.10, Delay: 0.00)
05/04/2026 05:42:26 AM INFO mip_v1 - print: 
05/04/2026 05:42:26 AM INFO mip_v1 - print: Order 19 → Factory 4
05/04/2026 05:42:26 AM INFO mip_v1 - print:   Machine 1: completion time = 76.74
05/04/2026 05:42:26 AM INFO mip_v1 - print:   Machine 2: completion time = 86.24
05/04/2026 05:42:26 AM INFO mip_v1 - print:   Machine 3: completion time = 100.01
05/04/2026 05:42:26 AM INFO mip_v1 - print:   Delivery: 108.21 (Deadline: 125.00, Delay: 0.00)
05/04/2026 05:42:26 AM INFO mip_v1 - print: 
05/04/2026 05:42:26 AM INFO mip_v1 - print: Order 21 → Factory 1
05/04/2026 05:42:26 AM INFO mip_v1 - print:   Machine 1: completion time = 73.72
05/04/2026 05:42:26 AM INFO mip_v1 - print:   Machine 2: completion time = 84.91
05/04/2026 05:42:26 AM INFO mip_v1 - print:   Machine 3: completion time = 92.86
05/04/2026 05:42:26 AM INFO mip_v1 - print:   Machine 4: completion time = 101.03
05/04/2026 05:42:26 AM INFO mip_v1 - print:   Machine 5: completion time = 116.11
05/04/2026 05:42:26 AM INFO mip_v1 - print:   Delivery: 118.21 (Deadline: 118.90, Delay: 0.00)
05/04/2026 05:42:26 AM INFO mip_v1 - print: 
05/04/2026 05:42:26 AM INFO mip_v1 - print: Order 22 → Factory 2
05/04/2026 05:42:26 AM INFO mip_v1 - print:   Machine 1: completion time = 62.96
05/04/2026 05:42:26 AM INFO mip_v1 - print:   Machine 2: completion time = 72.47
05/04/2026 05:42:26 AM INFO mip_v1 - print:   Machine 3: completion time = 80.92
05/04/2026 05:42:26 AM INFO mip_v1 - print:   Delivery: 88.82 (Deadline: 111.30, Delay: 0.00)
05/04/2026 05:42:26 AM INFO mip_v1 - print: 
05/04/2026 05:42:26 AM INFO mip_v1 - print: Order 23 → Factory 2
05/04/2026 05:42:26 AM INFO mip_v1 - print:   Machine 1: completion time = 106.32
05/04/2026 05:42:26 AM INFO mip_v1 - print:   Machine 2: completion time = 117.17
05/04/2026 05:42:26 AM INFO mip_v1 - print:   Machine 3: completion time = 126.67
05/04/2026 05:42:26 AM INFO mip_v1 - print:   Delivery: 127.07 (Deadline: 149.40, Delay: 0.00)
05/04/2026 05:42:26 AM INFO mip_v1 - print: 
05/04/2026 05:42:26 AM INFO mip_v1 - print: Order 24 → Factory 1
05/04/2026 05:42:26 AM INFO mip_v1 - print:   Machine 1: completion time = 10.05
05/04/2026 05:42:26 AM INFO mip_v1 - print:   Machine 2: completion time = 15.37
05/04/2026 05:42:26 AM INFO mip_v1 - print:   Machine 3: completion time = 21.15
05/04/2026 05:42:26 AM INFO mip_v1 - print:   Machine 4: completion time = 27.05
05/04/2026 05:42:26 AM INFO mip_v1 - print:   Machine 5: completion time = 32.22
05/04/2026 05:42:26 AM INFO mip_v1 - print:   Delivery: 34.22 (Deadline: 42.70, Delay: 0.00)
05/04/2026 05:42:26 AM INFO mip_v1 - print: 
05/04/2026 05:42:26 AM INFO mip_v1 - print: Order 25 → Factory 10
05/04/2026 05:42:26 AM INFO mip_v1 - print:   Machine 1: completion time = 18.07
05/04/2026 05:42:26 AM INFO mip_v1 - print:   Machine 2: completion time = 27.83
05/04/2026 05:42:26 AM INFO mip_v1 - print:   Machine 3: completion time = 37.62
05/04/2026 05:42:26 AM INFO mip_v1 - print:   Machine 4: completion time = 47.41
05/04/2026 05:42:26 AM INFO mip_v1 - print:   Delivery: 49.71 (Deadline: 58.20, Delay: 0.00)
05/04/2026 05:42:26 AM INFO mip_v1 - print: 
05/04/2026 05:42:26 AM INFO mip_v1 - print: Order 26 → Factory 7
05/04/2026 05:42:26 AM INFO mip_v1 - print:   Machine 1: completion time = 56.13
05/04/2026 05:42:26 AM INFO mip_v1 - print:   Machine 2: completion time = 70.76
05/04/2026 05:42:26 AM INFO mip_v1 - print:   Machine 3: completion time = 80.63
05/04/2026 05:42:26 AM INFO mip_v1 - print:   Machine 4: completion time = 92.10
05/04/2026 05:42:26 AM INFO mip_v1 - print:   Delivery: 95.90 (Deadline: 105.00, Delay: 0.00)
05/04/2026 05:42:26 AM INFO mip_v1 - print: 
05/04/2026 05:42:26 AM INFO mip_v1 - print: Order 27 → Factory 9
05/04/2026 05:42:26 AM INFO mip_v1 - print:   Machine 1: completion time = 41.58
05/04/2026 05:42:26 AM INFO mip_v1 - print:   Machine 2: completion time = 50.33
05/04/2026 05:42:26 AM INFO mip_v1 - print:   Machine 3: completion time = 60.41
05/04/2026 05:42:26 AM INFO mip_v1 - print:   Machine 4: completion time = 70.30
05/04/2026 05:42:26 AM INFO mip_v1 - print:   Machine 5: completion time = 85.95
05/04/2026 05:42:26 AM INFO mip_v1 - print:   Delivery: 88.15 (Deadline: 107.20, Delay: 0.00)
05/04/2026 05:42:26 AM INFO mip_v1 - print: 
05/04/2026 05:42:26 AM INFO mip_v1 - print: Order 28 → Factory 4
05/04/2026 05:42:26 AM INFO mip_v1 - print:   Machine 1: completion time = 11.47
05/04/2026 05:42:26 AM INFO mip_v1 - print:   Machine 2: completion time = 20.49
05/04/2026 05:42:26 AM INFO mip_v1 - print:   Machine 3: completion time = 30.01
05/04/2026 05:42:26 AM INFO mip_v1 - print:   Delivery: 30.71 (Deadline: 50.50, Delay: 0.00)
05/04/2026 05:42:26 AM INFO mip_v1 - print: 
05/04/2026 05:42:26 AM INFO mip_v1 - print: Order 29 → Factory 5
05/04/2026 05:42:26 AM INFO mip_v1 - print:   Machine 1: completion time = 25.29
05/04/2026 05:42:26 AM INFO mip_v1 - print:   Machine 2: completion time = 32.32
05/04/2026 05:42:26 AM INFO mip_v1 - print:   Machine 3: completion time = 38.81
05/04/2026 05:42:26 AM INFO mip_v1 - print:   Delivery: 45.01 (Deadline: 70.40, Delay: 0.00)
05/04/2026 05:42:26 AM INFO mip_v1 - print: 
05/04/2026 05:42:26 AM INFO mip_v1 - print: Order 30 → Factory 7
05/04/2026 05:42:26 AM INFO mip_v1 - print:   Machine 1: completion time = 67.02
05/04/2026 05:42:26 AM INFO mip_v1 - print:   Machine 2: completion time = 81.83
05/04/2026 05:42:26 AM INFO mip_v1 - print:   Machine 3: completion time = 91.67
05/04/2026 05:42:26 AM INFO mip_v1 - print:   Machine 4: completion time = 105.70
05/04/2026 05:42:26 AM INFO mip_v1 - print:   Delivery: 107.70 (Deadline: 107.70, Delay: 0.00)
05/04/2026 05:42:26 AM INFO mip_v1 - print: 
05/04/2026 05:42:26 AM INFO mip_v1 - print: Order 32 → Factory 4
05/04/2026 05:42:26 AM INFO mip_v1 - print:   Machine 1: completion time = 127.85
05/04/2026 05:42:26 AM INFO mip_v1 - print:   Machine 2: completion time = 137.55
05/04/2026 05:42:26 AM INFO mip_v1 - print:   Machine 3: completion time = 151.07
05/04/2026 05:42:26 AM INFO mip_v1 - print:   Delivery: 158.67 (Deadline: 158.80, Delay: 0.00)
05/04/2026 05:42:26 AM INFO mip_v1 - print: 
05/04/2026 05:42:26 AM INFO mip_v1 - print: Order 33 → Factory 2
05/04/2026 05:42:26 AM INFO mip_v1 - print:   Machine 1: completion time = 97.48
05/04/2026 05:42:26 AM INFO mip_v1 - print:   Machine 2: completion time = 107.65
05/04/2026 05:42:26 AM INFO mip_v1 - print:   Machine 3: completion time = 118.68
05/04/2026 05:42:26 AM INFO mip_v1 - print:   Delivery: 124.98 (Deadline: 130.60, Delay: 0.00)
05/04/2026 05:42:26 AM INFO mip_v1 - print: 
05/04/2026 05:42:26 AM INFO mip_v1 - print: Order 34 → Factory 5
05/04/2026 05:42:26 AM INFO mip_v1 - print:   Machine 1: completion time = 101.43
05/04/2026 05:42:26 AM INFO mip_v1 - print:   Machine 2: completion time = 111.53
05/04/2026 05:42:26 AM INFO mip_v1 - print:   Machine 3: completion time = 122.10
05/04/2026 05:42:26 AM INFO mip_v1 - print:   Delivery: 122.30 (Deadline: 147.90, Delay: 0.00)
05/04/2026 05:42:26 AM INFO mip_v1 - print: 
05/04/2026 05:42:26 AM INFO mip_v1 - print: Order 35 → Factory 10
05/04/2026 05:42:26 AM INFO mip_v1 - print:   Machine 1: completion time = 111.47
05/04/2026 05:42:26 AM INFO mip_v1 - print:   Machine 2: completion time = 123.34
05/04/2026 05:42:26 AM INFO mip_v1 - print:   Machine 3: completion time = 132.89
05/04/2026 05:42:26 AM INFO mip_v1 - print:   Machine 4: completion time = 145.12
05/04/2026 05:42:26 AM INFO mip_v1 - print:   Delivery: 147.72 (Deadline: 147.70, Delay: 0.02)
05/04/2026 05:42:26 AM INFO mip_v1 - print: 
05/04/2026 05:42:26 AM INFO mip_v1 - print: Order 36 → Factory 1
05/04/2026 05:42:26 AM INFO mip_v1 - print:   Machine 1: completion time = 66.31
05/04/2026 05:42:26 AM INFO mip_v1 - print:   Machine 2: completion time = 76.02
05/04/2026 05:42:26 AM INFO mip_v1 - print:   Machine 3: completion time = 85.65
05/04/2026 05:42:26 AM INFO mip_v1 - print:   Machine 4: completion time = 94.11
05/04/2026 05:42:26 AM INFO mip_v1 - print:   Machine 5: completion time = 109.60
05/04/2026 05:42:26 AM INFO mip_v1 - print:   Delivery: 113.50 (Deadline: 113.50, Delay: 0.00)
05/04/2026 05:42:26 AM INFO mip_v1 - print: 
05/04/2026 05:42:26 AM INFO mip_v1 - print: Order 38 → Factory 5
05/04/2026 05:42:26 AM INFO mip_v1 - print:   Machine 1: completion time = 30.48
05/04/2026 05:42:26 AM INFO mip_v1 - print:   Machine 2: completion time = 38.44
05/04/2026 05:42:26 AM INFO mip_v1 - print:   Machine 3: completion time = 45.15
05/04/2026 05:42:26 AM INFO mip_v1 - print:   Delivery: 48.75 (Deadline: 69.40, Delay: 0.00)
05/04/2026 05:42:26 AM INFO mip_v1 - print: 
05/04/2026 05:42:26 AM INFO mip_v1 - print: Order 39 → Factory 4
05/04/2026 05:42:26 AM INFO mip_v1 - print:   Machine 1: completion time = 86.50
05/04/2026 05:42:26 AM INFO mip_v1 - print:   Machine 2: completion time = 95.37
05/04/2026 05:42:26 AM INFO mip_v1 - print:   Machine 3: completion time = 109.83
05/04/2026 05:42:26 AM INFO mip_v1 - print:   Delivery: 115.73 (Deadline: 132.10, Delay: 0.00)
05/04/2026 05:42:26 AM INFO mip_v1 - print: 
05/04/2026 05:42:26 AM INFO mip_v1 - print: Order 42 → Factory 9
05/04/2026 05:42:26 AM INFO mip_v1 - print:   Machine 1: completion time = 107.03
05/04/2026 05:42:26 AM INFO mip_v1 - print:   Machine 2: completion time = 115.08
05/04/2026 05:42:26 AM INFO mip_v1 - print:   Machine 3: completion time = 124.33
05/04/2026 05:42:26 AM INFO mip_v1 - print:   Machine 4: completion time = 133.63
05/04/2026 05:42:26 AM INFO mip_v1 - print:   Machine 5: completion time = 142.56
05/04/2026 05:42:26 AM INFO mip_v1 - print:   Delivery: 143.16 (Deadline: 179.10, Delay: 0.00)
05/04/2026 05:42:26 AM INFO mip_v1 - print: 
05/04/2026 05:42:26 AM INFO mip_v1 - print: Order 43 → Factory 5
05/04/2026 05:42:26 AM INFO mip_v1 - print:   Machine 1: completion time = 36.31
05/04/2026 05:42:26 AM INFO mip_v1 - print:   Machine 2: completion time = 45.15
05/04/2026 05:42:26 AM INFO mip_v1 - print:   Machine 3: completion time = 51.46
05/04/2026 05:42:26 AM INFO mip_v1 - print:   Delivery: 54.26 (Deadline: 70.00, Delay: 0.00)
05/04/2026 05:42:26 AM INFO mip_v1 - print: 
05/04/2026 05:42:26 AM INFO mip_v1 - print: Order 45 → Factory 2
05/04/2026 05:42:26 AM INFO mip_v1 - print:   Machine 1: completion time = 115.31
05/04/2026 05:42:26 AM INFO mip_v1 - print:   Machine 2: completion time = 126.67
05/04/2026 05:42:26 AM INFO mip_v1 - print:   Machine 3: completion time = 134.70
05/04/2026 05:42:26 AM INFO mip_v1 - print:   Delivery: 136.10 (Deadline: 155.80, Delay: 0.00)
05/04/2026 05:42:26 AM INFO mip_v1 - print: 
05/04/2026 05:42:26 AM INFO mip_v1 - print: Order 46 → Factory 5
05/04/2026 05:42:26 AM INFO mip_v1 - print:   Machine 1: completion time = 123.76
05/04/2026 05:42:26 AM INFO mip_v1 - print:   Machine 2: completion time = 138.23
05/04/2026 05:42:26 AM INFO mip_v1 - print:   Machine 3: completion time = 144.20
05/04/2026 05:42:26 AM INFO mip_v1 - print:   Delivery: 145.50 (Deadline: 145.50, Delay: 0.00)
05/04/2026 05:42:26 AM INFO mip_v1 - print: 
05/04/2026 05:42:26 AM INFO mip_v1 - print: Order 48 → Factory 4
05/04/2026 05:42:26 AM INFO mip_v1 - print:   Machine 1: completion time = 150.34
05/04/2026 05:42:26 AM INFO mip_v1 - print:   Machine 2: completion time = 163.14
05/04/2026 05:42:26 AM INFO mip_v1 - print:   Machine 3: completion time = 184.20
05/04/2026 05:42:26 AM INFO mip_v1 - print:   Delivery: 185.30 (Deadline: 185.30, Delay: 0.00)
05/04/2026 05:42:26 AM INFO mip_v1 - print: 
05/04/2026 05:42:26 AM INFO mip_v1 - print: Order 49 → Factory 9
05/04/2026 05:42:26 AM INFO mip_v1 - print:   Machine 1: completion time = 17.03
05/04/2026 05:42:26 AM INFO mip_v1 - print:   Machine 2: completion time = 23.61
05/04/2026 05:42:26 AM INFO mip_v1 - print:   Machine 3: completion time = 31.05
05/04/2026 05:42:26 AM INFO mip_v1 - print:   Machine 4: completion time = 39.09
05/04/2026 05:42:26 AM INFO mip_v1 - print:   Machine 5: completion time = 46.24
05/04/2026 05:42:26 AM INFO mip_v1 - print:   Delivery: 48.54 (Deadline: 71.30, Delay: 0.00)
05/04/2026 05:42:26 AM INFO mip_v1 - print: 
05/04/2026 05:42:26 AM INFO mip_v1 - print: Order 51 → Factory 8
05/04/2026 05:42:26 AM INFO mip_v1 - print:   Machine 1: completion time = 78.70
05/04/2026 05:42:26 AM INFO mip_v1 - print:   Machine 2: completion time = 88.49
05/04/2026 05:42:26 AM INFO mip_v1 - print:   Machine 3: completion time = 96.42
05/04/2026 05:42:26 AM INFO mip_v1 - print:   Machine 4: completion time = 104.76
05/04/2026 05:42:26 AM INFO mip_v1 - print:   Delivery: 112.06 (Deadline: 126.60, Delay: -0.00)
05/04/2026 05:42:26 AM INFO mip_v1 - print: 
05/04/2026 05:42:26 AM INFO mip_v1 - print: Order 52 → Factory 1
05/04/2026 05:42:26 AM INFO mip_v1 - print:   Machine 1: completion time = 18.13
05/04/2026 05:42:26 AM INFO mip_v1 - print:   Machine 2: completion time = 24.97
05/04/2026 05:42:26 AM INFO mip_v1 - print:   Machine 3: completion time = 32.81
05/04/2026 05:42:26 AM INFO mip_v1 - print:   Machine 4: completion time = 40.49
05/04/2026 05:42:26 AM INFO mip_v1 - print:   Machine 5: completion time = 52.77
05/04/2026 05:42:26 AM INFO mip_v1 - print:   Delivery: 54.77 (Deadline: 64.20, Delay: 0.00)
05/04/2026 05:42:26 AM INFO mip_v1 - print: 
05/04/2026 05:42:26 AM INFO mip_v1 - print: Order 53 → Factory 2
05/04/2026 05:42:26 AM INFO mip_v1 - print:   Machine 1: completion time = 47.09
05/04/2026 05:42:26 AM INFO mip_v1 - print:   Machine 2: completion time = 55.16
05/04/2026 05:42:26 AM INFO mip_v1 - print:   Machine 3: completion time = 62.14
05/04/2026 05:42:26 AM INFO mip_v1 - print:   Delivery: 67.74 (Deadline: 102.60, Delay: 0.00)
05/04/2026 05:42:26 AM INFO mip_v1 - print: 
05/04/2026 05:42:26 AM INFO mip_v1 - print: Order 54 → Factory 5
05/04/2026 05:42:26 AM INFO mip_v1 - print:   Machine 1: completion time = 7.98
05/04/2026 05:42:26 AM INFO mip_v1 - print:   Machine 2: completion time = 14.91
05/04/2026 05:42:26 AM INFO mip_v1 - print:   Machine 3: completion time = 21.17
05/04/2026 05:42:26 AM INFO mip_v1 - print:   Delivery: 25.87 (Deadline: 56.60, Delay: 0.00)
05/04/2026 05:42:26 AM INFO mip_v1 - print: 
05/04/2026 05:42:26 AM INFO mip_v1 - print: Order 55 → Factory 6
05/04/2026 05:42:26 AM INFO mip_v1 - print:   Machine 1: completion time = 49.79
05/04/2026 05:42:26 AM INFO mip_v1 - print:   Machine 2: completion time = 63.22
05/04/2026 05:42:26 AM INFO mip_v1 - print:   Machine 3: completion time = 75.03
05/04/2026 05:42:26 AM INFO mip_v1 - print:   Delivery: 76.33 (Deadline: 100.00, Delay: 0.00)
05/04/2026 05:42:26 AM INFO mip_v1 - print: 
05/04/2026 05:42:26 AM INFO mip_v1 - print: Order 56 → Factory 2
05/04/2026 05:42:26 AM INFO mip_v1 - print:   Machine 1: completion time = 122.64
05/04/2026 05:42:26 AM INFO mip_v1 - print:   Machine 2: completion time = 133.65
05/04/2026 05:42:26 AM INFO mip_v1 - print:   Machine 3: completion time = 143.61
05/04/2026 05:42:26 AM INFO mip_v1 - print:   Delivery: 145.91 (Deadline: 146.20, Delay: 0.00)
05/04/2026 05:42:26 AM INFO mip_v1 - print: 
05/04/2026 05:42:26 AM INFO mip_v1 - print: Order 57 → Factory 2
05/04/2026 05:42:26 AM INFO mip_v1 - print:   Machine 1: completion time = 132.24
05/04/2026 05:42:26 AM INFO mip_v1 - print:   Machine 2: completion time = 143.61
05/04/2026 05:42:26 AM INFO mip_v1 - print:   Machine 3: completion time = 152.00
05/04/2026 05:42:26 AM INFO mip_v1 - print:   Delivery: 156.70 (Deadline: 156.70, Delay: -0.00)
05/04/2026 05:42:26 AM INFO mip_v1 - print: 
05/04/2026 05:42:26 AM INFO mip_v1 - print: Order 58 → Factory 6
05/04/2026 05:42:26 AM INFO mip_v1 - print:   Machine 1: completion time = 114.28
05/04/2026 05:42:26 AM INFO mip_v1 - print:   Machine 2: completion time = 126.38
05/04/2026 05:42:26 AM INFO mip_v1 - print:   Machine 3: completion time = 137.75
05/04/2026 05:42:26 AM INFO mip_v1 - print:   Delivery: 140.75 (Deadline: 156.50, Delay: 0.00)
05/04/2026 05:42:26 AM INFO mip_v1 - print: 
05/04/2026 05:42:26 AM INFO mip_v1 - print: Order 59 → Factory 1
05/04/2026 05:42:26 AM INFO mip_v1 - print:   Machine 1: completion time = 82.63
05/04/2026 05:42:26 AM INFO mip_v1 - print:   Machine 2: completion time = 92.86
05/04/2026 05:42:26 AM INFO mip_v1 - print:   Machine 3: completion time = 101.03
05/04/2026 05:42:26 AM INFO mip_v1 - print:   Machine 4: completion time = 108.96
05/04/2026 05:42:26 AM INFO mip_v1 - print:   Machine 5: completion time = 129.48
05/04/2026 05:42:26 AM INFO mip_v1 - print:   Delivery: 129.98 (Deadline: 130.80, Delay: 0.00)
05/04/2026 05:42:26 AM INFO mip_v1 - print: 
05/04/2026 05:42:26 AM INFO mip_v1 - print: Order 60 → Factory 4
05/04/2026 05:42:26 AM INFO mip_v1 - print:   Machine 1: completion time = 106.78
05/04/2026 05:42:26 AM INFO mip_v1 - print:   Machine 2: completion time = 117.53
05/04/2026 05:42:26 AM INFO mip_v1 - print:   Machine 3: completion time = 129.90
05/04/2026 05:42:26 AM INFO mip_v1 - print:   Delivery: 135.90 (Deadline: 141.20, Delay: 0.00)
05/04/2026 05:42:26 AM INFO mip_v1 - print: 
05/04/2026 05:42:26 AM INFO mip_v1 - print: Order 62 → Factory 7
05/04/2026 05:42:26 AM INFO mip_v1 - print:   Machine 1: completion time = 101.74
05/04/2026 05:42:26 AM INFO mip_v1 - print:   Machine 2: completion time = 115.50
05/04/2026 05:42:26 AM INFO mip_v1 - print:   Machine 3: completion time = 127.04
05/04/2026 05:42:26 AM INFO mip_v1 - print:   Machine 4: completion time = 138.35
05/04/2026 05:42:26 AM INFO mip_v1 - print:   Delivery: 139.15 (Deadline: 153.90, Delay: 0.00)
05/04/2026 05:42:26 AM INFO mip_v1 - print: 
05/04/2026 05:42:26 AM INFO mip_v1 - print: Order 63 → Factory 4
05/04/2026 05:42:26 AM INFO mip_v1 - print:   Machine 1: completion time = 56.05
05/04/2026 05:42:26 AM INFO mip_v1 - print:   Machine 2: completion time = 64.88
05/04/2026 05:42:26 AM INFO mip_v1 - print:   Machine 3: completion time = 79.48
05/04/2026 05:42:26 AM INFO mip_v1 - print:   Delivery: 85.28 (Deadline: 92.80, Delay: 0.00)
05/04/2026 05:42:26 AM INFO mip_v1 - print: 
05/04/2026 05:42:26 AM INFO mip_v1 - print: Order 64 → Factory 4
05/04/2026 05:42:26 AM INFO mip_v1 - print:   Machine 1: completion time = 37.32
05/04/2026 05:42:26 AM INFO mip_v1 - print:   Machine 2: completion time = 46.96
05/04/2026 05:42:26 AM INFO mip_v1 - print:   Machine 3: completion time = 61.66
05/04/2026 05:42:26 AM INFO mip_v1 - print:   Delivery: 65.26 (Deadline: 65.60, Delay: 0.00)
05/04/2026 05:42:26 AM INFO mip_v1 - print: 
05/04/2026 05:42:26 AM INFO mip_v1 - print: Order 66 → Factory 5
05/04/2026 05:42:26 AM INFO mip_v1 - print:   Machine 1: completion time = 70.85
05/04/2026 05:42:26 AM INFO mip_v1 - print:   Machine 2: completion time = 77.19
05/04/2026 05:42:26 AM INFO mip_v1 - print:   Machine 3: completion time = 96.34
05/04/2026 05:42:26 AM INFO mip_v1 - print:   Delivery: 96.54 (Deadline: 111.50, Delay: 0.00)
05/04/2026 05:42:26 AM INFO mip_v1 - print: 
05/04/2026 05:42:26 AM INFO mip_v1 - print: Order 67 → Factory 1
05/04/2026 05:42:26 AM INFO mip_v1 - print:   Machine 1: completion time = 101.07
05/04/2026 05:42:26 AM INFO mip_v1 - print:   Machine 2: completion time = 109.13
05/04/2026 05:42:26 AM INFO mip_v1 - print:   Machine 3: completion time = 119.48
05/04/2026 05:42:26 AM INFO mip_v1 - print:   Machine 4: completion time = 129.32
05/04/2026 05:42:26 AM INFO mip_v1 - print:   Machine 5: completion time = 138.06
05/04/2026 05:42:26 AM INFO mip_v1 - print:   Delivery: 141.56 (Deadline: 145.50, Delay: 0.00)
05/04/2026 05:42:26 AM INFO mip_v1 - print: 
05/04/2026 05:42:26 AM INFO mip_v1 - print: Order 69 → Factory 9
05/04/2026 05:42:26 AM INFO mip_v1 - print:   Machine 1: completion time = 76.74
05/04/2026 05:42:26 AM INFO mip_v1 - print:   Machine 2: completion time = 83.66
05/04/2026 05:42:26 AM INFO mip_v1 - print:   Machine 3: completion time = 91.77
05/04/2026 05:42:26 AM INFO mip_v1 - print:   Machine 4: completion time = 100.63
05/04/2026 05:42:26 AM INFO mip_v1 - print:   Machine 5: completion time = 108.49
05/04/2026 05:42:26 AM INFO mip_v1 - print:   Delivery: 110.99 (Deadline: 116.40, Delay: 0.00)
05/04/2026 05:42:26 AM INFO mip_v1 - print: 
05/04/2026 05:42:26 AM INFO mip_v1 - print: Order 70 → Factory 1
05/04/2026 05:42:26 AM INFO mip_v1 - print:   Machine 1: completion time = 132.11
05/04/2026 05:42:26 AM INFO mip_v1 - print:   Machine 2: completion time = 144.54
05/04/2026 05:42:26 AM INFO mip_v1 - print:   Machine 3: completion time = 158.07
05/04/2026 05:42:26 AM INFO mip_v1 - print:   Machine 4: completion time = 171.20
05/04/2026 05:42:26 AM INFO mip_v1 - print:   Machine 5: completion time = 183.00
05/04/2026 05:42:26 AM INFO mip_v1 - print:   Delivery: 184.80 (Deadline: 184.80, Delay: 0.00)
05/04/2026 05:42:26 AM INFO mip_v1 - print: 
05/04/2026 05:42:26 AM INFO mip_v1 - print: Order 76 → Factory 4
05/04/2026 05:42:26 AM INFO mip_v1 - print:   Machine 1: completion time = 18.83
05/04/2026 05:42:26 AM INFO mip_v1 - print:   Machine 2: completion time = 26.99
05/04/2026 05:42:26 AM INFO mip_v1 - print:   Machine 3: completion time = 37.24
05/04/2026 05:42:26 AM INFO mip_v1 - print:   Delivery: 41.94 (Deadline: 55.20, Delay: 0.00)
05/04/2026 05:42:26 AM INFO mip_v1 - print: 
05/04/2026 05:42:26 AM INFO mip_v1 - print: Order 77 → Factory 2
05/04/2026 05:42:26 AM INFO mip_v1 - print:   Machine 1: completion time = 92.68
05/04/2026 05:42:26 AM INFO mip_v1 - print:   Machine 2: completion time = 102.59
05/04/2026 05:42:26 AM INFO mip_v1 - print:   Machine 3: completion time = 109.01
05/04/2026 05:42:26 AM INFO mip_v1 - print:   Delivery: 112.81 (Deadline: 112.40, Delay: 0.41)
05/04/2026 05:42:26 AM INFO mip_v1 - print: 
05/04/2026 05:42:26 AM INFO mip_v1 - print: Order 79 → Factory 10
05/04/2026 05:42:26 AM INFO mip_v1 - print:   Machine 1: completion time = 69.30
05/04/2026 05:42:26 AM INFO mip_v1 - print:   Machine 2: completion time = 80.87
05/04/2026 05:42:26 AM INFO mip_v1 - print:   Machine 3: completion time = 92.01
05/04/2026 05:42:26 AM INFO mip_v1 - print:   Machine 4: completion time = 101.17
05/04/2026 05:42:26 AM INFO mip_v1 - print:   Delivery: 106.57 (Deadline: 113.50, Delay: 0.00)
05/04/2026 05:42:26 AM INFO mip_v1 - print: 
05/04/2026 05:42:26 AM INFO mip_v1 - print: Order 80 → Factory 6
05/04/2026 05:42:26 AM INFO mip_v1 - print:   Machine 1: completion time = 127.45
05/04/2026 05:42:26 AM INFO mip_v1 - print:   Machine 2: completion time = 140.16
05/04/2026 05:42:26 AM INFO mip_v1 - print:   Machine 3: completion time = 153.90
05/04/2026 05:42:26 AM INFO mip_v1 - print:   Delivery: 156.70 (Deadline: 156.70, Delay: 0.00)
05/04/2026 05:42:26 AM INFO mip_v1 - print: 
05/04/2026 05:42:26 AM INFO mip_v1 - print: Order 81 → Factory 2
05/04/2026 05:42:26 AM INFO mip_v1 - print:   Machine 1: completion time = 29.34
05/04/2026 05:42:26 AM INFO mip_v1 - print:   Machine 2: completion time = 35.97
05/04/2026 05:42:26 AM INFO mip_v1 - print:   Machine 3: completion time = 43.67
05/04/2026 05:42:26 AM INFO mip_v1 - print:   Delivery: 51.17 (Deadline: 78.40, Delay: 0.00)
05/04/2026 05:42:26 AM INFO mip_v1 - print: 
05/04/2026 05:42:26 AM INFO mip_v1 - print: Order 82 → Factory 10
05/04/2026 05:42:26 AM INFO mip_v1 - print:   Machine 1: completion time = 134.23
05/04/2026 05:42:26 AM INFO mip_v1 - print:   Machine 2: completion time = 144.29
05/04/2026 05:42:26 AM INFO mip_v1 - print:   Machine 3: completion time = 154.55
05/04/2026 05:42:26 AM INFO mip_v1 - print:   Machine 4: completion time = 165.80
05/04/2026 05:42:26 AM INFO mip_v1 - print:   Delivery: 171.10 (Deadline: 169.40, Delay: 1.70)
05/04/2026 05:42:26 AM INFO mip_v1 - print: 
05/04/2026 05:42:26 AM INFO mip_v1 - print: Order 84 → Factory 10
05/04/2026 05:42:26 AM INFO mip_v1 - print:   Machine 1: completion time = 51.54
05/04/2026 05:42:26 AM INFO mip_v1 - print:   Machine 2: completion time = 62.63
05/04/2026 05:42:26 AM INFO mip_v1 - print:   Machine 3: completion time = 73.84
05/04/2026 05:42:26 AM INFO mip_v1 - print:   Machine 4: completion time = 85.30
05/04/2026 05:42:26 AM INFO mip_v1 - print:   Delivery: 87.30 (Deadline: 88.10, Delay: 0.00)
05/04/2026 05:42:26 AM INFO mip_v1 - print: 
05/04/2026 05:42:26 AM INFO mip_v1 - print: Order 85 → Factory 4
05/04/2026 05:42:26 AM INFO mip_v1 - print:   Machine 1: completion time = 98.45
05/04/2026 05:42:26 AM INFO mip_v1 - print:   Machine 2: completion time = 109.83
05/04/2026 05:42:26 AM INFO mip_v1 - print:   Machine 3: completion time = 121.64
05/04/2026 05:42:26 AM INFO mip_v1 - print:   Delivery: 126.94 (Deadline: 136.80, Delay: 0.00)
05/04/2026 05:42:26 AM INFO mip_v1 - print: 
05/04/2026 05:42:26 AM INFO mip_v1 - print: Order 86 → Factory 2
05/04/2026 05:42:26 AM INFO mip_v1 - print:   Machine 1: completion time = 71.53
05/04/2026 05:42:26 AM INFO mip_v1 - print:   Machine 2: completion time = 80.84
05/04/2026 05:42:26 AM INFO mip_v1 - print:   Machine 3: completion time = 87.94
05/04/2026 05:42:26 AM INFO mip_v1 - print:   Delivery: 93.74 (Deadline: 111.70, Delay: 0.00)
05/04/2026 05:42:26 AM INFO mip_v1 - print: 
05/04/2026 05:42:26 AM INFO mip_v1 - print: Order 87 → Factory 2
05/04/2026 05:42:26 AM INFO mip_v1 - print:   Machine 1: completion time = 85.47
05/04/2026 05:42:26 AM INFO mip_v1 - print:   Machine 2: completion time = 94.94
05/04/2026 05:42:26 AM INFO mip_v1 - print:   Machine 3: completion time = 102.59
05/04/2026 05:42:26 AM INFO mip_v1 - print:   Delivery: 104.69 (Deadline: 110.70, Delay: 0.00)
05/04/2026 05:42:26 AM INFO mip_v1 - print: 
05/04/2026 05:42:26 AM INFO mip_v1 - print: Order 88 → Factory 5
05/04/2026 05:42:26 AM INFO mip_v1 - print:   Machine 1: completion time = 110.09
05/04/2026 05:42:26 AM INFO mip_v1 - print:   Machine 2: completion time = 122.10
05/04/2026 05:42:26 AM INFO mip_v1 - print:   Machine 3: completion time = 139.15
05/04/2026 05:42:26 AM INFO mip_v1 - print:   Delivery: 143.35 (Deadline: 156.30, Delay: 0.00)
05/04/2026 05:42:26 AM INFO mip_v1 - print: 
05/04/2026 05:42:26 AM INFO mip_v1 - print: Order 91 → Factory 1
05/04/2026 05:42:26 AM INFO mip_v1 - print:   Machine 1: completion time = 56.90
05/04/2026 05:42:26 AM INFO mip_v1 - print:   Machine 2: completion time = 65.56
05/04/2026 05:42:26 AM INFO mip_v1 - print:   Machine 3: completion time = 76.02
05/04/2026 05:42:26 AM INFO mip_v1 - print:   Machine 4: completion time = 85.65
05/04/2026 05:42:26 AM INFO mip_v1 - print:   Machine 5: completion time = 100.70
05/04/2026 05:42:26 AM INFO mip_v1 - print:   Delivery: 102.00 (Deadline: 102.00, Delay: 0.00)
05/04/2026 05:42:26 AM INFO mip_v1 - print: 
05/04/2026 05:42:26 AM INFO mip_v1 - print: Order 93 → Factory 2
05/04/2026 05:42:26 AM INFO mip_v1 - print:   Machine 1: completion time = 36.45
05/04/2026 05:42:26 AM INFO mip_v1 - print:   Machine 2: completion time = 43.67
05/04/2026 05:42:26 AM INFO mip_v1 - print:   Machine 3: completion time = 55.17
05/04/2026 05:42:26 AM INFO mip_v1 - print:   Delivery: 55.87 (Deadline: 85.00, Delay: 0.00)
05/04/2026 05:42:26 AM INFO mip_v1 - print: 
05/04/2026 05:42:26 AM INFO mip_v1 - print: Order 94 → Factory 10
05/04/2026 05:42:26 AM INFO mip_v1 - print:   Machine 1: completion time = 98.76
05/04/2026 05:42:26 AM INFO mip_v1 - print:   Machine 2: completion time = 111.37
05/04/2026 05:42:26 AM INFO mip_v1 - print:   Machine 3: completion time = 124.77
05/04/2026 05:42:26 AM INFO mip_v1 - print:   Machine 4: completion time = 137.08
05/04/2026 05:42:26 AM INFO mip_v1 - print:   Delivery: 138.28 (Deadline: 156.80, Delay: 0.00)
05/04/2026 05:42:26 AM INFO mip_v1 - print: 
05/04/2026 05:42:26 AM INFO mip_v1 - print: Order 95 → Factory 2
05/04/2026 05:42:26 AM INFO mip_v1 - print:   Machine 1: completion time = 53.57
05/04/2026 05:42:26 AM INFO mip_v1 - print:   Machine 2: completion time = 62.14
05/04/2026 05:42:26 AM INFO mip_v1 - print:   Machine 3: completion time = 72.47
05/04/2026 05:42:26 AM INFO mip_v1 - print:   Delivery: 73.47 (Deadline: 95.10, Delay: 0.00)
05/04/2026 05:42:26 AM INFO mip_v1 - print: 
05/04/2026 05:42:26 AM INFO mip_v1 - print: Order 96 → Factory 7
05/04/2026 05:42:26 AM INFO mip_v1 - print:   Machine 1: completion time = 18.61
05/04/2026 05:42:26 AM INFO mip_v1 - print:   Machine 2: completion time = 29.34
05/04/2026 05:42:26 AM INFO mip_v1 - print:   Machine 3: completion time = 38.90
05/04/2026 05:42:26 AM INFO mip_v1 - print:   Machine 4: completion time = 48.26
05/04/2026 05:42:26 AM INFO mip_v1 - print:   Delivery: 50.16 (Deadline: 58.40, Delay: 0.00)
05/04/2026 05:42:26 AM INFO mip_v1 - print: 
05/04/2026 05:42:26 AM INFO mip_v1 - print: Order 97 → Factory 4
05/04/2026 05:42:26 AM INFO mip_v1 - print:   Machine 1: completion time = 117.88
05/04/2026 05:42:26 AM INFO mip_v1 - print:   Machine 2: completion time = 128.21
05/04/2026 05:42:26 AM INFO mip_v1 - print:   Machine 3: completion time = 140.75
05/04/2026 05:42:26 AM INFO mip_v1 - print:   Delivery: 147.55 (Deadline: 147.60, Delay: 0.00)
05/04/2026 05:42:26 AM INFO mip_v1 - print: 
05/04/2026 05:42:26 AM INFO mip_v1 - print: Order 98 → Factory 2
05/04/2026 05:42:26 AM INFO mip_v1 - print:   Machine 1: completion time = 144.15
05/04/2026 05:42:26 AM INFO mip_v1 - print:   Machine 2: completion time = 155.46
05/04/2026 05:42:26 AM INFO mip_v1 - print:   Machine 3: completion time = 165.70
05/04/2026 05:42:26 AM INFO mip_v1 - print:   Delivery: 173.60 (Deadline: 172.90, Delay: 0.70)
05/04/2026 05:42:26 AM INFO mip_v1 - print: 
05/04/2026 05:42:26 AM INFO mip_v1 - print: Order 99 → Factory 10
05/04/2026 05:42:26 AM INFO mip_v1 - print:   Machine 1: completion time = 85.52
05/04/2026 05:42:26 AM INFO mip_v1 - print:   Machine 2: completion time = 92.01
05/04/2026 05:42:26 AM INFO mip_v1 - print:   Machine 3: completion time = 101.17
05/04/2026 05:42:26 AM INFO mip_v1 - print:   Machine 4: completion time = 122.83
05/04/2026 05:42:26 AM INFO mip_v1 - print:   Delivery: 127.43 (Deadline: 131.40, Delay: 0.00)
05/04/2026 05:42:26 AM INFO mip_v1 - print: 
05/04/2026 05:42:26 AM INFO mip_v1 - print: Order 100 → Factory 1
05/04/2026 05:42:26 AM INFO mip_v1 - print:   Machine 1: completion time = 110.94
05/04/2026 05:42:26 AM INFO mip_v1 - print:   Machine 2: completion time = 119.48
05/04/2026 05:42:26 AM INFO mip_v1 - print:   Machine 3: completion time = 129.32
05/04/2026 05:42:26 AM INFO mip_v1 - print:   Machine 4: completion time = 138.06
05/04/2026 05:42:26 AM INFO mip_v1 - print:   Machine 5: completion time = 146.45
05/04/2026 05:42:26 AM INFO mip_v1 - print:   Delivery: 154.35 (Deadline: 153.00, Delay: 1.35)
05/04/2026 05:42:26 AM INFO mip_v1 - print: 
05/04/2026 05:42:26 AM INFO mip_v1 - print: Order 103 → Factory 2
05/04/2026 05:42:26 AM INFO mip_v1 - print:   Machine 1: completion time = 77.56
05/04/2026 05:42:26 AM INFO mip_v1 - print:   Machine 2: completion time = 86.88
05/04/2026 05:42:26 AM INFO mip_v1 - print:   Machine 3: completion time = 95.79
05/04/2026 05:42:26 AM INFO mip_v1 - print:   Delivery: 101.39 (Deadline: 105.80, Delay: 0.00)
05/04/2026 05:42:26 AM INFO mip_v1 - print: 
05/04/2026 05:42:26 AM INFO mip_v1 - print: Order 104 → Factory 4
05/04/2026 05:42:26 AM INFO mip_v1 - print:   Machine 1: completion time = 136.28
05/04/2026 05:42:26 AM INFO mip_v1 - print:   Machine 2: completion time = 150.34
05/04/2026 05:42:26 AM INFO mip_v1 - print:   Machine 3: completion time = 159.08
05/04/2026 05:42:26 AM INFO mip_v1 - print:   Delivery: 159.58 (Deadline: 155.60, Delay: 3.98)
05/04/2026 05:42:26 AM INFO mip_v1 - print: 
05/04/2026 05:42:26 AM INFO mip_v1 - print: Order 106 → Factory 1
05/04/2026 05:42:26 AM INFO mip_v1 - print:   Machine 1: completion time = 27.71
05/04/2026 05:42:26 AM INFO mip_v1 - print:   Machine 2: completion time = 36.18
05/04/2026 05:42:26 AM INFO mip_v1 - print:   Machine 3: completion time = 45.37
05/04/2026 05:42:26 AM INFO mip_v1 - print:   Machine 4: completion time = 54.60
05/04/2026 05:42:26 AM INFO mip_v1 - print:   Machine 5: completion time = 62.39
05/04/2026 05:42:26 AM INFO mip_v1 - print:   Delivery: 63.89 (Deadline: 69.90, Delay: 0.00)
05/04/2026 05:42:26 AM INFO mip_v1 - print: 
05/04/2026 05:42:26 AM INFO mip_v1 - print: Order 109 → Factory 7
05/04/2026 05:42:26 AM INFO mip_v1 - print:   Machine 1: completion time = 45.08
05/04/2026 05:42:26 AM INFO mip_v1 - print:   Machine 2: completion time = 59.53
05/04/2026 05:42:26 AM INFO mip_v1 - print:   Machine 3: completion time = 70.79
05/04/2026 05:42:26 AM INFO mip_v1 - print:   Machine 4: completion time = 82.41
05/04/2026 05:42:26 AM INFO mip_v1 - print:   Delivery: 82.51 (Deadline: 89.70, Delay: 0.00)
05/04/2026 05:42:26 AM INFO mip_v1 - print: 
05/04/2026 05:42:26 AM INFO mip_v1 - print: Order 110 → Factory 2
05/04/2026 05:42:26 AM INFO mip_v1 - print:   Machine 1: completion time = 22.37
05/04/2026 05:42:26 AM INFO mip_v1 - print:   Machine 2: completion time = 27.69
05/04/2026 05:42:26 AM INFO mip_v1 - print:   Machine 3: completion time = 32.62
05/04/2026 05:42:26 AM INFO mip_v1 - print:   Delivery: 34.12 (Deadline: 67.10, Delay: 0.00)
05/04/2026 05:42:26 AM INFO mip_v1 - print: 
05/04/2026 05:42:26 AM INFO mip_v1 - print: Order 111 → Factory 5
05/04/2026 05:42:26 AM INFO mip_v1 - print:   Machine 1: completion time = 41.57
05/04/2026 05:42:26 AM INFO mip_v1 - print:   Machine 2: completion time = 51.46
05/04/2026 05:42:26 AM INFO mip_v1 - print:   Machine 3: completion time = 69.84
05/04/2026 05:42:26 AM INFO mip_v1 - print:   Delivery: 71.84 (Deadline: 76.30, Delay: 0.00)
05/04/2026 05:42:26 AM INFO mip_v1 - print: 
05/04/2026 05:42:26 AM INFO mip_v1 - print: Order 114 → Factory 1
05/04/2026 05:42:26 AM INFO mip_v1 - print:   Machine 1: completion time = 35.46
05/04/2026 05:42:26 AM INFO mip_v1 - print:   Machine 2: completion time = 43.16
05/04/2026 05:42:26 AM INFO mip_v1 - print:   Machine 3: completion time = 53.12
05/04/2026 05:42:26 AM INFO mip_v1 - print:   Machine 4: completion time = 62.19
05/04/2026 05:42:26 AM INFO mip_v1 - print:   Machine 5: completion time = 69.30
05/04/2026 05:42:26 AM INFO mip_v1 - print:   Delivery: 73.80 (Deadline: 73.80, Delay: 0.00)
05/04/2026 05:42:26 AM INFO mip_v1 - print: 
05/04/2026 05:42:26 AM INFO mip_v1 - print: Order 117 → Factory 10
05/04/2026 05:42:26 AM INFO mip_v1 - print:   Machine 1: completion time = 123.34
05/04/2026 05:42:26 AM INFO mip_v1 - print:   Machine 2: completion time = 133.73
05/04/2026 05:42:26 AM INFO mip_v1 - print:   Machine 3: completion time = 144.13
05/04/2026 05:42:26 AM INFO mip_v1 - print:   Machine 4: completion time = 155.54
05/04/2026 05:42:26 AM INFO mip_v1 - print:   Delivery: 159.24 (Deadline: 169.00, Delay: 0.00)
05/04/2026 05:42:26 AM INFO mip_v1 - print: 
05/04/2026 05:42:26 AM INFO mip_v1 - print: Order 118 → Factory 10
05/04/2026 05:42:26 AM INFO mip_v1 - print:   Machine 1: completion time = 41.94
05/04/2026 05:42:26 AM INFO mip_v1 - print:   Machine 2: completion time = 53.44
05/04/2026 05:42:26 AM INFO mip_v1 - print:   Machine 3: completion time = 65.20
05/04/2026 05:42:26 AM INFO mip_v1 - print:   Machine 4: completion time = 76.33
05/04/2026 05:42:26 AM INFO mip_v1 - print:   Delivery: 79.63 (Deadline: 88.20, Delay: 0.00)
05/04/2026 05:42:26 AM INFO mip_v1 - print: 
05/04/2026 05:42:26 AM INFO mip_v1 - print: ------------------------------------------------------------
05/04/2026 05:42:26 AM INFO mip_v1 - print: COST BREAKDOWN
05/04/2026 05:42:26 AM INFO mip_v1 - print: ------------------------------------------------------------
05/04/2026 05:42:26 AM INFO mip_v1 - print: Total Revenue:          +    93888.00
05/04/2026 05:42:26 AM INFO mip_v1 - print: Production Cost:        -    40027.95
05/04/2026 05:42:26 AM INFO mip_v1 - print: Transport Cost:         -    16194.90
05/04/2026 05:42:26 AM INFO mip_v1 - print: Delay Penalty:          -      526.99
05/04/2026 05:42:26 AM INFO mip_v1 - print: ------------------------------------------------------------
05/04/2026 05:42:26 AM INFO mip_v1 - print: Total Profit:           =    37138.16
