
Gurobi 10.0.1 (win64) logging started Mon May  4 04:41:59 2026

Set parameter LogFile to value "D:\Project_Code\Paper\DP_LBBD_1\DP_lbbd\Algorithm\Results\mip_v1\xlarge\exp_10f_120j_seed3\log\exp_10f_120j_seed3_gurobi.log"
Set parameter LogToConsole to value 0
Gurobi Optimizer version 10.0.1 build v10.0.1rc0 (win64)

CPU model: Intel(R) Core(TM) Ultra 7 265KF, instruction set [SSE2|AVX|AVX2]
Thread count: 20 physical cores, 20 logical processors, using up to 20 threads

Optimize a model with 1098084 rows, 548760 columns and 5457648 nonzeros
Model fingerprint: 0x74e9d388
Variable types: 4800 continuous, 543960 integer (543960 binary)
Coefficient statistics:
  Matrix range     [1e+00, 2e+02]
  Objective range  [2e+01, 2e+03]
  Bounds range     [1e+00, 2e+02]
  RHS range        [1e+00, 6e+02]
Found heuristic solution: objective -0.0000000
Presolve removed 599702 rows and 299449 columns (presolve time = 5s) ...
Presolve removed 629826 rows and 314511 columns (presolve time = 10s) ...
Presolve removed 629826 rows and 314511 columns (presolve time = 15s) ...
Presolve removed 629826 rows and 314511 columns
Presolve time: 16.13s
Presolved: 468258 rows, 234249 columns, 2321767 nonzeros
Variable types: 3207 continuous, 231042 integer (231042 binary)

Deterministic concurrent LP optimizer: primal simplex, dual simplex, and barrier
Showing barrier log only...

Root barrier log...

Ordering time: 0.16s

Barrier statistics:
 Dense cols : 3749
 AA' NZ     : 2.103e+06
 Factor NZ  : 4.044e+06 (roughly 300 MB of memory)
 Factor Ops : 8.764e+08 (less than 1 second per iteration)
 Threads    : 18

                  Objective                Residual
Iter       Primal          Dual         Primal    Dual     Compl     Time
   0  -2.71893722e+07  1.69103910e+09  3.49e+03 1.53e+02  1.78e+05    21s
   1  -2.37379784e+07  1.67449147e+09  3.10e+03 1.98e+02  1.27e+05    21s
   2  -1.66500559e+07  3.22156087e+09  2.17e+03 1.43e+01  9.31e+04    21s
   3  -4.85545969e+05  3.13641270e+09  6.61e+01 5.07e-07  5.88e+03    22s
   4  -1.66399239e+05  8.89646302e+08  2.33e+01 1.44e-07  1.23e+03    22s
   5  -2.91564736e+04  1.57583018e+08  4.13e+00 5.85e-09  1.80e+02    22s
   6  -4.66670188e+03  3.77410375e+07  1.34e+00 1.32e-09  4.14e+01    22s
   7   8.60873647e+03  7.29492026e+06  3.83e-01 2.59e-10  7.90e+00    22s
   8   1.98039129e+04  1.88500598e+06  1.44e-02 2.29e-10  1.99e+00    22s
   9   2.75552369e+04  9.26954500e+05  5.93e-03 4.92e-10  9.61e-01    22s
  10   3.85811119e+04  5.10555635e+05  2.34e-03 1.08e-09  5.04e-01    22s
  11   4.44355789e+04  2.53780376e+05  1.25e-03 2.42e-09  2.24e-01    22s
  12   4.98002512e+04  1.44144120e+05  6.13e-04 1.13e-09  1.01e-01    23s
  13   5.31072999e+04  1.03711821e+05  2.79e-04 1.73e-09  5.40e-02    23s
  14   5.43108751e+04  7.33679990e+04  1.53e-04 1.13e-09  2.04e-02    23s
  15   5.52374209e+04  6.04564012e+04  4.76e-05 1.38e-09  5.57e-03    23s
  16   5.55409778e+04  5.61499318e+04  1.45e-05 2.45e-09  6.51e-04    23s
  17   5.56527224e+04  5.57026928e+04  2.08e-06 9.41e-10  5.35e-05    23s
  18   5.56702484e+04  5.56722612e+04  1.69e-07 1.83e-09  2.16e-06    23s
  19   5.56717994e+04  5.56718159e+04  1.99e-10 2.73e-10  1.76e-08    23s
  20   5.56718014e+04  5.56718014e+04  1.67e-12 3.58e-11  1.77e-14    23s

Barrier solved model in 20 iterations and 23.37 seconds (21.10 work units)
Optimal objective 5.56718014e+04


Root crossover log...

    5304 DPushes remaining with DInf 0.0000000e+00                24s
Concurrent spin time: 1.25s (can be avoided by choosing Method=3)

Solved with dual simplex

Root relaxation: objective 5.567180e+04, 13974 iterations, 4.37 seconds (5.52 work units)
Total elapsed time = 25.29s

    Nodes    |    Current Node    |     Objective Bounds      |     Work
 Expl Unexpl |  Obj  Depth IntInf | Incumbent    BestBd   Gap | It/Node Time

     0     0 55671.8014    0 1682   -0.00000 55671.8014      -     -   25s
H    0     0                    32015.143349 55671.8014  73.9%     -   39s
     0     0 55605.5066    0 1498 32015.1433 55605.5066  73.7%     -   42s
H    0     0                    32583.682507 55605.5066  70.7%     -   59s
     0     0 55603.0936    0 1405 32583.6825 55603.0936  70.6%     -   60s
     0     0 55603.0936    0 1418 32583.6825 55603.0936  70.6%     -   60s
     0     0 55471.1219    0 1439 32583.6825 55471.1219  70.2%     -   64s
     0     0 55466.7605    0 1428 32583.6825 55466.7605  70.2%     -   75s
     0     0 55463.2949    0 1517 32583.6825 55463.2949  70.2%     -   76s
     0     0 55462.8386    0 1431 32583.6825 55462.8386  70.2%     -   77s
     0     0 55462.8386    0 1361 32583.6825 55462.8386  70.2%     -   78s
     0     0 55422.7282    0 1469 32583.6825 55422.7282  70.1%     -   82s
H    0     0                    33670.865548 55422.7282  64.6%     -   99s
     0     0 55417.1193    0 1424 33670.8655 55417.1193  64.6%     -  100s
     0     0 55412.0224    0 1386 33670.8655 55412.0224  64.6%     -  101s
     0     0 55411.9977    0 1348 33670.8655 55411.9977  64.6%     -  102s
     0     0 55352.2777    0 1436 33670.8655 55352.2777  64.4%     -  106s
     0     0 55336.7970    0 1447 33670.8655 55336.7970  64.3%     -  119s
     0     0 55334.5157    0 1449 33670.8655 55334.5157  64.3%     -  120s
     0     0 55333.4059    0 1377 33670.8655 55333.4059  64.3%     -  121s
     0     0 55333.2902    0 1422 33670.8655 55333.2902  64.3%     -  121s
     0     0 55333.2286    0 1402 33670.8655 55333.2286  64.3%     -  122s
     0     0 55333.2286    0 1430 33670.8655 55333.2286  64.3%     -  123s
     0     0 55309.9016    0 1365 33670.8655 55309.9016  64.3%     -  126s
     0     0 55294.8817    0 1415 33670.8655 55294.8817  64.2%     -  136s
     0     0 55293.8649    0 1459 33670.8655 55293.8649  64.2%     -  137s
     0     0 55293.2147    0 1383 33670.8655 55293.2147  64.2%     -  138s
     0     0 55293.1566    0 1397 33670.8655 55293.1566  64.2%     -  139s
     0     0 55293.1566    0 1404 33670.8655 55293.1566  64.2%     -  139s
     0     0 55286.2493    0 1437 33670.8655 55286.2493  64.2%     -  142s
     0     0 55282.2027    0 1380 33670.8655 55282.2027  64.2%     -  158s
     0     0 55280.8991    0 1482 33670.8655 55280.8991  64.2%     -  159s
     0     0 55280.7697    0 1457 33670.8655 55280.7697  64.2%     -  160s
     0     0 55280.5978    0 1415 33670.8655 55280.5978  64.2%     -  161s
     0     0 55280.5978    0 1430 33670.8655 55280.5978  64.2%     -  162s
     0     0 55243.9898    0 1383 33670.8655 55243.9898  64.1%     -  165s
H    0     0                    33800.709607 55243.9898  63.4%     -  187s
     0     0 55242.5262    0 1397 33800.7096 55242.5262  63.4%     -  188s
     0     0 55239.7004    0 1370 33800.7096 55239.7004  63.4%     -  188s
     0     0 55239.4679    0 1388 33800.7096 55239.4679  63.4%     -  189s
     0     0 55239.3806    0 1420 33800.7096 55239.3806  63.4%     -  190s
     0     0 55239.3806    0 1298 33800.7096 55239.3806  63.4%     -  191s
     0     0 55232.6770    0 1359 33800.7096 55232.6770  63.4%     -  195s
     0     0 55226.3255    0 1310 33800.7096 55226.3255  63.4%     -  210s
     0     0 55226.3179    0 1323 33800.7096 55226.3179  63.4%     -  211s
     0     0 55183.1828    0 1406 33800.7096 55183.1828  63.3%     -  214s
     0     0 55181.5205    0 1472 33800.7096 55181.5205  63.3%     -  228s
     0     0 55180.4566    0 1499 33800.7096 55180.4566  63.3%     -  228s
     0     0 55180.2543    0 1356 33800.7096 55180.2543  63.3%     -  229s
     0     0 55180.2481    0 1339 33800.7096 55180.2481  63.3%     -  230s
     0     0 55177.6262    0 1494 33800.7096 55177.6262  63.2%     -  233s
     0     0 55177.2909    0 1339 33800.7096 55177.2909  63.2%     -  250s
     0     0 55177.2870    0 1366 33800.7096 55177.2870  63.2%     -  251s
     0     0 55170.1455    0 1367 33800.7096 55170.1455  63.2%     -  254s
     0     0 55169.8444    0 1347 33800.7096 55169.8444  63.2%     -  280s
     0     0 55169.6800    0 1335 33800.7096 55169.6800  63.2%     -  281s
     0     0 55169.4641    0 1336 33800.7096 55169.4641  63.2%     -  281s
     0     0 55169.1695    0 1408 33800.7096 55169.1695  63.2%     -  282s
     0     0 55169.1695    0 1370 33800.7096 55169.1695  63.2%     -  283s
     0     0 55166.4396    0 1382 33800.7096 55166.4396  63.2%     -  286s
     0     0 55164.7230    0 1376 33800.7096 55164.7230  63.2%     -  304s
     0     0 55164.4525    0 1486 33800.7096 55164.4525  63.2%     -  305s
     0     0 55163.8541    0 1476 33800.7096 55163.8541  63.2%     -  306s
     0     0 55163.8425    0 1361 33800.7096 55163.8425  63.2%     -  307s
     0     0 55163.0957    0 1467 33800.7096 55163.0957  63.2%     -  310s
     0     0 55162.9755    0 1504 33800.7096 55162.9755  63.2%     -  327s
     0     0 55162.7703    0 1428 33800.7096 55162.7703  63.2%     -  328s
     0     0 55162.7703    0 1482 33800.7096 55162.7703  63.2%     -  329s
     0     0 55162.7592    0 1375 33800.7096 55162.7592  63.2%     -  332s
     0     0 55160.5414    0 1420 33800.7096 55160.5414  63.2%     -  351s
     0     0 55159.5694    0 1413 33800.7096 55159.5694  63.2%     -  352s
     0     0 55159.5694    0 1358 33800.7096 55159.5694  63.2%     -  353s
     0     0 55157.1129    0 1479 33800.7096 55157.1129  63.2%     -  356s
     0     0 55154.1827    0 1371 33800.7096 55154.1827  63.2%     -  384s
     0     0 55153.2356    0 1387 33800.7096 55153.2356  63.2%     -  385s
     0     0 55153.2297    0 1424 33800.7096 55153.2297  63.2%     -  386s
     0     0 55150.3498    0 1445 33800.7096 55150.3498  63.2%     -  389s
     0     0 55150.0901    0 1546 33800.7096 55150.0901  63.2%     -  405s
     0     0 55149.7763    0 1524 33800.7096 55149.7763  63.2%     -  406s
     0     0 55149.4950    0 1541 33800.7096 55149.4950  63.2%     -  407s
     0     0 55149.4574    0 1514 33800.7096 55149.4574  63.2%     -  408s
     0     0 55146.5763    0 1310 33800.7096 55146.5763  63.2%     -  411s
     0     0 55142.3739    0 1351 33800.7096 55142.3739  63.1%     -  425s
     0     0 55142.1049    0 1431 33800.7096 55142.1049  63.1%     -  426s
     0     0 55142.1049    0 1406 33800.7096 55142.1049  63.1%     -  427s
     0     0 55139.2243    0 1344 33800.7096 55139.2243  63.1%     -  430s
     0     0 55139.2243    0 1391 33800.7096 55139.2243  63.1%     -  442s
     0     0 55135.2505    0 1469 33800.7096 55135.2505  63.1%     -  446s
     0     0 55131.8897    0 1348 33800.7096 55131.8897  63.1%     -  460s
     0     0 55131.8897    0 1358 33800.7096 55131.8897  63.1%     -  460s
     0     0 55124.6836    0 1350 33800.7096 55124.6836  63.1%     -  464s
     0     0 55124.4342    0 1379 33800.7096 55124.4342  63.1%     -  477s
     0     0 55124.3377    0 1321 33800.7096 55124.3377  63.1%     -  478s
     0     0 55124.2013    0 1273 33800.7096 55124.2013  63.1%     -  479s
     0     0 55124.2013    0 1298 33800.7096 55124.2013  63.1%     -  480s
     0     0 55116.9464    0 1511 33800.7096 55116.9464  63.1%     -  483s
     0     0 55113.6683    0 1329 33800.7096 55113.6683  63.1%     -  496s
     0     0 55112.6491    0 1434 33800.7096 55112.6491  63.1%     -  497s
     0     0 55112.6489    0 1333 33800.7096 55112.6489  63.1%     -  498s
     0     0 55111.9242    0 1436 33800.7096 55111.9242  63.0%     -  501s
     0     0 55103.7196    0 1343 33800.7096 55103.7196  63.0%     -  519s
     0     0 55103.6480    0 1379 33800.7096 55103.6480  63.0%     -  520s
     0     0 55103.3420    0 1294 33800.7096 55103.3420  63.0%     -  521s
     0     0 55103.3420    0 1365 33800.7096 55103.3420  63.0%     -  522s
     0     0 55099.4527    0 1315 33800.7096 55099.4527  63.0%     -  525s
     0     0 55099.4527    0 1448 33800.7096 55099.4527  63.0%     -  544s
     0     0 55097.8243    0 1497 33800.7096 55097.8243  63.0%     -  547s
     0     0 55097.8070    0 1470 33800.7096 55097.8070  63.0%     -  561s
     0     0 55097.8070    0 1475 33800.7096 55097.8070  63.0%     -  564s
     0     0 55097.8070    0 1377 33800.7096 55097.8070  63.0%     -  580s
     0     0 55097.6581    0 1274 33800.7096 55097.6581  63.0%     -  583s
     0     0 55097.6581    0 1127 33800.7096 55097.6581  63.0%     -  587s
     0     2 55090.7642    0 1029 33800.7096 55090.7642  63.0%     -  626s
     7    12 54980.3153    3 1425 33800.7096 55068.7057  62.9%  3440  630s
    25    32 54959.7934    5 1528 33800.7096 54989.9728  62.7%  3753  640s
    43    52 54745.8245    6 1461 33800.7096 54959.6368  62.6%  5012  695s
    83    92 54737.8172    8 1438 33800.7096 54924.5559  62.5%  4453  702s
   103   119 54735.5756    9 1437 33800.7096 54922.6653  62.5%  3853  707s
   130   146 54651.5888   10 1413 33800.7096 54920.6166  62.5%  3324  710s
   182   197 54659.7209   11 1468 33800.7096 54916.9697  62.5%  2762  716s
   208   220 54618.8089   12 1419 33800.7096 54916.9697  62.5%  2595  722s
   231   251 54600.0155   13 1393 33800.7096 54916.9697  62.5%  2479  725s
   292   315 54418.9240   16 1388 33800.7096 54916.9697  62.5%  2137  732s
   326   342 54326.1526   17 1441 33800.7096 54916.9697  62.5%  2026  738s
   353   373 54293.1887   18 1349 33800.7096 54916.9697  62.5%  1944  742s
   396   409 54197.1794   20 1346 33800.7096 54916.9697  62.5%  1825  745s
   489   491 53904.8644   22 1354 33800.7096 54916.9697  62.5%  1606  755s
   588   559 53599.4716   25 1302 33800.7096 54916.9697  62.5%  1447  763s
   632   596 53745.3473   25 1252 33800.7096 54916.9697  62.5%  1409  767s
   688   627 53734.6469   26 1210 33800.7096 54916.9697  62.5%  1353  774s
   735   665 infeasible   27      33800.7096 54914.7698  62.5%  1334  779s
   792   700 54845.8578    7 1493 33800.7096 54912.5075  62.5%  1310  784s
   845   751 54845.6538    8 1312 33800.7096 54912.5075  62.5%  1302  788s
   902   797 54716.4437   10 1393 33800.7096 54912.5075  62.5%  1276  796s
   966   850 54602.6981   12 1362 33800.7096 54912.5075  62.5%  1246  801s
  1023   930 54588.9180   16 1322 33800.7096 54912.5075  62.5%  1237  807s
  1111  1011 54346.8206   20 1249 33800.7096 54912.5075  62.5%  1188  814s
  1213  1078 53489.5759   25 1228 33800.7096 54912.5075  62.5%  1131  822s
  1287  1180 53230.2804   28 1196 33800.7096 54912.5075  62.5%  1106  828s
  1406  1266 52712.3577   38 1117 33800.7096 54912.5075  62.5%  1052  834s
  1509  1378 52316.3097   43 1150 33800.7096 54912.5075  62.5%  1011  841s
  1644  1484 50345.9321   51 1055 33800.7096 54912.5075  62.5%   958  850s
H 1690  1484                    33800.709623 54912.5075  62.5%   949  850s
  1767  1601 49845.5303   59  954 33800.7096 54912.5075  62.5%   922  857s
  1902  1736 49676.7595   65  909 33800.7096 54912.5075  62.5%   882  867s
H 1951  1736                    33800.709641 54912.5075  62.5%   870  867s
  2057  1896 49372.8657   74  864 33800.7096 54912.5075  62.5%   839  875s
  2232  2072 48863.5801   86  919 33800.7096 54912.5075  62.5%   796  883s
  2436  2269 48559.1582   99  893 33800.7096 54912.5075  62.5%   747  891s
  2660  2459 47892.7008  111  825 33800.7096 54912.5075  62.5%   701  902s
  2885  2680 46680.6775  121  793 33800.7096 54912.5075  62.5%   663  911s
  3130  2921 infeasible  136      33800.7096 54912.5075  62.5%   628  920s
  3400  3235 43802.6154  154  639 33800.7096 54912.5075  62.5%   593  930s
  3739  3490 43132.1581  169  629 33800.7096 54912.5075  62.5%   551  940s
H 3882  3490                    33800.709658 54912.5075  62.5%   537  940s
  4037  3753 41347.8650  181  608 33800.7097 54912.5075  62.5%   522  951s
H 4179  3753                    33800.709673 54912.5075  62.5%   512  951s
  4359  4009 infeasible  188      33800.7097 54907.4146  62.4%   497  964s
  4665  4300 54822.1010    7 1678 33800.7097 54904.1235  62.4%   477  974s
  4986  4617 54416.5853   12 1211 33800.7097 54904.1235  62.4%   457  985s
  5333  4618 36811.6713  203 1127 33800.7097 54904.1235  62.4%   440 1064s
  5335  4619 52404.0355   85 1678 33800.7097 54904.1235  62.4%   440 1092s
  5336  4620 41901.3410  185 1366 33800.7097 54904.1235  62.4%   440 1119s
  5337  4621 47194.6546  142 1374 33800.7097 54904.1235  62.4%   440 1121s
  5339  4622 50074.6793   56 1259 33800.7097 54904.1235  62.4%   440 1125s
  5342  4624 53450.5922   26 1212 33800.7097 54904.1235  62.4%   439 1136s
  5345  4627 53901.9534   12 1127 33800.7097 54890.4565  62.4%   448 1169s
  5347  4628 53697.2218   39  696 33800.7097 54890.4565  62.4%   448 1252s
  5348  4629 47800.2156  137  643 33800.7097 54890.4565  62.4%   448 1263s
  5351  4631 34331.6525  264  588 33800.7097 54875.1934  62.3%   448 1269s
  5352  4632 46257.4465  145  554 33800.7097 54704.0878  61.8%   447 1283s
  5355  4634 53192.7749   47  564 33800.7097 54692.2798  61.8%   447 1289s
  5356  4634 50577.9661   76  537 33800.7097 54627.7049  61.6%   447 1304s
  5357  4635 45687.0454  197  527 33800.7097 54601.0135  61.5%   447 1305s
  5360  4637 54088.8511    8  572 33800.7097 54579.5907  61.5%   447 1312s
  5361  4638 48488.5859  113  515 33800.7097 54535.9455  61.3%   447 1332s
  5366  4641 52473.6365   52  556 33800.7097 54525.0215  61.3%   446 1340s
  5367  4642 53591.0007   29  531 33800.7097 54498.9244  61.2%   446 1356s
  5371  4644 44247.0546  118  574 33800.7097 54488.9063  61.2%   446 1364s
  5372  4645 37282.9556  312  654 33800.7097 54472.1328  61.2%   446 1380s
  5376  4648 45403.4815  134  694 33800.7097 54463.2672  61.1%   445 1388s
  5377  4648 54404.9937   23  597 33800.7097 54404.9937  61.0%   445 1406s
  5380  4650 51259.0066   82  647 33800.7097 54400.8747  60.9%   445 1414s
  5381  4651 53759.0465   17  582 33800.7097 54375.8403  60.9%   445 1433s
  5384  4653 49372.8657   72  709 33800.7097 54361.9039  60.8%   445 1440s
  5385  4654 51366.2754   33  630 33800.7097 54341.6352  60.8%   445 1446s
H 5388  4422                    34406.747754 54329.4688  57.9%   444 1452s
  5390  4423 54319.2687   17  559 34406.7478 54319.2687  57.9%   444 1460s
  5396  4427 34406.7478  218  622 34406.7478 54302.3885  57.8%   444 1469s
H 5396  4205                    34850.153942 54292.0710  55.8%   444 1495s
  5398  4206 53633.5001   33  595 34850.1539 54288.2782  55.8%   444 1504s
  5399  4207 45403.6520  150  622 34850.1539 54285.1304  55.8%   444 1505s
  5401  4208 47123.5800  110  602 34850.1539 54283.8546  55.8%   443 1513s
  5402  4209 47800.2156  137  534 34850.1539 54271.1983  55.7%   443 1520s
  5405  4211 47142.8742   89  637 34850.1539 54265.8073  55.7%   443 1527s
  5406  4212 54220.0468   21  531 34850.1539 54251.1484  55.7%   443 1534s
  5407  4212 46978.8595   96  559 34850.1539 54249.4156  55.7%   443 1535s
  5410  4214 53810.9420   22  598 34850.1539 54245.9200  55.7%   443 1543s
  5411  4215 44920.1564  139  489 34850.1539 54239.1250  55.6%   443 1550s
  5414  4217 42017.4759  146  601 34850.1539 54233.3110  55.6%   442 1558s
H 5414  4005                    35321.353349 54222.8110  53.5%   442 1580s
H 5415  3804                    35345.063748 54222.8110  53.4%   442 1592s
H 5415  3613                    35356.089992 54222.8110  53.4%   442 1592s
  5416  3613 49353.5881  107  641 35356.0900 54222.0684  53.4%   442 1595s
  5418  3615 50499.6347   86  636 35356.0900 54188.4410  53.3%   442 1602s
  5420  3616 49320.9693   56  632 35356.0900 54183.3808  53.3%   442 1605s
  5422  3617 50327.5761   74  606 35356.0900 54182.1383  53.2%   442 1610s
  5424  3619 52009.6859   73  587 35356.0900 54170.2434  53.2%   442 1615s
  5426  3620 53092.0712   22  567 35356.0900 54164.9468  53.2%   441 1620s
  5429  3622 54159.0618   13  600 35356.0900 54159.0618  53.2%   441 1628s
  5430  3623 41305.8505  198  543 35356.0900 54156.2906  53.2%   441 1633s
  5432  3624 39858.1110  158  632 35356.0900 54149.7821  53.2%   441 1635s
  5434  3625 35356.0900  195  627 35356.0900 54147.9420  53.2%   441 1641s
  5435  3626 52404.0355   85  543 35356.0900 54144.1655  53.1%   441 1648s
  5437  3627 47194.6546  142  634 35356.0900 54140.8402  53.1%   440 1650s
  5439  3629 50074.6793   56  521 35356.0900 54139.4382  53.1%   440 1658s
  5440  3629 53467.3149   44  604 35356.0900 54139.1435  53.1%   440 1662s
  5441  3630 48769.6411   95  479 35356.0900 54137.9332  53.1%   440 1666s
  5443  3631 48578.6614  118  564 35356.0900 54135.7498  53.1%   440 1673s
  5445  3633 53901.9534   12  597 35356.0900 54133.9884  53.1%   440 1677s
  5446  3633 51146.7785   56  516 35356.0900 54132.8595  53.1%   440 1682s
  5448  3635 47800.2156  137  610 35356.0900 54130.3595  53.1%   440 1686s
  5449  3635 50074.6793   55  531 35356.0900 54129.4117  53.1%   439 1692s
  5450  3636 51723.3868  106  421 35356.0900 54129.4117  53.1%   439 1697s
  5452  3640 54116.6983   20  388 35356.0900 54116.6983  53.1%   490 1711s
  5458  3650 54102.6491   22  585 35356.0900 54110.5715  53.0%   492 1717s
  5466  3664 54092.2802   23  684 35356.0900 54102.4118  53.0%   496 1723s
  5482  3678 54057.2870   24  789 35356.0900 54089.9457  53.0%   510 1729s
  5502  3688 54052.4749   25  775 35356.0900 54079.0573  53.0%   522 1733s
  5522  3701 54030.1349   25  772 35356.0900 54079.0573  53.0%   532 1735s
  5562  3728 54013.1908   26  791 35356.0900 54079.0573  53.0%   537 1949s
H 5564  3543                    35394.331074 54079.0573  52.8%   537 1949s
H 5569  3367                    36564.728110 54079.0573  47.9%   538 1950s
  5606  3406 54041.2795   27  751 36564.7281 54079.0573  47.9%   545 1960s
  5661  3447 54028.8662   29  737 36564.7281 54079.0573  47.9%   554 1968s
  5692  3469 54041.5440   29  823 36564.7281 54079.0573  47.9%   560 1973s
  5725  3490 54036.5506   30  827 36564.7281 54079.0573  47.9%   564 1981s
  5757  3518 53979.3873   30  846 36564.7281 54079.0573  47.9%   566 1985s
  5836  3569 54010.6077   32  813 36564.7281 54079.0573  47.9%   571 1994s
  5873  3598 54015.8900   32  799 36564.7281 54079.0573  47.9%   575 2002s
  5914  3633 54009.6388   33  785 36564.7281 54079.0573  47.9%   577 2007s
  5963  3669 53972.6530   33  759 36564.7281 54079.0573  47.9%   581 2013s
  6015  3710 53991.7729   34  830 36564.7281 54079.0573  47.9%   586 2018s
  6074  3756 53957.1391   34  836 36564.7281 54079.0573  47.9%   590 2027s
  6142  3800 53926.5758   35  844 36564.7281 54079.0573  47.9%   592 2033s
  6209  3863 53986.6581   35  759 36564.7281 54079.0573  47.9%   595 2038s
  6296  3914 53840.9444   36  775 36564.7281 54079.0573  47.9%   597 2044s
  6382  3953 53927.8221   37  746 36564.7281 54079.0573  47.9%   596 2054s
  6458  4011 53927.8221   38  740 36564.7281 54079.0573  47.9%   598 2060s
  6543  4096 53925.2622   39  811 36564.7281 54079.0573  47.9%   599 2066s
  6662  4182 53908.9267   40  767 36564.7281 54079.0573  47.9%   595 2073s
  6794  4247 53888.8340   41  736 36564.7281 54079.0573  47.9%   591 2084s
  6925  4263 53756.5823   42  701 36564.7281 54079.0573  47.9%   586 2092s
  7027  4313 53734.1987   43  757 36564.7281 54079.0573  47.9%   587 2101s
  7151  4316 53732.3580   44  765 36564.7281 54079.0573  47.9%   589 2109s
  7237  4368 53692.5306   45  772 36564.7281 54079.0573  47.9%   596 2121s
  7332  4404 53690.3042   46  783 36564.7281 54079.0573  47.9%   600 2131s
  7438  4442 53686.3483   48  752 36564.7281 54079.0573  47.9%   605 2139s
  7512  4518 53383.8567   49  700 36564.7281 54079.0573  47.9%   613 2147s
  7614  4597 53082.3146   50  716 36564.7281 54079.0573  47.9%   617 2161s
  7727  4697 53075.6681   52  708 36564.7281 54079.0573  47.9%   617 2170s
  7865  4769 53057.2546   53  702 36564.7281 54079.0573  47.9%   617 2608s
H 7899  4584                    37058.508415 54079.0573  45.9%   619 2608s
  7991  4698 52980.5160   55  642 37058.5084 54079.0573  45.9%   617 2618s
H 8138  4662                    37059.874258 54079.0573  45.9%   617 2635s
  8309  4901 53029.5467   59  662 37059.8743 54079.0573  45.9%   616 2651s
  8617  5107 52951.2306   61  664 37059.8743 54079.0573  45.9%   604 2668s
  8968  5354 52856.3725   64  652 37059.8743 54079.0573  45.9%   590 2686s
H 9177  5135                    37059.874262 54079.0573  45.9%   587 2686s
  9409  5376 52839.5548   67  632 37059.8743 54079.0573  45.9%   575 2705s
H 9710  5134                    37059.874266 54079.0573  45.9%   570 2705s
  9795  5427 52838.2209   68  633 37059.8743 54079.0573  45.9%   567 2721s
 10169  5607 52828.2779   71  628 37059.8743 54079.0573  45.9%   563 2741s
H10387  5399                    37059.874269 54079.0573  45.9%   560 2741s
 10589  5755 52806.4007   73  627 37059.8743 54079.0573  45.9%   557 2760s
 11019  6171 52763.5427   78  631 37059.8743 54079.0573  45.9%   553 2775s
 11605  6557 51925.7576   82  577 37059.8743 54079.0573  45.9%   539 2794s
 12300  6830 51911.3529   83  587 37059.8743 54079.0573  45.9%   522 2811s
 12922  7170 51894.0989   87  565 37059.8743 54079.0573  45.9%   511 2838s
 13530  7650 51835.4121   90  559 37059.8743 54079.0573  45.9%   502 2855s
 14152  8272 51710.7063   92  552 37059.8743 54079.0573  45.9%   493 2881s
 14792  9256 51621.0517   95  577 37059.8743 54079.0573  45.9%   484 2910s
 15864 10259 51320.5749  100  507 37059.8743 54079.0573  45.9%   462 2929s
 16999 11171 50817.5159  105  499 37059.8743 54079.0573  45.9%   439 2961s
 18115 11811 50816.0116  110  516 37059.8743 54079.0573  45.9%   419 2982s
 19017 12553 50466.4525  119  460 37059.8743 54079.0573  45.9%   408 3015s
 19839 13340 50105.6035  126  443 37059.8743 54079.0573  45.9%   401 3035s
 20804 14133 49444.9691  132  441 37059.8743 54079.0573  45.9%   392 3071s
 21745 14987 49080.5333  142  390 37059.8743 54079.0573  45.9%   384 3092s
 22709 16082 47665.0356  169  336 37059.8743 54079.0573  45.9%   377 3133s
 23881 17684 45549.8969  194  347 37059.8743 54079.0573  45.9%   366 3190s
 25737 18100 42922.2378  242  255 37059.8743 54079.0573  45.9%   352 3227s
H25747 18087                    37138.159943 54079.0573  45.6%   352 3227s
 26281 18104 42329.3097  258  224 37138.1599 54079.0573  45.6%   348 3626s

Cutting planes:
  Learned: 136
  Gomory: 271
  Lift-and-project: 660
  Cover: 1304
  Projected implied bound: 36
  MIR: 5772
  StrongCG: 33
  Flow cover: 6122
  Zero half: 53
  Network: 6
  RLT: 32
  Relax-and-lift: 70

Explored 26306 nodes (9393749 simplex iterations) in 3627.23 seconds (3966.58 work units)
Thread count was 20 (of 20 available processors)

Solution count 10: 37138.2 37059.9 37059.9 ... 35345.1

Time limit reached
Best objective 3.713815994270e+04, best bound 5.407905727750e+04, gap 45.6159%
