05/02/2026 11:26:42 AM INFO proposed_lbbd_solver - setup_solver_logging: ================================================================================
05/02/2026 11:26:42 AM INFO proposed_lbbd_solver - setup_solver_logging: Logging started. Log file: D:\Project_Code\Paper\DP_LBBD_1\DP_lbbd\Algorithm\Results\proposed_lbbd\medium\exp_5f_35j_seed3\log\exp_5f_35j_seed3_running.log
05/02/2026 11:26:42 AM INFO proposed_lbbd_solver - print: Feasible pairs: 118/175
05/02/2026 11:26:42 AM INFO proposed_lbbd_solver - print: [Preprocess] Infeasible assignment detected: order 7 → factory 1 (E=64.20 > deadline=58.70)
05/02/2026 11:26:42 AM INFO proposed_lbbd_solver - print: [Preprocess] Infeasible assignment detected: order 16 → factory 1 (E=65.22 > deadline=63.40)
05/02/2026 11:26:42 AM INFO proposed_lbbd_solver - print: [Preprocess] Infeasible assignment detected: order 19 → factory 1 (E=106.23 > deadline=104.00)
05/02/2026 11:26:42 AM INFO proposed_lbbd_solver - print: [Preprocess] Infeasible assignments detected: 3
05/02/2026 11:26:42 AM INFO proposed_lbbd_solver - print: [Preprocess] Unprofitable assignment detected: order 1 → factory 1
05/02/2026 11:26:42 AM INFO proposed_lbbd_solver - print: [Preprocess] Unprofitable assignment detected: order 5 → factory 1
05/02/2026 11:26:42 AM INFO proposed_lbbd_solver - print: [Preprocess] Unprofitable assignment detected: order 7 → factory 1
05/02/2026 11:26:42 AM INFO proposed_lbbd_solver - print: [Preprocess] Unprofitable assignment detected: order 10 → factory 3
05/02/2026 11:26:42 AM INFO proposed_lbbd_solver - print: [Preprocess] Unprofitable assignment detected: order 17 → factory 1
05/02/2026 11:26:42 AM INFO proposed_lbbd_solver - print: [Preprocess] Unprofitable assignment detected: order 17 → factory 3
05/02/2026 11:26:42 AM INFO proposed_lbbd_solver - print: [Preprocess] Unprofitable assignment detected: order 18 → factory 2
05/02/2026 11:26:42 AM INFO proposed_lbbd_solver - print: [Preprocess] Unprofitable assignment detected: order 18 → factory 3
05/02/2026 11:26:42 AM INFO proposed_lbbd_solver - print: [Preprocess] Unprofitable assignment detected: order 19 → factory 1
05/02/2026 11:26:42 AM INFO proposed_lbbd_solver - print: [Preprocess] Unprofitable assignment detected: order 23 → factory 1
05/02/2026 11:26:42 AM INFO proposed_lbbd_solver - print: [Preprocess] Unprofitable assignment detected: order 23 → factory 3
05/02/2026 11:26:42 AM INFO proposed_lbbd_solver - print: [Preprocess] Unprofitable assignment detected: order 28 → factory 3
05/02/2026 11:26:42 AM INFO proposed_lbbd_solver - print: [Preprocess] Unprofitable assignment detected: order 30 → factory 1
05/02/2026 11:26:42 AM INFO proposed_lbbd_solver - print: [Preprocess] Unprofitable assignment detected: order 34 → factory 2
05/02/2026 11:26:42 AM INFO proposed_lbbd_solver - print: [Preprocess] Unprofitable assignment detected: order 34 → factory 5
05/02/2026 11:26:42 AM INFO proposed_lbbd_solver - print: [Preprocess] Unprofitable assignments: 15
05/02/2026 11:26:42 AM INFO proposed_lbbd_solver - print: [Preprocess] Unprofitable orders: 0
05/02/2026 11:26:42 AM INFO proposed_lbbd_solver - print: [Preprocess] High-risk orders: 26
05/02/2026 11:26:42 AM INFO proposed_lbbd_solver - print: [Preprocess] Pairwise conflict detected: order 1 and order 7 in factory 1
05/02/2026 11:26:42 AM INFO proposed_lbbd_solver - print: [Preprocess] Pairwise conflict detected: order 1 and order 13 in factory 1
05/02/2026 11:26:42 AM INFO proposed_lbbd_solver - print: [Preprocess] Pairwise conflict detected: order 1 and order 16 in factory 1
05/02/2026 11:26:42 AM INFO proposed_lbbd_solver - print: [Preprocess] Pairwise conflict detected: order 1 and order 19 in factory 1
05/02/2026 11:26:42 AM INFO proposed_lbbd_solver - print: [Preprocess] Pairwise conflict detected: order 7 and order 13 in factory 1
05/02/2026 11:26:42 AM INFO proposed_lbbd_solver - print: [Preprocess] Pairwise conflict detected: order 7 and order 16 in factory 1
05/02/2026 11:26:42 AM INFO proposed_lbbd_solver - print: [Preprocess] Pairwise conflict detected: order 7 and order 19 in factory 1
05/02/2026 11:26:42 AM INFO proposed_lbbd_solver - print: [Preprocess] Pairwise conflict detected: order 7 and order 29 in factory 1
05/02/2026 11:26:42 AM INFO proposed_lbbd_solver - print: [Preprocess] Pairwise conflict detected: order 13 and order 16 in factory 1
05/02/2026 11:26:42 AM INFO proposed_lbbd_solver - print: [Preprocess] Pairwise conflict detected: order 13 and order 19 in factory 1
05/02/2026 11:26:42 AM INFO proposed_lbbd_solver - print: [Preprocess] Pairwise conflict detected: order 16 and order 19 in factory 1
05/02/2026 11:26:42 AM INFO proposed_lbbd_solver - print: [Preprocess] Pairwise conflict detected: order 16 and order 29 in factory 1
05/02/2026 11:26:42 AM INFO proposed_lbbd_solver - print: [Preprocess] Pairwise conflict detected: order 19 and order 29 in factory 1
05/02/2026 11:26:42 AM INFO proposed_lbbd_solver - print: [Preprocess] Pairwise conflict detected: order 18 and order 34 in factory 2
05/02/2026 11:26:42 AM INFO proposed_lbbd_solver - print: [Preprocess] Pairwise conflict detected: order 4 and order 10 in factory 3
05/02/2026 11:26:42 AM INFO proposed_lbbd_solver - print: [Preprocess] Pairwise conflict detected: order 4 and order 28 in factory 3
05/02/2026 11:26:42 AM INFO proposed_lbbd_solver - print: [Preprocess] Pairwise conflict detected: order 10 and order 17 in factory 3
05/02/2026 11:26:42 AM INFO proposed_lbbd_solver - print: [Preprocess] Pairwise conflict detected: order 10 and order 19 in factory 3
05/02/2026 11:26:42 AM INFO proposed_lbbd_solver - print: [Preprocess] Pairwise conflict detected: order 10 and order 28 in factory 3
05/02/2026 11:26:42 AM INFO proposed_lbbd_solver - print: [Preprocess] Pairwise conflict detected: order 17 and order 28 in factory 3
05/02/2026 11:26:42 AM INFO proposed_lbbd_solver - print: [Preprocess] Pairwise conflict detected: order 2 and order 14 in factory 5
05/02/2026 11:26:42 AM INFO proposed_lbbd_solver - print: [Preprocess] Pairwise conflicts detected: 21
05/02/2026 11:26:42 AM INFO proposed_lbbd_solver - print: [Preprocess] Factory 1 has 4 clusters from 19 orders
05/02/2026 11:26:42 AM INFO proposed_lbbd_solver - print: [Preprocess] Cluster conflict detected: factory 1, orders [8, 14, 16, 24, 25, 29, 32]
05/02/2026 11:26:42 AM INFO proposed_lbbd_solver - print: [Preprocess] Cluster conflict detected: factory 1, orders [6, 10, 13, 20, 21, 22]
05/02/2026 11:26:42 AM INFO proposed_lbbd_solver - print: [Preprocess] Cluster conflict detected: factory 1, orders [2, 9, 12, 28, 31]
05/02/2026 11:26:42 AM INFO proposed_lbbd_solver - print: [Preprocess] Factory 2 has 4 clusters from 20 orders
05/02/2026 11:26:42 AM INFO proposed_lbbd_solver - print: [Preprocess] Cluster conflict detected: factory 2, orders [1, 4, 6, 9, 10, 13, 17, 19]
05/02/2026 11:26:43 AM INFO proposed_lbbd_solver - print: [Preprocess] Cluster conflict detected: factory 2, orders [7, 14, 24, 25, 32, 33]
05/02/2026 11:26:43 AM INFO proposed_lbbd_solver - print: [Preprocess] Factory 3 has 4 clusters from 23 orders
05/02/2026 11:26:43 AM INFO proposed_lbbd_solver - print: [Preprocess] Cluster conflict detected: factory 3, orders [1, 3, 4, 9, 11, 19, 20, 21, 22, 34]
05/02/2026 11:26:43 AM INFO proposed_lbbd_solver - print: [Preprocess] Cluster conflict detected: factory 3, orders [8, 16, 24, 25, 29, 32, 33]
05/02/2026 11:26:43 AM INFO proposed_lbbd_solver - print: [Preprocess] Cluster conflict detected: factory 3, orders [2, 15, 26]
05/02/2026 11:26:43 AM INFO proposed_lbbd_solver - print: [Preprocess] Factory 4 has 4 clusters from 20 orders
05/02/2026 11:26:43 AM INFO proposed_lbbd_solver - print: [Preprocess] Cluster conflict detected: factory 4, orders [12, 17, 13, 1, 4, 34, 10, 11, 20, 6, 18]
05/02/2026 11:26:43 AM INFO proposed_lbbd_solver - print: [Preprocess] Cluster conflict detected: factory 4, orders [7, 14, 16, 25, 32, 33]
05/02/2026 11:26:43 AM INFO proposed_lbbd_solver - print: [Preprocess] Factory 5 has 4 clusters from 21 orders
05/02/2026 11:26:43 AM INFO proposed_lbbd_solver - print: [Preprocess] Cluster conflict detected: factory 5, orders [1, 4, 6, 11, 12, 18, 21, 35]
05/02/2026 11:26:43 AM INFO proposed_lbbd_solver - print: [Preprocess] Cluster conflict detected: factory 5, orders [8, 14, 16, 25, 32, 33]
05/02/2026 11:26:43 AM INFO proposed_lbbd_solver - print: [Preprocess] Cluster conflict detected: factory 5, orders [2, 5, 26, 29]
05/02/2026 11:26:43 AM INFO proposed_lbbd_solver - print: [Preprocess] Cluster conflicts detected: 13
05/02/2026 11:26:43 AM INFO proposed_lbbd_solver - print: [Master Enhancement] Capacity feasibility enhancement constrains: 3000
05/02/2026 11:26:43 AM INFO proposed_lbbd_solver - print: [Master Modeling] Earliest completion lower bounds constraints: 3
05/02/2026 11:26:43 AM INFO proposed_lbbd_solver - print: [Master Modeling] Makespan-based delay bounds constraints: 18
05/02/2026 11:26:43 AM INFO proposed_lbbd_solver - print: [Master Enhancement] Lower bound delay cost enhancement constrains: 3780
05/02/2026 11:26:43 AM INFO proposed_lbbd_solver - print: 
05/02/2026 11:26:43 AM INFO proposed_lbbd_solver - print: [Model Statistics]
05/02/2026 11:26:43 AM INFO proposed_lbbd_solver - print:   Variables: 168
05/02/2026 11:26:43 AM INFO proposed_lbbd_solver - print:   Constraints: 6880
05/02/2026 11:26:43 AM INFO proposed_lbbd_solver - print: 
05/02/2026 11:26:43 AM INFO proposed_lbbd_solver - print: [Preprocess Statistics]
05/02/2026 11:26:43 AM INFO proposed_lbbd_solver - print:   Infeasible eliminated: 3
05/02/2026 11:26:43 AM INFO proposed_lbbd_solver - print:   Unprofitable orders: 0
05/02/2026 11:26:43 AM INFO proposed_lbbd_solver - print:   Unprofitable assignments: 15
05/02/2026 11:26:43 AM INFO proposed_lbbd_solver - print:   Pairwise conflicts: 21
05/02/2026 11:26:43 AM INFO proposed_lbbd_solver - print:   Cluster conflicts: 12
05/02/2026 11:26:43 AM INFO proposed_lbbd_solver - print: 
05/02/2026 11:26:43 AM INFO proposed_lbbd_solver - print: [Master Enhancement Statistics]
05/02/2026 11:26:43 AM INFO proposed_lbbd_solver - print:   Capacity feasibility enhancement constrains: 3000
05/02/2026 11:26:43 AM INFO proposed_lbbd_solver - print:   Lower bound delay cost enhancement constrains: 3780
05/02/2026 11:26:43 AM INFO proposed_lbbd_solver - _callback: [Gurobi] Gurobi Optimizer version 10.0.1 build v10.0.1rc0 (win64)
05/02/2026 11:26:43 AM INFO proposed_lbbd_solver - _callback: [Gurobi] CPU model: Intel(R) Core(TM) Ultra 7 265KF, instruction set [SSE2|AVX|AVX2]
05/02/2026 11:26:43 AM INFO proposed_lbbd_solver - _callback: [Gurobi] Thread count: 20 physical cores, 20 logical processors, using up to 20 threads
05/02/2026 11:26:43 AM INFO proposed_lbbd_solver - _callback: [Gurobi] Optimize a model with 6880 rows, 168 columns and 62005 nonzeros
05/02/2026 11:26:43 AM INFO proposed_lbbd_solver - _callback: [Gurobi] Model fingerprint: 0xa39f61e7
05/02/2026 11:26:43 AM INFO proposed_lbbd_solver - _callback: [Gurobi] Variable types: 15 continuous, 153 integer (153 binary)
05/02/2026 11:26:43 AM INFO proposed_lbbd_solver - _callback: [Gurobi] Coefficient statistics:
05/02/2026 11:26:43 AM INFO proposed_lbbd_solver - _callback: [Gurobi] Matrix range     [1e+00, 1e+03]
05/02/2026 11:26:43 AM INFO proposed_lbbd_solver - _callback: [Gurobi] Objective range  [1e+00, 2e+03]
05/02/2026 11:26:43 AM INFO proposed_lbbd_solver - _callback: [Gurobi] Bounds range     [1e+00, 2e+04]
05/02/2026 11:26:43 AM INFO proposed_lbbd_solver - _callback: [Gurobi] RHS range        [1e+00, 4e+03]
05/02/2026 11:26:43 AM INFO proposed_lbbd_solver - print: ***[Validated]*** obj=0.00, delay=0.00, bound=10000000000000000159028911097599180468360808563945281389781327557747838772170381060813469985856815104.00, gap=999999999999999977049513265245336628446842719924150006129995974731993452180789911303261294481511546880.00%, t=0.0s
05/02/2026 11:26:43 AM INFO proposed_lbbd_solver - _callback: [Gurobi] Found heuristic solution: objective -0.0000000
05/02/2026 11:26:43 AM INFO proposed_lbbd_solver - _callback: [Gurobi] Presolve removed 1232 rows and 18 columns
05/02/2026 11:26:43 AM INFO proposed_lbbd_solver - _callback: [Gurobi] Presolve time: 0.06s
05/02/2026 11:26:43 AM INFO proposed_lbbd_solver - _callback: [Gurobi] Presolved: 5648 rows, 150 columns, 54257 nonzeros
05/02/2026 11:26:43 AM INFO proposed_lbbd_solver - _callback: [Gurobi] Variable types: 15 continuous, 135 integer (135 binary)
05/02/2026 11:26:43 AM INFO proposed_lbbd_solver - print: >>>Parallel subproblem time: 0.024s for 5 factories
05/02/2026 11:26:43 AM INFO proposed_lbbd_solver - print:  Added optimal optimality cut: factory=1, orders=[8, 9, 14, 20, 22, 24], cost=347.21, theta_est=0.00
05/02/2026 11:26:43 AM INFO proposed_lbbd_solver - print:  Added optimal optimality cut: factory=2, orders=[2, 4, 6, 7, 10, 19, 32], cost=889.76, theta_est=0.00
05/02/2026 11:26:43 AM INFO proposed_lbbd_solver - print:  Added optimal optimality cut: factory=5, orders=[5, 11, 21, 26, 35], cost=518.86, theta_est=0.00
05/02/2026 11:26:43 AM INFO proposed_lbbd_solver - print: ***[Validated]*** obj=11136.99, delay=1755.83, bound=40297.14, gap=261.83%, t=0.1s
05/02/2026 11:26:43 AM INFO proposed_lbbd_solver - _callback: [Gurobi] Root relaxation presolved: 5651 rows, 150 columns, 54278 nonzeros
05/02/2026 11:26:43 AM INFO proposed_lbbd_solver - _callback: [Gurobi] Root relaxation: objective 1.711572e+04, 63 iterations, 0.01 seconds (0.02 work units)
05/02/2026 11:26:43 AM INFO proposed_lbbd_solver - _callback: [Gurobi] Nodes    |    Current Node    |     Objective Bounds      |     Work
05/02/2026 11:26:43 AM INFO proposed_lbbd_solver - _callback: [Gurobi] Expl Unexpl |  Obj  Depth IntInf | Incumbent    BestBd   Gap | It/Node Time
05/02/2026 11:26:43 AM INFO proposed_lbbd_solver - _callback: [Gurobi] 0     0 17115.7200    0   21   -0.00000 17115.7200      -     -    0s
05/02/2026 11:26:43 AM INFO proposed_lbbd_solver - print: >>>Parallel subproblem time: 0.025s for 5 factories
05/02/2026 11:26:43 AM INFO proposed_lbbd_solver - print:  Added optimal optimality cut: factory=1, orders=[6, 14, 20, 24, 27], cost=406.70, theta_est=38.27
05/02/2026 11:26:43 AM INFO proposed_lbbd_solver - print:  Added optimal optimality cut: factory=5, orders=[8, 16, 21, 29, 35], cost=162.37, theta_est=0.00
05/02/2026 11:26:43 AM INFO proposed_lbbd_solver - print: ***[Validated]*** obj=13626.09, delay=569.06, bound=17115.72, gap=25.61%, t=0.1s
05/02/2026 11:26:44 AM INFO proposed_lbbd_solver - print: >>>Parallel subproblem time: 0.027s for 5 factories
05/02/2026 11:26:44 AM INFO proposed_lbbd_solver - _callback: [Gurobi] H    0     0                    13626.092068 17115.7200  25.6%     -    0s
05/02/2026 11:26:44 AM INFO proposed_lbbd_solver - print: >>>Parallel subproblem time: 0.025s for 5 factories
05/02/2026 11:26:44 AM INFO proposed_lbbd_solver - print:  Added optimal optimality cut: factory=3, orders=[1, 3, 22, 30, 31], cost=707.04, theta_est=253.05
05/02/2026 11:26:44 AM INFO proposed_lbbd_solver - print:  Added optimal optimality cut: factory=4, orders=[4, 7, 11, 13, 15, 17, 18, 23, 33], cost=331.27, theta_est=125.61
05/02/2026 11:26:44 AM INFO proposed_lbbd_solver - print: ***[Validated]*** obj=15246.74, delay=1607.37, bound=17115.72, gap=12.26%, t=0.2s
05/02/2026 11:26:44 AM INFO proposed_lbbd_solver - print: >>>Parallel subproblem time: 0.027s for 5 factories
05/02/2026 11:26:44 AM INFO proposed_lbbd_solver - _callback: [Gurobi] H    0     0                    15246.738899 17115.7200  12.3%     -    0s
05/02/2026 11:26:44 AM INFO proposed_lbbd_solver - print: >>>Parallel subproblem time: 0.024s for 5 factories
05/02/2026 11:26:44 AM INFO proposed_lbbd_solver - print:  Added feasibility cut: factory=1, conflict orders=[2, 6, 12, 14, 20, 24, 27]
05/02/2026 11:26:44 AM INFO proposed_lbbd_solver - _callback: [Gurobi] 0     0 17010.9441    0   31 15246.7389 17010.9441  11.6%     -    0s
05/02/2026 11:26:44 AM INFO proposed_lbbd_solver - print: >>>Parallel subproblem time: 0.059s for 5 factories
05/02/2026 11:26:44 AM INFO proposed_lbbd_solver - print:  Added optimal optimality cut: factory=3, orders=[1, 3, 8, 22, 30, 31], cost=1563.39, theta_est=707.04
05/02/2026 11:26:44 AM INFO proposed_lbbd_solver - print:  Added optimal optimality cut: factory=4, orders=[4, 7, 11, 12, 13, 15, 18, 23, 33], cost=711.08, theta_est=331.27
05/02/2026 11:26:44 AM INFO proposed_lbbd_solver - print: >>>Parallel subproblem time: 0.027s for 5 factories
05/02/2026 11:26:44 AM INFO proposed_lbbd_solver - print:  Added optimal optimality cut: factory=1, orders=[2, 6, 14, 20, 22, 24], cost=72.42, theta_est=61.12
05/02/2026 11:26:44 AM INFO proposed_lbbd_solver - print:  Added optimal optimality cut: factory=4, orders=[4, 7, 11, 12, 13, 15, 17, 18, 23, 33], cost=2447.17, theta_est=712.29
05/02/2026 11:26:44 AM INFO proposed_lbbd_solver - print:  Added optimal optimality cut: factory=5, orders=[1, 8, 16, 21, 29, 35], cost=863.10, theta_est=162.37
05/02/2026 11:26:44 AM INFO proposed_lbbd_solver - _callback: [Gurobi] 0     0 16943.8354    0   31 15246.7389 16943.8354  11.1%     -    0s
05/02/2026 11:26:44 AM INFO proposed_lbbd_solver - _callback: [Gurobi] 0     0 16933.9482    0   34 15246.7389 16933.9482  11.1%     -    0s
05/02/2026 11:26:44 AM INFO proposed_lbbd_solver - _callback: [Gurobi] 0     0 16929.3275    0   35 15246.7389 16929.3275  11.0%     -    0s
05/02/2026 11:26:44 AM INFO proposed_lbbd_solver - _callback: [Gurobi] 0     0 16928.4392    0   35 15246.7389 16928.4392  11.0%     -    0s
05/02/2026 11:26:44 AM INFO proposed_lbbd_solver - _callback: [Gurobi] 0     0 16928.4007    0   37 15246.7389 16928.4007  11.0%     -    0s
05/02/2026 11:26:44 AM INFO proposed_lbbd_solver - _callback: [Gurobi] 0     0 16891.8594    0   39 15246.7389 16891.8594  10.8%     -    0s
05/02/2026 11:26:44 AM INFO proposed_lbbd_solver - print: >>>Parallel subproblem time: 0.058s for 5 factories
05/02/2026 11:26:44 AM INFO proposed_lbbd_solver - print:  Added optimal optimality cut: factory=2, orders=[7, 9, 10, 19, 25, 26, 28], cost=53.24, theta_est=0.00
05/02/2026 11:26:44 AM INFO proposed_lbbd_solver - print:  Added optimal optimality cut: factory=3, orders=[3, 8, 27, 30, 31], cost=208.77, theta_est=13.55
05/02/2026 11:26:44 AM INFO proposed_lbbd_solver - print:  Added optimal optimality cut: factory=4, orders=[4, 11, 12, 13, 15, 17, 18, 23, 33], cost=1814.25, theta_est=514.82
05/02/2026 11:26:44 AM INFO proposed_lbbd_solver - print:  Added optimal optimality cut: factory=5, orders=[1, 16, 21, 29, 35], cost=598.54, theta_est=29.33
05/02/2026 11:26:44 AM INFO proposed_lbbd_solver - _callback: [Gurobi] 0     0 16870.2417    0   37 15246.7389 16870.2417  10.6%     -    0s
05/02/2026 11:26:44 AM INFO proposed_lbbd_solver - _callback: [Gurobi] 0     0 16864.4716    0   39 15246.7389 16864.4716  10.6%     -    0s
05/02/2026 11:26:44 AM INFO proposed_lbbd_solver - _callback: [Gurobi] 0     0 16864.2413    0   37 15246.7389 16864.2413  10.6%     -    0s
05/02/2026 11:26:44 AM INFO proposed_lbbd_solver - _callback: [Gurobi] 0     0 16838.4377    0   44 15246.7389 16838.4377  10.4%     -    0s
05/02/2026 11:26:44 AM INFO proposed_lbbd_solver - print: >>>Parallel subproblem time: 0.030s for 5 factories
05/02/2026 11:26:44 AM INFO proposed_lbbd_solver - print:  Added optimal optimality cut: factory=3, orders=[1, 27, 30, 31], cost=6.65, theta_est=0.00
05/02/2026 11:26:44 AM INFO proposed_lbbd_solver - print:  Added optimal optimality cut: factory=4, orders=[7, 11, 12, 13, 15, 18, 23, 33], cost=58.86, theta_est=0.00
05/02/2026 11:26:44 AM INFO proposed_lbbd_solver - print:  Added optimal optimality cut: factory=5, orders=[3, 8, 16, 21, 35], cost=281.16, theta_est=12.12
05/02/2026 11:26:44 AM INFO proposed_lbbd_solver - print: ***[Validated]*** obj=15269.90, delay=346.66, bound=16838.44, gap=10.27%, t=0.8s
05/02/2026 11:26:44 AM INFO proposed_lbbd_solver - print: >>>Parallel subproblem time: 0.023s for 5 factories
05/02/2026 11:26:44 AM INFO proposed_lbbd_solver - _callback: [Gurobi] H    0     0                    15269.895337 16838.4377  10.3%     -    0s
05/02/2026 11:26:44 AM INFO proposed_lbbd_solver - _callback: [Gurobi] 0     0 16823.8392    0   38 15269.8953 16823.8392  10.2%     -    0s
05/02/2026 11:26:44 AM INFO proposed_lbbd_solver - _callback: [Gurobi] 0     0 16810.7551    0   42 15269.8953 16810.7551  10.1%     -    0s
05/02/2026 11:26:44 AM INFO proposed_lbbd_solver - _callback: [Gurobi] 0     0 16808.8795    0   42 15269.8953 16808.8795  10.1%     -    0s
05/02/2026 11:26:44 AM INFO proposed_lbbd_solver - _callback: [Gurobi] 0     0 16808.7189    0   42 15269.8953 16808.7189  10.1%     -    0s
05/02/2026 11:26:44 AM INFO proposed_lbbd_solver - _callback: [Gurobi] 0     0 16783.9789    0   40 15269.8953 16783.9789  9.92%     -    0s
05/02/2026 11:26:44 AM INFO proposed_lbbd_solver - print: >>>Parallel subproblem time: 0.023s for 5 factories
05/02/2026 11:26:44 AM INFO proposed_lbbd_solver - print:  Added optimal optimality cut: factory=3, orders=[1, 8, 27, 30, 31], cost=145.02, theta_est=6.65
05/02/2026 11:26:44 AM INFO proposed_lbbd_solver - print: >>>Parallel subproblem time: 0.028s for 5 factories
05/02/2026 11:26:44 AM INFO proposed_lbbd_solver - print:  Added optimal optimality cut: factory=3, orders=[1, 3, 27, 30, 31], cost=621.49, theta_est=253.05
05/02/2026 11:26:44 AM INFO proposed_lbbd_solver - print:  Added optimal optimality cut: factory=5, orders=[8, 12, 16, 21, 29, 35], cost=1256.78, theta_est=269.52
05/02/2026 11:26:44 AM INFO proposed_lbbd_solver - _callback: [Gurobi] 0     0 16780.5244    0   41 15269.8953 16780.5244  9.89%     -    0s
05/02/2026 11:26:44 AM INFO proposed_lbbd_solver - _callback: [Gurobi] 0     0 16775.7196    0   41 15269.8953 16775.7196  9.86%     -    0s
05/02/2026 11:26:44 AM INFO proposed_lbbd_solver - _callback: [Gurobi] 0     0 16774.0592    0   39 15269.8953 16774.0592  9.85%     -    0s
05/02/2026 11:26:44 AM INFO proposed_lbbd_solver - _callback: [Gurobi] 0     0 16773.7061    0   42 15269.8953 16773.7061  9.85%     -    0s
05/02/2026 11:26:44 AM INFO proposed_lbbd_solver - _callback: [Gurobi] 0     0 16771.4944    0   39 15269.8953 16771.4944  9.83%     -    1s
05/02/2026 11:26:44 AM INFO proposed_lbbd_solver - print: >>>Parallel subproblem time: 0.013s for 5 factories
05/02/2026 11:26:44 AM INFO proposed_lbbd_solver - print:  Added feasibility cut: factory=1, conflict orders=[2, 6, 12, 14, 20, 22, 24]
05/02/2026 11:26:44 AM INFO proposed_lbbd_solver - print:  Added optimal optimality cut: factory=5, orders=[3, 16, 21, 29, 35], cost=1287.72, theta_est=320.26
05/02/2026 11:26:44 AM INFO proposed_lbbd_solver - _callback: [Gurobi] 0     0 16769.4646    0   45 15269.8953 16769.4646  9.82%     -    1s
05/02/2026 11:26:44 AM INFO proposed_lbbd_solver - _callback: [Gurobi] 0     0 16768.5614    0   43 15269.8953 16768.5614  9.81%     -    1s
05/02/2026 11:26:44 AM INFO proposed_lbbd_solver - _callback: [Gurobi] 0     0 16768.5444    0   45 15269.8953 16768.5444  9.81%     -    1s
05/02/2026 11:26:45 AM INFO proposed_lbbd_solver - _callback: [Gurobi] 0     0 16765.8479    0   47 15269.8953 16765.8479  9.80%     -    1s
05/02/2026 11:26:45 AM INFO proposed_lbbd_solver - print: >>>Parallel subproblem time: 0.014s for 5 factories
05/02/2026 11:26:45 AM INFO proposed_lbbd_solver - print:  Added optimal optimality cut: factory=3, orders=[8, 27, 29, 30, 31], cost=389.85, theta_est=6.65
05/02/2026 11:26:45 AM INFO proposed_lbbd_solver - _callback: [Gurobi] 0     0 16765.7879    0   47 15269.8953 16765.7879  9.80%     -    1s
05/02/2026 11:26:45 AM INFO proposed_lbbd_solver - _callback: [Gurobi] 0     0 16765.6244    0   47 15269.8953 16765.6244  9.80%     -    1s
05/02/2026 11:26:45 AM INFO proposed_lbbd_solver - _callback: [Gurobi] 0     0 16764.3623    0   45 15269.8953 16764.3623  9.79%     -    1s
05/02/2026 11:26:45 AM INFO proposed_lbbd_solver - _callback: [Gurobi] 0     0 16762.9013    0   46 15269.8953 16762.9013  9.78%     -    1s
05/02/2026 11:26:45 AM INFO proposed_lbbd_solver - _callback: [Gurobi] 0     0 16762.6417    0   47 15269.8953 16762.6417  9.78%     -    1s
05/02/2026 11:26:45 AM INFO proposed_lbbd_solver - _callback: [Gurobi] 0     0 16762.5770    0   48 15269.8953 16762.5770  9.78%     -    1s
05/02/2026 11:26:45 AM INFO proposed_lbbd_solver - _callback: [Gurobi] 0     0 16762.5624    0   50 15269.8953 16762.5624  9.78%     -    1s
05/02/2026 11:26:45 AM INFO proposed_lbbd_solver - _callback: [Gurobi] 0     0 16760.6571    0   49 15269.8953 16760.6571  9.76%     -    1s
05/02/2026 11:26:45 AM INFO proposed_lbbd_solver - print: >>>Parallel subproblem time: 0.019s for 5 factories
05/02/2026 11:26:45 AM INFO proposed_lbbd_solver - print:  Added optimal optimality cut: factory=2, orders=[7, 9, 10, 19, 26, 28, 32], cost=33.25, theta_est=0.00
05/02/2026 11:26:45 AM INFO proposed_lbbd_solver - print:  Added optimal optimality cut: factory=3, orders=[1, 3, 25, 27, 31], cost=148.75, theta_est=0.00
05/02/2026 11:26:45 AM INFO proposed_lbbd_solver - print:  Added optimal optimality cut: factory=5, orders=[8, 12, 21, 29, 35], cost=478.20, theta_est=9.09
05/02/2026 11:26:45 AM INFO proposed_lbbd_solver - _callback: [Gurobi] 0     0 16759.3098    0   43 15269.8953 16759.3098  9.75%     -    1s
05/02/2026 11:26:45 AM INFO proposed_lbbd_solver - _callback: [Gurobi] 0     0 16759.0124    0   45 15269.8953 16759.0124  9.75%     -    1s
05/02/2026 11:26:45 AM INFO proposed_lbbd_solver - _callback: [Gurobi] 0     0 16752.0791    0   45 15269.8953 16752.0791  9.71%     -    1s
05/02/2026 11:26:45 AM INFO proposed_lbbd_solver - print: >>>Parallel subproblem time: 0.026s for 5 factories
05/02/2026 11:26:45 AM INFO proposed_lbbd_solver - print:  Added optimal optimality cut: factory=2, orders=[4, 9, 10, 19, 25, 26, 28, 32], cost=223.99, theta_est=181.19
05/02/2026 11:26:45 AM INFO proposed_lbbd_solver - print:  Added optimal optimality cut: factory=3, orders=[1, 3, 16, 27, 30, 31], cost=2315.55, theta_est=687.93
05/02/2026 11:26:45 AM INFO proposed_lbbd_solver - _callback: [Gurobi] 0     0 16751.3285    0   43 15269.8953 16751.3285  9.70%     -    1s
05/02/2026 11:26:45 AM INFO proposed_lbbd_solver - _callback: [Gurobi] 0     0 16751.1122    0   46 15269.8953 16751.1122  9.70%     -    1s
05/02/2026 11:26:45 AM INFO proposed_lbbd_solver - _callback: [Gurobi] 0     0 16750.3372    0   46 15269.8953 16750.3372  9.70%     -    1s
05/02/2026 11:26:45 AM INFO proposed_lbbd_solver - _callback: [Gurobi] 0     0 16750.2755    0   45 15269.8953 16750.2755  9.69%     -    1s
05/02/2026 11:26:45 AM INFO proposed_lbbd_solver - _callback: [Gurobi] 0     0 16750.2549    0   44 15269.8953 16750.2549  9.69%     -    1s
05/02/2026 11:26:45 AM INFO proposed_lbbd_solver - _callback: [Gurobi] 0     0 16749.9273    0   45 15269.8953 16749.9273  9.69%     -    1s
05/02/2026 11:26:45 AM INFO proposed_lbbd_solver - _callback: [Gurobi] 0     0 16749.7390    0   45 15269.8953 16749.7390  9.69%     -    1s
05/02/2026 11:26:45 AM INFO proposed_lbbd_solver - _callback: [Gurobi] 0     0 16749.7376    0   45 15269.8953 16749.7376  9.69%     -    1s
05/02/2026 11:26:45 AM INFO proposed_lbbd_solver - _callback: [Gurobi] 0     0 16746.8691    0   45 15269.8953 16746.8691  9.67%     -    1s
05/02/2026 11:26:45 AM INFO proposed_lbbd_solver - _callback: [Gurobi] 0     0 16746.5529    0   46 15269.8953 16746.5529  9.67%     -    1s
05/02/2026 11:26:45 AM INFO proposed_lbbd_solver - _callback: [Gurobi] 0     0 16746.5132    0   46 15269.8953 16746.5132  9.67%     -    1s
05/02/2026 11:26:45 AM INFO proposed_lbbd_solver - _callback: [Gurobi] 0     0 16745.1775    0   45 15269.8953 16745.1775  9.66%     -    1s
05/02/2026 11:26:45 AM INFO proposed_lbbd_solver - print: >>>Parallel subproblem time: 0.058s for 5 factories
05/02/2026 11:26:45 AM INFO proposed_lbbd_solver - print:  Added optimal optimality cut: factory=3, orders=[1, 16, 22, 27, 30, 31], cost=1370.62, theta_est=482.93
05/02/2026 11:26:45 AM INFO proposed_lbbd_solver - print:  Added optimal optimality cut: factory=5, orders=[3, 8, 21, 29, 35], cost=736.62, theta_est=107.70
05/02/2026 11:26:45 AM INFO proposed_lbbd_solver - _callback: [Gurobi] 0     0 16744.7038    0   45 15269.8953 16744.7038  9.66%     -    1s
05/02/2026 11:26:45 AM INFO proposed_lbbd_solver - _callback: [Gurobi] 0     0 16744.2848    0   47 15269.8953 16744.2848  9.66%     -    1s
05/02/2026 11:26:45 AM INFO proposed_lbbd_solver - _callback: [Gurobi] 0     0 16744.1844    0   47 15269.8953 16744.1844  9.65%     -    1s
05/02/2026 11:26:45 AM INFO proposed_lbbd_solver - _callback: [Gurobi] 0     0 16744.1489    0   47 15269.8953 16744.1489  9.65%     -    1s
05/02/2026 11:26:45 AM INFO proposed_lbbd_solver - _callback: [Gurobi] 0     0 16744.0976    0   46 15269.8953 16744.0976  9.65%     -    2s
05/02/2026 11:26:45 AM INFO proposed_lbbd_solver - _callback: [Gurobi] 0     0 16743.9955    0   46 15269.8953 16743.9955  9.65%     -    2s
05/02/2026 11:26:45 AM INFO proposed_lbbd_solver - _callback: [Gurobi] 0     0 16743.9656    0   48 15269.8953 16743.9656  9.65%     -    2s
05/02/2026 11:26:46 AM INFO proposed_lbbd_solver - _callback: [Gurobi] 0     0 16743.9523    0   48 15269.8953 16743.9523  9.65%     -    2s
05/02/2026 11:26:46 AM INFO proposed_lbbd_solver - print: >>>Parallel subproblem time: 0.022s for 5 factories
05/02/2026 11:26:46 AM INFO proposed_lbbd_solver - print: ***[Validated]*** obj=15422.37, delay=346.66, bound=16743.95, gap=8.57%, t=2.2s
05/02/2026 11:26:46 AM INFO proposed_lbbd_solver - _callback: [Gurobi] H    0     0                    15422.371286 16743.9523  8.57%     -    2s
05/02/2026 11:26:46 AM INFO proposed_lbbd_solver - _callback: [Gurobi] 0     0 16743.8991    0   48 15422.3713 16743.8991  8.57%     -    2s
05/02/2026 11:26:46 AM INFO proposed_lbbd_solver - _callback: [Gurobi] 0     0 16743.8537    0   47 15422.3713 16743.8537  8.57%     -    2s
05/02/2026 11:26:46 AM INFO proposed_lbbd_solver - _callback: [Gurobi] 0     0 16743.8304    0   47 15422.3713 16743.8304  8.57%     -    2s
05/02/2026 11:26:46 AM INFO proposed_lbbd_solver - _callback: [Gurobi] 0     0 16743.8304    0   47 15422.3713 16743.8304  8.57%     -    2s
05/02/2026 11:26:46 AM INFO proposed_lbbd_solver - print: >>>Parallel subproblem time: 0.021s for 5 factories
05/02/2026 11:26:46 AM INFO proposed_lbbd_solver - print:  Added optimal optimality cut: factory=1, orders=[2, 6, 14, 20, 22, 24, 25], cost=524.26, theta_est=171.84
05/02/2026 11:26:46 AM INFO proposed_lbbd_solver - print:  Added optimal optimality cut: factory=3, orders=[3, 16, 27, 30, 31], cost=888.08, theta_est=215.62
05/02/2026 11:26:46 AM INFO proposed_lbbd_solver - print:  Added optimal optimality cut: factory=4, orders=[4, 5, 11, 12, 13, 15, 18, 23, 33], cost=846.71, theta_est=378.04
05/02/2026 11:26:46 AM INFO proposed_lbbd_solver - print:  Added optimal optimality cut: factory=5, orders=[1, 8, 21, 29, 35], cost=304.17, theta_est=0.00
05/02/2026 11:26:46 AM INFO proposed_lbbd_solver - print: >>>Parallel subproblem time: 0.025s for 5 factories
05/02/2026 11:26:46 AM INFO proposed_lbbd_solver - print: ***[Validated]*** obj=15440.10, delay=572.70, bound=16743.83, gap=8.44%, t=2.5s
05/02/2026 11:26:46 AM INFO proposed_lbbd_solver - _callback: [Gurobi] H    0     0                    15440.104316 16743.8304  8.44%     -    2s
05/02/2026 11:26:46 AM INFO proposed_lbbd_solver - _callback: [Gurobi] 0     2 16743.8304    0   47 15440.1043 16743.8304  8.44%     -    2s
05/02/2026 11:26:46 AM INFO proposed_lbbd_solver - print: >>>Parallel subproblem time: 0.026s for 5 factories
05/02/2026 11:26:46 AM INFO proposed_lbbd_solver - print:  Added optimal optimality cut: factory=1, orders=[2, 14, 20, 21, 22, 24, 32], cost=605.76, theta_est=218.56
05/02/2026 11:26:46 AM INFO proposed_lbbd_solver - print:  Added optimal optimality cut: factory=2, orders=[4, 6, 9, 10, 19, 25, 26, 28], cost=803.23, theta_est=321.47
05/02/2026 11:26:46 AM INFO proposed_lbbd_solver - print:  Added optimal optimality cut: factory=5, orders=[3, 8, 16, 29, 35], cost=492.81, theta_est=409.55
05/02/2026 11:26:46 AM INFO proposed_lbbd_solver - print: >>>Parallel subproblem time: 0.025s for 5 factories
05/02/2026 11:26:46 AM INFO proposed_lbbd_solver - print:  Added optimal optimality cut: factory=1, orders=[2, 12, 14, 20, 21, 32], cost=709.78, theta_est=248.96
05/02/2026 11:26:46 AM INFO proposed_lbbd_solver - print:  Added optimal optimality cut: factory=3, orders=[3, 22, 24, 27, 30, 31], cost=1888.12, theta_est=448.79
05/02/2026 11:26:46 AM INFO proposed_lbbd_solver - print:  Added optimal optimality cut: factory=4, orders=[4, 6, 11, 13, 15, 18, 23, 33], cost=69.21, theta_est=54.19
05/02/2026 11:26:46 AM INFO proposed_lbbd_solver - print:  Added optimal optimality cut: factory=5, orders=[1, 8, 16, 29, 35], cost=150.27, theta_est=124.88
05/02/2026 11:26:46 AM INFO proposed_lbbd_solver - print: >>>Parallel subproblem time: 0.026s for 5 factories
05/02/2026 11:26:46 AM INFO proposed_lbbd_solver - print:  Added optimal optimality cut: factory=5, orders=[12, 16, 21, 29, 35], cost=972.26, theta_est=177.15
05/02/2026 11:26:46 AM INFO proposed_lbbd_solver - print: >>>Parallel subproblem time: 0.026s for 5 factories
05/02/2026 11:26:46 AM INFO proposed_lbbd_solver - print:  Added optimal optimality cut: factory=4, orders=[4, 7, 11, 12, 13, 15, 18, 23], cost=384.49, theta_est=135.29
05/02/2026 11:26:46 AM INFO proposed_lbbd_solver - print:  Added feasibility cut: factory=5, conflict orders=[1, 16, 21, 29, 33, 35]
05/02/2026 11:26:46 AM INFO proposed_lbbd_solver - print: >>>Parallel subproblem time: 0.016s for 5 factories
05/02/2026 11:26:46 AM INFO proposed_lbbd_solver - print:  Added optimal optimality cut: factory=3, orders=[1, 16, 27, 30, 31], cost=527.63, theta_est=90.68
05/02/2026 11:26:46 AM INFO proposed_lbbd_solver - print:  Added optimal optimality cut: factory=5, orders=[3, 21, 29, 35], cost=736.62, theta_est=107.70
05/02/2026 11:26:46 AM INFO proposed_lbbd_solver - print: >>>Parallel subproblem time: 0.026s for 5 factories
05/02/2026 11:26:46 AM INFO proposed_lbbd_solver - print:  Added optimal optimality cut: factory=3, orders=[3, 21, 27, 30, 31], cost=835.11, theta_est=428.76
05/02/2026 11:26:46 AM INFO proposed_lbbd_solver - print:  Added optimal optimality cut: factory=4, orders=[4, 11, 12, 13, 15, 18, 23, 33], cost=384.49, theta_est=135.29
05/02/2026 11:26:46 AM INFO proposed_lbbd_solver - print: >>>Parallel subproblem time: 0.028s for 5 factories
05/02/2026 11:26:46 AM INFO proposed_lbbd_solver - print:  Added optimal optimality cut: factory=4, orders=[4, 5, 7, 11, 13, 15, 18, 23, 33], cost=77.77, theta_est=59.32
05/02/2026 11:26:46 AM INFO proposed_lbbd_solver - print:  Added feasibility cut: factory=5, conflict orders=[1, 6, 8, 16, 21, 29, 35]
05/02/2026 11:26:46 AM INFO proposed_lbbd_solver - print: >>>Parallel subproblem time: 0.017s for 5 factories
05/02/2026 11:26:46 AM INFO proposed_lbbd_solver - print:  Added optimal optimality cut: factory=1, orders=[6, 14, 20, 24, 27, 28], cost=1092.59, theta_est=406.70
05/02/2026 11:26:46 AM INFO proposed_lbbd_solver - print:  Added optimal optimality cut: factory=2, orders=[2, 9, 10, 19, 25, 26, 32], cost=405.17, theta_est=0.00
05/02/2026 11:26:46 AM INFO proposed_lbbd_solver - print:  Added optimal optimality cut: factory=3, orders=[3, 8, 22, 30, 31], cost=317.57, theta_est=13.55
05/02/2026 11:26:46 AM INFO proposed_lbbd_solver - print:  Added optimal optimality cut: factory=5, orders=[16, 21, 29, 33, 35], cost=429.67, theta_est=0.00
05/02/2026 11:26:47 AM INFO proposed_lbbd_solver - print: >>>Parallel subproblem time: 0.031s for 5 factories
05/02/2026 11:26:47 AM INFO proposed_lbbd_solver - print:  Added optimal optimality cut: factory=1, orders=[6, 12, 14, 20, 22, 24, 32], cost=1238.82, theta_est=223.18
05/02/2026 11:26:47 AM INFO proposed_lbbd_solver - print:  Added optimal optimality cut: factory=2, orders=[2, 9, 10, 19, 25, 26, 28], cost=1093.89, theta_est=117.90
05/02/2026 11:26:47 AM INFO proposed_lbbd_solver - print:  Added optimal optimality cut: factory=3, orders=[1, 3, 16, 27, 31], cost=387.53, theta_est=25.23
05/02/2026 11:26:47 AM INFO proposed_lbbd_solver - print:  Added optimal optimality cut: factory=5, orders=[8, 21, 29, 30, 35], cost=908.48, theta_est=149.95
05/02/2026 11:26:47 AM INFO proposed_lbbd_solver - print: >>>Parallel subproblem time: 0.027s for 5 factories
05/02/2026 11:26:47 AM INFO proposed_lbbd_solver - print:  Added optimal optimality cut: factory=2, orders=[9, 10, 19, 25, 26, 28, 30], cost=1072.94, theta_est=197.38
05/02/2026 11:26:47 AM INFO proposed_lbbd_solver - print:  Added optimal optimality cut: factory=5, orders=[16, 21, 29, 35], cost=61.43, theta_est=0.00
05/02/2026 11:26:47 AM INFO proposed_lbbd_solver - print: >>>Parallel subproblem time: 0.027s for 5 factories
05/02/2026 11:26:47 AM INFO proposed_lbbd_solver - print:  Added optimal optimality cut: factory=1, orders=[2, 6, 14, 20, 24, 25, 32], cost=1054.62, theta_est=275.39
05/02/2026 11:26:47 AM INFO proposed_lbbd_solver - print:  Added optimal optimality cut: factory=2, orders=[4, 7, 9, 10, 19, 26, 28], cost=83.61, theta_est=0.00
05/02/2026 11:26:47 AM INFO proposed_lbbd_solver - print:  Added optimal optimality cut: factory=3, orders=[1, 3, 8, 22, 27, 31], cost=506.60, theta_est=126.60
05/02/2026 11:26:47 AM INFO proposed_lbbd_solver - print:  Added optimal optimality cut: factory=4, orders=[11, 12, 13, 15, 17, 18, 23, 33], cost=679.39, theta_est=218.30
05/02/2026 11:26:47 AM INFO proposed_lbbd_solver - print:  Added feasibility cut: factory=5, conflict orders=[16, 21, 29, 30, 35]
05/02/2026 11:26:47 AM INFO proposed_lbbd_solver - print: >>>Parallel subproblem time: 0.039s for 5 factories
05/02/2026 11:26:47 AM INFO proposed_lbbd_solver - print:  Added optimal optimality cut: factory=3, orders=[8, 16, 22, 27, 30, 31], cost=561.75, theta_est=83.13
05/02/2026 11:26:47 AM INFO proposed_lbbd_solver - print:  Added optimal optimality cut: factory=4, orders=[4, 5, 7, 11, 13, 15, 17, 18, 23, 33], cost=1183.55, theta_est=494.09
05/02/2026 11:26:47 AM INFO proposed_lbbd_solver - print:  Added optimal optimality cut: factory=5, orders=[12, 21, 29, 35], cost=478.20, theta_est=9.09
05/02/2026 11:26:47 AM INFO proposed_lbbd_solver - print: >>>Parallel subproblem time: 0.073s for 5 factories
05/02/2026 11:26:47 AM INFO proposed_lbbd_solver - print:  Added optimal optimality cut: factory=3, orders=[3, 22, 30, 31, 33], cost=1257.77, theta_est=147.61
05/02/2026 11:26:47 AM INFO proposed_lbbd_solver - print:  Added optimal optimality cut: factory=4, orders=[7, 11, 12, 13, 15, 17, 18, 23], cost=679.39, theta_est=218.30
05/02/2026 11:26:47 AM INFO proposed_lbbd_solver - print:  Added optimal optimality cut: factory=5, orders=[6, 8, 16, 21, 29, 35], cost=1071.30, theta_est=162.37
05/02/2026 11:26:47 AM INFO proposed_lbbd_solver - print: >>>Parallel subproblem time: 0.028s for 5 factories
05/02/2026 11:26:47 AM INFO proposed_lbbd_solver - print:  Added optimal optimality cut: factory=3, orders=[3, 27, 29, 30, 31], cost=756.36, theta_est=307.75
05/02/2026 11:26:47 AM INFO proposed_lbbd_solver - print:  Added optimal optimality cut: factory=4, orders=[4, 5, 11, 13, 15, 17, 18, 23, 33], cost=424.86, theta_est=226.13
05/02/2026 11:26:47 AM INFO proposed_lbbd_solver - print:  Added optimal optimality cut: factory=5, orders=[1, 8, 12, 16, 21, 35], cost=1016.81, theta_est=287.43
05/02/2026 11:26:47 AM INFO proposed_lbbd_solver - print: >>>Parallel subproblem time: 0.056s for 5 factories
05/02/2026 11:26:47 AM INFO proposed_lbbd_solver - print:  Added optimal optimality cut: factory=2, orders=[6, 9, 10, 19, 25, 26, 28], cost=29.02, theta_est=0.00
05/02/2026 11:26:47 AM INFO proposed_lbbd_solver - print:  Added optimal optimality cut: factory=3, orders=[1, 8, 22, 29, 30, 31], cost=1742.44, theta_est=309.63
05/02/2026 11:26:47 AM INFO proposed_lbbd_solver - print:  Added optimal optimality cut: factory=4, orders=[4, 7, 11, 12, 13, 15, 17, 23, 33], cost=1187.42, theta_est=305.55
05/02/2026 11:26:47 AM INFO proposed_lbbd_solver - print:  Added optimal optimality cut: factory=5, orders=[3, 16, 21, 35], cost=281.16, theta_est=12.12
05/02/2026 11:26:47 AM INFO proposed_lbbd_solver - print: >>>Parallel subproblem time: 0.029s for 5 factories
05/02/2026 11:26:47 AM INFO proposed_lbbd_solver - print:  Added optimal optimality cut: factory=1, orders=[2, 14, 20, 22, 24, 27, 32], cost=498.31, theta_est=207.34
05/02/2026 11:26:47 AM INFO proposed_lbbd_solver - print:  Added optimal optimality cut: factory=3, orders=[1, 3, 30, 31], cost=331.99, theta_est=253.05
05/02/2026 11:26:47 AM INFO proposed_lbbd_solver - print:  Added optimal optimality cut: factory=4, orders=[4, 6, 7, 11, 13, 15, 18, 23, 33], cost=448.51, theta_est=183.00
05/02/2026 11:26:47 AM INFO proposed_lbbd_solver - print: >>>Parallel subproblem time: 0.028s for 5 factories
05/02/2026 11:26:47 AM INFO proposed_lbbd_solver - print:  Added optimal optimality cut: factory=3, orders=[1, 3, 8, 27, 30, 31], cost=1826.23, theta_est=621.49
05/02/2026 11:26:47 AM INFO proposed_lbbd_solver - print:  Added optimal optimality cut: factory=4, orders=[4, 11, 12, 13, 15, 17, 23, 33], cost=704.66, theta_est=129.89
05/02/2026 11:26:47 AM INFO proposed_lbbd_solver - print: >>>Parallel subproblem time: 0.026s for 5 factories
05/02/2026 11:26:47 AM INFO proposed_lbbd_solver - print:  Added optimal optimality cut: factory=1, orders=[2, 6, 12, 20, 22, 24, 32], cost=2324.57, theta_est=301.85
05/02/2026 11:26:47 AM INFO proposed_lbbd_solver - print:  Added optimal optimality cut: factory=3, orders=[16, 21, 27, 30, 31], cost=686.22, theta_est=213.48
05/02/2026 11:26:47 AM INFO proposed_lbbd_solver - print:  Added optimal optimality cut: factory=5, orders=[3, 8, 29, 35], cost=82.71, theta_est=70.25
05/02/2026 11:26:47 AM INFO proposed_lbbd_solver - print: >>>Parallel subproblem time: 0.027s for 5 factories
05/02/2026 11:26:47 AM INFO proposed_lbbd_solver - print:  Added optimal optimality cut: factory=1, orders=[2, 14, 20, 22, 24, 27], cost=498.31, theta_est=111.57
05/02/2026 11:26:47 AM INFO proposed_lbbd_solver - print:  Added optimal optimality cut: factory=3, orders=[3, 8, 30, 31], cost=123.56, theta_est=13.55
05/02/2026 11:26:47 AM INFO proposed_lbbd_solver - print:  Added optimal optimality cut: factory=5, orders=[6, 16, 21, 29, 35], cost=1071.30, theta_est=119.79
05/02/2026 11:26:47 AM INFO proposed_lbbd_solver - print: >>>Parallel subproblem time: 0.027s for 5 factories
05/02/2026 11:26:47 AM INFO proposed_lbbd_solver - print:  Added optimal optimality cut: factory=3, orders=[1, 3, 27, 30, 31, 33], cost=2918.31, theta_est=621.49
05/02/2026 11:26:47 AM INFO proposed_lbbd_solver - print:  Added optimal optimality cut: factory=4, orders=[4, 5, 7, 11, 13, 15, 17, 18, 23], cost=470.16, theta_est=198.36
05/02/2026 11:26:47 AM INFO proposed_lbbd_solver - print: >>>Parallel subproblem time: 0.027s for 5 factories
05/02/2026 11:26:47 AM INFO proposed_lbbd_solver - print:  Added optimal optimality cut: factory=4, orders=[7, 11, 12, 13, 15, 17, 23, 33], cost=239.28, theta_est=12.25
05/02/2026 11:26:47 AM INFO proposed_lbbd_solver - print: ***[Validated]*** obj=15610.29, delay=480.71, bound=16708.24, gap=7.03%, t=3.8s
05/02/2026 11:26:47 AM INFO proposed_lbbd_solver - print: >>>Parallel subproblem time: 0.028s for 5 factories
05/02/2026 11:26:47 AM INFO proposed_lbbd_solver - _callback: [Gurobi] H  251   256                    15610.239820 16708.2352  7.03%  14.2    3s
05/02/2026 11:26:47 AM INFO proposed_lbbd_solver - print: >>>Parallel subproblem time: 0.026s for 5 factories
05/02/2026 11:26:47 AM INFO proposed_lbbd_solver - print:  Added optimal optimality cut: factory=3, orders=[1, 3, 27, 29, 31], cost=255.81, theta_est=114.28
05/02/2026 11:26:47 AM INFO proposed_lbbd_solver - print:  Added optimal optimality cut: factory=5, orders=[8, 16, 21, 30, 35], cost=330.61, theta_est=2.50
05/02/2026 11:26:47 AM INFO proposed_lbbd_solver - print: ***[Validated]*** obj=15777.79, delay=717.69, bound=16708.24, gap=5.90%, t=3.9s
05/02/2026 11:26:47 AM INFO proposed_lbbd_solver - print: >>>Parallel subproblem time: 0.026s for 5 factories
05/02/2026 11:26:47 AM INFO proposed_lbbd_solver - _callback: [Gurobi] H  255   256                    15777.735598 16708.2352  5.90%  14.1    3s
05/02/2026 11:26:47 AM INFO proposed_lbbd_solver - print: >>>Parallel subproblem time: 0.029s for 5 factories
05/02/2026 11:26:47 AM INFO proposed_lbbd_solver - print:  Added feasibility cut: factory=1, conflict orders=[2, 6, 14, 20, 22, 31]
05/02/2026 11:26:47 AM INFO proposed_lbbd_solver - print:  Added optimal optimality cut: factory=3, orders=[1, 3, 8, 24, 27, 30], cost=989.75, theta_est=249.72
05/02/2026 11:26:47 AM INFO proposed_lbbd_solver - print:  Added optimal optimality cut: factory=5, orders=[16, 18, 21, 29, 35], cost=999.91, theta_est=61.43
05/02/2026 11:26:47 AM INFO proposed_lbbd_solver - print: >>>Parallel subproblem time: 0.030s for 5 factories
05/02/2026 11:26:47 AM INFO proposed_lbbd_solver - print:  Added optimal optimality cut: factory=3, orders=[1, 3, 8, 27, 29, 31], cost=1590.64, theta_est=274.21
05/02/2026 11:26:47 AM INFO proposed_lbbd_solver - print:  Added optimal optimality cut: factory=5, orders=[16, 21, 30, 35], cost=220.69, theta_est=2.50
05/02/2026 11:26:48 AM INFO proposed_lbbd_solver - print: >>>Parallel subproblem time: 0.027s for 5 factories
05/02/2026 11:26:48 AM INFO proposed_lbbd_solver - print:  Added feasibility cut: factory=5, conflict orders=[1, 8, 16, 21, 30, 35]
05/02/2026 11:26:48 AM INFO proposed_lbbd_solver - print: >>>Parallel subproblem time: 0.018s for 5 factories
05/02/2026 11:26:48 AM INFO proposed_lbbd_solver - print:  Added optimal optimality cut: factory=3, orders=[3, 8, 27, 29, 31], cost=386.09, theta_est=0.00
05/02/2026 11:26:48 AM INFO proposed_lbbd_solver - print:  Added optimal optimality cut: factory=5, orders=[1, 16, 21, 30, 35], cost=1380.77, theta_est=363.40
05/02/2026 11:26:48 AM INFO proposed_lbbd_solver - print: >>>Parallel subproblem time: 0.028s for 5 factories
05/02/2026 11:26:48 AM INFO proposed_lbbd_solver - print:  Added optimal optimality cut: factory=3, orders=[1, 27, 29, 30, 31], cost=395.91, theta_est=159.88
05/02/2026 11:26:48 AM INFO proposed_lbbd_solver - print:  Added optimal optimality cut: factory=4, orders=[5, 7, 11, 12, 13, 15, 18, 23], cost=220.67, theta_est=56.97
05/02/2026 11:26:48 AM INFO proposed_lbbd_solver - print:  Added optimal optimality cut: factory=5, orders=[3, 8, 16, 21, 33, 35], cost=898.31, theta_est=281.16
05/02/2026 11:26:48 AM INFO proposed_lbbd_solver - print: >>>Parallel subproblem time: 0.026s for 5 factories
05/02/2026 11:26:48 AM INFO proposed_lbbd_solver - print: ***[Validated]*** obj=15834.25, delay=915.13, bound=16708.24, gap=5.52%, t=4.2s
05/02/2026 11:26:48 AM INFO proposed_lbbd_solver - _callback: [Gurobi] H  327   315                    15834.248527 16708.2352  5.52%  13.4    4s
05/02/2026 11:26:48 AM INFO proposed_lbbd_solver - print: >>>Parallel subproblem time: 0.056s for 5 factories
05/02/2026 11:26:48 AM INFO proposed_lbbd_solver - print:  Added optimal optimality cut: factory=1, orders=[6, 14, 20, 22, 24, 28, 32], cost=856.20, theta_est=130.43
05/02/2026 11:26:48 AM INFO proposed_lbbd_solver - print:  Added optimal optimality cut: factory=2, orders=[2, 4, 9, 10, 19, 25, 26], cost=506.79, theta_est=0.00
05/02/2026 11:26:48 AM INFO proposed_lbbd_solver - print:  Added optimal optimality cut: factory=3, orders=[1, 3, 27, 29, 30, 31], cost=2203.62, theta_est=787.67
05/02/2026 11:26:48 AM INFO proposed_lbbd_solver - print:  Added optimal optimality cut: factory=4, orders=[5, 7, 11, 13, 15, 17, 18, 23, 33], cost=366.49, theta_est=200.79
05/02/2026 11:26:48 AM INFO proposed_lbbd_solver - print:  Added optimal optimality cut: factory=5, orders=[8, 12, 16, 21, 35], cost=220.69, theta_est=0.00
05/02/2026 11:26:48 AM INFO proposed_lbbd_solver - print: >>>Parallel subproblem time: 0.073s for 5 factories
05/02/2026 11:26:48 AM INFO proposed_lbbd_solver - print:  Added optimal optimality cut: factory=1, orders=[2, 8, 12, 14, 20, 27], cost=496.93, theta_est=170.19
05/02/2026 11:26:48 AM INFO proposed_lbbd_solver - print:  Added optimal optimality cut: factory=3, orders=[3, 22, 24, 30, 31], cost=1082.01, theta_est=104.00
05/02/2026 11:26:48 AM INFO proposed_lbbd_solver - print:  Added optimal optimality cut: factory=5, orders=[11, 16, 21, 29, 35], cost=528.35, theta_est=61.43
05/02/2026 11:26:48 AM INFO proposed_lbbd_solver - _callback: [Gurobi] 858   680 16366.8890   15   31 15834.2485 16665.4670  5.25%  10.9    5s
05/02/2026 11:26:48 AM INFO proposed_lbbd_solver - print: >>>Parallel subproblem time: 0.077s for 5 factories
05/02/2026 11:26:48 AM INFO proposed_lbbd_solver - print:  Added optimal optimality cut: factory=1, orders=[2, 14, 20, 24, 25, 27], cost=205.12, theta_est=62.04
05/02/2026 11:26:48 AM INFO proposed_lbbd_solver - print:  Added optimal optimality cut: factory=2, orders=[6, 9, 10, 19, 26, 28, 32], cost=9.03, theta_est=0.00
05/02/2026 11:26:48 AM INFO proposed_lbbd_solver - print:  Added optimal optimality cut: factory=3, orders=[3, 8, 15, 22, 30, 31], cost=2059.45, theta_est=640.59
05/02/2026 11:26:48 AM INFO proposed_lbbd_solver - print:  Added optimal optimality cut: factory=4, orders=[4, 5, 7, 11, 12, 13, 17, 23, 33], cost=721.92, theta_est=161.85
05/02/2026 11:26:49 AM INFO proposed_lbbd_solver - print: >>>Parallel subproblem time: 0.030s for 5 factories
05/02/2026 11:26:49 AM INFO proposed_lbbd_solver - print:  Added optimal optimality cut: factory=1, orders=[2, 6, 14, 20, 22, 28], cost=1215.92, theta_est=143.67
05/02/2026 11:26:49 AM INFO proposed_lbbd_solver - print:  Added optimal optimality cut: factory=2, orders=[9, 10, 19, 25, 26, 30, 32], cost=643.74, theta_est=-0.00
05/02/2026 11:26:49 AM INFO proposed_lbbd_solver - print:  Added optimal optimality cut: factory=3, orders=[3, 8, 16, 24, 27, 31], cost=916.00, theta_est=220.04
05/02/2026 11:26:49 AM INFO proposed_lbbd_solver - print:  Added optimal optimality cut: factory=4, orders=[4, 5, 7, 11, 12, 13, 15, 23, 33], cost=1056.13, theta_est=239.25
05/02/2026 11:26:49 AM INFO proposed_lbbd_solver - print:  Added optimal optimality cut: factory=5, orders=[1, 21, 29, 35], cost=304.17, theta_est=0.00
05/02/2026 11:26:49 AM INFO proposed_lbbd_solver - print: >>>Parallel subproblem time: 0.054s for 5 factories
05/02/2026 11:26:49 AM INFO proposed_lbbd_solver - print:  Added optimal optimality cut: factory=1, orders=[2, 6, 14, 22, 24, 27], cost=530.27, theta_est=133.70
05/02/2026 11:26:49 AM INFO proposed_lbbd_solver - print:  Added optimal optimality cut: factory=3, orders=[3, 8, 20, 30, 31], cost=879.08, theta_est=213.19
05/02/2026 11:26:49 AM INFO proposed_lbbd_solver - print: >>>Parallel subproblem time: 0.028s for 5 factories
05/02/2026 11:26:49 AM INFO proposed_lbbd_solver - print:  Added optimal optimality cut: factory=1, orders=[2, 14, 20, 22, 25, 27], cost=498.31, theta_est=52.87
05/02/2026 11:26:49 AM INFO proposed_lbbd_solver - print:  Added optimal optimality cut: factory=4, orders=[4, 6, 7, 11, 12, 13, 15, 23, 33], cost=862.75, theta_est=362.94
05/02/2026 11:26:49 AM INFO proposed_lbbd_solver - print: >>>Parallel subproblem time: 0.069s for 5 factories
05/02/2026 11:26:49 AM INFO proposed_lbbd_solver - print:  Added optimal optimality cut: factory=1, orders=[2, 8, 14, 20, 22, 27], cost=498.31, theta_est=52.87
05/02/2026 11:26:49 AM INFO proposed_lbbd_solver - print:  Added optimal optimality cut: factory=3, orders=[3, 24, 30, 31], cost=707.90, theta_est=104.00
05/02/2026 11:26:49 AM INFO proposed_lbbd_solver - print:  Added optimal optimality cut: factory=4, orders=[6, 7, 11, 12, 13, 15, 23, 33], cost=187.53, theta_est=69.64
05/02/2026 11:26:49 AM INFO proposed_lbbd_solver - print: >>>Parallel subproblem time: 0.027s for 5 factories
05/02/2026 11:26:49 AM INFO proposed_lbbd_solver - print:  Added optimal optimality cut: factory=1, orders=[2, 6, 8, 20, 24, 27], cost=406.70, theta_est=38.27
05/02/2026 11:26:49 AM INFO proposed_lbbd_solver - print:  Added optimal optimality cut: factory=3, orders=[1, 3, 22, 29, 31], cost=361.92, theta_est=114.28
05/02/2026 11:26:49 AM INFO proposed_lbbd_solver - print:  Added optimal optimality cut: factory=5, orders=[14, 16, 21, 30, 35], cost=1003.25, theta_est=220.69
05/02/2026 11:26:49 AM INFO proposed_lbbd_solver - print: >>>Parallel subproblem time: 0.028s for 5 factories
05/02/2026 11:26:49 AM INFO proposed_lbbd_solver - print:  Added optimal optimality cut: factory=1, orders=[2, 6, 14, 20, 25, 27], cost=406.70, theta_est=43.14
05/02/2026 11:26:49 AM INFO proposed_lbbd_solver - print:  Added optimal optimality cut: factory=3, orders=[22, 24, 29, 30, 31], cost=1175.60, theta_est=58.13
05/02/2026 11:26:49 AM INFO proposed_lbbd_solver - print:  Added optimal optimality cut: factory=4, orders=[4, 5, 11, 12, 13, 15, 23, 33], cost=42.04, theta_est=0.00
05/02/2026 11:26:49 AM INFO proposed_lbbd_solver - print:  Added optimal optimality cut: factory=5, orders=[1, 3, 8, 16, 21, 35], cost=1361.89, theta_est=386.05
05/02/2026 11:26:49 AM INFO proposed_lbbd_solver - print: >>>Parallel subproblem time: 0.070s for 5 factories
05/02/2026 11:26:49 AM INFO proposed_lbbd_solver - print:  Added optimal optimality cut: factory=1, orders=[2, 6, 12, 14, 20, 22], cost=1390.96, theta_est=223.18
05/02/2026 11:26:49 AM INFO proposed_lbbd_solver - print:  Added optimal optimality cut: factory=2, orders=[9, 10, 19, 26, 28, 30, 32], cost=1031.01, theta_est=177.93
05/02/2026 11:26:49 AM INFO proposed_lbbd_solver - print:  Added optimal optimality cut: factory=3, orders=[1, 3, 8, 24, 27, 31], cost=960.66, theta_est=175.55
05/02/2026 11:26:49 AM INFO proposed_lbbd_solver - print: >>>Parallel subproblem time: 0.025s for 5 factories
05/02/2026 11:26:49 AM INFO proposed_lbbd_solver - print:  Added optimal optimality cut: factory=1, orders=[2, 6, 12, 20, 22, 24], cost=1686.23, theta_est=272.15
05/02/2026 11:26:49 AM INFO proposed_lbbd_solver - print:  Added optimal optimality cut: factory=3, orders=[3, 27, 30, 31, 32], cost=224.53, theta_est=19.41
05/02/2026 11:26:49 AM INFO proposed_lbbd_solver - print:  Added optimal optimality cut: factory=5, orders=[8, 14, 16, 21, 29, 35], cost=902.31, theta_est=162.37
05/02/2026 11:26:49 AM INFO proposed_lbbd_solver - print: >>>Parallel subproblem time: 0.017s for 5 factories
05/02/2026 11:26:49 AM INFO proposed_lbbd_solver - print: ***[Validated]*** obj=16188.07, delay=133.85, bound=16595.64, gap=2.52%, t=6.1s
05/02/2026 11:26:49 AM INFO proposed_lbbd_solver - _callback: [Gurobi] H 1958  1183                    16114.125641 16595.6410  2.99%  10.3    6s
05/02/2026 11:26:49 AM INFO proposed_lbbd_solver - print: >>>Parallel subproblem time: 0.025s for 5 factories
05/02/2026 11:26:49 AM INFO proposed_lbbd_solver - _callback: [Gurobi] H 1959  1183                    16170.135031 16595.6410  2.63%  10.3    6s
05/02/2026 11:26:50 AM INFO proposed_lbbd_solver - print: >>>Parallel subproblem time: 0.026s for 5 factories
05/02/2026 11:26:50 AM INFO proposed_lbbd_solver - print:  Added optimal optimality cut: factory=5, orders=[21, 29, 30, 35], cost=908.48, theta_est=149.95
05/02/2026 11:26:52 AM INFO proposed_lbbd_solver - print: >>>Parallel subproblem time: 0.028s for 5 factories
05/02/2026 11:26:52 AM INFO proposed_lbbd_solver - _callback: [Gurobi] H 5817   565                    16188.070110 16266.1204  0.48%  10.8    8s
05/02/2026 11:26:52 AM INFO proposed_lbbd_solver - _callback: [Gurobi] Cutting planes:
05/02/2026 11:26:52 AM INFO proposed_lbbd_solver - _callback: [Gurobi] Gomory: 7
05/02/2026 11:26:52 AM INFO proposed_lbbd_solver - _callback: [Gurobi] Cover: 1
05/02/2026 11:26:52 AM INFO proposed_lbbd_solver - _callback: [Gurobi] MIR: 154
05/02/2026 11:26:52 AM INFO proposed_lbbd_solver - _callback: [Gurobi] RLT: 3
05/02/2026 11:26:52 AM INFO proposed_lbbd_solver - _callback: [Gurobi] Relax-and-lift: 1
05/02/2026 11:26:52 AM INFO proposed_lbbd_solver - _callback: [Gurobi] Lazy constraints: 146
05/02/2026 11:26:52 AM INFO proposed_lbbd_solver - _callback: [Gurobi] Explored 6548 nodes (67073 simplex iterations) in 8.31 seconds (6.39 work units)
05/02/2026 11:26:52 AM INFO proposed_lbbd_solver - _callback: [Gurobi] Thread count was 20 (of 20 available processors)
05/02/2026 11:26:52 AM INFO proposed_lbbd_solver - _callback: [Gurobi] Solution count 10: 16188.1 15834.2 15777.7 ... -0
05/02/2026 11:26:52 AM INFO proposed_lbbd_solver - _callback: [Gurobi] Optimal solution found (tolerance 1.00e-04)
05/02/2026 11:26:52 AM INFO proposed_lbbd_solver - _callback: [Gurobi] Best objective 1.618807010974e+04, best bound 1.618807010974e+04, gap 0.0000%
05/02/2026 11:26:52 AM INFO proposed_lbbd_solver - _callback: [Gurobi] User-callback calls 14863, time in user-callback 2.17 sec
05/02/2026 11:26:52 AM INFO proposed_lbbd_solver - print: 
05/02/2026 11:26:52 AM INFO proposed_lbbd_solver - print: ============================================================
05/02/2026 11:26:52 AM INFO proposed_lbbd_solver - print: Branch-and-Check LBBD Summary
05/02/2026 11:26:52 AM INFO proposed_lbbd_solver - print: ============================================================
05/02/2026 11:26:52 AM INFO proposed_lbbd_solver - print: Status: OPTIMAL
05/02/2026 11:26:52 AM INFO proposed_lbbd_solver - print: Runtime: 8.31s
05/02/2026 11:26:52 AM INFO proposed_lbbd_solver - print: Iterations: 67
05/02/2026 11:26:52 AM INFO proposed_lbbd_solver - print: Initial UB: 40297.14
05/02/2026 11:26:52 AM INFO proposed_lbbd_solver - print: Module times (s): preprocess=1.466, enhancement=0.090, modeling=0.133, solving=8.306
05/02/2026 11:26:52 AM INFO proposed_lbbd_solver - print: Master time: 6.200s
05/02/2026 11:26:52 AM INFO proposed_lbbd_solver - print: Average subproblem time: 0.0202s
05/02/2026 11:26:52 AM INFO proposed_lbbd_solver - print: Lazy cuts added: 146
05/02/2026 11:26:52 AM INFO proposed_lbbd_solver - print:   - feasibility cuts: 7
05/02/2026 11:26:52 AM INFO proposed_lbbd_solver - print:   - optimality cuts: 139
05/02/2026 11:26:52 AM INFO proposed_lbbd_solver - print: Subproblems solved: 330
05/02/2026 11:26:52 AM INFO proposed_lbbd_solver - print: Subproblem time total: 6.67s
05/02/2026 11:26:52 AM INFO proposed_lbbd_solver - print: Subproblem time avg: 0.0202s
05/02/2026 11:26:52 AM INFO proposed_lbbd_solver - print: Best objective: 16188.07
05/02/2026 11:26:52 AM INFO proposed_lbbd_solver - print: Best bound: 16188.07
05/02/2026 11:26:52 AM INFO proposed_lbbd_solver - print: Final MIP gap: 0.00%
05/02/2026 11:26:52 AM INFO proposed_lbbd_solver - print: ============================================================
05/02/2026 11:26:52 AM INFO proposed_lbbd_solver - print: 
05/02/2026 11:26:52 AM INFO proposed_lbbd_solver - print: ------------------------------------------------------------
05/02/2026 11:26:52 AM INFO proposed_lbbd_solver - print: Subproblem Diagnostics
05/02/2026 11:26:52 AM INFO proposed_lbbd_solver - print: ------------------------------------------------------------
05/02/2026 11:26:52 AM INFO proposed_lbbd_solver - print: Total subproblems: 330
05/02/2026 11:26:52 AM INFO proposed_lbbd_solver - print:   infeasible: 7 (2.12%)
05/02/2026 11:26:52 AM INFO proposed_lbbd_solver - print:   optimal: 323 (97.88%)
05/02/2026 11:26:52 AM INFO proposed_lbbd_solver - print: Avg subproblem gap: 0.00% (n=239)
05/02/2026 11:26:52 AM INFO proposed_lbbd_solver - print: Avg subproblem objective: 362.808 (n=323)
05/02/2026 11:26:52 AM INFO proposed_lbbd_solver - print: Avg subproblem bound: 362.808 (n=323)
05/02/2026 11:26:52 AM INFO proposed_lbbd_solver - print: Avg (obj - bound) / |obj|: 0.00%
05/02/2026 11:26:52 AM INFO proposed_lbbd_solver - print: ------------------------------------------------------------
