05/03/2026 11:38:12 PM INFO mip_v1 - setup_solver_logging: ================================================================================
05/03/2026 11:38:12 PM INFO mip_v1 - setup_solver_logging: Logging started. Log file: D:\Project_Code\Paper\DP_LBBD_1\DP_lbbd\Algorithm\Results\mip_v1\xlarge\exp_10f_100j_seed3\log\exp_10f_100j_seed3_running.log
05/03/2026 11:38:12 PM INFO mip_v1 - print: BigM calculated: 180.6
05/03/2026 11:38:12 PM INFO mip_v1 - print: Adding variables...
05/03/2026 11:38:13 PM INFO mip_v1 - print: Total variables: 381300
05/03/2026 11:38:13 PM INFO mip_v1 - print: Adding constraints...
05/03/2026 11:38:24 PM INFO mip_v1 - print: Total constraints: 763041
05/03/2026 11:38:24 PM INFO mip_v1 - print: Setting objective function...
05/03/2026 11:38:27 PM INFO mip_v1 - print: 
05/03/2026 11:38:27 PM INFO mip_v1 - print: ✓ Model LP written to: D:\Project_Code\Paper\DP_LBBD_1\DP_lbbd\Algorithm\MIP\production_model.lp
05/03/2026 11:38:27 PM INFO mip_v1 - print: 
05/03/2026 11:38:27 PM INFO mip_v1 - print: ============================================================
05/03/2026 11:38:27 PM INFO mip_v1 - print: Starting optimization...
05/03/2026 11:38:27 PM INFO mip_v1 - print: ============================================================
05/03/2026 11:38:27 PM INFO mip_v1 - print: Gurobi native log file: D:\Project_Code\Paper\DP_LBBD_1\DP_lbbd\Algorithm\Results\mip_v1\xlarge\exp_10f_100j_seed3\log\exp_10f_100j_seed3_gurobi.log
05/04/2026 12:38:29 AM INFO mip_v1 - print: 
05/04/2026 12:38:29 AM INFO mip_v1 - print: ============================================================
05/04/2026 12:38:29 AM INFO mip_v1 - print: SOLUTION SUMMARY
05/04/2026 12:38:29 AM INFO mip_v1 - print: ============================================================
05/04/2026 12:38:29 AM INFO mip_v1 - print: ⚠ Time limit reached, best solution found:
05/04/2026 12:38:29 AM INFO mip_v1 - print: 
05/04/2026 12:38:29 AM INFO mip_v1 - print: Objective Value (Total Profit): 33675.74
05/04/2026 12:38:29 AM INFO mip_v1 - print: MIP Gap: 31.40%
05/04/2026 12:38:29 AM INFO mip_v1 - print: 
05/04/2026 12:38:29 AM INFO mip_v1 - print: 📋 Accepted Orders (77/100): [1, 2, 3, 4, 5, 7, 8, 10, 12, 13, 14, 15, 16, 17, 18, 20, 21, 22, 23, 26, 27, 28, 29, 30, 31, 32, 33, 35, 36, 37, 38, 39, 40, 42, 43, 44, 45, 46, 47, 48, 50, 53, 54, 55, 58, 59, 61, 63, 66, 68, 70, 71, 73, 75, 77, 78, 80, 81, 82, 83, 84, 85, 86, 87, 88, 89, 90, 91, 92, 93, 94, 95, 96, 97, 98, 99, 100]
05/04/2026 12:38:29 AM INFO mip_v1 - print: 
05/04/2026 12:38:29 AM INFO mip_v1 - print: ------------------------------------------------------------
05/04/2026 12:38:29 AM INFO mip_v1 - print: ORDER ALLOCATION DETAILS
05/04/2026 12:38:29 AM INFO mip_v1 - print: ------------------------------------------------------------
05/04/2026 12:38:29 AM INFO mip_v1 - print: 
05/04/2026 12:38:29 AM INFO mip_v1 - print: Order 1 → Factory 7
05/04/2026 12:38:29 AM INFO mip_v1 - print:   Machine 1: completion time = 66.67
05/04/2026 12:38:29 AM INFO mip_v1 - print:   Machine 2: completion time = 71.78
05/04/2026 12:38:29 AM INFO mip_v1 - print:   Machine 3: completion time = 76.42
05/04/2026 12:38:29 AM INFO mip_v1 - print:   Machine 4: completion time = 81.28
05/04/2026 12:38:29 AM INFO mip_v1 - print:   Delivery: 88.88 (Deadline: 105.60, Delay: 0.00)
05/04/2026 12:38:29 AM INFO mip_v1 - print: 
05/04/2026 12:38:29 AM INFO mip_v1 - print: Order 2 → Factory 7
05/04/2026 12:38:29 AM INFO mip_v1 - print:   Machine 1: completion time = 92.05
05/04/2026 12:38:29 AM INFO mip_v1 - print:   Machine 2: completion time = 110.76
05/04/2026 12:38:29 AM INFO mip_v1 - print:   Machine 3: completion time = 116.53
05/04/2026 12:38:29 AM INFO mip_v1 - print:   Machine 4: completion time = 122.39
05/04/2026 12:38:29 AM INFO mip_v1 - print:   Delivery: 125.59 (Deadline: 126.20, Delay: 0.00)
05/04/2026 12:38:29 AM INFO mip_v1 - print: 
05/04/2026 12:38:29 AM INFO mip_v1 - print: Order 3 → Factory 4
05/04/2026 12:38:29 AM INFO mip_v1 - print:   Machine 1: completion time = 81.75
05/04/2026 12:38:29 AM INFO mip_v1 - print:   Machine 2: completion time = 87.90
05/04/2026 12:38:29 AM INFO mip_v1 - print:   Machine 3: completion time = 94.62
05/04/2026 12:38:29 AM INFO mip_v1 - print:   Delivery: 98.02 (Deadline: 116.40, Delay: 0.00)
05/04/2026 12:38:29 AM INFO mip_v1 - print: 
05/04/2026 12:38:29 AM INFO mip_v1 - print: Order 4 → Factory 2
05/04/2026 12:38:29 AM INFO mip_v1 - print:   Machine 1: completion time = 13.81
05/04/2026 12:38:29 AM INFO mip_v1 - print:   Machine 2: completion time = 20.84
05/04/2026 12:38:29 AM INFO mip_v1 - print:   Machine 3: completion time = 27.95
05/04/2026 12:38:29 AM INFO mip_v1 - print:   Delivery: 30.95 (Deadline: 56.80, Delay: 0.00)
05/04/2026 12:38:29 AM INFO mip_v1 - print: 
05/04/2026 12:38:29 AM INFO mip_v1 - print: Order 5 → Factory 3
05/04/2026 12:38:29 AM INFO mip_v1 - print:   Machine 1: completion time = 43.53
05/04/2026 12:38:29 AM INFO mip_v1 - print:   Machine 2: completion time = 52.20
05/04/2026 12:38:29 AM INFO mip_v1 - print:   Machine 3: completion time = 59.41
05/04/2026 12:38:29 AM INFO mip_v1 - print:   Machine 4: completion time = 65.38
05/04/2026 12:38:29 AM INFO mip_v1 - print:   Delivery: 67.08 (Deadline: 75.40, Delay: 0.00)
05/04/2026 12:38:29 AM INFO mip_v1 - print: 
05/04/2026 12:38:29 AM INFO mip_v1 - print: Order 7 → Factory 5
05/04/2026 12:38:29 AM INFO mip_v1 - print:   Machine 1: completion time = 61.86
05/04/2026 12:38:29 AM INFO mip_v1 - print:   Machine 2: completion time = 72.54
05/04/2026 12:38:29 AM INFO mip_v1 - print:   Machine 3: completion time = 85.76
05/04/2026 12:38:29 AM INFO mip_v1 - print:   Delivery: 87.76 (Deadline: 101.50, Delay: 0.00)
05/04/2026 12:38:29 AM INFO mip_v1 - print: 
05/04/2026 12:38:29 AM INFO mip_v1 - print: Order 8 → Factory 4
05/04/2026 12:38:29 AM INFO mip_v1 - print:   Machine 1: completion time = 57.57
05/04/2026 12:38:29 AM INFO mip_v1 - print:   Machine 2: completion time = 66.86
05/04/2026 12:38:29 AM INFO mip_v1 - print:   Machine 3: completion time = 77.55
05/04/2026 12:38:29 AM INFO mip_v1 - print:   Delivery: 79.55 (Deadline: 95.20, Delay: 0.00)
05/04/2026 12:38:29 AM INFO mip_v1 - print: 
05/04/2026 12:38:29 AM INFO mip_v1 - print: Order 10 → Factory 10
05/04/2026 12:38:29 AM INFO mip_v1 - print:   Machine 1: completion time = 83.50
05/04/2026 12:38:29 AM INFO mip_v1 - print:   Machine 2: completion time = 92.89
05/04/2026 12:38:29 AM INFO mip_v1 - print:   Machine 3: completion time = 101.83
05/04/2026 12:38:29 AM INFO mip_v1 - print:   Machine 4: completion time = 112.78
05/04/2026 12:38:29 AM INFO mip_v1 - print:   Delivery: 114.48 (Deadline: 134.70, Delay: 0.00)
05/04/2026 12:38:29 AM INFO mip_v1 - print: 
05/04/2026 12:38:29 AM INFO mip_v1 - print: Order 12 → Factory 2
05/04/2026 12:38:29 AM INFO mip_v1 - print:   Machine 1: completion time = 26.75
05/04/2026 12:38:29 AM INFO mip_v1 - print:   Machine 2: completion time = 35.94
05/04/2026 12:38:29 AM INFO mip_v1 - print:   Machine 3: completion time = 56.65
05/04/2026 12:38:29 AM INFO mip_v1 - print:   Delivery: 58.75 (Deadline: 85.30, Delay: 0.00)
05/04/2026 12:38:29 AM INFO mip_v1 - print: 
05/04/2026 12:38:29 AM INFO mip_v1 - print: Order 13 → Factory 3
05/04/2026 12:38:29 AM INFO mip_v1 - print:   Machine 1: completion time = 79.60
05/04/2026 12:38:29 AM INFO mip_v1 - print:   Machine 2: completion time = 94.51
05/04/2026 12:38:29 AM INFO mip_v1 - print:   Machine 3: completion time = 101.70
05/04/2026 12:38:29 AM INFO mip_v1 - print:   Machine 4: completion time = 109.06
05/04/2026 12:38:29 AM INFO mip_v1 - print:   Delivery: 114.66 (Deadline: 121.40, Delay: 0.00)
05/04/2026 12:38:29 AM INFO mip_v1 - print: 
05/04/2026 12:38:29 AM INFO mip_v1 - print: Order 14 → Factory 5
05/04/2026 12:38:29 AM INFO mip_v1 - print:   Machine 1: completion time = 78.45
05/04/2026 12:38:29 AM INFO mip_v1 - print:   Machine 2: completion time = 88.08
05/04/2026 12:38:29 AM INFO mip_v1 - print:   Machine 3: completion time = 96.29
05/04/2026 12:38:29 AM INFO mip_v1 - print:   Delivery: 99.19 (Deadline: 111.30, Delay: 0.00)
05/04/2026 12:38:29 AM INFO mip_v1 - print: 
05/04/2026 12:38:29 AM INFO mip_v1 - print: Order 15 → Factory 6
05/04/2026 12:38:29 AM INFO mip_v1 - print:   Machine 1: completion time = 113.80
05/04/2026 12:38:29 AM INFO mip_v1 - print:   Machine 2: completion time = 123.14
05/04/2026 12:38:29 AM INFO mip_v1 - print:   Machine 3: completion time = 132.43
05/04/2026 12:38:29 AM INFO mip_v1 - print:   Delivery: 136.63 (Deadline: 138.60, Delay: 0.00)
05/04/2026 12:38:29 AM INFO mip_v1 - print: 
05/04/2026 12:38:29 AM INFO mip_v1 - print: Order 16 → Factory 6
05/04/2026 12:38:29 AM INFO mip_v1 - print:   Machine 1: completion time = 11.17
05/04/2026 12:38:29 AM INFO mip_v1 - print:   Machine 2: completion time = 20.56
05/04/2026 12:38:29 AM INFO mip_v1 - print:   Machine 3: completion time = 29.16
05/04/2026 12:38:29 AM INFO mip_v1 - print:   Delivery: 32.96 (Deadline: 57.90, Delay: 0.00)
05/04/2026 12:38:29 AM INFO mip_v1 - print: 
05/04/2026 12:38:29 AM INFO mip_v1 - print: Order 17 → Factory 7
05/04/2026 12:38:29 AM INFO mip_v1 - print:   Machine 1: completion time = 37.59
05/04/2026 12:38:29 AM INFO mip_v1 - print:   Machine 2: completion time = 46.21
05/04/2026 12:38:29 AM INFO mip_v1 - print:   Machine 3: completion time = 54.01
05/04/2026 12:38:29 AM INFO mip_v1 - print:   Machine 4: completion time = 64.04
05/04/2026 12:38:29 AM INFO mip_v1 - print:   Delivery: 65.74 (Deadline: 84.90, Delay: 0.00)
05/04/2026 12:38:29 AM INFO mip_v1 - print: 
05/04/2026 12:38:29 AM INFO mip_v1 - print: Order 18 → Factory 6
05/04/2026 12:38:29 AM INFO mip_v1 - print:   Machine 1: completion time = 52.63
05/04/2026 12:38:29 AM INFO mip_v1 - print:   Machine 2: completion time = 62.90
05/04/2026 12:38:29 AM INFO mip_v1 - print:   Machine 3: completion time = 74.69
05/04/2026 12:38:29 AM INFO mip_v1 - print:   Delivery: 80.59 (Deadline: 93.70, Delay: 0.00)
05/04/2026 12:38:29 AM INFO mip_v1 - print: 
05/04/2026 12:38:29 AM INFO mip_v1 - print: Order 20 → Factory 5
05/04/2026 12:38:29 AM INFO mip_v1 - print:   Machine 1: completion time = 55.57
05/04/2026 12:38:29 AM INFO mip_v1 - print:   Machine 2: completion time = 67.61
05/04/2026 12:38:29 AM INFO mip_v1 - print:   Machine 3: completion time = 80.48
05/04/2026 12:38:29 AM INFO mip_v1 - print:   Delivery: 84.08 (Deadline: 90.10, Delay: 0.00)
05/04/2026 12:38:29 AM INFO mip_v1 - print: 
05/04/2026 12:38:29 AM INFO mip_v1 - print: Order 21 → Factory 2
05/04/2026 12:38:29 AM INFO mip_v1 - print:   Machine 1: completion time = 133.10
05/04/2026 12:38:29 AM INFO mip_v1 - print:   Machine 2: completion time = 138.36
05/04/2026 12:38:29 AM INFO mip_v1 - print:   Machine 3: completion time = 143.40
05/04/2026 12:38:29 AM INFO mip_v1 - print:   Delivery: 147.50 (Deadline: 147.50, Delay: 0.00)
05/04/2026 12:38:29 AM INFO mip_v1 - print: 
05/04/2026 12:38:29 AM INFO mip_v1 - print: Order 22 → Factory 5
05/04/2026 12:38:29 AM INFO mip_v1 - print:   Machine 1: completion time = 104.83
05/04/2026 12:38:29 AM INFO mip_v1 - print:   Machine 2: completion time = 117.83
05/04/2026 12:38:29 AM INFO mip_v1 - print:   Machine 3: completion time = 130.39
05/04/2026 12:38:29 AM INFO mip_v1 - print:   Delivery: 135.99 (Deadline: 135.80, Delay: 0.19)
05/04/2026 12:38:29 AM INFO mip_v1 - print: 
05/04/2026 12:38:29 AM INFO mip_v1 - print: Order 23 → Factory 2
05/04/2026 12:38:29 AM INFO mip_v1 - print:   Machine 1: completion time = 48.73
05/04/2026 12:38:29 AM INFO mip_v1 - print:   Machine 2: completion time = 68.22
05/04/2026 12:38:29 AM INFO mip_v1 - print:   Machine 3: completion time = 78.27
05/04/2026 12:38:29 AM INFO mip_v1 - print:   Delivery: 79.47 (Deadline: 98.20, Delay: 0.00)
05/04/2026 12:38:29 AM INFO mip_v1 - print: 
05/04/2026 12:38:29 AM INFO mip_v1 - print: Order 26 → Factory 7
05/04/2026 12:38:29 AM INFO mip_v1 - print:   Machine 1: completion time = 50.56
05/04/2026 12:38:29 AM INFO mip_v1 - print:   Machine 2: completion time = 57.43
05/04/2026 12:38:29 AM INFO mip_v1 - print:   Machine 3: completion time = 64.04
05/04/2026 12:38:29 AM INFO mip_v1 - print:   Machine 4: completion time = 70.60
05/04/2026 12:38:29 AM INFO mip_v1 - print:   Delivery: 75.60 (Deadline: 94.10, Delay: 0.00)
05/04/2026 12:38:29 AM INFO mip_v1 - print: 
05/04/2026 12:38:29 AM INFO mip_v1 - print: Order 27 → Factory 5
05/04/2026 12:38:29 AM INFO mip_v1 - print:   Machine 1: completion time = 137.37
05/04/2026 12:38:29 AM INFO mip_v1 - print:   Machine 2: completion time = 147.04
05/04/2026 12:38:29 AM INFO mip_v1 - print:   Machine 3: completion time = 157.63
05/04/2026 12:38:29 AM INFO mip_v1 - print:   Delivery: 159.83 (Deadline: 158.10, Delay: 1.73)
05/04/2026 12:38:29 AM INFO mip_v1 - print: 
05/04/2026 12:38:29 AM INFO mip_v1 - print: Order 28 → Factory 6
05/04/2026 12:38:29 AM INFO mip_v1 - print:   Machine 1: completion time = 18.34
05/04/2026 12:38:29 AM INFO mip_v1 - print:   Machine 2: completion time = 29.07
05/04/2026 12:38:29 AM INFO mip_v1 - print:   Machine 3: completion time = 35.83
05/04/2026 12:38:29 AM INFO mip_v1 - print:   Delivery: 42.13 (Deadline: 59.80, Delay: 0.00)
05/04/2026 12:38:29 AM INFO mip_v1 - print: 
05/04/2026 12:38:29 AM INFO mip_v1 - print: Order 29 → Factory 2
05/04/2026 12:38:29 AM INFO mip_v1 - print:   Machine 1: completion time = 87.25
05/04/2026 12:38:29 AM INFO mip_v1 - print:   Machine 2: completion time = 98.16
05/04/2026 12:38:29 AM INFO mip_v1 - print:   Machine 3: completion time = 117.35
05/04/2026 12:38:29 AM INFO mip_v1 - print:   Delivery: 119.55 (Deadline: 121.70, Delay: 0.00)
05/04/2026 12:38:29 AM INFO mip_v1 - print: 
05/04/2026 12:38:29 AM INFO mip_v1 - print: Order 30 → Factory 2
05/04/2026 12:38:29 AM INFO mip_v1 - print:   Machine 1: completion time = 62.39
05/04/2026 12:38:29 AM INFO mip_v1 - print:   Machine 2: completion time = 75.17
05/04/2026 12:38:29 AM INFO mip_v1 - print:   Machine 3: completion time = 85.45
05/04/2026 12:38:29 AM INFO mip_v1 - print:   Delivery: 87.15 (Deadline: 96.50, Delay: 0.00)
05/04/2026 12:38:29 AM INFO mip_v1 - print: 
05/04/2026 12:38:29 AM INFO mip_v1 - print: Order 31 → Factory 9
05/04/2026 12:38:29 AM INFO mip_v1 - print:   Machine 1: completion time = 34.20
05/04/2026 12:38:29 AM INFO mip_v1 - print:   Machine 2: completion time = 43.04
05/04/2026 12:38:29 AM INFO mip_v1 - print:   Machine 3: completion time = 51.39
05/04/2026 12:38:29 AM INFO mip_v1 - print:   Machine 4: completion time = 71.24
05/04/2026 12:38:29 AM INFO mip_v1 - print:   Machine 5: completion time = 80.16
05/04/2026 12:38:29 AM INFO mip_v1 - print:   Delivery: 81.66 (Deadline: 88.60, Delay: 0.00)
05/04/2026 12:38:29 AM INFO mip_v1 - print: 
05/04/2026 12:38:29 AM INFO mip_v1 - print: Order 32 → Factory 5
05/04/2026 12:38:29 AM INFO mip_v1 - print:   Machine 1: completion time = 15.10
05/04/2026 12:38:29 AM INFO mip_v1 - print:   Machine 2: completion time = 22.57
05/04/2026 12:38:29 AM INFO mip_v1 - print:   Machine 3: completion time = 30.80
05/04/2026 12:38:29 AM INFO mip_v1 - print:   Delivery: 37.60 (Deadline: 64.60, Delay: 0.00)
05/04/2026 12:38:29 AM INFO mip_v1 - print: 
05/04/2026 12:38:29 AM INFO mip_v1 - print: Order 33 → Factory 6
05/04/2026 12:38:29 AM INFO mip_v1 - print:   Machine 1: completion time = 57.72
05/04/2026 12:38:29 AM INFO mip_v1 - print:   Machine 2: completion time = 67.99
05/04/2026 12:38:29 AM INFO mip_v1 - print:   Machine 3: completion time = 79.30
05/04/2026 12:38:29 AM INFO mip_v1 - print:   Delivery: 83.90 (Deadline: 88.50, Delay: 0.00)
05/04/2026 12:38:29 AM INFO mip_v1 - print: 
05/04/2026 12:38:29 AM INFO mip_v1 - print: Order 35 → Factory 4
05/04/2026 12:38:29 AM INFO mip_v1 - print:   Machine 1: completion time = 46.58
05/04/2026 12:38:29 AM INFO mip_v1 - print:   Machine 2: completion time = 54.88
05/04/2026 12:38:29 AM INFO mip_v1 - print:   Machine 3: completion time = 64.69
05/04/2026 12:38:29 AM INFO mip_v1 - print:   Delivery: 70.49 (Deadline: 89.90, Delay: 0.00)
05/04/2026 12:38:29 AM INFO mip_v1 - print: 
05/04/2026 12:38:29 AM INFO mip_v1 - print: Order 36 → Factory 5
05/04/2026 12:38:29 AM INFO mip_v1 - print:   Machine 1: completion time = 129.22
05/04/2026 12:38:29 AM INFO mip_v1 - print:   Machine 2: completion time = 139.70
05/04/2026 12:38:29 AM INFO mip_v1 - print:   Machine 3: completion time = 150.31
05/04/2026 12:38:29 AM INFO mip_v1 - print:   Delivery: 152.11 (Deadline: 156.70, Delay: 0.00)
05/04/2026 12:38:29 AM INFO mip_v1 - print: 
05/04/2026 12:38:29 AM INFO mip_v1 - print: Order 37 → Factory 6
05/04/2026 12:38:29 AM INFO mip_v1 - print:   Machine 1: completion time = 92.25
05/04/2026 12:38:29 AM INFO mip_v1 - print:   Machine 2: completion time = 102.34
05/04/2026 12:38:29 AM INFO mip_v1 - print:   Machine 3: completion time = 112.27
05/04/2026 12:38:29 AM INFO mip_v1 - print:   Delivery: 114.27 (Deadline: 134.50, Delay: 0.00)
05/04/2026 12:38:29 AM INFO mip_v1 - print: 
05/04/2026 12:38:29 AM INFO mip_v1 - print: Order 38 → Factory 7
05/04/2026 12:38:29 AM INFO mip_v1 - print:   Machine 1: completion time = 9.05
05/04/2026 12:38:29 AM INFO mip_v1 - print:   Machine 2: completion time = 15.14
05/04/2026 12:38:29 AM INFO mip_v1 - print:   Machine 3: completion time = 21.13
05/04/2026 12:38:29 AM INFO mip_v1 - print:   Machine 4: completion time = 26.73
05/04/2026 12:38:29 AM INFO mip_v1 - print:   Delivery: 28.73 (Deadline: 54.10, Delay: 0.00)
05/04/2026 12:38:29 AM INFO mip_v1 - print: 
05/04/2026 12:38:29 AM INFO mip_v1 - print: Order 39 → Factory 7
05/04/2026 12:38:29 AM INFO mip_v1 - print:   Machine 1: completion time = 76.58
05/04/2026 12:38:29 AM INFO mip_v1 - print:   Machine 2: completion time = 86.95
05/04/2026 12:38:29 AM INFO mip_v1 - print:   Machine 3: completion time = 96.11
05/04/2026 12:38:29 AM INFO mip_v1 - print:   Machine 4: completion time = 106.90
05/04/2026 12:38:29 AM INFO mip_v1 - print:   Delivery: 107.30 (Deadline: 134.30, Delay: 0.00)
05/04/2026 12:38:29 AM INFO mip_v1 - print: 
05/04/2026 12:38:29 AM INFO mip_v1 - print: Order 40 → Factory 2
05/04/2026 12:38:29 AM INFO mip_v1 - print:   Machine 1: completion time = 101.81
05/04/2026 12:38:29 AM INFO mip_v1 - print:   Machine 2: completion time = 111.46
05/04/2026 12:38:29 AM INFO mip_v1 - print:   Machine 3: completion time = 129.79
05/04/2026 12:38:29 AM INFO mip_v1 - print:   Delivery: 131.19 (Deadline: 133.80, Delay: 0.00)
05/04/2026 12:38:29 AM INFO mip_v1 - print: 
05/04/2026 12:38:29 AM INFO mip_v1 - print: Order 42 → Factory 2
05/04/2026 12:38:29 AM INFO mip_v1 - print:   Machine 1: completion time = 80.22
05/04/2026 12:38:29 AM INFO mip_v1 - print:   Machine 2: completion time = 92.04
05/04/2026 12:38:29 AM INFO mip_v1 - print:   Machine 3: completion time = 104.50
05/04/2026 12:38:29 AM INFO mip_v1 - print:   Delivery: 105.90 (Deadline: 105.90, Delay: 0.00)
05/04/2026 12:38:29 AM INFO mip_v1 - print: 
05/04/2026 12:38:29 AM INFO mip_v1 - print: Order 43 → Factory 2
05/04/2026 12:38:29 AM INFO mip_v1 - print:   Machine 1: completion time = 108.69
05/04/2026 12:38:29 AM INFO mip_v1 - print:   Machine 2: completion time = 117.35
05/04/2026 12:38:29 AM INFO mip_v1 - print:   Machine 3: completion time = 123.18
05/04/2026 12:38:29 AM INFO mip_v1 - print:   Delivery: 126.28 (Deadline: 138.90, Delay: 0.00)
05/04/2026 12:38:29 AM INFO mip_v1 - print: 
05/04/2026 12:38:29 AM INFO mip_v1 - print: Order 44 → Factory 2
05/04/2026 12:38:29 AM INFO mip_v1 - print:   Machine 1: completion time = 68.06
05/04/2026 12:38:29 AM INFO mip_v1 - print:   Machine 2: completion time = 81.63
05/04/2026 12:38:29 AM INFO mip_v1 - print:   Machine 3: completion time = 93.59
05/04/2026 12:38:29 AM INFO mip_v1 - print:   Delivery: 95.09 (Deadline: 99.50, Delay: 0.00)
05/04/2026 12:38:29 AM INFO mip_v1 - print: 
05/04/2026 12:38:29 AM INFO mip_v1 - print: Order 45 → Factory 6
05/04/2026 12:38:29 AM INFO mip_v1 - print:   Machine 1: completion time = 35.54
05/04/2026 12:38:29 AM INFO mip_v1 - print:   Machine 2: completion time = 45.84
05/04/2026 12:38:29 AM INFO mip_v1 - print:   Machine 3: completion time = 55.86
05/04/2026 12:38:29 AM INFO mip_v1 - print:   Delivery: 61.36 (Deadline: 82.10, Delay: 0.00)
05/04/2026 12:38:29 AM INFO mip_v1 - print: 
05/04/2026 12:38:29 AM INFO mip_v1 - print: Order 46 → Factory 4
05/04/2026 12:38:29 AM INFO mip_v1 - print:   Machine 1: completion time = 25.87
05/04/2026 12:38:29 AM INFO mip_v1 - print:   Machine 2: completion time = 34.14
05/04/2026 12:38:29 AM INFO mip_v1 - print:   Machine 3: completion time = 43.68
05/04/2026 12:38:29 AM INFO mip_v1 - print:   Delivery: 49.78 (Deadline: 62.30, Delay: 0.00)
05/04/2026 12:38:29 AM INFO mip_v1 - print: 
05/04/2026 12:38:29 AM INFO mip_v1 - print: Order 47 → Factory 2
05/04/2026 12:38:29 AM INFO mip_v1 - print:   Machine 1: completion time = 36.99
05/04/2026 12:38:29 AM INFO mip_v1 - print:   Machine 2: completion time = 53.85
05/04/2026 12:38:29 AM INFO mip_v1 - print:   Machine 3: completion time = 63.80
05/04/2026 12:38:29 AM INFO mip_v1 - print:   Delivery: 65.10 (Deadline: 97.20, Delay: 0.00)
05/04/2026 12:38:29 AM INFO mip_v1 - print: 
05/04/2026 12:38:29 AM INFO mip_v1 - print: Order 48 → Factory 5
05/04/2026 12:38:29 AM INFO mip_v1 - print:   Machine 1: completion time = 114.19
05/04/2026 12:38:29 AM INFO mip_v1 - print:   Machine 2: completion time = 129.22
05/04/2026 12:38:29 AM INFO mip_v1 - print:   Machine 3: completion time = 139.70
05/04/2026 12:38:29 AM INFO mip_v1 - print:   Delivery: 144.40 (Deadline: 147.30, Delay: 0.00)
05/04/2026 12:38:29 AM INFO mip_v1 - print: 
05/04/2026 12:38:29 AM INFO mip_v1 - print: Order 50 → Factory 2
05/04/2026 12:38:29 AM INFO mip_v1 - print:   Machine 1: completion time = 93.75
05/04/2026 12:38:29 AM INFO mip_v1 - print:   Machine 2: completion time = 104.20
05/04/2026 12:38:29 AM INFO mip_v1 - print:   Machine 3: completion time = 111.18
05/04/2026 12:38:29 AM INFO mip_v1 - print:   Delivery: 112.98 (Deadline: 117.00, Delay: 0.00)
05/04/2026 12:38:29 AM INFO mip_v1 - print: 
05/04/2026 12:38:29 AM INFO mip_v1 - print: Order 53 → Factory 3
05/04/2026 12:38:29 AM INFO mip_v1 - print:   Machine 1: completion time = 94.51
05/04/2026 12:38:29 AM INFO mip_v1 - print:   Machine 2: completion time = 108.50
05/04/2026 12:38:29 AM INFO mip_v1 - print:   Machine 3: completion time = 120.35
05/04/2026 12:38:29 AM INFO mip_v1 - print:   Machine 4: completion time = 132.37
05/04/2026 12:38:29 AM INFO mip_v1 - print:   Delivery: 135.27 (Deadline: 134.80, Delay: 0.47)
05/04/2026 12:38:29 AM INFO mip_v1 - print: 
05/04/2026 12:38:29 AM INFO mip_v1 - print: Order 54 → Factory 7
05/04/2026 12:38:29 AM INFO mip_v1 - print:   Machine 1: completion time = 98.96
05/04/2026 12:38:29 AM INFO mip_v1 - print:   Machine 2: completion time = 117.99
05/04/2026 12:38:29 AM INFO mip_v1 - print:   Machine 3: completion time = 124.25
05/04/2026 12:38:29 AM INFO mip_v1 - print:   Machine 4: completion time = 130.90
05/04/2026 12:38:29 AM INFO mip_v1 - print:   Delivery: 133.70 (Deadline: 146.60, Delay: 0.00)
05/04/2026 12:38:29 AM INFO mip_v1 - print: 
05/04/2026 12:38:29 AM INFO mip_v1 - print: Order 55 → Factory 5
05/04/2026 12:38:29 AM INFO mip_v1 - print:   Machine 1: completion time = 23.91
05/04/2026 12:38:29 AM INFO mip_v1 - print:   Machine 2: completion time = 31.39
05/04/2026 12:38:29 AM INFO mip_v1 - print:   Machine 3: completion time = 55.68
05/04/2026 12:38:29 AM INFO mip_v1 - print:   Delivery: 60.38 (Deadline: 69.40, Delay: 0.00)
05/04/2026 12:38:29 AM INFO mip_v1 - print: 
05/04/2026 12:38:29 AM INFO mip_v1 - print: Order 58 → Factory 6
05/04/2026 12:38:29 AM INFO mip_v1 - print:   Machine 1: completion time = 140.88
05/04/2026 12:38:29 AM INFO mip_v1 - print:   Machine 2: completion time = 148.89
05/04/2026 12:38:29 AM INFO mip_v1 - print:   Machine 3: completion time = 156.90
05/04/2026 12:38:29 AM INFO mip_v1 - print:   Delivery: 162.10 (Deadline: 162.10, Delay: 0.00)
05/04/2026 12:38:29 AM INFO mip_v1 - print: 
05/04/2026 12:38:29 AM INFO mip_v1 - print: Order 59 → Factory 5
05/04/2026 12:38:29 AM INFO mip_v1 - print:   Machine 1: completion time = 37.03
05/04/2026 12:38:29 AM INFO mip_v1 - print:   Machine 2: completion time = 55.57
05/04/2026 12:38:29 AM INFO mip_v1 - print:   Machine 3: completion time = 67.61
05/04/2026 12:38:29 AM INFO mip_v1 - print:   Delivery: 72.51 (Deadline: 77.70, Delay: 0.00)
05/04/2026 12:38:29 AM INFO mip_v1 - print: 
05/04/2026 12:38:29 AM INFO mip_v1 - print: Order 61 → Factory 4
05/04/2026 12:38:29 AM INFO mip_v1 - print:   Machine 1: completion time = 37.86
05/04/2026 12:38:29 AM INFO mip_v1 - print:   Machine 2: completion time = 44.76
05/04/2026 12:38:29 AM INFO mip_v1 - print:   Machine 3: completion time = 52.80
05/04/2026 12:38:29 AM INFO mip_v1 - print:   Delivery: 57.70 (Deadline: 74.00, Delay: 0.00)
05/04/2026 12:38:29 AM INFO mip_v1 - print: 
05/04/2026 12:38:29 AM INFO mip_v1 - print: Order 63 → Factory 10
05/04/2026 12:38:29 AM INFO mip_v1 - print:   Machine 1: completion time = 43.68
05/04/2026 12:38:29 AM INFO mip_v1 - print:   Machine 2: completion time = 49.79
05/04/2026 12:38:29 AM INFO mip_v1 - print:   Machine 3: completion time = 55.90
05/04/2026 12:38:29 AM INFO mip_v1 - print:   Machine 4: completion time = 63.54
05/04/2026 12:38:29 AM INFO mip_v1 - print:   Delivery: 65.74 (Deadline: 83.50, Delay: 0.00)
05/04/2026 12:38:29 AM INFO mip_v1 - print: 
05/04/2026 12:38:29 AM INFO mip_v1 - print: Order 66 → Factory 9
05/04/2026 12:38:29 AM INFO mip_v1 - print:   Machine 1: completion time = 38.94
05/04/2026 12:38:29 AM INFO mip_v1 - print:   Machine 2: completion time = 47.99
05/04/2026 12:38:29 AM INFO mip_v1 - print:   Machine 3: completion time = 56.76
05/04/2026 12:38:29 AM INFO mip_v1 - print:   Machine 4: completion time = 62.01
05/04/2026 12:38:29 AM INFO mip_v1 - print:   Machine 5: completion time = 70.10
05/04/2026 12:38:29 AM INFO mip_v1 - print:   Delivery: 76.40 (Deadline: 76.40, Delay: 0.00)
05/04/2026 12:38:29 AM INFO mip_v1 - print: 
05/04/2026 12:38:29 AM INFO mip_v1 - print: Order 68 → Factory 4
05/04/2026 12:38:29 AM INFO mip_v1 - print:   Machine 1: completion time = 110.83
05/04/2026 12:38:29 AM INFO mip_v1 - print:   Machine 2: completion time = 123.63
05/04/2026 12:38:29 AM INFO mip_v1 - print:   Machine 3: completion time = 138.54
05/04/2026 12:38:29 AM INFO mip_v1 - print:   Delivery: 139.04 (Deadline: 139.60, Delay: 0.00)
05/04/2026 12:38:29 AM INFO mip_v1 - print: 
05/04/2026 12:38:29 AM INFO mip_v1 - print: Order 70 → Factory 6
05/04/2026 12:38:29 AM INFO mip_v1 - print:   Machine 1: completion time = 81.73
05/04/2026 12:38:29 AM INFO mip_v1 - print:   Machine 2: completion time = 92.47
05/04/2026 12:38:29 AM INFO mip_v1 - print:   Machine 3: completion time = 102.34
05/04/2026 12:38:29 AM INFO mip_v1 - print:   Delivery: 104.44 (Deadline: 129.20, Delay: 0.00)
05/04/2026 12:38:29 AM INFO mip_v1 - print: 
05/04/2026 12:38:29 AM INFO mip_v1 - print: Order 71 → Factory 6
05/04/2026 12:38:29 AM INFO mip_v1 - print:   Machine 1: completion time = 107.80
05/04/2026 12:38:29 AM INFO mip_v1 - print:   Machine 2: completion time = 116.07
05/04/2026 12:38:29 AM INFO mip_v1 - print:   Machine 3: completion time = 125.79
05/04/2026 12:38:29 AM INFO mip_v1 - print:   Delivery: 126.69 (Deadline: 139.20, Delay: 0.00)
05/04/2026 12:38:29 AM INFO mip_v1 - print: 
05/04/2026 12:38:29 AM INFO mip_v1 - print: Order 73 → Factory 7
05/04/2026 12:38:29 AM INFO mip_v1 - print:   Machine 1: completion time = 86.17
05/04/2026 12:38:29 AM INFO mip_v1 - print:   Machine 2: completion time = 97.45
05/04/2026 12:38:29 AM INFO mip_v1 - print:   Machine 3: completion time = 106.90
05/04/2026 12:38:29 AM INFO mip_v1 - print:   Machine 4: completion time = 116.53
05/04/2026 12:38:29 AM INFO mip_v1 - print:   Delivery: 118.73 (Deadline: 130.00, Delay: 0.00)
05/04/2026 12:38:29 AM INFO mip_v1 - print: 
05/04/2026 12:38:29 AM INFO mip_v1 - print: Order 75 → Factory 9
05/04/2026 12:38:29 AM INFO mip_v1 - print:   Machine 1: completion time = 84.80
05/04/2026 12:38:29 AM INFO mip_v1 - print:   Machine 2: completion time = 93.74
05/04/2026 12:38:29 AM INFO mip_v1 - print:   Machine 3: completion time = 102.68
05/04/2026 12:38:29 AM INFO mip_v1 - print:   Machine 4: completion time = 112.13
05/04/2026 12:38:29 AM INFO mip_v1 - print:   Machine 5: completion time = 123.70
05/04/2026 12:38:29 AM INFO mip_v1 - print:   Delivery: 126.90 (Deadline: 126.90, Delay: 0.00)
05/04/2026 12:38:29 AM INFO mip_v1 - print: 
05/04/2026 12:38:29 AM INFO mip_v1 - print: Order 77 → Factory 2
05/04/2026 12:38:29 AM INFO mip_v1 - print:   Machine 1: completion time = 53.85
05/04/2026 12:38:29 AM INFO mip_v1 - print:   Machine 2: completion time = 58.44
05/04/2026 12:38:29 AM INFO mip_v1 - print:   Machine 3: completion time = 68.22
05/04/2026 12:38:29 AM INFO mip_v1 - print:   Delivery: 70.72 (Deadline: 89.30, Delay: 0.00)
05/04/2026 12:38:29 AM INFO mip_v1 - print: 
05/04/2026 12:38:29 AM INFO mip_v1 - print: Order 78 → Factory 1
05/04/2026 12:38:29 AM INFO mip_v1 - print:   Machine 1: completion time = 39.23
05/04/2026 12:38:29 AM INFO mip_v1 - print:   Machine 2: completion time = 48.54
05/04/2026 12:38:29 AM INFO mip_v1 - print:   Machine 3: completion time = 57.46
05/04/2026 12:38:29 AM INFO mip_v1 - print:   Machine 4: completion time = 66.49
05/04/2026 12:38:29 AM INFO mip_v1 - print:   Machine 5: completion time = 75.04
05/04/2026 12:38:29 AM INFO mip_v1 - print:   Delivery: 78.04 (Deadline: 80.00, Delay: 0.00)
05/04/2026 12:38:29 AM INFO mip_v1 - print: 
05/04/2026 12:38:29 AM INFO mip_v1 - print: Order 80 → Factory 6
05/04/2026 12:38:29 AM INFO mip_v1 - print:   Machine 1: completion time = 63.96
05/04/2026 12:38:29 AM INFO mip_v1 - print:   Machine 2: completion time = 74.57
05/04/2026 12:38:29 AM INFO mip_v1 - print:   Machine 3: completion time = 85.26
05/04/2026 12:38:29 AM INFO mip_v1 - print:   Delivery: 87.56 (Deadline: 90.00, Delay: 0.00)
05/04/2026 12:38:29 AM INFO mip_v1 - print: 
05/04/2026 12:38:29 AM INFO mip_v1 - print: Order 81 → Factory 3
05/04/2026 12:38:29 AM INFO mip_v1 - print:   Machine 1: completion time = 36.44
05/04/2026 12:38:29 AM INFO mip_v1 - print:   Machine 2: completion time = 45.61
05/04/2026 12:38:29 AM INFO mip_v1 - print:   Machine 3: completion time = 53.53
05/04/2026 12:38:29 AM INFO mip_v1 - print:   Machine 4: completion time = 73.30
05/04/2026 12:38:29 AM INFO mip_v1 - print:   Delivery: 78.10 (Deadline: 78.10, Delay: 0.00)
05/04/2026 12:38:29 AM INFO mip_v1 - print: 
05/04/2026 12:38:29 AM INFO mip_v1 - print: Order 82 → Factory 3
05/04/2026 12:38:29 AM INFO mip_v1 - print:   Machine 1: completion time = 11.83
05/04/2026 12:38:29 AM INFO mip_v1 - print:   Machine 2: completion time = 20.37
05/04/2026 12:38:29 AM INFO mip_v1 - print:   Machine 3: completion time = 28.05
05/04/2026 12:38:29 AM INFO mip_v1 - print:   Machine 4: completion time = 35.29
05/04/2026 12:38:29 AM INFO mip_v1 - print:   Delivery: 41.79 (Deadline: 53.20, Delay: 0.00)
05/04/2026 12:38:29 AM INFO mip_v1 - print: 
05/04/2026 12:38:29 AM INFO mip_v1 - print: Order 83 → Factory 10
05/04/2026 12:38:29 AM INFO mip_v1 - print:   Machine 1: completion time = 92.65
05/04/2026 12:38:29 AM INFO mip_v1 - print:   Machine 2: completion time = 116.70
05/04/2026 12:38:29 AM INFO mip_v1 - print:   Machine 3: completion time = 127.57
05/04/2026 12:38:29 AM INFO mip_v1 - print:   Machine 4: completion time = 137.01
05/04/2026 12:38:29 AM INFO mip_v1 - print:   Delivery: 139.01 (Deadline: 146.40, Delay: 0.00)
05/04/2026 12:38:29 AM INFO mip_v1 - print: 
05/04/2026 12:38:29 AM INFO mip_v1 - print: Order 84 → Factory 5
05/04/2026 12:38:29 AM INFO mip_v1 - print:   Machine 1: completion time = 69.81
05/04/2026 12:38:29 AM INFO mip_v1 - print:   Machine 2: completion time = 79.60
05/04/2026 12:38:29 AM INFO mip_v1 - print:   Machine 3: completion time = 103.90
05/04/2026 12:38:29 AM INFO mip_v1 - print:   Delivery: 110.30 (Deadline: 110.30, Delay: 0.00)
05/04/2026 12:38:29 AM INFO mip_v1 - print: 
05/04/2026 12:38:29 AM INFO mip_v1 - print: Order 85 → Factory 5
05/04/2026 12:38:29 AM INFO mip_v1 - print:   Machine 1: completion time = 90.91
05/04/2026 12:38:29 AM INFO mip_v1 - print:   Machine 2: completion time = 102.03
05/04/2026 12:38:29 AM INFO mip_v1 - print:   Machine 3: completion time = 115.44
05/04/2026 12:38:29 AM INFO mip_v1 - print:   Delivery: 120.44 (Deadline: 130.40, Delay: 0.00)
05/04/2026 12:38:29 AM INFO mip_v1 - print: 
05/04/2026 12:38:29 AM INFO mip_v1 - print: Order 86 → Factory 6
05/04/2026 12:38:29 AM INFO mip_v1 - print:   Machine 1: completion time = 72.25
05/04/2026 12:38:29 AM INFO mip_v1 - print:   Machine 2: completion time = 82.65
05/04/2026 12:38:29 AM INFO mip_v1 - print:   Machine 3: completion time = 93.06
05/04/2026 12:38:29 AM INFO mip_v1 - print:   Delivery: 95.66 (Deadline: 114.40, Delay: 0.00)
05/04/2026 12:38:29 AM INFO mip_v1 - print: 
05/04/2026 12:38:29 AM INFO mip_v1 - print: Order 87 → Factory 3
05/04/2026 12:38:29 AM INFO mip_v1 - print:   Machine 1: completion time = 52.40
05/04/2026 12:38:29 AM INFO mip_v1 - print:   Machine 2: completion time = 60.43
05/04/2026 12:38:29 AM INFO mip_v1 - print:   Machine 3: completion time = 73.30
05/04/2026 12:38:29 AM INFO mip_v1 - print:   Machine 4: completion time = 80.77
05/04/2026 12:38:29 AM INFO mip_v1 - print:   Delivery: 85.97 (Deadline: 86.40, Delay: 0.00)
05/04/2026 12:38:29 AM INFO mip_v1 - print: 
05/04/2026 12:38:29 AM INFO mip_v1 - print: Order 88 → Factory 6
05/04/2026 12:38:29 AM INFO mip_v1 - print:   Machine 1: completion time = 45.84
05/04/2026 12:38:29 AM INFO mip_v1 - print:   Machine 2: completion time = 56.18
05/04/2026 12:38:29 AM INFO mip_v1 - print:   Machine 3: completion time = 66.16
05/04/2026 12:38:29 AM INFO mip_v1 - print:   Delivery: 66.66 (Deadline: 74.20, Delay: 0.00)
05/04/2026 12:38:29 AM INFO mip_v1 - print: 
05/04/2026 12:38:29 AM INFO mip_v1 - print: Order 89 → Factory 9
05/04/2026 12:38:29 AM INFO mip_v1 - print:   Machine 1: completion time = 94.03
05/04/2026 12:38:29 AM INFO mip_v1 - print:   Machine 2: completion time = 104.01
05/04/2026 12:38:29 AM INFO mip_v1 - print:   Machine 3: completion time = 113.76
05/04/2026 12:38:29 AM INFO mip_v1 - print:   Machine 4: completion time = 123.94
05/04/2026 12:38:29 AM INFO mip_v1 - print:   Machine 5: completion time = 142.87
05/04/2026 12:38:29 AM INFO mip_v1 - print:   Delivery: 145.87 (Deadline: 147.70, Delay: 0.00)
05/04/2026 12:38:29 AM INFO mip_v1 - print: 
05/04/2026 12:38:29 AM INFO mip_v1 - print: Order 90 → Factory 4
05/04/2026 12:38:29 AM INFO mip_v1 - print:   Machine 1: completion time = 67.23
05/04/2026 12:38:29 AM INFO mip_v1 - print:   Machine 2: completion time = 76.18
05/04/2026 12:38:29 AM INFO mip_v1 - print:   Machine 3: completion time = 87.90
05/04/2026 12:38:29 AM INFO mip_v1 - print:   Delivery: 91.20 (Deadline: 103.70, Delay: 0.00)
05/04/2026 12:38:29 AM INFO mip_v1 - print: 
05/04/2026 12:38:29 AM INFO mip_v1 - print: Order 91 → Factory 3
05/04/2026 12:38:29 AM INFO mip_v1 - print:   Machine 1: completion time = 66.12
05/04/2026 12:38:29 AM INFO mip_v1 - print:   Machine 2: completion time = 74.23
05/04/2026 12:38:29 AM INFO mip_v1 - print:   Machine 3: completion time = 81.55
05/04/2026 12:38:29 AM INFO mip_v1 - print:   Machine 4: completion time = 101.70
05/04/2026 12:38:29 AM INFO mip_v1 - print:   Delivery: 102.70 (Deadline: 106.60, Delay: 0.00)
05/04/2026 12:38:29 AM INFO mip_v1 - print: 
05/04/2026 12:38:29 AM INFO mip_v1 - print: Order 92 → Factory 2
05/04/2026 12:38:29 AM INFO mip_v1 - print:   Machine 1: completion time = 121.07
05/04/2026 12:38:29 AM INFO mip_v1 - print:   Machine 2: completion time = 129.79
05/04/2026 12:38:29 AM INFO mip_v1 - print:   Machine 3: completion time = 138.36
05/04/2026 12:38:29 AM INFO mip_v1 - print:   Delivery: 143.26 (Deadline: 147.90, Delay: 0.00)
05/04/2026 12:38:29 AM INFO mip_v1 - print: 
05/04/2026 12:38:29 AM INFO mip_v1 - print: Order 93 → Factory 3
05/04/2026 12:38:29 AM INFO mip_v1 - print:   Machine 1: completion time = 105.42
05/04/2026 12:38:29 AM INFO mip_v1 - print:   Machine 2: completion time = 135.69
05/04/2026 12:38:29 AM INFO mip_v1 - print:   Machine 3: completion time = 146.05
05/04/2026 12:38:29 AM INFO mip_v1 - print:   Machine 4: completion time = 156.43
05/04/2026 12:38:29 AM INFO mip_v1 - print:   Delivery: 160.23 (Deadline: 161.00, Delay: 0.00)
05/04/2026 12:38:29 AM INFO mip_v1 - print: 
05/04/2026 12:38:29 AM INFO mip_v1 - print: Order 94 → Factory 4
05/04/2026 12:38:29 AM INFO mip_v1 - print:   Machine 1: completion time = 91.42
05/04/2026 12:38:29 AM INFO mip_v1 - print:   Machine 2: completion time = 100.89
05/04/2026 12:38:29 AM INFO mip_v1 - print:   Machine 3: completion time = 110.84
05/04/2026 12:38:29 AM INFO mip_v1 - print:   Delivery: 112.74 (Deadline: 137.30, Delay: 0.00)
05/04/2026 12:38:29 AM INFO mip_v1 - print: 
05/04/2026 12:38:29 AM INFO mip_v1 - print: Order 95 → Factory 6
05/04/2026 12:38:29 AM INFO mip_v1 - print:   Machine 1: completion time = 98.09
05/04/2026 12:38:29 AM INFO mip_v1 - print:   Machine 2: completion time = 108.15
05/04/2026 12:38:29 AM INFO mip_v1 - print:   Machine 3: completion time = 117.87
05/04/2026 12:38:29 AM INFO mip_v1 - print:   Delivery: 121.67 (Deadline: 135.90, Delay: 0.00)
05/04/2026 12:38:29 AM INFO mip_v1 - print: 
05/04/2026 12:38:29 AM INFO mip_v1 - print: Order 96 → Factory 4
05/04/2026 12:38:29 AM INFO mip_v1 - print:   Machine 1: completion time = 98.14
05/04/2026 12:38:29 AM INFO mip_v1 - print:   Machine 2: completion time = 110.83
05/04/2026 12:38:29 AM INFO mip_v1 - print:   Machine 3: completion time = 117.67
05/04/2026 12:38:29 AM INFO mip_v1 - print:   Delivery: 118.67 (Deadline: 124.20, Delay: 0.00)
05/04/2026 12:38:29 AM INFO mip_v1 - print: 
05/04/2026 12:38:29 AM INFO mip_v1 - print: Order 97 → Factory 6
05/04/2026 12:38:29 AM INFO mip_v1 - print:   Machine 1: completion time = 123.14
05/04/2026 12:38:29 AM INFO mip_v1 - print:   Machine 2: completion time = 132.43
05/04/2026 12:38:29 AM INFO mip_v1 - print:   Machine 3: completion time = 141.10
05/04/2026 12:38:29 AM INFO mip_v1 - print:   Delivery: 146.70 (Deadline: 162.10, Delay: 0.00)
05/04/2026 12:38:29 AM INFO mip_v1 - print: 
05/04/2026 12:38:29 AM INFO mip_v1 - print: Order 98 → Factory 6
05/04/2026 12:38:29 AM INFO mip_v1 - print:   Machine 1: completion time = 131.74
05/04/2026 12:38:29 AM INFO mip_v1 - print:   Machine 2: completion time = 140.88
05/04/2026 12:38:29 AM INFO mip_v1 - print:   Machine 3: completion time = 148.58
05/04/2026 12:38:29 AM INFO mip_v1 - print:   Delivery: 154.58 (Deadline: 155.70, Delay: 0.00)
05/04/2026 12:38:29 AM INFO mip_v1 - print: 
05/04/2026 12:38:29 AM INFO mip_v1 - print: Order 99 → Factory 8
05/04/2026 12:38:29 AM INFO mip_v1 - print:   Machine 1: completion time = 103.00
05/04/2026 12:38:29 AM INFO mip_v1 - print:   Machine 2: completion time = 111.04
05/04/2026 12:38:29 AM INFO mip_v1 - print:   Machine 3: completion time = 119.62
05/04/2026 12:38:29 AM INFO mip_v1 - print:   Machine 4: completion time = 136.20
05/04/2026 12:38:29 AM INFO mip_v1 - print:   Delivery: 140.40 (Deadline: 140.40, Delay: 0.00)
05/04/2026 12:38:29 AM INFO mip_v1 - print: 
05/04/2026 12:38:29 AM INFO mip_v1 - print: Order 100 → Factory 6
05/04/2026 12:38:29 AM INFO mip_v1 - print:   Machine 1: completion time = 25.18
05/04/2026 12:38:29 AM INFO mip_v1 - print:   Machine 2: completion time = 35.71
05/04/2026 12:38:29 AM INFO mip_v1 - print:   Machine 3: completion time = 45.84
05/04/2026 12:38:29 AM INFO mip_v1 - print:   Delivery: 50.34 (Deadline: 58.70, Delay: 0.00)
05/04/2026 12:38:29 AM INFO mip_v1 - print: 
05/04/2026 12:38:29 AM INFO mip_v1 - print: ------------------------------------------------------------
05/04/2026 12:38:29 AM INFO mip_v1 - print: COST BREAKDOWN
05/04/2026 12:38:29 AM INFO mip_v1 - print: ------------------------------------------------------------
05/04/2026 12:38:29 AM INFO mip_v1 - print: Total Revenue:          +    86552.00
05/04/2026 12:38:29 AM INFO mip_v1 - print: Production Cost:        -    37524.44
05/04/2026 12:38:29 AM INFO mip_v1 - print: Transport Cost:         -    15181.20
05/04/2026 12:38:29 AM INFO mip_v1 - print: Delay Penalty:          -      170.62
05/04/2026 12:38:29 AM INFO mip_v1 - print: ------------------------------------------------------------
05/04/2026 12:38:29 AM INFO mip_v1 - print: Total Profit:           =    33675.74
