
Gurobi 10.0.1 (win64) logging started Sat Apr 25 22:55:33 2026

Set parameter LogFile to value "D:\Project_Code\Paper\DP_LBBD_1\DP_lbbd\Algorithm\Results\mip_v1\large\exp_7f_60j_seed4\log\exp_7f_60j_seed4_gurobi.log"
Set parameter LogToConsole to value 0
Gurobi Optimizer version 10.0.1 build v10.0.1rc0 (win64)

CPU model: Intel(R) Core(TM) Ultra 7 265KF, instruction set [SSE2|AVX|AVX2]
Thread count: 20 physical cores, 20 logical processors, using up to 20 threads

Optimize a model with 210146 rows, 105000 columns and 1038352 nonzeros
Model fingerprint: 0xdefeb133
Variable types: 1860 continuous, 103140 integer (103140 binary)
Coefficient statistics:
  Matrix range     [1e+00, 2e+02]
  Objective range  [1e+01, 2e+03]
  Bounds range     [1e+00, 2e+02]
  RHS range        [1e+00, 5e+02]
Found heuristic solution: objective -0.0000000
Presolve removed 131543 rows and 65639 columns
Presolve time: 1.22s
Presolved: 78603 rows, 39361 columns, 385946 nonzeros
Variable types: 1176 continuous, 38185 integer (38185 binary)

Deterministic concurrent LP optimizer: primal and dual simplex (primal and dual model)
Showing first log only...

Root relaxation presolved: 78603 rows, 39361 columns, 385946 nonzeros


Root simplex log...

Iteration    Objective       Primal Inf.    Dual Inf.      Time
       0   -0.0000000e+00   0.000000e+00   4.581267e+03      5s
Concurrent spin time: 0.03s

Solved with dual simplex (primal model)

Root relaxation: objective 3.329681e+04, 4288 iterations, 0.34 seconds (0.44 work units)

    Nodes    |    Current Node    |     Objective Bounds      |     Work
 Expl Unexpl |  Obj  Depth IntInf | Incumbent    BestBd   Gap | It/Node Time

     0     0 33296.8065    0 1099   -0.00000 33296.8065      -     -    6s
H    0     0                    9759.0021356 33296.8065   241%     -    6s
     0     0 32846.1200    0  715 9759.00214 32846.1200   237%     -    6s
H    0     0                    13241.591716 32846.1200   148%     -    6s
H    0     0                    16562.325834 32846.1200  98.3%     -    9s
     0     0 32837.9046    0  656 16562.3258 32837.9046  98.3%     -    9s
     0     0 32835.6900    0  640 16562.3258 32835.6900  98.3%     -    9s
     0     0 32835.6900    0  644 16562.3258 32835.6900  98.3%     -    9s
     0     0 32708.3610    0  738 16562.3258 32708.3610  97.5%     -   10s
     0     0 32696.1791    0  738 16562.3258 32696.1791  97.4%     -   10s
     0     0 32690.8006    0  713 16562.3258 32690.8006  97.4%     -   11s
     0     0 32689.2653    0  622 16562.3258 32689.2653  97.4%     -   11s
     0     0 32688.6491    0  633 16562.3258 32688.6491  97.4%     -   11s
     0     0 32688.6333    0  640 16562.3258 32688.6333  97.4%     -   11s
     0     0 32450.1424    0  661 16562.3258 32450.1424  95.9%     -   12s
     0     0 32414.8333    0  590 16562.3258 32414.8333  95.7%     -   12s
     0     0 32407.5069    0  562 16562.3258 32407.5069  95.7%     -   12s
     0     0 32407.3185    0  590 16562.3258 32407.3185  95.7%     -   12s
     0     0 32406.0204    0  588 16562.3258 32406.0204  95.7%     -   12s
     0     0 32406.0204    0  577 16562.3258 32406.0204  95.7%     -   12s
     0     0 32357.1658    0  603 16562.3258 32357.1658  95.4%     -   13s
     0     0 32352.9591    0  596 16562.3258 32352.9591  95.3%     -   13s
     0     0 32350.2560    0  577 16562.3258 32350.2560  95.3%     -   13s
     0     0 32346.0690    0  579 16562.3258 32346.0690  95.3%     -   13s
     0     0 32346.0690    0  567 16562.3258 32346.0690  95.3%     -   14s
     0     0 32341.6666    0  614 16562.3258 32341.6666  95.3%     -   14s
     0     0 32336.2211    0  664 16562.3258 32336.2211  95.2%     -   14s
     0     0 32335.8166    0  586 16562.3258 32335.8166  95.2%     -   15s
     0     0 32334.0346    0  613 16562.3258 32334.0346  95.2%     -   15s
     0     0 32333.6826    0  595 16562.3258 32333.6826  95.2%     -   15s
     0     0 32333.6553    0  604 16562.3258 32333.6553  95.2%     -   15s
     0     0 32323.9251    0  629 16562.3258 32323.9251  95.2%     -   15s
     0     0 32321.4776    0  611 16562.3258 32321.4776  95.2%     -   16s
     0     0 32320.9630    0  583 16562.3258 32320.9630  95.1%     -   16s
     0     0 32320.8925    0  581 16562.3258 32320.8925  95.1%     -   16s
     0     0 32303.5814    0  608 16562.3258 32303.5814  95.0%     -   16s
     0     0 32302.7272    0  616 16562.3258 32302.7272  95.0%     -   17s
     0     0 32302.1866    0  587 16562.3258 32302.1866  95.0%     -   17s
     0     0 32301.8321    0  564 16562.3258 32301.8321  95.0%     -   17s
     0     0 32301.5355    0  585 16562.3258 32301.5355  95.0%     -   17s
     0     0 32301.5355    0  569 16562.3258 32301.5355  95.0%     -   17s
     0     0 32301.3286    0  591 16562.3258 32301.3286  95.0%     -   18s
     0     0 32301.0761    0  595 16562.3258 32301.0761  95.0%     -   18s
     0     0 32300.9898    0  557 16562.3258 32300.9898  95.0%     -   18s
     0     0 32300.4704    0  620 16562.3258 32300.4704  95.0%     -   18s
     0     0 32299.8600    0  620 16562.3258 32299.8600  95.0%     -   19s
     0     0 32299.4871    0  614 16562.3258 32299.4871  95.0%     -   19s
     0     0 32299.3770    0  597 16562.3258 32299.3770  95.0%     -   19s
     0     0 32299.3674    0  623 16562.3258 32299.3674  95.0%     -   19s
     0     0 32299.3647    0  650 16562.3258 32299.3647  95.0%     -   20s
     0     0 32298.1214    0  604 16562.3258 32298.1214  95.0%     -   20s
     0     0 32298.0825    0  644 16562.3258 32298.0825  95.0%     -   20s
     0     0 32296.4417    0  652 16562.3258 32296.4417  95.0%     -   21s
     0     0 32294.7461    0  687 16562.3258 32294.7461  95.0%     -   21s
     0     0 32294.6278    0  660 16562.3258 32294.6278  95.0%     -   21s
     0     0 32294.5259    0  630 16562.3258 32294.5259  95.0%     -   22s
     0     0 32294.3196    0  667 16562.3258 32294.3196  95.0%     -   22s
     0     0 32294.2616    0  644 16562.3258 32294.2616  95.0%     -   22s
     0     0 32294.1314    0  708 16562.3258 32294.1314  95.0%     -   22s
     0     0 32294.1096    0  711 16562.3258 32294.1096  95.0%     -   23s
     0     0 32293.6656    0  691 16562.3258 32293.6656  95.0%     -   23s
     0     0 32293.5496    0  707 16562.3258 32293.5496  95.0%     -   23s
     0     0 32293.0725    0  722 16562.3258 32293.0725  95.0%     -   24s
     0     0 32293.0725    0  574 16562.3258 32293.0725  95.0%     -   24s
H    0     0                    17366.231216 32293.0725  86.0%     -   26s
     0     2 32289.4174    0  523 17366.2312 32289.4174  85.9%     -   26s
    31    52 31908.7338    5  761 17366.2312 32178.6756  85.3%  2308   52s
H   34    52                    17726.278766 32178.6756  81.5%  2251   52s
H   37    52                    18281.106129 32178.6756  76.0%  2208   52s
H   40    52                    18307.866335 32076.3155  75.2%  2148   52s
    91   112 31850.2745    8  736 18307.8663 32073.5515  75.2%  1541   55s
   284   250 31692.1475   13  766 18307.8663 32073.5515  75.2%   768   62s
   380   352 31395.3262   15  710 18307.8663 32073.5515  75.2%   716   65s
   569   487 30533.1599   19  759 18307.8663 32073.5515  75.2%   576   70s
   801   679 30021.6053   23  741 18307.8663 32073.5515  75.2%   491   76s
   946   803 29928.6696   27  698 18307.8663 32073.5515  75.2%   454   80s
  1257  1037 28793.3273   38  672 18307.8663 32073.5515  75.2%   390   85s
  1773  1519 27199.7220   45  637 18307.8663 32073.5515  75.2%   327   91s
  1957  1659 27199.7220   49  656 18307.8663 32073.5515  75.2%   309  105s
H 2011  1639                    19443.331468 32073.5515  65.0%   306  105s
  2287  1956 26401.4884   56  612 19443.3315 32073.5515  65.0%   288  111s
  2493  1957 29466.5867   34  574 19443.3315 32073.5515  65.0%   276  132s
  2495  1958 27616.3350   63  856 19443.3315 32073.5515  65.0%   275  159s
  2496  1959 28521.0207   57  651 19443.3315 32073.5515  65.0%   275  162s
  2502  1963 29707.2586   27  652 19443.3315 32073.5515  65.0%   275  168s
  2505  1966 31130.5795    7  574 19443.3315 32073.5515  65.0%   281  171s
  2507  1967 26528.9428   27  436 19443.3315 32073.5515  65.0%   281  178s
  2509  1969 22784.3906   77  305 19443.3315 32073.5515  65.0%   281  180s
  2517  1974 27625.1465   46  279 19443.3315 32073.5515  65.0%   280  185s
  2526  1980 22392.3123  125  343 19443.3315 31978.6135  64.5%   279  191s
H 2528  1881                    19636.192027 31938.7954  62.7%   279  191s
H 2529  1788                    19779.958661 31936.4222  61.5%   279  193s
H 2530  1699                    19832.542802 31936.4222  61.0%   278  195s
H 2530  1613                    19915.608620 31936.4222  60.4%   278  195s
H 2530  1532                    19964.165255 31886.9422  59.7%   278  197s
H 2531  1455                    20156.386216 31886.9422  58.2%   278  197s
  2536  1459 21776.7336   72  313 20156.3862 31857.2325  58.1%   278  201s
H 2541  1388                    20411.091275 31804.5156  55.8%   277  204s
  2543  1389 24909.6495   80  306 20411.0913 31780.1763  55.7%   277  206s
  2547  1392 31752.8042    6  305 20411.0913 31752.8042  55.6%   277  211s
  2553  1396 29424.7297   36  284 20411.0913 31724.6061  55.4%   276  216s
  2557  1399 27897.7587   54  278 20411.0913 31664.6781  55.1%   275  221s
H 2559  1329                    20609.985785 31630.2294  53.5%   275  224s
H 2559  1262                    20742.308296 31630.2294  52.5%   275  224s
H 2559  1198                    20824.839614 31630.2294  51.9%   275  224s
  2561  1199 30642.7187   23  279 20824.8396 31608.8309  51.8%   275  229s
  2562  1200 31589.4219    5  322 20824.8396 31589.4219  51.7%   275  230s
  2568  1204 26016.8061   74  310 20824.8396 31568.1059  51.6%   274  235s
H 2570  1144                    20824.839616 31562.2512  51.6%   274  235s
H 2571  1086                    20824.839618 31560.2729  51.6%   274  238s
  2573  1087 31099.6657   18  288 20824.8396 31551.3328  51.5%   274  240s
H 2575  1034                    21341.005749 31544.6974  47.8%   274  243s
H 2575   981                    21460.228605 31544.6974  47.0%   274  243s
H 2575   931                    21711.416174 31544.6974  45.3%   274  243s
H 2575   883                    22156.468412 31544.6974  42.4%   274  243s
  2577   884 24997.4902  105  278 22156.4684 31533.0044  42.3%   273  245s
  2586   890 31491.8692   12  259 22156.4684 31491.8692  42.1%   272  250s
  2597   897 27288.5563   40  340 22156.4684 31449.9630  41.9%   271  255s
  2603   901 27431.4678   26  314 22156.4684 31439.6513  41.9%   271  260s
  2612   907 29385.1233   28  311 22156.4684 31420.1631  41.8%   270  265s
  2616   910 27962.4554   23  242 22156.4684 31411.0986  41.8%   269  271s
  2619   917 31235.7750   27  283 22156.4684 31407.0428  41.8%   320  275s
  2707   992 31169.5722   32  436 22156.4684 31340.5940  41.5%   374  309s
  2727  1013 30985.1808   32  425 22156.4684 31340.5940  41.5%   378  310s
  2866  1113 30701.4555   35  413 22156.4684 31340.5940  41.5%   406  316s
  2966  1191 31006.8944   38  410 22156.4684 31340.5940  41.5%   416  320s
H 3038  1160                    22409.904916 31340.5940  39.9%   418  322s
  3113  1209 31077.9952   40  421 22409.9049 31340.5940  39.9%   420  326s
H 3214  1227                    22541.992654 31340.5940  39.0%   424  330s
H 3240  1175                    22585.947971 31340.5940  38.8%   426  330s
  3408  1247 28283.2250   45  356 22585.9480 31340.5940  38.8%   430  335s
H 3462  1234                    22598.745557 31340.5940  38.7%   433  338s
  3514  1282 30440.9676   46  389 22598.7456 31340.5940  38.7%   437  340s
  3768  1508 29843.3011   50  362 22598.7456 31340.5940  38.7%   435  348s
  3906  1606 29332.1045   52  377 22598.7456 31340.5940  38.7%   426  350s
  4178  1634 28503.7547   56  339 22598.7456 31340.5940  38.7%   415  356s
  4308  1691 28501.2662   57  356 22598.7456 31340.5940  38.7%   417  360s
  4634  1961 28493.4444   60  345 22598.7456 31340.5940  38.7%   413  366s
H 4674  1910                    22662.448403 31340.5940  38.3%   414  366s
  4851  2148 28480.4301   62  320 22662.4484 31340.5940  38.3%   408  370s
  5355  2560 27962.0497   69  283 22662.4484 31340.5940  38.3%   389  377s
  5642  2829 27950.8872   71  297 22662.4484 31340.5940  38.3%   381  380s
  6286  3361 infeasible   79      22662.4484 31340.5940  38.3%   362  388s
  6624  3669 26785.3233   84  224 22662.4484 31340.5940  38.3%   355  392s
  7015  3977 26446.9414   87  235 22662.4484 31340.5940  38.3%   347  397s
  7430  4360 24639.2148   88  206 22662.4484 31340.5940  38.3%   337  402s
  7917  4649 25825.4652   92  169 22662.4484 31340.5940  38.3%   326  408s
  8349  4906 25742.7723   96  170 22662.4484 31340.5940  38.3%   319  412s
  8699  5395 24650.3266  105  136 22662.4484 31340.5940  38.3%   318  417s
  9250  5687 23690.5346  116  131 22662.4484 31336.1874  38.3%   308  424s
  9762  5901 31233.3464   33  387 22662.4484 31309.0342  38.2%   304  428s
 10014  6032 30913.7164   39  371 22662.4484 31309.0342  38.2%   303  432s
 10205  6693 29916.0902   47  305 22662.4484 31309.0342  38.2%   303  439s
 10889  7207 27992.3413   76  209 22662.4484 31307.8655  38.1%   292  448s
 11726  7470 31136.3014   35  416 22662.4484 31302.0451  38.1%   281  453s
 12007  7690 31020.2511   39  399 22662.4484 31301.5881  38.1%   286  457s
 12260  8371 30066.9737   43  323 22662.4484 31301.5881  38.1%   287  464s
 12975  9109 29830.1705   57  309 22662.4484 31301.5881  38.1%   283  472s
 13830  9846 28775.5222   73  245 22662.4484 31301.5881  38.1%   275  480s
 14823 10265 25206.3521   92  198 22662.4484 31274.7744  38.0%   263  488s
 15538 10916 31028.0087   37  418 22662.4484 31274.7744  38.0%   260  497s
 16250 11635 27652.7570   75  244 22662.4484 31234.8414  37.8%   258  507s
 17547 12511 30995.7069   38  333 22662.4484 31234.8414  37.8%   249  516s
H18622 12691                    22752.917374 31234.8414  37.3%   245  529s
H18815 12690                    22767.125093 31224.7746  37.1%   245  529s
 18899 13409 30529.1310   39  362 22767.1251 31224.7746  37.1%   246  538s
 19695 14542 24286.9786   87  162 22767.1251 31211.8033  37.1%   246  550s
 21099 15465 31022.8173   38  445 22767.1251 31211.8033  37.1%   238  563s
 22340 16335 23072.4535   84  183 22767.1251 31206.4888  37.1%   233  574s
 23548 17209 28794.2601   60  293 22767.1251 31173.8055  36.9%   231  713s
 24583 20872 28195.1572   57  312 22767.1251 31168.9386  36.9%   230  762s
 28983 22916 27027.1302   51  306 22767.1251 31160.2329  36.9%   223  791s
 31892 24482 31088.5277   35  374 22767.1251 31141.4634  36.8%   219  816s
 34077 27113 30959.1080   37  390 22767.1251 31125.7314  36.7%   218  847s
H35641 27099                    22857.594064 31116.5802  36.1%   214  847s
 37298 30137 30870.6622   33  387 22857.5941 31112.9307  36.1%   210  878s
 41016 32429 27241.7150  108  233 22857.5941 31111.8215  36.1%   202  903s
 43761 34942 26903.7137   94  200 22857.5941 31098.7383  36.1%   197  930s
 46880 34943 25418.1595   86  574 22857.5941 31095.5879  36.0%   191 1726s
 46882 34944 30105.4139   47  453 22857.5941 31095.5879  36.0%   191 1734s
 46883 34945 25047.0017   86  323 22857.5941 31095.5879  36.0%   191 1745s
 46884 34946 28861.9195   60  363 22857.5941 31095.5879  36.0%   191 1752s
 46888 34948 25307.8268   88  342 22857.5941 31095.5879  36.0%   191 1759s
 46889 34949 30460.6715   53  368 22857.5941 31095.5879  36.0%   191 1760s
 46893 34952 27797.4991   76  332 22857.5941 31095.5879  36.0%   191 1765s
 46894 34952 28869.3195   53  281 22857.5941 31095.5879  36.0%   191 1778s
 46900 34956 29782.2822   53  342 22857.5941 31095.5879  36.0%   191 1792s

Cutting planes:
  Learned: 22
  Gomory: 58
  Lift-and-project: 150
  Cover: 68
  Implied bound: 1
  Projected implied bound: 2
  MIR: 435
  StrongCG: 2
  Flow cover: 603
  Zero half: 2
  Network: 1
  RLT: 6
  Relax-and-lift: 13

Explored 46900 nodes (9037581 simplex iterations) in 1800.41 seconds (1192.77 work units)
Thread count was 20 (of 20 available processors)

Solution count 10: 22857.6 22767.1 22752.9 ... 21711.4

Time limit reached
Best objective 2.285759406415e+04, best bound 3.109558786888e+04, gap 36.0405%
