04/25/2026 10:55:29 PM INFO mip_v1 - setup_solver_logging: ================================================================================
04/25/2026 10:55:29 PM INFO mip_v1 - setup_solver_logging: Logging started. Log file: D:\Project_Code\Paper\DP_LBBD_1\DP_lbbd\Algorithm\Results\mip_v1\large\exp_7f_60j_seed4\log\exp_7f_60j_seed4_running.log
04/25/2026 10:55:29 PM INFO mip_v1 - print: BigM calculated: 152.5
04/25/2026 10:55:29 PM INFO mip_v1 - print: Adding variables...
04/25/2026 10:55:29 PM INFO mip_v1 - print: Total variables: 105000
04/25/2026 10:55:29 PM INFO mip_v1 - print: Adding constraints...
04/25/2026 10:55:32 PM INFO mip_v1 - print: Total constraints: 210146
04/25/2026 10:55:32 PM INFO mip_v1 - print: Setting objective function...
04/25/2026 10:55:33 PM INFO mip_v1 - print: 
04/25/2026 10:55:33 PM INFO mip_v1 - print: ✓ Model LP written to: D:\Project_Code\Paper\DP_LBBD_1\DP_lbbd\Algorithm\MIP\production_model.lp
04/25/2026 10:55:33 PM INFO mip_v1 - print: 
04/25/2026 10:55:33 PM INFO mip_v1 - print: ============================================================
04/25/2026 10:55:33 PM INFO mip_v1 - print: Starting optimization...
04/25/2026 10:55:33 PM INFO mip_v1 - print: ============================================================
04/25/2026 10:55:33 PM INFO mip_v1 - print: Gurobi native log file: D:\Project_Code\Paper\DP_LBBD_1\DP_lbbd\Algorithm\Results\mip_v1\large\exp_7f_60j_seed4\log\exp_7f_60j_seed4_gurobi.log
04/25/2026 11:25:33 PM INFO mip_v1 - print: 
04/25/2026 11:25:33 PM INFO mip_v1 - print: ============================================================
04/25/2026 11:25:33 PM INFO mip_v1 - print: SOLUTION SUMMARY
04/25/2026 11:25:33 PM INFO mip_v1 - print: ============================================================
04/25/2026 11:25:33 PM INFO mip_v1 - print: ⚠ Time limit reached, best solution found:
04/25/2026 11:25:33 PM INFO mip_v1 - print: 
04/25/2026 11:25:33 PM INFO mip_v1 - print: Objective Value (Total Profit): 22857.59
04/25/2026 11:25:33 PM INFO mip_v1 - print: MIP Gap: 36.04%
04/25/2026 11:25:33 PM INFO mip_v1 - print: 
04/25/2026 11:25:33 PM INFO mip_v1 - print: 📋 Accepted Orders (45/60): [2, 3, 4, 5, 8, 9, 10, 11, 12, 14, 15, 16, 17, 19, 20, 22, 23, 24, 25, 26, 27, 28, 29, 30, 31, 32, 34, 35, 36, 37, 38, 39, 40, 44, 48, 49, 50, 51, 52, 53, 54, 55, 56, 57, 58]
04/25/2026 11:25:33 PM INFO mip_v1 - print: 
04/25/2026 11:25:33 PM INFO mip_v1 - print: ------------------------------------------------------------
04/25/2026 11:25:33 PM INFO mip_v1 - print: ORDER ALLOCATION DETAILS
04/25/2026 11:25:33 PM INFO mip_v1 - print: ------------------------------------------------------------
04/25/2026 11:25:33 PM INFO mip_v1 - print: 
04/25/2026 11:25:33 PM INFO mip_v1 - print: Order 2 → Factory 5
04/25/2026 11:25:33 PM INFO mip_v1 - print:   Machine 1: completion time = 41.42
04/25/2026 11:25:33 PM INFO mip_v1 - print:   Machine 2: completion time = 55.35
04/25/2026 11:25:33 PM INFO mip_v1 - print:   Machine 3: completion time = 68.43
04/25/2026 11:25:33 PM INFO mip_v1 - print:   Delivery: 69.83 (Deadline: 76.90, Delay: 0.00)
04/25/2026 11:25:33 PM INFO mip_v1 - print: 
04/25/2026 11:25:33 PM INFO mip_v1 - print: Order 3 → Factory 6
04/25/2026 11:25:33 PM INFO mip_v1 - print:   Machine 1: completion time = 52.46
04/25/2026 11:25:33 PM INFO mip_v1 - print:   Machine 2: completion time = 64.10
04/25/2026 11:25:33 PM INFO mip_v1 - print:   Machine 3: completion time = 79.07
04/25/2026 11:25:33 PM INFO mip_v1 - print:   Delivery: 84.27 (Deadline: 86.70, Delay: 0.00)
04/25/2026 11:25:33 PM INFO mip_v1 - print: 
04/25/2026 11:25:33 PM INFO mip_v1 - print: Order 4 → Factory 3
04/25/2026 11:25:33 PM INFO mip_v1 - print:   Machine 1: completion time = 47.93
04/25/2026 11:25:33 PM INFO mip_v1 - print:   Machine 2: completion time = 61.00
04/25/2026 11:25:33 PM INFO mip_v1 - print:   Machine 3: completion time = 68.23
04/25/2026 11:25:33 PM INFO mip_v1 - print:   Machine 4: completion time = 78.83
04/25/2026 11:25:33 PM INFO mip_v1 - print:   Delivery: 82.83 (Deadline: 86.40, Delay: 0.00)
04/25/2026 11:25:33 PM INFO mip_v1 - print: 
04/25/2026 11:25:33 PM INFO mip_v1 - print: Order 5 → Factory 6
04/25/2026 11:25:33 PM INFO mip_v1 - print:   Machine 1: completion time = 78.22
04/25/2026 11:25:33 PM INFO mip_v1 - print:   Machine 2: completion time = 92.49
04/25/2026 11:25:33 PM INFO mip_v1 - print:   Machine 3: completion time = 105.80
04/25/2026 11:25:33 PM INFO mip_v1 - print:   Delivery: 106.80 (Deadline: 106.80, Delay: 0.00)
04/25/2026 11:25:33 PM INFO mip_v1 - print: 
04/25/2026 11:25:33 PM INFO mip_v1 - print: Order 8 → Factory 4
04/25/2026 11:25:33 PM INFO mip_v1 - print:   Machine 1: completion time = 13.89
04/25/2026 11:25:33 PM INFO mip_v1 - print:   Machine 2: completion time = 22.16
04/25/2026 11:25:33 PM INFO mip_v1 - print:   Machine 3: completion time = 31.34
04/25/2026 11:25:33 PM INFO mip_v1 - print:   Machine 4: completion time = 39.53
04/25/2026 11:25:33 PM INFO mip_v1 - print:   Delivery: 42.53 (Deadline: 66.90, Delay: 0.00)
04/25/2026 11:25:33 PM INFO mip_v1 - print: 
04/25/2026 11:25:33 PM INFO mip_v1 - print: Order 9 → Factory 2
04/25/2026 11:25:33 PM INFO mip_v1 - print:   Machine 1: completion time = 46.44
04/25/2026 11:25:33 PM INFO mip_v1 - print:   Machine 2: completion time = 57.72
04/25/2026 11:25:33 PM INFO mip_v1 - print:   Machine 3: completion time = 68.57
04/25/2026 11:25:33 PM INFO mip_v1 - print:   Machine 4: completion time = 78.66
04/25/2026 11:25:33 PM INFO mip_v1 - print:   Machine 5: completion time = 93.42
04/25/2026 11:25:33 PM INFO mip_v1 - print:   Delivery: 94.72 (Deadline: 97.00, Delay: 0.00)
04/25/2026 11:25:33 PM INFO mip_v1 - print: 
04/25/2026 11:25:33 PM INFO mip_v1 - print: Order 10 → Factory 6
04/25/2026 11:25:33 PM INFO mip_v1 - print:   Machine 1: completion time = 64.84
04/25/2026 11:25:33 PM INFO mip_v1 - print:   Machine 2: completion time = 75.12
04/25/2026 11:25:33 PM INFO mip_v1 - print:   Machine 3: completion time = 90.80
04/25/2026 11:25:33 PM INFO mip_v1 - print:   Delivery: 95.40 (Deadline: 102.50, Delay: 0.00)
04/25/2026 11:25:33 PM INFO mip_v1 - print: 
04/25/2026 11:25:33 PM INFO mip_v1 - print: Order 11 → Factory 2
04/25/2026 11:25:33 PM INFO mip_v1 - print:   Machine 1: completion time = 73.41
04/25/2026 11:25:33 PM INFO mip_v1 - print:   Machine 2: completion time = 83.51
04/25/2026 11:25:33 PM INFO mip_v1 - print:   Machine 3: completion time = 93.77
04/25/2026 11:25:33 PM INFO mip_v1 - print:   Machine 4: completion time = 102.27
04/25/2026 11:25:33 PM INFO mip_v1 - print:   Machine 5: completion time = 110.69
04/25/2026 11:25:33 PM INFO mip_v1 - print:   Delivery: 113.29 (Deadline: 112.60, Delay: 0.69)
04/25/2026 11:25:33 PM INFO mip_v1 - print: 
04/25/2026 11:25:33 PM INFO mip_v1 - print: Order 12 → Factory 1
04/25/2026 11:25:33 PM INFO mip_v1 - print:   Machine 1: completion time = 13.88
04/25/2026 11:25:33 PM INFO mip_v1 - print:   Machine 2: completion time = 23.39
04/25/2026 11:25:33 PM INFO mip_v1 - print:   Machine 3: completion time = 31.48
04/25/2026 11:25:33 PM INFO mip_v1 - print:   Machine 4: completion time = 39.21
04/25/2026 11:25:33 PM INFO mip_v1 - print:   Machine 5: completion time = 48.41
04/25/2026 11:25:33 PM INFO mip_v1 - print:   Delivery: 49.11 (Deadline: 79.60, Delay: 0.00)
04/25/2026 11:25:33 PM INFO mip_v1 - print: 
04/25/2026 11:25:33 PM INFO mip_v1 - print: Order 14 → Factory 4
04/25/2026 11:25:33 PM INFO mip_v1 - print:   Machine 1: completion time = 81.36
04/25/2026 11:25:33 PM INFO mip_v1 - print:   Machine 2: completion time = 88.32
04/25/2026 11:25:33 PM INFO mip_v1 - print:   Machine 3: completion time = 96.27
04/25/2026 11:25:33 PM INFO mip_v1 - print:   Machine 4: completion time = 104.40
04/25/2026 11:25:33 PM INFO mip_v1 - print:   Delivery: 109.30 (Deadline: 109.30, Delay: 0.00)
04/25/2026 11:25:33 PM INFO mip_v1 - print: 
04/25/2026 11:25:33 PM INFO mip_v1 - print: Order 15 → Factory 3
04/25/2026 11:25:33 PM INFO mip_v1 - print:   Machine 1: completion time = 40.62
04/25/2026 11:25:33 PM INFO mip_v1 - print:   Machine 2: completion time = 52.22
04/25/2026 11:25:33 PM INFO mip_v1 - print:   Machine 3: completion time = 61.00
04/25/2026 11:25:33 PM INFO mip_v1 - print:   Machine 4: completion time = 70.69
04/25/2026 11:25:33 PM INFO mip_v1 - print:   Delivery: 73.59 (Deadline: 85.20, Delay: 0.00)
04/25/2026 11:25:33 PM INFO mip_v1 - print: 
04/25/2026 11:25:33 PM INFO mip_v1 - print: Order 16 → Factory 3
04/25/2026 11:25:33 PM INFO mip_v1 - print:   Machine 1: completion time = 78.32
04/25/2026 11:25:33 PM INFO mip_v1 - print:   Machine 2: completion time = 98.34
04/25/2026 11:25:33 PM INFO mip_v1 - print:   Machine 3: completion time = 105.90
04/25/2026 11:25:33 PM INFO mip_v1 - print:   Machine 4: completion time = 115.38
04/25/2026 11:25:33 PM INFO mip_v1 - print:   Delivery: 117.68 (Deadline: 127.30, Delay: 0.00)
04/25/2026 11:25:33 PM INFO mip_v1 - print: 
04/25/2026 11:25:33 PM INFO mip_v1 - print: Order 17 → Factory 1
04/25/2026 11:25:33 PM INFO mip_v1 - print:   Machine 1: completion time = 56.32
04/25/2026 11:25:33 PM INFO mip_v1 - print:   Machine 2: completion time = 63.02
04/25/2026 11:25:33 PM INFO mip_v1 - print:   Machine 3: completion time = 73.22
04/25/2026 11:25:33 PM INFO mip_v1 - print:   Machine 4: completion time = 78.96
04/25/2026 11:25:33 PM INFO mip_v1 - print:   Machine 5: completion time = 85.96
04/25/2026 11:25:33 PM INFO mip_v1 - print:   Delivery: 88.76 (Deadline: 95.40, Delay: 0.00)
04/25/2026 11:25:33 PM INFO mip_v1 - print: 
04/25/2026 11:25:33 PM INFO mip_v1 - print: Order 19 → Factory 7
04/25/2026 11:25:33 PM INFO mip_v1 - print:   Machine 1: completion time = 47.74
04/25/2026 11:25:33 PM INFO mip_v1 - print:   Machine 2: completion time = 60.49
04/25/2026 11:25:33 PM INFO mip_v1 - print:   Machine 3: completion time = 74.95
04/25/2026 11:25:33 PM INFO mip_v1 - print:   Machine 4: completion time = 88.29
04/25/2026 11:25:33 PM INFO mip_v1 - print:   Machine 5: completion time = 102.80
04/25/2026 11:25:33 PM INFO mip_v1 - print:   Delivery: 108.00 (Deadline: 112.30, Delay: 0.00)
04/25/2026 11:25:33 PM INFO mip_v1 - print: 
04/25/2026 11:25:33 PM INFO mip_v1 - print: Order 20 → Factory 6
04/25/2026 11:25:33 PM INFO mip_v1 - print:   Machine 1: completion time = 27.63
04/25/2026 11:25:33 PM INFO mip_v1 - print:   Machine 2: completion time = 40.49
04/25/2026 11:25:33 PM INFO mip_v1 - print:   Machine 3: completion time = 54.76
04/25/2026 11:25:33 PM INFO mip_v1 - print:   Delivery: 62.26 (Deadline: 77.60, Delay: 0.00)
04/25/2026 11:25:33 PM INFO mip_v1 - print: 
04/25/2026 11:25:33 PM INFO mip_v1 - print: Order 22 → Factory 4
04/25/2026 11:25:33 PM INFO mip_v1 - print:   Machine 1: completion time = 31.59
04/25/2026 11:25:33 PM INFO mip_v1 - print:   Machine 2: completion time = 38.87
04/25/2026 11:25:33 PM INFO mip_v1 - print:   Machine 3: completion time = 51.27
04/25/2026 11:25:33 PM INFO mip_v1 - print:   Machine 4: completion time = 58.41
04/25/2026 11:25:33 PM INFO mip_v1 - print:   Delivery: 60.11 (Deadline: 71.00, Delay: 0.00)
04/25/2026 11:25:33 PM INFO mip_v1 - print: 
04/25/2026 11:25:33 PM INFO mip_v1 - print: Order 23 → Factory 3
04/25/2026 11:25:33 PM INFO mip_v1 - print:   Machine 1: completion time = 63.25
04/25/2026 11:25:33 PM INFO mip_v1 - print:   Machine 2: completion time = 79.41
04/25/2026 11:25:33 PM INFO mip_v1 - print:   Machine 3: completion time = 87.53
04/25/2026 11:25:33 PM INFO mip_v1 - print:   Machine 4: completion time = 97.29
04/25/2026 11:25:33 PM INFO mip_v1 - print:   Delivery: 100.99 (Deadline: 103.50, Delay: 0.00)
04/25/2026 11:25:33 PM INFO mip_v1 - print: 
04/25/2026 11:25:33 PM INFO mip_v1 - print: Order 24 → Factory 3
04/25/2026 11:25:33 PM INFO mip_v1 - print:   Machine 1: completion time = 71.12
04/25/2026 11:25:33 PM INFO mip_v1 - print:   Machine 2: completion time = 89.32
04/25/2026 11:25:33 PM INFO mip_v1 - print:   Machine 3: completion time = 97.29
04/25/2026 11:25:33 PM INFO mip_v1 - print:   Machine 4: completion time = 106.54
04/25/2026 11:25:33 PM INFO mip_v1 - print:   Delivery: 107.24 (Deadline: 115.60, Delay: 0.00)
04/25/2026 11:25:33 PM INFO mip_v1 - print: 
04/25/2026 11:25:33 PM INFO mip_v1 - print: Order 25 → Factory 5
04/25/2026 11:25:33 PM INFO mip_v1 - print:   Machine 1: completion time = 30.84
04/25/2026 11:25:33 PM INFO mip_v1 - print:   Machine 2: completion time = 43.26
04/25/2026 11:25:33 PM INFO mip_v1 - print:   Machine 3: completion time = 57.05
04/25/2026 11:25:33 PM INFO mip_v1 - print:   Delivery: 59.05 (Deadline: 82.60, Delay: 0.00)
04/25/2026 11:25:33 PM INFO mip_v1 - print: 
04/25/2026 11:25:33 PM INFO mip_v1 - print: Order 26 → Factory 5
04/25/2026 11:25:33 PM INFO mip_v1 - print:   Machine 1: completion time = 55.35
04/25/2026 11:25:33 PM INFO mip_v1 - print:   Machine 2: completion time = 68.63
04/25/2026 11:25:33 PM INFO mip_v1 - print:   Machine 3: completion time = 81.99
04/25/2026 11:25:33 PM INFO mip_v1 - print:   Delivery: 83.49 (Deadline: 94.40, Delay: 0.00)
04/25/2026 11:25:33 PM INFO mip_v1 - print: 
04/25/2026 11:25:33 PM INFO mip_v1 - print: Order 27 → Factory 1
04/25/2026 11:25:33 PM INFO mip_v1 - print:   Machine 1: completion time = 43.07
04/25/2026 11:25:33 PM INFO mip_v1 - print:   Machine 2: completion time = 54.21
04/25/2026 11:25:33 PM INFO mip_v1 - print:   Machine 3: completion time = 67.10
04/25/2026 11:25:33 PM INFO mip_v1 - print:   Machine 4: completion time = 86.91
04/25/2026 11:25:33 PM INFO mip_v1 - print:   Machine 5: completion time = 96.62
04/25/2026 11:25:33 PM INFO mip_v1 - print:   Delivery: 103.52 (Deadline: 107.80, Delay: 0.00)
04/25/2026 11:25:33 PM INFO mip_v1 - print: 
04/25/2026 11:25:33 PM INFO mip_v1 - print: Order 28 → Factory 7
04/25/2026 11:25:33 PM INFO mip_v1 - print:   Machine 1: completion time = 57.91
04/25/2026 11:25:33 PM INFO mip_v1 - print:   Machine 2: completion time = 69.87
04/25/2026 11:25:33 PM INFO mip_v1 - print:   Machine 3: completion time = 85.44
04/25/2026 11:25:33 PM INFO mip_v1 - print:   Machine 4: completion time = 97.80
04/25/2026 11:25:33 PM INFO mip_v1 - print:   Machine 5: completion time = 127.83
04/25/2026 11:25:33 PM INFO mip_v1 - print:   Delivery: 129.43 (Deadline: 129.50, Delay: 0.00)
04/25/2026 11:25:33 PM INFO mip_v1 - print: 
04/25/2026 11:25:33 PM INFO mip_v1 - print: Order 29 → Factory 3
04/25/2026 11:25:33 PM INFO mip_v1 - print:   Machine 1: completion time = 19.89
04/25/2026 11:25:33 PM INFO mip_v1 - print:   Machine 2: completion time = 27.78
04/25/2026 11:25:33 PM INFO mip_v1 - print:   Machine 3: completion time = 33.79
04/25/2026 11:25:33 PM INFO mip_v1 - print:   Machine 4: completion time = 44.40
04/25/2026 11:25:33 PM INFO mip_v1 - print:   Delivery: 46.00 (Deadline: 67.90, Delay: 0.00)
04/25/2026 11:25:33 PM INFO mip_v1 - print: 
04/25/2026 11:25:33 PM INFO mip_v1 - print: Order 30 → Factory 5
04/25/2026 11:25:33 PM INFO mip_v1 - print:   Machine 1: completion time = 13.19
04/25/2026 11:25:33 PM INFO mip_v1 - print:   Machine 2: completion time = 21.00
04/25/2026 11:25:33 PM INFO mip_v1 - print:   Machine 3: completion time = 29.06
04/25/2026 11:25:33 PM INFO mip_v1 - print:   Delivery: 32.56 (Deadline: 45.00, Delay: 0.00)
04/25/2026 11:25:33 PM INFO mip_v1 - print: 
04/25/2026 11:25:33 PM INFO mip_v1 - print: Order 31 → Factory 1
04/25/2026 11:25:33 PM INFO mip_v1 - print:   Machine 1: completion time = 21.22
04/25/2026 11:25:33 PM INFO mip_v1 - print:   Machine 2: completion time = 30.76
04/25/2026 11:25:33 PM INFO mip_v1 - print:   Machine 3: completion time = 37.87
04/25/2026 11:25:33 PM INFO mip_v1 - print:   Machine 4: completion time = 45.26
04/25/2026 11:25:33 PM INFO mip_v1 - print:   Machine 5: completion time = 55.52
04/25/2026 11:25:33 PM INFO mip_v1 - print:   Delivery: 58.22 (Deadline: 70.70, Delay: 0.00)
04/25/2026 11:25:33 PM INFO mip_v1 - print: 
04/25/2026 11:25:33 PM INFO mip_v1 - print: Order 32 → Factory 2
04/25/2026 11:25:33 PM INFO mip_v1 - print:   Machine 1: completion time = 13.18
04/25/2026 11:25:33 PM INFO mip_v1 - print:   Machine 2: completion time = 25.24
04/25/2026 11:25:33 PM INFO mip_v1 - print:   Machine 3: completion time = 37.06
04/25/2026 11:25:33 PM INFO mip_v1 - print:   Machine 4: completion time = 47.76
04/25/2026 11:25:33 PM INFO mip_v1 - print:   Machine 5: completion time = 58.13
04/25/2026 11:25:33 PM INFO mip_v1 - print:   Delivery: 61.33 (Deadline: 78.10, Delay: 0.00)
04/25/2026 11:25:33 PM INFO mip_v1 - print: 
04/25/2026 11:25:33 PM INFO mip_v1 - print: Order 34 → Factory 4
04/25/2026 11:25:33 PM INFO mip_v1 - print:   Machine 1: completion time = 23.15
04/25/2026 11:25:33 PM INFO mip_v1 - print:   Machine 2: completion time = 31.53
04/25/2026 11:25:33 PM INFO mip_v1 - print:   Machine 3: completion time = 43.52
04/25/2026 11:25:33 PM INFO mip_v1 - print:   Machine 4: completion time = 66.25
04/25/2026 11:25:33 PM INFO mip_v1 - print:   Delivery: 68.95 (Deadline: 73.50, Delay: 0.00)
04/25/2026 11:25:33 PM INFO mip_v1 - print: 
04/25/2026 11:25:33 PM INFO mip_v1 - print: Order 35 → Factory 3
04/25/2026 11:25:33 PM INFO mip_v1 - print:   Machine 1: completion time = 33.49
04/25/2026 11:25:33 PM INFO mip_v1 - print:   Machine 2: completion time = 43.86
04/25/2026 11:25:33 PM INFO mip_v1 - print:   Machine 3: completion time = 50.32
04/25/2026 11:25:33 PM INFO mip_v1 - print:   Machine 4: completion time = 62.27
04/25/2026 11:25:33 PM INFO mip_v1 - print:   Delivery: 66.57 (Deadline: 72.40, Delay: 0.00)
04/25/2026 11:25:33 PM INFO mip_v1 - print: 
04/25/2026 11:25:33 PM INFO mip_v1 - print: Order 36 → Factory 5
04/25/2026 11:25:33 PM INFO mip_v1 - print:   Machine 1: completion time = 65.10
04/25/2026 11:25:33 PM INFO mip_v1 - print:   Machine 2: completion time = 78.35
04/25/2026 11:25:33 PM INFO mip_v1 - print:   Machine 3: completion time = 92.47
04/25/2026 11:25:33 PM INFO mip_v1 - print:   Delivery: 93.57 (Deadline: 99.90, Delay: 0.00)
04/25/2026 11:25:33 PM INFO mip_v1 - print: 
04/25/2026 11:25:33 PM INFO mip_v1 - print: Order 37 → Factory 3
04/25/2026 11:25:33 PM INFO mip_v1 - print:   Machine 1: completion time = 27.78
04/25/2026 11:25:33 PM INFO mip_v1 - print:   Machine 2: completion time = 37.61
04/25/2026 11:25:33 PM INFO mip_v1 - print:   Machine 3: completion time = 45.27
04/25/2026 11:25:33 PM INFO mip_v1 - print:   Machine 4: completion time = 54.76
04/25/2026 11:25:33 PM INFO mip_v1 - print:   Delivery: 59.06 (Deadline: 82.00, Delay: 0.00)
04/25/2026 11:25:33 PM INFO mip_v1 - print: 
04/25/2026 11:25:33 PM INFO mip_v1 - print: Order 38 → Factory 6
04/25/2026 11:25:33 PM INFO mip_v1 - print:   Machine 1: completion time = 39.18
04/25/2026 11:25:33 PM INFO mip_v1 - print:   Machine 2: completion time = 50.38
04/25/2026 11:25:33 PM INFO mip_v1 - print:   Machine 3: completion time = 66.46
04/25/2026 11:25:33 PM INFO mip_v1 - print:   Delivery: 68.46 (Deadline: 70.50, Delay: 0.00)
04/25/2026 11:25:33 PM INFO mip_v1 - print: 
04/25/2026 11:25:33 PM INFO mip_v1 - print: Order 39 → Factory 6
04/25/2026 11:25:33 PM INFO mip_v1 - print:   Machine 1: completion time = 12.08
04/25/2026 11:25:33 PM INFO mip_v1 - print:   Machine 2: completion time = 20.60
04/25/2026 11:25:33 PM INFO mip_v1 - print:   Machine 3: completion time = 30.03
04/25/2026 11:25:33 PM INFO mip_v1 - print:   Delivery: 33.53 (Deadline: 52.60, Delay: 0.00)
04/25/2026 11:25:33 PM INFO mip_v1 - print: 
04/25/2026 11:25:33 PM INFO mip_v1 - print: Order 40 → Factory 2
04/25/2026 11:25:33 PM INFO mip_v1 - print:   Machine 1: completion time = 62.77
04/25/2026 11:25:33 PM INFO mip_v1 - print:   Machine 2: completion time = 73.41
04/25/2026 11:25:33 PM INFO mip_v1 - print:   Machine 3: completion time = 83.51
04/25/2026 11:25:33 PM INFO mip_v1 - print:   Machine 4: completion time = 93.42
04/25/2026 11:25:33 PM INFO mip_v1 - print:   Machine 5: completion time = 102.32
04/25/2026 11:25:33 PM INFO mip_v1 - print:   Delivery: 104.92 (Deadline: 109.50, Delay: 0.00)
04/25/2026 11:25:33 PM INFO mip_v1 - print: 
04/25/2026 11:25:33 PM INFO mip_v1 - print: Order 44 → Factory 5
04/25/2026 11:25:33 PM INFO mip_v1 - print:   Machine 1: completion time = 82.26
04/25/2026 11:25:33 PM INFO mip_v1 - print:   Machine 2: completion time = 90.34
04/25/2026 11:25:33 PM INFO mip_v1 - print:   Machine 3: completion time = 101.10
04/25/2026 11:25:33 PM INFO mip_v1 - print:   Delivery: 105.20 (Deadline: 105.20, Delay: 0.00)
04/25/2026 11:25:33 PM INFO mip_v1 - print: 
04/25/2026 11:25:33 PM INFO mip_v1 - print: Order 48 → Factory 6
04/25/2026 11:25:33 PM INFO mip_v1 - print:   Machine 1: completion time = 86.90
04/25/2026 11:25:33 PM INFO mip_v1 - print:   Machine 2: completion time = 99.98
04/25/2026 11:25:33 PM INFO mip_v1 - print:   Machine 3: completion time = 114.10
04/25/2026 11:25:33 PM INFO mip_v1 - print:   Delivery: 114.40 (Deadline: 114.40, Delay: 0.00)
04/25/2026 11:25:33 PM INFO mip_v1 - print: 
04/25/2026 11:25:33 PM INFO mip_v1 - print: Order 49 → Factory 4
04/25/2026 11:25:33 PM INFO mip_v1 - print:   Machine 1: completion time = 54.91
04/25/2026 11:25:33 PM INFO mip_v1 - print:   Machine 2: completion time = 65.73
04/25/2026 11:25:33 PM INFO mip_v1 - print:   Machine 3: completion time = 77.14
04/25/2026 11:25:33 PM INFO mip_v1 - print:   Machine 4: completion time = 88.32
04/25/2026 11:25:33 PM INFO mip_v1 - print:   Delivery: 89.32 (Deadline: 102.90, Delay: 0.00)
04/25/2026 11:25:33 PM INFO mip_v1 - print: 
04/25/2026 11:25:33 PM INFO mip_v1 - print: Order 50 → Factory 1
04/25/2026 11:25:33 PM INFO mip_v1 - print:   Machine 1: completion time = 75.85
04/25/2026 11:25:33 PM INFO mip_v1 - print:   Machine 2: completion time = 83.39
04/25/2026 11:25:33 PM INFO mip_v1 - print:   Machine 3: completion time = 90.50
04/25/2026 11:25:33 PM INFO mip_v1 - print:   Machine 4: completion time = 96.62
04/25/2026 11:25:33 PM INFO mip_v1 - print:   Machine 5: completion time = 104.50
04/25/2026 11:25:33 PM INFO mip_v1 - print:   Delivery: 108.50 (Deadline: 108.50, Delay: 0.00)
04/25/2026 11:25:33 PM INFO mip_v1 - print: 
04/25/2026 11:25:33 PM INFO mip_v1 - print: Order 51 → Factory 2
04/25/2026 11:25:33 PM INFO mip_v1 - print:   Machine 1: completion time = 36.87
04/25/2026 11:25:33 PM INFO mip_v1 - print:   Machine 2: completion time = 46.44
04/25/2026 11:25:33 PM INFO mip_v1 - print:   Machine 3: completion time = 57.72
04/25/2026 11:25:33 PM INFO mip_v1 - print:   Machine 4: completion time = 64.07
04/25/2026 11:25:33 PM INFO mip_v1 - print:   Machine 5: completion time = 74.00
04/25/2026 11:25:33 PM INFO mip_v1 - print:   Delivery: 81.40 (Deadline: 81.40, Delay: 0.00)
04/25/2026 11:25:33 PM INFO mip_v1 - print: 
04/25/2026 11:25:33 PM INFO mip_v1 - print: Order 52 → Factory 4
04/25/2026 11:25:33 PM INFO mip_v1 - print:   Machine 1: completion time = 65.48
04/25/2026 11:25:33 PM INFO mip_v1 - print:   Machine 2: completion time = 74.67
04/25/2026 11:25:33 PM INFO mip_v1 - print:   Machine 3: completion time = 88.32
04/25/2026 11:25:33 PM INFO mip_v1 - print:   Machine 4: completion time = 97.50
04/25/2026 11:25:33 PM INFO mip_v1 - print:   Delivery: 99.50 (Deadline: 104.50, Delay: 0.00)
04/25/2026 11:25:33 PM INFO mip_v1 - print: 
04/25/2026 11:25:33 PM INFO mip_v1 - print: Order 53 → Factory 1
04/25/2026 11:25:33 PM INFO mip_v1 - print:   Machine 1: completion time = 33.12
04/25/2026 11:25:33 PM INFO mip_v1 - print:   Machine 2: completion time = 44.67
04/25/2026 11:25:33 PM INFO mip_v1 - print:   Machine 3: completion time = 55.23
04/25/2026 11:25:33 PM INFO mip_v1 - print:   Machine 4: completion time = 64.30
04/25/2026 11:25:33 PM INFO mip_v1 - print:   Machine 5: completion time = 75.33
04/25/2026 11:25:33 PM INFO mip_v1 - print:   Delivery: 80.53 (Deadline: 85.40, Delay: 0.00)
04/25/2026 11:25:33 PM INFO mip_v1 - print: 
04/25/2026 11:25:33 PM INFO mip_v1 - print: Order 54 → Factory 2
04/25/2026 11:25:33 PM INFO mip_v1 - print:   Machine 1: completion time = 25.24
04/25/2026 11:25:33 PM INFO mip_v1 - print:   Machine 2: completion time = 37.17
04/25/2026 11:25:33 PM INFO mip_v1 - print:   Machine 3: completion time = 47.76
04/25/2026 11:25:33 PM INFO mip_v1 - print:   Machine 4: completion time = 58.13
04/25/2026 11:25:33 PM INFO mip_v1 - print:   Machine 5: completion time = 67.82
04/25/2026 11:25:33 PM INFO mip_v1 - print:   Delivery: 72.32 (Deadline: 78.90, Delay: 0.00)
04/25/2026 11:25:33 PM INFO mip_v1 - print: 
04/25/2026 11:25:33 PM INFO mip_v1 - print: Order 55 → Factory 4
04/25/2026 11:25:33 PM INFO mip_v1 - print:   Machine 1: completion time = 42.83
04/25/2026 11:25:33 PM INFO mip_v1 - print:   Machine 2: completion time = 53.45
04/25/2026 11:25:33 PM INFO mip_v1 - print:   Machine 3: completion time = 65.73
04/25/2026 11:25:33 PM INFO mip_v1 - print:   Machine 4: completion time = 77.14
04/25/2026 11:25:33 PM INFO mip_v1 - print:   Delivery: 84.04 (Deadline: 92.30, Delay: 0.00)
04/25/2026 11:25:33 PM INFO mip_v1 - print: 
04/25/2026 11:25:33 PM INFO mip_v1 - print: Order 56 → Factory 3
04/25/2026 11:25:33 PM INFO mip_v1 - print:   Machine 1: completion time = 54.94
04/25/2026 11:25:33 PM INFO mip_v1 - print:   Machine 2: completion time = 69.33
04/25/2026 11:25:33 PM INFO mip_v1 - print:   Machine 3: completion time = 76.35
04/25/2026 11:25:33 PM INFO mip_v1 - print:   Machine 4: completion time = 87.56
04/25/2026 11:25:33 PM INFO mip_v1 - print:   Delivery: 90.06 (Deadline: 97.00, Delay: 0.00)
04/25/2026 11:25:33 PM INFO mip_v1 - print: 
04/25/2026 11:25:33 PM INFO mip_v1 - print: Order 57 → Factory 5
04/25/2026 11:25:33 PM INFO mip_v1 - print:   Machine 1: completion time = 92.08
04/25/2026 11:25:33 PM INFO mip_v1 - print:   Machine 2: completion time = 102.25
04/25/2026 11:25:33 PM INFO mip_v1 - print:   Machine 3: completion time = 113.50
04/25/2026 11:25:33 PM INFO mip_v1 - print:   Delivery: 114.20 (Deadline: 114.20, Delay: 0.00)
04/25/2026 11:25:33 PM INFO mip_v1 - print: 
04/25/2026 11:25:33 PM INFO mip_v1 - print: Order 58 → Factory 3
04/25/2026 11:25:33 PM INFO mip_v1 - print:   Machine 1: completion time = 10.60
04/25/2026 11:25:33 PM INFO mip_v1 - print:   Machine 2: completion time = 20.43
04/25/2026 11:25:33 PM INFO mip_v1 - print:   Machine 3: completion time = 28.50
04/25/2026 11:25:33 PM INFO mip_v1 - print:   Machine 4: completion time = 38.25
04/25/2026 11:25:33 PM INFO mip_v1 - print:   Delivery: 42.65 (Deadline: 73.10, Delay: 0.00)
04/25/2026 11:25:33 PM INFO mip_v1 - print: 
04/25/2026 11:25:33 PM INFO mip_v1 - print: ------------------------------------------------------------
04/25/2026 11:25:33 PM INFO mip_v1 - print: COST BREAKDOWN
04/25/2026 11:25:33 PM INFO mip_v1 - print: ------------------------------------------------------------
04/25/2026 11:25:33 PM INFO mip_v1 - print: Total Revenue:          +    61711.00
04/25/2026 11:25:33 PM INFO mip_v1 - print: Production Cost:        -    30751.46
04/25/2026 11:25:33 PM INFO mip_v1 - print: Transport Cost:         -     8058.90
04/25/2026 11:25:33 PM INFO mip_v1 - print: Delay Penalty:          -       43.04
04/25/2026 11:25:33 PM INFO mip_v1 - print: ------------------------------------------------------------
04/25/2026 11:25:33 PM INFO mip_v1 - print: Total Profit:           =    22857.59
