
Gurobi 10.0.1 (win64) logging started Wed Apr 29 03:28:44 2026

Set parameter LogFile to value "D:\Project_Code\Paper\DP_LBBD_1\DP_lbbd\Algorithm\Results\mip_v1\small\exp_3f_25j_seed2\log\exp_3f_25j_seed2_gurobi.log"
Set parameter LogToConsole to value 0
Gurobi Optimizer version 10.0.1 build v10.0.1rc0 (win64)

CPU model: Intel(R) Core(TM) Ultra 7 265KF, instruction set [SSE2|AVX|AVX2]
Thread count: 20 physical cores, 20 logical processors, using up to 20 threads

Optimize a model with 12798 rows, 6400 columns and 61896 nonzeros
Model fingerprint: 0xcc470ffc
Variable types: 300 continuous, 6100 integer (6100 binary)
Coefficient statistics:
  Matrix range     [1e+00, 9e+01]
  Objective range  [3e+01, 2e+03]
  Bounds range     [1e+00, 9e+01]
  RHS range        [1e+00, 3e+02]
Found heuristic solution: objective -0.0000000
Presolve removed 7454 rows and 3703 columns
Presolve time: 0.07s
Presolved: 5344 rows, 2697 columns, 25636 nonzeros
Variable types: 196 continuous, 2501 integer (2501 binary)

Root relaxation: objective 1.321532e+04, 849 iterations, 0.01 seconds (0.02 work units)

    Nodes    |    Current Node    |     Objective Bounds      |     Work
 Expl Unexpl |  Obj  Depth IntInf | Incumbent    BestBd   Gap | It/Node Time

     0     0 13215.3152    0  252   -0.00000 13215.3152      -     -    0s
H    0     0                    2982.5913008 13215.3152   343%     -    0s
H    0     0                    3392.6980520 13215.3152   290%     -    0s
     0     0 13030.5249    0  322 3392.69805 13030.5249   284%     -    0s
H    0     0                    3938.4706538 13030.5249   231%     -    0s
     0     0 13028.9734    0  314 3938.47065 13028.9734   231%     -    0s
     0     0 13028.9734    0  312 3938.47065 13028.9734   231%     -    0s
H    0     0                    4102.5419674 13001.4667   217%     -    0s
     0     0 12863.4039    0  288 4102.54197 12863.4039   214%     -    0s
H    0     0                    4326.3834261 12863.4039   197%     -    0s
     0     0 12768.7613    0  298 4326.38343 12768.7613   195%     -    0s
     0     0 12689.0217    0  271 4326.38343 12689.0217   193%     -    0s
     0     0 12689.0217    0  289 4326.38343 12689.0217   193%     -    0s
H    0     0                    5258.0470103 12689.0217   141%     -    0s
     0     0 12588.5813    0  203 5258.04701 12588.5813   139%     -    0s
H    0     0                    5882.2671872 12588.5813   114%     -    1s
     0     0 12502.8343    0  258 5882.26719 12502.8343   113%     -    1s
     0     0 12494.2565    0  236 5882.26719 12494.2565   112%     -    1s
     0     0 12488.1614    0  231 5882.26719 12488.1614   112%     -    1s
     0     0 12486.1321    0  252 5882.26719 12486.1321   112%     -    1s
     0     0 12484.9203    0  238 5882.26719 12484.9203   112%     -    1s
     0     0 12484.9203    0  236 5882.26719 12484.9203   112%     -    1s
     0     0 12329.9350    0  285 5882.26719 12329.9350   110%     -    1s
     0     0 12292.1676    0  264 5882.26719 12292.1676   109%     -    1s
     0     0 12289.9609    0  275 5882.26719 12289.9609   109%     -    1s
     0     0 12283.5867    0  261 5882.26719 12283.5867   109%     -    1s
     0     0 12283.5867    0  247 5882.26719 12283.5867   109%     -    1s
     0     0 12266.9688    0  252 5882.26719 12266.9688   109%     -    1s
     0     0 12259.0034    0  265 5882.26719 12259.0034   108%     -    1s
     0     0 12256.7253    0  257 5882.26719 12256.7253   108%     -    1s
     0     0 12256.7113    0  238 5882.26719 12256.7113   108%     -    1s
     0     0 12251.2594    0  241 5882.26719 12251.2594   108%     -    1s
     0     0 12248.8893    0  226 5882.26719 12248.8893   108%     -    1s
     0     0 12248.5357    0  248 5882.26719 12248.5357   108%     -    1s
     0     0 12248.5357    0  244 5882.26719 12248.5357   108%     -    1s
     0     0 12236.3088    0  254 5882.26719 12236.3088   108%     -    1s
     0     0 12235.7650    0  267 5882.26719 12235.7650   108%     -    1s
     0     0 12233.4538    0  269 5882.26719 12233.4538   108%     -    1s
     0     0 12231.9168    0  261 5882.26719 12231.9168   108%     -    1s
     0     0 12230.9718    0  261 5882.26719 12230.9718   108%     -    1s
     0     0 12229.9292    0  283 5882.26719 12229.9292   108%     -    1s
     0     0 12228.4796    0  277 5882.26719 12228.4796   108%     -    1s
     0     0 12226.5495    0  269 5882.26719 12226.5495   108%     -    1s
     0     0 12226.5495    0  285 5882.26719 12226.5495   108%     -    1s
     0     0 12215.8053    0  261 5882.26719 12215.8053   108%     -    2s
     0     0 12211.7291    0  270 5882.26719 12211.7291   108%     -    2s
     0     0 12208.7775    0  287 5882.26719 12208.7775   108%     -    2s
     0     0 12207.7531    0  299 5882.26719 12207.7531   108%     -    2s
     0     0 12207.0408    0  271 5882.26719 12207.0408   108%     -    2s
     0     0 12206.9628    0  270 5882.26719 12206.9628   108%     -    2s
     0     0 12205.2135    0  291 5882.26719 12205.2135   107%     -    2s
     0     0 12205.2135    0  287 5882.26719 12205.2135   107%     -    2s
     0     0 12190.5275    0  243 5882.26719 12190.5275   107%     -    2s
     0     0 12190.5275    0  254 5882.26719 12190.5275   107%     -    2s
     0     0 12190.5275    0  257 5882.26719 12190.5275   107%     -    2s
     0     0 12189.7742    0  261 5882.26719 12189.7742   107%     -    2s
     0     0 12189.7742    0  265 5882.26719 12189.7742   107%     -    2s
     0     0 12189.7742    0  265 5882.26719 12189.7742   107%     -    2s
     0     0 12189.7742    0  231 5882.26719 12189.7742   107%     -    2s
H    0     0                    6834.9695287 12185.5512  78.3%     -    2s
     0     2 12185.5512    0  193 6834.96953 12185.5512  78.3%     -    3s
    91   100 11505.8027    7  281 6834.96953 12007.7596  75.7%   407    6s
   781   663 9741.76609   22  171 6834.96953 12007.7596  75.7%   206   11s
  2407  1677 11588.8094    6  231 6834.96953 11939.5723  74.7%   125   15s
  2591  1822 11399.7468   29  191 6834.96953 11559.5314  69.1%  27.9   21s
H 2709  1809                    6902.8765777 11559.5314  67.5%  38.1   23s
  4349  2336     cutoff   56      6902.87658 11492.4367  66.5%  79.0   25s
  9723  4523 8506.03020   49   69 6902.87658 11263.1177  63.2%  89.9   30s
 14601  7224 10403.9017   36  127 6902.87658 11051.3977  60.1%  91.3   35s
 17421  8852 10337.3591   39  107 6902.87658 10994.9344  59.3%  90.5   40s
 21085 10910 9483.38204   44  105 6902.87658 10945.6216  58.6%  88.4   45s
 25617 13349 10537.3272   37  138 6902.87658 10901.9494  57.9%  87.4   50s
 29379 15454 9483.21919   37  113 6902.87658 10871.1647  57.5%  86.1   55s
 34452 18077 10512.3151   38  127 6902.87658 10836.9588  57.0%  84.7   61s
 37935 20002 infeasible   47      6902.87658 10825.6267  56.8%  83.1   65s
 42819 22479 10648.2297   34  176 6902.87658 10796.8363  56.4%  82.1   70s
 46681 23596 8540.86023   41  231 6902.87658 10777.3682  56.1%  81.0   85s
 46722 23623 7558.68520   48  111 6902.87658 10777.3682  56.1%  81.0   90s
 46743 23637 7614.26252   62  118 6902.87658 10777.3682  56.1%  80.9   95s
 46762 23650 8559.22983   43  129 6902.87658 10777.3682  56.1%  80.9  100s
 46780 23662 7895.17231   46  161 6902.87658 10777.3682  56.1%  80.9  105s
 46797 23673 8984.81297   43  140 6902.87658 10777.3682  56.1%  80.8  110s
 46814 23685 9798.43680   40  139 6902.87658 10777.3682  56.1%  80.8  115s
 46827 23693 9684.84272   39  131 6902.87658 10777.3682  56.1%  80.8  120s
 46842 23703 9091.16191   40  144 6902.87658 10777.3682  56.1%  80.8  125s
 46860 23715 8266.68676   61  135 6902.87658 10777.3682  56.1%  80.7  130s
 46877 23727 8762.81863   47  129 6902.87658 10777.3682  56.1%  80.7  135s
 46894 23738 9344.28507   47  148 6902.87658 10777.3682  56.1%  80.7  140s
 46912 23750 9260.49164   51  128 6902.87658 10777.3682  56.1%  80.6  145s
 47069 23868 10640.9793   41  152 6902.87658 10777.3682  56.1%  84.7  151s
 48138 24146 8450.86711   55   77 6902.87658 10777.3682  56.1%  86.9  155s
 50507 24673 10777.3682   42  114 6902.87658 10777.3682  56.1%  89.7  160s
 52825 24949 8945.29618   49  112 6902.87658 10777.3682  56.1%  91.6  165s
 55050 25658 10182.9024   44  133 6902.87658 10706.0690  55.1%  92.3  170s
 57042 25860     cutoff   41      6902.87658 10638.7569  54.1%  92.8  175s
 59937 26306 9730.32501   45  114 6902.87658 10530.3959  52.6%  93.0  181s
 61711 26996 7435.37920   57   54 6902.87658 10490.4119  52.0%  93.0  185s
 64069 27170 7271.03440   48   99 6902.87658 10435.6468  51.2%  92.4  190s
 66419 27614 7913.15030   53   77 6902.87658 10382.1459  50.4%  92.1  195s
 68606 28023 infeasible   45      6902.87658 10334.8890  49.7%  92.3  200s
 71343 28488 infeasible   45      6902.87658 10280.5362  48.9%  92.1  206s
 72605 28082 infeasible   49      6902.87658 10266.3771  48.7%  92.0  216s
 73849 29062 8204.60723   66   43 6902.87658 10247.6078  48.5%  91.9  221s
 75226 29256 7150.38220   47  121 6902.87658 10225.2473  48.1%  91.6  225s
 77900 29592 infeasible   66      6902.87658 10193.1808  47.7%  91.4  231s
 80966 30086 10032.9884   45   86 6902.87658 10147.4217  47.0%  90.9  238s
 82762 30181 infeasible   45      6902.87658 10136.6880  46.8%  90.6  241s
 84595 30715 7961.87822   56   56 6902.87658 10116.1870  46.6%  90.3  246s
 86702 30799 9699.58007   50  126 6902.87658 10098.8840  46.3%  89.8  250s
 88599 31238 7168.63246   51   46 6902.87658 10074.1225  45.9%  89.4  255s
 92664 32011 infeasible   57      6902.87658 10036.4055  45.4%  88.6  265s
 95616 31962 8254.00938   51   85 6902.87658 10013.9758  45.1%  88.3  270s
 97632 32602 9253.70686   50   90 6902.87658 9994.99502  44.8%  88.0  276s
 100323 32674 9593.98607   52  134 6902.87658 9971.16121  44.4%  87.4  281s
 102513 33040 7899.82973   54   92 6902.87658 9955.74327  44.2%  87.2  285s
 104898 33257 infeasible   62      6902.87658 9940.77380  44.0%  86.7  290s
 107353 33656 9901.12235   45  126 6902.87658 9923.52529  43.8%  86.2  295s
 109903 33947 8033.01278   50   82 6902.87658 9909.43217  43.6%  85.8  300s
 112220 34083 9632.18017   48  132 6902.87658 9889.88347  43.3%  85.4  305s
 114293 34464 9201.17873   49  114 6902.87658 9871.35206  43.0%  85.2  310s
 117060 35071 7513.65959   51   95 6902.87658 9856.85801  42.8%  84.6  316s
 120375 35498 7549.17186   63   55 6902.87658 9838.28826  42.5%  84.1  320s
 124756 37488 infeasible   48      6902.87658 9810.77422  42.1%  83.3  329s
 127373 38489 infeasible   46      6902.87658 9797.73672  41.9%  82.9  333s
 129486 39553 9645.90050   49  133 6902.87658 9785.63687  41.8%  82.6  338s
 131809 40700 9216.64451   48   87 6902.87658 9770.83676  41.5%  82.2  343s
 134265 41562 9019.72687   52  104 6902.87658 9763.37640  41.4%  81.7  347s
 136090 42492 infeasible   48      6902.87658 9751.15705  41.3%  81.5  351s
 138227 43465 infeasible   66      6902.87658 9739.22874  41.1%  81.3  355s
 140468 44744 8850.90922   51   91 6902.87658 9731.33962  41.0%  81.0  361s
 143610 45662 9026.80311   52   97 6902.87658 9720.98832  40.8%  80.5  365s
 146924 46701 7682.95957   53  103 6902.87658 9709.45268  40.7%  80.1  370s
 148043 46714 infeasible   51      6902.87658 9705.98476  40.6%  80.0  378s
 148086 47364 9256.25144   51  111 6902.87658 9705.36843  40.6%  80.0  382s
 149922 48398 7624.26381   54   83 6902.87658 9697.49247  40.5%  79.9  387s
 152092 48649 9092.54318   46  116 6902.87658 9691.13582  40.4%  79.6  407s
 152751 49445 9252.27569   52   77 6902.87658 9686.97769  40.3%  79.6  412s
 154948 50298 infeasible   51      6902.87658 9677.00069  40.2%  79.5  418s
 157116 51238 9561.90907   52  125 6902.87658 9668.61667  40.1%  79.4  424s
 159291 52175 infeasible   54      6902.87658 9661.59525  40.0%  79.3  429s
 159718 52175 9384.99725   49  100 6902.87658 9660.34627  39.9%  79.3  430s
 161488 53220 9354.93629   45   97 6902.87658 9653.64132  39.8%  79.1  436s
 164183 54590 7866.34849   54   77 6902.87658 9647.52472  39.8%  78.8  443s
 167310 55801 8925.92312   53   97 6902.87658 9637.14743  39.6%  78.5  449s
 168581 55801 8902.40022   52   92 6902.87658 9635.50130  39.6%  78.3  450s
 171767 57647 9168.26529   44   94 6902.87658 9622.98769  39.4%  78.1  460s
 174631 58640 7961.55112   58  117 6902.87658 9616.83620  39.3%  77.8  465s
 176899 59494 8334.90120   56  111 6902.87658 9610.59463  39.2%  77.6  470s
 179144 60600 9155.09751   49  107 6902.87658 9601.83649  39.1%  77.4  475s
 181707 61558 8131.15763   65   30 6902.87658 9595.00751  39.0%  77.1  480s
 184068 62465 9362.97926   54  100 6902.87658 9591.36322  38.9%  76.8  485s
 186298 63461 8620.97927   48   97 6902.87658 9583.64746  38.8%  76.7  490s
 188659 64822 9010.24118   50  113 6902.87658 9580.64993  38.8%  76.4  497s
 192296 65800 9007.20734   51  100 6902.87658 9572.84508  38.7%  76.0  502s
 194454 66604 infeasible   67      6902.87658 9569.14753  38.6%  75.8  506s
 196359 67373 7683.33055   62   81 6902.87658 9564.09099  38.6%  75.7  511s
 198160 68309 7938.80197   52   96 6902.87658 9559.57060  38.5%  75.5  516s
 200153 69447 7949.38090   51   95 6902.87658 9555.55051  38.4%  75.4  521s
 202569 70399 8537.64950   57   78 6902.87658 9550.60617  38.4%  75.2  526s
 204727 71353 8329.48800   59   54 6902.87658 9543.61449  38.3%  75.0  530s
 206737 72142 8948.73789   54  102 6902.87658 9539.78249  38.2%  74.8  535s
 209035 73096 infeasible   54      6902.87658 9534.02725  38.1%  74.6  540s
 211263 73923 7962.52164   59   72 6902.87658 9528.22335  38.0%  74.5  545s
 213370 75098 7343.22265   66   36 6902.87658 9523.65170  38.0%  74.4  552s
 216349 75787 9414.19751   49  127 6902.87658 9518.28165  37.9%  74.1  558s
 218691 76597 8749.89012   52   78 6902.87658 9513.95455  37.8%  73.9  562s
 220755 77462 infeasible   66      6902.87658 9508.68993  37.7%  73.8  568s
 223074 78404 7285.63439   60   65 6902.87658 9503.99137  37.7%  73.6  573s
 225374 79662     cutoff   66      6902.87658 9498.16772  37.6%  73.5  578s
 227895 80588 7841.71391   54   93 6902.87658 9494.34912  37.5%  73.3  583s
 229936 81508 8959.04660   58  100 6902.87658 9489.21820  37.5%  73.2  588s
 232098 82490 9452.62559   50  120 6902.87658 9484.33515  37.4%  73.1  593s
 234375 83343 7823.24445   55   65 6902.87658 9479.78612  37.3%  73.0  598s
 236537 84810 7252.22427   58   89 6902.87658 9475.39130  37.3%  72.9  606s
 239715 85864 9096.41970   59   80 6902.87658 9468.64392  37.2%  72.7  610s
 241942 86829 9081.37804   56   81 6902.87658 9464.18545  37.1%  72.5  616s
 244312 87881     cutoff   60      6902.87658 9458.24633  37.0%  72.4  621s
 246761 88733 9254.58344   51  113 6902.87658 9454.29803  37.0%  72.2  626s
 248707 89690 infeasible   66      6902.87658 9451.16095  36.9%  72.1  630s
 250896 90587 7651.27392   49   96 6902.87658 9447.02691  36.9%  72.0  635s
 252972 91385 8413.63267   51  119 6902.87658 9442.97924  36.8%  71.9  640s
 254864 92343 7822.33479   44  101 6902.87658 9439.02311  36.7%  71.8  645s
 257042 93245 9081.19860   56   60 6902.87658 9435.27830  36.7%  71.7  650s
 259146 94211     cutoff   65      6902.87658 9430.53734  36.6%  71.6  656s
 261167 95479 8729.86585   58   87 6902.87658 9427.58918  36.6%  71.4  663s
 264169 96409 7445.46560   74   33 6902.87658 9423.29928  36.5%  71.3  669s
 266330 97262 9308.95355   50  101 6902.87658 9418.55423  36.4%  71.2  675s
 268425 98298 8758.04105   57   95 6902.87658 9414.68960  36.4%  71.1  680s
 270877 99309 8129.60436   47   75 6902.87658 9411.19259  36.3%  70.9  686s
 273278 100138 8851.12349   56  103 6902.87658 9407.52159  36.3%  70.8  691s
 275329 101241 7988.72539   53   68 6902.87658 9404.85565  36.2%  70.7  696s
 277678 102055 8874.65678   49   78 6902.87658 9400.53617  36.2%  70.5  701s
 279849 102754 7375.08625   60   68 6902.87658 9397.96938  36.1%  70.5  706s
 281694 103857 9290.61877   63   82 6902.87658 9394.79163  36.1%  70.4  712s
 284155 105157 8574.00987   57  112 6902.87658 9391.06569  36.0%  70.2  718s
 287221 105915 8108.48132   56  104 6902.87658 9387.11015  36.0%  70.1  724s
 289199 106710     cutoff   63      6902.87658 9383.77822  35.9%  70.0  729s
 291259 107855 8659.17204   54   82 6902.87658 9381.06128  35.9%  70.0  735s
 293765 108730 9369.94521   54   91 6902.87658 9377.23499  35.8%  69.8  740s
 295934 109591 7554.35858   51   84 6902.87658 9373.66950  35.8%  69.7  746s
 298087 110772 7902.66763   52   93 6902.87658 9371.96293  35.8%  69.6  752s
 300857 111423 9291.99520   58  115 6902.87658 9368.64363  35.7%  69.4  757s
 302686 112260 7467.30003   50   99 6902.87658 9366.01343  35.7%  69.3  762s
 305062 113063 7772.54841   61   46 6902.87658 9362.93637  35.6%  69.2  767s
 307106 114145 8125.41679   57   85 6902.87658 9361.70548  35.6%  69.1  775s
 310021 114832 8673.40367   57   73 6902.87658 9356.04427  35.5%  69.0  780s
 311993 115655 infeasible   64      6902.87658 9353.11826  35.5%  68.9  786s
 314068 116423 infeasible   50      6902.87658 9350.47406  35.5%  68.8  791s
 316056 117579 8908.41478   58   95 6902.87658 9347.38415  35.4%  68.7  797s
 318663 118463 8082.49645   63   71 6902.87658 9343.95669  35.4%  68.6  802s
 321011 119230 7259.09266   76   44 6902.87658 9341.27463  35.3%  68.5  807s
 322881 120149 7654.24348   68   48 6902.87658 9338.25584  35.3%  68.4  813s
 325362 120990 7758.59868   59   76 6902.87658 9335.60238  35.2%  68.3  819s
 327763 121798 7923.68512   55   85 6902.87658 9332.83308  35.2%  68.2  824s
 329665 122778 7911.00259   62   70 6902.87658 9330.95208  35.2%  68.1  829s
 332015 123720 7690.92585   52   80 6902.87658 9327.77348  35.1%  68.0  836s
 334798 124313 infeasible   51      6902.87658 9323.30332  35.1%  68.0  842s
 336425 125354 7619.77743   60   55 6902.87658 9320.65755  35.0%  68.0  848s
 338999 126346 8932.87657   55   88 6902.87658 9317.51635  35.0%  67.9  854s
 341179 127261 7873.13670   58   90 6902.87658 9314.88941  34.9%  67.8  860s
 343947 128102 7660.13516   53   61 6902.87658 9312.25400  34.9%  67.7  865s
 346094 128877 8060.21786   54   64 6902.87658 9309.90415  34.9%  67.6  871s
 348784 129611 9145.85710   48   88 6902.87658 9307.41608  34.8%  67.4  876s
 350684 130489 8195.42328   46   68 6902.87658 9304.85428  34.8%  67.4  882s
 352866 131314 8457.56052   54   87 6902.87658 9302.60611  34.8%  67.3  887s
 354781 132216 8264.20230   51   98 6902.87658 9300.22919  34.7%  67.2  893s
 356845 133263 7335.44661   54   89 6902.87658 9297.85709  34.7%  67.2  900s
 359731 134044     cutoff   51      6902.87658 9295.06134  34.7%  67.0  905s
 361776 134784 7524.79450   64   69 6902.87658 9292.35617  34.6%  67.0  911s
 363703 135700 8175.06360   52   83 6902.87658 9290.26877  34.6%  67.0  917s
 366323 136560 infeasible   64      6902.87658 9288.14991  34.6%  66.8  923s
 368482 137684 infeasible   49      6902.87658 9285.45424  34.5%  66.7  929s
 370939 138472 7691.40081   63   66 6902.87658 9282.68495  34.5%  66.6  934s
 373105 139544 7589.26749   56   57 6902.87658 9279.98326  34.4%  66.6  939s
 375758 140391 7687.64137   64   49 6902.87658 9277.15522  34.4%  66.4  944s
 377675 141239 7854.43323   51  100 6902.87658 9274.95884  34.4%  66.4  950s
 379847 142340 infeasible   64      6902.87658 9273.21996  34.3%  66.3  957s
 382643 143154 8347.70124   53   92 6902.87658 9271.06401  34.3%  66.2  963s
 384605 144183 8937.86449   53   72 6902.87658 9269.16171  34.3%  66.1  969s
 387194 144968 7522.13178   51   67 6902.87658 9266.11627  34.2%  66.1  974s
 389422 145859 8780.57027   56  113 6902.87658 9264.52741  34.2%  66.0  980s
 391569 146779 7252.02560   65   33 6902.87658 9262.30507  34.2%  65.9  985s
 394082 147776     cutoff   71      6902.87658 9260.72669  34.2%  65.8  991s
 396341 148527 7330.46986   68   24 6902.87658 9258.40179  34.1%  65.7  996s
 398460 149191 9117.07232   53   94 6902.87658 9256.40846  34.1%  65.7 1001s
 400137 149948 8507.71686   59  111 6902.87658 9254.04377  34.1%  65.6 1007s
 402297 150647 8798.46870   55  103 6902.87658 9251.98768  34.0%  65.6 1012s
 404300 151860 7679.56665   58   48 6902.87658 9249.77971  34.0%  65.5 1017s
 407313 152777 9092.51463   51  108 6902.87658 9247.28838  34.0%  65.4 1023s
 409513 153248 infeasible   64      6902.87658 9245.06911  33.9%  65.4 1028s
 411327 154145 7344.34811   55   49 6902.87658 9243.08929  33.9%  65.3 1034s
 413582 154872 8707.26227   57   58 6902.87658 9240.99114  33.9%  65.3 1039s
 415576 155808 7412.23770   59   73 6902.87658 9238.79983  33.8%  65.2 1045s
 417932 156668 9023.43670   56  126 6902.87658 9236.40186  33.8%  65.1 1050s
 420559 157472 9138.85916   45  103 6902.87658 9234.24380  33.8%  65.0 1056s
 422561 158263 infeasible   67      6902.87658 9232.71758  33.8%  65.0 1061s
 424696 159189 8970.55510   54  132 6902.87658 9230.81377  33.7%  64.9 1067s
 426674 159884 8877.28964   61   75 6902.87658 9228.97354  33.7%  64.9 1073s
 428413 161070 8013.56219   63   52 6902.87658 9227.42545  33.7%  64.8 1080s
 431305 161858 9140.09047   53  109 6902.87658 9224.83471  33.6%  64.8 1085s
 433363 162512 8241.45198   54   59 6902.87658 9223.22218  33.6%  64.7 1091s
 435212 163498 8272.68165   60   86 6902.87658 9221.31350  33.6%  64.6 1096s
 437494 164288 8878.36664   54  110 6902.87658 9219.25655  33.6%  64.6 1101s
 439368 165147 8408.70509   55   85 6902.87658 9217.72174  33.5%  64.5 1107s
 441729 166009 9135.56376   56   92 6902.87658 9215.71574  33.5%  64.5 1112s
 444268 166798 8550.43295   49   88 6902.87658 9213.85848  33.5%  64.4 1118s
 446299 167522 7615.64952   64   84 6902.87658 9212.14886  33.5%  64.3 1124s
 448467 168467 7625.18104   52   89 6902.87658 9210.43710  33.4%  64.3 1129s
 450773 169158 8773.11553   55  111 6902.87658 9208.41429  33.4%  64.2 1134s
 452433 169962 7689.76872   69   45 6902.87658 9207.06350  33.4%  64.2 1141s
 455307 170900 9011.85668   55  125 6902.87658 9204.91301  33.3%  64.1 1147s
 457640 171534 7462.98164   55   96 6902.87658 9202.97857  33.3%  64.1 1153s
 459757 172416 7872.72328   56   68 6902.87658 9201.30269  33.3%  64.0 1158s
 461993 173108 7156.10164   63   29 6902.87658 9199.67567  33.3%  64.0 1164s
 463957 173877 7297.33326   60   65 6902.87658 9197.73778  33.2%  63.9 1169s
 465643 174702 infeasible   46      6902.87658 9196.59295  33.2%  63.9 1175s
 467696 175502 8690.30296   44  104 6902.87658 9194.46855  33.2%  63.8 1180s
 469941 176457 7959.16797   47   64 6902.87658 9192.94857  33.2%  63.8 1186s
 472058 177188 8535.38013   59   70 6902.87658 9191.82640  33.2%  63.7 1192s
 474028 177975 9097.52547   56   76 6902.87658 9189.89655  33.1%  63.7 1197s
 476221 179045 7227.52960   64   52 6902.87658 9188.24186  33.1%  63.7 1205s
 479010 179797 8515.26711   55  110 6902.87658 9185.88386  33.1%  63.6 1211s
 481002 180655 8681.22863   55   92 6902.87658 9184.03569  33.0%  63.6 1217s
 483249 181470 8578.13547   55  100 6902.87658 9182.49689  33.0%  63.6 1222s
 485770 182112 8858.86386   57   63 6902.87658 9181.05488  33.0%  63.5 1228s
 487804 182755 8780.30385   59   97 6902.87658 9179.95586  33.0%  63.4 1234s
 489601 183432 8943.93910   53   89 6902.87658 9178.44323  33.0%  63.4 1240s
 491874 184249 7838.02426   53   67 6902.87658 9176.95949  32.9%  63.3 1245s
 493841 185057 8891.42836   55  100 6902.87658 9175.42185  32.9%  63.3 1251s
 495933 185696 8434.83849   55   96 6902.87658 9173.79331  32.9%  63.3 1256s
 497638 186604 8930.42809   56  113 6902.87658 9172.38618  32.9%  63.3 1262s
 499964 187457 infeasible   62      6902.87658 9170.93492  32.9%  63.2 1269s
 500933 187457 8941.22803   49   88 6902.87658 9170.33230  32.8%  63.2 1270s
 502148 188482 7741.57754   54   51 6902.87658 9168.78180  32.8%  63.2 1276s
 504810 189271 7471.15275   63   70 6902.87658 9166.90605  32.8%  63.2 1282s
 506870 190052 8651.78165   55   82 6902.87658 9165.58663  32.8%  63.1 1288s
 508862 190813 infeasible   56      6902.87658 9163.85255  32.8%  63.1 1294s
 510009 190813 7369.82864   61   71 6902.87658 9163.50335  32.7%  63.1 1295s
 510991 191640 infeasible   50      6902.87658 9162.11987  32.7%  63.1 1301s
 513221 192276 8408.78344   61   75 6902.87658 9160.36110  32.7%  63.1 1307s
 515330 193174 infeasible   65      6902.87658 9158.86871  32.7%  63.0 1314s
 517500 194048 8157.92612   56   88 6902.87658 9156.86871  32.7%  63.0 1320s
 519674 195062 8893.24533   53   70 6902.87658 9155.33492  32.6%  63.0 1326s
 522147 196045 8034.47956   65   70 6902.87658 9153.66728  32.6%  62.9 1332s
 524496 197053 infeasible   68      6902.87658 9151.97684  32.6%  62.9 1339s
 525656 197053 7600.82185   55   51 6902.87658 9151.68838  32.6%  62.9 1340s
 527025 197696 8069.56809   57   60 6902.87658 9150.37715  32.6%  62.9 1345s
 529022 198300 7441.92020   59   73 6902.87658 9148.92071  32.5%  62.8 1352s
 530608 199392 7383.20314   58   84 6902.87658 9147.87720  32.5%  62.8 1359s
 533381 200209 8609.81131   51   90 6902.87658 9145.68703  32.5%  62.8 1365s
 535405 201159 8316.13434   53   85 6902.87658 9144.28390  32.5%  62.7 1372s
 537846 201944 9045.48524   60   70 6902.87658 9142.67537  32.4%  62.7 1379s
 540399 202779 7506.36510   60   49 6902.87658 9140.99909  32.4%  62.7 1385s
 542689 203680 8276.25970   58   60 6902.87658 9140.03658  32.4%  62.6 1391s
 544936 204418 8091.76971   61  108 6902.87658 9138.46176  32.4%  62.6 1397s
 547014 205027 8033.50040   57   76 6902.87658 9136.73930  32.4%  62.6 1403s
 548728 206100 7560.23121   63   53 6902.87658 9135.34483  32.3%  62.6 1410s
 551408 206852 8485.91081   66   59 6902.87658 9133.61363  32.3%  62.5 1416s
 553337 207593 9094.22944   53  127 6902.87658 9132.03092  32.3%  62.5 1423s
 555540 208442 9095.79764   59   99 6902.87658 9130.78650  32.3%  62.4 1428s
 557935 209190 8122.90284   64   60 6902.87658 9129.66319  32.3%  62.4 1435s
 559789 210044 7338.82085   67   62 6902.87658 9128.10027  32.2%  62.4 1441s
 561919 210766 8885.09943   54   96 6902.87658 9126.85844  32.2%  62.4 1447s
 563763 211351 7233.86305   59   62 6902.87658 9125.70991  32.2%  62.4 1453s
 565482 212098 7546.20375   61   47 6902.87658 9124.19095  32.2%  62.3 1458s
 567819 212623     cutoff   53      6902.87658 9122.61613  32.2%  62.3 1465s
 569899 213449     cutoff   58      6902.87658 9121.26954  32.1%  62.3 1471s
 572171 214240 8627.37400   58   99 6902.87658 9119.50345  32.1%  62.3 1479s
 574366 215171     cutoff   59      6902.87658 9117.83625  32.1%  62.3 1486s
 576789 215832 8980.97809   56   90 6902.87658 9116.32993  32.1%  62.2 1492s
 579146 216449 8613.21223   56  117 6902.87658 9115.01941  32.0%  62.2 1499s
 581252 217272 8464.73267   61   82 6902.87658 9113.82431  32.0%  62.2 1506s
 583787 218068 8910.96026   54   65 6902.87658 9112.47740  32.0%  62.1 1513s
 586033 218782 7966.84742   64   67 6902.87658 9111.16955  32.0%  62.1 1519s
 588287 219914 8828.87995   57   77 6902.87658 9109.70885  32.0%  62.0 1526s
 590711 220527 8130.40294   63  112 6902.87658 9108.25498  31.9%  62.0 1532s
 592834 221377 8338.38097   63   66 6902.87658 9107.49067  31.9%  62.0 1538s
 595108 222226 7497.68841   64   65 6902.87658 9106.09891  31.9%  61.9 1546s
 597498 223000 7503.17625   68   32 6902.87658 9104.63792  31.9%  61.9 1553s
 599771 223778     cutoff   69      6902.87658 9102.88179  31.9%  61.8 1559s
 602155 224311 8922.63803   60   71 6902.87658 9101.42417  31.8%  61.8 1566s
 603827 224930 8047.56701   57   91 6902.87658 9100.17198  31.8%  61.8 1573s
 605629 225772 8187.36720   51   82 6902.87658 9098.79930  31.8%  61.8 1580s
 607943 226613 7232.14809   55   55 6902.87658 9097.29275  31.8%  61.8 1587s
 610086 227343 8019.18304   62   79 6902.87658 9096.15196  31.8%  61.7 1594s
 612178 228220 8659.49801   57   93 6902.87658 9094.39144  31.7%  61.7 1601s
 614406 228973 8495.16944   57   71 6902.87658 9093.11364  31.7%  61.7 1608s
 616454 229940 8651.84417   60   74 6902.87658 9091.78423  31.7%  61.7 1615s
 618991 230791 7828.84548   54   83 6902.87658 9089.92637  31.7%  61.7 1623s
 621699 231234 8723.49904   56  109 6902.87658 9088.33940  31.7%  61.6 1629s
 623341 232181 7218.65305   51   83 6902.87658 9087.18820  31.6%  61.6 1636s
 625608 232915 8222.47247   65   98 6902.87658 9085.65874  31.6%  61.6 1642s
 627511 233640 7513.68701   62   54 6902.87658 9084.71140  31.6%  61.6 1649s
 629582 234454 8591.93224   53   92 6902.87658 9083.27985  31.6%  61.6 1655s
 631901 235302 8804.11367   56   98 6902.87658 9082.05975  31.6%  61.6 1663s
 634039 235839 infeasible   63      6902.87658 9080.70942  31.5%  61.5 1670s
 636042 236613 8245.91351   54   60 6902.87658 9079.64953  31.5%  61.5 1677s
 638241 237357 8493.17305   51   86 6902.87658 9078.51947  31.5%  61.5 1685s
 640314 238102 8007.62260   53   77 6902.87658 9077.04459  31.5%  61.5 1691s
 642672 239235 9048.02865   52   99 6902.87658 9075.60662  31.5%  61.4 1700s
 645459 239862 8023.84719   51   80 6902.87658 9073.94104  31.5%  61.4 1705s
 647143 240723 8107.82905   50   91 6902.87658 9072.85861  31.4%  61.4 1711s
 649335 241435 7984.70460   58  102 6902.87658 9071.46942  31.4%  61.4 1717s
 651251 242039 9001.21421   50   89 6902.87658 9070.36913  31.4%  61.3 1724s
 652991 242927 7357.50045   55   76 6902.87658 9069.29751  31.4%  61.3 1731s
 655295 243528 8610.37191   53   91 6902.87658 9067.93599  31.4%  61.3 1738s
 657189 244208 7980.88567   55   88 6902.87658 9066.52279  31.3%  61.3 1745s
 659212 245024 7981.52224   57   73 6902.87658 9065.31775  31.3%  61.3 1752s
 661275 245867     cutoff   67      6902.87658 9064.40032  31.3%  61.3 1759s
 663497 246812 8777.75922   55  102 6902.87658 9063.10289  31.3%  61.3 1767s
 666047 247494 8608.19245   61   49 6902.87658 9061.72736  31.3%  61.2 1775s
 668480 248440 7565.23092   55   61 6902.87658 9060.81908  31.3%  61.2 1782s
 670880 249355 8520.66358   55   92 6902.87658 9059.29193  31.2%  61.2 1790s
 673150 250173 8485.42716   54  105 6902.87658 9058.18076  31.2%  61.1 1797s
 675218 250444 infeasible   63      6902.87658 9057.07162  31.2%  61.1 1800s

Cutting planes:
  Learned: 39
  Gomory: 172
  Cover: 672
  Implied bound: 4
  Projected implied bound: 9
  MIR: 3394
  Flow cover: 4529
  Inf proof: 115
  Zero half: 2
  Network: 1
  RLT: 6
  Relax-and-lift: 40

Explored 675929 nodes (41627440 simplex iterations) in 1800.34 seconds (607.43 work units)
Thread count was 20 (of 20 available processors)

Solution count 10: 6902.88 6834.97 5882.27 ... -0

Time limit reached
Best objective 6.902876577688e+03, best bound 9.056783074161e+03, gap 31.2030%
