
Gurobi 10.0.1 (win64) logging started Tue Apr 28 17:16:02 2026

Set parameter LogFile to value "D:\Project_Code\Paper\DP_LBBD_1\DP_lbbd\Algorithm\Results\mip_v1\medium\exp_5f_45j_seed5\log\exp_5f_45j_seed5_gurobi.log"
Set parameter LogToConsole to value 0
Gurobi Optimizer version 10.0.1 build v10.0.1rc0 (win64)

CPU model: Intel(R) Core(TM) Ultra 7 265KF, instruction set [SSE2|AVX|AVX2]
Thread count: 20 physical cores, 20 logical processors, using up to 20 threads

Optimize a model with 89870 rows, 44910 columns and 442270 nonzeros
Model fingerprint: 0x66ed1dac
Variable types: 1080 continuous, 43830 integer (43830 binary)
Coefficient statistics:
  Matrix range     [1e+00, 1e+02]
  Objective range  [5e+01, 2e+03]
  Bounds range     [1e+00, 1e+02]
  RHS range        [1e+00, 4e+02]
Found heuristic solution: objective -0.0000000
Presolve removed 53995 rows and 26928 columns
Presolve time: 0.59s
Presolved: 35875 rows, 17982 columns, 175177 nonzeros
Variable types: 706 continuous, 17276 integer (17276 binary)
Deterministic concurrent LP optimizer: primal and dual simplex
Showing first log only...

Concurrent spin time: 0.00s

Solved with dual simplex

Root relaxation: objective 2.300163e+04, 2900 iterations, 0.14 seconds (0.17 work units)

    Nodes    |    Current Node    |     Objective Bounds      |     Work
 Expl Unexpl |  Obj  Depth IntInf | Incumbent    BestBd   Gap | It/Node Time

     0     0 23001.6259    0  816   -0.00000 23001.6259      -     -    2s
H    0     0                    4565.1196313 23001.6259   404%     -    2s
     0     0 22986.7781    0  597 4565.11963 22986.7781   404%     -    6s
H    0     0                    6313.8423386 22986.7781   264%     -    6s
H    0     0                    11105.701635 22986.7781   107%     -    8s
     0     0 22986.7781    0  557 11105.7016 22986.7781   107%     -    8s
H    0     0                    11847.245551 22986.7781  94.0%     -    9s
     0     0 22981.0794    0  506 11847.2456 22981.0794  94.0%     -    9s
     0     0 22924.9968    0  532 11847.2456 22924.9968  93.5%     -   10s
     0     0 22894.3686    0  500 11847.2456 22894.3686  93.2%     -   10s
     0     0 22871.6400    0  554 11847.2456 22871.6400  93.1%     -   11s
H    0     0                    12151.857320 22870.7573  88.2%     -   11s
     0     0 22870.7573    0  582 12151.8573 22870.7573  88.2%     -   11s
     0     0 22865.7708    0  596 12151.8573 22865.7708  88.2%     -   11s
     0     0 22857.6246    0  544 12151.8573 22857.6246  88.1%     -   11s
     0     0 22857.5920    0  548 12151.8573 22857.5920  88.1%     -   11s
     0     0 22857.5920    0  544 12151.8573 22857.5920  88.1%     -   11s
     0     0 22833.5371    0  512 12151.8573 22833.5371  87.9%     -   12s
     0     0 22833.2965    0  507 12151.8573 22833.2965  87.9%     -   12s
     0     0 22833.2803    0  528 12151.8573 22833.2803  87.9%     -   12s
     0     0 22814.5708    0  482 12151.8573 22814.5708  87.7%     -   13s
     0     0 22814.5683    0  487 12151.8573 22814.5683  87.7%     -   13s
     0     0 22814.5683    0  517 12151.8573 22814.5683  87.7%     -   14s
     0     0 22814.5683    0  505 12151.8573 22814.5683  87.7%     -   14s
     0     0 22814.5683    0  499 12151.8573 22814.5683  87.7%     -   15s
     0     0 22814.5683    0  548 12151.8573 22814.5683  87.7%     -   15s
     0     0 22814.5582    0  482 12151.8573 22814.5582  87.7%     -   16s
     0     0 22814.5582    0  553 12151.8573 22814.5582  87.7%     -   16s
     0     0 22813.9055    0  561 12151.8573 22813.9055  87.7%     -   17s
     0     0 22813.7881    0  562 12151.8573 22813.7881  87.7%     -   17s
     0     0 22813.2978    0  629 12151.8573 22813.2978  87.7%     -   18s
     0     0 22813.1564    0  578 12151.8573 22813.1564  87.7%     -   18s
     0     0 22813.1423    0  610 12151.8573 22813.1423  87.7%     -   18s
     0     0 22813.1206    0  594 12151.8573 22813.1206  87.7%     -   19s
     0     0 22813.0998    0  531 12151.8573 22813.0998  87.7%     -   19s
     0     0 22813.0906    0  625 12151.8573 22813.0906  87.7%     -   20s
     0     0 22813.0719    0  638 12151.8573 22813.0719  87.7%     -   20s
     0     0 22808.1042    0  591 12151.8573 22808.1042  87.7%     -   21s
     0     0 22807.5653    0  538 12151.8573 22807.5653  87.7%     -   21s
     0     0 22807.5653    0  625 12151.8573 22807.5653  87.7%     -   22s
     0     0 22807.5653    0  476 12151.8573 22807.5653  87.7%     -   22s
H    0     0                    12172.532852 22807.5653  87.4%     -   23s
     0     2 22738.6826    0  447 12172.5329 22738.6826  86.8%     -   24s
    15    32 22683.6983    4  499 12172.5329 22715.2195  86.6%  1137   25s
   204   214 22653.9025   10  558 12172.5329 22685.3159  86.4%   711   31s
H  240   231                    13211.457846 22685.3159  71.7%   633   41s
H  242   231                    13611.574384 22685.3159  66.7%   630   41s
H  253   231                    13889.741464 22685.3159  63.3%   623   41s
H  257   231                    13961.211550 22685.3159  62.5%   625   41s
   321   296 22609.1919   13  565 13961.2115 22685.3159  62.5%   585   45s
H  322   296                    14174.801437 22685.3159  60.0%   583   45s
   414   398 22347.6544   16  553 14174.8014 22685.3159  60.0%   520   50s
   572   512 22247.5351   18  476 14174.8014 22685.3159  60.0%   439   56s
H  693   598                    14201.744849 22685.3159  59.7%   397   59s
   714   670 21741.5798   20  481 14201.7448 22685.3159  59.7%   392   60s
   856   807 21220.7800   24  536 14201.7448 22685.3159  59.7%   351   65s
H  978   875                    14360.299343 22685.3159  58.0%   325   67s
  1184  1036 21001.2830   28  593 14360.2993 22685.3159  58.0%   295   72s
  1407  1278 20983.7229   29  461 14360.2993 22685.3159  58.0%   275   76s
  1685  1486 20981.5347   30  663 14360.2993 22685.3159  58.0%   247   81s
  2206  1969 20487.6474   34  573 14360.2993 22685.3159  58.0%   217   86s
  2417  1970 16002.6682   51  476 14360.2993 22685.3159  58.0%   207   96s
  2419  1971 21308.4720   33  746 14360.2993 22685.3159  58.0%   207  107s
  2423  1974 22305.3840   16  544 14360.2993 22685.3159  58.0%   206  110s
  2428  1978 22639.7690   14  244 14360.2993 22685.3159  58.0%   211  115s
  2438  1985 22426.0750   12  239 14360.2993 22680.6617  57.9%   210  120s
  2455  1996 21192.0980   24  274 14360.2993 22555.8979  57.1%   208  125s
  2469  2006 20061.3221   18  292 14360.2993 22491.9369  56.6%   207  130s
  2485  2016 20284.9712   23  216 14360.2993 22460.9127  56.4%   206  135s
  2498  2025 17390.4736   65  268 14360.2993 22421.8132  56.1%   205  140s
  2510  2033 22396.2685   14  289 14360.2993 22396.2685  56.0%   204  145s
  2521  2040 18732.0076   54  287 14360.2993 22372.4569  55.8%   203  150s
  2541  2071 22190.3741   28  348 14360.2993 22361.4693  55.7%  59.5  155s
  2664  2157 22055.8840   32  376 14360.2993 22341.0678  55.6%   105  178s
H 2717  2090                    14815.107957 22341.0678  50.8%   115  179s
H 2772  2025                    14820.577565 22341.0678  50.7%   122  184s
H 2774  1930                    14885.014761 22341.0678  50.1%   122  184s
H 2777  1840                    15155.170931 22341.0678  47.4%   123  184s
H 2782  1754                    15201.478649 22341.0678  47.0%   124  184s
  2840  1797 22022.7928   35  356 15201.4786 22341.0678  47.0%   128  189s
H 2842  1715                    15289.054758 22341.0678  46.1%   128  189s
H 2852  1636                    15472.539605 22341.0678  44.4%   129  189s
H 2919  1617                    15519.861415 22341.0678  44.0%   132  194s
H 2920  1548                    15546.196912 22341.0678  43.7%   132  194s
H 2934  1478                    15602.317792 22341.0678  43.2%   134  194s
H 2939  1414                    15830.035168 22341.0678  41.1%   134  194s
  3010  1469 21357.5516   37  377 15830.0352 22341.0678  41.1%   136  199s
H 3012  1410                    15939.143428 22341.0678  40.2%   136  199s
H 3016  1352                    16021.081293 22341.0678  39.4%   137  199s
H 3022  1296                    16025.581513 22341.0678  39.4%   136  199s
  3039  1337 21499.0436   38  354 16025.5815 22341.0678  39.4%   137  200s
  3445  1515 21338.4117   41  344 16025.5815 22341.0678  39.4%   179  205s
  3982  1728 20468.8688   48  251 16025.5815 22341.0678  39.4%   198  211s
H 4091  1687                    16269.910736 22341.0678  37.3%   202  213s
  4188  1681 19758.6908   49  263 16269.9107 22341.0678  37.3%   209  219s
H 4201  1619                    16412.156783 22341.0678  36.1%   212  219s
  4220  1707 20366.0653   50  261 16412.1568 22341.0678  36.1%   216  220s
  4679  1906 19372.8173   54  234 16412.1568 22341.0678  36.1%   226  227s
  5004  2042 19100.0363   58  242 16412.1568 22341.0678  36.1%   233  230s
  5378  2266 18821.0484   63  255 16412.1568 22341.0678  36.1%   233  235s
  5932  2746 18818.7229   65  259 16412.1568 22341.0678  36.1%   234  240s
  6726  3389 18213.0991   67  263 16412.1568 22299.9409  35.9%   231  247s
  7120  3760 22270.7684   30  319 16412.1568 22298.7912  35.9%   230  251s
  7660  4109 21446.8736   33  262 16412.1568 22295.4927  35.8%   229  255s
  8261  4644 17628.2439   85  159 16412.1568 22295.4927  35.8%   228  260s
  8864  5012 18257.9470   80  133 16412.1568 22270.5548  35.7%   222  265s
  9500  5465 21860.4418   32  327 16412.1568 22259.1405  35.6%   219  270s
 10202  5958 22218.4766   32  307 16412.1568 22218.4766  35.4%   216  276s
 10977  6338 22125.8354   33  314 16412.1568 22209.2054  35.3%   214  281s
 11456  7028 18801.1817   50  209 16412.1568 22206.8830  35.3%   216  287s
 12455  7662 21968.9604   35  311 16412.1568 22149.2920  35.0%   210  295s
 13365  7993 22069.0428   36  321 16412.1568 22116.7409  34.8%   208  301s
 13989  8768 19190.8614   34  257 16412.1568 22087.5129  34.6%   209  309s
 14809  9965 18058.7485   58  190 16412.1568 22079.9307  34.5%   203  319s
 15528  9965 18469.3153   61  179 16412.1568 22066.8205  34.5%   200  320s
 16378 10465 21862.8072   37  319 16412.1568 22066.8205  34.5%   195  326s
 17196 11005 21096.9464   36  253 16412.1568 22058.6982  34.4%   194  335s
 18049 11018 16848.0594   58  174 16412.1568 22058.6982  34.4%   195  411s
 18077 11354 16737.2253   60  143 16412.1568 22050.1554  34.4%   195  417s
 18742 11781 20050.8141   42  209 16412.1568 22030.3873  34.2%   197  426s
 19431 12251 21804.1885   36  362 16412.1568 22011.6301  34.1%   197  434s
 20149 12883 21822.0779   35  314 16412.1568 22003.1118  34.1%   198  444s
 21146 13455 16826.6676   62  175 16412.1568 22000.2135  34.0%   198  454s
 22037 13901 21877.7115   37  344 16412.1568 21989.5454  34.0%   199  463s
 22690 14789 20821.6828   41  252 16412.1568 21989.0797  34.0%   199  477s
 24009 15596 21963.4205   38  370 16412.1568 21976.8668  33.9%   199  491s
 25291 16500 infeasible   40      16412.1568 21965.9445  33.8%   198  507s
 26877 17238 21098.2178   37  338 16412.1568 21952.0178  33.8%   199  522s
 28077 18382 18704.9395   43  251 16412.1568 21941.2624  33.7%   199  544s
 30038 19757 infeasible   39      16412.1568 21931.5837  33.6%   198  565s
 32185 20847 17486.4043   64  194 16412.1568 21911.1888  33.5%   196  582s
 33729 23228 21316.7952   37  256 16412.1568 21900.6835  33.4%   197  610s
 36948 24359 21244.0568   36  295 16412.1568 21892.6734  33.4%   191  629s
 38763 25497 17896.0802   64  179 16412.1568 21882.1337  33.3%   191  653s
 40704 27209 21693.5059   36  341 16412.1568 21876.8572  33.3%   190  678s
 43212 28062 18218.2537   37  246 16412.1568 21861.0777  33.2%   189  916s
 44360 29655 infeasible   67      16412.1568 21859.7765  33.2%   189  954s
H45253 29594                    16479.408204 21857.2044  32.6%   189  955s
 46818 29592 17832.9477   81  476 16479.4082 21857.0312  32.6%   188 1211s
 46820 29593 18207.8511   60  244 16479.4082 21857.0312  32.6%   188 1216s
 46822 29595 19022.8259   49  294 16479.4082 21857.0312  32.6%   188 1220s
 46829 29599 20946.7712   45  264 16479.4082 21857.0312  32.6%   188 1225s
 46831 29601 18430.1076   51  248 16479.4082 21857.0312  32.6%   188 1234s
 46832 29601 21271.8793   39  275 16479.4082 21857.0312  32.6%   188 1241s
 46833 29602 19268.7315   63  248 16479.4082 21857.0312  32.6%   188 1245s
 46834 29603 18295.2432   46  273 16479.4082 21857.0312  32.6%   188 1251s
 46835 29603 17608.1254   73  256 16479.4082 21857.0312  32.6%   188 1255s
 46839 29606 19083.0326   45  295 16479.4082 21857.0312  32.6%   188 1261s
 46840 29607 20195.7340   47  259 16479.4082 21857.0312  32.6%   188 1266s
 46845 29610 21299.9406   41  286 16479.4082 21857.0312  32.6%   188 1270s
 46846 29611 16892.3725   60  244 16479.4082 21857.0312  32.6%   188 1275s
 46848 29612 17615.5930   57  249 16479.4082 21857.0312  32.6%   188 1283s
 46852 29615 18073.8741   56  290 16479.4082 21857.0312  32.6%   188 1288s
 46853 29615 17074.3101   88  258 16479.4082 21857.0312  32.6%   188 1293s
 46856 29617 21110.8134   40  333 16479.4082 21857.0312  32.6%   188 1298s
 46857 29618 21391.1372   43  259 16479.4082 21857.0312  32.6%   188 1304s
 46858 29619 21592.1991   39  280 16479.4082 21857.0312  32.6%   188 1309s
 46859 29619 18635.6256   77  248 16479.4082 21857.0312  32.6%   188 1314s
 46860 29620 19923.7362   44  269 16479.4082 21857.0312  32.6%   188 1319s
 46861 29621 18595.1411   84  299 16479.4082 21857.0312  32.6%   188 1325s
 46865 29623 18013.1750   87  311 16479.4082 21857.0312  32.6%   188 1331s
H46865 28141                    16555.847727 21857.0312  32.0%   188 1336s
 46867 28143 21559.0281   35  299 16555.8477 21857.0312  32.0%   188 1341s
 46868 28143 17120.3742   55  230 16555.8477 21857.0312  32.0%   188 1346s
 46869 28144 18000.4059   68  291 16555.8477 21857.0312  32.0%   188 1350s
 46870 28145 17989.0405   46  260 16555.8477 21857.0312  32.0%   188 1355s
 46871 28145 17810.8217   56  307 16555.8477 21857.0312  32.0%   188 1360s
H46871 26736                    16577.340520 21857.0312  31.8%   188 1367s
 46873 26738 17604.1297   78  301 16577.3405 21857.0312  31.8%   188 1370s
 46874 26738 19123.5800   47  273 16577.3405 21857.0312  31.8%   188 1375s
 46877 26740 17604.5144   94  247 16577.3405 21857.0312  31.8%   188 1387s
 46881 26743 19561.7220   52  299 16577.3405 21857.0312  31.8%   188 1392s
 46882 26744 20095.9367   47  261 16577.3405 21857.0312  31.8%   188 1397s
 46883 26744 17869.1727   66  280 16577.3405 21857.0312  31.8%   188 1402s
 46884 26745 20356.5578   46  267 16577.3405 21857.0312  31.8%   188 1407s
 46885 26746 21422.3333   35  316 16577.3405 21857.0312  31.8%   188 1412s
 46886 26746 18870.1277   50  239 16577.3405 21857.0312  31.8%   188 1418s
 46887 26747 18657.8506   39  273 16577.3405 21857.0312  31.8%   188 1423s
 46888 26748 19679.1039   53  248 16577.3405 21857.0312  31.8%   188 1428s
 46889 26748 17530.6633   51  320 16577.3405 21857.0312  31.8%   188 1434s
 46890 26749 17958.6269   49  259 16577.3405 21857.0312  31.8%   188 1439s
 46891 26750 17631.6785   53  291 16577.3405 21857.0312  31.8%   188 1444s
 46892 26750 21452.2488   37  252 16577.3405 21857.0312  31.8%   188 1450s
 46893 26751 19990.6173   38  305 16577.3405 21857.0312  31.8%   188 1455s
 46894 26752 17987.1016   50  251 16577.3405 21857.0312  31.8%   188 1460s
 46895 26752 17360.3970   91  295 16577.3405 21857.0312  31.8%   188 1465s
 46896 26753 16945.6472   66  277 16577.3405 21857.0312  31.8%   188 1471s
 46897 26754 18762.2567   43  331 16577.3405 21857.0312  31.8%   188 1477s
 46898 26754 19601.2991   42  258 16577.3405 21857.0312  31.8%   188 1482s
 46899 26755 17920.4358   42  302 16577.3405 21857.0312  31.8%   188 1488s
 46900 26756 18210.5724   53  247 16577.3405 21857.0312  31.8%   188 1494s
 46901 26756 19335.1788   50  285 16577.3405 21857.0312  31.8%   188 1498s
 46902 26757 17929.0427   50  252 16577.3405 21857.0312  31.8%   188 1504s
 46903 26758 21272.9923   41  312 16577.3405 21857.0312  31.8%   188 1510s
 46904 26758 17465.6124   82  263 16577.3405 21857.0312  31.8%   188 1516s
 46905 26759 20883.0627   47  292 16577.3405 21857.0312  31.8%   188 1520s
 46907 26760 20408.7694   43  297 16577.3405 21857.0312  31.8%   188 1530s
 46908 26761 17360.3970   91  227 16577.3405 21857.0312  31.8%   188 1536s
 46909 26762 16981.1191   76  317 16577.3405 21857.0312  31.8%   188 1543s
 46910 26762 20854.7297   48  320 16577.3405 21857.0312  31.8%   188 1548s
 46911 26763 19353.1591   44  329 16577.3405 21857.0312  31.8%   188 1555s
 46912 26764 21415.9087   40  315 16577.3405 21857.0312  31.8%   188 1563s
 46913 26764 18489.7261   60  297 16577.3405 21857.0312  31.8%   188 1569s
 46914 26765 18415.4110   90  276 16577.3405 21857.0312  31.8%   188 1574s
 46915 26766 17849.3054  106  315 16577.3405 21857.0312  31.8%   188 1580s
 46916 26766 18976.6262   47  254 16577.3405 21857.0312  31.8%   188 1586s
 46917 26767 20271.8431   47  304 16577.3405 21857.0312  31.8%   188 1591s
H46917 25427                    16609.701963 21857.0312  31.6%   188 1598s
 46920 25429 18207.8511   60  294 16609.7020 21857.0312  31.6%   188 1606s
H46920 24156                    16630.233165 21857.0312  31.4%   188 1617s
 46922 24157 19022.8259   49  248 16630.2332 21857.0312  31.4%   188 1626s
 46923 24158 16972.4216   52  209 16630.2332 21857.0312  31.4%   188 1634s
 46924 24159 20167.2462   44  266 16630.2332 21857.0312  31.4%   188 1643s
 46925 24159 17884.9233   67  228 16630.2332 21857.0312  31.4%   188 1652s
 46926 24160 19369.1295   56  288 16630.2332 21857.0312  31.4%   188 1661s
 46927 24161 21018.2896   41  234 16630.2332 21857.0312  31.4%   188 1670s
 46928 24161 18991.5791   63  273 16630.2332 21857.0312  31.4%   188 1679s
 46929 24162 20946.7712   45  206 16630.2332 21857.0312  31.4%   188 1694s
 46930 24163 16974.2159   83  270 16630.2332 21857.0312  31.4%   188 1704s
 46931 24163 18430.1076   51  253 16630.2332 21857.0312  31.4%   188 1712s
 46933 24165 19268.7315   63  284 16630.2332 21857.0312  31.4%   188 1721s
 46934 24165 18295.2432   46  253 16630.2332 21857.0312  31.4%   188 1730s
 46935 24166 17608.1254   73  305 16630.2332 21857.0312  31.4%   188 1740s
 46936 24167 21738.2051   31  219 16630.2332 21857.0312  31.4%   188 1749s
 46937 24167 17445.7316   68  335 16630.2332 21857.0312  31.4%   188 1761s
 46938 24168 18726.0117   52  269 16630.2332 21857.0312  31.4%   188 1771s
 46939 24169 19083.0326   45  332 16630.2332 21857.0312  31.4%   188 1782s
 46940 24169 20195.7340   47  225 16630.2332 21857.0312  31.4%   188 1792s

Cutting planes:
  Learned: 2
  Gomory: 70
  Lift-and-project: 11
  Cover: 50
  Implied bound: 1
  Projected implied bound: 1
  MIR: 476
  Flow cover: 597
  Network: 1
  RLT: 2
  Relax-and-lift: 6

Explored 46940 nodes (9611356 simplex iterations) in 1800.85 seconds (1116.52 work units)
Thread count was 20 (of 20 available processors)

Solution count 10: 16630.2 16609.7 16577.3 ... 15939.1

Time limit reached
Best objective 1.663023316540e+04, best bound 2.185703123759e+04, gap 31.4295%
