
Gurobi 10.0.1 (win64) logging started Sat Apr 25 21:55:22 2026

Set parameter LogFile to value "D:\Project_Code\Paper\DP_LBBD_1\DP_lbbd\Algorithm\Results\mip_v1\large\exp_7f_60j_seed2\log\exp_7f_60j_seed2_gurobi.log"
Set parameter LogToConsole to value 0
Gurobi Optimizer version 10.0.1 build v10.0.1rc0 (win64)

CPU model: Intel(R) Core(TM) Ultra 7 265KF, instruction set [SSE2|AVX|AVX2]
Thread count: 20 physical cores, 20 logical processors, using up to 20 threads

Optimize a model with 202972 rows, 101400 columns and 1002704 nonzeros
Model fingerprint: 0x0496c0b8
Variable types: 1800 continuous, 99600 integer (99600 binary)
Coefficient statistics:
  Matrix range     [1e+00, 2e+02]
  Objective range  [2e+01, 2e+03]
  Bounds range     [1e+00, 2e+02]
  RHS range        [1e+00, 5e+02]
Found heuristic solution: objective -0.0000000
Presolve removed 112788 rows and 56248 columns
Presolve time: 1.25s
Presolved: 90184 rows, 45152 columns, 443443 nonzeros
Variable types: 1233 continuous, 43919 integer (43919 binary)

Deterministic concurrent LP optimizer: primal and dual simplex (primal and dual model)
Showing first log only...

Root relaxation presolved: 90184 rows, 45152 columns, 443443 nonzeros


Root simplex log...

Iteration    Objective       Primal Inf.    Dual Inf.      Time
       0   -0.0000000e+00   0.000000e+00   3.987667e+03      8s
Concurrent spin time: 0.03s

Solved with dual simplex (dual model)

Root relaxation: objective 2.674338e+04, 5063 iterations, 0.50 seconds (0.68 work units)

    Nodes    |    Current Node    |     Objective Bounds      |     Work
 Expl Unexpl |  Obj  Depth IntInf | Incumbent    BestBd   Gap | It/Node Time

     0     0 26743.3773    0  998   -0.00000 26743.3773      -     -    8s
H    0     0                    11091.606201 26743.3773   141%     -    8s
     0     0 26743.3773    0  874 11091.6062 26743.3773   141%     -    9s
H    0     0                    12226.693002 26743.3773   119%     -   10s
H    0     0                    13417.467393 26743.3773  99.3%     -   13s
     0     0 26743.3773    0  938 13417.4674 26743.3773  99.3%     -   13s
     0     0 26743.3773    0  803 13417.4674 26743.3773  99.3%     -   15s
     0     0 26743.3773    0  869 13417.4674 26743.3773  99.3%     -   15s
     0     0 26743.3773    0  848 13417.4674 26743.3773  99.3%     -   16s
     0     0 26743.3773    0  906 13417.4674 26743.3773  99.3%     -   17s
     0     0 26743.3773    0  943 13417.4674 26743.3773  99.3%     -   18s
     0     0 26743.3773    0  946 13417.4674 26743.3773  99.3%     -   18s
     0     0 26743.3773    0  883 13417.4674 26743.3773  99.3%     -   20s
     0     0 26743.3773    0  941 13417.4674 26743.3773  99.3%     -   20s
     0     0 26743.3773    0  863 13417.4674 26743.3773  99.3%     -   21s
     0     0 26743.3773    0  857 13417.4674 26743.3773  99.3%     -   22s
     0     2 26743.3773    0  857 13417.4674 26743.3773  99.3%     -   25s
H   31    52                    13900.678787 26743.3773  92.4%  4470   60s
H   33    52                    13981.587564 26743.3773  91.3%  4605   60s
H   34    52                    13982.709409 26743.3773  91.3%  4488   60s
H   36    52                    14031.484473 26743.3773  90.6%  4553   60s
H   41    52                    14172.291312 26743.3773  88.7%  4163   60s
H   43    52                    14274.788256 26743.3773  87.3%  4001   60s
   111   134 26277.7805    8 1101 14274.7883 26743.3773  87.3%  3283   65s
H  201   216                    14298.472322 26743.3773  87.0%  2303   70s
   360   353 26277.7805   16  925 14298.4723 26743.3773  87.0%  1682   75s
H  483   435                    14298.472324 26743.3773  87.0%  1426   79s
   526   472 26087.6981   18  821 14298.4723 26743.3773  87.0%  1329   80s
   588   513 26087.4528   19  830 14298.4723 26743.3773  87.0%  1244  106s
H  602   513                    14780.509495 26743.3773  80.9%  1229  106s
   827   740 26061.6747   21  835 14780.5095 26743.3773  80.9%  1012  110s
  1055   926 25890.6303   28  660 14780.5095 26743.3773  80.9%   839  115s
  1475  1300 25890.6303   35  669 14780.5095 26743.3773  80.9%   642  122s
  1807  1624 25776.7582   45  581 14780.5095 26743.3773  80.9%   545  125s
  2187  1925 25415.8070   57  507 14780.5095 26743.3773  80.9%   477  131s
  2787  2533 24746.0067   75  460 14780.5095 26743.3773  80.9%   403  137s
H 2856  2533                    14780.509497 26743.3773  80.9%   396  137s
  3284  2981 24363.0206   93  419 14780.5095 26743.3773  80.9%   362  143s
H 3390  2981                    14780.509498 26743.3773  80.9%   356  143s
* 3462  2981             240    14829.986365 26743.3773  80.3%   349  143s
  3549  3228 24196.5314  102  415 14829.9864 26743.3773  80.3%   346  145s
  4107  3808 23658.0537  122  352 14829.9864 26743.3773  80.3%   318  150s
H 4119  3700                    15915.017499 26743.3773  68.0%   317  150s
H 4315  3674                    16386.331114 26743.3773  63.2%   307  150s
* 4393  3673             280    16465.520626 26743.3773  62.4%   304  150s
H 4598  3875                    16900.127683 26743.3773  58.2%   294  153s
  4781  4153 23470.4528  145  363 16900.1277 26743.3773  58.2%   288  158s
H 5088  4153                    16900.127688 26743.3773  58.2%   279  158s
  5127  4404 22733.3953  155  386 16900.1277 26743.3773  58.2%   277  162s
  5442  4666 26407.5099    6  971 16900.1277 26743.3773  58.2%   272  166s
  5767  4914 26407.5099    8  820 16900.1277 26743.3773  58.2%   267  171s
H 6092  4851                    17260.632469 26743.3773  54.9%   263  203s
  6093  4850 24497.8628   33  857 17260.6325 26743.3773  54.9%   263  218s
  6095  4851 24782.9392   67 1228 17260.6325 26743.3773  54.9%   263  254s
  6096  4852 22582.7368   97  834 17260.6325 26743.3773  54.9%   263  256s
  6097  4853 25394.8679   28  819 17260.6325 26743.3773  54.9%   263  260s
  6102  4857 22302.9228   51  543 17260.6325 26743.3773  54.9%   265  270s
  6106  4860 24425.5414   57  444 17260.6325 26743.3773  54.9%   265  275s
  6111  4863 25245.5978   40  485 17260.6325 26739.3687  54.9%   265  280s
  6126  4873 22308.4712  132  473 17260.6325 26716.7718  54.8%   264  286s
  6138  4881 24409.7203   91  494 17260.6325 26706.8355  54.7%   264  291s
  6143  4885 20849.2046  131  505 17260.6325 26694.9524  54.7%   263  296s
  6150  4889 21781.3770  152  530 17260.6325 26691.2559  54.6%   263  300s
  6163  4898 17395.0313  156  534 17260.6325 26682.7941  54.6%   262  306s
  6171  4903 24545.6502   69  546 17260.6325 26676.5817  54.6%   262  310s
  6179  4909 17341.9525  173  535 17260.6325 26674.1244  54.5%   262  316s
  6183  4911 18378.4696  106  529 17260.6325 26670.9082  54.5%   262  320s
  6190  4916 20245.8880  134  569 17260.6325 26667.3905  54.5%   261  325s
  6204  4925 24755.2306   28  554 17260.6325 26657.7629  54.4%   261  330s
  6208  4928 25887.3055   32  551 17260.6325 26649.7874  54.4%   261  335s
H 6212  4682                    17436.937067 26648.9467  52.8%   260  338s
  6215  4684 25482.0763   55  506 17436.9371 26646.6080  52.8%   260  340s
  6224  4690 23216.6650   83  486 17436.9371 26645.1640  52.8%   260  346s
  6230  4694 21726.4572   60  562 17436.9371 26643.1601  52.8%   260  350s
  6233  4696 24911.7937   51  516 17436.9371 26642.6402  52.8%   260  367s
H 6233  4459                    17561.420953 26642.6402  51.7%   260  376s
  6240  4463 21350.2829  129  513 17561.4210 26630.0446  51.6%   259  381s
  6243  4465 20849.2046  131  539 17561.4210 26629.8669  51.6%   259  385s
  6247  4468 22563.4798   78  538 17561.4210 26627.3097  51.6%   259  391s
  6251  4471 20833.0281   95  571 17561.4210 26627.0622  51.6%   259  395s
  6255  4473 23967.3729   46  508 17561.4210 26627.0344  51.6%   259  401s
  6258  4475 25496.4837   52  532 17561.4210 26626.5737  51.6%   258  405s
  6265  4480 23804.9298  120  475 17561.4210 26626.3968  51.6%   258  412s
  6269  4483 26626.3442   16  548 17561.4210 26626.3442  51.6%   258  415s
  6273  4485 24250.6163   78  547 17561.4210 26624.7556  51.6%   258  420s
  6276  4487 18917.7719  144  534 17561.4210 26623.3786  51.6%   258  426s
  6280  4490 24954.0514   49  556 17561.4210 26622.6368  51.6%   258  430s
H 6280  4263                    17669.912229 26622.6368  50.7%   258  431s
  6285  4266 25703.2314   40  556 17669.9122 26622.2181  50.7%   257  436s
H 6286  4050                    17809.902240 26622.2006  49.5%   257  438s
  6289  4052 23639.6499   18  572 17809.9022 26622.0669  49.5%   257  440s
H 6290  3847                    17811.206663 26622.0003  49.5%   257  443s
  6292  3848 18999.3154  101  493 17811.2067 26621.9884  49.5%   257  447s
  6295  3850 24782.9392   67  536 17811.2067 26621.6186  49.5%   257  450s
  6298  3852 26060.5312   18  518 17811.2067 26619.2354  49.5%   257  457s
  6301  3854 22234.3387   58  604 17811.2067 26618.4936  49.4%   257  460s
  6309  3859 24198.5897   47  608 17811.2067 26615.9351  49.4%   256  465s
H 6312  3665                    17812.613101 26615.6552  49.4%   256  469s
  6313  3666 21900.0166   66  592 17812.6131 26615.6552  49.4%   256  470s
  6316  3668 17812.6131  248  616 17812.6131 26614.5037  49.4%   256  475s
  6320  3671 26493.5433    9  562 17812.6131 26614.3388  49.4%   256  481s
  6323  3673 25519.1569   31  587 17812.6131 26614.2385  49.4%   256  485s
  6329  3677 23433.5142   38  567 17812.6131 26613.9733  49.4%   256  490s
  6334  3680 23804.9298  120  549 17812.6131 26613.8331  49.4%   255  495s
  6337  3682 19965.5277  144  547 17812.6131 26613.6103  49.4%   255  501s
  6340  3684 21350.2829  129  594 17812.6131 26613.2900  49.4%   255  505s
  6344  3687 21328.4369  173  578 17812.6131 26613.2496  49.4%   255  510s
  6349  3690 24898.8254   77  597 17812.6131 26613.2143  49.4%   255  516s
  6351  3691 20833.0281   95  554 17812.6131 26613.1900  49.4%   255  521s
  6352  3692 24386.0363   53  563 17812.6131 26613.1525  49.4%   255  525s
  6355  3694 23967.3729   46  553 17812.6131 26613.1525  49.4%   255  531s
  6361  3699 17812.6131  145  543 17812.6131 26613.1525  49.4%   333  542s
  6363  3701 17812.6131  156  517 17812.6131 26613.1525  49.4%   333  545s
  6375  3709 22715.3293  120  446 17812.6131 26610.4285  49.4%   332  550s
  6382  3713 18201.2259  227  479 17812.6131 26609.1372  49.4%   332  555s
  6390  3719 20245.8880  134  479 17812.6131 26608.7434  49.4%   332  560s
  6393  3721 24497.8628   33  511 17812.6131 26608.6758  49.4%   331  565s
  6396  3723 22582.7368   97  523 17812.6131 26608.6252  49.4%   331  571s
  6398  3724 26060.5312   18  514 17812.6131 26608.5709  49.4%   331  575s
  6401  3726 22234.3387   58  474 17812.6131 26608.5004  49.4%   331  591s
  6402  3727 22302.9228   51  538 17812.6131 26608.4756  49.4%   331  601s
H 6403  3539                    17866.803432 26608.4756  48.9%   331  607s
  6405  3541 24105.0148  145  520 17866.8034 26608.4342  48.9%   331  610s
  6409  3543 24198.5897   47  505 17866.8034 26608.4092  48.9%   331  615s
  6412  3545 21661.3902   65  551 17866.8034 26608.3978  48.9%   330  621s
  6414  3547 23807.4460   71  546 17866.8034 26608.3431  48.9%   330  625s
  6419  3550 25979.7335   25  543 17866.8034 26608.2512  48.9%   330  631s
  6422  3552 23707.5243   57  532 17866.8034 26608.1791  48.9%   330  635s
  6428  3556 18197.5063  239  589 17866.8034 26608.1076  48.9%   330  640s
  6437  3562 19965.5277  144  576 17866.8034 26607.9652  48.9%   329  645s
  6443  3566 20849.2046  131  550 17866.8034 26607.8571  48.9%   329  650s
  6448  3569 19627.7225   87  563 17866.8034 26607.8144  48.9%   329  655s
  6454  3574 23576.0102  124  543 17866.8034 26607.8135  48.9%   355  667s
  6455  3575 23967.3729   46  500 17866.8034 26607.8135  48.9%   355  670s
  6464  3581 21030.6916   86  445 17866.8034 26607.8023  48.9%   355  675s
  6468  3584 24738.0186   81  476 17866.8034 26607.7348  48.9%   355  680s
  6474  3588 25490.4765   25  495 17866.8034 26607.7099  48.9%   354  686s
  6477  3590 20242.8160  143  496 17866.8034 26607.6991  48.9%   354  691s
  6479  3591 17866.8034  173  472 17866.8034 26607.6985  48.9%   354  695s
  6481  3592 23932.3079  105  510 17866.8034 26607.6985  48.9%   354  713s
  6482  3593 18201.2259  227  497 17866.8034 26607.6897  48.9%   354  725s
  6487  3598 25142.2035   26  857 17866.8034 26607.6732  48.9%   363  731s
  6489  3599 23639.6499   18  543 17866.8034 26607.6732  48.9%   362  740s
  6500  3607 23733.0394  121  387 17866.8034 26607.6732  48.9%   362  746s
  6505  3610 24105.0148  145  478 17866.8034 26607.5772  48.9%   362  750s
  6512  3615 21661.3902   65  482 17866.8034 26607.4592  48.9%   361  755s
  6515  3617 25482.0763   55  469 17866.8034 26607.4523  48.9%   361  761s
  6517  3618 22582.7368   99  495 17866.8034 26607.4469  48.9%   361  765s
  6519  3619 25979.7335   25  493 17866.8034 26607.3951  48.9%   361  770s
  6523  3622 25519.1569   31  470 17866.8034 26606.9315  48.9%   361  786s
  6524  3623 23216.6650   83  509 17866.8034 26606.8291  48.9%   361  793s
  6525  3623 24350.6571   97  523 17866.8034 26606.8291  48.9%   360  795s
H 6525  3441                    18057.993479 26606.8291  47.3%   360  799s
  6527  3443 22616.6915  130  510 18057.9935 26606.4190  47.3%   360  801s
  6529  3444 23433.5142   38  514 18057.9935 26605.8989  47.3%   360  805s
  6531  3445 21541.5862   53  520 18057.9935 26605.8930  47.3%   360  813s
H 6531  3272                    18156.545301 26605.8918  46.5%   360  814s
H 6531  3107                    18343.659924 26605.8918  45.0%   360  814s
  6532  3108 24137.4044   54  550 18343.6599 26605.8918  45.0%   360  815s
H 6532  2952                    18352.776237 26605.8918  45.0%   360  818s
H 6533  2805                    18390.030393 26604.3553  44.7%   360  820s
H 6534  2664                    18643.579734 26604.3553  42.7%   360  825s
H 6534  2530                    18726.417498 26604.3553  42.1%   360  825s
H 6535  2403                    18754.885370 26604.3465  41.9%   360  826s
H 6535  2282                    18801.867594 26604.3465  41.5%   360  828s
  6537  2283 19965.5277  144  498 18801.8676 26604.3406  41.5%   360  832s
  6539  2285 23897.7247   68  544 18801.8676 26604.3172  41.5%   360  835s
  6544  2288 21328.4369  173  513 18801.8676 26604.2901  41.5%   359  840s
  6549  2292 24898.8254   77  543 18801.8676 26604.2901  41.5%   377  850s
  6558  2298 25496.4837   52  414 18801.8676 26604.2901  41.5%   377  856s
  6562  2301 22749.2260   94  466 18801.8676 26604.1200  41.5%   377  861s
  6568  2305 24738.0186   81  470 18801.8676 26603.9698  41.5%   376  865s
  6574  2309 25490.4765   25  497 18801.8676 26602.7673  41.5%   376  871s
  6577  2311 20242.8160  143  475 18801.8676 26601.7031  41.5%   376  875s
  6584  2316 21726.4572   60  506 18801.8676 26600.1332  41.5%   375  881s
  6585  2316 25703.2314   40  527 18801.8676 26600.0763  41.5%   375  891s
  6588  2318 23586.0530   76  517 18801.8676 26600.0349  41.5%   375  895s
  6594  2322 24746.0067   74  519 18801.8676 26599.9553  41.5%   375  901s
  6596  2324 22582.7368   97  515 18801.8676 26599.9553  41.5%   375  906s
  6599  2326 18896.3295  103  556 18801.8676 26599.8616  41.5%   374  910s
  6603  2328 20498.5950  108  533 18801.8676 26599.8200  41.5%   374  916s
  6607  2331 19906.1975  104  562 18801.8676 26599.7530  41.5%   374  920s
  6612  2334 21661.3902   65  596 18801.8676 26599.4306  41.5%   374  925s
  6620  2340 26493.5433    9  526 18801.8676 26599.2550  41.5%   373  930s
  6625  2343 24350.6571   97  523 18801.8676 26599.2305  41.5%   373  935s
  6629  2346 23433.5142   38  553 18801.8676 26599.1110  41.5%   373  940s
  6634  2349 23804.9298  120  580 18801.8676 26599.0057  41.5%   372  945s
  6638  2352 24409.7203   91  558 18801.8676 26598.7364  41.5%   372  950s
  6643  2355 20849.2046  131  534 18801.8676 26598.6874  41.5%   372  957s
  6645  2356 25928.2638   26  541 18801.8676 26598.6705  41.5%   372  960s
H 6645  2236                    18909.082510 26598.6704  40.7%   372  961s
  6647  2238 22563.4798   78  516 18909.0825 26598.6700  40.7%   372  965s
  6652  2242 24386.0363   53  857 18909.0825 26598.6675  40.7%   403  972s
  6654  2243 23576.0102  124  543 18909.0825 26598.6675  40.7%   403  982s
  6655  2244 23967.3729   46  528 18909.0825 26598.6675  40.7%   403  985s
  6664  2250 21030.6916   86  432 18909.0825 26598.6588  40.7%   402  990s
  6669  2253 26598.6573   16  504 18909.0825 26598.6573  40.7%   402  995s
  6678  2259 23511.3799   95  542 18909.0825 26598.5431  40.7%   401 1000s
  6690  2267 20245.8880  134  480 18909.0825 26598.2118  40.7%   400 1005s
  6698  2273 26060.5312   18  482 18909.0825 26598.1176  40.7%   400 1010s
  6701  2275 22234.3387   58  476 18909.0825 26598.1089  40.7%   400 1027s
  6702  2275 22302.9228   51  498 18909.0825 26598.1062  40.7%   400 1038s
  6703  2276 20498.5950  108  499 18909.0825 26598.1009  40.7%   400 1041s
  6708  2280 25887.3055   32  543 18909.0825 26598.1009  40.7%   411 1053s
  6709  2281 24198.5897   47  507 18909.0825 26598.1009  40.7%   411 1057s
  6719  2288 25979.7335   25  422 18909.0825 26598.0999  40.7%   410 1060s
  6728  2294 18909.0825  239  479 18909.0825 26598.0336  40.7%   410 1065s
  6736  2299 22049.7716  164  524 18909.0825 26598.0264  40.7%   409 1070s
  6742  2304 19960.2609   55  543 18909.0825 26598.0264  40.7%   416 1084s
  6743  2305 20849.2046  131  602 18909.0825 26598.0264  40.7%   416 1087s
  6752  2311 24386.0363   53  409 18909.0825 26598.0264  40.7%   415 1090s
  6760  2316 25477.1621   52  508 18909.0825 26598.0033  40.7%   415 1095s
  6770  2323 22576.2568  104  509 18909.0825 26597.8819  40.7%   414 1100s
  6779  2330 18909.0825  173  543 18909.0825 26597.8362  40.7%   422 1115s
  6787  2336 25142.2035   26  364 18909.0825 26597.8362  40.7%   421 1120s
  6795  2341 24782.9392   67  447 18909.0825 26597.8056  40.7%   421 1125s
  6804  2347 24755.2306   28  510 18909.0825 26597.7682  40.7%   420 1130s
  6811  2353 25245.5978   40  543 18909.0825 26597.7626  40.7%   426 1145s
  6817  2357 22582.7368   99  363 18909.0825 26597.7626  40.7%   426 1150s
  6828  2365 18909.0825  239  471 18909.0825 26597.7443  40.7%   425 1155s
  6839  2372 23897.7247   68  491 18909.0825 26597.7174  40.7%   425 1160s
  6847  2379 22563.4798   78  857 18909.0825 26597.6888  40.7%   432 1165s
  6849  2380 24898.8254   77  543 18909.0825 26597.6888  40.7%   432 1176s
  6854  2384 23576.0102  124  463 18909.0825 26597.6888  40.7%   431 1180s
  6863  2390 18909.0825  156  441 18909.0825 26597.5236  40.7%   431 1185s
  6874  2397 25490.4765   25  493 18909.0825 26597.2866  40.7%   430 1190s
  6884  2404 21726.4572   60  526 18909.0825 26596.9343  40.7%   429 1195s
  6895  2411 24782.9392   67  467 18909.0825 26595.5465  40.6%   429 1200s
  6905  2418 24105.0148  145  466 18909.0825 26594.7661  40.6%   428 1219s
  6906  2418 24425.5414   57  438 18909.0825 26594.6065  40.6%   428 1234s
  6910  2421 23906.1649   72  510 18909.0825 26594.5312  40.6%   428 1235s
  6923  2430 25519.1569   31  522 18909.0825 26593.8645  40.6%   427 1240s
  6933  2436 24911.7937   51  490 18909.0825 26593.7540  40.6%   426 1245s
  6938  2440 24409.7203   91  489 18909.0825 26593.6651  40.6%   426 1250s
  6942  2442 19960.2609   55  525 18909.0825 26593.6558  40.6%   426 1255s
  6946  2446 20298.8248  140  857 18909.0825 26593.6558  40.6%   446 1260s
  6948  2447 19627.7225   87  543 18909.0825 26593.6558  40.6%   446 1272s
  6949  2448 24898.8254   77  573 18909.0825 26593.6558  40.6%   446 1275s
  6962  2457 22749.2260   94  476 18909.0825 26593.4165  40.6%   445 1280s
  6970  2462 22576.2568  104  453 18909.0825 26593.2380  40.6%   445 1285s
  6983  2471 18909.0825  106  480 18909.0825 26592.7041  40.6%   444 1290s
  6993  2477 24497.8628   33  512 18909.0825 26592.5751  40.6%   443 1295s
  7000  2482 23733.0394  121  491 18909.0825 26592.5477  40.6%   443 1301s
  7004  2486 24755.2306   28  857 18909.0825 26592.5276  40.6%   453 1305s
  7006  2487 24425.5414   57  543 18909.0825 26592.5276  40.6%   453 1317s
  7007  2488 19906.1975  104  507 18909.0825 26592.5276  40.6%   453 1320s
  7018  2495 23551.3216   37  465 18909.0825 26592.4039  40.6%   453 1325s
  7030  2503 21726.4572   60  487 18909.0825 26591.6406  40.6%   452 1330s
  7040  2510 21350.2829  129  494 18909.0825 26591.4067  40.6%   451 1335s
  7049  2516 24898.8254   77  501 18909.0825 26591.2902  40.6%   451 1341s
  7057  2521 20692.3522   82  465 18909.0825 26589.8214  40.6%   450 1345s
  7068  2529 24738.0186   81  576 18909.0825 26588.9777  40.6%   449 1350s
  7069  2529 26588.8048   16  485 18909.0825 26588.8048  40.6%   449 1361s
H 7069  2401                    18998.844724 26588.8048  39.9%   449 1370s
H 7069  2280                    19050.924141 26588.8048  39.6%   449 1370s
  7077  2286 20242.8160  143  540 19050.9241 26588.1689  39.6%   449 1375s
  7088  2293 23586.0530   76  460 19050.9241 26586.4442  39.6%   448 1380s
  7099  2300 19050.9241  103  475 19050.9241 26585.7600  39.6%   447 1386s
  7106  2305 24425.5414   57  470 19050.9241 26585.4934  39.5%   447 1391s
  7112  2309 21661.3902   65  452 19050.9241 26585.2370  39.5%   447 1396s
  7115  2311 25482.0763   55  419 19050.9241 26585.1961  39.5%   446 1400s
  7124  2317 23216.6650   83  539 19050.9241 26584.5942  39.5%   446 1405s
  7132  2322 24137.4044   54  457 19050.9241 26584.4406  39.5%   445 1410s
  7138  2326 24409.7203   91  462 19050.9241 26584.3622  39.5%   445 1415s
  7144  2330 21328.4369  173  508 19050.9241 26584.3190  39.5%   445 1420s
  7150  2336 21781.3770  152  857 19050.9241 26584.3184  39.5%   475 1427s
  7152  2337 24386.0363   53  543 19050.9241 26584.3184  39.5%   475 1440s
  7157  2341 20692.3522   82  425 19050.9241 26584.3184  39.5%   474 1445s
  7163  2345 19050.9241  156  405 19050.9241 26584.3091  39.5%   474 1450s
  7169  2349 26583.7898   16  374 19050.9241 26583.7898  39.5%   474 1455s
  7179  2355 19050.9241  173  398 19050.9241 26582.8671  39.5%   473 1460s
  7192  2364 19050.9241  101  400 19050.9241 26581.8970  39.5%   472 1465s
  7202  2371 22302.9228   51  449 19050.9241 26581.2884  39.5%   471 1470s
  7206  2373 24425.5414   57  433 19050.9241 26581.2387  39.5%   471 1484s
  7207  2374 19906.1975  104  430 19050.9241 26581.2285  39.5%   471 1493s
  7208  2375 25887.3055   32  465 19050.9241 26581.2265  39.5%   471 1495s
  7214  2379 23807.4460   71  438 19050.9241 26581.0795  39.5%   471 1500s
  7221  2383 25776.7582   42  455 19050.9241 26580.8637  39.5%   470 1505s
  7228  2388 19050.9241  239  415 19050.9241 26580.4649  39.5%   470 1512s
  7233  2391 24911.7937   51  507 19050.9241 26580.0924  39.5%   469 1515s
  7240  2396 21350.2829  129  553 19050.9241 26579.0010  39.5%   469 1520s
  7243  2398 20849.2046  131  494 19050.9241 26578.9287  39.5%   469 1526s
  7249  2402 24898.8254   77  498 19050.9241 26578.7096  39.5%   468 1530s
H 7252  2282                    19097.036920 26578.6462  39.2%   468 1534s
  7254  2283 23576.0102  124  495 19097.0369 26578.6183  39.2%   468 1537s
  7259  2287 19556.5971  212  444 19097.0369 26578.5814  39.2%   468 1540s
  7263  2289 19097.0369  156  496 19097.0369 26578.5625  39.2%   467 1545s
  7267  2293 22715.3293  120  857 19097.0369 26578.5443  39.2%   491 1553s
  7269  2294 26578.5443   16  543 19097.0369 26578.5443  39.2%   491 1568s
  7270  2295 22576.2568  104  506 19097.0369 26578.5443  39.2%   491 1572s
  7279  2301 19097.0369  173  353 19097.0369 26578.5443  39.2%   490 1577s
  7281  2302 23932.3079  105  366 19097.0369 26578.4770  39.2%   490 1580s
  7290  2308 20245.8880  134  466 19097.0369 26578.3173  39.2%   490 1585s
  7295  2312 24782.9392   67  462 19097.0369 26578.3167  39.2%   489 1590s
  7302  2318 22302.9228   51  857 19097.0369 26578.3167  39.2%   496 1598s
  7304  2319 24755.2306   28  543 19097.0369 26578.3167  39.2%   496 1614s
  7305  2320 24105.0148  145  552 19097.0369 26578.3167  39.2%   496 1618s
  7311  2324 25245.5978   40  350 19097.0369 26578.3167  39.2%   496 1621s
  7319  2329 25979.7335   25  427 19097.0369 26578.2210  39.2%   495 1625s
  7326  2334 22308.4712  132  452 19097.0369 26578.1540  39.2%   495 1630s
  7331  2337 21541.5862   53  479 19097.0369 26578.1522  39.2%   494 1635s
  7336  2342 22049.7716  164  543 19097.0369 26578.1522  39.2%   501 1655s
  7344  2348 21328.4369  173  381 19097.0369 26578.1522  39.2%   500 1660s
  7351  2352 20833.0281   95  406 19097.0369 26578.1281  39.2%   500 1665s
  7357  2356 20692.3522   82  464 19097.0369 26578.1046  39.2%   499 1670s
  7363  2360 19097.0369  156  430 19097.0369 26577.7985  39.2%   499 1675s
  7367  2363 22715.3293  120  465 19097.0369 26577.7981  39.2%   499 1680s
  7371  2366 24545.6502   69  453 19097.0369 26577.7981  39.2%   498 1698s
  7372  2366 25512.6769   40  477 19097.0369 26577.7981  39.2%   498 1711s
  7376  2370 19097.0369  144  857 19097.0369 26577.7981  39.2%   508 1717s
  7378  2371 23511.3799   95  543 19097.0369 26577.7981  39.2%   508 1734s
  7379  2372 19097.0369  173  505 19097.0369 26577.7981  39.2%   507 1737s
  7389  2379 23639.6499   18  355 19097.0369 26577.7981  39.2%   507 1742s
  7393  2381 24497.8628   33  459 19097.0369 26577.7909  39.2%   507 1745s
  7399  2385 19097.0369  103  479 19097.0369 26577.7909  39.2%   506 1750s
  7404  2389 24755.2306   28  457 19097.0369 26577.7909  39.2%   506 1755s
  7409  2393 24198.5897   47  857 19097.0369 26577.7909  39.2%   512 1762s
  7411  2394 25245.5978   40  543 19097.0369 26577.7909  39.2%   512 1779s
  7412  2395 21661.3902   65  497 19097.0369 26577.7909  39.2%   512 1783s
  7420  2400 26493.5433    9  364 19097.0369 26577.7909  39.2%   512 1787s
  7425  2404 24350.6571   97  423 19097.0369 26577.7869  39.2%   511 1790s
  7432  2408 24137.4044   54  436 19097.0369 26577.7789  39.2%   511 1795s

Cutting planes:
  Learned: 8
  Gomory: 48
  Lift-and-project: 20
  Cover: 57
  MIR: 481
  StrongCG: 2
  Flow cover: 414
  Relax-and-lift: 5

Explored 7436 nodes (3909680 simplex iterations) in 1800.24 seconds (1662.00 work units)
Thread count was 20 (of 20 available processors)

Solution count 10: 19097 19050.9 18998.8 ... 18352.8

Time limit reached
Best objective 1.909703692011e+04, best bound 2.657775335748e+04, gap 39.1721%
