05/04/2026 09:44:43 AM INFO mip_v1 - setup_solver_logging: ================================================================================
05/04/2026 09:44:43 AM INFO mip_v1 - setup_solver_logging: Logging started. Log file: D:\Project_Code\Paper\DP_LBBD_1\DP_lbbd\Algorithm\Results\mip_v1\xlarge\exp_10f_80j_seed3\log\exp_10f_80j_seed3_running.log
05/04/2026 09:44:44 AM INFO mip_v1 - print: BigM calculated: 161.6
05/04/2026 09:44:44 AM INFO mip_v1 - print: Adding variables...
05/04/2026 09:44:44 AM INFO mip_v1 - print: Total variables: 244240
05/04/2026 09:44:44 AM INFO mip_v1 - print: Adding constraints...
05/04/2026 09:44:54 AM INFO mip_v1 - print: Total constraints: 488841
05/04/2026 09:44:54 AM INFO mip_v1 - print: Setting objective function...
05/04/2026 09:44:56 AM INFO mip_v1 - print: 
05/04/2026 09:44:56 AM INFO mip_v1 - print: ✓ Model LP written to: D:\Project_Code\Paper\DP_LBBD_1\DP_lbbd\Algorithm\MIP\production_model.lp
05/04/2026 09:44:56 AM INFO mip_v1 - print: 
05/04/2026 09:44:56 AM INFO mip_v1 - print: ============================================================
05/04/2026 09:44:56 AM INFO mip_v1 - print: Starting optimization...
05/04/2026 09:44:56 AM INFO mip_v1 - print: ============================================================
05/04/2026 09:44:56 AM INFO mip_v1 - print: Gurobi native log file: D:\Project_Code\Paper\DP_LBBD_1\DP_lbbd\Algorithm\Results\mip_v1\xlarge\exp_10f_80j_seed3\log\exp_10f_80j_seed3_gurobi.log
05/04/2026 10:45:30 AM INFO mip_v1 - print: 
05/04/2026 10:45:30 AM INFO mip_v1 - print: ============================================================
05/04/2026 10:45:30 AM INFO mip_v1 - print: SOLUTION SUMMARY
05/04/2026 10:45:30 AM INFO mip_v1 - print: ============================================================
05/04/2026 10:45:30 AM INFO mip_v1 - print: ⚠ Time limit reached, best solution found:
05/04/2026 10:45:30 AM INFO mip_v1 - print: 
05/04/2026 10:45:30 AM INFO mip_v1 - print: Objective Value (Total Profit): 29401.18
05/04/2026 10:45:30 AM INFO mip_v1 - print: MIP Gap: 10.91%
05/04/2026 10:45:30 AM INFO mip_v1 - print: 
05/04/2026 10:45:30 AM INFO mip_v1 - print: 📋 Accepted Orders (73/80): [1, 2, 3, 4, 5, 6, 7, 8, 9, 11, 12, 13, 14, 15, 16, 17, 18, 19, 20, 21, 22, 23, 24, 25, 26, 27, 28, 29, 30, 31, 32, 34, 35, 36, 37, 38, 39, 40, 41, 42, 43, 44, 45, 46, 47, 48, 50, 51, 52, 53, 54, 55, 56, 57, 58, 59, 60, 61, 62, 63, 64, 65, 66, 67, 68, 69, 70, 71, 72, 74, 75, 78, 80]
05/04/2026 10:45:30 AM INFO mip_v1 - print: 
05/04/2026 10:45:30 AM INFO mip_v1 - print: ------------------------------------------------------------
05/04/2026 10:45:30 AM INFO mip_v1 - print: ORDER ALLOCATION DETAILS
05/04/2026 10:45:30 AM INFO mip_v1 - print: ------------------------------------------------------------
05/04/2026 10:45:30 AM INFO mip_v1 - print: 
05/04/2026 10:45:30 AM INFO mip_v1 - print: Order 1 → Factory 6
05/04/2026 10:45:30 AM INFO mip_v1 - print:   Machine 1: completion time = 14.49
05/04/2026 10:45:30 AM INFO mip_v1 - print:   Machine 2: completion time = 21.41
05/04/2026 10:45:30 AM INFO mip_v1 - print:   Machine 3: completion time = 28.78
05/04/2026 10:45:30 AM INFO mip_v1 - print:   Delivery: 31.48 (Deadline: 48.70, Delay: 0.00)
05/04/2026 10:45:30 AM INFO mip_v1 - print: 
05/04/2026 10:45:30 AM INFO mip_v1 - print: Order 2 → Factory 6
05/04/2026 10:45:30 AM INFO mip_v1 - print:   Machine 1: completion time = 89.43
05/04/2026 10:45:30 AM INFO mip_v1 - print:   Machine 2: completion time = 95.86
05/04/2026 10:45:30 AM INFO mip_v1 - print:   Machine 3: completion time = 105.35
05/04/2026 10:45:30 AM INFO mip_v1 - print:   Delivery: 109.25 (Deadline: 108.00, Delay: 1.25)
05/04/2026 10:45:30 AM INFO mip_v1 - print: 
05/04/2026 10:45:30 AM INFO mip_v1 - print: Order 3 → Factory 5
05/04/2026 10:45:30 AM INFO mip_v1 - print:   Machine 1: completion time = 9.32
05/04/2026 10:45:30 AM INFO mip_v1 - print:   Machine 2: completion time = 17.47
05/04/2026 10:45:30 AM INFO mip_v1 - print:   Machine 3: completion time = 31.11
05/04/2026 10:45:30 AM INFO mip_v1 - print:   Delivery: 32.51 (Deadline: 51.90, Delay: 0.00)
05/04/2026 10:45:30 AM INFO mip_v1 - print: 
05/04/2026 10:45:30 AM INFO mip_v1 - print: Order 4 → Factory 2
05/04/2026 10:45:30 AM INFO mip_v1 - print:   Machine 1: completion time = 35.08
05/04/2026 10:45:30 AM INFO mip_v1 - print:   Machine 2: completion time = 50.46
05/04/2026 10:45:30 AM INFO mip_v1 - print:   Machine 3: completion time = 66.84
05/04/2026 10:45:30 AM INFO mip_v1 - print:   Delivery: 67.34 (Deadline: 79.90, Delay: 0.00)
05/04/2026 10:45:30 AM INFO mip_v1 - print: 
05/04/2026 10:45:30 AM INFO mip_v1 - print: Order 5 → Factory 8
05/04/2026 10:45:30 AM INFO mip_v1 - print:   Machine 1: completion time = 50.33
05/04/2026 10:45:30 AM INFO mip_v1 - print:   Machine 2: completion time = 59.48
05/04/2026 10:45:30 AM INFO mip_v1 - print:   Machine 3: completion time = 69.16
05/04/2026 10:45:30 AM INFO mip_v1 - print:   Machine 4: completion time = 77.39
05/04/2026 10:45:30 AM INFO mip_v1 - print:   Delivery: 80.49 (Deadline: 95.80, Delay: 0.00)
05/04/2026 10:45:30 AM INFO mip_v1 - print: 
05/04/2026 10:45:30 AM INFO mip_v1 - print: Order 6 → Factory 5
05/04/2026 10:45:30 AM INFO mip_v1 - print:   Machine 1: completion time = 65.60
05/04/2026 10:45:30 AM INFO mip_v1 - print:   Machine 2: completion time = 78.39
05/04/2026 10:45:30 AM INFO mip_v1 - print:   Machine 3: completion time = 90.65
05/04/2026 10:45:30 AM INFO mip_v1 - print:   Delivery: 93.45 (Deadline: 103.40, Delay: 0.00)
05/04/2026 10:45:30 AM INFO mip_v1 - print: 
05/04/2026 10:45:30 AM INFO mip_v1 - print: Order 7 → Factory 8
05/04/2026 10:45:30 AM INFO mip_v1 - print:   Machine 1: completion time = 65.54
05/04/2026 10:45:30 AM INFO mip_v1 - print:   Machine 2: completion time = 74.68
05/04/2026 10:45:30 AM INFO mip_v1 - print:   Machine 3: completion time = 83.26
05/04/2026 10:45:30 AM INFO mip_v1 - print:   Machine 4: completion time = 93.82
05/04/2026 10:45:30 AM INFO mip_v1 - print:   Delivery: 98.02 (Deadline: 104.50, Delay: 0.00)
05/04/2026 10:45:30 AM INFO mip_v1 - print: 
05/04/2026 10:45:30 AM INFO mip_v1 - print: Order 8 → Factory 6
05/04/2026 10:45:30 AM INFO mip_v1 - print:   Machine 1: completion time = 67.40
05/04/2026 10:45:30 AM INFO mip_v1 - print:   Machine 2: completion time = 89.51
05/04/2026 10:45:30 AM INFO mip_v1 - print:   Machine 3: completion time = 98.77
05/04/2026 10:45:30 AM INFO mip_v1 - print:   Delivery: 101.37 (Deadline: 103.30, Delay: 0.00)
05/04/2026 10:45:30 AM INFO mip_v1 - print: 
05/04/2026 10:45:30 AM INFO mip_v1 - print: Order 9 → Factory 5
05/04/2026 10:45:30 AM INFO mip_v1 - print:   Machine 1: completion time = 56.98
05/04/2026 10:45:30 AM INFO mip_v1 - print:   Machine 2: completion time = 69.95
05/04/2026 10:45:30 AM INFO mip_v1 - print:   Machine 3: completion time = 82.03
05/04/2026 10:45:30 AM INFO mip_v1 - print:   Delivery: 86.83 (Deadline: 91.80, Delay: 0.00)
05/04/2026 10:45:30 AM INFO mip_v1 - print: 
05/04/2026 10:45:30 AM INFO mip_v1 - print: Order 11 → Factory 6
05/04/2026 10:45:30 AM INFO mip_v1 - print:   Machine 1: completion time = 50.02
05/04/2026 10:45:30 AM INFO mip_v1 - print:   Machine 2: completion time = 59.61
05/04/2026 10:45:30 AM INFO mip_v1 - print:   Machine 3: completion time = 71.36
05/04/2026 10:45:30 AM INFO mip_v1 - print:   Delivery: 74.06 (Deadline: 95.10, Delay: 0.00)
05/04/2026 10:45:30 AM INFO mip_v1 - print: 
05/04/2026 10:45:30 AM INFO mip_v1 - print: Order 12 → Factory 4
05/04/2026 10:45:30 AM INFO mip_v1 - print:   Machine 1: completion time = 76.56
05/04/2026 10:45:30 AM INFO mip_v1 - print:   Machine 2: completion time = 90.67
05/04/2026 10:45:30 AM INFO mip_v1 - print:   Machine 3: completion time = 105.06
05/04/2026 10:45:30 AM INFO mip_v1 - print:   Delivery: 108.56 (Deadline: 109.60, Delay: 0.00)
05/04/2026 10:45:30 AM INFO mip_v1 - print: 
05/04/2026 10:45:30 AM INFO mip_v1 - print: Order 13 → Factory 8
05/04/2026 10:45:30 AM INFO mip_v1 - print:   Machine 1: completion time = 9.57
05/04/2026 10:45:30 AM INFO mip_v1 - print:   Machine 2: completion time = 15.83
05/04/2026 10:45:30 AM INFO mip_v1 - print:   Machine 3: completion time = 21.42
05/04/2026 10:45:30 AM INFO mip_v1 - print:   Machine 4: completion time = 28.26
05/04/2026 10:45:30 AM INFO mip_v1 - print:   Delivery: 28.96 (Deadline: 55.20, Delay: 0.00)
05/04/2026 10:45:30 AM INFO mip_v1 - print: 
05/04/2026 10:45:30 AM INFO mip_v1 - print: Order 14 → Factory 2
05/04/2026 10:45:30 AM INFO mip_v1 - print:   Machine 1: completion time = 83.70
05/04/2026 10:45:30 AM INFO mip_v1 - print:   Machine 2: completion time = 99.08
05/04/2026 10:45:30 AM INFO mip_v1 - print:   Machine 3: completion time = 119.68
05/04/2026 10:45:30 AM INFO mip_v1 - print:   Delivery: 122.88 (Deadline: 126.80, Delay: 0.00)
05/04/2026 10:45:30 AM INFO mip_v1 - print: 
05/04/2026 10:45:30 AM INFO mip_v1 - print: Order 15 → Factory 5
05/04/2026 10:45:30 AM INFO mip_v1 - print:   Machine 1: completion time = 32.44
05/04/2026 10:45:30 AM INFO mip_v1 - print:   Machine 2: completion time = 38.92
05/04/2026 10:45:30 AM INFO mip_v1 - print:   Machine 3: completion time = 51.07
05/04/2026 10:45:30 AM INFO mip_v1 - print:   Delivery: 56.67 (Deadline: 75.80, Delay: 0.00)
05/04/2026 10:45:30 AM INFO mip_v1 - print: 
05/04/2026 10:45:30 AM INFO mip_v1 - print: Order 16 → Factory 1
05/04/2026 10:45:30 AM INFO mip_v1 - print:   Machine 1: completion time = 60.46
05/04/2026 10:45:30 AM INFO mip_v1 - print:   Machine 2: completion time = 67.44
05/04/2026 10:45:30 AM INFO mip_v1 - print:   Machine 3: completion time = 74.94
05/04/2026 10:45:30 AM INFO mip_v1 - print:   Machine 4: completion time = 82.51
05/04/2026 10:45:30 AM INFO mip_v1 - print:   Machine 5: completion time = 90.45
05/04/2026 10:45:30 AM INFO mip_v1 - print:   Delivery: 93.85 (Deadline: 115.10, Delay: 0.00)
05/04/2026 10:45:30 AM INFO mip_v1 - print: 
05/04/2026 10:45:30 AM INFO mip_v1 - print: Order 17 → Factory 4
05/04/2026 10:45:30 AM INFO mip_v1 - print:   Machine 1: completion time = 17.82
05/04/2026 10:45:30 AM INFO mip_v1 - print:   Machine 2: completion time = 29.54
05/04/2026 10:45:30 AM INFO mip_v1 - print:   Machine 3: completion time = 39.98
05/04/2026 10:45:30 AM INFO mip_v1 - print:   Delivery: 43.48 (Deadline: 67.30, Delay: 0.00)
05/04/2026 10:45:30 AM INFO mip_v1 - print: 
05/04/2026 10:45:30 AM INFO mip_v1 - print: Order 18 → Factory 5
05/04/2026 10:45:30 AM INFO mip_v1 - print:   Machine 1: completion time = 81.91
05/04/2026 10:45:30 AM INFO mip_v1 - print:   Machine 2: completion time = 95.70
05/04/2026 10:45:30 AM INFO mip_v1 - print:   Machine 3: completion time = 106.62
05/04/2026 10:45:30 AM INFO mip_v1 - print:   Delivery: 110.22 (Deadline: 119.20, Delay: 0.00)
05/04/2026 10:45:30 AM INFO mip_v1 - print: 
05/04/2026 10:45:30 AM INFO mip_v1 - print: Order 19 → Factory 10
05/04/2026 10:45:30 AM INFO mip_v1 - print:   Machine 1: completion time = 14.54
05/04/2026 10:45:30 AM INFO mip_v1 - print:   Machine 2: completion time = 24.74
05/04/2026 10:45:30 AM INFO mip_v1 - print:   Machine 3: completion time = 34.81
05/04/2026 10:45:30 AM INFO mip_v1 - print:   Machine 4: completion time = 45.37
05/04/2026 10:45:30 AM INFO mip_v1 - print:   Delivery: 46.97 (Deadline: 59.90, Delay: 0.00)
05/04/2026 10:45:30 AM INFO mip_v1 - print: 
05/04/2026 10:45:30 AM INFO mip_v1 - print: Order 20 → Factory 5
05/04/2026 10:45:30 AM INFO mip_v1 - print:   Machine 1: completion time = 45.97
05/04/2026 10:45:30 AM INFO mip_v1 - print:   Machine 2: completion time = 58.68
05/04/2026 10:45:30 AM INFO mip_v1 - print:   Machine 3: completion time = 71.30
05/04/2026 10:45:30 AM INFO mip_v1 - print:   Delivery: 73.10 (Deadline: 92.30, Delay: 0.00)
05/04/2026 10:45:30 AM INFO mip_v1 - print: 
05/04/2026 10:45:30 AM INFO mip_v1 - print: Order 21 → Factory 1
05/04/2026 10:45:30 AM INFO mip_v1 - print:   Machine 1: completion time = 71.03
05/04/2026 10:45:30 AM INFO mip_v1 - print:   Machine 2: completion time = 77.57
05/04/2026 10:45:30 AM INFO mip_v1 - print:   Machine 3: completion time = 84.48
05/04/2026 10:45:30 AM INFO mip_v1 - print:   Machine 4: completion time = 91.01
05/04/2026 10:45:30 AM INFO mip_v1 - print:   Machine 5: completion time = 97.90
05/04/2026 10:45:30 AM INFO mip_v1 - print:   Delivery: 99.80 (Deadline: 99.80, Delay: 0.00)
05/04/2026 10:45:30 AM INFO mip_v1 - print: 
05/04/2026 10:45:30 AM INFO mip_v1 - print: Order 22 → Factory 8
05/04/2026 10:45:30 AM INFO mip_v1 - print:   Machine 1: completion time = 90.30
05/04/2026 10:45:30 AM INFO mip_v1 - print:   Machine 2: completion time = 98.95
05/04/2026 10:45:30 AM INFO mip_v1 - print:   Machine 3: completion time = 106.54
05/04/2026 10:45:30 AM INFO mip_v1 - print:   Machine 4: completion time = 119.64
05/04/2026 10:45:30 AM INFO mip_v1 - print:   Delivery: 125.24 (Deadline: 139.70, Delay: 0.00)
05/04/2026 10:45:30 AM INFO mip_v1 - print: 
05/04/2026 10:45:30 AM INFO mip_v1 - print: Order 23 → Factory 3
05/04/2026 10:45:30 AM INFO mip_v1 - print:   Machine 1: completion time = 21.57
05/04/2026 10:45:30 AM INFO mip_v1 - print:   Machine 2: completion time = 31.40
05/04/2026 10:45:30 AM INFO mip_v1 - print:   Machine 3: completion time = 41.77
05/04/2026 10:45:30 AM INFO mip_v1 - print:   Machine 4: completion time = 52.58
05/04/2026 10:45:30 AM INFO mip_v1 - print:   Delivery: 56.28 (Deadline: 71.70, Delay: 0.00)
05/04/2026 10:45:30 AM INFO mip_v1 - print: 
05/04/2026 10:45:30 AM INFO mip_v1 - print: Order 24 → Factory 6
05/04/2026 10:45:30 AM INFO mip_v1 - print:   Machine 1: completion time = 19.84
05/04/2026 10:45:30 AM INFO mip_v1 - print:   Machine 2: completion time = 26.53
05/04/2026 10:45:30 AM INFO mip_v1 - print:   Machine 3: completion time = 33.64
05/04/2026 10:45:30 AM INFO mip_v1 - print:   Delivery: 38.14 (Deadline: 55.10, Delay: 0.00)
05/04/2026 10:45:30 AM INFO mip_v1 - print: 
05/04/2026 10:45:30 AM INFO mip_v1 - print: Order 25 → Factory 10
05/04/2026 10:45:30 AM INFO mip_v1 - print:   Machine 1: completion time = 55.12
05/04/2026 10:45:30 AM INFO mip_v1 - print:   Machine 2: completion time = 61.68
05/04/2026 10:45:30 AM INFO mip_v1 - print:   Machine 3: completion time = 67.86
05/04/2026 10:45:30 AM INFO mip_v1 - print:   Machine 4: completion time = 79.29
05/04/2026 10:45:30 AM INFO mip_v1 - print:   Delivery: 84.59 (Deadline: 101.10, Delay: 0.00)
05/04/2026 10:45:30 AM INFO mip_v1 - print: 
05/04/2026 10:45:30 AM INFO mip_v1 - print: Order 26 → Factory 2
05/04/2026 10:45:30 AM INFO mip_v1 - print:   Machine 1: completion time = 58.00
05/04/2026 10:45:30 AM INFO mip_v1 - print:   Machine 2: completion time = 68.77
05/04/2026 10:45:30 AM INFO mip_v1 - print:   Machine 3: completion time = 88.13
05/04/2026 10:45:30 AM INFO mip_v1 - print:   Delivery: 91.33 (Deadline: 94.50, Delay: 0.00)
05/04/2026 10:45:30 AM INFO mip_v1 - print: 
05/04/2026 10:45:30 AM INFO mip_v1 - print: Order 27 → Factory 8
05/04/2026 10:45:30 AM INFO mip_v1 - print:   Machine 1: completion time = 59.48
05/04/2026 10:45:30 AM INFO mip_v1 - print:   Machine 2: completion time = 69.16
05/04/2026 10:45:30 AM INFO mip_v1 - print:   Machine 3: completion time = 77.62
05/04/2026 10:45:30 AM INFO mip_v1 - print:   Machine 4: completion time = 87.77
05/04/2026 10:45:30 AM INFO mip_v1 - print:   Delivery: 90.27 (Deadline: 91.20, Delay: 0.00)
05/04/2026 10:45:30 AM INFO mip_v1 - print: 
05/04/2026 10:45:30 AM INFO mip_v1 - print: Order 28 → Factory 5
05/04/2026 10:45:30 AM INFO mip_v1 - print:   Machine 1: completion time = 16.92
05/04/2026 10:45:30 AM INFO mip_v1 - print:   Machine 2: completion time = 23.97
05/04/2026 10:45:30 AM INFO mip_v1 - print:   Machine 3: completion time = 44.64
05/04/2026 10:45:30 AM INFO mip_v1 - print:   Delivery: 48.64 (Deadline: 61.30, Delay: 0.00)
05/04/2026 10:45:30 AM INFO mip_v1 - print: 
05/04/2026 10:45:30 AM INFO mip_v1 - print: Order 29 → Factory 4
05/04/2026 10:45:30 AM INFO mip_v1 - print:   Machine 1: completion time = 47.83
05/04/2026 10:45:30 AM INFO mip_v1 - print:   Machine 2: completion time = 61.66
05/04/2026 10:45:30 AM INFO mip_v1 - print:   Machine 3: completion time = 76.80
05/04/2026 10:45:30 AM INFO mip_v1 - print:   Delivery: 82.30 (Deadline: 82.30, Delay: 0.00)
05/04/2026 10:45:30 AM INFO mip_v1 - print: 
05/04/2026 10:45:30 AM INFO mip_v1 - print: Order 30 → Factory 2
05/04/2026 10:45:30 AM INFO mip_v1 - print:   Machine 1: completion time = 48.36
05/04/2026 10:45:30 AM INFO mip_v1 - print:   Machine 2: completion time = 59.05
05/04/2026 10:45:30 AM INFO mip_v1 - print:   Machine 3: completion time = 76.77
05/04/2026 10:45:30 AM INFO mip_v1 - print:   Delivery: 84.37 (Deadline: 94.10, Delay: 0.00)
05/04/2026 10:45:30 AM INFO mip_v1 - print: 
05/04/2026 10:45:30 AM INFO mip_v1 - print: Order 31 → Factory 4
05/04/2026 10:45:30 AM INFO mip_v1 - print:   Machine 1: completion time = 92.77
05/04/2026 10:45:30 AM INFO mip_v1 - print:   Machine 2: completion time = 105.06
05/04/2026 10:45:30 AM INFO mip_v1 - print:   Machine 3: completion time = 116.40
05/04/2026 10:45:30 AM INFO mip_v1 - print:   Delivery: 120.90 (Deadline: 120.90, Delay: 0.00)
05/04/2026 10:45:30 AM INFO mip_v1 - print: 
05/04/2026 10:45:30 AM INFO mip_v1 - print: Order 32 → Factory 10
05/04/2026 10:45:30 AM INFO mip_v1 - print:   Machine 1: completion time = 35.25
05/04/2026 10:45:30 AM INFO mip_v1 - print:   Machine 2: completion time = 44.56
05/04/2026 10:45:30 AM INFO mip_v1 - print:   Machine 3: completion time = 53.04
05/04/2026 10:45:30 AM INFO mip_v1 - print:   Machine 4: completion time = 62.07
05/04/2026 10:45:30 AM INFO mip_v1 - print:   Delivery: 63.87 (Deadline: 81.10, Delay: 0.00)
05/04/2026 10:45:30 AM INFO mip_v1 - print: 
05/04/2026 10:45:30 AM INFO mip_v1 - print: Order 34 → Factory 6
05/04/2026 10:45:30 AM INFO mip_v1 - print:   Machine 1: completion time = 95.86
05/04/2026 10:45:30 AM INFO mip_v1 - print:   Machine 2: completion time = 102.50
05/04/2026 10:45:30 AM INFO mip_v1 - print:   Machine 3: completion time = 122.29
05/04/2026 10:45:30 AM INFO mip_v1 - print:   Delivery: 123.79 (Deadline: 127.50, Delay: 0.00)
05/04/2026 10:45:30 AM INFO mip_v1 - print: 
05/04/2026 10:45:30 AM INFO mip_v1 - print: Order 35 → Factory 6
05/04/2026 10:45:30 AM INFO mip_v1 - print:   Machine 1: completion time = 59.61
05/04/2026 10:45:30 AM INFO mip_v1 - print:   Machine 2: completion time = 71.36
05/04/2026 10:45:30 AM INFO mip_v1 - print:   Machine 3: completion time = 83.17
05/04/2026 10:45:30 AM INFO mip_v1 - print:   Delivery: 84.67 (Deadline: 85.50, Delay: 0.00)
05/04/2026 10:45:30 AM INFO mip_v1 - print: 
05/04/2026 10:45:30 AM INFO mip_v1 - print: Order 36 → Factory 8
05/04/2026 10:45:30 AM INFO mip_v1 - print:   Machine 1: completion time = 73.71
05/04/2026 10:45:30 AM INFO mip_v1 - print:   Machine 2: completion time = 83.26
05/04/2026 10:45:30 AM INFO mip_v1 - print:   Machine 3: completion time = 90.51
05/04/2026 10:45:30 AM INFO mip_v1 - print:   Machine 4: completion time = 102.68
05/04/2026 10:45:30 AM INFO mip_v1 - print:   Delivery: 106.18 (Deadline: 110.90, Delay: 0.00)
05/04/2026 10:45:30 AM INFO mip_v1 - print: 
05/04/2026 10:45:30 AM INFO mip_v1 - print: Order 37 → Factory 4
05/04/2026 10:45:30 AM INFO mip_v1 - print:   Machine 1: completion time = 58.51
05/04/2026 10:45:30 AM INFO mip_v1 - print:   Machine 2: completion time = 72.17
05/04/2026 10:45:30 AM INFO mip_v1 - print:   Machine 3: completion time = 90.67
05/04/2026 10:45:30 AM INFO mip_v1 - print:   Delivery: 92.47 (Deadline: 102.30, Delay: 0.00)
05/04/2026 10:45:30 AM INFO mip_v1 - print: 
05/04/2026 10:45:30 AM INFO mip_v1 - print: Order 38 → Factory 4
05/04/2026 10:45:30 AM INFO mip_v1 - print:   Machine 1: completion time = 25.40
05/04/2026 10:45:30 AM INFO mip_v1 - print:   Machine 2: completion time = 37.35
05/04/2026 10:45:30 AM INFO mip_v1 - print:   Machine 3: completion time = 47.39
05/04/2026 10:45:30 AM INFO mip_v1 - print:   Delivery: 53.19 (Deadline: 68.50, Delay: 0.00)
05/04/2026 10:45:30 AM INFO mip_v1 - print: 
05/04/2026 10:45:30 AM INFO mip_v1 - print: Order 39 → Factory 6
05/04/2026 10:45:30 AM INFO mip_v1 - print:   Machine 1: completion time = 34.13
05/04/2026 10:45:30 AM INFO mip_v1 - print:   Machine 2: completion time = 42.73
05/04/2026 10:45:30 AM INFO mip_v1 - print:   Machine 3: completion time = 53.55
05/04/2026 10:45:30 AM INFO mip_v1 - print:   Delivery: 55.85 (Deadline: 71.50, Delay: 0.00)
05/04/2026 10:45:30 AM INFO mip_v1 - print: 
05/04/2026 10:45:30 AM INFO mip_v1 - print: Order 40 → Factory 10
05/04/2026 10:45:30 AM INFO mip_v1 - print:   Machine 1: completion time = 46.24
05/04/2026 10:45:30 AM INFO mip_v1 - print:   Machine 2: completion time = 53.38
05/04/2026 10:45:30 AM INFO mip_v1 - print:   Machine 3: completion time = 60.56
05/04/2026 10:45:30 AM INFO mip_v1 - print:   Machine 4: completion time = 73.02
05/04/2026 10:45:30 AM INFO mip_v1 - print:   Delivery: 74.02 (Deadline: 93.80, Delay: 0.00)
05/04/2026 10:45:30 AM INFO mip_v1 - print: 
05/04/2026 10:45:30 AM INFO mip_v1 - print: Order 41 → Factory 3
05/04/2026 10:45:30 AM INFO mip_v1 - print:   Machine 1: completion time = 48.13
05/04/2026 10:45:30 AM INFO mip_v1 - print:   Machine 2: completion time = 60.48
05/04/2026 10:45:30 AM INFO mip_v1 - print:   Machine 3: completion time = 92.98
05/04/2026 10:45:30 AM INFO mip_v1 - print:   Machine 4: completion time = 106.80
05/04/2026 10:45:30 AM INFO mip_v1 - print:   Delivery: 107.60 (Deadline: 107.60, Delay: 0.00)
05/04/2026 10:45:30 AM INFO mip_v1 - print: 
05/04/2026 10:45:30 AM INFO mip_v1 - print: Order 42 → Factory 1
05/04/2026 10:45:30 AM INFO mip_v1 - print:   Machine 1: completion time = 98.45
05/04/2026 10:45:30 AM INFO mip_v1 - print:   Machine 2: completion time = 106.66
05/04/2026 10:45:30 AM INFO mip_v1 - print:   Machine 3: completion time = 114.82
05/04/2026 10:45:30 AM INFO mip_v1 - print:   Machine 4: completion time = 123.40
05/04/2026 10:45:30 AM INFO mip_v1 - print:   Machine 5: completion time = 134.90
05/04/2026 10:45:30 AM INFO mip_v1 - print:   Delivery: 136.30 (Deadline: 145.20, Delay: 0.00)
05/04/2026 10:45:30 AM INFO mip_v1 - print: 
05/04/2026 10:45:30 AM INFO mip_v1 - print: Order 43 → Factory 8
05/04/2026 10:45:30 AM INFO mip_v1 - print:   Machine 1: completion time = 28.73
05/04/2026 10:45:30 AM INFO mip_v1 - print:   Machine 2: completion time = 35.33
05/04/2026 10:45:30 AM INFO mip_v1 - print:   Machine 3: completion time = 46.96
05/04/2026 10:45:30 AM INFO mip_v1 - print:   Machine 4: completion time = 55.40
05/04/2026 10:45:30 AM INFO mip_v1 - print:   Delivery: 58.40 (Deadline: 78.30, Delay: 0.00)
05/04/2026 10:45:30 AM INFO mip_v1 - print: 
05/04/2026 10:45:30 AM INFO mip_v1 - print: Order 44 → Factory 10
05/04/2026 10:45:30 AM INFO mip_v1 - print:   Machine 1: completion time = 85.27
05/04/2026 10:45:30 AM INFO mip_v1 - print:   Machine 2: completion time = 93.03
05/04/2026 10:45:30 AM INFO mip_v1 - print:   Machine 3: completion time = 101.99
05/04/2026 10:45:30 AM INFO mip_v1 - print:   Machine 4: completion time = 109.61
05/04/2026 10:45:30 AM INFO mip_v1 - print:   Delivery: 111.41 (Deadline: 111.20, Delay: 0.21)
05/04/2026 10:45:30 AM INFO mip_v1 - print: 
05/04/2026 10:45:30 AM INFO mip_v1 - print: Order 45 → Factory 10
05/04/2026 10:45:30 AM INFO mip_v1 - print:   Machine 1: completion time = 110.58
05/04/2026 10:45:30 AM INFO mip_v1 - print:   Machine 2: completion time = 118.75
05/04/2026 10:45:30 AM INFO mip_v1 - print:   Machine 3: completion time = 126.66
05/04/2026 10:45:30 AM INFO mip_v1 - print:   Machine 4: completion time = 135.00
05/04/2026 10:45:30 AM INFO mip_v1 - print:   Delivery: 138.40 (Deadline: 138.40, Delay: 0.00)
05/04/2026 10:45:30 AM INFO mip_v1 - print: 
05/04/2026 10:45:30 AM INFO mip_v1 - print: Order 46 → Factory 3
05/04/2026 10:45:30 AM INFO mip_v1 - print:   Machine 1: completion time = 66.50
05/04/2026 10:45:30 AM INFO mip_v1 - print:   Machine 2: completion time = 72.39
05/04/2026 10:45:30 AM INFO mip_v1 - print:   Machine 3: completion time = 81.15
05/04/2026 10:45:30 AM INFO mip_v1 - print:   Machine 4: completion time = 92.98
05/04/2026 10:45:30 AM INFO mip_v1 - print:   Delivery: 98.58 (Deadline: 100.80, Delay: 0.00)
05/04/2026 10:45:30 AM INFO mip_v1 - print: 
05/04/2026 10:45:30 AM INFO mip_v1 - print: Order 47 → Factory 2
05/04/2026 10:45:30 AM INFO mip_v1 - print:   Machine 1: completion time = 71.51
05/04/2026 10:45:30 AM INFO mip_v1 - print:   Machine 2: completion time = 86.64
05/04/2026 10:45:30 AM INFO mip_v1 - print:   Machine 3: completion time = 105.10
05/04/2026 10:45:30 AM INFO mip_v1 - print:   Delivery: 105.50 (Deadline: 106.50, Delay: 0.00)
05/04/2026 10:45:30 AM INFO mip_v1 - print: 
05/04/2026 10:45:30 AM INFO mip_v1 - print: Order 48 → Factory 6
05/04/2026 10:45:30 AM INFO mip_v1 - print:   Machine 1: completion time = 41.37
05/04/2026 10:45:30 AM INFO mip_v1 - print:   Machine 2: completion time = 50.46
05/04/2026 10:45:30 AM INFO mip_v1 - print:   Machine 3: completion time = 61.95
05/04/2026 10:45:30 AM INFO mip_v1 - print:   Delivery: 64.35 (Deadline: 93.90, Delay: 0.00)
05/04/2026 10:45:30 AM INFO mip_v1 - print: 
05/04/2026 10:45:30 AM INFO mip_v1 - print: Order 50 → Factory 6
05/04/2026 10:45:30 AM INFO mip_v1 - print:   Machine 1: completion time = 101.21
05/04/2026 10:45:30 AM INFO mip_v1 - print:   Machine 2: completion time = 108.65
05/04/2026 10:45:30 AM INFO mip_v1 - print:   Machine 3: completion time = 115.35
05/04/2026 10:45:30 AM INFO mip_v1 - print:   Delivery: 117.45 (Deadline: 130.90, Delay: 0.00)
05/04/2026 10:45:30 AM INFO mip_v1 - print: 
05/04/2026 10:45:30 AM INFO mip_v1 - print: Order 51 → Factory 10
05/04/2026 10:45:30 AM INFO mip_v1 - print:   Machine 1: completion time = 77.36
05/04/2026 10:45:30 AM INFO mip_v1 - print:   Machine 2: completion time = 85.73
05/04/2026 10:45:30 AM INFO mip_v1 - print:   Machine 3: completion time = 93.25
05/04/2026 10:45:30 AM INFO mip_v1 - print:   Machine 4: completion time = 101.99
05/04/2026 10:45:30 AM INFO mip_v1 - print:   Delivery: 104.69 (Deadline: 106.70, Delay: 0.00)
05/04/2026 10:45:30 AM INFO mip_v1 - print: 
05/04/2026 10:45:30 AM INFO mip_v1 - print: Order 52 → Factory 5
05/04/2026 10:45:30 AM INFO mip_v1 - print:   Machine 1: completion time = 23.97
05/04/2026 10:45:30 AM INFO mip_v1 - print:   Machine 2: completion time = 31.11
05/04/2026 10:45:30 AM INFO mip_v1 - print:   Machine 3: completion time = 38.04
05/04/2026 10:45:30 AM INFO mip_v1 - print:   Delivery: 42.24 (Deadline: 54.00, Delay: 0.00)
05/04/2026 10:45:30 AM INFO mip_v1 - print: 
05/04/2026 10:45:30 AM INFO mip_v1 - print: Order 53 → Factory 3
05/04/2026 10:45:30 AM INFO mip_v1 - print:   Machine 1: completion time = 91.18
05/04/2026 10:45:30 AM INFO mip_v1 - print:   Machine 2: completion time = 103.42
05/04/2026 10:45:30 AM INFO mip_v1 - print:   Machine 3: completion time = 115.59
05/04/2026 10:45:30 AM INFO mip_v1 - print:   Machine 4: completion time = 129.40
05/04/2026 10:45:30 AM INFO mip_v1 - print:   Delivery: 132.80 (Deadline: 132.80, Delay: 0.00)
05/04/2026 10:45:30 AM INFO mip_v1 - print: 
05/04/2026 10:45:30 AM INFO mip_v1 - print: Order 54 → Factory 6
05/04/2026 10:45:30 AM INFO mip_v1 - print:   Machine 1: completion time = 26.53
05/04/2026 10:45:30 AM INFO mip_v1 - print:   Machine 2: completion time = 34.62
05/04/2026 10:45:30 AM INFO mip_v1 - print:   Machine 3: completion time = 45.28
05/04/2026 10:45:30 AM INFO mip_v1 - print:   Delivery: 47.08 (Deadline: 63.10, Delay: 0.00)
05/04/2026 10:45:30 AM INFO mip_v1 - print: 
05/04/2026 10:45:30 AM INFO mip_v1 - print: Order 55 → Factory 4
05/04/2026 10:45:30 AM INFO mip_v1 - print:   Machine 1: completion time = 37.51
05/04/2026 10:45:30 AM INFO mip_v1 - print:   Machine 2: completion time = 50.39
05/04/2026 10:45:30 AM INFO mip_v1 - print:   Machine 3: completion time = 65.79
05/04/2026 10:45:30 AM INFO mip_v1 - print:   Delivery: 69.69 (Deadline: 87.80, Delay: 0.00)
05/04/2026 10:45:30 AM INFO mip_v1 - print: 
05/04/2026 10:45:30 AM INFO mip_v1 - print: Order 56 → Factory 8
05/04/2026 10:45:30 AM INFO mip_v1 - print:   Machine 1: completion time = 16.07
05/04/2026 10:45:30 AM INFO mip_v1 - print:   Machine 2: completion time = 23.24
05/04/2026 10:45:30 AM INFO mip_v1 - print:   Machine 3: completion time = 29.35
05/04/2026 10:45:30 AM INFO mip_v1 - print:   Machine 4: completion time = 37.05
05/04/2026 10:45:30 AM INFO mip_v1 - print:   Delivery: 41.55 (Deadline: 64.00, Delay: 0.00)
05/04/2026 10:45:30 AM INFO mip_v1 - print: 
05/04/2026 10:45:30 AM INFO mip_v1 - print: Order 57 → Factory 7
05/04/2026 10:45:30 AM INFO mip_v1 - print:   Machine 1: completion time = 50.94
05/04/2026 10:45:30 AM INFO mip_v1 - print:   Machine 2: completion time = 59.69
05/04/2026 10:45:30 AM INFO mip_v1 - print:   Machine 3: completion time = 69.12
05/04/2026 10:45:30 AM INFO mip_v1 - print:   Machine 4: completion time = 78.86
05/04/2026 10:45:30 AM INFO mip_v1 - print:   Delivery: 82.06 (Deadline: 96.20, Delay: 0.00)
05/04/2026 10:45:30 AM INFO mip_v1 - print: 
05/04/2026 10:45:30 AM INFO mip_v1 - print: Order 58 → Factory 1
05/04/2026 10:45:30 AM INFO mip_v1 - print:   Machine 1: completion time = 42.17
05/04/2026 10:45:30 AM INFO mip_v1 - print:   Machine 2: completion time = 50.94
05/04/2026 10:45:30 AM INFO mip_v1 - print:   Machine 3: completion time = 63.68
05/04/2026 10:45:30 AM INFO mip_v1 - print:   Machine 4: completion time = 72.36
05/04/2026 10:45:30 AM INFO mip_v1 - print:   Machine 5: completion time = 81.28
05/04/2026 10:45:30 AM INFO mip_v1 - print:   Delivery: 82.58 (Deadline: 93.30, Delay: 0.00)
05/04/2026 10:45:30 AM INFO mip_v1 - print: 
05/04/2026 10:45:30 AM INFO mip_v1 - print: Order 59 → Factory 8
05/04/2026 10:45:30 AM INFO mip_v1 - print:   Machine 1: completion time = 81.90
05/04/2026 10:45:30 AM INFO mip_v1 - print:   Machine 2: completion time = 90.47
05/04/2026 10:45:30 AM INFO mip_v1 - print:   Machine 3: completion time = 96.81
05/04/2026 10:45:30 AM INFO mip_v1 - print:   Machine 4: completion time = 110.24
05/04/2026 10:45:30 AM INFO mip_v1 - print:   Delivery: 114.54 (Deadline: 124.60, Delay: 0.00)
05/04/2026 10:45:30 AM INFO mip_v1 - print: 
05/04/2026 10:45:30 AM INFO mip_v1 - print: Order 60 → Factory 3
05/04/2026 10:45:30 AM INFO mip_v1 - print:   Machine 1: completion time = 31.21
05/04/2026 10:45:30 AM INFO mip_v1 - print:   Machine 2: completion time = 37.68
05/04/2026 10:45:30 AM INFO mip_v1 - print:   Machine 3: completion time = 52.58
05/04/2026 10:45:30 AM INFO mip_v1 - print:   Machine 4: completion time = 59.60
05/04/2026 10:45:30 AM INFO mip_v1 - print:   Delivery: 63.20 (Deadline: 70.40, Delay: 0.00)
05/04/2026 10:45:30 AM INFO mip_v1 - print: 
05/04/2026 10:45:30 AM INFO mip_v1 - print: Order 61 → Factory 5
05/04/2026 10:45:30 AM INFO mip_v1 - print:   Machine 1: completion time = 91.26
05/04/2026 10:45:30 AM INFO mip_v1 - print:   Machine 2: completion time = 103.13
05/04/2026 10:45:30 AM INFO mip_v1 - print:   Machine 3: completion time = 115.06
05/04/2026 10:45:30 AM INFO mip_v1 - print:   Delivery: 116.56 (Deadline: 125.90, Delay: 0.00)
05/04/2026 10:45:30 AM INFO mip_v1 - print: 
05/04/2026 10:45:30 AM INFO mip_v1 - print: Order 62 → Factory 7
05/04/2026 10:45:30 AM INFO mip_v1 - print:   Machine 1: completion time = 76.30
05/04/2026 10:45:30 AM INFO mip_v1 - print:   Machine 2: completion time = 86.66
05/04/2026 10:45:30 AM INFO mip_v1 - print:   Machine 3: completion time = 97.98
05/04/2026 10:45:30 AM INFO mip_v1 - print:   Machine 4: completion time = 114.70
05/04/2026 10:45:30 AM INFO mip_v1 - print:   Delivery: 116.50 (Deadline: 127.60, Delay: 0.00)
05/04/2026 10:45:30 AM INFO mip_v1 - print: 
05/04/2026 10:45:30 AM INFO mip_v1 - print: Order 63 → Factory 10
05/04/2026 10:45:30 AM INFO mip_v1 - print:   Machine 1: completion time = 70.27
05/04/2026 10:45:30 AM INFO mip_v1 - print:   Machine 2: completion time = 78.78
05/04/2026 10:45:30 AM INFO mip_v1 - print:   Machine 3: completion time = 86.58
05/04/2026 10:45:30 AM INFO mip_v1 - print:   Machine 4: completion time = 95.16
05/04/2026 10:45:30 AM INFO mip_v1 - print:   Delivery: 97.36 (Deadline: 104.20, Delay: 0.00)
05/04/2026 10:45:30 AM INFO mip_v1 - print: 
05/04/2026 10:45:30 AM INFO mip_v1 - print: Order 64 → Factory 3
05/04/2026 10:45:30 AM INFO mip_v1 - print:   Machine 1: completion time = 53.67
05/04/2026 10:45:30 AM INFO mip_v1 - print:   Machine 2: completion time = 66.50
05/04/2026 10:45:30 AM INFO mip_v1 - print:   Machine 3: completion time = 72.38
05/04/2026 10:45:30 AM INFO mip_v1 - print:   Machine 4: completion time = 78.70
05/04/2026 10:45:30 AM INFO mip_v1 - print:   Delivery: 83.90 (Deadline: 83.70, Delay: 0.20)
05/04/2026 10:45:30 AM INFO mip_v1 - print: 
05/04/2026 10:45:30 AM INFO mip_v1 - print: Order 65 → Factory 6
05/04/2026 10:45:30 AM INFO mip_v1 - print:   Machine 1: completion time = 108.37
05/04/2026 10:45:30 AM INFO mip_v1 - print:   Machine 2: completion time = 116.13
05/04/2026 10:45:30 AM INFO mip_v1 - print:   Machine 3: completion time = 130.60
05/04/2026 10:45:30 AM INFO mip_v1 - print:   Delivery: 132.00 (Deadline: 132.00, Delay: 0.00)
05/04/2026 10:45:30 AM INFO mip_v1 - print: 
05/04/2026 10:45:30 AM INFO mip_v1 - print: Order 66 → Factory 8
05/04/2026 10:45:30 AM INFO mip_v1 - print:   Machine 1: completion time = 44.89
05/04/2026 10:45:30 AM INFO mip_v1 - print:   Machine 2: completion time = 53.40
05/04/2026 10:45:30 AM INFO mip_v1 - print:   Machine 3: completion time = 59.80
05/04/2026 10:45:30 AM INFO mip_v1 - print:   Machine 4: completion time = 71.17
05/04/2026 10:45:30 AM INFO mip_v1 - print:   Delivery: 73.47 (Deadline: 83.60, Delay: 0.00)
05/04/2026 10:45:30 AM INFO mip_v1 - print: 
05/04/2026 10:45:30 AM INFO mip_v1 - print: Order 67 → Factory 10
05/04/2026 10:45:30 AM INFO mip_v1 - print:   Machine 1: completion time = 100.16
05/04/2026 10:45:30 AM INFO mip_v1 - print:   Machine 2: completion time = 109.52
05/04/2026 10:45:30 AM INFO mip_v1 - print:   Machine 3: completion time = 118.75
05/04/2026 10:45:30 AM INFO mip_v1 - print:   Machine 4: completion time = 126.66
05/04/2026 10:45:30 AM INFO mip_v1 - print:   Delivery: 127.46 (Deadline: 127.60, Delay: 0.00)
05/04/2026 10:45:30 AM INFO mip_v1 - print: 
05/04/2026 10:45:30 AM INFO mip_v1 - print: Order 68 → Factory 2
05/04/2026 10:45:30 AM INFO mip_v1 - print:   Machine 1: completion time = 93.81
05/04/2026 10:45:30 AM INFO mip_v1 - print:   Machine 2: completion time = 109.59
05/04/2026 10:45:30 AM INFO mip_v1 - print:   Machine 3: completion time = 138.10
05/04/2026 10:45:30 AM INFO mip_v1 - print:   Delivery: 139.60 (Deadline: 139.60, Delay: 0.00)
05/04/2026 10:45:30 AM INFO mip_v1 - print: 
05/04/2026 10:45:30 AM INFO mip_v1 - print: Order 69 → Factory 2
05/04/2026 10:45:30 AM INFO mip_v1 - print:   Machine 1: completion time = 12.69
05/04/2026 10:45:30 AM INFO mip_v1 - print:   Machine 2: completion time = 22.42
05/04/2026 10:45:30 AM INFO mip_v1 - print:   Machine 3: completion time = 33.42
05/04/2026 10:45:30 AM INFO mip_v1 - print:   Delivery: 34.42 (Deadline: 48.70, Delay: 0.00)
05/04/2026 10:45:30 AM INFO mip_v1 - print: 
05/04/2026 10:45:30 AM INFO mip_v1 - print: Order 70 → Factory 5
05/04/2026 10:45:30 AM INFO mip_v1 - print:   Machine 1: completion time = 103.13
05/04/2026 10:45:30 AM INFO mip_v1 - print:   Machine 2: completion time = 115.06
05/04/2026 10:45:30 AM INFO mip_v1 - print:   Machine 3: completion time = 127.20
05/04/2026 10:45:30 AM INFO mip_v1 - print:   Delivery: 129.00 (Deadline: 129.00, Delay: 0.00)
05/04/2026 10:45:30 AM INFO mip_v1 - print: 
05/04/2026 10:45:30 AM INFO mip_v1 - print: Order 71 → Factory 6
05/04/2026 10:45:30 AM INFO mip_v1 - print:   Machine 1: completion time = 73.70
05/04/2026 10:45:30 AM INFO mip_v1 - print:   Machine 2: completion time = 81.09
05/04/2026 10:45:30 AM INFO mip_v1 - print:   Machine 3: completion time = 89.86
05/04/2026 10:45:30 AM INFO mip_v1 - print:   Delivery: 92.36 (Deadline: 93.60, Delay: 0.00)
05/04/2026 10:45:30 AM INFO mip_v1 - print: 
05/04/2026 10:45:30 AM INFO mip_v1 - print: Order 72 → Factory 10
05/04/2026 10:45:30 AM INFO mip_v1 - print:   Machine 1: completion time = 61.38
05/04/2026 10:45:30 AM INFO mip_v1 - print:   Machine 2: completion time = 67.86
05/04/2026 10:45:30 AM INFO mip_v1 - print:   Machine 3: completion time = 73.07
05/04/2026 10:45:30 AM INFO mip_v1 - print:   Machine 4: completion time = 84.83
05/04/2026 10:45:30 AM INFO mip_v1 - print:   Delivery: 88.73 (Deadline: 104.50, Delay: 0.00)
05/04/2026 10:45:30 AM INFO mip_v1 - print: 
05/04/2026 10:45:30 AM INFO mip_v1 - print: Order 74 → Factory 5
05/04/2026 10:45:30 AM INFO mip_v1 - print:   Machine 1: completion time = 74.56
05/04/2026 10:45:30 AM INFO mip_v1 - print:   Machine 2: completion time = 88.19
05/04/2026 10:45:30 AM INFO mip_v1 - print:   Machine 3: completion time = 99.37
05/04/2026 10:45:30 AM INFO mip_v1 - print:   Delivery: 107.47 (Deadline: 117.10, Delay: 0.00)
05/04/2026 10:45:30 AM INFO mip_v1 - print: 
05/04/2026 10:45:30 AM INFO mip_v1 - print: Order 75 → Factory 4
05/04/2026 10:45:30 AM INFO mip_v1 - print:   Machine 1: completion time = 105.29
05/04/2026 10:45:30 AM INFO mip_v1 - print:   Machine 2: completion time = 117.18
05/04/2026 10:45:30 AM INFO mip_v1 - print:   Machine 3: completion time = 129.70
05/04/2026 10:45:30 AM INFO mip_v1 - print:   Delivery: 133.00 (Deadline: 133.00, Delay: 0.00)
05/04/2026 10:45:30 AM INFO mip_v1 - print: 
05/04/2026 10:45:30 AM INFO mip_v1 - print: Order 78 → Factory 8
05/04/2026 10:45:30 AM INFO mip_v1 - print:   Machine 1: completion time = 37.88
05/04/2026 10:45:30 AM INFO mip_v1 - print:   Machine 2: completion time = 46.96
05/04/2026 10:45:30 AM INFO mip_v1 - print:   Machine 3: completion time = 55.40
05/04/2026 10:45:30 AM INFO mip_v1 - print:   Machine 4: completion time = 65.85
05/04/2026 10:45:30 AM INFO mip_v1 - print:   Delivery: 68.55 (Deadline: 84.20, Delay: 0.00)
05/04/2026 10:45:30 AM INFO mip_v1 - print: 
05/04/2026 10:45:30 AM INFO mip_v1 - print: Order 80 → Factory 10
05/04/2026 10:45:30 AM INFO mip_v1 - print:   Machine 1: completion time = 92.45
05/04/2026 10:45:30 AM INFO mip_v1 - print:   Machine 2: completion time = 99.93
05/04/2026 10:45:30 AM INFO mip_v1 - print:   Machine 3: completion time = 109.52
05/04/2026 10:45:30 AM INFO mip_v1 - print:   Machine 4: completion time = 119.17
05/04/2026 10:45:30 AM INFO mip_v1 - print:   Delivery: 121.67 (Deadline: 124.80, Delay: 0.00)
05/04/2026 10:45:30 AM INFO mip_v1 - print: 
05/04/2026 10:45:30 AM INFO mip_v1 - print: ------------------------------------------------------------
05/04/2026 10:45:30 AM INFO mip_v1 - print: COST BREAKDOWN
05/04/2026 10:45:30 AM INFO mip_v1 - print: ------------------------------------------------------------
05/04/2026 10:45:30 AM INFO mip_v1 - print: Total Revenue:          +    70868.00
05/04/2026 10:45:30 AM INFO mip_v1 - print: Production Cost:        -    29029.91
05/04/2026 10:45:30 AM INFO mip_v1 - print: Transport Cost:         -    12340.70
05/04/2026 10:45:30 AM INFO mip_v1 - print: Delay Penalty:          -       96.21
05/04/2026 10:45:30 AM INFO mip_v1 - print: ------------------------------------------------------------
05/04/2026 10:45:30 AM INFO mip_v1 - print: Total Profit:           =    29401.18
