
Gurobi 10.0.1 (win64) logging started Mon May  4 09:44:56 2026

Set parameter LogFile to value "D:\Project_Code\Paper\DP_LBBD_1\DP_lbbd\Algorithm\Results\mip_v1\xlarge\exp_10f_80j_seed3\log\exp_10f_80j_seed3_gurobi.log"
Set parameter LogToConsole to value 0
Gurobi Optimizer version 10.0.1 build v10.0.1rc0 (win64)

CPU model: Intel(R) Core(TM) Ultra 7 265KF, instruction set [SSE2|AVX|AVX2]
Thread count: 20 physical cores, 20 logical processors, using up to 20 threads

Optimize a model with 488841 rows, 244240 columns and 2422402 nonzeros
Model fingerprint: 0xb4502496
Variable types: 3200 continuous, 241040 integer (241040 binary)
Coefficient statistics:
  Matrix range     [1e+00, 2e+02]
  Objective range  [1e+01, 2e+03]
  Bounds range     [1e+00, 2e+02]
  RHS range        [1e+00, 5e+02]
Found heuristic solution: objective -0.0000000
Presolve removed 303665 rows and 151572 columns
Presolve time: 4.32s
Presolved: 185176 rows, 92668 columns, 913607 nonzeros
Variable types: 2009 continuous, 90659 integer (90659 binary)

Deterministic concurrent LP optimizer: primal simplex, dual simplex, and barrier
Showing barrier log only...

Root barrier log...

Ordering time: 0.77s

Barrier performed 0 iterations in 52.28 seconds (8.05 work units)
Barrier solve interrupted - model solved by another algorithm

Concurrent spin time: 0.29s (can be avoided by choosing Method=3)

Solved with dual simplex

Root relaxation: objective 3.290391e+04, 4647 iterations, 1.35 seconds (1.52 work units)

    Nodes    |    Current Node    |     Objective Bounds      |     Work
 Expl Unexpl |  Obj  Depth IntInf | Incumbent    BestBd   Gap | It/Node Time

     0     0 32903.9053    0  504   -0.00000 32903.9053      -     -   53s
H    0     0                    25157.554335 32903.9053  30.8%     -   55s
     0     0 32903.3142    0  459 25157.5543 32903.3142  30.8%     -   57s
H    0     0                    26008.230326 32903.3142  26.5%     -   59s
     0     0 32902.9416    0  444 26008.2303 32902.9416  26.5%     -   60s
     0     0 32902.9416    0  434 26008.2303 32902.9416  26.5%     -   60s
     0     0 32885.9880    0  455 26008.2303 32885.9880  26.4%     -   62s
     0     0 32881.9388    0  438 26008.2303 32881.9388  26.4%     -   65s
     0     0 32881.5802    0  419 26008.2303 32881.5802  26.4%     -   65s
     0     0 32881.5802    0  421 26008.2303 32881.5802  26.4%     -   65s
     0     0 32870.4251    0  405 26008.2303 32870.4251  26.4%     -   67s
H    0     0                    26018.261559 32870.4251  26.3%     -   70s
     0     0 32870.3373    0  410 26018.2616 32870.3373  26.3%     -   70s
     0     0 32870.3352    0  405 26018.2616 32870.3352  26.3%     -   71s
     0     0 32858.6813    0  380 26018.2616 32858.6813  26.3%     -   73s
     0     0 32858.6813    0  344 26018.2616 32858.6813  26.3%     -   75s
     0     0 32858.3335    0  397 26018.2616 32858.3335  26.3%     -   77s
     0     0 32858.3017    0  398 26018.2616 32858.3017  26.3%     -   79s
     0     0 32858.3017    0  407 26018.2616 32858.3017  26.3%     -   80s
     0     0 32857.8929    0  407 26018.2616 32857.8929  26.3%     -   81s
     0     0 32857.8463    0  416 26018.2616 32857.8463  26.3%     -   84s
     0     0 32857.7811    0  414 26018.2616 32857.7811  26.3%     -   84s
     0     0 32857.5737    0  448 26018.2616 32857.5737  26.3%     -   84s
     0     0 32857.5192    0  416 26018.2616 32857.5192  26.3%     -   85s
     0     0 32857.1340    0  426 26018.2616 32857.1340  26.3%     -   85s
     0     0 32857.1159    0  406 26018.2616 32857.1159  26.3%     -   85s
     0     0 32857.1159    0  408 26018.2616 32857.1159  26.3%     -   86s
     0     0 32856.4294    0  449 26018.2616 32856.4294  26.3%     -   87s
     0     0 32856.1343    0  433 26018.2616 32856.1343  26.3%     -   91s
     0     0 32856.1343    0  458 26018.2616 32856.1343  26.3%     -   91s
     0     0 32849.3912    0  385 26018.2616 32849.3912  26.3%     -   93s
     0     0 32849.1286    0  387 26018.2616 32849.1286  26.3%     -   96s
     0     0 32848.8716    0  399 26018.2616 32848.8716  26.3%     -   96s
     0     0 32848.8716    0  391 26018.2616 32848.8716  26.3%     -   96s
     0     0 32848.8716    0  458 26018.2616 32848.8716  26.3%     -   98s
     0     0 32848.8716    0  388 26018.2616 32848.8716  26.3%     -  102s
     0     0 32848.8716    0  445 26018.2616 32848.8716  26.3%     -  104s
     0     0 32848.8716    0  433 26018.2616 32848.8716  26.3%     -  107s
     0     0 32848.8716    0  340 26018.2616 32848.8716  26.3%     -  109s
     0     0 32848.8716    0  368 26018.2616 32848.8716  26.3%     -  113s
     0     0 32848.8716    0  345 26018.2616 32848.8716  26.3%     -  116s
     0     0 32848.8716    0  379 26018.2616 32848.8716  26.3%     -  119s
     0     0 32848.8716    0  351 26018.2616 32848.8716  26.3%     -  121s
     0     0 32848.8716    0  284 26018.2616 32848.8716  26.3%     -  122s
     0     2 32834.4257    0  271 26018.2616 32834.4257  26.2%     -  129s
     3     8 32810.2203    2  437 26018.2616 32834.4257  26.2%   813  130s
H   31    52                    26823.691524 32830.7253  22.4%  2022  142s
    71    92 32747.6448    7  405 26823.6915 32825.7798  22.4%  1607  145s
    91   110 32745.6832    8  388 26823.6915 32825.7798  22.4%  1354  153s
H   92   110                    26907.871063 32825.7798  22.0%  1339  153s
H   93   110                    27211.145887 32825.7798  20.6%  1336  153s
H  103   110                    27216.912091 32825.7798  20.6%  1248  153s
   111   133 32722.6751    9  349 27216.9121 32825.7798  20.6%  1214  155s
   160   169 32594.7363   10  445 27216.9121 32825.7798  20.6%   967  160s
H  238   227                    27300.720831 32825.7798  20.2%   844  171s
   295   281 32521.0281   14  300 27300.7208 32825.7798  20.2%   757  177s
   370   347 32408.7926   16  302 27300.7208 32825.7798  20.2%   661  185s
   528   486 32259.0730   18  271 27300.7208 32825.7798  20.2%   516  190s
   596   525 32104.0945   20  248 27300.7208 32825.7798  20.2%   468  196s
   725   657 32030.9472   22  221 27300.7208 32825.7798  20.2%   401  204s
   809   741 31895.4487   24  210 27300.7208 32825.7798  20.2%   368  206s
  1100   993 31400.9396   36  146 27300.7208 32825.7798  20.2%   289  216s
  1448  1323 31259.9683   50  164 27300.7208 32825.7798  20.2%   232  221s
  1582  1345 31259.0995   56  166 27300.7208 32825.7798  20.2%   216  228s
H 1583  1327                    27638.295636 32825.7798  18.8%   216  228s
H 1584  1317                    27944.025849 32825.7798  17.5%   216  228s
H 1592  1317                    27970.324696 32825.7798  17.4%   215  228s
H 1607  1317                    27998.324056 32825.7798  17.2%   214  228s
  1613  1401 31259.0995   57  168 27998.3241 32825.7798  17.2%   214  230s
H 1723  1450                    28098.636022 32825.7798  16.8%   207  238s
H 1746  1448                    28116.162730 32825.7798  16.8%   205  238s
  1775  1590 31240.5200   65  162 28116.1627 32825.7798  16.8%   204  240s
  1931  1684 30839.3269   70  156 28116.1627 32825.7798  16.8%   193  247s
H 1937  1684                    28122.498121 32825.7798  16.7%   192  247s
  2193  1943 30835.0848   80  151 28122.4981 32825.7798  16.7%   176  258s
  2305  2112 30835.0848   86  147 28122.4981 32825.7798  16.7%   170  260s
  2497  2215 30831.6075   94  168 28122.4981 32825.7798  16.7%   161  268s
  2628  2235 30835.0848   96  139 28122.4981 32825.7798  16.7%   155  276s
H 2629  2233                    28145.493359 32825.7798  16.6%   155  276s
H 2633  2201                    28474.049133 32825.7798  15.3%   155  276s
H 2637  2155                    28658.185706 32825.7798  14.5%   155  276s
  2673  2205 30830.3947   97  159 28658.1857 32825.7798  14.5%   155  287s
H 2676  2175                    28789.856366 32825.7798  14.0%   155  287s
H 2679  2163                    28877.364544 32825.7798  13.7%   155  287s
H 2686  2161                    28890.274579 32825.7798  13.6%   154  287s
H 2694  2160                    28896.609970 32825.7798  13.6%   154  287s
  2988  2517 30384.4836  114  142 28896.6100 32825.7798  13.6%   146  292s
  3199  2748 30384.4836  121  138 28896.6100 32825.7798  13.6%   141  295s
  3472  2870 30384.2236  127  138 28896.6100 32825.7798  13.6%   135  307s
  3621  2871 30106.3338   60  284 28896.6100 32825.7798  13.6%   132  361s
  3623  2872 31318.4421   15  462 28896.6100 32825.7798  13.6%   132  499s
  3624  2873 31906.1938   16  368 28896.6100 32825.7798  13.6%   132  505s
  3629  2876 29598.1448  115  368 28896.6100 32825.7798  13.6%   132  512s
  3632  2880 29243.3621  102  284 28896.6100 32825.7798  13.6%   138  526s
  3634  2881 31994.6699   12  209 28896.6100 32825.7798  13.6%   138  573s
  3635  2882 30114.9156   70  248 28896.6100 32825.7798  13.6%   138  577s
  3640  2885 30741.8599  106  210 28896.6100 32825.7798  13.6%   138  581s
  3641  2886 31164.1470   42  191 28896.6100 32822.6911  13.6%   138  585s
  3646  2889 31090.2154   53  196 28896.6100 32800.4535  13.5%   137  594s
  3650  2892 31369.5368   81  212 28896.6100 32789.6347  13.5%   137  595s
  3652  2893 32718.6986    8  186 28896.6100 32752.4713  13.3%   137  603s
  3656  2896 29419.4047  108  208 28896.6100 32745.9590  13.3%   137  607s
  3657  2897 31940.9759   12  158 28896.6100 32739.1282  13.3%   137  612s
  3660  2899 32045.0442   27  188 28896.6100 32736.8764  13.3%   137  615s
  3661  2899 32045.0442   27  206 28896.6100 32733.0729  13.3%   137  621s
  3666  2903 29874.5905  123  214 28896.6100 32726.3217  13.3%   137  625s
  3667  2903 29995.0001   72  201 28896.6100 32723.1350  13.2%   137  630s
  3671  2906 29048.5395   74  199 28896.6100 32717.7457  13.2%   136  639s
  3674  2908 30835.0848   97  222 28896.6100 32714.7136  13.2%   136  640s
  3676  2909 30518.5723   43  198 28896.6100 32708.4643  13.2%   136  648s
  3679  2911 32706.2238    6  191 28896.6100 32706.2238  13.2%   136  650s
  3680  2912 31357.1406   33  179 28896.6100 32704.6787  13.2%   136  655s
  3686  2916 30327.9611   58  219 28896.6100 32696.5216  13.2%   136  662s
  3688  2917 32546.6358   12  186 28896.6100 32694.4688  13.1%   136  665s
  3689  2918 30019.1029   88  191 28896.6100 32693.5620  13.1%   136  670s
  3693  2921 31851.1006   59  212 28896.6100 32691.9106  13.1%   136  677s
  3694  2921 32660.0198    9  195 28896.6100 32691.8711  13.1%   136  680s
  3695  2922 29511.5242  106  185 28896.6100 32691.6798  13.1%   136  686s
  3698  2924 30941.6631   42  204 28896.6100 32690.6582  13.1%   135  693s
  3700  2925 29859.6904   87  170 28896.6100 32690.0349  13.1%   135  699s
  3701  2926 32456.4938   15  199 28896.6100 32689.9979  13.1%   135  701s
  3702  2927 29246.5439  105  172 28896.6100 32688.9305  13.1%   135  706s
  3706  2929 29222.0458   58  177 28896.6100 32687.8690  13.1%   135  714s
  3707  2930 30905.6398   30  209 28896.6100 32687.4175  13.1%   135  716s
H 3707  2782                    29049.949394 32687.3086  12.5%   135  717s
  3709  2783 30307.1881   31  164 29049.9494 32686.9322  12.5%   135  725s
  3713  2786 32686.2312    8  199 29049.9494 32686.2312  12.5%   135  731s
  3715  2787 31896.2661   28  156 29049.9494 32686.1269  12.5%   135  739s
  3716  2791 32684.7525   30  147 29049.9494 32685.8794  12.5%   161  745s
  3746  2829 32658.6939   34  240 29049.9494 32675.0711  12.5%   175  769s
  3766  2842 32655.2014   35  223 29049.9494 32667.2555  12.5%   184  771s
  3855  2904 32581.2408   37  248 29049.9494 32667.2555  12.5%   203  779s
  3881  2921 32647.8605   37  224 29049.9494 32667.2555  12.5%   206  780s
  3992  2976 32627.3169   39  231 29049.9494 32667.2555  12.5%   213  789s
  4021  3012 32623.8699   39  247 29049.9494 32667.2555  12.5%   214  790s
  4185  3074 32528.9325   41  194 29049.9494 32667.2555  12.5%   215  800s
  4353  3220 32528.7733   42  186 29049.9494 32667.2555  12.5%   214  805s
  4436  3238 32500.1700   43  171 29049.9494 32667.2555  12.5%   212  811s
  4576  3364 32524.4654   45  189 29049.9494 32667.2555  12.5%   210  815s
  4833  3431 32463.6712   48  163 29049.9494 32667.2555  12.5%   204  824s
  4875  3548 32411.5067   48  140 29049.9494 32667.2555  12.5%   203  826s
  5224  3702 32230.0946   52  129 29049.9494 32667.2555  12.5%   194  832s
  5391  3719 32222.5554   53  137 29049.9494 32667.2555  12.5%   191  839s
  5470  3855 32078.0484   55  115 29049.9494 32667.2555  12.5%   190  841s
  5840  4079 32078.0484   63  129 29049.9494 32667.2555  12.5%   184  847s
  6057  4086 30850.3721   66  130 29049.9494 32667.2555  12.5%   181  854s
  6142  4281 31981.1532   71  130 29049.9494 32667.2555  12.5%   180  856s
  6398  4446 31660.4830   75  117 29049.9494 32667.2555  12.5%   175  860s
* 6493  4272             235    29082.333231 32667.2555  12.3%   173  860s
  6693  4451 31395.2855   81  115 29082.3332 32667.2555  12.3%   170  865s
  7279  4688 31370.4758   98  103 29082.3332 32667.2555  12.3%   161  877s
  7474  4943 31370.4758  102   99 29082.3332 32667.2555  12.3%   158  880s
  8223  5190 31370.4758  119   90 29082.3332 32667.2555  12.3%   149  892s
  8427  5467 31366.9316  127   91 29082.3332 32667.2555  12.3%   146  896s
  8819  5448 31363.4172  136   82 29082.3332 32667.2555  12.3%   143  905s
  9301  5934 31200.3259  144   86 29082.3332 32667.2555  12.3%   140  914s
  9700  6175 31016.3850  150   96 29082.3332 32667.2555  12.3%   136  919s
 10111  6415 31015.1499  160   93 29082.3332 32667.2555  12.3%   133  924s
 10524  6736 31011.1202  172   87 29082.3332 32667.2555  12.3%   130  930s
 11007  7076 30907.5271  182   81 29082.3332 32667.2555  12.3%   126  937s
 11542  7226 30769.0159  192   79 29082.3332 32667.2555  12.3%   122  949s
 11891  7675 30775.1233  198   79 29082.3332 32667.2555  12.3%   119  956s
 12449  8043 30184.7350  212   83 29082.3332 32667.2555  12.3%   115  962s
 12937  8400 29854.6377  221   81 29082.3332 32667.2555  12.3%   113  969s
 13361  8825 29640.6582  231   77 29082.3332 32667.2555  12.3%   112  976s
 13924  9308 32034.2934   62  168 29082.3332 32667.2555  12.3%   110  985s
 14542  9600 30608.9412  108   99 29082.3332 32667.2555  12.3%   107 1002s
 14932 10222 29699.1053  133   81 29082.3332 32662.8443  12.3%   106 1011s
 15663 10861 32661.3894   36  241 29082.3332 32662.8226  12.3%   104 1020s
 16431 11526 31292.1445   58  139 29082.3332 32662.8226  12.3%   102 1031s
 17252 12021 29249.6382  120  105 29082.3332 32659.6712  12.3%  99.2 1042s
 17929 12473 32640.8952   37  189 29082.3332 32659.6712  12.3%  98.5 1064s
 18515 13470 32073.1488   53  113 29082.3332 32659.6712  12.3%  98.0 1076s
 19650 13926 30267.2995  140   97 29082.3332 32657.9106  12.3%  94.7 1095s
 20295 14238 32535.3793   38  233 29082.3332 32657.9106  12.3%  93.4 1130s
 20696 14874 32422.9461   42  177 29082.3332 32657.9106  12.3%  93.4 1144s
 21515 15666 31901.9998   54  129 29082.3332 32657.9106  12.3%  92.9 1160s
 22514 15751 31311.5236   79  142 29082.3332 32657.9106  12.3%  91.0 1301s
H22568 15358                    29254.852361 32657.9106  11.6%  91.0 1301s
H22656 14767                    29401.178180 32657.9106  11.1%  90.9 1301s
 22677 15269 31311.2942   80  143 29401.1782 32657.9106  11.1%  90.9 1338s
 23356 16195 30668.0584  100  135 29401.1782 32657.9106  11.1%  90.7 1368s
 24649 16701 29582.4038  145  101 29401.1782 32657.9106  11.1%  89.4 1411s
H24989 16701                    29401.178183 32657.9106  11.1%  88.9 1411s
 25357 17625 infeasible  168      29401.1782 32651.9758  11.1%  89.1 1433s
 26561 18696 32443.6570   45  155 29401.1782 32651.7845  11.1%  88.1 1458s
 27940 19296 29922.5359  136   91 29401.1782 32647.3121  11.0%  86.6 1478s
 28782 20077 31779.6363   39  260 29401.1782 32642.2326  11.0%  87.6 1502s
 30104 21263 32317.8335   48  152 29401.1782 32634.2304  11.0%  86.5 1530s
 31618 22143 infeasible   53      29401.1782 32630.6127  11.0%  85.1 1557s
 32894 22954 32499.1577   41  192 29401.1782 32627.9013  11.0%  84.2 1583s
 33811 24995 31610.6900   75  103 29401.1782 32627.6951  11.0%  83.7 1618s
 36001 26460 30622.1396  159   89 29401.1782 32627.6951  11.0%  80.5 1655s
 37711 27792 30030.0267  194   71 29401.1782 32621.8365  11.0%  78.7 1693s
 39359 29159 32290.2712   41  197 29401.1782 32611.7923  10.9%  77.6 1728s
 41067 30727 32506.6634   42  236 29401.1782 32609.8611  10.9%  76.6 1769s
 42815 32824 31814.0732  117  101 29401.1782 32609.8611  10.9%  75.0 1816s
 45147 34499 31119.9099  182   95 29401.1782 32609.8611  10.9%  73.1 1866s

Cutting planes:
  Learned: 89
  Gomory: 375
  Lift-and-project: 938
  Cover: 715
  Projected implied bound: 13
  MIR: 3593
  StrongCG: 17
  Flow cover: 4172
  Inf proof: 1
  Zero half: 26
  Network: 2
  RLT: 16
  Relax-and-lift: 56

Explored 47154 nodes (3426349 simplex iterations) in 3633.21 seconds (687.91 work units)
Thread count was 20 (of 20 available processors)

Solution count 10: 29401.2 29401.2 29254.9 ... 28658.2

Time limit reached
Best objective 2.940117818315e+04, best bound 3.260986109897e+04, gap 10.9135%
