05/01/2026 06:37:35 PM INFO proposed_lbbd_solver - setup_solver_logging: ================================================================================
05/01/2026 06:37:35 PM INFO proposed_lbbd_solver - setup_solver_logging: Logging started. Log file: D:\Project_Code\Paper\DP_LBBD_1\DP_lbbd\Algorithm\Results\proposed_lbbd\large\exp_7f_65j_seed3\log\exp_7f_65j_seed3_running.log
05/01/2026 06:37:35 PM INFO proposed_lbbd_solver - print: Feasible pairs: 297/455
05/01/2026 06:37:35 PM INFO proposed_lbbd_solver - print: [Preprocess] Infeasible assignment detected: order 45 → factory 1 (E=119.75 > deadline=118.20)
05/01/2026 06:37:35 PM INFO proposed_lbbd_solver - print: [Preprocess] Infeasible assignment detected: order 7 → factory 1 (E=65.50 > deadline=63.40)
05/01/2026 06:37:35 PM INFO proposed_lbbd_solver - print: [Preprocess] Infeasible assignment detected: order 55 → factory 4 (E=75.95 > deadline=73.20)
05/01/2026 06:37:35 PM INFO proposed_lbbd_solver - print: [Preprocess] Infeasible assignment detected: order 13 → factory 1 (E=98.60 > deadline=94.80)
05/01/2026 06:37:35 PM INFO proposed_lbbd_solver - print: [Preprocess] Infeasible assignment detected: order 7 → factory 3 (E=63.96 > deadline=63.40)
05/01/2026 06:37:35 PM INFO proposed_lbbd_solver - print: [Preprocess] Infeasible assignment detected: order 41 → factory 1 (E=91.80 > deadline=91.70)
05/01/2026 06:37:35 PM INFO proposed_lbbd_solver - print: [Preprocess] Infeasible assignment detected: order 65 → factory 1 (E=124.80 > deadline=115.60)
05/01/2026 06:37:35 PM INFO proposed_lbbd_solver - print: [Preprocess] Infeasible assignment detected: order 61 → factory 1 (E=118.72 > deadline=113.60)
05/01/2026 06:37:35 PM INFO proposed_lbbd_solver - print: [Preprocess] Infeasible assignment detected: order 12 → factory 1 (E=89.30 > deadline=70.80)
05/01/2026 06:37:35 PM INFO proposed_lbbd_solver - print: [Preprocess] Infeasible assignment detected: order 56 → factory 4 (E=132.56 > deadline=125.00)
05/01/2026 06:37:35 PM INFO proposed_lbbd_solver - print: [Preprocess] Infeasible assignment detected: order 51 → factory 3 (E=105.27 > deadline=101.80)
05/01/2026 06:37:35 PM INFO proposed_lbbd_solver - print: [Preprocess] Infeasible assignment detected: order 10 → factory 4 (E=71.92 > deadline=67.20)
05/01/2026 06:37:35 PM INFO proposed_lbbd_solver - print: [Preprocess] Infeasible assignment detected: order 1 → factory 1 (E=128.86 > deadline=121.30)
05/01/2026 06:37:35 PM INFO proposed_lbbd_solver - print: [Preprocess] Infeasible assignments detected: 13
05/01/2026 06:37:35 PM INFO proposed_lbbd_solver - print: [Preprocess] Unprofitable assignment detected: order 1 → factory 1
05/01/2026 06:37:35 PM INFO proposed_lbbd_solver - print: [Preprocess] Unprofitable assignment detected: order 2 → factory 3
05/01/2026 06:37:35 PM INFO proposed_lbbd_solver - print: [Preprocess] Unprofitable assignment detected: order 2 → factory 4
05/01/2026 06:37:35 PM INFO proposed_lbbd_solver - print: [Preprocess] Unprofitable assignment detected: order 2 → factory 7
05/01/2026 06:37:35 PM INFO proposed_lbbd_solver - print: [Preprocess] Unprofitable assignment detected: order 4 → factory 3
05/01/2026 06:37:35 PM INFO proposed_lbbd_solver - print: [Preprocess] Unprofitable assignment detected: order 5 → factory 1
05/01/2026 06:37:35 PM INFO proposed_lbbd_solver - print: [Preprocess] Unprofitable assignment detected: order 6 → factory 1
05/01/2026 06:37:35 PM INFO proposed_lbbd_solver - print: [Preprocess] Unprofitable assignment detected: order 6 → factory 4
05/01/2026 06:37:35 PM INFO proposed_lbbd_solver - print: [Preprocess] Unprofitable assignment detected: order 7 → factory 1
05/01/2026 06:37:35 PM INFO proposed_lbbd_solver - print: [Preprocess] Unprofitable assignment detected: order 7 → factory 3
05/01/2026 06:37:35 PM INFO proposed_lbbd_solver - print: [Preprocess] Unprofitable assignment detected: order 7 → factory 4
05/01/2026 06:37:35 PM INFO proposed_lbbd_solver - print: [Preprocess] Unprofitable assignment detected: order 7 → factory 6
05/01/2026 06:37:35 PM INFO proposed_lbbd_solver - print: [Preprocess] Unprofitable assignment detected: order 8 → factory 3
05/01/2026 06:37:35 PM INFO proposed_lbbd_solver - print: [Preprocess] Unprofitable assignment detected: order 9 → factory 1
05/01/2026 06:37:35 PM INFO proposed_lbbd_solver - print: [Preprocess] Unprofitable assignment detected: order 9 → factory 3
05/01/2026 06:37:35 PM INFO proposed_lbbd_solver - print: [Preprocess] Unprofitable assignment detected: order 9 → factory 4
05/01/2026 06:37:35 PM INFO proposed_lbbd_solver - print: [Preprocess] Unprofitable assignment detected: order 9 → factory 7
05/01/2026 06:37:35 PM INFO proposed_lbbd_solver - print: [Preprocess] Unprofitable assignment detected: order 10 → factory 4
05/01/2026 06:37:35 PM INFO proposed_lbbd_solver - print: [Preprocess] Unprofitable assignment detected: order 11 → factory 1
05/01/2026 06:37:35 PM INFO proposed_lbbd_solver - print: [Preprocess] Unprofitable assignment detected: order 11 → factory 4
05/01/2026 06:37:35 PM INFO proposed_lbbd_solver - print: [Preprocess] Unprofitable assignment detected: order 11 → factory 6
05/01/2026 06:37:35 PM INFO proposed_lbbd_solver - print: [Preprocess] Unprofitable assignment detected: order 12 → factory 1
05/01/2026 06:37:35 PM INFO proposed_lbbd_solver - print: [Preprocess] Unprofitable assignment detected: order 12 → factory 6
05/01/2026 06:37:35 PM INFO proposed_lbbd_solver - print: [Preprocess] Unprofitable assignment detected: order 13 → factory 1
05/01/2026 06:37:35 PM INFO proposed_lbbd_solver - print: [Preprocess] Unprofitable assignment detected: order 14 → factory 1
05/01/2026 06:37:35 PM INFO proposed_lbbd_solver - print: [Preprocess] Unprofitable assignment detected: order 16 → factory 3
05/01/2026 06:37:35 PM INFO proposed_lbbd_solver - print: [Preprocess] Unprofitable assignment detected: order 16 → factory 4
05/01/2026 06:37:35 PM INFO proposed_lbbd_solver - print: [Preprocess] Unprofitable assignment detected: order 16 → factory 6
05/01/2026 06:37:35 PM INFO proposed_lbbd_solver - print: [Preprocess] Unprofitable assignment detected: order 16 → factory 7
05/01/2026 06:37:35 PM INFO proposed_lbbd_solver - print: [Preprocess] Unprofitable assignment detected: order 18 → factory 1
05/01/2026 06:37:35 PM INFO proposed_lbbd_solver - print: [Preprocess] Unprofitable assignment detected: order 18 → factory 3
05/01/2026 06:37:35 PM INFO proposed_lbbd_solver - print: [Preprocess] Unprofitable assignment detected: order 19 → factory 1
05/01/2026 06:37:35 PM INFO proposed_lbbd_solver - print: [Preprocess] Unprofitable assignment detected: order 19 → factory 4
05/01/2026 06:37:35 PM INFO proposed_lbbd_solver - print: [Preprocess] Unprofitable assignment detected: order 20 → factory 1
05/01/2026 06:37:35 PM INFO proposed_lbbd_solver - print: [Preprocess] Unprofitable assignment detected: order 20 → factory 3
05/01/2026 06:37:35 PM INFO proposed_lbbd_solver - print: [Preprocess] Unprofitable assignment detected: order 20 → factory 4
05/01/2026 06:37:35 PM INFO proposed_lbbd_solver - print: [Preprocess] Unprofitable assignment detected: order 20 → factory 7
05/01/2026 06:37:35 PM INFO proposed_lbbd_solver - print: [Preprocess] Unprofitable assignment detected: order 21 → factory 1
05/01/2026 06:37:35 PM INFO proposed_lbbd_solver - print: [Preprocess] Unprofitable assignment detected: order 21 → factory 3
05/01/2026 06:37:35 PM INFO proposed_lbbd_solver - print: [Preprocess] Unprofitable assignment detected: order 22 → factory 1
05/01/2026 06:37:35 PM INFO proposed_lbbd_solver - print: [Preprocess] Unprofitable assignment detected: order 22 → factory 3
05/01/2026 06:37:35 PM INFO proposed_lbbd_solver - print: [Preprocess] Unprofitable assignment detected: order 23 → factory 1
05/01/2026 06:37:35 PM INFO proposed_lbbd_solver - print: [Preprocess] Unprofitable assignment detected: order 23 → factory 4
05/01/2026 06:37:35 PM INFO proposed_lbbd_solver - print: [Preprocess] Unprofitable assignment detected: order 23 → factory 7
05/01/2026 06:37:35 PM INFO proposed_lbbd_solver - print: [Preprocess] Unprofitable assignment detected: order 24 → factory 3
05/01/2026 06:37:35 PM INFO proposed_lbbd_solver - print: [Preprocess] Unprofitable assignment detected: order 25 → factory 4
05/01/2026 06:37:35 PM INFO proposed_lbbd_solver - print: [Preprocess] Unprofitable assignment detected: order 25 → factory 7
05/01/2026 06:37:35 PM INFO proposed_lbbd_solver - print: [Preprocess] Unprofitable assignment detected: order 26 → factory 1
05/01/2026 06:37:35 PM INFO proposed_lbbd_solver - print: [Preprocess] Unprofitable assignment detected: order 27 → factory 2
05/01/2026 06:37:35 PM INFO proposed_lbbd_solver - print: [Preprocess] Unprofitable assignment detected: order 27 → factory 3
05/01/2026 06:37:35 PM INFO proposed_lbbd_solver - print: [Preprocess] Unprofitable assignment detected: order 27 → factory 4
05/01/2026 06:37:35 PM INFO proposed_lbbd_solver - print: [Preprocess] Unprofitable assignment detected: order 27 → factory 7
05/01/2026 06:37:35 PM INFO proposed_lbbd_solver - print: [Preprocess] Unprofitable assignment detected: order 29 → factory 1
05/01/2026 06:37:35 PM INFO proposed_lbbd_solver - print: [Preprocess] Unprofitable assignment detected: order 29 → factory 3
05/01/2026 06:37:35 PM INFO proposed_lbbd_solver - print: [Preprocess] Unprofitable assignment detected: order 29 → factory 4
05/01/2026 06:37:35 PM INFO proposed_lbbd_solver - print: [Preprocess] Unprofitable assignment detected: order 30 → factory 3
05/01/2026 06:37:35 PM INFO proposed_lbbd_solver - print: [Preprocess] Unprofitable assignment detected: order 31 → factory 1
05/01/2026 06:37:35 PM INFO proposed_lbbd_solver - print: [Preprocess] Unprofitable assignment detected: order 32 → factory 1
05/01/2026 06:37:35 PM INFO proposed_lbbd_solver - print: [Preprocess] Unprofitable assignment detected: order 33 → factory 1
05/01/2026 06:37:35 PM INFO proposed_lbbd_solver - print: [Preprocess] Unprofitable assignment detected: order 33 → factory 2
05/01/2026 06:37:35 PM INFO proposed_lbbd_solver - print: [Preprocess] Unprofitable assignment detected: order 33 → factory 6
05/01/2026 06:37:35 PM INFO proposed_lbbd_solver - print: [Preprocess] Unprofitable assignment detected: order 34 → factory 6
05/01/2026 06:37:35 PM INFO proposed_lbbd_solver - print: [Preprocess] Unprofitable assignment detected: order 35 → factory 1
05/01/2026 06:37:35 PM INFO proposed_lbbd_solver - print: [Preprocess] Unprofitable assignment detected: order 35 → factory 3
05/01/2026 06:37:35 PM INFO proposed_lbbd_solver - print: [Preprocess] Unprofitable assignment detected: order 36 → factory 1
05/01/2026 06:37:35 PM INFO proposed_lbbd_solver - print: [Preprocess] Unprofitable assignment detected: order 36 → factory 4
05/01/2026 06:37:35 PM INFO proposed_lbbd_solver - print: [Preprocess] Unprofitable assignment detected: order 37 → factory 1
05/01/2026 06:37:35 PM INFO proposed_lbbd_solver - print: [Preprocess] Unprofitable assignment detected: order 37 → factory 2
05/01/2026 06:37:35 PM INFO proposed_lbbd_solver - print: [Preprocess] Unprofitable assignment detected: order 37 → factory 3
05/01/2026 06:37:35 PM INFO proposed_lbbd_solver - print: [Preprocess] Unprofitable assignment detected: order 37 → factory 4
05/01/2026 06:37:35 PM INFO proposed_lbbd_solver - print: [Preprocess] Unprofitable assignment detected: order 37 → factory 6
05/01/2026 06:37:35 PM INFO proposed_lbbd_solver - print: [Preprocess] Unprofitable assignment detected: order 37 → factory 7
05/01/2026 06:37:35 PM INFO proposed_lbbd_solver - print: [Preprocess] Unprofitable assignment detected: order 38 → factory 1
05/01/2026 06:37:35 PM INFO proposed_lbbd_solver - print: [Preprocess] Unprofitable assignment detected: order 38 → factory 2
05/01/2026 06:37:35 PM INFO proposed_lbbd_solver - print: [Preprocess] Unprofitable assignment detected: order 38 → factory 3
05/01/2026 06:37:35 PM INFO proposed_lbbd_solver - print: [Preprocess] Unprofitable assignment detected: order 38 → factory 4
05/01/2026 06:37:35 PM INFO proposed_lbbd_solver - print: [Preprocess] Unprofitable assignment detected: order 39 → factory 1
05/01/2026 06:37:35 PM INFO proposed_lbbd_solver - print: [Preprocess] Unprofitable assignment detected: order 39 → factory 3
05/01/2026 06:37:35 PM INFO proposed_lbbd_solver - print: [Preprocess] Unprofitable assignment detected: order 41 → factory 1
05/01/2026 06:37:35 PM INFO proposed_lbbd_solver - print: [Preprocess] Unprofitable assignment detected: order 41 → factory 4
05/01/2026 06:37:35 PM INFO proposed_lbbd_solver - print: [Preprocess] Unprofitable assignment detected: order 41 → factory 7
05/01/2026 06:37:35 PM INFO proposed_lbbd_solver - print: [Preprocess] Unprofitable assignment detected: order 42 → factory 1
05/01/2026 06:37:35 PM INFO proposed_lbbd_solver - print: [Preprocess] Unprofitable assignment detected: order 42 → factory 3
05/01/2026 06:37:35 PM INFO proposed_lbbd_solver - print: [Preprocess] Unprofitable assignment detected: order 45 → factory 1
05/01/2026 06:37:35 PM INFO proposed_lbbd_solver - print: [Preprocess] Unprofitable assignment detected: order 45 → factory 3
05/01/2026 06:37:35 PM INFO proposed_lbbd_solver - print: [Preprocess] Unprofitable assignment detected: order 45 → factory 4
05/01/2026 06:37:35 PM INFO proposed_lbbd_solver - print: [Preprocess] Unprofitable assignment detected: order 45 → factory 7
05/01/2026 06:37:35 PM INFO proposed_lbbd_solver - print: [Preprocess] Unprofitable assignment detected: order 46 → factory 3
05/01/2026 06:37:35 PM INFO proposed_lbbd_solver - print: [Preprocess] Unprofitable assignment detected: order 46 → factory 4
05/01/2026 06:37:35 PM INFO proposed_lbbd_solver - print: [Preprocess] Unprofitable assignment detected: order 46 → factory 6
05/01/2026 06:37:35 PM INFO proposed_lbbd_solver - print: [Preprocess] Unprofitable assignment detected: order 47 → factory 1
05/01/2026 06:37:35 PM INFO proposed_lbbd_solver - print: [Preprocess] Unprofitable assignment detected: order 48 → factory 1
05/01/2026 06:37:35 PM INFO proposed_lbbd_solver - print: [Preprocess] Unprofitable assignment detected: order 48 → factory 3
05/01/2026 06:37:35 PM INFO proposed_lbbd_solver - print: [Preprocess] Unprofitable assignment detected: order 48 → factory 4
05/01/2026 06:37:35 PM INFO proposed_lbbd_solver - print: [Preprocess] Unprofitable assignment detected: order 48 → factory 6
05/01/2026 06:37:35 PM INFO proposed_lbbd_solver - print: [Preprocess] Unprofitable assignment detected: order 49 → factory 1
05/01/2026 06:37:35 PM INFO proposed_lbbd_solver - print: [Preprocess] Unprofitable assignment detected: order 50 → factory 1
05/01/2026 06:37:35 PM INFO proposed_lbbd_solver - print: [Preprocess] Unprofitable assignment detected: order 51 → factory 3
05/01/2026 06:37:35 PM INFO proposed_lbbd_solver - print: [Preprocess] Unprofitable assignment detected: order 52 → factory 3
05/01/2026 06:37:35 PM INFO proposed_lbbd_solver - print: [Preprocess] Unprofitable assignment detected: order 52 → factory 4
05/01/2026 06:37:35 PM INFO proposed_lbbd_solver - print: [Preprocess] Unprofitable assignment detected: order 53 → factory 7
05/01/2026 06:37:35 PM INFO proposed_lbbd_solver - print: [Preprocess] Unprofitable assignment detected: order 54 → factory 3
05/01/2026 06:37:35 PM INFO proposed_lbbd_solver - print: [Preprocess] Unprofitable assignment detected: order 55 → factory 2
05/01/2026 06:37:35 PM INFO proposed_lbbd_solver - print: [Preprocess] Unprofitable assignment detected: order 55 → factory 4
05/01/2026 06:37:35 PM INFO proposed_lbbd_solver - print: [Preprocess] Unprofitable assignment detected: order 55 → factory 7
05/01/2026 06:37:35 PM INFO proposed_lbbd_solver - print: [Preprocess] Unprofitable assignment detected: order 56 → factory 4
05/01/2026 06:37:35 PM INFO proposed_lbbd_solver - print: [Preprocess] Unprofitable assignment detected: order 57 → factory 1
05/01/2026 06:37:35 PM INFO proposed_lbbd_solver - print: [Preprocess] Unprofitable assignment detected: order 58 → factory 3
05/01/2026 06:37:35 PM INFO proposed_lbbd_solver - print: [Preprocess] Unprofitable assignment detected: order 58 → factory 4
05/01/2026 06:37:35 PM INFO proposed_lbbd_solver - print: [Preprocess] Unprofitable assignment detected: order 58 → factory 6
05/01/2026 06:37:35 PM INFO proposed_lbbd_solver - print: [Preprocess] Unprofitable assignment detected: order 58 → factory 7
05/01/2026 06:37:35 PM INFO proposed_lbbd_solver - print: [Preprocess] Unprofitable assignment detected: order 59 → factory 1
05/01/2026 06:37:35 PM INFO proposed_lbbd_solver - print: [Preprocess] Unprofitable assignment detected: order 59 → factory 3
05/01/2026 06:37:35 PM INFO proposed_lbbd_solver - print: [Preprocess] Unprofitable assignment detected: order 59 → factory 7
05/01/2026 06:37:35 PM INFO proposed_lbbd_solver - print: [Preprocess] Unprofitable assignment detected: order 61 → factory 1
05/01/2026 06:37:35 PM INFO proposed_lbbd_solver - print: [Preprocess] Unprofitable assignment detected: order 61 → factory 3
05/01/2026 06:37:35 PM INFO proposed_lbbd_solver - print: [Preprocess] Unprofitable assignment detected: order 61 → factory 4
05/01/2026 06:37:35 PM INFO proposed_lbbd_solver - print: [Preprocess] Unprofitable assignment detected: order 62 → factory 1
05/01/2026 06:37:35 PM INFO proposed_lbbd_solver - print: [Preprocess] Unprofitable assignment detected: order 62 → factory 3
05/01/2026 06:37:35 PM INFO proposed_lbbd_solver - print: [Preprocess] Unprofitable assignment detected: order 62 → factory 4
05/01/2026 06:37:35 PM INFO proposed_lbbd_solver - print: [Preprocess] Unprofitable assignment detected: order 65 → factory 1
05/01/2026 06:37:35 PM INFO proposed_lbbd_solver - print: [Preprocess] Unprofitable assignment detected: order 65 → factory 3
05/01/2026 06:37:35 PM INFO proposed_lbbd_solver - print: [Preprocess] Unprofitable assignment detected: order 65 → factory 4
05/01/2026 06:37:35 PM INFO proposed_lbbd_solver - print: [Preprocess] Unprofitable assignment detected: order 65 → factory 7
05/01/2026 06:37:35 PM INFO proposed_lbbd_solver - print: [Preprocess] Unprofitable assignments: 124
05/01/2026 06:37:35 PM INFO proposed_lbbd_solver - print: [Preprocess] Unprofitable orders: 0
05/01/2026 06:37:35 PM INFO proposed_lbbd_solver - print: [Preprocess] High-risk orders: 63
05/01/2026 06:37:35 PM INFO proposed_lbbd_solver - print: [Preprocess] Pairwise conflict detected: order 1 and order 7 in factory 1
05/01/2026 06:37:35 PM INFO proposed_lbbd_solver - print: [Preprocess] Pairwise conflict detected: order 1 and order 12 in factory 1
05/01/2026 06:37:35 PM INFO proposed_lbbd_solver - print: [Preprocess] Pairwise conflict detected: order 1 and order 13 in factory 1
05/01/2026 06:37:35 PM INFO proposed_lbbd_solver - print: [Preprocess] Pairwise conflict detected: order 1 and order 22 in factory 1
05/01/2026 06:37:35 PM INFO proposed_lbbd_solver - print: [Preprocess] Pairwise conflict detected: order 1 and order 41 in factory 1
05/01/2026 06:37:35 PM INFO proposed_lbbd_solver - print: [Preprocess] Pairwise conflict detected: order 1 and order 45 in factory 1
05/01/2026 06:37:35 PM INFO proposed_lbbd_solver - print: [Preprocess] Pairwise conflict detected: order 1 and order 61 in factory 1
05/01/2026 06:37:35 PM INFO proposed_lbbd_solver - print: [Preprocess] Pairwise conflict detected: order 1 and order 65 in factory 1
05/01/2026 06:37:35 PM INFO proposed_lbbd_solver - print: [Preprocess] Pairwise conflict detected: order 7 and order 12 in factory 1
05/01/2026 06:37:35 PM INFO proposed_lbbd_solver - print: [Preprocess] Pairwise conflict detected: order 7 and order 13 in factory 1
05/01/2026 06:37:35 PM INFO proposed_lbbd_solver - print: [Preprocess] Pairwise conflict detected: order 7 and order 22 in factory 1
05/01/2026 06:37:35 PM INFO proposed_lbbd_solver - print: [Preprocess] Pairwise conflict detected: order 7 and order 41 in factory 1
05/01/2026 06:37:35 PM INFO proposed_lbbd_solver - print: [Preprocess] Pairwise conflict detected: order 7 and order 45 in factory 1
05/01/2026 06:37:35 PM INFO proposed_lbbd_solver - print: [Preprocess] Pairwise conflict detected: order 7 and order 61 in factory 1
05/01/2026 06:37:35 PM INFO proposed_lbbd_solver - print: [Preprocess] Pairwise conflict detected: order 7 and order 65 in factory 1
05/01/2026 06:37:35 PM INFO proposed_lbbd_solver - print: [Preprocess] Pairwise conflict detected: order 12 and order 13 in factory 1
05/01/2026 06:37:35 PM INFO proposed_lbbd_solver - print: [Preprocess] Pairwise conflict detected: order 12 and order 22 in factory 1
05/01/2026 06:37:35 PM INFO proposed_lbbd_solver - print: [Preprocess] Pairwise conflict detected: order 12 and order 41 in factory 1
05/01/2026 06:37:35 PM INFO proposed_lbbd_solver - print: [Preprocess] Pairwise conflict detected: order 12 and order 45 in factory 1
05/01/2026 06:37:35 PM INFO proposed_lbbd_solver - print: [Preprocess] Pairwise conflict detected: order 12 and order 61 in factory 1
05/01/2026 06:37:35 PM INFO proposed_lbbd_solver - print: [Preprocess] Pairwise conflict detected: order 12 and order 65 in factory 1
05/01/2026 06:37:35 PM INFO proposed_lbbd_solver - print: [Preprocess] Pairwise conflict detected: order 13 and order 22 in factory 1
05/01/2026 06:37:35 PM INFO proposed_lbbd_solver - print: [Preprocess] Pairwise conflict detected: order 13 and order 41 in factory 1
05/01/2026 06:37:35 PM INFO proposed_lbbd_solver - print: [Preprocess] Pairwise conflict detected: order 13 and order 45 in factory 1
05/01/2026 06:37:35 PM INFO proposed_lbbd_solver - print: [Preprocess] Pairwise conflict detected: order 13 and order 61 in factory 1
05/01/2026 06:37:35 PM INFO proposed_lbbd_solver - print: [Preprocess] Pairwise conflict detected: order 13 and order 65 in factory 1
05/01/2026 06:37:35 PM INFO proposed_lbbd_solver - print: [Preprocess] Pairwise conflict detected: order 22 and order 41 in factory 1
05/01/2026 06:37:35 PM INFO proposed_lbbd_solver - print: [Preprocess] Pairwise conflict detected: order 22 and order 45 in factory 1
05/01/2026 06:37:35 PM INFO proposed_lbbd_solver - print: [Preprocess] Pairwise conflict detected: order 22 and order 61 in factory 1
05/01/2026 06:37:35 PM INFO proposed_lbbd_solver - print: [Preprocess] Pairwise conflict detected: order 22 and order 65 in factory 1
05/01/2026 06:37:35 PM INFO proposed_lbbd_solver - print: [Preprocess] Pairwise conflict detected: order 41 and order 45 in factory 1
05/01/2026 06:37:35 PM INFO proposed_lbbd_solver - print: [Preprocess] Pairwise conflict detected: order 41 and order 61 in factory 1
05/01/2026 06:37:35 PM INFO proposed_lbbd_solver - print: [Preprocess] Pairwise conflict detected: order 41 and order 65 in factory 1
05/01/2026 06:37:35 PM INFO proposed_lbbd_solver - print: [Preprocess] Pairwise conflict detected: order 45 and order 61 in factory 1
05/01/2026 06:37:35 PM INFO proposed_lbbd_solver - print: [Preprocess] Pairwise conflict detected: order 45 and order 65 in factory 1
05/01/2026 06:37:35 PM INFO proposed_lbbd_solver - print: [Preprocess] Pairwise conflict detected: order 61 and order 65 in factory 1
05/01/2026 06:37:35 PM INFO proposed_lbbd_solver - print: [Preprocess] Pairwise conflict detected: order 2 and order 7 in factory 3
05/01/2026 06:37:35 PM INFO proposed_lbbd_solver - print: [Preprocess] Pairwise conflict detected: order 2 and order 24 in factory 3
05/01/2026 06:37:35 PM INFO proposed_lbbd_solver - print: [Preprocess] Pairwise conflict detected: order 2 and order 51 in factory 3
05/01/2026 06:37:35 PM INFO proposed_lbbd_solver - print: [Preprocess] Pairwise conflict detected: order 7 and order 22 in factory 3
05/01/2026 06:37:35 PM INFO proposed_lbbd_solver - print: [Preprocess] Pairwise conflict detected: order 7 and order 24 in factory 3
05/01/2026 06:37:35 PM INFO proposed_lbbd_solver - print: [Preprocess] Pairwise conflict detected: order 7 and order 27 in factory 3
05/01/2026 06:37:35 PM INFO proposed_lbbd_solver - print: [Preprocess] Pairwise conflict detected: order 7 and order 35 in factory 3
05/01/2026 06:37:35 PM INFO proposed_lbbd_solver - print: [Preprocess] Pairwise conflict detected: order 7 and order 51 in factory 3
05/01/2026 06:37:35 PM INFO proposed_lbbd_solver - print: [Preprocess] Pairwise conflict detected: order 7 and order 54 in factory 3
05/01/2026 06:37:35 PM INFO proposed_lbbd_solver - print: [Preprocess] Pairwise conflict detected: order 7 and order 60 in factory 3
05/01/2026 06:37:35 PM INFO proposed_lbbd_solver - print: [Preprocess] Pairwise conflict detected: order 22 and order 24 in factory 3
05/01/2026 06:37:35 PM INFO proposed_lbbd_solver - print: [Preprocess] Pairwise conflict detected: order 22 and order 35 in factory 3
05/01/2026 06:37:35 PM INFO proposed_lbbd_solver - print: [Preprocess] Pairwise conflict detected: order 22 and order 51 in factory 3
05/01/2026 06:37:35 PM INFO proposed_lbbd_solver - print: [Preprocess] Pairwise conflict detected: order 24 and order 35 in factory 3
05/01/2026 06:37:35 PM INFO proposed_lbbd_solver - print: [Preprocess] Pairwise conflict detected: order 24 and order 51 in factory 3
05/01/2026 06:37:35 PM INFO proposed_lbbd_solver - print: [Preprocess] Pairwise conflict detected: order 27 and order 51 in factory 3
05/01/2026 06:37:35 PM INFO proposed_lbbd_solver - print: [Preprocess] Pairwise conflict detected: order 27 and order 54 in factory 3
05/01/2026 06:37:35 PM INFO proposed_lbbd_solver - print: [Preprocess] Pairwise conflict detected: order 35 and order 51 in factory 3
05/01/2026 06:37:35 PM INFO proposed_lbbd_solver - print: [Preprocess] Pairwise conflict detected: order 51 and order 54 in factory 3
05/01/2026 06:37:35 PM INFO proposed_lbbd_solver - print: [Preprocess] Pairwise conflict detected: order 51 and order 60 in factory 3
05/01/2026 06:37:35 PM INFO proposed_lbbd_solver - print: [Preprocess] Pairwise conflict detected: order 1 and order 10 in factory 4
05/01/2026 06:37:35 PM INFO proposed_lbbd_solver - print: [Preprocess] Pairwise conflict detected: order 1 and order 52 in factory 4
05/01/2026 06:37:35 PM INFO proposed_lbbd_solver - print: [Preprocess] Pairwise conflict detected: order 1 and order 55 in factory 4
05/01/2026 06:37:35 PM INFO proposed_lbbd_solver - print: [Preprocess] Pairwise conflict detected: order 1 and order 56 in factory 4
05/01/2026 06:37:35 PM INFO proposed_lbbd_solver - print: [Preprocess] Pairwise conflict detected: order 6 and order 10 in factory 4
05/01/2026 06:37:36 PM INFO proposed_lbbd_solver - print: [Preprocess] Pairwise conflict detected: order 6 and order 41 in factory 4
05/01/2026 06:37:36 PM INFO proposed_lbbd_solver - print: [Preprocess] Pairwise conflict detected: order 6 and order 55 in factory 4
05/01/2026 06:37:36 PM INFO proposed_lbbd_solver - print: [Preprocess] Pairwise conflict detected: order 6 and order 56 in factory 4
05/01/2026 06:37:36 PM INFO proposed_lbbd_solver - print: [Preprocess] Pairwise conflict detected: order 9 and order 10 in factory 4
05/01/2026 06:37:36 PM INFO proposed_lbbd_solver - print: [Preprocess] Pairwise conflict detected: order 9 and order 55 in factory 4
05/01/2026 06:37:36 PM INFO proposed_lbbd_solver - print: [Preprocess] Pairwise conflict detected: order 9 and order 56 in factory 4
05/01/2026 06:37:36 PM INFO proposed_lbbd_solver - print: [Preprocess] Pairwise conflict detected: order 10 and order 27 in factory 4
05/01/2026 06:37:36 PM INFO proposed_lbbd_solver - print: [Preprocess] Pairwise conflict detected: order 10 and order 41 in factory 4
05/01/2026 06:37:36 PM INFO proposed_lbbd_solver - print: [Preprocess] Pairwise conflict detected: order 10 and order 52 in factory 4
05/01/2026 06:37:36 PM INFO proposed_lbbd_solver - print: [Preprocess] Pairwise conflict detected: order 10 and order 55 in factory 4
05/01/2026 06:37:36 PM INFO proposed_lbbd_solver - print: [Preprocess] Pairwise conflict detected: order 10 and order 56 in factory 4
05/01/2026 06:37:36 PM INFO proposed_lbbd_solver - print: [Preprocess] Pairwise conflict detected: order 10 and order 62 in factory 4
05/01/2026 06:37:36 PM INFO proposed_lbbd_solver - print: [Preprocess] Pairwise conflict detected: order 27 and order 55 in factory 4
05/01/2026 06:37:36 PM INFO proposed_lbbd_solver - print: [Preprocess] Pairwise conflict detected: order 27 and order 56 in factory 4
05/01/2026 06:37:36 PM INFO proposed_lbbd_solver - print: [Preprocess] Pairwise conflict detected: order 41 and order 55 in factory 4
05/01/2026 06:37:36 PM INFO proposed_lbbd_solver - print: [Preprocess] Pairwise conflict detected: order 41 and order 56 in factory 4
05/01/2026 06:37:36 PM INFO proposed_lbbd_solver - print: [Preprocess] Pairwise conflict detected: order 52 and order 55 in factory 4
05/01/2026 06:37:36 PM INFO proposed_lbbd_solver - print: [Preprocess] Pairwise conflict detected: order 52 and order 56 in factory 4
05/01/2026 06:37:36 PM INFO proposed_lbbd_solver - print: [Preprocess] Pairwise conflict detected: order 52 and order 62 in factory 4
05/01/2026 06:37:36 PM INFO proposed_lbbd_solver - print: [Preprocess] Pairwise conflict detected: order 55 and order 56 in factory 4
05/01/2026 06:37:36 PM INFO proposed_lbbd_solver - print: [Preprocess] Pairwise conflict detected: order 55 and order 62 in factory 4
05/01/2026 06:37:36 PM INFO proposed_lbbd_solver - print: [Preprocess] Pairwise conflict detected: order 56 and order 62 in factory 4
05/01/2026 06:37:37 PM INFO proposed_lbbd_solver - print: [Preprocess] Pairwise conflict detected: order 1 and order 2 in factory 7
05/01/2026 06:37:37 PM INFO proposed_lbbd_solver - print: [Preprocess] Pairwise conflict detected: order 2 and order 45 in factory 7
05/01/2026 06:37:38 PM INFO proposed_lbbd_solver - print: [Preprocess] Pairwise conflict detected: order 23 and order 41 in factory 7
05/01/2026 06:37:38 PM INFO proposed_lbbd_solver - print: [Preprocess] Pairwise conflicts detected: 86
05/01/2026 06:37:38 PM INFO proposed_lbbd_solver - print: [Preprocess] Factory 2 has 6 clusters from 32 orders
05/01/2026 06:37:38 PM INFO proposed_lbbd_solver - print: [Preprocess] Cluster conflict detected: factory 2, orders [11, 20, 22, 28, 34, 56, 61, 62, 64]
05/01/2026 06:37:38 PM INFO proposed_lbbd_solver - print: [Preprocess] Cluster conflict detected: factory 2, orders [6, 8, 21, 23, 41, 54, 63]
05/01/2026 06:37:38 PM INFO proposed_lbbd_solver - print: [Preprocess] Cluster conflict detected: factory 2, orders [16, 17, 24, 44, 45, 52, 59]
05/01/2026 06:37:38 PM INFO proposed_lbbd_solver - print: [Preprocess] Factory 3 has 3 clusters from 13 orders
05/01/2026 06:37:38 PM INFO proposed_lbbd_solver - print: [Preprocess] Cluster conflict detected: factory 3, orders [6, 10, 15, 23, 57, 60]
05/01/2026 06:37:38 PM INFO proposed_lbbd_solver - print: [Preprocess] Cluster conflict detected: factory 3, orders [28, 34, 43, 44, 56]
05/01/2026 06:37:38 PM INFO proposed_lbbd_solver - print: [Preprocess] Factory 4 has 4 clusters from 19 orders
05/01/2026 06:37:38 PM INFO proposed_lbbd_solver - print: [Preprocess] Cluster conflict detected: factory 4, orders [17, 22, 24, 28, 39, 63, 64]
05/01/2026 06:37:38 PM INFO proposed_lbbd_solver - print: [Preprocess] Cluster conflict detected: factory 4, orders [1, 30, 35, 53]
05/01/2026 06:37:39 PM INFO proposed_lbbd_solver - print: [Preprocess] Cluster conflict detected: factory 4, orders [8, 26, 47, 57]
05/01/2026 06:37:39 PM INFO proposed_lbbd_solver - print: [Preprocess] Factory 5 has 7 clusters from 41 orders
05/01/2026 06:37:39 PM INFO proposed_lbbd_solver - print: [Preprocess] Cluster conflict detected: factory 5, orders [11, 16, 20, 22, 37, 38, 44, 48, 52, 56]
05/01/2026 06:37:39 PM INFO proposed_lbbd_solver - print: [Preprocess] Cluster conflict detected: factory 5, orders [6, 8, 9, 19, 21, 27, 46, 55]
05/01/2026 06:37:39 PM INFO proposed_lbbd_solver - print: [Preprocess] Cluster conflict detected: factory 5, orders [3, 13, 25, 33, 39, 49, 60]
05/01/2026 06:37:39 PM INFO proposed_lbbd_solver - print: [Preprocess] Cluster conflict detected: factory 5, orders [5, 12, 14, 47, 54]
05/01/2026 06:37:39 PM INFO proposed_lbbd_solver - print: [Preprocess] Factory 6 has 6 clusters from 36 orders
05/01/2026 06:37:39 PM INFO proposed_lbbd_solver - print: [Preprocess] Cluster conflict detected: factory 6, orders [43, 61, 22, 35, 62, 45, 38, 24, 56, 59, 20]
05/01/2026 06:37:39 PM INFO proposed_lbbd_solver - print: [Preprocess] Cluster conflict detected: factory 6, orders [4, 25, 36, 39, 41, 44, 51, 52, 60]
05/01/2026 06:37:39 PM INFO proposed_lbbd_solver - print: [Preprocess] Cluster conflict detected: factory 6, orders [1, 6, 8, 26, 30, 53, 64, 65]
05/01/2026 06:37:39 PM INFO proposed_lbbd_solver - print: [Preprocess] Factory 7 has 5 clusters from 25 orders
05/01/2026 06:37:40 PM INFO proposed_lbbd_solver - print: [Preprocess] Cluster conflict detected: factory 7, orders [4, 14, 15, 40, 47, 50, 51, 54, 57, 63]
05/01/2026 06:37:40 PM INFO proposed_lbbd_solver - print: [Preprocess] Cluster conflict detected: factory 7, orders [1, 22, 28, 30, 38, 42, 62, 64]
05/01/2026 06:37:40 PM INFO proposed_lbbd_solver - print: [Preprocess] Cluster conflicts detected: 17
05/01/2026 06:37:40 PM INFO proposed_lbbd_solver - print: [Master Enhancement] Capacity feasibility enhancement constrains: 7900
05/01/2026 06:37:40 PM INFO proposed_lbbd_solver - print: [Master Modeling] Earliest completion lower bounds constraints: 4
05/01/2026 06:37:40 PM INFO proposed_lbbd_solver - print: [Master Modeling] Makespan-based delay bounds constraints: 20
05/01/2026 06:37:40 PM INFO proposed_lbbd_solver - print: [Master Enhancement] Lower bound delay cost enhancement constrains: 10761
05/01/2026 06:37:40 PM INFO proposed_lbbd_solver - print: 
05/01/2026 06:37:40 PM INFO proposed_lbbd_solver - print: [Model Statistics]
05/01/2026 06:37:40 PM INFO proposed_lbbd_solver - print:   Variables: 383
05/01/2026 06:37:40 PM INFO proposed_lbbd_solver - print:   Constraints: 18872
05/01/2026 06:37:40 PM INFO proposed_lbbd_solver - print: 
05/01/2026 06:37:40 PM INFO proposed_lbbd_solver - print: [Preprocess Statistics]
05/01/2026 06:37:40 PM INFO proposed_lbbd_solver - print:   Infeasible eliminated: 13
05/01/2026 06:37:40 PM INFO proposed_lbbd_solver - print:   Unprofitable orders: 0
05/01/2026 06:37:40 PM INFO proposed_lbbd_solver - print:   Unprofitable assignments: 124
05/01/2026 06:37:40 PM INFO proposed_lbbd_solver - print:   Pairwise conflicts: 86
05/01/2026 06:37:40 PM INFO proposed_lbbd_solver - print:   Cluster conflicts: 17
05/01/2026 06:37:40 PM INFO proposed_lbbd_solver - print: 
05/01/2026 06:37:40 PM INFO proposed_lbbd_solver - print: [Master Enhancement Statistics]
05/01/2026 06:37:40 PM INFO proposed_lbbd_solver - print:   Capacity feasibility enhancement constrains: 7900
05/01/2026 06:37:40 PM INFO proposed_lbbd_solver - print:   Lower bound delay cost enhancement constrains: 10761
05/01/2026 06:37:40 PM INFO proposed_lbbd_solver - _callback: [Gurobi] Gurobi Optimizer version 10.0.1 build v10.0.1rc0 (win64)
05/01/2026 06:37:40 PM INFO proposed_lbbd_solver - _callback: [Gurobi] CPU model: Intel(R) Core(TM) Ultra 7 265KF, instruction set [SSE2|AVX|AVX2]
05/01/2026 06:37:40 PM INFO proposed_lbbd_solver - _callback: [Gurobi] Thread count: 20 physical cores, 20 logical processors, using up to 20 threads
05/01/2026 06:37:40 PM INFO proposed_lbbd_solver - _callback: [Gurobi] Optimize a model with 18872 rows, 383 columns and 245719 nonzeros
05/01/2026 06:37:40 PM INFO proposed_lbbd_solver - _callback: [Gurobi] Model fingerprint: 0x0508c96b
05/01/2026 06:37:40 PM INFO proposed_lbbd_solver - _callback: [Gurobi] Variable types: 21 continuous, 362 integer (362 binary)
05/01/2026 06:37:40 PM INFO proposed_lbbd_solver - _callback: [Gurobi] Coefficient statistics:
05/01/2026 06:37:40 PM INFO proposed_lbbd_solver - _callback: [Gurobi] Matrix range     [1e+00, 2e+03]
05/01/2026 06:37:40 PM INFO proposed_lbbd_solver - _callback: [Gurobi] Objective range  [1e+00, 3e+03]
05/01/2026 06:37:40 PM INFO proposed_lbbd_solver - _callback: [Gurobi] Bounds range     [1e+00, 3e+04]
05/01/2026 06:37:40 PM INFO proposed_lbbd_solver - _callback: [Gurobi] RHS range        [1e+00, 6e+03]
05/01/2026 06:37:40 PM INFO proposed_lbbd_solver - print: ***[Validated]*** obj=0.00, delay=0.00, bound=10000000000000000159028911097599180468360808563945281389781327557747838772170381060813469985856815104.00, gap=999999999999999977049513265245336628446842719924150006129995974731993452180789911303261294481511546880.00%, t=0.0s
05/01/2026 06:37:40 PM INFO proposed_lbbd_solver - _callback: [Gurobi] Found heuristic solution: objective -0.0000000
05/01/2026 06:37:41 PM INFO proposed_lbbd_solver - _callback: [Gurobi] Presolve removed 4861 rows and 140 columns
05/01/2026 06:37:41 PM INFO proposed_lbbd_solver - _callback: [Gurobi] Presolve time: 0.23s
05/01/2026 06:37:41 PM INFO proposed_lbbd_solver - _callback: [Gurobi] Presolved: 14011 rows, 243 columns, 195639 nonzeros
05/01/2026 06:37:41 PM INFO proposed_lbbd_solver - _callback: [Gurobi] Variable types: 21 continuous, 222 integer (222 binary)
05/01/2026 06:37:41 PM INFO proposed_lbbd_solver - print: >>>Parallel subproblem time: 0.043s for 7 factories
05/01/2026 06:37:41 PM INFO proposed_lbbd_solver - print:  Added optimal optimality cut: factory=2, orders=[2, 3, 6, 8, 11, 13, 21, 30], cost=74.77, theta_est=0.00
05/01/2026 06:37:41 PM INFO proposed_lbbd_solver - print:  Added optimal optimality cut: factory=4, orders=[28, 35, 39, 40, 63], cost=105.83, theta_est=0.00
05/01/2026 06:37:41 PM INFO proposed_lbbd_solver - print:  Added optimal optimality cut: factory=5, orders=[12, 16, 18, 19, 20, 32, 33, 37, 49, 55], cost=79.04, theta_est=0.00
05/01/2026 06:37:41 PM INFO proposed_lbbd_solver - print:  Added optimal optimality cut: factory=6, orders=[4, 5, 10, 24, 25, 29, 36, 41, 54, 59], cost=427.15, theta_est=0.00
05/01/2026 06:37:41 PM INFO proposed_lbbd_solver - print:  Added optimal optimality cut: factory=7, orders=[14, 15, 17, 22, 38, 42, 47, 50, 51], cost=881.30, theta_est=0.00
05/01/2026 06:37:41 PM INFO proposed_lbbd_solver - print: ***[Validated]*** obj=13150.25, delay=1568.10, bound=60487.51, gap=359.97%, t=0.3s
05/01/2026 06:37:41 PM INFO proposed_lbbd_solver - _callback: [Gurobi] Root relaxation presolved: 14016 rows, 243 columns, 195686 nonzeros
05/01/2026 06:37:41 PM INFO proposed_lbbd_solver - _callback: [Gurobi] Root relaxation: objective 2.126027e+04, 106 iterations, 0.04 seconds (0.07 work units)
05/01/2026 06:37:41 PM INFO proposed_lbbd_solver - _callback: [Gurobi] Nodes    |    Current Node    |     Objective Bounds      |     Work
05/01/2026 06:37:41 PM INFO proposed_lbbd_solver - _callback: [Gurobi] Expl Unexpl |  Obj  Depth IntInf | Incumbent    BestBd   Gap | It/Node Time
05/01/2026 06:37:41 PM INFO proposed_lbbd_solver - _callback: [Gurobi] 0     0 21260.2659    0   25   -0.00000 21260.2659      -     -    0s
05/01/2026 06:37:41 PM INFO proposed_lbbd_solver - print: >>>Parallel subproblem time: 0.059s for 7 factories
05/01/2026 06:37:41 PM INFO proposed_lbbd_solver - print:  Added optimal optimality cut: factory=4, orders=[17, 24, 35, 47], cost=79.63, theta_est=0.00
05/01/2026 06:37:41 PM INFO proposed_lbbd_solver - print:  Added optimal optimality cut: factory=5, orders=[3, 7, 10, 14, 16, 18, 20, 33, 39, 49], cost=8.78, theta_est=0.00
05/01/2026 06:37:41 PM INFO proposed_lbbd_solver - print:  Added optimal optimality cut: factory=7, orders=[8, 15, 28, 29, 30, 51, 54, 63], cost=72.85, theta_est=0.00
05/01/2026 06:37:41 PM INFO proposed_lbbd_solver - print: ***[Validated]*** obj=19769.23, delay=161.26, bound=21260.27, gap=7.54%, t=0.4s
05/01/2026 06:37:41 PM INFO proposed_lbbd_solver - print: >>>Parallel subproblem time: 0.029s for 7 factories
05/01/2026 06:37:41 PM INFO proposed_lbbd_solver - _callback: [Gurobi] H    0     0                    19769.228116 21260.2659  7.54%     -    0s
05/01/2026 06:37:41 PM INFO proposed_lbbd_solver - print: >>>Parallel subproblem time: 0.066s for 7 factories
05/01/2026 06:37:41 PM INFO proposed_lbbd_solver - print:  Added optimal optimality cut: factory=5, orders=[3, 7, 10, 14, 16, 18, 20, 33, 39, 42, 49], cost=1225.04, theta_est=264.31
05/01/2026 06:37:41 PM INFO proposed_lbbd_solver - print:  Added optimal optimality cut: factory=6, orders=[4, 5, 6, 38, 45, 50, 57, 59, 60, 61, 64], cost=482.36, theta_est=285.35
05/01/2026 06:37:41 PM INFO proposed_lbbd_solver - print:  Added optimal optimality cut: factory=7, orders=[8, 15, 28, 29, 30, 51, 52, 54, 63], cost=554.78, theta_est=152.72
05/01/2026 06:37:41 PM INFO proposed_lbbd_solver - print: >>>Parallel subproblem time: 0.023s for 7 factories
05/01/2026 06:37:41 PM INFO proposed_lbbd_solver - print:  Added optimal optimality cut: factory=5, orders=[3, 7, 10, 14, 16, 18, 20, 33, 39, 49, 54], cost=362.86, theta_est=8.78
05/01/2026 06:37:41 PM INFO proposed_lbbd_solver - print: ***[Validated]*** obj=19905.63, delay=456.95, bound=21260.27, gap=6.81%, t=0.6s
05/01/2026 06:37:41 PM INFO proposed_lbbd_solver - _callback: [Gurobi] 0     0 21141.1261    0   29 19769.2281 21141.1261  6.94%     -    0s
05/01/2026 06:37:41 PM INFO proposed_lbbd_solver - print: >>>Parallel subproblem time: 0.021s for 7 factories
05/01/2026 06:37:41 PM INFO proposed_lbbd_solver - _callback: [Gurobi] H    0     0                    19847.169563 21141.1261  6.52%     -    0s
05/01/2026 06:37:41 PM INFO proposed_lbbd_solver - print: >>>Parallel subproblem time: 0.029s for 7 factories
05/01/2026 06:37:41 PM INFO proposed_lbbd_solver - print:  Added optimal optimality cut: factory=5, orders=[7, 10, 14, 16, 20, 29, 33, 39, 42, 44, 49], cost=394.07, theta_est=255.64
05/01/2026 06:37:41 PM INFO proposed_lbbd_solver - print:  Added optimal optimality cut: factory=6, orders=[4, 5, 6, 24, 38, 50, 57, 59, 60, 61, 64], cost=208.23, theta_est=142.08
05/01/2026 06:37:41 PM INFO proposed_lbbd_solver - print:  Added optimal optimality cut: factory=7, orders=[8, 15, 28, 30, 51, 52, 54, 63], cost=130.54, theta_est=0.00
05/01/2026 06:37:41 PM INFO proposed_lbbd_solver - print: ***[Validated]*** obj=20294.32, delay=732.84, bound=21141.13, gap=4.17%, t=1.0s
05/01/2026 06:37:41 PM INFO proposed_lbbd_solver - print: >>>Parallel subproblem time: 0.028s for 7 factories
05/01/2026 06:37:41 PM INFO proposed_lbbd_solver - print: ***[Validated]*** obj=20326.63, delay=604.24, bound=21141.13, gap=4.01%, t=1.0s
05/01/2026 06:37:41 PM INFO proposed_lbbd_solver - _callback: [Gurobi] H    0     0                    20326.628045 21141.1261  4.01%     -    0s
05/01/2026 06:37:41 PM INFO proposed_lbbd_solver - _callback: [Gurobi] 0     0 21120.6222    0   31 20326.6280 21120.6222  3.91%     -    1s
05/01/2026 06:37:41 PM INFO proposed_lbbd_solver - _callback: [Gurobi] 0     0 21116.0117    0   25 20326.6280 21116.0117  3.88%     -    1s
05/01/2026 06:37:41 PM INFO proposed_lbbd_solver - _callback: [Gurobi] 0     0 21115.9429    0   25 20326.6280 21115.9429  3.88%     -    1s
05/01/2026 06:37:42 PM INFO proposed_lbbd_solver - _callback: [Gurobi] 0     0 21100.7702    0   29 20326.6280 21100.7702  3.81%     -    1s
05/01/2026 06:37:42 PM INFO proposed_lbbd_solver - _callback: [Gurobi] 0     0 21081.0956    0   35 20326.6280 21081.0956  3.71%     -    1s
05/01/2026 06:37:42 PM INFO proposed_lbbd_solver - _callback: [Gurobi] 0     0 21080.7781    0   37 20326.6280 21080.7781  3.71%     -    1s
05/01/2026 06:37:42 PM INFO proposed_lbbd_solver - _callback: [Gurobi] 0     0 21080.7420    0   35 20326.6280 21080.7420  3.71%     -    1s
05/01/2026 06:37:42 PM INFO proposed_lbbd_solver - _callback: [Gurobi] 0     0 21059.2397    0   37 20326.6280 21059.2397  3.60%     -    1s
05/01/2026 06:37:42 PM INFO proposed_lbbd_solver - print: >>>Parallel subproblem time: 0.031s for 7 factories
05/01/2026 06:37:42 PM INFO proposed_lbbd_solver - print:  Added optimal optimality cut: factory=5, orders=[7, 10, 14, 16, 20, 29, 33, 39, 42, 44, 49, 55], cost=535.63, theta_est=394.07
05/01/2026 06:37:42 PM INFO proposed_lbbd_solver - print: ***[Validated]*** obj=20432.37, delay=745.80, bound=21059.24, gap=3.07%, t=1.6s
05/01/2026 06:37:42 PM INFO proposed_lbbd_solver - _callback: [Gurobi] 0     0 21057.5238    0   38 20326.6280 21057.5238  3.60%     -    1s
05/01/2026 06:37:42 PM INFO proposed_lbbd_solver - print: >>>Parallel subproblem time: 0.026s for 7 factories
05/01/2026 06:37:42 PM INFO proposed_lbbd_solver - _callback: [Gurobi] H    0     0                    20432.302730 21057.5238  3.06%     -    1s
05/01/2026 06:37:42 PM INFO proposed_lbbd_solver - _callback: [Gurobi] 0     0 21054.2981    0   39 20432.3027 21054.2981  3.04%     -    1s
05/01/2026 06:37:42 PM INFO proposed_lbbd_solver - _callback: [Gurobi] 0     0 21053.9938    0   37 20432.3027 21053.9938  3.04%     -    1s
05/01/2026 06:37:42 PM INFO proposed_lbbd_solver - _callback: [Gurobi] 0     0 21039.1805    0   37 20432.3027 21039.1805  2.97%     -    1s
05/01/2026 06:37:42 PM INFO proposed_lbbd_solver - print: >>>Parallel subproblem time: 0.076s for 7 factories
05/01/2026 06:37:42 PM INFO proposed_lbbd_solver - print:  Added optimal optimality cut: factory=5, orders=[7, 10, 14, 16, 19, 20, 29, 33, 39, 42, 44, 49, 55], cost=2131.32, theta_est=741.76
05/01/2026 06:37:42 PM INFO proposed_lbbd_solver - print: >>>Parallel subproblem time: 0.026s for 7 factories
05/01/2026 06:37:42 PM INFO proposed_lbbd_solver - print:  Added optimal optimality cut: factory=2, orders=[2, 22, 23, 26, 34, 40, 41, 44, 45, 62], cost=51.26, theta_est=22.73
05/01/2026 06:37:42 PM INFO proposed_lbbd_solver - print:  Added optimal optimality cut: factory=6, orders=[4, 5, 6, 15, 24, 50, 57, 59, 60, 61, 64], cost=487.64, theta_est=29.71
05/01/2026 06:37:42 PM INFO proposed_lbbd_solver - print:  Added optimal optimality cut: factory=7, orders=[8, 28, 30, 38, 51, 52, 54, 63], cost=305.88, theta_est=-0.00
05/01/2026 06:37:42 PM INFO proposed_lbbd_solver - print: >>>Parallel subproblem time: 0.020s for 7 factories
05/01/2026 06:37:42 PM INFO proposed_lbbd_solver - _callback: [Gurobi] H    0     0                    20432.372730 21039.1805  2.97%     -    2s
05/01/2026 06:37:42 PM INFO proposed_lbbd_solver - _callback: [Gurobi] 0     0 21035.1559    0   40 20432.3727 21035.1559  2.95%     -    2s
05/01/2026 06:37:42 PM INFO proposed_lbbd_solver - _callback: [Gurobi] 0     0 21033.8655    0   45 20432.3727 21033.8655  2.94%     -    2s
05/01/2026 06:37:43 PM INFO proposed_lbbd_solver - _callback: [Gurobi] 0     0 21033.4276    0   43 20432.3727 21033.4276  2.94%     -    2s
05/01/2026 06:37:43 PM INFO proposed_lbbd_solver - _callback: [Gurobi] 0     0 21032.8988    0   44 20432.3727 21032.8988  2.94%     -    2s
05/01/2026 06:37:43 PM INFO proposed_lbbd_solver - _callback: [Gurobi] 0     0 21032.8711    0   44 20432.3727 21032.8711  2.94%     -    2s
05/01/2026 06:37:43 PM INFO proposed_lbbd_solver - _callback: [Gurobi] 0     0 21032.8505    0   44 20432.3727 21032.8505  2.94%     -    2s
05/01/2026 06:37:43 PM INFO proposed_lbbd_solver - _callback: [Gurobi] 0     0 21030.7583    0   41 20432.3727 21030.7583  2.93%     -    2s
05/01/2026 06:37:43 PM INFO proposed_lbbd_solver - _callback: [Gurobi] 0     0 21030.2851    0   47 20432.3727 21030.2851  2.93%     -    2s
05/01/2026 06:37:43 PM INFO proposed_lbbd_solver - _callback: [Gurobi] 0     0 21029.5380    0   47 20432.3727 21029.5380  2.92%     -    2s
05/01/2026 06:37:43 PM INFO proposed_lbbd_solver - _callback: [Gurobi] 0     0 21029.2241    0   44 20432.3727 21029.2241  2.92%     -    2s
05/01/2026 06:37:43 PM INFO proposed_lbbd_solver - _callback: [Gurobi] 0     0 21029.2011    0   44 20432.3727 21029.2011  2.92%     -    2s
05/01/2026 06:37:43 PM INFO proposed_lbbd_solver - _callback: [Gurobi] 0     0 21028.7023    0   47 20432.3727 21028.7023  2.92%     -    2s
05/01/2026 06:37:43 PM INFO proposed_lbbd_solver - _callback: [Gurobi] 0     0 21028.6188    0   46 20432.3727 21028.6188  2.92%     -    2s
05/01/2026 06:37:43 PM INFO proposed_lbbd_solver - _callback: [Gurobi] 0     0 21028.1485    0   45 20432.3727 21028.1485  2.92%     -    2s
05/01/2026 06:37:43 PM INFO proposed_lbbd_solver - _callback: [Gurobi] 0     0 21027.9293    0   41 20432.3727 21027.9293  2.91%     -    3s
05/01/2026 06:37:44 PM INFO proposed_lbbd_solver - _callback: [Gurobi] 0     0 21027.8154    0   43 20432.3727 21027.8154  2.91%     -    3s
05/01/2026 06:37:44 PM INFO proposed_lbbd_solver - _callback: [Gurobi] 0     0 21027.8118    0   45 20432.3727 21027.8118  2.91%     -    3s
05/01/2026 06:37:44 PM INFO proposed_lbbd_solver - _callback: [Gurobi] 0     0 21027.6915    0   44 20432.3727 21027.6915  2.91%     -    3s
05/01/2026 06:37:44 PM INFO proposed_lbbd_solver - _callback: [Gurobi] 0     0 21027.5901    0   43 20432.3727 21027.5901  2.91%     -    3s
05/01/2026 06:37:44 PM INFO proposed_lbbd_solver - _callback: [Gurobi] 0     0 21027.1429    0   45 20432.3727 21027.1429  2.91%     -    3s
05/01/2026 06:37:44 PM INFO proposed_lbbd_solver - print: >>>Parallel subproblem time: 0.027s for 7 factories
05/01/2026 06:37:44 PM INFO proposed_lbbd_solver - print:  Added optimal optimality cut: factory=3, orders=[1, 44, 53, 56], cost=121.93, theta_est=0.00
05/01/2026 06:37:44 PM INFO proposed_lbbd_solver - print:  Added optimal optimality cut: factory=5, orders=[7, 10, 14, 16, 19, 20, 33, 39, 42, 49, 54], cost=94.29, theta_est=23.99
05/01/2026 06:37:44 PM INFO proposed_lbbd_solver - print:  Added optimal optimality cut: factory=7, orders=[8, 15, 28, 29, 30, 38, 51, 63], cost=197.29, theta_est=0.00
05/01/2026 06:37:44 PM INFO proposed_lbbd_solver - _callback: [Gurobi] 0     0 21027.0963    0   45 20432.3727 21027.0963  2.91%     -    3s
05/01/2026 06:37:44 PM INFO proposed_lbbd_solver - _callback: [Gurobi] 0     0 21027.0953    0   45 20432.3727 21027.0953  2.91%     -    3s
05/01/2026 06:37:44 PM INFO proposed_lbbd_solver - _callback: [Gurobi] 0     0 21026.8217    0   45 20432.3727 21026.8217  2.91%     -    4s
05/01/2026 06:37:44 PM INFO proposed_lbbd_solver - _callback: [Gurobi] 0     0 21026.7353    0   47 20432.3727 21026.7353  2.91%     -    4s
05/01/2026 06:37:44 PM INFO proposed_lbbd_solver - _callback: [Gurobi] 0     0 21026.7316    0   47 20432.3727 21026.7316  2.91%     -    4s
05/01/2026 06:37:45 PM INFO proposed_lbbd_solver - _callback: [Gurobi] 0     0 21026.2233    0   47 20432.3727 21026.2233  2.91%     -    4s
05/01/2026 06:37:45 PM INFO proposed_lbbd_solver - _callback: [Gurobi] 0     0 21026.1407    0   48 20432.3727 21026.1407  2.91%     -    4s
05/01/2026 06:37:45 PM INFO proposed_lbbd_solver - _callback: [Gurobi] 0     0 21026.1288    0   48 20432.3727 21026.1288  2.91%     -    4s
05/01/2026 06:37:45 PM INFO proposed_lbbd_solver - _callback: [Gurobi] 0     0 21026.0270    0   47 20432.3727 21026.0270  2.91%     -    4s
05/01/2026 06:37:45 PM INFO proposed_lbbd_solver - _callback: [Gurobi] 0     0 21026.0238    0   48 20432.3727 21026.0238  2.91%     -    4s
05/01/2026 06:37:45 PM INFO proposed_lbbd_solver - _callback: [Gurobi] 0     0 21026.0041    0   47 20432.3727 21026.0041  2.91%     -    5s
05/01/2026 06:37:45 PM INFO proposed_lbbd_solver - _callback: [Gurobi] 0     0 21025.9917    0   48 20432.3727 21025.9917  2.91%     -    5s
05/01/2026 06:37:46 PM INFO proposed_lbbd_solver - _callback: [Gurobi] 0     0 21025.7575    0   46 20432.3727 21025.7575  2.90%     -    5s
05/01/2026 06:37:46 PM INFO proposed_lbbd_solver - _callback: [Gurobi] 0     0 21025.7575    0   46 20432.3727 21025.7575  2.90%     -    5s
05/01/2026 06:37:46 PM INFO proposed_lbbd_solver - print: >>>Parallel subproblem time: 0.020s for 7 factories
05/01/2026 06:37:46 PM INFO proposed_lbbd_solver - print:  Added optimal optimality cut: factory=5, orders=[7, 10, 14, 16, 18, 19, 20, 29, 33, 42, 49], cost=155.82, theta_est=26.25
05/01/2026 06:37:46 PM INFO proposed_lbbd_solver - print:  Added feasibility cut: factory=6, conflict orders=[4, 5, 6, 24, 39, 50, 54, 57, 59, 60, 61, 64]
05/01/2026 06:37:46 PM INFO proposed_lbbd_solver - print:  Added optimal optimality cut: factory=7, orders=[8, 15, 28, 30, 38, 51, 52, 63], cost=305.88, theta_est=0.00
05/01/2026 06:37:46 PM INFO proposed_lbbd_solver - print: >>>Parallel subproblem time: 0.023s for 7 factories
05/01/2026 06:37:46 PM INFO proposed_lbbd_solver - print:  Added optimal optimality cut: factory=5, orders=[7, 10, 14, 18, 19, 20, 29, 33, 39, 42, 49], cost=151.04, theta_est=5.34
05/01/2026 06:37:46 PM INFO proposed_lbbd_solver - print:  Added optimal optimality cut: factory=6, orders=[4, 5, 6, 15, 24, 50, 59, 60, 61, 64], cost=71.73, theta_est=0.00
05/01/2026 06:37:46 PM INFO proposed_lbbd_solver - print: >>>Parallel subproblem time: 0.028s for 7 factories
05/01/2026 06:37:46 PM INFO proposed_lbbd_solver - print:  Added optimal optimality cut: factory=5, orders=[7, 10, 14, 18, 19, 20, 29, 32, 33, 42, 49], cost=213.04, theta_est=53.06
05/01/2026 06:37:46 PM INFO proposed_lbbd_solver - print:  Added optimal optimality cut: factory=6, orders=[4, 5, 6, 15, 24, 39, 57, 59, 60, 61, 64], cost=616.85, theta_est=59.43
05/01/2026 06:37:46 PM INFO proposed_lbbd_solver - print:  Added optimal optimality cut: factory=7, orders=[8, 28, 30, 38, 50, 51, 52, 54, 63], cost=1018.37, theta_est=305.88
05/01/2026 06:37:46 PM INFO proposed_lbbd_solver - print: >>>Parallel subproblem time: 0.022s for 7 factories
05/01/2026 06:37:46 PM INFO proposed_lbbd_solver - print:  Added optimal optimality cut: factory=5, orders=[5, 7, 10, 14, 18, 20, 29, 33, 39, 42, 49], cost=268.47, theta_est=103.25
05/01/2026 06:37:46 PM INFO proposed_lbbd_solver - print:  Added optimal optimality cut: factory=6, orders=[4, 6, 15, 24, 50, 57, 59, 60, 61, 64], cost=71.73, theta_est=9.33
05/01/2026 06:37:46 PM INFO proposed_lbbd_solver - print: >>>Parallel subproblem time: 0.025s for 7 factories
05/01/2026 06:37:46 PM INFO proposed_lbbd_solver - print:  Added optimal optimality cut: factory=5, orders=[7, 10, 14, 16, 19, 20, 29, 32, 33, 39, 42, 49], cost=273.32, theta_est=172.67
05/01/2026 06:37:47 PM INFO proposed_lbbd_solver - print: >>>Parallel subproblem time: 0.028s for 7 factories
05/01/2026 06:37:47 PM INFO proposed_lbbd_solver - print:  Added optimal optimality cut: factory=5, orders=[7, 10, 14, 18, 20, 29, 33, 39, 42, 49, 55], cost=164.95, theta_est=89.45
05/01/2026 06:37:47 PM INFO proposed_lbbd_solver - print: >>>Parallel subproblem time: 0.036s for 7 factories
05/01/2026 06:37:47 PM INFO proposed_lbbd_solver - print:  Added optimal optimality cut: factory=2, orders=[2, 22, 23, 26, 34, 40, 41, 44, 52, 62], cost=64.94, theta_est=33.73
05/01/2026 06:37:47 PM INFO proposed_lbbd_solver - print:  Added optimal optimality cut: factory=5, orders=[3, 7, 10, 14, 16, 19, 20, 29, 33, 39, 42, 49], cost=182.61, theta_est=113.65
05/01/2026 06:37:47 PM INFO proposed_lbbd_solver - print:  Added optimal optimality cut: factory=6, orders=[4, 5, 6, 15, 24, 45, 57, 59, 60, 61, 64], cost=765.98, theta_est=164.78
05/01/2026 06:37:47 PM INFO proposed_lbbd_solver - print:  Added optimal optimality cut: factory=7, orders=[8, 28, 30, 38, 50, 51, 54, 63], cost=210.18, theta_est=0.00
05/01/2026 06:37:48 PM INFO proposed_lbbd_solver - print: >>>Parallel subproblem time: 0.023s for 7 factories
05/01/2026 06:37:48 PM INFO proposed_lbbd_solver - print:  Added optimal optimality cut: factory=6, orders=[4, 5, 6, 24, 45, 50, 57, 59, 60, 64], cost=49.71, theta_est=0.00
05/01/2026 06:37:48 PM INFO proposed_lbbd_solver - print:  Added optimal optimality cut: factory=7, orders=[8, 15, 28, 30, 38, 51, 54, 63], cost=72.85, theta_est=0.00
05/01/2026 06:37:48 PM INFO proposed_lbbd_solver - print: ***[Validated]*** obj=20656.96, delay=122.56, bound=21025.76, gap=1.79%, t=7.6s
05/01/2026 06:37:49 PM INFO proposed_lbbd_solver - print: >>>Parallel subproblem time: 0.021s for 7 factories
05/01/2026 06:37:49 PM INFO proposed_lbbd_solver - print:  Added optimal optimality cut: factory=6, orders=[4, 5, 6, 15, 24, 38, 50, 57, 59, 60, 64], cost=191.06, theta_est=126.54
05/01/2026 06:37:49 PM INFO proposed_lbbd_solver - print:  Added optimal optimality cut: factory=7, orders=[8, 28, 30, 51, 52, 54, 63], cost=72.15, theta_est=0.00
05/01/2026 06:37:49 PM INFO proposed_lbbd_solver - print: >>>Parallel subproblem time: 0.030s for 7 factories
05/01/2026 06:37:49 PM INFO proposed_lbbd_solver - print:  Added optimal optimality cut: factory=7, orders=[8, 15, 28, 30, 51, 54, 63], cost=72.85, theta_est=0.00
05/01/2026 06:37:50 PM INFO proposed_lbbd_solver - print: >>>Parallel subproblem time: 0.017s for 7 factories
05/01/2026 06:37:50 PM INFO proposed_lbbd_solver - print:  Added optimal optimality cut: factory=6, orders=[4, 5, 6, 24, 45, 54, 57, 59, 60, 64], cost=191.60, theta_est=0.00
05/01/2026 06:37:50 PM INFO proposed_lbbd_solver - print:  Added optimal optimality cut: factory=7, orders=[8, 15, 28, 30, 38, 50, 51, 63], cost=210.18, theta_est=0.00
05/01/2026 06:37:50 PM INFO proposed_lbbd_solver - print: >>>Parallel subproblem time: 0.026s for 7 factories
05/01/2026 06:37:50 PM INFO proposed_lbbd_solver - _callback: [Gurobi] H    0     2                    20656.886558 21025.7575  1.79%     -    9s
05/01/2026 06:37:50 PM INFO proposed_lbbd_solver - _callback: [Gurobi] 0     2 21023.3261    0   44 20656.8866 21023.3261  1.77%     -    9s
05/01/2026 06:37:50 PM INFO proposed_lbbd_solver - _callback: [Gurobi] 1     4 20949.2478    1   39 20656.8866 21022.5810  1.77%  46.0   10s
05/01/2026 06:37:51 PM INFO proposed_lbbd_solver - print: >>>Parallel subproblem time: 0.035s for 7 factories
05/01/2026 06:37:51 PM INFO proposed_lbbd_solver - print:  Added optimal optimality cut: factory=7, orders=[8, 15, 28, 30, 51, 52, 57, 63], cost=72.15, theta_est=0.00
05/01/2026 06:37:51 PM INFO proposed_lbbd_solver - print: ***[Validated]*** obj=20719.91, delay=72.15, bound=20984.89, gap=1.28%, t=10.3s
05/01/2026 06:37:51 PM INFO proposed_lbbd_solver - print: >>>Parallel subproblem time: 0.026s for 7 factories
05/01/2026 06:37:51 PM INFO proposed_lbbd_solver - _callback: [Gurobi] H   30    41                    20656.956558 20973.9614  1.53%  28.8   10s
05/01/2026 06:37:53 PM INFO proposed_lbbd_solver - print: >>>Parallel subproblem time: 0.035s for 7 factories
05/01/2026 06:37:53 PM INFO proposed_lbbd_solver - print:  Added optimal optimality cut: factory=5, orders=[10, 14, 16, 19, 20, 29, 39, 42, 44, 49, 54], cost=175.24, theta_est=30.97
05/01/2026 06:37:53 PM INFO proposed_lbbd_solver - print:  Added optimal optimality cut: factory=7, orders=[8, 15, 28, 30, 38, 51, 63], cost=14.46, theta_est=0.00
05/01/2026 06:37:53 PM INFO proposed_lbbd_solver - print: >>>Parallel subproblem time: 0.029s for 7 factories
05/01/2026 06:37:53 PM INFO proposed_lbbd_solver - print:  Added optimal optimality cut: factory=7, orders=[8, 28, 30, 38, 51, 54, 63], cost=14.46, theta_est=0.00
05/01/2026 06:37:54 PM INFO proposed_lbbd_solver - print: >>>Parallel subproblem time: 0.028s for 7 factories
05/01/2026 06:37:54 PM INFO proposed_lbbd_solver - _callback: [Gurobi] H   92    90                    20667.402900 20973.2357  1.48%  17.0   13s
05/01/2026 06:37:54 PM INFO proposed_lbbd_solver - print: >>>Parallel subproblem time: 0.027s for 7 factories
05/01/2026 06:37:54 PM INFO proposed_lbbd_solver - print:  Added optimal optimality cut: factory=6, orders=[4, 5, 6, 15, 24, 45, 50, 59, 60, 64], cost=182.02, theta_est=0.14
05/01/2026 06:37:54 PM INFO proposed_lbbd_solver - print:  Added optimal optimality cut: factory=7, orders=[8, 28, 30, 38, 51, 52, 57, 63], cost=305.88, theta_est=0.00
05/01/2026 06:37:54 PM INFO proposed_lbbd_solver - print: >>>Parallel subproblem time: 0.034s for 7 factories
05/01/2026 06:37:54 PM INFO proposed_lbbd_solver - print:  Added optimal optimality cut: factory=4, orders=[17, 24, 35], cost=79.63, theta_est=0.00
05/01/2026 06:37:54 PM INFO proposed_lbbd_solver - print:  Added optimal optimality cut: factory=5, orders=[10, 14, 16, 19, 20, 29, 33, 42, 44, 49, 54], cost=149.69, theta_est=103.46
05/01/2026 06:37:54 PM INFO proposed_lbbd_solver - print:  Added optimal optimality cut: factory=6, orders=[4, 5, 6, 38, 39, 50, 57, 59, 60, 61, 64], cost=387.36, theta_est=178.86
05/01/2026 06:37:54 PM INFO proposed_lbbd_solver - print:  Added optimal optimality cut: factory=7, orders=[8, 15, 28, 30, 47, 51, 52, 63], cost=72.15, theta_est=0.00
05/01/2026 06:37:55 PM INFO proposed_lbbd_solver - print: >>>Parallel subproblem time: 0.033s for 7 factories
05/01/2026 06:37:55 PM INFO proposed_lbbd_solver - print: ***[Validated]*** obj=20721.59, delay=14.46, bound=20943.44, gap=1.07%, t=14.5s
05/01/2026 06:37:55 PM INFO proposed_lbbd_solver - _callback: [Gurobi] H  618   406                    20670.451028 20943.4403  1.32%   8.1   14s
05/01/2026 06:37:55 PM INFO proposed_lbbd_solver - print: >>>Parallel subproblem time: 0.035s for 7 factories
05/01/2026 06:37:55 PM INFO proposed_lbbd_solver - print:  Added optimal optimality cut: factory=7, orders=[8, 15, 28, 30, 51, 52, 63], cost=72.15, theta_est=0.00
05/01/2026 06:37:55 PM INFO proposed_lbbd_solver - print: >>>Parallel subproblem time: 0.028s for 7 factories
05/01/2026 06:37:55 PM INFO proposed_lbbd_solver - _callback: [Gurobi] H  771   516                    20681.073979 20943.4403  1.27%   8.0   14s
05/01/2026 06:37:55 PM INFO proposed_lbbd_solver - _callback: [Gurobi] 772   516 20833.6671   11   27 20681.0740 20943.4403  1.27%   8.0   15s
05/01/2026 06:37:55 PM INFO proposed_lbbd_solver - print: >>>Parallel subproblem time: 0.022s for 7 factories
05/01/2026 06:37:55 PM INFO proposed_lbbd_solver - print:  Added optimal optimality cut: factory=6, orders=[4, 5, 6, 15, 24, 45, 59, 60, 61, 64], cost=234.43, theta_est=35.51
05/01/2026 06:37:55 PM INFO proposed_lbbd_solver - print:  Added optimal optimality cut: factory=7, orders=[8, 28, 30, 38, 50, 51, 57, 63], cost=210.18, theta_est=0.00
05/01/2026 06:37:56 PM INFO proposed_lbbd_solver - print: >>>Parallel subproblem time: 0.036s for 7 factories
05/01/2026 06:37:56 PM INFO proposed_lbbd_solver - print:  Added optimal optimality cut: factory=2, orders=[2, 13, 22, 23, 26, 34, 40, 41, 45, 52, 62], cost=325.79, theta_est=224.01
05/01/2026 06:37:56 PM INFO proposed_lbbd_solver - print:  Added optimal optimality cut: factory=5, orders=[5, 7, 10, 14, 16, 20, 29, 33, 42, 44, 49], cost=63.42, theta_est=20.58
05/01/2026 06:37:56 PM INFO proposed_lbbd_solver - print:  Added optimal optimality cut: factory=6, orders=[4, 6, 24, 38, 54, 57, 59, 60, 61, 64], cost=10.87, theta_est=0.00
05/01/2026 06:37:56 PM INFO proposed_lbbd_solver - print:  Added optimal optimality cut: factory=7, orders=[8, 15, 28, 30, 50, 51, 63], cost=210.18, theta_est=0.00
05/01/2026 06:37:56 PM INFO proposed_lbbd_solver - print: >>>Parallel subproblem time: 0.028s for 7 factories
05/01/2026 06:37:56 PM INFO proposed_lbbd_solver - print:  Added optimal optimality cut: factory=5, orders=[3, 7, 10, 14, 18, 19, 20, 29, 33, 42, 49], cost=214.30, theta_est=0.00
05/01/2026 06:37:56 PM INFO proposed_lbbd_solver - print: >>>Parallel subproblem time: 0.027s for 7 factories
05/01/2026 06:37:56 PM INFO proposed_lbbd_solver - print:  Added optimal optimality cut: factory=5, orders=[7, 10, 14, 18, 19, 20, 29, 33, 42, 44, 49], cost=444.60, theta_est=159.00
05/01/2026 06:37:56 PM INFO proposed_lbbd_solver - print: >>>Parallel subproblem time: 0.029s for 7 factories
05/01/2026 06:37:56 PM INFO proposed_lbbd_solver - print:  Added optimal optimality cut: factory=6, orders=[4, 5, 6, 15, 24, 50, 57, 59, 60, 64], cost=19.03, theta_est=16.46
05/01/2026 06:37:56 PM INFO proposed_lbbd_solver - print:  Added optimal optimality cut: factory=7, orders=[8, 28, 30, 38, 51, 52, 63], cost=305.88, theta_est=0.00
05/01/2026 06:37:57 PM INFO proposed_lbbd_solver - print: >>>Parallel subproblem time: 0.033s for 7 factories
05/01/2026 06:37:57 PM INFO proposed_lbbd_solver - _callback: [Gurobi] H 1466   897                    20689.632696 20941.3293  1.22%   6.8   16s
05/01/2026 06:37:57 PM INFO proposed_lbbd_solver - print: >>>Parallel subproblem time: 0.056s for 7 factories
05/01/2026 06:37:57 PM INFO proposed_lbbd_solver - print:  Added optimal optimality cut: factory=7, orders=[8, 28, 30, 51, 52, 57, 63], cost=72.15, theta_est=0.00
05/01/2026 06:37:57 PM INFO proposed_lbbd_solver - print: >>>Parallel subproblem time: 0.031s for 7 factories
05/01/2026 06:37:57 PM INFO proposed_lbbd_solver - _callback: [Gurobi] H 1582   934                    20690.992281 20935.1821  1.18%   6.6   16s
05/01/2026 06:37:57 PM INFO proposed_lbbd_solver - print: >>>Parallel subproblem time: 0.031s for 7 factories
05/01/2026 06:37:57 PM INFO proposed_lbbd_solver - print:  Added optimal optimality cut: factory=7, orders=[8, 15, 17, 28, 30, 51, 57, 63], cost=14.46, theta_est=0.00
05/01/2026 06:37:57 PM INFO proposed_lbbd_solver - print: ***[Validated]*** obj=20737.39, delay=14.46, bound=20935.18, gap=0.95%, t=16.8s
05/01/2026 06:37:57 PM INFO proposed_lbbd_solver - print: >>>Parallel subproblem time: 0.028s for 7 factories
05/01/2026 06:37:57 PM INFO proposed_lbbd_solver - _callback: [Gurobi] H 1866  1066                    20696.835591 20935.1821  1.15%   6.5   16s
05/01/2026 06:37:57 PM INFO proposed_lbbd_solver - print: >>>Parallel subproblem time: 0.031s for 7 factories
05/01/2026 06:37:57 PM INFO proposed_lbbd_solver - print:  Added optimal optimality cut: factory=5, orders=[5, 10, 14, 16, 20, 29, 33, 39, 42, 49, 54], cost=176.73, theta_est=47.71
05/01/2026 06:37:57 PM INFO proposed_lbbd_solver - print:  Added optimal optimality cut: factory=7, orders=[8, 28, 30, 51, 52, 63], cost=72.15, theta_est=0.00
05/01/2026 06:37:57 PM INFO proposed_lbbd_solver - print: >>>Parallel subproblem time: 0.026s for 7 factories
05/01/2026 06:37:57 PM INFO proposed_lbbd_solver - print:  Added optimal optimality cut: factory=6, orders=[4, 5, 6, 24, 38, 50, 54, 59, 60, 61, 64], cost=257.46, theta_est=174.19
05/01/2026 06:37:57 PM INFO proposed_lbbd_solver - print:  Added optimal optimality cut: factory=7, orders=[8, 15, 28, 30, 51, 57, 63], cost=14.46, theta_est=0.00
05/01/2026 06:37:58 PM INFO proposed_lbbd_solver - print: >>>Parallel subproblem time: 0.029s for 7 factories
05/01/2026 06:37:58 PM INFO proposed_lbbd_solver - print:  Added optimal optimality cut: factory=5, orders=[5, 7, 10, 14, 16, 18, 20, 29, 33, 42, 49], cost=277.76, theta_est=124.16
05/01/2026 06:37:58 PM INFO proposed_lbbd_solver - print:  Added optimal optimality cut: factory=6, orders=[4, 6, 15, 38, 45, 50, 57, 59, 60, 64], cost=38.42, theta_est=0.00
05/01/2026 06:37:58 PM INFO proposed_lbbd_solver - print:  Added optimal optimality cut: factory=7, orders=[8, 17, 28, 30, 51, 54, 63], cost=14.46, theta_est=0.00
05/01/2026 06:37:58 PM INFO proposed_lbbd_solver - print: >>>Parallel subproblem time: 0.031s for 7 factories
05/01/2026 06:37:58 PM INFO proposed_lbbd_solver - print:  Added optimal optimality cut: factory=5, orders=[3, 7, 10, 14, 16, 20, 29, 33, 39, 42, 49, 55], cost=264.05, theta_est=197.76
05/01/2026 06:37:58 PM INFO proposed_lbbd_solver - print:  Added optimal optimality cut: factory=7, orders=[8, 15, 30, 38, 51, 52, 57, 62, 63], cost=200.79, theta_est=0.00
05/01/2026 06:37:58 PM INFO proposed_lbbd_solver - print: >>>Parallel subproblem time: 0.032s for 7 factories
05/01/2026 06:37:58 PM INFO proposed_lbbd_solver - print:  Added optimal optimality cut: factory=5, orders=[5, 7, 10, 14, 20, 29, 33, 39, 42, 44, 49], cost=146.08, theta_est=55.83
05/01/2026 06:37:58 PM INFO proposed_lbbd_solver - print: >>>Parallel subproblem time: 0.027s for 7 factories
05/01/2026 06:37:58 PM INFO proposed_lbbd_solver - _callback: [Gurobi] * 2725  1379              31    20699.156396 20921.3590  1.07%   6.0   18s
05/01/2026 06:37:59 PM INFO proposed_lbbd_solver - print: >>>Parallel subproblem time: 0.028s for 7 factories
05/01/2026 06:37:59 PM INFO proposed_lbbd_solver - print:  Added optimal optimality cut: factory=7, orders=[8, 24, 28, 30, 51, 54, 57, 63], cost=14.46, theta_est=0.00
05/01/2026 06:37:59 PM INFO proposed_lbbd_solver - print: >>>Parallel subproblem time: 0.027s for 7 factories
05/01/2026 06:37:59 PM INFO proposed_lbbd_solver - _callback: [Gurobi] H 2770  1400                    20710.703057 20921.3590  1.02%   6.0   18s
05/01/2026 06:37:59 PM INFO proposed_lbbd_solver - print: >>>Parallel subproblem time: 0.025s for 7 factories
05/01/2026 06:37:59 PM INFO proposed_lbbd_solver - _callback: [Gurobi] * 2933  1402              35    20714.618053 20904.6361  0.92%   6.0   18s
05/01/2026 06:37:59 PM INFO proposed_lbbd_solver - print: >>>Parallel subproblem time: 0.028s for 7 factories
05/01/2026 06:37:59 PM INFO proposed_lbbd_solver - print:  Added optimal optimality cut: factory=6, orders=[4, 6, 15, 24, 38, 45, 57, 59, 60, 64], cost=45.71, theta_est=0.58
05/01/2026 06:37:59 PM INFO proposed_lbbd_solver - print:  Added optimal optimality cut: factory=7, orders=[8, 28, 30, 50, 51, 54, 63], cost=210.18, theta_est=-0.00
05/01/2026 06:37:59 PM INFO proposed_lbbd_solver - print: >>>Parallel subproblem time: 0.026s for 7 factories
05/01/2026 06:37:59 PM INFO proposed_lbbd_solver - print:  Added optimal optimality cut: factory=2, orders=[2, 13, 22, 23, 26, 40, 41, 45, 52, 61, 62], cost=177.23, theta_est=137.26
05/01/2026 06:37:59 PM INFO proposed_lbbd_solver - print:  Added optimal optimality cut: factory=6, orders=[4, 5, 6, 24, 39, 50, 54, 59, 60, 64], cost=91.77, theta_est=0.00
05/01/2026 06:38:00 PM INFO proposed_lbbd_solver - print: >>>Parallel subproblem time: 0.028s for 7 factories
05/01/2026 06:38:00 PM INFO proposed_lbbd_solver - print:  Added optimal optimality cut: factory=6, orders=[4, 5, 6, 15, 45, 50, 57, 59, 60, 64], cost=87.52, theta_est=16.46
05/01/2026 06:38:00 PM INFO proposed_lbbd_solver - print:  Added optimal optimality cut: factory=7, orders=[8, 17, 28, 30, 38, 51, 54, 63], cost=173.16, theta_est=14.46
05/01/2026 06:38:00 PM INFO proposed_lbbd_solver - _callback: [Gurobi] 4013  1780 20729.9974   29   12 20714.6181 20880.4755  0.80%   6.0   20s
05/01/2026 06:38:01 PM INFO proposed_lbbd_solver - print: >>>Parallel subproblem time: 0.031s for 7 factories
05/01/2026 06:38:01 PM INFO proposed_lbbd_solver - print: ***[Validated]*** obj=20769.21, delay=72.15, bound=20854.19, gap=0.41%, t=21.0s
05/01/2026 06:38:01 PM INFO proposed_lbbd_solver - _callback: [Gurobi] H 4666  1856                    20730.401954 20854.1936  0.60%   6.0   20s
05/01/2026 06:38:01 PM INFO proposed_lbbd_solver - print: >>>Parallel subproblem time: 0.029s for 7 factories
05/01/2026 06:38:01 PM INFO proposed_lbbd_solver - _callback: [Gurobi] H 4667  1769                    20737.392417 20854.1936  0.56%   6.0   21s
05/01/2026 06:38:01 PM INFO proposed_lbbd_solver - print: >>>Parallel subproblem time: 0.027s for 7 factories
05/01/2026 06:38:01 PM INFO proposed_lbbd_solver - _callback: [Gurobi] H 4668  1610                    20749.622158 20854.1936  0.50%   6.0   21s
05/01/2026 06:38:01 PM INFO proposed_lbbd_solver - print: >>>Parallel subproblem time: 0.027s for 7 factories
05/01/2026 06:38:01 PM INFO proposed_lbbd_solver - _callback: [Gurobi] H 4669  1305                    20767.766459 20854.1936  0.42%   6.0   21s
05/01/2026 06:38:01 PM INFO proposed_lbbd_solver - print: >>>Parallel subproblem time: 0.027s for 7 factories
05/01/2026 06:38:01 PM INFO proposed_lbbd_solver - _callback: [Gurobi] H 4670  1283                    20769.209086 20854.1936  0.41%   6.0   21s
05/01/2026 06:38:05 PM INFO proposed_lbbd_solver - _callback: [Gurobi] 4913  1234 20777.6646   25   46 20769.2091 20854.1936  0.41%   6.0   25s
05/01/2026 06:38:11 PM INFO proposed_lbbd_solver - _callback: [Gurobi] 4933  1247 20781.3423   17   52 20769.2091 20854.1936  0.41%   6.0   30s
05/01/2026 06:38:14 PM INFO proposed_lbbd_solver - print: >>>Parallel subproblem time: 0.027s for 7 factories
05/01/2026 06:38:14 PM INFO proposed_lbbd_solver - print:  Added optimal optimality cut: factory=6, orders=[4, 5, 6, 24, 45, 50, 54, 59, 60, 64], cost=96.86, theta_est=0.00
05/01/2026 06:38:15 PM INFO proposed_lbbd_solver - _callback: [Gurobi] 5580  1235 20854.1936   21   34 20769.2091 20854.1936  0.41%   6.5   35s
05/01/2026 06:38:17 PM INFO proposed_lbbd_solver - print: >>>Parallel subproblem time: 0.036s for 7 factories
05/01/2026 06:38:17 PM INFO proposed_lbbd_solver - print: ***[Validated]*** obj=20772.01, delay=123.41, bound=20815.94, gap=0.21%, t=37.1s
05/01/2026 06:38:17 PM INFO proposed_lbbd_solver - _callback: [Gurobi] * 7069   631              36    20772.005069 20815.9385  0.21%   6.7   37s
05/01/2026 06:38:18 PM INFO proposed_lbbd_solver - _callback: [Gurobi] Cutting planes:
05/01/2026 06:38:18 PM INFO proposed_lbbd_solver - _callback: [Gurobi] Gomory: 9
05/01/2026 06:38:18 PM INFO proposed_lbbd_solver - _callback: [Gurobi] MIR: 130
05/01/2026 06:38:18 PM INFO proposed_lbbd_solver - _callback: [Gurobi] Flow cover: 30
05/01/2026 06:38:18 PM INFO proposed_lbbd_solver - _callback: [Gurobi] Lazy constraints: 1
05/01/2026 06:38:18 PM INFO proposed_lbbd_solver - _callback: [Gurobi] Explored 7433 nodes (50285 simplex iterations) in 37.38 seconds (38.39 work units)
05/01/2026 06:38:18 PM INFO proposed_lbbd_solver - _callback: [Gurobi] Thread count was 20 (of 20 available processors)
05/01/2026 06:38:18 PM INFO proposed_lbbd_solver - _callback: [Gurobi] Solution count 10: 20772 20769.2 20714.6 ... 20657
05/01/2026 06:38:18 PM INFO proposed_lbbd_solver - _callback: [Gurobi] Optimal solution found (tolerance 1.00e-04)
05/01/2026 06:38:18 PM INFO proposed_lbbd_solver - _callback: [Gurobi] Best objective 2.077200506861e+04, best bound 2.077200506861e+04, gap 0.0000%
05/01/2026 06:38:18 PM INFO proposed_lbbd_solver - _callback: [Gurobi] User-callback calls 24614, time in user-callback 2.08 sec
05/01/2026 06:38:18 PM INFO proposed_lbbd_solver - print: 
05/01/2026 06:38:18 PM INFO proposed_lbbd_solver - print: ============================================================
05/01/2026 06:38:18 PM INFO proposed_lbbd_solver - print: Branch-and-Check LBBD Summary
05/01/2026 06:38:18 PM INFO proposed_lbbd_solver - print: ============================================================
05/01/2026 06:38:18 PM INFO proposed_lbbd_solver - print: Status: OPTIMAL
05/01/2026 06:38:18 PM INFO proposed_lbbd_solver - print: Runtime: 37.38s
05/01/2026 06:38:18 PM INFO proposed_lbbd_solver - print: Iterations: 66
05/01/2026 06:38:18 PM INFO proposed_lbbd_solver - print: Initial UB: 60487.51
05/01/2026 06:38:18 PM INFO proposed_lbbd_solver - print: Module times (s): preprocess=5.005, enhancement=0.318, modeling=0.350, solving=37.375
05/01/2026 06:38:18 PM INFO proposed_lbbd_solver - print: Master time: 35.400s
05/01/2026 06:38:18 PM INFO proposed_lbbd_solver - print: Average subproblem time: 0.0189s
05/01/2026 06:38:18 PM INFO proposed_lbbd_solver - print: Lazy cuts added: 87
05/01/2026 06:38:18 PM INFO proposed_lbbd_solver - print:   - feasibility cuts: 1
05/01/2026 06:38:18 PM INFO proposed_lbbd_solver - print:   - optimality cuts: 86
05/01/2026 06:38:18 PM INFO proposed_lbbd_solver - print: Subproblems solved: 455
05/01/2026 06:38:18 PM INFO proposed_lbbd_solver - print: Subproblem time total: 8.61s
05/01/2026 06:38:18 PM INFO proposed_lbbd_solver - print: Subproblem time avg: 0.0189s
05/01/2026 06:38:18 PM INFO proposed_lbbd_solver - print: Best objective: 20772.01
05/01/2026 06:38:18 PM INFO proposed_lbbd_solver - print: Best bound: 20772.01
05/01/2026 06:38:18 PM INFO proposed_lbbd_solver - print: Final MIP gap: 0.00%
05/01/2026 06:38:18 PM INFO proposed_lbbd_solver - print: ============================================================
05/01/2026 06:38:18 PM INFO proposed_lbbd_solver - print: 
05/01/2026 06:38:18 PM INFO proposed_lbbd_solver - print: ------------------------------------------------------------
05/01/2026 06:38:18 PM INFO proposed_lbbd_solver - print: Subproblem Diagnostics
05/01/2026 06:38:18 PM INFO proposed_lbbd_solver - print: ------------------------------------------------------------
05/01/2026 06:38:18 PM INFO proposed_lbbd_solver - print: Total subproblems: 455
05/01/2026 06:38:18 PM INFO proposed_lbbd_solver - print:   infeasible: 1 (0.22%)
05/01/2026 06:38:18 PM INFO proposed_lbbd_solver - print:   optimal: 454 (99.78%)
05/01/2026 06:38:18 PM INFO proposed_lbbd_solver - print: Avg subproblem gap: 0.00% (n=158)
05/01/2026 06:38:18 PM INFO proposed_lbbd_solver - print: Avg subproblem objective: 60.2056 (n=454)
05/01/2026 06:38:18 PM INFO proposed_lbbd_solver - print: Avg subproblem bound: 60.2056 (n=454)
05/01/2026 06:38:18 PM INFO proposed_lbbd_solver - print: Avg (obj - bound) / |obj|: 0.00%
05/01/2026 06:38:18 PM INFO proposed_lbbd_solver - print: ------------------------------------------------------------
