
Gurobi 10.0.1 (win64) logging started Tue Apr 28 16:45:58 2026

Set parameter LogFile to value "D:\Project_Code\Paper\DP_LBBD_1\DP_lbbd\Algorithm\Results\mip_v1\medium\exp_5f_45j_seed4\log\exp_5f_45j_seed4_gurobi.log"
Set parameter LogToConsole to value 0
Gurobi Optimizer version 10.0.1 build v10.0.1rc0 (win64)

CPU model: Intel(R) Core(TM) Ultra 7 265KF, instruction set [SSE2|AVX|AVX2]
Thread count: 20 physical cores, 20 logical processors, using up to 20 threads

Optimize a model with 85835 rows, 42885 columns and 422275 nonzeros
Model fingerprint: 0xd865dae1
Variable types: 1035 continuous, 41850 integer (41850 binary)
Coefficient statistics:
  Matrix range     [1e+00, 2e+02]
  Objective range  [5e+00, 2e+03]
  Bounds range     [1e+00, 2e+02]
  RHS range        [1e+00, 5e+02]
Found heuristic solution: objective -0.0000000
Presolve removed 47977 rows and 23911 columns
Presolve time: 0.70s
Presolved: 37858 rows, 18974 columns, 184979 nonzeros
Variable types: 716 continuous, 18258 integer (18258 binary)
Deterministic concurrent LP optimizer: primal and dual simplex
Showing first log only...

Concurrent spin time: 0.00s

Solved with dual simplex

Root relaxation: objective 2.652800e+04, 2753 iterations, 0.15 seconds (0.23 work units)

    Nodes    |    Current Node    |     Objective Bounds      |     Work
 Expl Unexpl |  Obj  Depth IntInf | Incumbent    BestBd   Gap | It/Node Time

     0     0 26528.0044    0  574   -0.00000 26528.0044      -     -    2s
H    0     0                    11105.160383 26528.0044   139%     -    2s
     0     0 26516.4938    0  596 11105.1604 26516.4938   139%     -    6s
H    0     0                    12296.025660 26516.4938   116%     -    6s
H    0     0                    13872.865798 26516.4938  91.1%     -    9s
     0     0 26408.6822    0  540 13872.8658 26408.6822  90.4%     -   10s
     0     0 26338.2813    0  674 13872.8658 26338.2813  89.9%     -   11s
     0     0 26338.2813    0  639 13872.8658 26338.2813  89.9%     -   11s
     0     0 26328.4120    0  577 13872.8658 26328.4120  89.8%     -   11s
     0     0 26328.4120    0  583 13872.8658 26328.4120  89.8%     -   11s
     0     0 26283.8048    0  765 13872.8658 26283.8048  89.5%     -   12s
     0     0 26273.2202    0  646 13872.8658 26273.2202  89.4%     -   12s
     0     0 26239.4068    0  636 13872.8658 26239.4068  89.1%     -   12s
     0     0 26234.7941    0  603 13872.8658 26234.7941  89.1%     -   12s
     0     0 26234.7941    0  610 13872.8658 26234.7941  89.1%     -   13s
     0     0 26234.7941    0  614 13872.8658 26234.7941  89.1%     -   13s
     0     0 26234.7941    0  605 13872.8658 26234.7941  89.1%     -   13s
     0     0 26234.7941    0  693 13872.8658 26234.7941  89.1%     -   13s
     0     0 26234.7941    0  656 13872.8658 26234.7941  89.1%     -   14s
     0     0 26234.7941    0  552 13872.8658 26234.7941  89.1%     -   14s
     0     0 26234.7941    0  562 13872.8658 26234.7941  89.1%     -   14s
     0     0 26218.9591    0  573 13872.8658 26218.9591  89.0%     -   15s
     0     0 26218.9591    0  503 13872.8658 26218.9591  89.0%     -   15s
H    0     0                    15127.768100 26218.9591  73.3%     -   16s
     0     2 26200.8336    0  496 15127.7681 26200.8336  73.2%     -   17s
    31    52 25764.8556    5  559 15127.7681 26167.1587  73.0%  1500   20s
H  106   100                    15220.938561 26066.8406  71.3%   855   22s
   215   173 25520.3767   10  426 15220.9386 26035.4796  71.1%   599   25s
H  242   188                    15248.215707 26035.4796  70.7%   571   28s
   298   234 25262.6350   13  414 15248.2157 26035.4796  70.7%   525   31s
   489   373 25263.6976   17  449 15248.2157 26035.4796  70.7%   407   43s
H  490   373                    15478.958162 26035.4796  68.2%   406   43s
H  491   373                    15530.935699 26035.4796  67.6%   406   43s
H  493   373                    15775.286236 26035.4796  65.0%   405   43s
H  494   373                    16987.727952 26035.4796  53.3%   405   43s
H  505   373                    17158.369987 26035.4796  51.7%   400   43s
H  509   394                    17468.924748 26035.4796  49.0%   398   46s
H  510   394                    17579.716591 26035.4796  48.1%   397   46s
H  513   394                    17703.668313 26035.4796  47.1%   395   46s
   581   458 25160.2104   20  419 17703.6683 26035.4796  47.1%   364   50s
   758   618 25145.6579   27  391 17703.6683 26035.4796  47.1%   312   55s
   875   766 24943.5891   30  370 17703.6683 26035.4796  47.1%   288   64s
   981   867 24761.5912   35  415 17703.6683 26035.4796  47.1%   271   65s
  1234  1082 24392.7646   40  402 17703.6683 26035.4796  47.1%   239   71s
  1677  1490 24365.7273   55  343 17703.6683 26035.4796  47.1%   202   75s
  2262  1977 23620.1749   81  303 17703.6683 26035.4796  47.1%   170   80s
  2682  2181 24335.8612   15  503 17703.6683 26035.4796  47.1%   159   93s
  2684  2182 23962.6240   35  674 17703.6683 26035.4796  47.1%   158  105s
  2688  2185 24263.4833   32  573 17703.6683 26035.4796  47.1%   158  110s
  2693  2189 21781.7971   66  313 17703.6683 26035.4796  47.1%   164  116s
  2696  2191 25520.3767   11  247 17703.6683 26035.4796  47.1%   164  120s
  2704  2197 21790.7827   51  240 17703.6683 26035.4796  47.1%   163  125s
  2710  2201 24713.1499   20  255 17703.6683 26035.4796  47.1%   163  130s
  2722  2209 22779.7598   57  223 17703.6683 25992.7944  46.8%   162  136s
  2725  2211 25825.7940   13  244 17703.6683 25982.1214  46.8%   162  141s
  2728  2213 20702.1482   53  226 17703.6683 25982.1214  46.8%   162  145s
  2840  2310 25680.9365   30  316 17703.6683 25835.1129  45.9%  69.6  150s
  2884  2338 25249.5492   31  259 17703.6683 25812.4731  45.8%  80.6  163s
  2934  2374 25676.8357   33  308 17703.6683 25812.4731  45.8%  91.3  165s
H 2994  2295                    17899.626837 25812.4731  44.2%   101  168s
H 3004  2186                    17949.258064 25812.4731  43.8%   103  168s
  3057  2233 25506.5037   36  263 17949.2581 25812.4731  43.8%   109  170s
H 3058  2133                    18446.481592 25812.4731  39.9%   109  171s
H 3080  2030                    18622.996179 25812.4731  38.6%   111  171s
H 3138  1991                    18718.779254 25812.4731  37.9%   116  173s
H 3139  1905                    18734.682977 25812.4731  37.8%   116  173s
  3226  1946 25068.6122   38  265 18734.6830 25812.4731  37.8%   118  176s
H 3229  1863                    18762.909525 25812.4731  37.6%   119  176s
  3490  1970 24625.8672   41  255 18762.9095 25812.4731  37.6%   132  180s
  4012  2277 24008.6601   45  205 18762.9095 25812.4731  37.6%   137  185s
H 4185  2194                    18811.055980 25812.4731  37.2%   139  189s
  4233  2308 24601.9777   47  202 18811.0560 25812.4731  37.2%   138  190s
  4973  2545 22966.2725   60  179 18811.0560 25812.4731  37.2%   137  196s
  5380  2790 22297.4075   70  163 18811.0560 25812.4731  37.2%   136  200s
  6279  3295 21978.8261   93  143 18811.0560 25812.4731  37.2%   130  206s
  7242  3693 21026.8778  117  101 18811.0560 25812.4731  37.2%   122  211s
  8081  4373 20163.0325  144  108 18811.0560 25802.7258  37.2%   119  217s
  9035  4973 24449.7193   42  187 18811.0560 25788.6597  37.1%   117  222s
  9930  5519 25420.0698   35  264 18811.0560 25782.8618  37.1%   116  229s
 10124  6065 25122.3252   36  222 18811.0560 25782.8618  37.1%   115  232s
 10812  6284 20370.9568   67  120 18811.0560 25782.8618  37.1%   114  346s
 11092  6624 19936.5955   78  115 18811.0560 25758.7414  36.9%   114  350s
 11503  6870 25545.3879   35  265 18811.0560 25758.7414  36.9%   113  356s
H11528  6870                    18811.952407 25758.7414  36.9%   113  356s
H11656  6855                    18913.209222 25758.7414  36.2%   113  356s
 11858  6984 21510.8093   50  176 18913.2092 25758.7414  36.2%   113  362s
H11959  6969                    18977.406643 25758.7414  35.7%   113  362s
 12031  7360 19975.1493   72  130 18977.4066 25646.1999  35.1%   113  366s
 12573  7806 25339.3075   32  280 18977.4066 25646.1999  35.1%   113  370s
 13203  8271 23672.5747   62  141 18977.4066 25590.9400  34.8%   112  375s
 13786  9156 22080.2847   36  232 18977.4066 25590.9400  34.8%   114  382s
 14858 10055 infeasible   80      18977.4066 25572.8554  34.8%   110  389s
 16030 10495 23091.4278   33  168 18977.4066 25551.8738  34.6%   107  396s
 17006 10893 25521.9385   34  270 18977.4066 25551.8738  34.6%   106  402s
 17714 11520 22173.1504   66  115 18977.4066 25551.8606  34.6%   106  408s
 18639 12130 infeasible   38      18977.4066 25538.9878  34.6%   106  414s
 19628 12895 25385.1084   36  222 18977.4066 25538.9878  34.6%   106  421s
 20684 13781 infeasible   92      18977.4066 25517.6961  34.5%   105  429s
 21890 14994 21815.8219   53  174 18977.4066 25514.5081  34.4%   104  437s
 23262 18049 24291.8150   33  236 18977.4066 25511.3651  34.4%   103  463s
 27188 18592 23901.9275   41  161 18977.4066 25510.4273  34.4%  96.8  470s
 28038 18611 19992.5320   69  158 18977.4066 25510.4273  34.4%  96.7  489s
 28059 19333 19976.0322   70  162 18977.4066 25495.0569  34.3%  96.8  496s
 29071 19831 23655.0493   45  142 18977.4066 25495.0400  34.3%  96.3  502s
 29755 20431 24822.2591   36  241 18977.4066 25489.1505  34.3%  96.2  510s
 30866 20938 19764.5297   94  126 18977.4066 25486.6968  34.3%  95.7  518s
 31884 21801 21833.1144   65  199 18977.4066 25479.6803  34.3%  95.9  527s
 33149 22709 infeasible   44      18977.4066 25474.0949  34.2%  95.4  536s
 34438 24027 18981.0630   78  130 18977.4066 25471.8576  34.2%  95.4  548s
 36140 25071 24803.4923   40  194 18977.4066 25466.4480  34.2%  94.3  558s
 37623 26118 19306.9636   80  118 18977.4066 25461.0537  34.2%  94.0  568s
 39079 27934 22993.9178   65  161 18977.4066 25444.2926  34.1%  94.1  580s
 41179 29363 infeasible  126      18977.4066 25444.2217  34.1%  92.6  592s
 43052 31571 21924.0912   58  160 18977.4066 25438.2478  34.0%  91.3  607s
 45604 32780 20008.9449   51  121 18977.4066 25437.6437  34.0%  89.0  620s
 47221 32781 20916.9480   81  503 18977.4066 25431.9459  34.0%  88.2  935s
 47223 32782 19453.0732   52  313 18977.4066 25431.9459  34.0%  88.2  942s
H47223 31142                    19005.778395 25431.9459  33.8%  88.2  946s
 47229 31146 22688.2404   47  289 19005.7784 25431.9459  33.8%  88.2  952s
 47231 31148 20545.7693   92  319 19005.7784 25431.9459  33.8%  88.2  960s
 47232 31148 21701.0538   69  250 19005.7784 25431.9459  33.8%  88.2  970s
 47235 31150 19626.8401   84  269 19005.7784 25431.9459  33.8%  88.2  980s
 47236 31151 20230.3146   98  244 19005.7784 25431.9459  33.8%  88.2  995s
 47240 31154 19901.3984   88  268 19005.7784 25431.9459  33.8%  88.2 1006s
 47241 31154 22511.8054   64  260 19005.7784 25431.9459  33.8%  88.2 1013s
 47244 31156 20829.7326   85  291 19005.7784 25431.9459  33.8%  88.2 1020s
 47245 31157 23759.9583   50  288 19005.7784 25431.9459  33.8%  88.2 1027s
 47247 31158 25376.0030   38  291 19005.7784 25431.9459  33.8%  88.2 1034s
 47248 31159 19417.0826   81  264 19005.7784 25431.9459  33.8%  88.2 1041s
 47250 31160 20523.8511  141  294 19005.7784 25431.9459  33.8%  88.2 1049s
 47251 31161 19971.5889   73  277 19005.7784 25431.9459  33.8%  88.2 1056s
 47254 31163 20875.0910   43  281 19005.7784 25431.9459  33.8%  88.2 1064s
 47255 31164 21244.3607  115  267 19005.7784 25431.9459  33.8%  88.2 1071s
 47258 31166 24702.7758   42  276 19005.7784 25431.9459  33.8%  88.2 1077s
H47258 29607                    19160.110620 25431.9459  32.7%  88.2 1082s
 47260 29608 20364.5566   71  312 19160.1106 25431.9459  32.7%  88.1 1090s
 47261 29609 23012.0071   46  265 19160.1106 25431.9459  32.7%  88.1 1097s
H47263 28129                    19251.703874 25431.9459  32.1%  88.1 1104s
 47264 28130 19515.0916   85  265 19251.7039 25431.9459  32.1%  88.1 1105s
 47265 28130 20264.5810   99  253 19251.7039 25431.9459  32.1%  88.1 1111s
 47268 28132 20537.4960   86  319 19251.7039 25431.9459  32.1%  88.1 1119s
 47269 28133 24954.1947   41  276 19251.7039 25431.9459  32.1%  88.1 1127s
 47273 28136 25402.8876   35  262 19251.7039 25431.9459  32.1%  88.1 1133s
 47274 28136 25184.2281   36  268 19251.7039 25431.9459  32.1%  88.1 1140s
 47275 28137 20115.2676   90  264 19251.7039 25431.9459  32.1%  88.1 1147s
 47276 28138 22723.4752   42  270 19251.7039 25431.9459  32.1%  88.1 1154s
 47278 28139 23179.8903   60  299 19251.7039 25431.9459  32.1%  88.1 1162s
 47279 28140 20912.9294   73  245 19251.7039 25431.9459  32.1%  88.1 1168s
 47281 28141 20449.0775   81  277 19251.7039 25431.9459  32.1%  88.1 1175s
 47282 28142 19834.4236   70  268 19251.7039 25431.9459  32.1%  88.1 1181s
 47286 28144 20517.9386   66  318 19251.7039 25431.9459  32.1%  88.1 1189s
 47287 28145 19388.6630   71  264 19251.7039 25431.9459  32.1%  88.1 1195s
 47289 28146 21135.6742   82  296 19251.7039 25431.9459  32.1%  88.1 1202s
 47290 28147 20122.7125  112  285 19251.7039 25431.9459  32.1%  88.1 1208s
 47291 28148 20817.1590   89  300 19251.7039 25431.9459  32.1%  88.1 1215s
 47292 28148 21218.1431   64  257 19251.7039 25431.9459  32.1%  88.1 1221s
 47293 28149 19507.2949   62  300 19251.7039 25431.9459  32.1%  88.1 1228s
 47294 28150 20380.5926   67  260 19251.7039 25431.9459  32.1%  88.1 1234s
 47295 28150 20914.8176   46  295 19251.7039 25431.9459  32.1%  88.1 1240s
 47296 28151 19446.1443   73  256 19251.7039 25431.9459  32.1%  88.1 1247s
 47297 28152 19360.3372   99  285 19251.7039 25431.9459  32.1%  88.1 1253s
 47298 28152 23179.5818   45  273 19251.7039 25431.9459  32.1%  88.1 1259s
 47299 28153 20252.5759  117  309 19251.7039 25431.9459  32.1%  88.1 1266s
 47300 28154 22902.6091   51  269 19251.7039 25431.9459  32.1%  88.1 1276s
 47301 28154 19774.5005   95  296 19251.7039 25431.9459  32.1%  88.1 1284s
 47302 28155 19743.4467   71  301 19251.7039 25431.9459  32.1%  88.1 1289s
 47303 28156 19512.6375   92  333 19251.7039 25431.9459  32.1%  88.1 1295s
 47304 28156 20514.1813   76  277 19251.7039 25431.9459  32.1%  88.1 1301s
 47305 28157 24859.4403   33  277 19251.7039 25431.9459  32.1%  88.1 1306s
 47306 28158 24376.7780   49  275 19251.7039 25431.9459  32.1%  88.1 1312s
 47307 28158 20076.1815   59  327 19251.7039 25431.9459  32.1%  88.1 1319s
 47308 28159 23039.6457   63  268 19251.7039 25431.9459  32.1%  88.1 1329s
 47309 28160 19445.2890   71  308 19251.7039 25431.9459  32.1%  88.1 1336s
 47310 28160 22292.9630   63  259 19251.7039 25431.9459  32.1%  88.1 1344s
 47311 28161 21030.6832   74  310 19251.7039 25431.9459  32.1%  88.1 1351s
 47312 28162 22484.6580   63  300 19251.7039 25431.9459  32.1%  88.1 1360s
 47313 28162 20489.3703  103  370 19251.7039 25431.9459  32.1%  88.0 1369s
 47314 28163 24461.0809   39  274 19251.7039 25431.9459  32.1%  88.0 1378s
 47315 28164 23691.8426   43  300 19251.7039 25431.9459  32.1%  88.0 1387s
 47316 28164 19391.3994   75  289 19251.7039 25431.9459  32.1%  88.0 1399s
 47318 28166 22903.2376   61  320 19251.7039 25431.9459  32.1%  88.0 1409s
 47319 28166 25380.2652   33  279 19251.7039 25431.9459  32.1%  88.0 1421s
 47320 28167 21654.5304   78  319 19251.7039 25431.9459  32.1%  88.0 1431s
 47321 28168 20916.9480   81  277 19251.7039 25431.9459  32.1%  88.0 1440s
 47322 28168 19833.3427  126  310 19251.7039 25431.9459  32.1%  88.0 1450s
 47323 28169 19453.0732   52  279 19251.7039 25431.9459  32.1%  88.0 1459s
 47324 28170 20574.1825  148  313 19251.7039 25431.9459  32.1%  88.0 1468s
 47325 28170 19516.7245  155  296 19251.7039 25431.9459  32.1%  88.0 1477s
 47326 28171 22666.0424   53  306 19251.7039 25431.9459  32.1%  88.0 1491s
 47327 28172 21120.0552   55  298 19251.7039 25431.9459  32.1%  88.0 1504s
 47328 28172 23113.0161   69  316 19251.7039 25431.9459  32.1%  88.0 1517s
 47329 28173 22688.2404   47  283 19251.7039 25431.9459  32.1%  88.0 1533s
 47330 28174 21370.0777   97  320 19251.7039 25431.9459  32.1%  88.0 1546s
 47331 28174 20545.7693   92  274 19251.7039 25431.9459  32.1%  88.0 1558s
 47332 28175 21701.0538   69  295 19251.7039 25431.9459  32.1%  88.0 1571s
 47333 28176 21288.1429   48  283 19251.7039 25431.9459  32.1%  88.0 1586s
 47334 28176 19658.6583   57  314 19251.7039 25431.9459  32.1%  88.0 1597s
 47335 28177 19626.8401   84  270 19251.7039 25431.9459  32.1%  88.0 1606s
H47335 26766                    19251.703906 25431.9459  32.1%  88.0 1616s
 47337 26767 19889.3257   94  272 19251.7039 25431.9459  32.1%  88.0 1629s
 47338 26768 19251.7039   96  330 19251.7039 25431.9459  32.1%  88.0 1641s
 47339 26769 20230.6059  158  297 19251.7039 25431.9459  32.1%  88.0 1649s
 47340 26769 19901.3984   88  306 19251.7039 25431.9459  32.1%  88.0 1657s
 47341 26770 22511.8054   64  260 19251.7039 25431.9459  32.1%  88.0 1669s
 47342 26771 19946.8242   77  283 19251.7039 25431.9459  32.1%  88.0 1680s
 47343 26771 20613.2159   62  276 19251.7039 25431.9459  32.1%  88.0 1690s
 47344 26772 20829.7326   85  303 19251.7039 25431.9459  32.1%  88.0 1700s
 47345 26773 23759.9583   50  240 19251.7039 25431.9459  32.1%  88.0 1712s
 47346 26773 19569.2321   83  290 19251.7039 25431.9459  32.1%  88.0 1724s
 47347 26774 25376.0030   38  286 19251.7039 25431.9459  32.1%  88.0 1735s
 47348 26775 19417.0826   81  327 19251.7039 25431.9459  32.1%  88.0 1744s
 47349 26775 19494.3597   87  302 19251.7039 25431.9459  32.1%  88.0 1756s
 47350 26776 20523.8511  141  331 19251.7039 25431.9459  32.1%  88.0 1768s
 47351 26777 19971.5889   73  298 19251.7039 25431.9459  32.1%  88.0 1779s
 47352 26777 19568.3557   72  342 19251.7039 25431.9459  32.1%  88.0 1794s

Cutting planes:
  Learned: 4
  Gomory: 55
  Lift-and-project: 73
  Cover: 75
  MIR: 577
  Flow cover: 628
  Zero half: 1
  Relax-and-lift: 6

Explored 47352 nodes (4829360 simplex iterations) in 1801.08 seconds (483.65 work units)
Thread count was 20 (of 20 available processors)

Solution count 10: 19251.7 19251.7 19160.1 ... 18734.7

Time limit reached
Best objective 1.925170390627e+04, best bound 2.543194591926e+04, gap 32.1023%
