
Gurobi 10.0.1 (win64) logging started Tue Apr 28 13:45:35 2026

Set parameter LogFile to value "D:\Project_Code\Paper\DP_LBBD_1\DP_lbbd\Algorithm\Results\mip_v1\medium\exp_5f_40j_seed3\log\exp_5f_40j_seed3_gurobi.log"
Set parameter LogToConsole to value 0
Gurobi Optimizer version 10.0.1 build v10.0.1rc0 (win64)

CPU model: Intel(R) Core(TM) Ultra 7 265KF, instruction set [SSE2|AVX|AVX2]
Thread count: 20 physical cores, 20 logical processors, using up to 20 threads

Optimize a model with 58298 rows, 29120 columns and 285956 nonzeros
Model fingerprint: 0xb95c69f0
Variable types: 800 continuous, 28320 integer (28320 binary)
Coefficient statistics:
  Matrix range     [1e+00, 1e+02]
  Objective range  [5e+01, 2e+03]
  Bounds range     [1e+00, 1e+02]
  RHS range        [1e+00, 4e+02]
Found heuristic solution: objective -0.0000000
Presolve removed 32130 rows and 15996 columns
Presolve time: 0.34s
Presolved: 26168 rows, 13124 columns, 127437 nonzeros
Variable types: 555 continuous, 12569 integer (12569 binary)
Deterministic concurrent LP optimizer: primal and dual simplex
Showing first log only...

Concurrent spin time: 0.00s

Solved with dual simplex

Root relaxation: objective 2.147824e+04, 2059 iterations, 0.10 seconds (0.13 work units)

    Nodes    |    Current Node    |     Objective Bounds      |     Work
 Expl Unexpl |  Obj  Depth IntInf | Incumbent    BestBd   Gap | It/Node Time

     0     0 21478.2398    0  550   -0.00000 21478.2398      -     -    1s
H    0     0                    6921.0366554 21478.2398   210%     -    1s
H    0     0                    7276.4224234 21478.2398   195%     -    1s
     0     0 21472.2923    0  410 7276.42242 21472.2923   195%     -    3s
H    0     0                    7793.4068432 21472.2923   176%     -    3s
H    0     0                    9925.8375077 21472.2923   116%     -    5s
H    0     0                    10806.327847 21471.8091  98.7%     -    5s
     0     0 21461.7972    0  389 10806.3278 21461.7972  98.6%     -    5s
     0     0 21461.7972    0  404 10806.3278 21461.7972  98.6%     -    5s
     0     0 21461.7972    0  399 10806.3278 21461.7972  98.6%     -    6s
     0     0 21457.3685    0  367 10806.3278 21457.3685  98.6%     -    6s
     0     0 21447.2697    0  403 10806.3278 21447.2697  98.5%     -    6s
     0     0 21447.2697    0  358 10806.3278 21447.2697  98.5%     -    6s
     0     0 21447.2697    0  351 10806.3278 21447.2697  98.5%     -    6s
     0     0 21390.3717    0  390 10806.3278 21390.3717  97.9%     -    7s
     0     0 21382.4165    0  360 10806.3278 21382.4165  97.9%     -    7s
     0     0 21380.3249    0  337 10806.3278 21380.3249  97.9%     -    7s
     0     0 21379.3657    0  347 10806.3278 21379.3657  97.8%     -    7s
     0     0 21378.6698    0  345 10806.3278 21378.6698  97.8%     -    7s
     0     0 21378.6698    0  350 10806.3278 21378.6698  97.8%     -    7s
     0     0 21348.9428    0  371 10806.3278 21348.9428  97.6%     -    8s
     0     0 21346.6476    0  388 10806.3278 21346.6476  97.5%     -    8s
     0     0 21341.0496    0  350 10806.3278 21341.0496  97.5%     -    8s
     0     0 21339.5898    0  352 10806.3278 21339.5898  97.5%     -    8s
     0     0 21339.5898    0  317 10806.3278 21339.5898  97.5%     -    8s
     0     0 21338.9852    0  422 10806.3278 21338.9852  97.5%     -    9s
     0     0 21338.5395    0  401 10806.3278 21338.5395  97.5%     -    9s
     0     0 21338.5317    0  360 10806.3278 21338.5317  97.5%     -    9s
     0     0 21338.3190    0  417 10806.3278 21338.3190  97.5%     -    9s
     0     0 21338.2221    0  436 10806.3278 21338.2221  97.5%     -    9s
     0     0 21338.2056    0  445 10806.3278 21338.2056  97.5%     -   10s
     0     0 21338.1670    0  408 10806.3278 21338.1670  97.5%     -   10s
     0     0 21337.4543    0  418 10806.3278 21337.4543  97.5%     -   10s
     0     0 21337.4543    0  372 10806.3278 21337.4543  97.5%     -   10s
     0     0 21334.3025    0  391 10806.3278 21334.3025  97.4%     -   11s
     0     0 21333.6970    0  394 10806.3278 21333.6970  97.4%     -   11s
     0     0 21333.4673    0  376 10806.3278 21333.4673  97.4%     -   12s
     0     0 21333.4673    0  386 10806.3278 21333.4673  97.4%     -   12s
     0     0 21331.5300    0  390 10806.3278 21331.5300  97.4%     -   12s
     0     0 21330.5278    0  366 10806.3278 21330.5278  97.4%     -   13s
     0     0 21329.6293    0  359 10806.3278 21329.6293  97.4%     -   13s
     0     0 21328.6582    0  384 10806.3278 21328.6582  97.4%     -   13s
     0     0 21328.5777    0  362 10806.3278 21328.5777  97.4%     -   13s
     0     0 21328.5777    0  368 10806.3278 21328.5777  97.4%     -   13s
     0     0 21327.7867    0  368 10806.3278 21327.7867  97.4%     -   14s
     0     0 21327.7867    0  359 10806.3278 21327.7867  97.4%     -   14s
     0     0 21326.5433    0  376 10806.3278 21326.5433  97.4%     -   14s
     0     0 21326.4270    0  398 10806.3278 21326.4270  97.4%     -   14s
     0     0 21326.4131    0  398 10806.3278 21326.4131  97.4%     -   15s
     0     0 21326.4131    0  472 10806.3278 21326.4131  97.4%     -   15s
     0     0 21326.2590    0  454 10806.3278 21326.2590  97.3%     -   15s
     0     0 21326.2590    0  430 10806.3278 21326.2590  97.3%     -   16s
     0     0 21326.2590    0  394 10806.3278 21326.2590  97.3%     -   16s
     0     0 21326.2455    0  415 10806.3278 21326.2455  97.3%     -   16s
     0     0 21325.2995    0  403 10806.3278 21325.2995  97.3%     -   17s
     0     0 21325.2995    0  377 10806.3278 21325.2995  97.3%     -   17s
H    0     0                    11883.099500 21325.2995  79.5%     -   17s
     0     0 21325.2995    0  360 11883.0995 21325.2995  79.5%     -   17s
     0     0 21325.2995    0  427 11883.0995 21325.2995  79.5%     -   18s
     0     0 21325.2995    0  354 11883.0995 21325.2995  79.5%     -   19s
H    0     0                    11952.843099 21325.2995  78.4%     -   19s
     0     0 21325.2995    0  397 11952.8431 21325.2995  78.4%     -   19s
     0     0 21325.2995    0  362 11952.8431 21325.2995  78.4%     -   20s
     0     0 21325.2995    0  520 11952.8431 21325.2995  78.4%     -   20s
     0     0 21325.2995    0  388 11952.8431 21325.2995  78.4%     -   21s
     0     0 21325.2995    0  314 11952.8431 21325.2995  78.4%     -   22s
     0     2 21320.8440    0  309 11952.8431 21320.8440  78.4%     -   22s
    51    72 20798.0136    6  531 11952.8431 21178.6700  77.2%  1608   34s
    91   110 20821.2366    7  601 11952.8431 21117.9524  76.7%  1285   35s
H  295   289                    12108.857207 21117.9524  74.4%   578   40s
   406   375 20615.5545   14  569 12108.8572 21117.9524  74.4%   563   46s
H  426   375                    12259.176974 21117.9524  72.3%   550   46s
H  507   458                    12512.257364 21117.9524  68.8%   517   48s
H  518   458                    12579.287853 21117.9524  67.9%   510   48s
H  544   458                    12624.308954 21117.9524  67.3%   497   48s
H  546   458                    12966.153042 21117.9524  62.9%   496   48s
   620   570 20372.4010   18  573 12966.1530 21117.9524  62.9%   475   50s
H  623   570                    13009.010695 21117.9524  62.3%   473   50s
H  625   570                    13219.233431 21117.9524  59.8%   474   50s
H  632   570                    13239.126929 21117.9524  59.5%   471   50s
H  661   570                    13333.760839 21117.9524  58.4%   456   50s
H  801   678                    13911.661241 21117.9524  51.8%   413   53s
   916   811 20184.9452   23  618 13911.6612 21117.9524  51.8%   391   55s
H 1107  1005                    13921.672454 21117.9524  51.7%   371   57s
H 1380  1224                    14164.741630 21117.9524  49.1%   332   61s
  1980  1681 19914.2175   33  585 14164.7416 21117.9524  49.1%   291   66s
H 2010  1669                    14357.919052 21117.9524  47.1%   292   66s
  2454  1967 16285.5813   21  314 14357.9191 21117.9524  47.1%   269   78s
  2456  1968 15799.2388   74  514 14357.9191 21117.9524  47.1%   269   85s
  2469  1978 21075.0122    6  173 14357.9191 21117.9524  47.1%   272   92s
  2479  1985 15110.6836   34  204 14357.9191 21117.9524  47.1%   271   95s
  2541  2047 20809.9185   30  252 14357.9191 21041.0231  46.5%  25.1  100s
  2646  2114 20494.2088   32  240 14357.9191 21041.0231  46.5%  35.5  107s
  2745  2179 20767.1622   35  244 14357.9191 21041.0231  46.5%  46.5  110s
H 2746  2079                    14425.342347 21041.0231  45.9%  46.5  110s
H 2749  1983                    14432.265550 21041.0231  45.8%  46.7  110s
H 2754  1890                    14861.517225 21041.0231  41.6%  47.8  110s
H 2764  1802                    14903.397475 21041.0231  41.2%  48.1  110s
H 2800  1762                    15063.347258 21041.0231  39.7%  51.6  112s
H 2802  1684                    15264.112981 21041.0231  37.8%  51.6  112s
  3178  1899 20668.1935   46  209 15264.1130 21041.0231  37.8%  71.9  115s
H 3900  2156                    15314.878748 21041.0231  37.4%  92.2  120s
  4862  2671 19854.8176   75  131 15314.8787 21041.0231  37.4%  99.1  125s
  5841  3164 18145.2752   96   89 15314.8787 21041.0231  37.4%  97.2  131s
  6910  3669 20950.4774   34  186 15314.8787 21035.6934  37.4%  94.1  135s
  8545  4955 20806.6525   36  218 15314.8787 21011.1497  37.2%  92.9  140s
  9944  6310 infeasible   92      15314.8787 21010.8548  37.2%  90.7  146s
H11134  6956                    15316.441907 21010.1382  37.2%  86.1  152s
H11243  6953                    15363.488161 21010.1382  36.8%  85.9  152s
 12094  7944 16123.4580  126   36 15363.4882 21004.5971  36.7%  83.9  156s
H12797  8193                    15363.488163 21002.2612  36.7%  83.8  158s
H12866  8176                    15441.588219 21002.2612  36.0%  83.7  158s
 13026  8486 19839.1027   53  158 15441.5882 21002.2612  36.0%  83.6  160s
H14273  9549                    15527.146652 20992.7411  35.2%  82.2  166s
 15520 10886 19593.6714   56  134 15527.1467 20992.7411  35.2%  82.1  171s
 16347 11868 18446.6097   84   89 15527.1467 20992.7411  35.2%  80.2  175s
 18435 13416 16546.4349  145   52 15527.1467 20992.7411  35.2%  76.1  182s
 19511 14401 20992.2794   36  225 15527.1467 20992.5996  35.2%  75.1  185s
 21573 15943 19032.8147   54  119 15527.1467 20992.5942  35.2%  73.8  192s
 22579 17034 20302.8235   43  142 15527.1467 20992.5942  35.2%  73.6  196s
 23810 18499 15838.7139   99   76 15527.1467 20992.5795  35.2%  71.6  202s
 25773 19249 20991.8210   41  207 15527.1467 20992.5727  35.2%  69.9  206s
 27836 20101 19492.9853   56  128 15527.1467 20992.5727  35.2%  69.4  215s
H27839 19955                    15635.405977 20992.5727  34.3%  69.4  216s
H27840 19817                    15717.527334 20992.5727  33.6%  69.4  216s
 29003 21543 20987.6014   44  223 15717.5273 20991.2885  33.6%  69.2  224s
H29507 21468                    15761.307505 20991.2885  33.2%  69.3  224s
H30122 21818                    15761.307506 20991.2885  33.2%  69.1  229s
H30160 21301                    15939.609257 20989.2157  31.7%  69.1  229s
 30595 22448 18421.4688   66   99 15939.6093 20987.8809  31.7%  69.6  234s
 32068 23483 17997.6845   72  108 15939.6093 20984.5770  31.7%  69.3  239s
 33442 24469 20343.4590   49  177 15939.6093 20983.3000  31.6%  69.2  243s
 34755 25487 18797.1996   66   98 15939.6093 20982.3978  31.6%  69.4  249s
 36174 26840 20321.3623   50  134 15939.6093 20982.1648  31.6%  69.1  255s
 37906 28190 19269.4045   55  142 15939.6093 20981.3001  31.6%  68.8  262s
 39854 29312 20743.7899   47  146 15939.6093 20980.4626  31.6%  68.1  269s
 41351 30587 20433.3112   50  132 15939.6093 20978.6845  31.6%  67.9  276s
 43202 31839 16313.1801   83   90 15939.6093 20976.6902  31.6%  67.8  283s
 44883 33109 infeasible   63      15939.6093 20975.1120  31.6%  68.1  289s
 46523 34406 18652.8960   58  108 15939.6093 20973.6929  31.6%  68.9  297s
 48448 34407 16311.0813   99  314 15939.6093 20973.3994  31.6%  69.3  428s
 48450 34408 18762.2413   65  173 15939.6093 20973.3994  31.6%  69.3  431s
 48457 34413 17658.1962   67  203 15939.6093 20932.9050  31.3%  69.3  435s
 48459 34414 16938.0244   82  177 15939.6093 20929.4744  31.3%  69.3  444s
 48460 34415 19026.6811   64  173 15939.6093 20927.3361  31.3%  69.3  448s
 48462 34416 19972.8009   35  192 15939.6093 20925.2777  31.3%  69.3  454s
 48463 34417 19268.6543   62  201 15939.6093 20924.6466  31.3%  69.3  458s
 48464 34418 16894.2809   91  210 15939.6093 20924.0213  31.3%  69.3  462s
 48465 34418 16064.5880   77  187 15939.6093 20923.2319  31.3%  69.3  466s
 48467 34420 16280.3169   88  175 15939.6093 20921.4073  31.3%  69.2  473s
 48468 34420 16550.0736   95  208 15939.6093 20921.0913  31.3%  69.2  477s
 48471 34422 18120.6813   65  228 15939.6093 20916.8026  31.2%  69.2  482s
H48474 32702                    15962.723573 20911.9319  31.0%  69.2  487s
 48476 32704 16060.5785   89  198 15962.7236 20910.0520  31.0%  69.2  495s
 48480 32706 19051.9507   64  193 15962.7236 20903.3430  31.0%  69.2  501s
 48482 32708 18243.3203   78  204 15962.7236 20899.9115  30.9%  69.2  507s
 48486 32710 18872.5330   59  230 15962.7236 20893.1000  30.9%  69.2  510s
 48488 32712 17178.8962   89  220 15962.7236 20891.6587  30.9%  69.2  516s
 48491 32714 16480.1839  113  223 15962.7236 20887.3653  30.9%  69.2  522s
 48492 32714 17474.7478   66  215 15962.7236 20885.4450  30.8%  69.2  525s
 48494 32716 16749.3380   61  212 15962.7236 20884.4930  30.8%  69.2  531s
 48497 32718 20693.8952   50  174 15962.7236 20880.3163  30.8%  69.2  537s
 48498 32718 16721.8571   94  198 15962.7236 20879.3302  30.8%  69.2  541s
H48500 31083                    16061.045831 20872.4330  30.0%  69.2  544s
 48501 31083 17049.7103  107  193 16061.0458 20872.0098  30.0%  69.2  547s
 48502 31084 18239.8986   54  187 16061.0458 20869.0915  29.9%  69.2  550s
 48504 31085 18043.6267   67  171 16061.0458 20867.6104  29.9%  69.2  556s
 48505 31086 17157.0206  104  233 16061.0458 20867.3716  29.9%  69.2  560s
 48507 31087 18317.6431   85  199 16061.0458 20866.1662  29.9%  69.2  566s
 48509 31089 20281.4462   51  213 16061.0458 20865.1834  29.9%  69.2  572s
 48510 31089 18321.5582   62  206 16061.0458 20864.9036  29.9%  69.2  575s
 48512 31091 18021.2301   65  183 16061.0458 20864.4564  29.9%  69.2  581s
 48514 31092 18155.4460   78  196 16061.0458 20864.2400  29.9%  69.2  587s
 48515 31093 19210.4737   52  221 16061.0458 20864.1445  29.9%  69.2  590s
 48517 31094 16657.2943  110  225 16061.0458 20863.1678  29.9%  69.2  596s
 48519 31095 19930.8390   42  218 16061.0458 20862.7396  29.9%  69.2  602s
 48520 31096 16826.4377   46  213 16061.0458 20862.7172  29.9%  69.2  605s
 48522 31097 20581.1710   50  208 16061.0458 20862.5188  29.9%  69.2  610s
 48524 31099 19483.5869   49  190 16061.0458 20862.4439  29.9%  69.2  616s
 48526 31100 18905.1058   68  182 16061.0458 20860.6551  29.9%  69.2  622s
 48527 31101 17421.2368   81  224 16061.0458 20860.1141  29.9%  69.2  625s
 48529 31102 19713.9521   57  227 16061.0458 20858.7483  29.9%  69.2  631s
 48531 31103 18076.9540   97  232 16061.0458 20854.9785  29.8%  69.2  637s
 48532 31104 18950.2387   62  196 16061.0458 20852.9856  29.8%  69.2  640s
 48534 31105 16243.6801   92  205 16061.0458 20849.7802  29.8%  69.2  647s
 48535 31106 17677.4604   87  217 16061.0458 20848.5831  29.8%  69.2  650s
 48537 31107 19162.3835   51  237 16061.0458 20844.7622  29.8%  69.1  655s
 48539 31109 18874.1256   47  238 16061.0458 20841.3508  29.8%  69.1  660s
 48542 31111 16648.5705   90  214 16061.0458 20837.6686  29.7%  69.1  666s
 48544 31112 16177.5780  108  237 16061.0458 20831.9473  29.7%  69.1  673s
 48545 31113 17973.1744   66  214 16061.0458 20829.6513  29.7%  69.1  676s
 48547 31114 20284.1317   49  227 16061.0458 20825.3043  29.7%  69.1  682s
 48548 31115 16311.0813   99  252 16061.0458 20824.2761  29.7%  69.1  685s
 48550 31116 18762.2413   65  246 16061.0458 20820.9173  29.6%  69.1  692s
 48551 31117 20793.2719   36  216 16061.0458 20818.2954  29.6%  69.1  695s
 48553 31118 18630.9943   59  237 16061.0458 20814.3381  29.6%  69.1  702s
 48554 31119 17809.2065   78  243 16061.0458 20813.3750  29.6%  69.1  706s
 48556 31120 16298.5481  104  246 16061.0458 20809.3598  29.6%  69.1  713s
 48557 31121 17658.1962   67  232 16061.0458 20807.4987  29.6%  69.1  716s
 48558 31121 17593.7351   79  254 16061.0458 20806.1913  29.5%  69.1  720s
 48560 31123 19026.6811   64  234 16061.0458 20803.2630  29.5%  69.1  727s
 48561 31123 20420.0430   41  246 16061.0458 20802.1125  29.5%  69.1  731s
 48563 31125 19268.6543   62  229 16061.0458 20801.8685  29.5%  69.1  738s
 48564 31125 16894.2809   91  239 16061.0458 20800.6700  29.5%  69.1  742s
 48565 31126 16064.5880   77  234 16061.0458 20799.6904  29.5%  69.1  745s
 48567 31127 16280.3169   88  230 16061.0458 20797.2745  29.5%  69.1  750s
 48569 31129 20003.1189   56  233 16061.0458 20794.9992  29.5%  69.1  757s
 48571 31130 18120.6813   65  248 16061.0458 20793.7085  29.5%  69.1  761s
 48572 31131 19473.6941   64  214 16061.0458 20791.3130  29.5%  69.1  765s
 48574 31132 16417.8867  110  224 16061.0458 20789.5472  29.4%  69.1  773s
 48575 31133 16719.1503  120  252 16061.0458 20789.1000  29.4%  69.1  777s
 48576 31133 16061.0458   89  227 16061.0458 20787.3841  29.4%  69.1  781s
 48577 31134 17548.3738   86  258 16061.0458 20786.5952  29.4%  69.1  785s
 48579 31135 17640.7565   70  238 16061.0458 20784.6515  29.4%  69.1  793s
 48580 31136 19051.9507   64  217 16061.0458 20783.7587  29.4%  69.1  797s
 48581 31137 18208.4508   77  246 16061.0458 20783.7479  29.4%  69.1  801s
 48582 31137 18243.3203   78  190 16061.0458 20783.2321  29.4%  69.1  805s
 48584 31139 16734.8507  104  182 16061.0458 20781.1979  29.4%  69.1  813s
 48585 31139 16886.3186   68  218 16061.0458 20780.5912  29.4%  69.1  818s
 48586 31140 18872.5330   59  209 16061.0458 20779.4267  29.4%  69.1  822s
 48587 31141 18546.8883   50  246 16061.0458 20778.5187  29.4%  69.1  826s
 48588 31141 17178.8962   89  201 16061.0458 20777.8843  29.4%  69.1  830s
 48589 31142 17539.6990   91  241 16061.0458 20777.3262  29.4%  69.1  835s
 48591 31143 16480.1839  113  240 16061.0458 20776.2923  29.4%  69.1  843s
 48592 31144 17474.7478   66  223 16061.0458 20775.3217  29.4%  69.1  846s
 48594 31145 16749.3380   61  240 16061.0458 20774.7127  29.3%  69.1  850s
 48596 31147 18588.3743   80  221 16061.0458 20773.5723  29.3%  69.1  859s
 48597 31147 20693.8952   50  216 16061.0458 20772.7192  29.3%  69.1  863s
 48598 31148 16721.8571   94  251 16061.0458 20772.7192  29.3%  69.1  867s
 48599 31149 18741.7857   68  205 16061.0458 20772.7192  29.3%  69.1  871s
 48600 31149 17068.5562   91  254 16061.0458 20772.7192  29.3%  69.1  876s
 48601 31150 17049.7103  107  242 16061.0458 20772.7192  29.3%  69.1  880s
 48603 31151 20664.0579   45  226 16061.0458 20771.4824  29.3%  69.1  888s
 48604 31152 18043.6267   67  260 16061.0458 20770.6556  29.3%  69.1  893s
 48605 31153 17157.0206  104  214 16061.0458 20769.9534  29.3%  69.1  897s
 48606 31153 16815.7243  123  240 16061.0458 20769.4419  29.3%  69.0  901s
 48608 31155 19395.0344   61  225 16061.0458 20767.2248  29.3%  69.0  907s
 48609 31155 20281.4462   51  223 16061.0458 20766.3581  29.3%  69.0  911s
 48610 31156 18321.5582   62  253 16061.0458 20765.3714  29.3%  69.0  916s
 48611 31157 16754.9779   75  237 16061.0458 20764.0151  29.3%  69.0  921s
 48612 31157 18021.2301   65  247 16061.0458 20763.5875  29.3%  69.0  926s
 48613 31158 16428.2996   95  221 16061.0458 20762.7911  29.3%  69.0  930s
 48614 31159 18155.4460   78  216 16061.0458 20761.5692  29.3%  69.0  935s
 48616 31160 18922.4898   67  254 16061.0458 20759.4736  29.3%  69.0  944s
 48617 31161 16657.2943  110  217 16061.0458 20758.5712  29.2%  69.0  948s
 48618 31161 20757.8778   39  220 16061.0458 20757.8778  29.2%  69.0  953s
 48619 31162 19930.8390   42  194 16061.0458 20757.1137  29.2%  69.0  958s
 48620 31163 16826.4377   46  206 16061.0458 20756.3582  29.2%  69.0  962s
 48621 31163 18971.1978   74  216 16061.0458 20755.6625  29.2%  69.0  967s
 48622 31164 20581.1710   50  224 16061.0458 20755.1661  29.2%  69.0  972s
 48623 31165 18534.3113   59  209 16061.0458 20754.0775  29.2%  69.0  976s
 48624 31165 19483.5869   49  195 16061.0458 20753.5151  29.2%  69.0  981s
 48625 31166 19027.3104   59  204 16061.0458 20752.7878  29.2%  69.0  985s
 48626 31167 18905.1058   68  231 16061.0458 20751.6282  29.2%  69.0  991s
 48627 31167 17421.2368   81  209 16061.0458 20750.8657  29.2%  69.0  995s
 48628 31168 19397.2778   64  234 16061.0458 20750.3524  29.2%  69.0 1001s
 48629 31169 19713.9521   57  208 16061.0458 20749.3983  29.2%  69.0 1006s
 48630 31169 16917.1024  119  229 16061.0458 20748.4571  29.2%  69.0 1010s
 48632 31171 18950.2387   62  236 16061.0458 20746.9801  29.2%  69.0 1017s
 48633 31171 18069.9620   86  209 16061.0458 20746.2903  29.2%  69.0 1020s
 48635 31173 17677.4604   87  216 16061.0458 20744.4659  29.2%  69.0 1029s
 48636 31173 20173.2016   42  267 16061.0458 20743.9671  29.2%  69.0 1034s
 48637 31174 19162.3835   51  215 16061.0458 20742.9193  29.2%  69.0 1039s
 48638 31175 18785.5061   55  229 16061.0458 20742.3705  29.1%  69.0 1044s
 48639 31175 18874.1256   47  225 16061.0458 20741.4147  29.1%  69.0 1049s
 48640 31176 16208.3634   86  246 16061.0458 20740.9462  29.1%  69.0 1055s
 48641 31177 16537.2695   78  199 16061.0458 20740.9462  29.1%  69.0 1060s
 48642 31177 16648.5705   90  235 16061.0458 20740.9462  29.1%  69.0 1065s
 48643 31178 17133.1929   87  232 16061.0458 20740.9462  29.1%  69.0 1070s
 48644 31179 16177.5780  108  225 16061.0458 20740.9462  29.1%  69.0 1075s
 48645 31179 17973.1744   66  222 16061.0458 20740.9462  29.1%  69.0 1081s
 48646 31180 16972.9283   51  246 16061.0458 20740.7012  29.1%  69.0 1086s
 48647 31181 20284.1317   49  227 16061.0458 20739.6432  29.1%  69.0 1091s
 48648 31181 16311.0813   99  257 16061.0458 20739.0361  29.1%  69.0 1096s
 48649 31182 16367.1896   69  218 16061.0458 20737.9088  29.1%  69.0 1101s
 48650 31183 18762.2413   65  231 16061.0458 20737.1243  29.1%  69.0 1107s
 48651 31183 20735.7875   36  229 16061.0458 20735.7875  29.1%  69.0 1112s
 48652 31184 17525.9745   84  242 16061.0458 20734.8646  29.1%  69.0 1118s
 48653 31185 18630.9943   59  232 16061.0458 20733.8755  29.1%  69.0 1123s
 48654 31185 17809.2065   78  244 16061.0458 20732.5348  29.1%  69.0 1128s
 48655 31186 17649.6628   84  258 16061.0458 20731.5154  29.1%  69.0 1133s
 48656 31187 16298.5481  104  263 16061.0458 20730.9300  29.1%  69.0 1138s
 48657 31187 17658.1962   67  217 16061.0458 20730.1766  29.1%  69.0 1143s
 48658 31188 17593.7351   79  251 16061.0458 20729.1595  29.1%  69.0 1149s
 48659 31189 16938.0244   82  221 16061.0458 20728.5296  29.1%  69.0 1154s
 48660 31189 19026.6811   64  236 16061.0458 20728.2227  29.1%  69.0 1160s
 48661 31190 20420.0430   41  231 16061.0458 20727.5237  29.1%  69.0 1166s
 48662 31191 19972.8009   35  224 16061.0458 20726.8114  29.1%  69.0 1171s
 48663 31191 19268.6543   62  211 16061.0458 20726.1036  29.0%  69.0 1177s
 48664 31192 16894.2809   91  229 16061.0458 20725.5216  29.0%  69.0 1183s
 48665 31193 16064.5880   77  228 16061.0458 20724.1184  29.0%  69.0 1189s
 48666 31193 20723.5128   38  237 16061.0458 20723.5128  29.0%  69.0 1195s
 48667 31194 16280.3169   88  250 16061.0458 20722.6365  29.0%  69.0 1203s
 48668 31195 16550.0736   95  256 16061.0458 20721.3935  29.0%  69.0 1209s
 48670 31196 19336.3245   63  222 16061.0458 20721.3935  29.0%  69.0 1214s
 48671 31200 20721.3935   40  181 16061.0458 20721.3935  29.0%  74.8 1215s
 48741 31264 20544.9500   45  325 16061.0458 20721.3935  29.0%  78.2 1220s
 48805 31306 20489.2951   47  314 16061.0458 20721.3935  29.0%  80.4 1244s
 48825 31326 20489.2957   47  310 16061.0458 20721.3935  29.0%  80.8 1247s
H48834 29759                    16174.413053 20721.3935  28.1%  81.1 1247s
H48886 28319                    16336.106802 20721.3935  26.8%  81.8 1249s
 48914 28357 20480.8178   49  305 16336.1068 20721.3935  26.8%  82.2 1250s
 49169 28511 20395.2255   51  289 16336.1068 20721.3935  26.8%  84.0 1255s
H49223 27082                    16336.106807 20721.3935  26.8%  84.2 1255s
 49456 27188 20375.7512   54  278 16336.1068 20721.3935  26.8%  86.0 1260s
 49734 27326 20317.9230   56  272 16336.1068 20721.3935  26.8%  88.1 1265s
 50223 27498 20249.3132   59  210 16336.1068 20721.3935  26.8%  90.8 1272s
H50324 26124                    16410.446359 20721.3935  26.3%  91.4 1272s
 50329 26194 20187.1358   60  236 16410.4464 20721.3935  26.3%  91.5 1275s
 50711 26434 17610.8593   61  138 16410.4464 20721.3935  26.3%  94.0 1281s
 51080 26586 20101.5633   63  220 16410.4464 20721.3935  26.3%  95.3 1286s
 51517 26876 20081.1778   64  230 16410.4464 20721.3935  26.3%  97.1 1293s
 51824 27010 20018.5015   65  238 16410.4464 20721.3935  26.3%  98.1 1298s
 52171 27176 16849.8970   67  137 16410.4464 20721.3935  26.3%  99.5 1302s
 52572 27333 19922.0818   69  176 16410.4464 20721.3935  26.3%   101 1307s
H52815 25978                    16413.920796 20721.3935  26.2%   102 1307s
 52960 26347 19633.9843   70  179 16413.9208 20721.3935  26.2%   102 1311s
 53516 26522 19354.7034   75  152 16413.9208 20721.3935  26.2%   103 1318s
H53539 25304                    16415.996250 20721.3935  26.2%   103 1318s
H53675 24109                    16460.613202 20721.3935  25.9%   103 1318s
 54030 24477 18945.5609   82  114 16460.6132 20721.3935  25.9%   104 1394s
 54681 24668 infeasible   94      16460.6132 20721.3935  25.9%   105 1404s
 55334 25152 20721.3935   45  297 16460.6132 20721.3935  25.9%   107 1416s
 56296 25425 17092.0068  107   79 16460.6132 20721.3935  25.9%   110 1426s
 57121 25907 20721.3935   46  261 16460.6132 20721.3935  25.9%   113 1438s
 58141 26551 20721.3935   48  279 16460.6132 20721.3935  25.9%   116 1454s
 59434 27010 20721.3935   47  269 16460.6132 20721.3935  25.9%   119 1466s
 60651 27571 20407.6836   48  216 16460.6132 20721.3935  25.9%   121 1480s
 61893 28107 20721.3935   49  247 16460.6132 20721.3935  25.9%   124 1495s
 63210 28543 20710.3988   51  256 16460.6132 20721.3935  25.9%   126 1512s
 64373 29289 20402.4406   50  259 16460.6132 20721.3935  25.9%   128 1530s
 65865 29618 20709.8929   52  269 16460.6132 20717.0396  25.9%   130 1544s
 67061 30339 20704.7017   57  245 16460.6132 20711.9360  25.8%   132 1560s
 68581 30627 20666.5740   58  235 16460.6132 20706.6373  25.8%   134 1585s
H69034 29384                    16460.613207 20703.2504  25.8%   135 1585s
 69745 29167 20334.4081   59  233 16460.6132 20703.2504  25.8%   136 1798s
 69765 29271 infeasible   60      16460.6132 20703.2504  25.8%   136 1800s

Cutting planes:
  Learned: 26
  Gomory: 427
  Lift-and-project: 17
  Cover: 276
  Projected implied bound: 1
  MIR: 6825
  StrongCG: 5
  Flow cover: 8394
  Inf proof: 1
  Zero half: 3
  Network: 1
  RLT: 1
  Relax-and-lift: 94

Explored 69887 nodes (10226114 simplex iterations) in 1800.32 seconds (1280.51 work units)
Thread count was 20 (of 20 available processors)

Solution count 10: 16460.6 16460.6 16416 ... 15962.7

Time limit reached
Best objective 1.646061320745e+04, best bound 2.070325039187e+04, gap 25.7745%
