04/28/2026 01:45:33 PM INFO mip_v1 - setup_solver_logging: ================================================================================
04/28/2026 01:45:33 PM INFO mip_v1 - setup_solver_logging: Logging started. Log file: D:\Project_Code\Paper\DP_LBBD_1\DP_lbbd\Algorithm\Results\mip_v1\medium\exp_5f_40j_seed3\log\exp_5f_40j_seed3_running.log
04/28/2026 01:45:33 PM INFO mip_v1 - print: BigM calculated: 126.4
04/28/2026 01:45:33 PM INFO mip_v1 - print: Adding variables...
04/28/2026 01:45:33 PM INFO mip_v1 - print: Total variables: 29120
04/28/2026 01:45:33 PM INFO mip_v1 - print: Adding constraints...
04/28/2026 01:45:35 PM INFO mip_v1 - print: Total constraints: 58298
04/28/2026 01:45:35 PM INFO mip_v1 - print: Setting objective function...
04/28/2026 01:45:35 PM INFO mip_v1 - print: 
04/28/2026 01:45:35 PM INFO mip_v1 - print: ✓ Model LP written to: D:\Project_Code\Paper\DP_LBBD_1\DP_lbbd\Algorithm\MIP\production_model.lp
04/28/2026 01:45:35 PM INFO mip_v1 - print: 
04/28/2026 01:45:35 PM INFO mip_v1 - print: ============================================================
04/28/2026 01:45:35 PM INFO mip_v1 - print: Starting optimization...
04/28/2026 01:45:35 PM INFO mip_v1 - print: ============================================================
04/28/2026 01:45:35 PM INFO mip_v1 - print: Gurobi native log file: D:\Project_Code\Paper\DP_LBBD_1\DP_lbbd\Algorithm\Results\mip_v1\medium\exp_5f_40j_seed3\log\exp_5f_40j_seed3_gurobi.log
04/28/2026 02:15:35 PM INFO mip_v1 - print: 
04/28/2026 02:15:35 PM INFO mip_v1 - print: ============================================================
04/28/2026 02:15:35 PM INFO mip_v1 - print: SOLUTION SUMMARY
04/28/2026 02:15:35 PM INFO mip_v1 - print: ============================================================
04/28/2026 02:15:35 PM INFO mip_v1 - print: ⚠ Time limit reached, best solution found:
04/28/2026 02:15:35 PM INFO mip_v1 - print: 
04/28/2026 02:15:35 PM INFO mip_v1 - print: Objective Value (Total Profit): 16460.61
04/28/2026 02:15:35 PM INFO mip_v1 - print: MIP Gap: 25.77%
04/28/2026 02:15:35 PM INFO mip_v1 - print: 
04/28/2026 02:15:35 PM INFO mip_v1 - print: 📋 Accepted Orders (33/40): [1, 2, 3, 4, 5, 6, 7, 8, 9, 10, 11, 12, 13, 14, 15, 16, 18, 20, 21, 22, 23, 24, 25, 26, 27, 28, 29, 30, 33, 36, 37, 38, 40]
04/28/2026 02:15:35 PM INFO mip_v1 - print: 
04/28/2026 02:15:35 PM INFO mip_v1 - print: ------------------------------------------------------------
04/28/2026 02:15:35 PM INFO mip_v1 - print: ORDER ALLOCATION DETAILS
04/28/2026 02:15:35 PM INFO mip_v1 - print: ------------------------------------------------------------
04/28/2026 02:15:35 PM INFO mip_v1 - print: 
04/28/2026 02:15:35 PM INFO mip_v1 - print: Order 1 → Factory 5
04/28/2026 02:15:35 PM INFO mip_v1 - print:   Machine 1: completion time = 82.35
04/28/2026 02:15:35 PM INFO mip_v1 - print:   Machine 2: completion time = 92.17
04/28/2026 02:15:35 PM INFO mip_v1 - print:   Machine 3: completion time = 101.62
04/28/2026 02:15:35 PM INFO mip_v1 - print:   Delivery: 102.12 (Deadline: 96.80, Delay: 5.32)
04/28/2026 02:15:35 PM INFO mip_v1 - print: 
04/28/2026 02:15:35 PM INFO mip_v1 - print: Order 2 → Factory 2
04/28/2026 02:15:35 PM INFO mip_v1 - print:   Machine 1: completion time = 63.33
04/28/2026 02:15:35 PM INFO mip_v1 - print:   Machine 2: completion time = 74.59
04/28/2026 02:15:35 PM INFO mip_v1 - print:   Machine 3: completion time = 86.36
04/28/2026 02:15:35 PM INFO mip_v1 - print:   Delivery: 90.76 (Deadline: 95.10, Delay: 0.00)
04/28/2026 02:15:35 PM INFO mip_v1 - print: 
04/28/2026 02:15:35 PM INFO mip_v1 - print: Order 3 → Factory 4
04/28/2026 02:15:35 PM INFO mip_v1 - print:   Machine 1: completion time = 24.94
04/28/2026 02:15:35 PM INFO mip_v1 - print:   Machine 2: completion time = 36.63
04/28/2026 02:15:35 PM INFO mip_v1 - print:   Machine 3: completion time = 46.11
04/28/2026 02:15:35 PM INFO mip_v1 - print:   Delivery: 52.01 (Deadline: 77.20, Delay: 0.00)
04/28/2026 02:15:35 PM INFO mip_v1 - print: 
04/28/2026 02:15:35 PM INFO mip_v1 - print: Order 4 → Factory 5
04/28/2026 02:15:35 PM INFO mip_v1 - print:   Machine 1: completion time = 43.08
04/28/2026 02:15:35 PM INFO mip_v1 - print:   Machine 2: completion time = 55.34
04/28/2026 02:15:35 PM INFO mip_v1 - print:   Machine 3: completion time = 66.43
04/28/2026 02:15:35 PM INFO mip_v1 - print:   Delivery: 72.43 (Deadline: 80.10, Delay: 0.00)
04/28/2026 02:15:35 PM INFO mip_v1 - print: 
04/28/2026 02:15:35 PM INFO mip_v1 - print: Order 5 → Factory 1
04/28/2026 02:15:35 PM INFO mip_v1 - print:   Machine 1: completion time = 11.73
04/28/2026 02:15:35 PM INFO mip_v1 - print:   Machine 2: completion time = 19.23
04/28/2026 02:15:35 PM INFO mip_v1 - print:   Machine 3: completion time = 27.22
04/28/2026 02:15:35 PM INFO mip_v1 - print:   Machine 4: completion time = 35.56
04/28/2026 02:15:35 PM INFO mip_v1 - print:   Machine 5: completion time = 43.78
04/28/2026 02:15:35 PM INFO mip_v1 - print:   Delivery: 49.08 (Deadline: 51.60, Delay: 0.00)
04/28/2026 02:15:35 PM INFO mip_v1 - print: 
04/28/2026 02:15:35 PM INFO mip_v1 - print: Order 6 → Factory 3
04/28/2026 02:15:35 PM INFO mip_v1 - print:   Machine 1: completion time = 34.12
04/28/2026 02:15:35 PM INFO mip_v1 - print:   Machine 2: completion time = 45.64
04/28/2026 02:15:35 PM INFO mip_v1 - print:   Machine 3: completion time = 53.55
04/28/2026 02:15:35 PM INFO mip_v1 - print:   Machine 4: completion time = 61.43
04/28/2026 02:15:35 PM INFO mip_v1 - print:   Delivery: 64.23 (Deadline: 70.30, Delay: 0.00)
04/28/2026 02:15:35 PM INFO mip_v1 - print: 
04/28/2026 02:15:35 PM INFO mip_v1 - print: Order 7 → Factory 3
04/28/2026 02:15:35 PM INFO mip_v1 - print:   Machine 1: completion time = 42.82
04/28/2026 02:15:35 PM INFO mip_v1 - print:   Machine 2: completion time = 53.98
04/28/2026 02:15:35 PM INFO mip_v1 - print:   Machine 3: completion time = 63.21
04/28/2026 02:15:35 PM INFO mip_v1 - print:   Machine 4: completion time = 72.80
04/28/2026 02:15:35 PM INFO mip_v1 - print:   Delivery: 74.70 (Deadline: 74.70, Delay: 0.00)
04/28/2026 02:15:35 PM INFO mip_v1 - print: 
04/28/2026 02:15:35 PM INFO mip_v1 - print: Order 8 → Factory 5
04/28/2026 02:15:35 PM INFO mip_v1 - print:   Machine 1: completion time = 13.20
04/28/2026 02:15:35 PM INFO mip_v1 - print:   Machine 2: completion time = 23.06
04/28/2026 02:15:35 PM INFO mip_v1 - print:   Machine 3: completion time = 31.63
04/28/2026 02:15:35 PM INFO mip_v1 - print:   Delivery: 37.43 (Deadline: 45.20, Delay: 0.00)
04/28/2026 02:15:35 PM INFO mip_v1 - print: 
04/28/2026 02:15:35 PM INFO mip_v1 - print: Order 9 → Factory 5
04/28/2026 02:15:35 PM INFO mip_v1 - print:   Machine 1: completion time = 23.06
04/28/2026 02:15:35 PM INFO mip_v1 - print:   Machine 2: completion time = 31.63
04/28/2026 02:15:35 PM INFO mip_v1 - print:   Machine 3: completion time = 39.78
04/28/2026 02:15:35 PM INFO mip_v1 - print:   Delivery: 41.88 (Deadline: 64.00, Delay: 0.00)
04/28/2026 02:15:35 PM INFO mip_v1 - print: 
04/28/2026 02:15:35 PM INFO mip_v1 - print: Order 10 → Factory 4
04/28/2026 02:15:35 PM INFO mip_v1 - print:   Machine 1: completion time = 48.45
04/28/2026 02:15:35 PM INFO mip_v1 - print:   Machine 2: completion time = 62.59
04/28/2026 02:15:35 PM INFO mip_v1 - print:   Machine 3: completion time = 70.13
04/28/2026 02:15:35 PM INFO mip_v1 - print:   Delivery: 76.13 (Deadline: 82.80, Delay: 0.00)
04/28/2026 02:15:35 PM INFO mip_v1 - print: 
04/28/2026 02:15:35 PM INFO mip_v1 - print: Order 11 → Factory 4
04/28/2026 02:15:35 PM INFO mip_v1 - print:   Machine 1: completion time = 8.19
04/28/2026 02:15:35 PM INFO mip_v1 - print:   Machine 2: completion time = 15.17
04/28/2026 02:15:35 PM INFO mip_v1 - print:   Machine 3: completion time = 20.86
04/28/2026 02:15:35 PM INFO mip_v1 - print:   Delivery: 29.26 (Deadline: 46.30, Delay: 0.00)
04/28/2026 02:15:35 PM INFO mip_v1 - print: 
04/28/2026 02:15:35 PM INFO mip_v1 - print: Order 12 → Factory 3
04/28/2026 02:15:35 PM INFO mip_v1 - print:   Machine 1: completion time = 62.86
04/28/2026 02:15:35 PM INFO mip_v1 - print:   Machine 2: completion time = 73.61
04/28/2026 02:15:35 PM INFO mip_v1 - print:   Machine 3: completion time = 85.92
04/28/2026 02:15:35 PM INFO mip_v1 - print:   Machine 4: completion time = 98.30
04/28/2026 02:15:35 PM INFO mip_v1 - print:   Delivery: 101.40 (Deadline: 101.40, Delay: 0.00)
04/28/2026 02:15:35 PM INFO mip_v1 - print: 
04/28/2026 02:15:35 PM INFO mip_v1 - print: Order 13 → Factory 4
04/28/2026 02:15:35 PM INFO mip_v1 - print:   Machine 1: completion time = 41.50
04/28/2026 02:15:35 PM INFO mip_v1 - print:   Machine 2: completion time = 53.88
04/28/2026 02:15:35 PM INFO mip_v1 - print:   Machine 3: completion time = 62.59
04/28/2026 02:15:35 PM INFO mip_v1 - print:   Delivery: 70.99 (Deadline: 72.10, Delay: 0.00)
04/28/2026 02:15:35 PM INFO mip_v1 - print: 
04/28/2026 02:15:35 PM INFO mip_v1 - print: Order 14 → Factory 2
04/28/2026 02:15:35 PM INFO mip_v1 - print:   Machine 1: completion time = 31.10
04/28/2026 02:15:35 PM INFO mip_v1 - print:   Machine 2: completion time = 39.10
04/28/2026 02:15:35 PM INFO mip_v1 - print:   Machine 3: completion time = 48.33
04/28/2026 02:15:35 PM INFO mip_v1 - print:   Delivery: 53.53 (Deadline: 62.40, Delay: 0.00)
04/28/2026 02:15:35 PM INFO mip_v1 - print: 
04/28/2026 02:15:35 PM INFO mip_v1 - print: Order 15 → Factory 4
04/28/2026 02:15:35 PM INFO mip_v1 - print:   Machine 1: completion time = 72.10
04/28/2026 02:15:35 PM INFO mip_v1 - print:   Machine 2: completion time = 84.96
04/28/2026 02:15:35 PM INFO mip_v1 - print:   Machine 3: completion time = 95.71
04/28/2026 02:15:35 PM INFO mip_v1 - print:   Delivery: 103.51 (Deadline: 103.00, Delay: 0.51)
04/28/2026 02:15:35 PM INFO mip_v1 - print: 
04/28/2026 02:15:35 PM INFO mip_v1 - print: Order 16 → Factory 1
04/28/2026 02:15:35 PM INFO mip_v1 - print:   Machine 1: completion time = 48.14
04/28/2026 02:15:35 PM INFO mip_v1 - print:   Machine 2: completion time = 55.07
04/28/2026 02:15:35 PM INFO mip_v1 - print:   Machine 3: completion time = 65.58
04/28/2026 02:15:35 PM INFO mip_v1 - print:   Machine 4: completion time = 75.57
04/28/2026 02:15:35 PM INFO mip_v1 - print:   Machine 5: completion time = 85.71
04/28/2026 02:15:35 PM INFO mip_v1 - print:   Delivery: 92.71 (Deadline: 90.60, Delay: 2.11)
04/28/2026 02:15:35 PM INFO mip_v1 - print: 
04/28/2026 02:15:35 PM INFO mip_v1 - print: Order 18 → Factory 4
04/28/2026 02:15:35 PM INFO mip_v1 - print:   Machine 1: completion time = 56.64
04/28/2026 02:15:35 PM INFO mip_v1 - print:   Machine 2: completion time = 72.10
04/28/2026 02:15:35 PM INFO mip_v1 - print:   Machine 3: completion time = 81.20
04/28/2026 02:15:35 PM INFO mip_v1 - print:   Delivery: 89.40 (Deadline: 89.40, Delay: 0.00)
04/28/2026 02:15:35 PM INFO mip_v1 - print: 
04/28/2026 02:15:35 PM INFO mip_v1 - print: Order 20 → Factory 1
04/28/2026 02:15:35 PM INFO mip_v1 - print:   Machine 1: completion time = 41.05
04/28/2026 02:15:35 PM INFO mip_v1 - print:   Machine 2: completion time = 48.82
04/28/2026 02:15:35 PM INFO mip_v1 - print:   Machine 3: completion time = 58.94
04/28/2026 02:15:35 PM INFO mip_v1 - print:   Machine 4: completion time = 68.95
04/28/2026 02:15:35 PM INFO mip_v1 - print:   Machine 5: completion time = 78.58
04/28/2026 02:15:35 PM INFO mip_v1 - print:   Delivery: 80.78 (Deadline: 82.80, Delay: 0.00)
04/28/2026 02:15:35 PM INFO mip_v1 - print: 
04/28/2026 02:15:35 PM INFO mip_v1 - print: Order 21 → Factory 5
04/28/2026 02:15:35 PM INFO mip_v1 - print:   Machine 1: completion time = 33.37
04/28/2026 02:15:35 PM INFO mip_v1 - print:   Machine 2: completion time = 46.58
04/28/2026 02:15:35 PM INFO mip_v1 - print:   Machine 3: completion time = 58.21
04/28/2026 02:15:35 PM INFO mip_v1 - print:   Delivery: 66.11 (Deadline: 78.50, Delay: 0.00)
04/28/2026 02:15:35 PM INFO mip_v1 - print: 
04/28/2026 02:15:35 PM INFO mip_v1 - print: Order 22 → Factory 3
04/28/2026 02:15:35 PM INFO mip_v1 - print:   Machine 1: completion time = 51.53
04/28/2026 02:15:35 PM INFO mip_v1 - print:   Machine 2: completion time = 62.86
04/28/2026 02:15:35 PM INFO mip_v1 - print:   Machine 3: completion time = 73.61
04/28/2026 02:15:35 PM INFO mip_v1 - print:   Machine 4: completion time = 85.92
04/28/2026 02:15:35 PM INFO mip_v1 - print:   Delivery: 90.12 (Deadline: 90.40, Delay: 0.00)
04/28/2026 02:15:35 PM INFO mip_v1 - print: 
04/28/2026 02:15:35 PM INFO mip_v1 - print: Order 23 → Factory 2
04/28/2026 02:15:35 PM INFO mip_v1 - print:   Machine 1: completion time = 16.40
04/28/2026 02:15:35 PM INFO mip_v1 - print:   Machine 2: completion time = 25.91
04/28/2026 02:15:35 PM INFO mip_v1 - print:   Machine 3: completion time = 35.04
04/28/2026 02:15:35 PM INFO mip_v1 - print:   Delivery: 38.04 (Deadline: 63.80, Delay: 0.00)
04/28/2026 02:15:35 PM INFO mip_v1 - print: 
04/28/2026 02:15:35 PM INFO mip_v1 - print: Order 24 → Factory 2
04/28/2026 02:15:35 PM INFO mip_v1 - print:   Machine 1: completion time = 50.82
04/28/2026 02:15:35 PM INFO mip_v1 - print:   Machine 2: completion time = 63.16
04/28/2026 02:15:35 PM INFO mip_v1 - print:   Machine 3: completion time = 71.50
04/28/2026 02:15:35 PM INFO mip_v1 - print:   Delivery: 78.00 (Deadline: 78.00, Delay: 0.00)
04/28/2026 02:15:35 PM INFO mip_v1 - print: 
04/28/2026 02:15:35 PM INFO mip_v1 - print: Order 25 → Factory 3
04/28/2026 02:15:35 PM INFO mip_v1 - print:   Machine 1: completion time = 19.38
04/28/2026 02:15:35 PM INFO mip_v1 - print:   Machine 2: completion time = 27.87
04/28/2026 02:15:35 PM INFO mip_v1 - print:   Machine 3: completion time = 36.87
04/28/2026 02:15:35 PM INFO mip_v1 - print:   Machine 4: completion time = 46.10
04/28/2026 02:15:35 PM INFO mip_v1 - print:   Delivery: 46.70 (Deadline: 54.70, Delay: 0.00)
04/28/2026 02:15:35 PM INFO mip_v1 - print: 
04/28/2026 02:15:35 PM INFO mip_v1 - print: Order 26 → Factory 1
04/28/2026 02:15:35 PM INFO mip_v1 - print:   Machine 1: completion time = 21.21
04/28/2026 02:15:35 PM INFO mip_v1 - print:   Machine 2: completion time = 30.15
04/28/2026 02:15:35 PM INFO mip_v1 - print:   Machine 3: completion time = 39.53
04/28/2026 02:15:35 PM INFO mip_v1 - print:   Machine 4: completion time = 49.27
04/28/2026 02:15:35 PM INFO mip_v1 - print:   Machine 5: completion time = 59.65
04/28/2026 02:15:35 PM INFO mip_v1 - print:   Delivery: 62.95 (Deadline: 63.10, Delay: 0.00)
04/28/2026 02:15:35 PM INFO mip_v1 - print: 
04/28/2026 02:15:35 PM INFO mip_v1 - print: Order 27 → Factory 5
04/28/2026 02:15:35 PM INFO mip_v1 - print:   Machine 1: completion time = 55.22
04/28/2026 02:15:35 PM INFO mip_v1 - print:   Machine 2: completion time = 66.43
04/28/2026 02:15:35 PM INFO mip_v1 - print:   Machine 3: completion time = 76.50
04/28/2026 02:15:35 PM INFO mip_v1 - print:   Delivery: 80.20 (Deadline: 80.20, Delay: 0.00)
04/28/2026 02:15:35 PM INFO mip_v1 - print: 
04/28/2026 02:15:35 PM INFO mip_v1 - print: Order 28 → Factory 5
04/28/2026 02:15:35 PM INFO mip_v1 - print:   Machine 1: completion time = 68.68
04/28/2026 02:15:35 PM INFO mip_v1 - print:   Machine 2: completion time = 80.78
04/28/2026 02:15:35 PM INFO mip_v1 - print:   Machine 3: completion time = 92.17
04/28/2026 02:15:35 PM INFO mip_v1 - print:   Delivery: 95.17 (Deadline: 96.40, Delay: 0.00)
04/28/2026 02:15:35 PM INFO mip_v1 - print: 
04/28/2026 02:15:35 PM INFO mip_v1 - print: Order 29 → Factory 1
04/28/2026 02:15:35 PM INFO mip_v1 - print:   Machine 1: completion time = 32.45
04/28/2026 02:15:35 PM INFO mip_v1 - print:   Machine 2: completion time = 41.14
04/28/2026 02:15:35 PM INFO mip_v1 - print:   Machine 3: completion time = 50.67
04/28/2026 02:15:35 PM INFO mip_v1 - print:   Machine 4: completion time = 60.25
04/28/2026 02:15:35 PM INFO mip_v1 - print:   Machine 5: completion time = 69.79
04/28/2026 02:15:35 PM INFO mip_v1 - print:   Delivery: 71.69 (Deadline: 72.80, Delay: 0.00)
04/28/2026 02:15:35 PM INFO mip_v1 - print: 
04/28/2026 02:15:35 PM INFO mip_v1 - print: Order 30 → Factory 2
04/28/2026 02:15:35 PM INFO mip_v1 - print:   Machine 1: completion time = 76.00
04/28/2026 02:15:35 PM INFO mip_v1 - print:   Machine 2: completion time = 86.36
04/28/2026 02:15:35 PM INFO mip_v1 - print:   Machine 3: completion time = 96.60
04/28/2026 02:15:35 PM INFO mip_v1 - print:   Delivery: 99.40 (Deadline: 99.40, Delay: 0.00)
04/28/2026 02:15:35 PM INFO mip_v1 - print: 
04/28/2026 02:15:35 PM INFO mip_v1 - print: Order 33 → Factory 2
04/28/2026 02:15:35 PM INFO mip_v1 - print:   Machine 1: completion time = 24.28
04/28/2026 02:15:35 PM INFO mip_v1 - print:   Machine 2: completion time = 33.33
04/28/2026 02:15:35 PM INFO mip_v1 - print:   Machine 3: completion time = 42.47
04/28/2026 02:15:35 PM INFO mip_v1 - print:   Delivery: 48.67 (Deadline: 59.00, Delay: 0.00)
04/28/2026 02:15:35 PM INFO mip_v1 - print: 
04/28/2026 02:15:35 PM INFO mip_v1 - print: Order 36 → Factory 4
04/28/2026 02:15:35 PM INFO mip_v1 - print:   Machine 1: completion time = 34.66
04/28/2026 02:15:35 PM INFO mip_v1 - print:   Machine 2: completion time = 45.66
04/28/2026 02:15:35 PM INFO mip_v1 - print:   Machine 3: completion time = 56.12
04/28/2026 02:15:35 PM INFO mip_v1 - print:   Delivery: 64.02 (Deadline: 65.30, Delay: 0.00)
04/28/2026 02:15:35 PM INFO mip_v1 - print: 
04/28/2026 02:15:35 PM INFO mip_v1 - print: Order 37 → Factory 3
04/28/2026 02:15:35 PM INFO mip_v1 - print:   Machine 1: completion time = 25.52
04/28/2026 02:15:35 PM INFO mip_v1 - print:   Machine 2: completion time = 34.32
04/28/2026 02:15:35 PM INFO mip_v1 - print:   Machine 3: completion time = 44.14
04/28/2026 02:15:35 PM INFO mip_v1 - print:   Machine 4: completion time = 53.55
04/28/2026 02:15:35 PM INFO mip_v1 - print:   Delivery: 54.85 (Deadline: 55.30, Delay: 0.00)
04/28/2026 02:15:35 PM INFO mip_v1 - print: 
04/28/2026 02:15:35 PM INFO mip_v1 - print: Order 38 → Factory 4
04/28/2026 02:15:35 PM INFO mip_v1 - print:   Machine 1: completion time = 15.81
04/28/2026 02:15:35 PM INFO mip_v1 - print:   Machine 2: completion time = 24.94
04/28/2026 02:15:35 PM INFO mip_v1 - print:   Machine 3: completion time = 36.63
04/28/2026 02:15:35 PM INFO mip_v1 - print:   Delivery: 46.33 (Deadline: 51.70, Delay: 0.00)
04/28/2026 02:15:35 PM INFO mip_v1 - print: 
04/28/2026 02:15:35 PM INFO mip_v1 - print: Order 40 → Factory 2
04/28/2026 02:15:35 PM INFO mip_v1 - print:   Machine 1: completion time = 38.61
04/28/2026 02:15:35 PM INFO mip_v1 - print:   Machine 2: completion time = 45.63
04/28/2026 02:15:35 PM INFO mip_v1 - print:   Machine 3: completion time = 55.22
04/28/2026 02:15:35 PM INFO mip_v1 - print:   Delivery: 58.02 (Deadline: 61.50, Delay: 0.00)
04/28/2026 02:15:35 PM INFO mip_v1 - print: 
04/28/2026 02:15:35 PM INFO mip_v1 - print: ------------------------------------------------------------
04/28/2026 02:15:35 PM INFO mip_v1 - print: COST BREAKDOWN
04/28/2026 02:15:35 PM INFO mip_v1 - print: ------------------------------------------------------------
04/28/2026 02:15:35 PM INFO mip_v1 - print: Total Revenue:          +    41208.00
04/28/2026 02:15:35 PM INFO mip_v1 - print: Production Cost:        -    15770.26
04/28/2026 02:15:35 PM INFO mip_v1 - print: Transport Cost:         -     8473.35
04/28/2026 02:15:35 PM INFO mip_v1 - print: Delay Penalty:          -      503.78
04/28/2026 02:15:35 PM INFO mip_v1 - print: ------------------------------------------------------------
04/28/2026 02:15:35 PM INFO mip_v1 - print: Total Profit:           =    16460.61
