04/27/2026 08:41:32 PM INFO lbbd_mip_v1_solver - setup_solver_logging: ================================================================================
04/27/2026 08:41:32 PM INFO lbbd_mip_v1_solver - setup_solver_logging: Logging started. Log file: D:\Project_Code\Paper\DP_LBBD_1\DP_lbbd\Algorithm\Results\lbbd_mip\small\exp_3f_15j_seed2\log\exp_3f_15j_seed2_running.log
04/27/2026 08:41:32 PM INFO lbbd_mip_v1_solver - print: Feasible pairs: 30/45
04/27/2026 08:41:32 PM INFO lbbd_mip_v1_solver - print: [Master Modeling] Earliest completion lower bounds constraints: 2
04/27/2026 08:41:32 PM INFO lbbd_mip_v1_solver - print: [Master Modeling] Makespan-based delay bounds constraints: 10
04/27/2026 08:41:32 PM INFO lbbd_mip_v1_solver - print: 
04/27/2026 08:41:32 PM INFO lbbd_mip_v1_solver - print: [Model Statistics]
04/27/2026 08:41:32 PM INFO lbbd_mip_v1_solver - print:   Variables: 54
04/27/2026 08:41:32 PM INFO lbbd_mip_v1_solver - print:   Constraints: 27
04/27/2026 08:41:32 PM INFO lbbd_mip_v1_solver - print: 
04/27/2026 08:41:32 PM INFO lbbd_mip_v1_solver - print: [Preprocess Statistics]
04/27/2026 08:41:32 PM INFO lbbd_mip_v1_solver - print:   Infeasible eliminated: 0
04/27/2026 08:41:32 PM INFO lbbd_mip_v1_solver - print:   Unprofitable orders: 0
04/27/2026 08:41:32 PM INFO lbbd_mip_v1_solver - print:   Unprofitable assignments: 0
04/27/2026 08:41:32 PM INFO lbbd_mip_v1_solver - print:   Pairwise conflicts: 0
04/27/2026 08:41:32 PM INFO lbbd_mip_v1_solver - print:   Cluster conflicts: 0
04/27/2026 08:41:32 PM INFO lbbd_mip_v1_solver - print: 
04/27/2026 08:41:32 PM INFO lbbd_mip_v1_solver - print: [Master Enhancement Statistics]
04/27/2026 08:41:32 PM INFO lbbd_mip_v1_solver - print:   Capacity feasibility enhancement constrains: 0
04/27/2026 08:41:32 PM INFO lbbd_mip_v1_solver - print:   Lower bound delay cost enhancement constrains: 0
04/27/2026 08:41:32 PM INFO lbbd_mip_v1_solver - _callback: [Gurobi] Gurobi Optimizer version 10.0.1 build v10.0.1rc0 (win64)
04/27/2026 08:41:32 PM INFO lbbd_mip_v1_solver - _callback: [Gurobi] CPU model: Intel(R) Core(TM) Ultra 7 265KF, instruction set [SSE2|AVX|AVX2]
04/27/2026 08:41:32 PM INFO lbbd_mip_v1_solver - _callback: [Gurobi] Thread count: 20 physical cores, 20 logical processors, using up to 20 threads
04/27/2026 08:41:32 PM INFO lbbd_mip_v1_solver - _callback: [Gurobi] Optimize a model with 27 rows, 54 columns and 160 nonzeros
04/27/2026 08:41:32 PM INFO lbbd_mip_v1_solver - _callback: [Gurobi] Model fingerprint: 0x9e825807
04/27/2026 08:41:32 PM INFO lbbd_mip_v1_solver - _callback: [Gurobi] Variable types: 9 continuous, 45 integer (45 binary)
04/27/2026 08:41:32 PM INFO lbbd_mip_v1_solver - _callback: [Gurobi] Coefficient statistics:
04/27/2026 08:41:32 PM INFO lbbd_mip_v1_solver - _callback: [Gurobi] Matrix range     [1e+00, 1e+03]
04/27/2026 08:41:32 PM INFO lbbd_mip_v1_solver - _callback: [Gurobi] Objective range  [1e+00, 2e+03]
04/27/2026 08:41:32 PM INFO lbbd_mip_v1_solver - _callback: [Gurobi] Bounds range     [1e+00, 9e+03]
04/27/2026 08:41:32 PM INFO lbbd_mip_v1_solver - _callback: [Gurobi] RHS range        [2e+03, 3e+03]
04/27/2026 08:41:32 PM INFO lbbd_mip_v1_solver - print: ***[Validated]*** obj=0.00, delay=0.00, bound=10000000000000000159028911097599180468360808563945281389781327557747838772170381060813469985856815104.00, gap=999999999999999977049513265245336628446842719924150006129995974731993452180789911303261294481511546880.00%, t=0.0s
04/27/2026 08:41:32 PM INFO lbbd_mip_v1_solver - _callback: [Gurobi] Found heuristic solution: objective -0.0000000
04/27/2026 08:41:32 PM INFO lbbd_mip_v1_solver - _callback: [Gurobi] Presolve removed 9 rows and 5 columns
04/27/2026 08:41:32 PM INFO lbbd_mip_v1_solver - _callback: [Gurobi] Presolve time: 0.00s
04/27/2026 08:41:32 PM INFO lbbd_mip_v1_solver - _callback: [Gurobi] Presolved: 18 rows, 49 columns, 106 nonzeros
04/27/2026 08:41:32 PM INFO lbbd_mip_v1_solver - _callback: [Gurobi] Variable types: 9 continuous, 40 integer (40 binary)
04/27/2026 08:41:32 PM INFO lbbd_mip_v1_solver - print: >>>Parallel subproblem time: 0.005s for 3 factories
04/27/2026 08:41:32 PM INFO lbbd_mip_v1_solver - print:  Added feasibility cut: factory=1, conflict orders=[1, 3, 6, 8, 14]
04/27/2026 08:41:32 PM INFO lbbd_mip_v1_solver - print:  Added optimal optimality cut: factory=2, orders=[9, 10, 13], cost=918.83, theta_est=0.00
04/27/2026 08:41:32 PM INFO lbbd_mip_v1_solver - print:  Added optimal optimality cut: factory=3, orders=[2, 4, 5, 11], cost=735.63, theta_est=0.00
04/27/2026 08:41:32 PM INFO lbbd_mip_v1_solver - _callback: [Gurobi] Root relaxation: objective 7.151082e+03, 23 iterations, 0.00 seconds (0.00 work units)
04/27/2026 08:41:32 PM INFO lbbd_mip_v1_solver - _callback: [Gurobi] Nodes    |    Current Node    |     Objective Bounds      |     Work
04/27/2026 08:41:32 PM INFO lbbd_mip_v1_solver - _callback: [Gurobi] Expl Unexpl |  Obj  Depth IntInf | Incumbent    BestBd   Gap | It/Node Time
04/27/2026 08:41:32 PM INFO lbbd_mip_v1_solver - _callback: [Gurobi] 0     0 7151.08153    0    6   -0.00000 7151.08153      -     -    0s
04/27/2026 08:41:32 PM INFO lbbd_mip_v1_solver - print: >>>Parallel subproblem time: 0.003s for 3 factories
04/27/2026 08:41:32 PM INFO lbbd_mip_v1_solver - print:  Added optimal optimality cut: factory=1, orders=[1, 3, 8, 12], cost=115.79, theta_est=0.00
04/27/2026 08:41:32 PM INFO lbbd_mip_v1_solver - print:  Added feasibility cut: factory=3, conflict orders=[2, 7, 11, 13]
04/27/2026 08:41:32 PM INFO lbbd_mip_v1_solver - print: >>>Parallel subproblem time: 0.004s for 3 factories
04/27/2026 08:41:32 PM INFO lbbd_mip_v1_solver - print:  Added optimal optimality cut: factory=1, orders=[1, 3, 6, 8, 12], cost=1146.52, theta_est=115.79
04/27/2026 08:41:32 PM INFO lbbd_mip_v1_solver - print:  Added optimal optimality cut: factory=2, orders=[9, 10, 14, 15], cost=722.86, theta_est=32.98
04/27/2026 08:41:32 PM INFO lbbd_mip_v1_solver - print:  Added feasibility cut: factory=3, conflict orders=[2, 5, 7, 13]
04/27/2026 08:41:32 PM INFO lbbd_mip_v1_solver - print: >>>Parallel subproblem time: 0.004s for 3 factories
04/27/2026 08:41:32 PM INFO lbbd_mip_v1_solver - print:  Added optimal optimality cut: factory=3, orders=[2, 7, 13], cost=38.74, theta_est=0.00
04/27/2026 08:41:32 PM INFO lbbd_mip_v1_solver - print: ***[Validated]*** obj=4666.98, delay=1908.11, bound=7151.08, gap=53.23%, t=0.0s
04/27/2026 08:41:32 PM INFO lbbd_mip_v1_solver - print: >>>Parallel subproblem time: 0.004s for 3 factories
04/27/2026 08:41:32 PM INFO lbbd_mip_v1_solver - _callback: [Gurobi] H    0     0                    4666.9783148 7151.08153  53.2%     -    0s
04/27/2026 08:41:32 PM INFO lbbd_mip_v1_solver - print: >>>Parallel subproblem time: 0.004s for 3 factories
04/27/2026 08:41:32 PM INFO lbbd_mip_v1_solver - print:  Added optimal optimality cut: factory=1, orders=[1, 3, 6, 8], cost=534.26, theta_est=0.00
04/27/2026 08:41:32 PM INFO lbbd_mip_v1_solver - print: ***[Validated]*** obj=4765.80, delay=1295.85, bound=7151.08, gap=50.05%, t=0.0s
04/27/2026 08:41:32 PM INFO lbbd_mip_v1_solver - print: >>>Parallel subproblem time: 0.004s for 3 factories
04/27/2026 08:41:32 PM INFO lbbd_mip_v1_solver - _callback: [Gurobi] H    0     0                    4765.7965457 7151.08153  50.1%     -    0s
04/27/2026 08:41:32 PM INFO lbbd_mip_v1_solver - _callback: [Gurobi] 0     0 7016.44837    0    7 4765.79655 7016.44837  47.2%     -    0s
04/27/2026 08:41:32 PM INFO lbbd_mip_v1_solver - print: >>>Parallel subproblem time: 0.006s for 3 factories
04/27/2026 08:41:32 PM INFO lbbd_mip_v1_solver - print:  Added optimal optimality cut: factory=1, orders=[1, 3, 6, 10, 12], cost=993.56, theta_est=91.02
04/27/2026 08:41:32 PM INFO lbbd_mip_v1_solver - print:  Added optimal optimality cut: factory=2, orders=[9, 13, 15], cost=66.74, theta_est=17.87
04/27/2026 08:41:32 PM INFO lbbd_mip_v1_solver - print:  Added feasibility cut: factory=3, conflict orders=[2, 7, 11, 14]
04/27/2026 08:41:32 PM INFO lbbd_mip_v1_solver - _callback: [Gurobi] 0     0 6985.61989    0   14 4765.79655 6985.61989  46.6%     -    0s
04/27/2026 08:41:32 PM INFO lbbd_mip_v1_solver - _callback: [Gurobi] 0     0 6982.67150    0   14 4765.79655 6982.67150  46.5%     -    0s
04/27/2026 08:41:32 PM INFO lbbd_mip_v1_solver - _callback: [Gurobi] 0     0 6915.18483    0   12 4765.79655 6915.18483  45.1%     -    0s
04/27/2026 08:41:32 PM INFO lbbd_mip_v1_solver - print: >>>Parallel subproblem time: 0.005s for 3 factories
04/27/2026 08:41:32 PM INFO lbbd_mip_v1_solver - print:  Added optimal optimality cut: factory=1, orders=[1, 3, 8, 10, 12], cost=1164.87, theta_est=186.07
04/27/2026 08:41:32 PM INFO lbbd_mip_v1_solver - print:  Added optimal optimality cut: factory=2, orders=[6, 9, 14, 15], cost=1707.17, theta_est=231.55
04/27/2026 08:41:32 PM INFO lbbd_mip_v1_solver - print:  Added optimal optimality cut: factory=3, orders=[2, 4, 7, 11], cost=381.14, theta_est=53.97
04/27/2026 08:41:32 PM INFO lbbd_mip_v1_solver - print: >>>Parallel subproblem time: 0.027s for 3 factories
04/27/2026 08:41:32 PM INFO lbbd_mip_v1_solver - print:  Added feasibility cut: factory=1, conflict orders=[1, 3, 6, 8, 10]
04/27/2026 08:41:32 PM INFO lbbd_mip_v1_solver - _callback: [Gurobi] 0     0 6837.96041    0   18 4765.79655 6837.96041  43.5%     -    0s
04/27/2026 08:41:32 PM INFO lbbd_mip_v1_solver - _callback: [Gurobi] 0     0 6826.60454    0   18 4765.79655 6826.60454  43.2%     -    0s
04/27/2026 08:41:32 PM INFO lbbd_mip_v1_solver - print: >>>Parallel subproblem time: 0.004s for 3 factories
04/27/2026 08:41:32 PM INFO lbbd_mip_v1_solver - print:  Added feasibility cut: factory=1, conflict orders=[1, 3, 6, 10, 13]
04/27/2026 08:41:32 PM INFO lbbd_mip_v1_solver - print:  Added optimal optimality cut: factory=3, orders=[2, 7, 11, 12], cost=180.20, theta_est=128.21
04/27/2026 08:41:32 PM INFO lbbd_mip_v1_solver - _callback: [Gurobi] 0     0 6824.61909    0   20 4765.79655 6824.61909  43.2%     -    0s
04/27/2026 08:41:32 PM INFO lbbd_mip_v1_solver - _callback: [Gurobi] 0     0 6819.75904    0   21 4765.79655 6819.75904  43.1%     -    0s
04/27/2026 08:41:32 PM INFO lbbd_mip_v1_solver - print: >>>Parallel subproblem time: 0.004s for 3 factories
04/27/2026 08:41:32 PM INFO lbbd_mip_v1_solver - print:  Added optimal optimality cut: factory=1, orders=[3, 6, 10, 12], cost=438.14, theta_est=0.00
04/27/2026 08:41:32 PM INFO lbbd_mip_v1_solver - print:  Added optimal optimality cut: factory=2, orders=[9, 13, 14, 15], cost=729.37, theta_est=66.74
04/27/2026 08:41:32 PM INFO lbbd_mip_v1_solver - print:  Added feasibility cut: factory=3, conflict orders=[2, 5, 7, 11]
04/27/2026 08:41:32 PM INFO lbbd_mip_v1_solver - print: >>>Parallel subproblem time: 0.007s for 3 factories
04/27/2026 08:41:32 PM INFO lbbd_mip_v1_solver - print:  Added optimal optimality cut: factory=1, orders=[1, 6, 8, 10, 12], cost=1007.14, theta_est=118.17
04/27/2026 08:41:32 PM INFO lbbd_mip_v1_solver - print:  Added optimal optimality cut: factory=3, orders=[5, 7, 11], cost=237.23, theta_est=0.00
04/27/2026 08:41:32 PM INFO lbbd_mip_v1_solver - print: >>>Parallel subproblem time: 0.007s for 3 factories
04/27/2026 08:41:32 PM INFO lbbd_mip_v1_solver - print:  Added optimal optimality cut: factory=3, orders=[2, 5, 7], cost=225.46, theta_est=0.00
04/27/2026 08:41:32 PM INFO lbbd_mip_v1_solver - _callback: [Gurobi] 0     0 6789.60843    0   20 4765.79655 6789.60843  42.5%     -    0s
04/27/2026 08:41:32 PM INFO lbbd_mip_v1_solver - _callback: [Gurobi] 0     0 6779.81687    0   19 4765.79655 6779.81687  42.3%     -    0s
04/27/2026 08:41:32 PM INFO lbbd_mip_v1_solver - _callback: [Gurobi] 0     0 6779.59914    0   20 4765.79655 6779.59914  42.3%     -    0s
04/27/2026 08:41:32 PM INFO lbbd_mip_v1_solver - _callback: [Gurobi] 0     0 6771.96071    0   18 4765.79655 6771.96071  42.1%     -    0s
04/27/2026 08:41:32 PM INFO lbbd_mip_v1_solver - print: >>>Parallel subproblem time: 0.007s for 3 factories
04/27/2026 08:41:32 PM INFO lbbd_mip_v1_solver - print:  Added optimal optimality cut: factory=2, orders=[7, 9, 14, 15], cost=1038.83, theta_est=197.96
04/27/2026 08:41:32 PM INFO lbbd_mip_v1_solver - print:  Added feasibility cut: factory=3, conflict orders=[2, 5, 11, 13]
04/27/2026 08:41:32 PM INFO lbbd_mip_v1_solver - _callback: [Gurobi] 0     0 6767.72798    0   18 4765.79655 6767.72798  42.0%     -    0s
04/27/2026 08:41:32 PM INFO lbbd_mip_v1_solver - _callback: [Gurobi] 0     0 6767.21711    0   18 4765.79655 6767.21711  42.0%     -    0s
04/27/2026 08:41:32 PM INFO lbbd_mip_v1_solver - _callback: [Gurobi] 0     0 6766.50518    0   19 4765.79655 6766.50518  42.0%     -    0s
04/27/2026 08:41:32 PM INFO lbbd_mip_v1_solver - _callback: [Gurobi] 0     0 6766.36003    0   19 4765.79655 6766.36003  42.0%     -    0s
04/27/2026 08:41:32 PM INFO lbbd_mip_v1_solver - _callback: [Gurobi] 0     0 6720.68642    0   16 4765.79655 6720.68642  41.0%     -    0s
04/27/2026 08:41:32 PM INFO lbbd_mip_v1_solver - print: >>>Parallel subproblem time: 0.005s for 3 factories
04/27/2026 08:41:32 PM INFO lbbd_mip_v1_solver - print:  Added feasibility cut: factory=1, conflict orders=[1, 3, 8, 10, 13]
04/27/2026 08:41:32 PM INFO lbbd_mip_v1_solver - _callback: [Gurobi] 0     0 6695.09788    0   18 4765.79655 6695.09788  40.5%     -    0s
04/27/2026 08:41:32 PM INFO lbbd_mip_v1_solver - _callback: [Gurobi] 0     0 6692.85895    0   18 4765.79655 6692.85895  40.4%     -    0s
04/27/2026 08:41:32 PM INFO lbbd_mip_v1_solver - _callback: [Gurobi] 0     0 6687.75677    0   17 4765.79655 6687.75677  40.3%     -    0s
04/27/2026 08:41:32 PM INFO lbbd_mip_v1_solver - print: >>>Parallel subproblem time: 0.011s for 3 factories
04/27/2026 08:41:32 PM INFO lbbd_mip_v1_solver - print:  Added optimal optimality cut: factory=1, orders=[1, 6, 10, 12, 13], cost=964.70, theta_est=92.37
04/27/2026 08:41:32 PM INFO lbbd_mip_v1_solver - print: ***[Validated]*** obj=4966.79, delay=964.70, bound=6687.76, gap=34.65%, t=0.1s
04/27/2026 08:41:32 PM INFO lbbd_mip_v1_solver - print: >>>Parallel subproblem time: 0.011s for 3 factories
04/27/2026 08:41:32 PM INFO lbbd_mip_v1_solver - _callback: [Gurobi] H    0     0                    4966.7914355 6687.75677  34.6%     -    0s
04/27/2026 08:41:32 PM INFO lbbd_mip_v1_solver - print: >>>Parallel subproblem time: 0.004s for 3 factories
04/27/2026 08:41:32 PM INFO lbbd_mip_v1_solver - print:  Added optimal optimality cut: factory=1, orders=[3, 6, 10, 12, 13], cost=1788.40, theta_est=438.14
04/27/2026 08:41:32 PM INFO lbbd_mip_v1_solver - print: >>>Parallel subproblem time: 0.011s for 3 factories
04/27/2026 08:41:32 PM INFO lbbd_mip_v1_solver - print:  Added optimal optimality cut: factory=3, orders=[2, 4, 5, 7], cost=619.70, theta_est=225.46
04/27/2026 08:41:32 PM INFO lbbd_mip_v1_solver - print: >>>Parallel subproblem time: 0.011s for 3 factories
04/27/2026 08:41:32 PM INFO lbbd_mip_v1_solver - print: ***[Validated]*** obj=4976.04, delay=1345.84, bound=6687.76, gap=34.40%, t=0.2s
04/27/2026 08:41:32 PM INFO lbbd_mip_v1_solver - _callback: [Gurobi] H    0     0                    4976.0417786 6687.75677  34.4%     -    0s
04/27/2026 08:41:32 PM INFO lbbd_mip_v1_solver - _callback: [Gurobi] 0     0 6684.87141    0   17 4976.04178 6684.87141  34.3%     -    0s
04/27/2026 08:41:32 PM INFO lbbd_mip_v1_solver - _callback: [Gurobi] 0     0 6684.37719    0   17 4976.04178 6684.37719  34.3%     -    0s
04/27/2026 08:41:32 PM INFO lbbd_mip_v1_solver - _callback: [Gurobi] 0     0 6679.94029    0   18 4976.04178 6679.94029  34.2%     -    0s
04/27/2026 08:41:32 PM INFO lbbd_mip_v1_solver - print: >>>Parallel subproblem time: 0.006s for 3 factories
04/27/2026 08:41:32 PM INFO lbbd_mip_v1_solver - print: ***[Validated]*** obj=5327.97, delay=1374.70, bound=6679.94, gap=25.37%, t=0.2s
04/27/2026 08:41:32 PM INFO lbbd_mip_v1_solver - _callback: [Gurobi] H    0     0                    5327.9748982 6679.94029  25.4%     -    0s
04/27/2026 08:41:32 PM INFO lbbd_mip_v1_solver - _callback: [Gurobi] 0     0 6678.16878    0   20 5327.97490 6678.16878  25.3%     -    0s
04/27/2026 08:41:32 PM INFO lbbd_mip_v1_solver - _callback: [Gurobi] 0     0 6677.91570    0   20 5327.97490 6677.91570  25.3%     -    0s
04/27/2026 08:41:32 PM INFO lbbd_mip_v1_solver - _callback: [Gurobi] 0     0 6666.84594    0   17 5327.97490 6666.84594  25.1%     -    0s
04/27/2026 08:41:32 PM INFO lbbd_mip_v1_solver - _callback: [Gurobi] 0     0 6662.13977    0   17 5327.97490 6662.13977  25.0%     -    0s
04/27/2026 08:41:32 PM INFO lbbd_mip_v1_solver - print: >>>Parallel subproblem time: 0.005s for 3 factories
04/27/2026 08:41:32 PM INFO lbbd_mip_v1_solver - print:  Added optimal optimality cut: factory=1, orders=[6, 10, 12, 13], cost=340.35, theta_est=0.00
04/27/2026 08:41:32 PM INFO lbbd_mip_v1_solver - _callback: [Gurobi] 0     0 6657.21696    0   17 5327.97490 6657.21696  24.9%     -    0s
04/27/2026 08:41:32 PM INFO lbbd_mip_v1_solver - _callback: [Gurobi] 0     0 6655.17414    0   18 5327.97490 6655.17414  24.9%     -    0s
04/27/2026 08:41:32 PM INFO lbbd_mip_v1_solver - _callback: [Gurobi] 0     0 6655.11846    0   18 5327.97490 6655.11846  24.9%     -    0s
04/27/2026 08:41:32 PM INFO lbbd_mip_v1_solver - _callback: [Gurobi] 0     0 6638.11380    0   19 5327.97490 6638.11380  24.6%     -    0s
04/27/2026 08:41:32 PM INFO lbbd_mip_v1_solver - _callback: [Gurobi] 0     0 6637.67023    0   19 5327.97490 6637.67023  24.6%     -    0s
04/27/2026 08:41:32 PM INFO lbbd_mip_v1_solver - _callback: [Gurobi] 0     0 6636.81812    0   19 5327.97490 6636.81812  24.6%     -    0s
04/27/2026 08:41:32 PM INFO lbbd_mip_v1_solver - _callback: [Gurobi] 0     0 6636.81580    0   19 5327.97490 6636.81580  24.6%     -    0s
04/27/2026 08:41:32 PM INFO lbbd_mip_v1_solver - _callback: [Gurobi] 0     0 6634.84707    0   19 5327.97490 6634.84707  24.5%     -    0s
04/27/2026 08:41:32 PM INFO lbbd_mip_v1_solver - _callback: [Gurobi] 0     0 6634.84707    0   19 5327.97490 6634.84707  24.5%     -    0s
04/27/2026 08:41:32 PM INFO lbbd_mip_v1_solver - print: >>>Parallel subproblem time: 0.005s for 3 factories
04/27/2026 08:41:32 PM INFO lbbd_mip_v1_solver - print:  Added optimal optimality cut: factory=1, orders=[1, 3, 10, 12, 13], cost=1089.23, theta_est=160.27
04/27/2026 08:41:32 PM INFO lbbd_mip_v1_solver - print:  Added optimal optimality cut: factory=2, orders=[6, 9, 15], cost=696.77, theta_est=231.55
04/27/2026 08:41:32 PM INFO lbbd_mip_v1_solver - print:  Added feasibility cut: factory=3, conflict orders=[2, 4, 7, 14]
04/27/2026 08:41:32 PM INFO lbbd_mip_v1_solver - print: >>>Parallel subproblem time: 0.005s for 3 factories
04/27/2026 08:41:32 PM INFO lbbd_mip_v1_solver - print:  Added optimal optimality cut: factory=1, orders=[1, 3, 6, 10], cost=371.04, theta_est=40.82
04/27/2026 08:41:32 PM INFO lbbd_mip_v1_solver - print:  Added optimal optimality cut: factory=3, orders=[2, 4, 7, 12], cost=223.04, theta_est=82.13
04/27/2026 08:41:32 PM INFO lbbd_mip_v1_solver - print: ***[Validated]*** obj=5533.93, delay=594.08, bound=6634.85, gap=19.89%, t=0.2s
04/27/2026 08:41:32 PM INFO lbbd_mip_v1_solver - print: >>>Parallel subproblem time: 0.003s for 3 factories
04/27/2026 08:41:32 PM INFO lbbd_mip_v1_solver - print:  Added optimal optimality cut: factory=1, orders=[3, 6, 8, 10, 12], cost=1890.01, theta_est=438.14
04/27/2026 08:41:32 PM INFO lbbd_mip_v1_solver - print: >>>Parallel subproblem time: 0.006s for 3 factories
04/27/2026 08:41:32 PM INFO lbbd_mip_v1_solver - _callback: [Gurobi] H    0     2                    5386.9356424 6634.84707  23.2%     -    0s
04/27/2026 08:41:32 PM INFO lbbd_mip_v1_solver - _callback: [Gurobi] 0     2 6616.30733    0   18 5386.93564 6616.30733  22.8%     -    0s
04/27/2026 08:41:32 PM INFO lbbd_mip_v1_solver - print: >>>Parallel subproblem time: 0.006s for 3 factories
04/27/2026 08:41:32 PM INFO lbbd_mip_v1_solver - print:  Added optimal optimality cut: factory=1, orders=[1, 3, 6, 12, 13], cost=970.07, theta_est=76.12
04/27/2026 08:41:32 PM INFO lbbd_mip_v1_solver - print:  Added feasibility cut: factory=2, conflict orders=[7, 9, 10, 15]
04/27/2026 08:41:32 PM INFO lbbd_mip_v1_solver - print:  Added feasibility cut: factory=3, conflict orders=[2, 5, 11, 14]
04/27/2026 08:41:32 PM INFO lbbd_mip_v1_solver - print: >>>Parallel subproblem time: 0.005s for 3 factories
04/27/2026 08:41:32 PM INFO lbbd_mip_v1_solver - print:  Added feasibility cut: factory=1, conflict orders=[3, 6, 8, 10, 13]
04/27/2026 08:41:32 PM INFO lbbd_mip_v1_solver - print:  Added optimal optimality cut: factory=3, orders=[2, 4, 7, 11, 12], cost=1135.22, theta_est=381.14
04/27/2026 08:41:32 PM INFO lbbd_mip_v1_solver - print: >>>Parallel subproblem time: 0.003s for 3 factories
04/27/2026 08:41:32 PM INFO lbbd_mip_v1_solver - print:  Added feasibility cut: factory=1, conflict orders=[1, 3, 8, 9, 10]
04/27/2026 08:41:32 PM INFO lbbd_mip_v1_solver - print:  Added optimal optimality cut: factory=2, orders=[6, 13, 15], cost=1255.09, theta_est=231.55
04/27/2026 08:41:32 PM INFO lbbd_mip_v1_solver - print:  Added feasibility cut: factory=3, conflict orders=[2, 5, 7, 12, 14]
04/27/2026 08:41:32 PM INFO lbbd_mip_v1_solver - print: >>>Parallel subproblem time: 0.006s for 3 factories
04/27/2026 08:41:32 PM INFO lbbd_mip_v1_solver - print:  Added feasibility cut: factory=3, conflict orders=[2, 5, 7, 14]
04/27/2026 08:41:32 PM INFO lbbd_mip_v1_solver - print: >>>Parallel subproblem time: 0.004s for 3 factories
04/27/2026 08:41:32 PM INFO lbbd_mip_v1_solver - print:  Added optimal optimality cut: factory=2, orders=[6, 10, 14, 15], cost=1628.06, theta_est=231.55
04/27/2026 08:41:32 PM INFO lbbd_mip_v1_solver - print:  Added feasibility cut: factory=3, conflict orders=[2, 4, 7, 9, 13]
04/27/2026 08:41:32 PM INFO lbbd_mip_v1_solver - print: >>>Parallel subproblem time: 0.005s for 3 factories
04/27/2026 08:41:32 PM INFO lbbd_mip_v1_solver - print:  Added feasibility cut: factory=1, conflict orders=[1, 6, 8, 10, 13]
04/27/2026 08:41:32 PM INFO lbbd_mip_v1_solver - print: >>>Parallel subproblem time: 0.003s for 3 factories
04/27/2026 08:41:32 PM INFO lbbd_mip_v1_solver - print:  Added feasibility cut: factory=1, conflict orders=[1, 3, 8, 10, 14]
04/27/2026 08:41:32 PM INFO lbbd_mip_v1_solver - print:  Added feasibility cut: factory=2, conflict orders=[6, 7, 9, 15]
04/27/2026 08:41:32 PM INFO lbbd_mip_v1_solver - print:  Added optimal optimality cut: factory=3, orders=[2, 4, 5, 13], cost=1130.39, theta_est=0.00
04/27/2026 08:41:32 PM INFO lbbd_mip_v1_solver - print: >>>Parallel subproblem time: 0.004s for 3 factories
04/27/2026 08:41:32 PM INFO lbbd_mip_v1_solver - print:  Added optimal optimality cut: factory=1, orders=[1, 3, 10, 12], cost=124.19, theta_est=0.00
04/27/2026 08:41:32 PM INFO lbbd_mip_v1_solver - print:  Added optimal optimality cut: factory=3, orders=[2, 4, 7, 13], cost=910.78, theta_est=38.74
04/27/2026 08:41:32 PM INFO lbbd_mip_v1_solver - print: >>>Parallel subproblem time: 0.005s for 3 factories
04/27/2026 08:41:32 PM INFO lbbd_mip_v1_solver - print:  Added optimal optimality cut: factory=1, orders=[1, 3, 8, 12, 14], cost=1142.83, theta_est=231.00
04/27/2026 08:41:32 PM INFO lbbd_mip_v1_solver - print:  Added optimal optimality cut: factory=2, orders=[6, 10, 15], cost=1075.19, theta_est=231.55
04/27/2026 08:41:32 PM INFO lbbd_mip_v1_solver - print:  Added optimal optimality cut: factory=3, orders=[2, 4, 7, 9, 11], cost=1553.63, theta_est=381.14
04/27/2026 08:41:32 PM INFO lbbd_mip_v1_solver - print: >>>Parallel subproblem time: 0.003s for 3 factories
04/27/2026 08:41:32 PM INFO lbbd_mip_v1_solver - print:  Added optimal optimality cut: factory=1, orders=[1, 3, 8, 10], cost=506.40, theta_est=0.00
04/27/2026 08:41:32 PM INFO lbbd_mip_v1_solver - print:  Added optimal optimality cut: factory=2, orders=[7, 9, 12, 15], cost=3202.90, theta_est=289.27
04/27/2026 08:41:32 PM INFO lbbd_mip_v1_solver - print:  Added feasibility cut: factory=3, conflict orders=[2, 11, 13, 14]
04/27/2026 08:41:32 PM INFO lbbd_mip_v1_solver - print: >>>Parallel subproblem time: 0.005s for 3 factories
04/27/2026 08:41:32 PM INFO lbbd_mip_v1_solver - print: ***[Validated]*** obj=5667.53, delay=505.33, bound=6472.73, gap=14.21%, t=0.3s
04/27/2026 08:41:32 PM INFO lbbd_mip_v1_solver - _callback: [Gurobi] H   35    50                    5667.5275883 6472.73082  14.2%   8.7    0s
04/27/2026 08:41:32 PM INFO lbbd_mip_v1_solver - print: >>>Parallel subproblem time: 0.004s for 3 factories
04/27/2026 08:41:32 PM INFO lbbd_mip_v1_solver - print:  Added feasibility cut: factory=1, conflict orders=[1, 3, 6, 10, 14]
04/27/2026 08:41:32 PM INFO lbbd_mip_v1_solver - print:  Added optimal optimality cut: factory=2, orders=[7, 9, 15], cost=900.79, theta_est=197.96
04/27/2026 08:41:32 PM INFO lbbd_mip_v1_solver - print:  Added optimal optimality cut: factory=3, orders=[2, 4, 5, 12], cost=342.83, theta_est=0.00
04/27/2026 08:41:32 PM INFO lbbd_mip_v1_solver - print: >>>Parallel subproblem time: 0.004s for 3 factories
04/27/2026 08:41:32 PM INFO lbbd_mip_v1_solver - print:  Added optimal optimality cut: factory=1, orders=[1, 3, 8, 13], cost=765.63, theta_est=0.00
04/27/2026 08:41:32 PM INFO lbbd_mip_v1_solver - print:  Added optimal optimality cut: factory=2, orders=[9, 10, 15], cost=198.65, theta_est=-0.00
04/27/2026 08:41:32 PM INFO lbbd_mip_v1_solver - print:  Added feasibility cut: factory=3, conflict orders=[2, 7, 12, 14]
04/27/2026 08:41:32 PM INFO lbbd_mip_v1_solver - print: >>>Parallel subproblem time: 0.004s for 3 factories
04/27/2026 08:41:32 PM INFO lbbd_mip_v1_solver - print:  Added feasibility cut: factory=3, conflict orders=[4, 5, 7, 11, 13]
04/27/2026 08:41:32 PM INFO lbbd_mip_v1_solver - print: >>>Parallel subproblem time: 0.004s for 3 factories
04/27/2026 08:41:32 PM INFO lbbd_mip_v1_solver - print:  Added optimal optimality cut: factory=2, orders=[6, 7, 14, 15], cost=1916.59, theta_est=429.51
04/27/2026 08:41:32 PM INFO lbbd_mip_v1_solver - print:  Added feasibility cut: factory=3, conflict orders=[2, 4, 9, 11, 13]
04/27/2026 08:41:32 PM INFO lbbd_mip_v1_solver - print: >>>Parallel subproblem time: 0.005s for 3 factories
04/27/2026 08:41:32 PM INFO lbbd_mip_v1_solver - print:  Added feasibility cut: factory=1, conflict orders=[3, 6, 8, 10, 14]
04/27/2026 08:41:32 PM INFO lbbd_mip_v1_solver - print:  Added optimal optimality cut: factory=3, orders=[2, 4, 5, 7, 12], cost=1450.81, theta_est=619.70
04/27/2026 08:41:32 PM INFO lbbd_mip_v1_solver - print: >>>Parallel subproblem time: 0.003s for 3 factories
04/27/2026 08:41:32 PM INFO lbbd_mip_v1_solver - print:  Added optimal optimality cut: factory=1, orders=[3, 6, 8, 10], cost=963.67, theta_est=0.00
04/27/2026 08:41:32 PM INFO lbbd_mip_v1_solver - print:  Added optimal optimality cut: factory=2, orders=[9, 12, 15], cost=565.70, theta_est=91.31
04/27/2026 08:41:32 PM INFO lbbd_mip_v1_solver - print:  Added feasibility cut: factory=3, conflict orders=[2, 7, 13, 14]
04/27/2026 08:41:32 PM INFO lbbd_mip_v1_solver - print: >>>Parallel subproblem time: 0.005s for 3 factories
04/27/2026 08:41:32 PM INFO lbbd_mip_v1_solver - print:  Added feasibility cut: factory=1, conflict orders=[1, 3, 6, 9, 12]
04/27/2026 08:41:32 PM INFO lbbd_mip_v1_solver - print:  Added optimal optimality cut: factory=2, orders=[7, 10, 14, 15], cost=1110.67, theta_est=197.96
04/27/2026 08:41:32 PM INFO lbbd_mip_v1_solver - print:  Added optimal optimality cut: factory=3, orders=[2, 4, 11, 13], cost=989.17, theta_est=0.00
04/27/2026 08:41:32 PM INFO lbbd_mip_v1_solver - print: >>>Parallel subproblem time: 0.004s for 3 factories
04/27/2026 08:41:32 PM INFO lbbd_mip_v1_solver - print:  Added optimal optimality cut: factory=1, orders=[1, 3, 6, 12], cost=43.27, theta_est=0.00
04/27/2026 08:41:32 PM INFO lbbd_mip_v1_solver - print:  Added optimal optimality cut: factory=2, orders=[7, 14, 15], cost=239.74, theta_est=197.96
04/27/2026 08:41:32 PM INFO lbbd_mip_v1_solver - print:  Added feasibility cut: factory=3, conflict orders=[2, 9, 11, 13]
04/27/2026 08:41:32 PM INFO lbbd_mip_v1_solver - print: >>>Parallel subproblem time: 0.005s for 3 factories
04/27/2026 08:41:32 PM INFO lbbd_mip_v1_solver - print:  Added feasibility cut: factory=1, conflict orders=[1, 3, 10, 13, 14]
04/27/2026 08:41:32 PM INFO lbbd_mip_v1_solver - print:  Added feasibility cut: factory=2, conflict orders=[6, 7, 12, 15]
04/27/2026 08:41:32 PM INFO lbbd_mip_v1_solver - print:  Added optimal optimality cut: factory=3, orders=[2, 5, 9, 11], cost=1034.86, theta_est=0.00
04/27/2026 08:41:32 PM INFO lbbd_mip_v1_solver - print: >>>Parallel subproblem time: 0.004s for 3 factories
04/27/2026 08:41:32 PM INFO lbbd_mip_v1_solver - print:  Added feasibility cut: factory=1, conflict orders=[1, 3, 4, 10, 13]
04/27/2026 08:41:32 PM INFO lbbd_mip_v1_solver - print: >>>Parallel subproblem time: 0.005s for 3 factories
04/27/2026 08:41:32 PM INFO lbbd_mip_v1_solver - print:  Added feasibility cut: factory=3, conflict orders=[4, 5, 7, 13]
04/27/2026 08:41:32 PM INFO lbbd_mip_v1_solver - print: >>>Parallel subproblem time: 0.005s for 3 factories
04/27/2026 08:41:32 PM INFO lbbd_mip_v1_solver - print:  Added feasibility cut: factory=1, conflict orders=[1, 6, 8, 10, 14]
04/27/2026 08:41:32 PM INFO lbbd_mip_v1_solver - print:  Added optimal optimality cut: factory=3, orders=[4, 5, 7, 11, 12], cost=1487.10, theta_est=273.98
04/27/2026 08:41:32 PM INFO lbbd_mip_v1_solver - print: >>>Parallel subproblem time: 0.004s for 3 factories
04/27/2026 08:41:32 PM INFO lbbd_mip_v1_solver - print:  Added optimal optimality cut: factory=3, orders=[2, 11, 13], cost=76.94, theta_est=0.00
04/27/2026 08:41:32 PM INFO lbbd_mip_v1_solver - print: ***[Validated]*** obj=5698.19, delay=120.21, bound=6470.08, gap=13.55%, t=0.3s
04/27/2026 08:41:32 PM INFO lbbd_mip_v1_solver - print: >>>Parallel subproblem time: 0.004s for 3 factories
04/27/2026 08:41:32 PM INFO lbbd_mip_v1_solver - _callback: [Gurobi] H  210   139                    5684.2626065 6470.07788  13.8%   5.9    0s
04/27/2026 08:41:32 PM INFO lbbd_mip_v1_solver - print: >>>Parallel subproblem time: 0.005s for 3 factories
04/27/2026 08:41:32 PM INFO lbbd_mip_v1_solver - print:  Added optimal optimality cut: factory=1, orders=[1, 3, 10, 13], cost=437.05, theta_est=0.00
04/27/2026 08:41:32 PM INFO lbbd_mip_v1_solver - print:  Added optimal optimality cut: factory=2, orders=[6, 14, 15], cost=390.05, theta_est=231.55
04/27/2026 08:41:32 PM INFO lbbd_mip_v1_solver - print:  Added optimal optimality cut: factory=3, orders=[2, 5, 7, 9, 12], cost=1711.33, theta_est=225.46
04/27/2026 08:41:32 PM INFO lbbd_mip_v1_solver - print: >>>Parallel subproblem time: 0.003s for 3 factories
04/27/2026 08:41:32 PM INFO lbbd_mip_v1_solver - print:  Added optimal optimality cut: factory=1, orders=[3, 8, 10, 12], cost=596.72, theta_est=0.00
04/27/2026 08:41:32 PM INFO lbbd_mip_v1_solver - print:  Added feasibility cut: factory=3, conflict orders=[2, 4, 5, 14]
04/27/2026 08:41:32 PM INFO lbbd_mip_v1_solver - print: >>>Parallel subproblem time: 0.004s for 3 factories
04/27/2026 08:41:32 PM INFO lbbd_mip_v1_solver - _callback: [Gurobi] *  258   147              15    5698.1936137 6470.07788  13.5%   5.5    0s
04/27/2026 08:41:32 PM INFO lbbd_mip_v1_solver - print: >>>Parallel subproblem time: 0.004s for 3 factories
04/27/2026 08:41:32 PM INFO lbbd_mip_v1_solver - print:  Added optimal optimality cut: factory=1, orders=[1, 3, 4, 10], cost=493.31, theta_est=0.00
04/27/2026 08:41:32 PM INFO lbbd_mip_v1_solver - print:  Added optimal optimality cut: factory=3, orders=[2, 7, 12, 13], cost=530.89, theta_est=38.74
04/27/2026 08:41:32 PM INFO lbbd_mip_v1_solver - print: >>>Parallel subproblem time: 0.004s for 3 factories
04/27/2026 08:41:32 PM INFO lbbd_mip_v1_solver - print:  Added optimal optimality cut: factory=2, orders=[10, 13, 14, 15], cost=563.39, theta_est=21.12
04/27/2026 08:41:32 PM INFO lbbd_mip_v1_solver - print:  Added optimal optimality cut: factory=3, orders=[2, 7, 9, 11], cost=671.06, theta_est=0.00
04/27/2026 08:41:32 PM INFO lbbd_mip_v1_solver - print: >>>Parallel subproblem time: 0.004s for 3 factories
04/27/2026 08:41:32 PM INFO lbbd_mip_v1_solver - print:  Added optimal optimality cut: factory=1, orders=[3, 6, 8, 12, 13], cost=1992.47, theta_est=170.52
04/27/2026 08:41:32 PM INFO lbbd_mip_v1_solver - print:  Added optimal optimality cut: factory=2, orders=[7, 10, 15], cost=973.89, theta_est=197.96
04/27/2026 08:41:32 PM INFO lbbd_mip_v1_solver - print:  Added feasibility cut: factory=3, conflict orders=[2, 9, 11, 14]
04/27/2026 08:41:32 PM INFO lbbd_mip_v1_solver - print: >>>Parallel subproblem time: 0.004s for 3 factories
04/27/2026 08:41:32 PM INFO lbbd_mip_v1_solver - print:  Added optimal optimality cut: factory=1, orders=[1, 3, 10, 12, 14], cost=1132.36, theta_est=220.10
04/27/2026 08:41:32 PM INFO lbbd_mip_v1_solver - print:  Added optimal optimality cut: factory=2, orders=[6, 7, 15], cost=1778.56, theta_est=429.51
04/27/2026 08:41:32 PM INFO lbbd_mip_v1_solver - print:  Added feasibility cut: factory=3, conflict orders=[2, 5, 9, 13]
04/27/2026 08:41:32 PM INFO lbbd_mip_v1_solver - print: >>>Parallel subproblem time: 0.007s for 3 factories
04/27/2026 08:41:32 PM INFO lbbd_mip_v1_solver - print:  Added optimal optimality cut: factory=1, orders=[3, 6, 10, 13], cost=892.04, theta_est=0.00
04/27/2026 08:41:32 PM INFO lbbd_mip_v1_solver - print: >>>Parallel subproblem time: 0.005s for 3 factories
04/27/2026 08:41:32 PM INFO lbbd_mip_v1_solver - print:  Added feasibility cut: factory=1, conflict orders=[1, 3, 6, 9, 13]
04/27/2026 08:41:32 PM INFO lbbd_mip_v1_solver - print:  Added optimal optimality cut: factory=3, orders=[2, 5, 11, 12], cost=540.74, theta_est=0.00
04/27/2026 08:41:32 PM INFO lbbd_mip_v1_solver - print: >>>Parallel subproblem time: 0.003s for 3 factories
04/27/2026 08:41:32 PM INFO lbbd_mip_v1_solver - print:  Added feasibility cut: factory=1, conflict orders=[1, 3, 6, 9]
04/27/2026 08:41:32 PM INFO lbbd_mip_v1_solver - print:  Added optimal optimality cut: factory=3, orders=[2, 5, 12, 13], cost=757.71, theta_est=0.00
04/27/2026 08:41:32 PM INFO lbbd_mip_v1_solver - print: >>>Parallel subproblem time: 0.003s for 3 factories
04/27/2026 08:41:32 PM INFO lbbd_mip_v1_solver - print:  Added optimal optimality cut: factory=3, orders=[2, 4, 7, 9], cost=447.00, theta_est=0.00
04/27/2026 08:41:32 PM INFO lbbd_mip_v1_solver - print: >>>Parallel subproblem time: 0.006s for 3 factories
04/27/2026 08:41:32 PM INFO lbbd_mip_v1_solver - print:  Added feasibility cut: factory=2, conflict orders=[7, 13, 14, 15]
04/27/2026 08:41:32 PM INFO lbbd_mip_v1_solver - print:  Added optimal optimality cut: factory=3, orders=[2, 4, 9, 11], cost=531.34, theta_est=0.00
04/27/2026 08:41:32 PM INFO lbbd_mip_v1_solver - print: >>>Parallel subproblem time: 0.004s for 3 factories
04/27/2026 08:41:32 PM INFO lbbd_mip_v1_solver - print:  Added optimal optimality cut: factory=1, orders=[1, 6, 10, 12], cost=44.66, theta_est=0.00
04/27/2026 08:41:32 PM INFO lbbd_mip_v1_solver - print:  Added optimal optimality cut: factory=3, orders=[4, 7, 11, 13], cost=969.30, theta_est=0.00
04/27/2026 08:41:32 PM INFO lbbd_mip_v1_solver - print: >>>Parallel subproblem time: 0.005s for 3 factories
04/27/2026 08:41:32 PM INFO lbbd_mip_v1_solver - print:  Added optimal optimality cut: factory=1, orders=[1, 6, 8, 10], cost=393.48, theta_est=0.00
04/27/2026 08:41:32 PM INFO lbbd_mip_v1_solver - print: >>>Parallel subproblem time: 0.004s for 3 factories
04/27/2026 08:41:32 PM INFO lbbd_mip_v1_solver - print:  Added optimal optimality cut: factory=1, orders=[1, 3, 6, 12, 14], cost=878.09, theta_est=135.95
04/27/2026 08:41:32 PM INFO lbbd_mip_v1_solver - print:  Added feasibility cut: factory=3, conflict orders=[5, 7, 9, 11, 13]
04/27/2026 08:41:32 PM INFO lbbd_mip_v1_solver - print: >>>Parallel subproblem time: 0.005s for 3 factories
04/27/2026 08:41:32 PM INFO lbbd_mip_v1_solver - print:  Added optimal optimality cut: factory=1, orders=[1, 3, 4, 6, 12], cost=1071.30, theta_est=70.49
04/27/2026 08:41:32 PM INFO lbbd_mip_v1_solver - print:  Added feasibility cut: factory=3, conflict orders=[2, 7, 9, 13]
04/27/2026 08:41:32 PM INFO lbbd_mip_v1_solver - print: >>>Parallel subproblem time: 0.005s for 3 factories
04/27/2026 08:41:32 PM INFO lbbd_mip_v1_solver - print:  Added feasibility cut: factory=1, conflict orders=[1, 3, 6, 13, 14]
04/27/2026 08:41:32 PM INFO lbbd_mip_v1_solver - print: >>>Parallel subproblem time: 0.004s for 3 factories
04/27/2026 08:41:32 PM INFO lbbd_mip_v1_solver - print:  Added optimal optimality cut: factory=3, orders=[2, 7, 11], cost=59.30, theta_est=0.00
04/27/2026 08:41:32 PM INFO lbbd_mip_v1_solver - print: ***[Validated]*** obj=5710.12, delay=183.49, bound=6279.02, gap=9.96%, t=0.5s
04/27/2026 08:41:32 PM INFO lbbd_mip_v1_solver - print: >>>Parallel subproblem time: 0.004s for 3 factories
04/27/2026 08:41:32 PM INFO lbbd_mip_v1_solver - _callback: [Gurobi] H  687   155                    5710.0879557 6279.02360  10.0%   4.7    0s
04/27/2026 08:41:32 PM INFO lbbd_mip_v1_solver - print: >>>Parallel subproblem time: 0.003s for 3 factories
04/27/2026 08:41:32 PM INFO lbbd_mip_v1_solver - print: ***[Validated]*** obj=5805.72, delay=162.92, bound=6279.02, gap=8.15%, t=0.5s
04/27/2026 08:41:32 PM INFO lbbd_mip_v1_solver - _callback: [Gurobi] *  722   155              12    5805.7233618 6279.02360  8.15%   4.7    0s
04/27/2026 08:41:32 PM INFO lbbd_mip_v1_solver - print: >>>Parallel subproblem time: 0.003s for 3 factories
04/27/2026 08:41:32 PM INFO lbbd_mip_v1_solver - print:  Added optimal optimality cut: factory=1, orders=[3, 6, 8, 12], cost=571.00, theta_est=0.00
04/27/2026 08:41:32 PM INFO lbbd_mip_v1_solver - print:  Added optimal optimality cut: factory=2, orders=[10, 13, 15], cost=195.52, theta_est=0.00
04/27/2026 08:41:32 PM INFO lbbd_mip_v1_solver - print:  Added feasibility cut: factory=3, conflict orders=[2, 7, 9, 14]
04/27/2026 08:41:32 PM INFO lbbd_mip_v1_solver - print: >>>Parallel subproblem time: 0.003s for 3 factories
04/27/2026 08:41:32 PM INFO lbbd_mip_v1_solver - print: ***[Validated]*** obj=5948.78, delay=82.00, bound=6188.78, gap=4.03%, t=0.5s
04/27/2026 08:41:32 PM INFO lbbd_mip_v1_solver - _callback: [Gurobi] *  813    91              13    5948.7754153 6188.78463  4.03%   4.6    0s
04/27/2026 08:41:32 PM INFO lbbd_mip_v1_solver - _callback: [Gurobi] Cutting planes:
04/27/2026 08:41:32 PM INFO lbbd_mip_v1_solver - _callback: [Gurobi] Gomory: 1
04/27/2026 08:41:32 PM INFO lbbd_mip_v1_solver - _callback: [Gurobi] MIR: 37
04/27/2026 08:41:32 PM INFO lbbd_mip_v1_solver - _callback: [Gurobi] Lazy constraints: 124
04/27/2026 08:41:32 PM INFO lbbd_mip_v1_solver - _callback: [Gurobi] Explored 1042 nodes (4623 simplex iterations) in 0.48 seconds (0.02 work units)
04/27/2026 08:41:32 PM INFO lbbd_mip_v1_solver - _callback: [Gurobi] Thread count was 20 (of 20 available processors)
04/27/2026 08:41:32 PM INFO lbbd_mip_v1_solver - _callback: [Gurobi] Solution count 10: 5948.78 5805.72 5710.09 ... 4765.8
04/27/2026 08:41:32 PM INFO lbbd_mip_v1_solver - _callback: [Gurobi] Optimal solution found (tolerance 1.00e-04)
04/27/2026 08:41:32 PM INFO lbbd_mip_v1_solver - _callback: [Gurobi] Best objective 5.948775415322e+03, best bound 5.948775415322e+03, gap 0.0000%
04/27/2026 08:41:32 PM INFO lbbd_mip_v1_solver - _callback: [Gurobi] User-callback calls 2537, time in user-callback 0.40 sec
04/27/2026 08:41:32 PM INFO lbbd_mip_v1_solver - print: 
04/27/2026 08:41:32 PM INFO lbbd_mip_v1_solver - print: ============================================================
04/27/2026 08:41:32 PM INFO lbbd_mip_v1_solver - print: Branch-and-Check LBBD Summary
04/27/2026 08:41:32 PM INFO lbbd_mip_v1_solver - print: ============================================================
04/27/2026 08:41:32 PM INFO lbbd_mip_v1_solver - print: Status: OPTIMAL
04/27/2026 08:41:32 PM INFO lbbd_mip_v1_solver - print: Runtime: 0.48s
04/27/2026 08:41:32 PM INFO lbbd_mip_v1_solver - print: Iterations: 75
04/27/2026 08:41:32 PM INFO lbbd_mip_v1_solver - print: Initial UB: 14906.63
04/27/2026 08:41:32 PM INFO lbbd_mip_v1_solver - print: Module times (s): preprocess=0.000, enhancement=0.006, modeling=0.001, solving=0.484
04/27/2026 08:41:32 PM INFO lbbd_mip_v1_solver - print: Master time: 0.108s
04/27/2026 08:41:32 PM INFO lbbd_mip_v1_solver - print: Average subproblem time: 0.0031s
04/27/2026 08:41:32 PM INFO lbbd_mip_v1_solver - print: Lazy cuts added: 124
04/27/2026 08:41:32 PM INFO lbbd_mip_v1_solver - print:   - feasibility cuts: 44
04/27/2026 08:41:32 PM INFO lbbd_mip_v1_solver - print:   - optimality cuts: 80
04/27/2026 08:41:32 PM INFO lbbd_mip_v1_solver - print: Subproblems solved: 222
04/27/2026 08:41:32 PM INFO lbbd_mip_v1_solver - print: Subproblem time total: 0.68s
04/27/2026 08:41:32 PM INFO lbbd_mip_v1_solver - print: Subproblem time avg: 0.0031s
04/27/2026 08:41:32 PM INFO lbbd_mip_v1_solver - print: Best objective: 5948.78
04/27/2026 08:41:32 PM INFO lbbd_mip_v1_solver - print: Best bound: 5948.78
04/27/2026 08:41:32 PM INFO lbbd_mip_v1_solver - print: Final MIP gap: 0.00%
04/27/2026 08:41:32 PM INFO lbbd_mip_v1_solver - print: ============================================================
04/27/2026 08:41:32 PM INFO lbbd_mip_v1_solver - print: 
04/27/2026 08:41:32 PM INFO lbbd_mip_v1_solver - print: ------------------------------------------------------------
04/27/2026 08:41:32 PM INFO lbbd_mip_v1_solver - print: Subproblem Diagnostics
04/27/2026 08:41:32 PM INFO lbbd_mip_v1_solver - print: ------------------------------------------------------------
04/27/2026 08:41:32 PM INFO lbbd_mip_v1_solver - print: Total subproblems: 222
04/27/2026 08:41:32 PM INFO lbbd_mip_v1_solver - print:   infeasible: 44 (19.82%)
04/27/2026 08:41:32 PM INFO lbbd_mip_v1_solver - print:   optimal: 178 (80.18%)
04/27/2026 08:41:32 PM INFO lbbd_mip_v1_solver - print: Avg subproblem gap: 0.00% (n=139)
04/27/2026 08:41:32 PM INFO lbbd_mip_v1_solver - print: Avg subproblem objective: 495.392 (n=178)
04/27/2026 08:41:32 PM INFO lbbd_mip_v1_solver - print: Avg subproblem bound: 495.392 (n=178)
04/27/2026 08:41:32 PM INFO lbbd_mip_v1_solver - print: Avg (obj - bound) / |obj|: 0.00%
04/27/2026 08:41:32 PM INFO lbbd_mip_v1_solver - print: ------------------------------------------------------------
