04/29/2026 05:28:54 AM INFO mip_v1 - setup_solver_logging: ================================================================================
04/29/2026 05:28:54 AM INFO mip_v1 - setup_solver_logging: Logging started. Log file: D:\Project_Code\Paper\DP_LBBD_1\DP_lbbd\Algorithm\Results\mip_v1\small\exp_3f_30j_seed1\log\exp_3f_30j_seed1_running.log
04/29/2026 05:28:54 AM INFO mip_v1 - print: BigM calculated: 124.6
04/29/2026 05:28:54 AM INFO mip_v1 - print: Adding variables...
04/29/2026 05:28:54 AM INFO mip_v1 - print: Total variables: 9180
04/29/2026 05:28:54 AM INFO mip_v1 - print: Adding constraints...
04/29/2026 05:28:55 AM INFO mip_v1 - print: Total constraints: 18367
04/29/2026 05:28:55 AM INFO mip_v1 - print: Setting objective function...
04/29/2026 05:28:55 AM INFO mip_v1 - print: 
04/29/2026 05:28:55 AM INFO mip_v1 - print: ✓ Model LP written to: D:\Project_Code\Paper\DP_LBBD_1\DP_lbbd\Algorithm\MIP\production_model.lp
04/29/2026 05:28:55 AM INFO mip_v1 - print: 
04/29/2026 05:28:55 AM INFO mip_v1 - print: ============================================================
04/29/2026 05:28:55 AM INFO mip_v1 - print: Starting optimization...
04/29/2026 05:28:55 AM INFO mip_v1 - print: ============================================================
04/29/2026 05:28:55 AM INFO mip_v1 - print: Gurobi native log file: D:\Project_Code\Paper\DP_LBBD_1\DP_lbbd\Algorithm\Results\mip_v1\small\exp_3f_30j_seed1\log\exp_3f_30j_seed1_gurobi.log
04/29/2026 05:58:55 AM INFO mip_v1 - print: 
04/29/2026 05:58:55 AM INFO mip_v1 - print: ============================================================
04/29/2026 05:58:55 AM INFO mip_v1 - print: SOLUTION SUMMARY
04/29/2026 05:58:55 AM INFO mip_v1 - print: ============================================================
04/29/2026 05:58:55 AM INFO mip_v1 - print: ⚠ Time limit reached, best solution found:
04/29/2026 05:58:55 AM INFO mip_v1 - print: 
04/29/2026 05:58:55 AM INFO mip_v1 - print: Objective Value (Total Profit): 8907.50
04/29/2026 05:58:55 AM INFO mip_v1 - print: MIP Gap: 44.45%
04/29/2026 05:58:55 AM INFO mip_v1 - print: 
04/29/2026 05:58:55 AM INFO mip_v1 - print: 📋 Accepted Orders (16/30): [2, 5, 6, 7, 8, 9, 11, 12, 14, 15, 17, 19, 21, 22, 27, 30]
04/29/2026 05:58:55 AM INFO mip_v1 - print: 
04/29/2026 05:58:55 AM INFO mip_v1 - print: ------------------------------------------------------------
04/29/2026 05:58:55 AM INFO mip_v1 - print: ORDER ALLOCATION DETAILS
04/29/2026 05:58:55 AM INFO mip_v1 - print: ------------------------------------------------------------
04/29/2026 05:58:55 AM INFO mip_v1 - print: 
04/29/2026 05:58:55 AM INFO mip_v1 - print: Order 2 → Factory 2
04/29/2026 05:58:55 AM INFO mip_v1 - print:   Machine 1: completion time = 45.04
04/29/2026 05:58:55 AM INFO mip_v1 - print:   Machine 2: completion time = 57.37
04/29/2026 05:58:55 AM INFO mip_v1 - print:   Machine 3: completion time = 71.30
04/29/2026 05:58:55 AM INFO mip_v1 - print:   Delivery: 74.00 (Deadline: 74.00, Delay: 0.00)
04/29/2026 05:58:55 AM INFO mip_v1 - print: 
04/29/2026 05:58:55 AM INFO mip_v1 - print: Order 5 → Factory 1
04/29/2026 05:58:55 AM INFO mip_v1 - print:   Machine 1: completion time = 8.68
04/29/2026 05:58:55 AM INFO mip_v1 - print:   Machine 2: completion time = 14.61
04/29/2026 05:58:55 AM INFO mip_v1 - print:   Machine 3: completion time = 21.68
04/29/2026 05:58:55 AM INFO mip_v1 - print:   Machine 4: completion time = 29.54
04/29/2026 05:58:55 AM INFO mip_v1 - print:   Delivery: 32.54 (Deadline: 41.40, Delay: 0.00)
04/29/2026 05:58:55 AM INFO mip_v1 - print: 
04/29/2026 05:58:55 AM INFO mip_v1 - print: Order 6 → Factory 1
04/29/2026 05:58:55 AM INFO mip_v1 - print:   Machine 1: completion time = 23.49
04/29/2026 05:58:55 AM INFO mip_v1 - print:   Machine 2: completion time = 33.30
04/29/2026 05:58:55 AM INFO mip_v1 - print:   Machine 3: completion time = 40.69
04/29/2026 05:58:55 AM INFO mip_v1 - print:   Machine 4: completion time = 48.40
04/29/2026 05:58:55 AM INFO mip_v1 - print:   Delivery: 53.80 (Deadline: 53.80, Delay: 0.00)
04/29/2026 05:58:55 AM INFO mip_v1 - print: 
04/29/2026 05:58:55 AM INFO mip_v1 - print: Order 7 → Factory 3
04/29/2026 05:58:55 AM INFO mip_v1 - print:   Machine 1: completion time = 17.93
04/29/2026 05:58:55 AM INFO mip_v1 - print:   Machine 2: completion time = 24.77
04/29/2026 05:58:55 AM INFO mip_v1 - print:   Machine 3: completion time = 33.27
04/29/2026 05:58:55 AM INFO mip_v1 - print:   Delivery: 40.77 (Deadline: 50.00, Delay: 0.00)
04/29/2026 05:58:55 AM INFO mip_v1 - print: 
04/29/2026 05:58:55 AM INFO mip_v1 - print: Order 8 → Factory 3
04/29/2026 05:58:55 AM INFO mip_v1 - print:   Machine 1: completion time = 32.19
04/29/2026 05:58:55 AM INFO mip_v1 - print:   Machine 2: completion time = 39.82
04/29/2026 05:58:55 AM INFO mip_v1 - print:   Machine 3: completion time = 49.62
04/29/2026 05:58:55 AM INFO mip_v1 - print:   Delivery: 57.52 (Deadline: 59.80, Delay: 0.00)
04/29/2026 05:58:55 AM INFO mip_v1 - print: 
04/29/2026 05:58:55 AM INFO mip_v1 - print: Order 9 → Factory 2
04/29/2026 05:58:55 AM INFO mip_v1 - print:   Machine 1: completion time = 23.19
04/29/2026 05:58:55 AM INFO mip_v1 - print:   Machine 2: completion time = 38.33
04/29/2026 05:58:55 AM INFO mip_v1 - print:   Machine 3: completion time = 47.33
04/29/2026 05:58:55 AM INFO mip_v1 - print:   Delivery: 51.63 (Deadline: 65.40, Delay: 0.00)
04/29/2026 05:58:55 AM INFO mip_v1 - print: 
04/29/2026 05:58:55 AM INFO mip_v1 - print: Order 11 → Factory 3
04/29/2026 05:58:55 AM INFO mip_v1 - print:   Machine 1: completion time = 24.88
04/29/2026 05:58:55 AM INFO mip_v1 - print:   Machine 2: completion time = 32.19
04/29/2026 05:58:55 AM INFO mip_v1 - print:   Machine 3: completion time = 41.50
04/29/2026 05:58:55 AM INFO mip_v1 - print:   Delivery: 50.40 (Deadline: 50.40, Delay: 0.00)
04/29/2026 05:58:55 AM INFO mip_v1 - print: 
04/29/2026 05:58:55 AM INFO mip_v1 - print: Order 12 → Factory 2
04/29/2026 05:58:55 AM INFO mip_v1 - print:   Machine 1: completion time = 14.61
04/29/2026 05:58:55 AM INFO mip_v1 - print:   Machine 2: completion time = 25.94
04/29/2026 05:58:55 AM INFO mip_v1 - print:   Machine 3: completion time = 38.33
04/29/2026 05:58:55 AM INFO mip_v1 - print:   Delivery: 41.33 (Deadline: 64.40, Delay: 0.00)
04/29/2026 05:58:55 AM INFO mip_v1 - print: 
04/29/2026 05:58:55 AM INFO mip_v1 - print: Order 14 → Factory 1
04/29/2026 05:58:55 AM INFO mip_v1 - print:   Machine 1: completion time = 37.57
04/29/2026 05:58:55 AM INFO mip_v1 - print:   Machine 2: completion time = 50.14
04/29/2026 05:58:55 AM INFO mip_v1 - print:   Machine 3: completion time = 64.16
04/29/2026 05:58:55 AM INFO mip_v1 - print:   Machine 4: completion time = 79.37
04/29/2026 05:58:55 AM INFO mip_v1 - print:   Delivery: 83.47 (Deadline: 82.40, Delay: 1.07)
04/29/2026 05:58:55 AM INFO mip_v1 - print: 
04/29/2026 05:58:55 AM INFO mip_v1 - print: Order 15 → Factory 3
04/29/2026 05:58:55 AM INFO mip_v1 - print:   Machine 1: completion time = 58.62
04/29/2026 05:58:55 AM INFO mip_v1 - print:   Machine 2: completion time = 68.88
04/29/2026 05:58:55 AM INFO mip_v1 - print:   Machine 3: completion time = 79.70
04/29/2026 05:58:55 AM INFO mip_v1 - print:   Delivery: 88.30 (Deadline: 85.60, Delay: 2.70)
04/29/2026 05:58:55 AM INFO mip_v1 - print: 
04/29/2026 05:58:55 AM INFO mip_v1 - print: Order 17 → Factory 1
04/29/2026 05:58:55 AM INFO mip_v1 - print:   Machine 1: completion time = 15.83
04/29/2026 05:58:55 AM INFO mip_v1 - print:   Machine 2: completion time = 26.12
04/29/2026 05:58:55 AM INFO mip_v1 - print:   Machine 3: completion time = 33.30
04/29/2026 05:58:55 AM INFO mip_v1 - print:   Machine 4: completion time = 40.54
04/29/2026 05:58:55 AM INFO mip_v1 - print:   Delivery: 41.84 (Deadline: 43.00, Delay: 0.00)
04/29/2026 05:58:55 AM INFO mip_v1 - print: 
04/29/2026 05:58:55 AM INFO mip_v1 - print: Order 19 → Factory 3
04/29/2026 05:58:55 AM INFO mip_v1 - print:   Machine 1: completion time = 48.54
04/29/2026 05:58:55 AM INFO mip_v1 - print:   Machine 2: completion time = 57.10
04/29/2026 05:58:55 AM INFO mip_v1 - print:   Machine 3: completion time = 68.40
04/29/2026 05:58:55 AM INFO mip_v1 - print:   Delivery: 73.00 (Deadline: 73.00, Delay: 0.00)
04/29/2026 05:58:55 AM INFO mip_v1 - print: 
04/29/2026 05:58:55 AM INFO mip_v1 - print: Order 21 → Factory 2
04/29/2026 05:58:55 AM INFO mip_v1 - print:   Machine 1: completion time = 33.98
04/29/2026 05:58:55 AM INFO mip_v1 - print:   Machine 2: completion time = 47.73
04/29/2026 05:58:55 AM INFO mip_v1 - print:   Machine 3: completion time = 59.05
04/29/2026 05:58:55 AM INFO mip_v1 - print:   Delivery: 61.95 (Deadline: 69.90, Delay: 0.00)
04/29/2026 05:58:55 AM INFO mip_v1 - print: 
04/29/2026 05:58:55 AM INFO mip_v1 - print: Order 22 → Factory 2
04/29/2026 05:58:55 AM INFO mip_v1 - print:   Machine 1: completion time = 59.12
04/29/2026 05:58:55 AM INFO mip_v1 - print:   Machine 2: completion time = 71.94
04/29/2026 05:58:55 AM INFO mip_v1 - print:   Machine 3: completion time = 88.70
04/29/2026 05:58:55 AM INFO mip_v1 - print:   Delivery: 94.00 (Deadline: 94.00, Delay: 0.00)
04/29/2026 05:58:55 AM INFO mip_v1 - print: 
04/29/2026 05:58:55 AM INFO mip_v1 - print: Order 27 → Factory 3
04/29/2026 05:58:55 AM INFO mip_v1 - print:   Machine 1: completion time = 11.51
04/29/2026 05:58:55 AM INFO mip_v1 - print:   Machine 2: completion time = 17.44
04/29/2026 05:58:55 AM INFO mip_v1 - print:   Machine 3: completion time = 23.78
04/29/2026 05:58:55 AM INFO mip_v1 - print:   Delivery: 30.48 (Deadline: 41.20, Delay: 0.00)
04/29/2026 05:58:55 AM INFO mip_v1 - print: 
04/29/2026 05:58:55 AM INFO mip_v1 - print: Order 30 → Factory 3
04/29/2026 05:58:55 AM INFO mip_v1 - print:   Machine 1: completion time = 39.96
04/29/2026 05:58:55 AM INFO mip_v1 - print:   Machine 2: completion time = 48.54
04/29/2026 05:58:55 AM INFO mip_v1 - print:   Machine 3: completion time = 59.09
04/29/2026 05:58:55 AM INFO mip_v1 - print:   Delivery: 65.09 (Deadline: 69.10, Delay: 0.00)
04/29/2026 05:58:55 AM INFO mip_v1 - print: 
04/29/2026 05:58:55 AM INFO mip_v1 - print: ------------------------------------------------------------
04/29/2026 05:58:55 AM INFO mip_v1 - print: COST BREAKDOWN
04/29/2026 05:58:55 AM INFO mip_v1 - print: ------------------------------------------------------------
04/29/2026 05:58:55 AM INFO mip_v1 - print: Total Revenue:          +    21930.00
04/29/2026 05:58:55 AM INFO mip_v1 - print: Production Cost:        -     8265.77
04/29/2026 05:58:55 AM INFO mip_v1 - print: Transport Cost:         -     4514.55
04/29/2026 05:58:55 AM INFO mip_v1 - print: Delay Penalty:          -      242.18
04/29/2026 05:58:55 AM INFO mip_v1 - print: ------------------------------------------------------------
04/29/2026 05:58:55 AM INFO mip_v1 - print: Total Profit:           =     8907.50
