05/02/2026 10:53:47 AM INFO proposed_lbbd_solver - setup_solver_logging: ================================================================================
05/02/2026 10:53:47 AM INFO proposed_lbbd_solver - setup_solver_logging: Logging started. Log file: D:\Project_Code\Paper\DP_LBBD_1\DP_lbbd\Algorithm\Results\proposed_lbbd\small\exp_3f_20j_seed3\log\exp_3f_20j_seed3_running.log
05/02/2026 10:53:47 AM INFO proposed_lbbd_solver - print: Feasible pairs: 43/60
05/02/2026 10:53:47 AM INFO proposed_lbbd_solver - print: [Preprocess] Infeasible assignment detected: order 18 → factory 1 (E=80.66 > deadline=79.10)
05/02/2026 10:53:47 AM INFO proposed_lbbd_solver - print: [Preprocess] Infeasible assignments detected: 1
05/02/2026 10:53:47 AM INFO proposed_lbbd_solver - print: [Preprocess] Unprofitable assignment detected: order 9 → factory 1
05/02/2026 10:53:47 AM INFO proposed_lbbd_solver - print: [Preprocess] Unprofitable assignment detected: order 13 → factory 1
05/02/2026 10:53:47 AM INFO proposed_lbbd_solver - print: [Preprocess] Unprofitable assignment detected: order 14 → factory 1
05/02/2026 10:53:47 AM INFO proposed_lbbd_solver - print: [Preprocess] Unprofitable assignment detected: order 16 → factory 1
05/02/2026 10:53:47 AM INFO proposed_lbbd_solver - print: [Preprocess] Unprofitable assignment detected: order 17 → factory 1
05/02/2026 10:53:47 AM INFO proposed_lbbd_solver - print: [Preprocess] Unprofitable assignment detected: order 18 → factory 1
05/02/2026 10:53:47 AM INFO proposed_lbbd_solver - print: [Preprocess] Unprofitable assignments: 6
05/02/2026 10:53:47 AM INFO proposed_lbbd_solver - print: [Preprocess] Unprofitable orders: 0
05/02/2026 10:53:47 AM INFO proposed_lbbd_solver - print: [Preprocess] High-risk orders: 10
05/02/2026 10:53:47 AM INFO proposed_lbbd_solver - print: [Preprocess] Pairwise conflict detected: order 13 and order 14 in factory 1
05/02/2026 10:53:47 AM INFO proposed_lbbd_solver - print: [Preprocess] Pairwise conflict detected: order 13 and order 17 in factory 1
05/02/2026 10:53:47 AM INFO proposed_lbbd_solver - print: [Preprocess] Pairwise conflict detected: order 13 and order 18 in factory 1
05/02/2026 10:53:47 AM INFO proposed_lbbd_solver - print: [Preprocess] Pairwise conflict detected: order 14 and order 17 in factory 1
05/02/2026 10:53:47 AM INFO proposed_lbbd_solver - print: [Preprocess] Pairwise conflict detected: order 14 and order 18 in factory 1
05/02/2026 10:53:47 AM INFO proposed_lbbd_solver - print: [Preprocess] Pairwise conflict detected: order 17 and order 18 in factory 1
05/02/2026 10:53:47 AM INFO proposed_lbbd_solver - print: [Preprocess] Pairwise conflicts detected: 6
05/02/2026 10:53:47 AM INFO proposed_lbbd_solver - print: [Preprocess] Factory 1 has 2 clusters from 10 orders
05/02/2026 10:53:47 AM INFO proposed_lbbd_solver - print: [Preprocess] Cluster conflict detected: factory 1, orders [1, 2, 3, 4, 5, 6, 10, 11, 19]
05/02/2026 10:53:47 AM INFO proposed_lbbd_solver - print: [Preprocess] Factory 2 has 3 clusters from 13 orders
05/02/2026 10:53:47 AM INFO proposed_lbbd_solver - print: [Preprocess] Cluster conflict detected: factory 2, orders [2, 4, 5, 7, 10, 13, 18]
05/02/2026 10:53:47 AM INFO proposed_lbbd_solver - print: [Preprocess] Factory 3 has 3 clusters from 14 orders
05/02/2026 10:53:47 AM INFO proposed_lbbd_solver - print: [Preprocess] Cluster conflict detected: factory 3, orders [1, 9, 11, 14, 16, 19, 20]
05/02/2026 10:53:47 AM INFO proposed_lbbd_solver - print: [Preprocess] Cluster conflict detected: factory 3, orders [5, 6, 8, 10, 13, 18]
05/02/2026 10:53:47 AM INFO proposed_lbbd_solver - print: [Preprocess] Cluster conflicts detected: 4
05/02/2026 10:53:47 AM INFO proposed_lbbd_solver - print: [Master Enhancement] Capacity feasibility enhancement constrains: 441
05/02/2026 10:53:47 AM INFO proposed_lbbd_solver - print: [Master Modeling] Earliest completion lower bounds constraints: 2
05/02/2026 10:53:47 AM INFO proposed_lbbd_solver - print: [Master Modeling] Makespan-based delay bounds constraints: 12
05/02/2026 10:53:47 AM INFO proposed_lbbd_solver - print: [Master Enhancement] Lower bound delay cost enhancement constrains: 563
05/02/2026 10:53:47 AM INFO proposed_lbbd_solver - print: 
05/02/2026 10:53:47 AM INFO proposed_lbbd_solver - print: [Model Statistics]
05/02/2026 10:53:47 AM INFO proposed_lbbd_solver - print:   Variables: 72
05/02/2026 10:53:47 AM INFO proposed_lbbd_solver - print:   Constraints: 1048
05/02/2026 10:53:47 AM INFO proposed_lbbd_solver - print: 
05/02/2026 10:53:47 AM INFO proposed_lbbd_solver - print: [Preprocess Statistics]
05/02/2026 10:53:47 AM INFO proposed_lbbd_solver - print:   Infeasible eliminated: 1
05/02/2026 10:53:47 AM INFO proposed_lbbd_solver - print:   Unprofitable orders: 0
05/02/2026 10:53:47 AM INFO proposed_lbbd_solver - print:   Unprofitable assignments: 6
05/02/2026 10:53:47 AM INFO proposed_lbbd_solver - print:   Pairwise conflicts: 6
05/02/2026 10:53:47 AM INFO proposed_lbbd_solver - print:   Cluster conflicts: 4
05/02/2026 10:53:47 AM INFO proposed_lbbd_solver - print: 
05/02/2026 10:53:47 AM INFO proposed_lbbd_solver - print: [Master Enhancement Statistics]
05/02/2026 10:53:47 AM INFO proposed_lbbd_solver - print:   Capacity feasibility enhancement constrains: 441
05/02/2026 10:53:47 AM INFO proposed_lbbd_solver - print:   Lower bound delay cost enhancement constrains: 563
05/02/2026 10:53:47 AM INFO proposed_lbbd_solver - _callback: [Gurobi] Gurobi Optimizer version 10.0.1 build v10.0.1rc0 (win64)
05/02/2026 10:53:47 AM INFO proposed_lbbd_solver - _callback: [Gurobi] CPU model: Intel(R) Core(TM) Ultra 7 265KF, instruction set [SSE2|AVX|AVX2]
05/02/2026 10:53:47 AM INFO proposed_lbbd_solver - _callback: [Gurobi] Thread count: 20 physical cores, 20 logical processors, using up to 20 threads
05/02/2026 10:53:47 AM INFO proposed_lbbd_solver - _callback: [Gurobi] Optimize a model with 1048 rows, 72 columns and 7501 nonzeros
05/02/2026 10:53:47 AM INFO proposed_lbbd_solver - _callback: [Gurobi] Model fingerprint: 0x30bd48cf
05/02/2026 10:53:47 AM INFO proposed_lbbd_solver - _callback: [Gurobi] Variable types: 9 continuous, 63 integer (63 binary)
05/02/2026 10:53:47 AM INFO proposed_lbbd_solver - _callback: [Gurobi] Coefficient statistics:
05/02/2026 10:53:47 AM INFO proposed_lbbd_solver - _callback: [Gurobi] Matrix range     [1e+00, 1e+03]
05/02/2026 10:53:47 AM INFO proposed_lbbd_solver - _callback: [Gurobi] Objective range  [1e+00, 2e+03]
05/02/2026 10:53:47 AM INFO proposed_lbbd_solver - _callback: [Gurobi] Bounds range     [1e+00, 2e+04]
05/02/2026 10:53:47 AM INFO proposed_lbbd_solver - _callback: [Gurobi] RHS range        [1e+00, 4e+03]
05/02/2026 10:53:47 AM INFO proposed_lbbd_solver - print: ***[Validated]*** obj=0.00, delay=0.00, bound=10000000000000000159028911097599180468360808563945281389781327557747838772170381060813469985856815104.00, gap=999999999999999977049513265245336628446842719924150006129995974731993452180789911303261294481511546880.00%, t=0.0s
05/02/2026 10:53:47 AM INFO proposed_lbbd_solver - _callback: [Gurobi] Found heuristic solution: objective -0.0000000
05/02/2026 10:53:47 AM INFO proposed_lbbd_solver - _callback: [Gurobi] Presolve removed 175 rows and 13 columns
05/02/2026 10:53:47 AM INFO proposed_lbbd_solver - _callback: [Gurobi] Presolve time: 0.01s
05/02/2026 10:53:47 AM INFO proposed_lbbd_solver - _callback: [Gurobi] Presolved: 873 rows, 59 columns, 6496 nonzeros
05/02/2026 10:53:47 AM INFO proposed_lbbd_solver - _callback: [Gurobi] Variable types: 9 continuous, 50 integer (50 binary)
05/02/2026 10:53:47 AM INFO proposed_lbbd_solver - print: >>>Parallel subproblem time: 0.019s for 3 factories
05/02/2026 10:53:47 AM INFO proposed_lbbd_solver - print:  Added optimal optimality cut: factory=1, orders=[3, 5, 15], cost=676.92, theta_est=0.00
05/02/2026 10:53:47 AM INFO proposed_lbbd_solver - print:  Added optimal optimality cut: factory=2, orders=[1, 2, 4, 7, 12, 17], cost=48.87, theta_est=0.00
05/02/2026 10:53:47 AM INFO proposed_lbbd_solver - print:  Added optimal optimality cut: factory=3, orders=[6, 8, 10, 14, 20], cost=371.72, theta_est=0.00
05/02/2026 10:53:47 AM INFO proposed_lbbd_solver - print: ***[Validated]*** obj=5411.52, delay=1097.51, bound=17811.25, gap=229.14%, t=0.0s
05/02/2026 10:53:47 AM INFO proposed_lbbd_solver - _callback: [Gurobi] Root relaxation presolved: 876 rows, 59 columns, 6513 nonzeros
05/02/2026 10:53:47 AM INFO proposed_lbbd_solver - _callback: [Gurobi] Root relaxation: objective 7.941997e+03, 35 iterations, 0.00 seconds (0.00 work units)
05/02/2026 10:53:47 AM INFO proposed_lbbd_solver - _callback: [Gurobi] Nodes    |    Current Node    |     Objective Bounds      |     Work
05/02/2026 10:53:47 AM INFO proposed_lbbd_solver - _callback: [Gurobi] Expl Unexpl |  Obj  Depth IntInf | Incumbent    BestBd   Gap | It/Node Time
05/02/2026 10:53:47 AM INFO proposed_lbbd_solver - _callback: [Gurobi] 0     0 7941.99653    0   17   -0.00000 7941.99653      -     -    0s
05/02/2026 10:53:47 AM INFO proposed_lbbd_solver - print: >>>Parallel subproblem time: 0.012s for 3 factories
05/02/2026 10:53:47 AM INFO proposed_lbbd_solver - print: ***[Validated]*** obj=6109.24, delay=0.00, bound=7942.00, gap=30.00%, t=0.0s
05/02/2026 10:53:47 AM INFO proposed_lbbd_solver - _callback: [Gurobi] H    0     0                    6109.2361354 7941.99653  30.0%     -    0s
05/02/2026 10:53:47 AM INFO proposed_lbbd_solver - print: >>>Parallel subproblem time: 0.016s for 3 factories
05/02/2026 10:53:47 AM INFO proposed_lbbd_solver - print:  Added optimal optimality cut: factory=1, orders=[3, 11, 15], cost=896.69, theta_est=344.23
05/02/2026 10:53:47 AM INFO proposed_lbbd_solver - print:  Added optimal optimality cut: factory=2, orders=[1, 2, 4, 7, 13, 17], cost=462.87, theta_est=245.31
05/02/2026 10:53:47 AM INFO proposed_lbbd_solver - print:  Added optimal optimality cut: factory=3, orders=[6, 8, 10, 12, 14, 16, 19], cost=1179.84, theta_est=331.82
05/02/2026 10:53:47 AM INFO proposed_lbbd_solver - print: >>>Parallel subproblem time: 0.014s for 3 factories
05/02/2026 10:53:47 AM INFO proposed_lbbd_solver - print:  Added optimal optimality cut: factory=3, orders=[6, 8, 14, 16, 20], cost=399.95, theta_est=0.00
05/02/2026 10:53:47 AM INFO proposed_lbbd_solver - print: >>>Parallel subproblem time: 0.016s for 3 factories
05/02/2026 10:53:47 AM INFO proposed_lbbd_solver - print:  Added optimal optimality cut: factory=3, orders=[6, 10, 12, 14, 16, 19], cost=365.88, theta_est=0.00
05/02/2026 10:53:47 AM INFO proposed_lbbd_solver - print: >>>Parallel subproblem time: 0.015s for 3 factories
05/02/2026 10:53:47 AM INFO proposed_lbbd_solver - print:  Added optimal optimality cut: factory=3, orders=[6, 8, 10, 12, 14, 16], cost=126.30, theta_est=0.00
05/02/2026 10:53:47 AM INFO proposed_lbbd_solver - print: ***[Validated]*** obj=6164.93, delay=126.30, bound=7942.00, gap=28.83%, t=0.1s
05/02/2026 10:53:47 AM INFO proposed_lbbd_solver - print: >>>Parallel subproblem time: 0.015s for 3 factories
05/02/2026 10:53:47 AM INFO proposed_lbbd_solver - _callback: [Gurobi] H    0     0                    6164.9313550 7941.99653  28.8%     -    0s
05/02/2026 10:53:47 AM INFO proposed_lbbd_solver - print: >>>Parallel subproblem time: 0.016s for 3 factories
05/02/2026 10:53:47 AM INFO proposed_lbbd_solver - print: ***[Validated]*** obj=6477.10, delay=126.30, bound=7942.00, gap=22.62%, t=0.1s
05/02/2026 10:53:47 AM INFO proposed_lbbd_solver - _callback: [Gurobi] H    0     0                    6477.0989566 7941.99653  22.6%     -    0s
05/02/2026 10:53:47 AM INFO proposed_lbbd_solver - _callback: [Gurobi] 0     0 7744.97424    0   16 6477.09896 7744.97424  19.6%     -    0s
05/02/2026 10:53:47 AM INFO proposed_lbbd_solver - print: >>>Parallel subproblem time: 0.018s for 3 factories
05/02/2026 10:53:47 AM INFO proposed_lbbd_solver - print:  Added optimal optimality cut: factory=2, orders=[1, 4, 5, 7, 12, 13, 17], cost=205.06, theta_est=71.51
05/02/2026 10:53:47 AM INFO proposed_lbbd_solver - print: ***[Validated]*** obj=6902.43, delay=242.06, bound=7744.97, gap=12.21%, t=0.2s
05/02/2026 10:53:47 AM INFO proposed_lbbd_solver - _callback: [Gurobi] 0     0 7698.09274    0   15 6477.09896 7698.09274  18.9%     -    0s
05/02/2026 10:53:48 AM INFO proposed_lbbd_solver - print: >>>Parallel subproblem time: 0.013s for 3 factories
05/02/2026 10:53:48 AM INFO proposed_lbbd_solver - _callback: [Gurobi] H    0     0                    6818.9456307 7698.09274  12.9%     -    0s
05/02/2026 10:53:48 AM INFO proposed_lbbd_solver - _callback: [Gurobi] 0     0 7693.27486    0   21 6818.94563 7693.27486  12.8%     -    0s
05/02/2026 10:53:48 AM INFO proposed_lbbd_solver - _callback: [Gurobi] 0     0 7693.12485    0   21 6818.94563 7693.12485  12.8%     -    0s
05/02/2026 10:53:48 AM INFO proposed_lbbd_solver - _callback: [Gurobi] 0     0 7666.92036    0   18 6818.94563 7666.92036  12.4%     -    0s
05/02/2026 10:53:48 AM INFO proposed_lbbd_solver - print: >>>Parallel subproblem time: 0.016s for 3 factories
05/02/2026 10:53:48 AM INFO proposed_lbbd_solver - print: ***[Validated]*** obj=7192.29, delay=288.44, bound=7666.92, gap=6.60%, t=0.2s
05/02/2026 10:53:48 AM INFO proposed_lbbd_solver - _callback: [Gurobi] H    0     0                    7155.1984340 7666.92036  7.15%     -    0s
05/02/2026 10:53:48 AM INFO proposed_lbbd_solver - print: >>>Parallel subproblem time: 0.015s for 3 factories
05/02/2026 10:53:48 AM INFO proposed_lbbd_solver - print:  Added optimal optimality cut: factory=1, orders=[2, 3, 15], cost=676.92, theta_est=0.00
05/02/2026 10:53:48 AM INFO proposed_lbbd_solver - print:  Added optimal optimality cut: factory=3, orders=[5, 6, 8, 11, 14, 16, 19], cost=1859.73, theta_est=669.74
05/02/2026 10:53:48 AM INFO proposed_lbbd_solver - print: >>>Parallel subproblem time: 0.014s for 3 factories
05/02/2026 10:53:48 AM INFO proposed_lbbd_solver - print:  Added optimal optimality cut: factory=3, orders=[6, 8, 16, 19, 20], cost=849.25, theta_est=120.46
05/02/2026 10:53:48 AM INFO proposed_lbbd_solver - _callback: [Gurobi] 0     0 7653.75717    0   20 7155.19843 7653.75717  6.97%     -    0s
05/02/2026 10:53:48 AM INFO proposed_lbbd_solver - _callback: [Gurobi] 0     0 7649.63631    0   20 7155.19843 7649.63631  6.91%     -    0s
05/02/2026 10:53:48 AM INFO proposed_lbbd_solver - _callback: [Gurobi] 0     0 7605.18001    0   22 7155.19843 7605.18001  6.29%     -    0s
05/02/2026 10:53:48 AM INFO proposed_lbbd_solver - print: >>>Parallel subproblem time: 0.011s for 3 factories
05/02/2026 10:53:48 AM INFO proposed_lbbd_solver - print:  Added optimal optimality cut: factory=1, orders=[2, 3, 10, 11], cost=318.94, theta_est=193.73
05/02/2026 10:53:48 AM INFO proposed_lbbd_solver - print:  Added optimal optimality cut: factory=3, orders=[5, 6, 8, 14, 16, 19], cost=445.15, theta_est=113.20
05/02/2026 10:53:48 AM INFO proposed_lbbd_solver - _callback: [Gurobi] 0     0 7595.40228    0   25 7155.19843 7595.40228  6.15%     -    0s
05/02/2026 10:53:48 AM INFO proposed_lbbd_solver - _callback: [Gurobi] 0     0 7589.40541    0   25 7155.19843 7589.40541  6.07%     -    0s
05/02/2026 10:53:48 AM INFO proposed_lbbd_solver - _callback: [Gurobi] 0     0 7587.45745    0   25 7155.19843 7587.45745  6.04%     -    0s
05/02/2026 10:53:48 AM INFO proposed_lbbd_solver - _callback: [Gurobi] 0     0 7586.68573    0   24 7155.19843 7586.68573  6.03%     -    0s
05/02/2026 10:53:48 AM INFO proposed_lbbd_solver - _callback: [Gurobi] 0     0 7569.84289    0   22 7155.19843 7569.84289  5.80%     -    0s
05/02/2026 10:53:48 AM INFO proposed_lbbd_solver - print: >>>Parallel subproblem time: 0.022s for 3 factories
05/02/2026 10:53:48 AM INFO proposed_lbbd_solver - print:  Added optimal optimality cut: factory=1, orders=[2, 3, 5, 11], cost=108.14, theta_est=5.39
05/02/2026 10:53:48 AM INFO proposed_lbbd_solver - print:  Added optimal optimality cut: factory=3, orders=[6, 8, 10, 16, 19], cost=83.38, theta_est=0.00
05/02/2026 10:53:48 AM INFO proposed_lbbd_solver - print: ***[Validated]*** obj=7213.49, delay=191.52, bound=7569.84, gap=4.94%, t=0.3s
05/02/2026 10:53:48 AM INFO proposed_lbbd_solver - print: >>>Parallel subproblem time: 0.013s for 3 factories
05/02/2026 10:53:48 AM INFO proposed_lbbd_solver - _callback: [Gurobi] H    0     0                    7213.4924237 7569.84289  4.94%     -    0s
05/02/2026 10:53:48 AM INFO proposed_lbbd_solver - print: >>>Parallel subproblem time: 0.014s for 3 factories
05/02/2026 10:53:48 AM INFO proposed_lbbd_solver - print:  Added optimal optimality cut: factory=3, orders=[6, 8, 10, 14, 16, 19], cost=665.06, theta_est=331.82
05/02/2026 10:53:48 AM INFO proposed_lbbd_solver - _callback: [Gurobi] 0     0 7568.85091    0   24 7213.49242 7568.85091  4.93%     -    0s
05/02/2026 10:53:48 AM INFO proposed_lbbd_solver - _callback: [Gurobi] 0     0 7568.78448    0   24 7213.49242 7568.78448  4.93%     -    0s
05/02/2026 10:53:48 AM INFO proposed_lbbd_solver - _callback: [Gurobi] 0     0 7568.69289    0   24 7213.49242 7568.69289  4.92%     -    0s
05/02/2026 10:53:48 AM INFO proposed_lbbd_solver - _callback: [Gurobi] 0     0 7563.35210    0   22 7213.49242 7563.35210  4.85%     -    0s
05/02/2026 10:53:48 AM INFO proposed_lbbd_solver - _callback: [Gurobi] 0     0 7562.07917    0   24 7213.49242 7562.07917  4.83%     -    0s
05/02/2026 10:53:48 AM INFO proposed_lbbd_solver - _callback: [Gurobi] 0     0 7561.95071    0   24 7213.49242 7561.95071  4.83%     -    0s
05/02/2026 10:53:48 AM INFO proposed_lbbd_solver - _callback: [Gurobi] 0     0 7555.56771    0   24 7213.49242 7555.56771  4.74%     -    0s
05/02/2026 10:53:48 AM INFO proposed_lbbd_solver - _callback: [Gurobi] 0     0 7555.33347    0   24 7213.49242 7555.33347  4.74%     -    0s
05/02/2026 10:53:48 AM INFO proposed_lbbd_solver - _callback: [Gurobi] 0     0 7554.72549    0   24 7213.49242 7554.72549  4.73%     -    0s
05/02/2026 10:53:48 AM INFO proposed_lbbd_solver - _callback: [Gurobi] 0     0 7554.16639    0   25 7213.49242 7554.16639  4.72%     -    0s
05/02/2026 10:53:48 AM INFO proposed_lbbd_solver - _callback: [Gurobi] 0     0 7554.09996    0   25 7213.49242 7554.09996  4.72%     -    0s
05/02/2026 10:53:48 AM INFO proposed_lbbd_solver - _callback: [Gurobi] 0     0 7553.80487    0   25 7213.49242 7553.80487  4.72%     -    0s
05/02/2026 10:53:48 AM INFO proposed_lbbd_solver - _callback: [Gurobi] 0     0 7553.76330    0   25 7213.49242 7553.76330  4.72%     -    0s
05/02/2026 10:53:48 AM INFO proposed_lbbd_solver - _callback: [Gurobi] 0     0 7552.12807    0   25 7213.49242 7552.12807  4.69%     -    0s
05/02/2026 10:53:48 AM INFO proposed_lbbd_solver - _callback: [Gurobi] 0     0 7551.56531    0   25 7213.49242 7551.56531  4.69%     -    0s
05/02/2026 10:53:48 AM INFO proposed_lbbd_solver - _callback: [Gurobi] 0     0 7551.14653    0   25 7213.49242 7551.14653  4.68%     -    0s
05/02/2026 10:53:48 AM INFO proposed_lbbd_solver - _callback: [Gurobi] 0     0 7551.05053    0   25 7213.49242 7551.05053  4.68%     -    0s
05/02/2026 10:53:48 AM INFO proposed_lbbd_solver - _callback: [Gurobi] 0     0 7542.40242    0   23 7213.49242 7542.40242  4.56%     -    0s
05/02/2026 10:53:48 AM INFO proposed_lbbd_solver - _callback: [Gurobi] 0     0 7542.38744    0   24 7213.49242 7542.38744  4.56%     -    0s
05/02/2026 10:53:48 AM INFO proposed_lbbd_solver - _callback: [Gurobi] 0     0 7541.38953    0   24 7213.49242 7541.38953  4.55%     -    0s
05/02/2026 10:53:48 AM INFO proposed_lbbd_solver - _callback: [Gurobi] 0     0 7541.36963    0   24 7213.49242 7541.36963  4.55%     -    0s
05/02/2026 10:53:48 AM INFO proposed_lbbd_solver - _callback: [Gurobi] 0     0 7535.07088    0   25 7213.49242 7535.07088  4.46%     -    0s
05/02/2026 10:53:48 AM INFO proposed_lbbd_solver - print: >>>Parallel subproblem time: 0.054s for 3 factories
05/02/2026 10:53:48 AM INFO proposed_lbbd_solver - print:  Added optimal optimality cut: factory=2, orders=[1, 4, 7, 12, 13, 17, 18], cost=559.24, theta_est=166.21
05/02/2026 10:53:48 AM INFO proposed_lbbd_solver - _callback: [Gurobi] 0     0 7534.94567    0   25 7213.49242 7534.94567  4.46%     -    0s
05/02/2026 10:53:48 AM INFO proposed_lbbd_solver - _callback: [Gurobi] 0     0 7534.80017    0   25 7213.49242 7534.80017  4.45%     -    0s
05/02/2026 10:53:48 AM INFO proposed_lbbd_solver - _callback: [Gurobi] 0     0 7534.23512    0   25 7213.49242 7534.23512  4.45%     -    0s
05/02/2026 10:53:48 AM INFO proposed_lbbd_solver - _callback: [Gurobi] 0     0 7534.23512    0   25 7213.49242 7534.23512  4.45%     -    0s
05/02/2026 10:53:48 AM INFO proposed_lbbd_solver - _callback: [Gurobi] 0     2 7534.23512    0   25 7213.49242 7534.23512  4.45%     -    0s
05/02/2026 10:53:48 AM INFO proposed_lbbd_solver - print: >>>Parallel subproblem time: 0.021s for 3 factories
05/02/2026 10:53:48 AM INFO proposed_lbbd_solver - print:  Added optimal optimality cut: factory=1, orders=[2, 3, 11, 19], cost=837.31, theta_est=317.04
05/02/2026 10:53:48 AM INFO proposed_lbbd_solver - print:  Added optimal optimality cut: factory=3, orders=[5, 6, 8, 10, 14, 16], cost=176.65, theta_est=0.00
05/02/2026 10:53:48 AM INFO proposed_lbbd_solver - print: >>>Parallel subproblem time: 0.016s for 3 factories
05/02/2026 10:53:48 AM INFO proposed_lbbd_solver - print:  Added optimal optimality cut: factory=3, orders=[8, 10, 12, 16, 19], cost=83.38, theta_est=0.00
05/02/2026 10:53:48 AM INFO proposed_lbbd_solver - print: >>>Parallel subproblem time: 0.014s for 3 factories
05/02/2026 10:53:48 AM INFO proposed_lbbd_solver - print:  Added optimal optimality cut: factory=2, orders=[1, 4, 5, 7, 12, 17, 18], cost=198.09, theta_est=79.06
05/02/2026 10:53:48 AM INFO proposed_lbbd_solver - print: >>>Parallel subproblem time: 0.015s for 3 factories
05/02/2026 10:53:48 AM INFO proposed_lbbd_solver - print:  Added optimal optimality cut: factory=3, orders=[6, 8, 12, 14, 16, 19], cost=399.10, theta_est=0.00
05/02/2026 10:53:48 AM INFO proposed_lbbd_solver - print: >>>Parallel subproblem time: 0.023s for 3 factories
05/02/2026 10:53:48 AM INFO proposed_lbbd_solver - print:  Added optimal optimality cut: factory=3, orders=[8, 10, 12, 14, 16, 19], cost=665.06, theta_est=331.82
05/02/2026 10:53:48 AM INFO proposed_lbbd_solver - print: >>>Parallel subproblem time: 0.013s for 3 factories
05/02/2026 10:53:48 AM INFO proposed_lbbd_solver - print:  Added optimal optimality cut: factory=3, orders=[6, 8, 14, 16, 19], cost=136.95, theta_est=0.00
05/02/2026 10:53:48 AM INFO proposed_lbbd_solver - print: >>>Parallel subproblem time: 0.013s for 3 factories
05/02/2026 10:53:48 AM INFO proposed_lbbd_solver - print:  Added optimal optimality cut: factory=3, orders=[8, 12, 14, 16, 19], cost=136.95, theta_est=0.00
05/02/2026 10:53:48 AM INFO proposed_lbbd_solver - _callback: [Gurobi] Cutting planes:
05/02/2026 10:53:48 AM INFO proposed_lbbd_solver - _callback: [Gurobi] Gomory: 3
05/02/2026 10:53:48 AM INFO proposed_lbbd_solver - _callback: [Gurobi] MIR: 38
05/02/2026 10:53:48 AM INFO proposed_lbbd_solver - _callback: [Gurobi] Lazy constraints: 27
05/02/2026 10:53:48 AM INFO proposed_lbbd_solver - _callback: [Gurobi] Explored 505 nodes (3194 simplex iterations) in 0.74 seconds (0.42 work units)
05/02/2026 10:53:48 AM INFO proposed_lbbd_solver - _callback: [Gurobi] Thread count was 20 (of 20 available processors)
05/02/2026 10:53:48 AM INFO proposed_lbbd_solver - _callback: [Gurobi] Solution count 7: 7213.49 7155.2 6818.95 ... -0
05/02/2026 10:53:48 AM INFO proposed_lbbd_solver - _callback: [Gurobi] Optimal solution found (tolerance 1.00e-04)
05/02/2026 10:53:48 AM INFO proposed_lbbd_solver - _callback: [Gurobi] Best objective 7.213492423683e+03, best bound 7.213492423683e+03, gap 0.0000%
05/02/2026 10:53:48 AM INFO proposed_lbbd_solver - _callback: [Gurobi] User-callback calls 1507, time in user-callback 0.44 sec
05/02/2026 10:53:48 AM INFO proposed_lbbd_solver - print: 
05/02/2026 10:53:48 AM INFO proposed_lbbd_solver - print: ============================================================
05/02/2026 10:53:48 AM INFO proposed_lbbd_solver - print: Branch-and-Check LBBD Summary
05/02/2026 10:53:48 AM INFO proposed_lbbd_solver - print: ============================================================
05/02/2026 10:53:48 AM INFO proposed_lbbd_solver - print: Status: OPTIMAL
05/02/2026 10:53:48 AM INFO proposed_lbbd_solver - print: Runtime: 0.74s
05/02/2026 10:53:48 AM INFO proposed_lbbd_solver - print: Iterations: 26
05/02/2026 10:53:48 AM INFO proposed_lbbd_solver - print: Initial UB: 17811.25
05/02/2026 10:53:48 AM INFO proposed_lbbd_solver - print: Module times (s): preprocess=0.375, enhancement=0.011, modeling=0.011, solving=0.740
05/02/2026 10:53:48 AM INFO proposed_lbbd_solver - print: Master time: 0.312s
05/02/2026 10:53:48 AM INFO proposed_lbbd_solver - print: Average subproblem time: 0.0149s
05/02/2026 10:53:48 AM INFO proposed_lbbd_solver - print: Lazy cuts added: 27
05/02/2026 10:53:48 AM INFO proposed_lbbd_solver - print:   - feasibility cuts: 0
05/02/2026 10:53:48 AM INFO proposed_lbbd_solver - print:   - optimality cuts: 27
05/02/2026 10:53:48 AM INFO proposed_lbbd_solver - print: Subproblems solved: 75
05/02/2026 10:53:48 AM INFO proposed_lbbd_solver - print: Subproblem time total: 1.12s
05/02/2026 10:53:48 AM INFO proposed_lbbd_solver - print: Subproblem time avg: 0.0149s
05/02/2026 10:53:48 AM INFO proposed_lbbd_solver - print: Best objective: 7213.49
05/02/2026 10:53:48 AM INFO proposed_lbbd_solver - print: Best bound: 7213.49
05/02/2026 10:53:48 AM INFO proposed_lbbd_solver - print: Final MIP gap: 0.00%
05/02/2026 10:53:48 AM INFO proposed_lbbd_solver - print: ============================================================
05/02/2026 10:53:48 AM INFO proposed_lbbd_solver - print: 
05/02/2026 10:53:48 AM INFO proposed_lbbd_solver - print: ------------------------------------------------------------
05/02/2026 10:53:48 AM INFO proposed_lbbd_solver - print: Subproblem Diagnostics
05/02/2026 10:53:48 AM INFO proposed_lbbd_solver - print: ------------------------------------------------------------
05/02/2026 10:53:48 AM INFO proposed_lbbd_solver - print: Total subproblems: 75
05/02/2026 10:53:48 AM INFO proposed_lbbd_solver - print:   optimal: 75 (100.00%)
05/02/2026 10:53:48 AM INFO proposed_lbbd_solver - print: Avg subproblem gap: 0.00% (n=43)
05/02/2026 10:53:48 AM INFO proposed_lbbd_solver - print: Avg subproblem objective: 199.469 (n=75)
05/02/2026 10:53:48 AM INFO proposed_lbbd_solver - print: Avg subproblem bound: 199.469 (n=75)
05/02/2026 10:53:48 AM INFO proposed_lbbd_solver - print: Avg (obj - bound) / |obj|: 0.00%
05/02/2026 10:53:48 AM INFO proposed_lbbd_solver - print: ------------------------------------------------------------
