
Gurobi 10.0.1 (win64) logging started Tue Apr 28 12:45:25 2026

Set parameter LogFile to value "D:\Project_Code\Paper\DP_LBBD_1\DP_lbbd\Algorithm\Results\mip_v1\medium\exp_5f_40j_seed1\log\exp_5f_40j_seed1_gurobi.log"
Set parameter LogToConsole to value 0
Gurobi Optimizer version 10.0.1 build v10.0.1rc0 (win64)

CPU model: Intel(R) Core(TM) Ultra 7 265KF, instruction set [SSE2|AVX|AVX2]
Thread count: 20 physical cores, 20 logical processors, using up to 20 threads

Optimize a model with 58283 rows, 29120 columns and 285926 nonzeros
Model fingerprint: 0x2fc50424
Variable types: 800 continuous, 28320 integer (28320 binary)
Coefficient statistics:
  Matrix range     [1e+00, 1e+02]
  Objective range  [4e+01, 2e+03]
  Bounds range     [1e+00, 1e+02]
  RHS range        [1e+00, 4e+02]
Found heuristic solution: objective -0.0000000
Presolve removed 36136 rows and 18007 columns
Presolve time: 0.46s
Presolved: 22147 rows, 11113 columns, 107565 nonzeros
Variable types: 517 continuous, 10596 integer (10596 binary)
Deterministic concurrent LP optimizer: primal and dual simplex
Showing first log only...

Concurrent spin time: 0.00s

Solved with dual simplex

Root relaxation: objective 1.818482e+04, 2488 iterations, 0.12 seconds (0.15 work units)

    Nodes    |    Current Node    |     Objective Bounds      |     Work
 Expl Unexpl |  Obj  Depth IntInf | Incumbent    BestBd   Gap | It/Node Time

     0     0 18184.8201    0  482   -0.00000 18184.8201      -     -    1s
H    0     0                    5554.3184668 18184.8201   227%     -    1s
H    0     0                    7128.5519776 18184.8201   155%     -    1s
     0     0 18184.8201    0  463 7128.55198 18184.8201   155%     -    3s
H    0     0                    8396.6651465 18184.8201   117%     -    3s
H    0     0                    9327.3970173 18184.8201  95.0%     -    4s
H    0     0                    9761.0839462 18184.8201  86.3%     -    4s
     0     0 18184.8201    0  449 9761.08395 18184.8201  86.3%     -    4s
     0     0 18184.8201    0  425 9761.08395 18184.8201  86.3%     -    5s
     0     0 18184.4987    0  440 9761.08395 18184.4987  86.3%     -    5s
     0     0 18184.4987    0  458 9761.08395 18184.4987  86.3%     -    5s
     0     0 18104.6924    0  452 9761.08395 18104.6924  85.5%     -    6s
     0     0 18091.0026    0  445 9761.08395 18091.0026  85.3%     -    6s
     0     0 18084.2377    0  441 9761.08395 18084.2377  85.3%     -    6s
     0     0 18084.2377    0  407 9761.08395 18084.2377  85.3%     -    6s
     0     0 18035.8691    0  520 9761.08395 18035.8691  84.8%     -    6s
     0     0 18035.0211    0  537 9761.08395 18035.0211  84.8%     -    7s
     0     0 18034.4087    0  530 9761.08395 18034.4087  84.8%     -    7s
     0     0 18034.4087    0  527 9761.08395 18034.4087  84.8%     -    7s
     0     0 18025.2143    0  513 9761.08395 18025.2143  84.7%     -    7s
     0     0 18015.1187    0  504 9761.08395 18015.1187  84.6%     -    7s
     0     0 18014.6270    0  488 9761.08395 18014.6270  84.6%     -    7s
     0     0 18014.6270    0  456 9761.08395 18014.6270  84.6%     -    7s
     0     0 17992.6075    0  529 9761.08395 17992.6075  84.3%     -    8s
     0     0 17984.2904    0  496 9761.08395 17984.2904  84.2%     -    8s
     0     0 17984.2904    0  477 9761.08395 17984.2904  84.2%     -    8s
     0     0 17974.4586    0  476 9761.08395 17974.4586  84.1%     -    9s
     0     0 17974.2071    0  520 9761.08395 17974.2071  84.1%     -    9s
     0     0 17974.1876    0  538 9761.08395 17974.1876  84.1%     -    9s
     0     0 17969.8696    0  514 9761.08395 17969.8696  84.1%     -   10s
     0     0 17969.2959    0  515 9761.08395 17969.2959  84.1%     -   10s
     0     0 17969.2959    0  565 9761.08395 17969.2959  84.1%     -   10s
     0     0 17968.0969    0  539 9761.08395 17968.0969  84.1%     -   10s
     0     0 17968.0969    0  538 9761.08395 17968.0969  84.1%     -   11s
     0     0 17967.2409    0  614 9761.08395 17967.2409  84.1%     -   11s
     0     0 17967.2409    0  577 9761.08395 17967.2409  84.1%     -   11s
     0     0 17967.1876    0  567 9761.08395 17967.1876  84.1%     -   12s
     0     0 17967.1876    0  681 9761.08395 17967.1876  84.1%     -   12s
     0     0 17966.9840    0  545 9761.08395 17966.9840  84.1%     -   12s
     0     0 17966.8206    0  519 9761.08395 17966.8206  84.1%     -   13s
     0     0 17966.4718    0  531 9761.08395 17966.4718  84.1%     -   13s
     0     0 17966.4718    0  520 9761.08395 17966.4718  84.1%     -   13s
     0     0 17966.4718    0  519 9761.08395 17966.4718  84.1%     -   13s
     0     0 17966.4718    0  508 9761.08395 17966.4718  84.1%     -   14s
     0     0 17966.4718    0  533 9761.08395 17966.4718  84.1%     -   14s
     0     0 17966.4718    0  517 9761.08395 17966.4718  84.1%     -   14s
H    0     0                    9803.8082686 17966.4718  83.3%     -   15s
     0     0 17966.4718    0  513 9803.80827 17966.4718  83.3%     -   15s
     0     0 17966.4718    0  509 9803.80827 17966.4718  83.3%     -   15s
     0     2 17954.7826    0  509 9803.80827 17954.7826  83.1%     -   16s
H  111   130                    9879.7386441 17793.8138  80.1%   988   20s
H  112   130                    10323.653067 17793.8138  72.4%   979   20s
H  114   130                    10850.058966 17793.8138  64.0%   963   20s
H  165   190                    10864.351601 17791.8638  63.8%   799   20s
H  166   190                    10864.716361 17791.8638  63.8%   799   20s
H  233   259                    10864.716372 17791.8638  63.8%   647   22s
H  432   417                    10998.647991 17791.8638  61.8%   433   24s
   696   613 15924.4025   28  412 10998.6480 17791.8638  61.8%   334   26s
  1300  1136 15576.5131   43  358 10998.6480 17791.8638  61.8%   252   30s
  2175  1926 14927.7521   63  307 10998.6480 17791.8638  61.8%   227   35s
H 2351  2039                    11000.283633 17791.8638  61.7%   218   36s
  3090  2490 14483.1384   52  509 11000.2836 17791.8638  61.7%   196   44s
  3092  2491 12837.6194   57  520 11000.2836 17791.8638  61.7%   195   49s
  3094  2493 17266.7461    6  505 11000.2836 17791.8638  61.7%   195   50s
  3116  2508 15745.1995   47  231 11000.2836 17676.9371  60.7%   199   55s
  3145  2531 17508.7249   21  182 11000.2836 17508.7249  59.2%  16.6   60s
H 3251  2475                    11390.806356 17332.8840  52.2%  41.9   61s
  3301  2525 17178.3544   28  260 11390.8064 17331.5540  52.2%  48.4   68s
H 3317  2399                    11548.915067 17331.5540  50.1%  50.3   68s
H 3352  2325                    11702.699544 17331.5540  48.1%  52.7   69s
H 3410  2253                    12022.498236 17331.5540  44.2%  57.2   73s
  3745  2452 16905.4901   37  221 12022.4982 17331.5540  44.2%  71.3   75s
  4483  2825 16636.4019   47  176 12022.4982 17331.5540  44.2%  91.6   80s
  5620  3500 15553.2011   64  137 12022.4982 17331.5540  44.2%  98.8   86s
  5888  3617 15334.9318   66  108 12022.4982 17331.5540  44.2%  98.5   99s
  6164  3727 15455.6712   69  120 12022.4982 17331.5540  44.2%  98.1  100s
  7397  4424 14097.7146   96   60 12022.4982 17331.5540  44.2%  93.4  105s
  9191  5255 16298.2638   38  182 12022.4982 17307.4156  44.0%  87.5  111s
 11085  6855 14369.3637   88   94 12022.4982 17307.4156  44.0%  84.5  117s
 12651  7861 17094.4819   29  253 12022.4982 17268.6593  43.6%  81.4  121s
 14101  8909 16963.7865   34  196 12022.4982 17268.6593  43.6%  81.1  125s
 15250  9947 16761.0479   41  170 12022.4982 17268.6593  43.6%  82.4  130s
 16753 10443 16050.1316   43  160 12022.4982 17265.2745  43.6%  82.7  140s
H16770 10440                    12029.469816 17265.2745  43.5%  82.7  140s
 17692 11731 17196.8346   35  223 12029.4698 17264.8852  43.5%  82.0  146s
H18618 12194                    12081.958725 17264.8852  42.9%  81.3  149s
H18722 12176                    12161.483173 17263.1372  41.9%  81.2  149s
 19178 13188 16315.8246   46  161 12161.4832 17263.1372  41.9%  80.9  153s
 20276 14119 13763.8371   57  120 12161.4832 17263.1372  41.9%  79.9  157s
H20357 14119                    12170.096894 17263.1372  41.8%  79.7  157s
 21453 14913 14845.0700   57  130 12170.0969 17262.1417  41.8%  77.7  161s
 23444 15687 17024.5943   36  185 12170.0969 17261.3541  41.8%  76.6  165s
 23557 17480 17150.1170   38  221 12170.0969 17261.3541  41.8%  76.8  173s
 26243 18169 infeasible   67      12170.0969 17248.3283  41.7%  77.7  177s
 27109 19406 infeasible   47      12170.0969 17245.1466  41.7%  78.1  182s
 28551 20986 17167.9065   41  232 12170.0969 17245.1466  41.7%  77.6  187s
 30343 22123 15787.6163   82  132 12170.0969 17245.1466  41.7%  76.0  192s
 31887 23133 infeasible  118      12170.0969 17245.0824  41.7%  74.7  197s
 33249 24834 15595.0259   60  134 12170.0969 17244.9556  41.7%  74.6  202s
 35044 26048 16984.7584   34  156 12170.0969 17239.6163  41.7%  73.4  207s
 36725 27689 15858.0485   43  117 12170.0969 17239.0155  41.7%  72.3  212s
 38460 29590 13646.7826   86   96 12170.0969 17237.9908  41.6%  71.6  219s
 40665 30832 17027.7698   43  184 12170.0969 17237.9356  41.6%  69.8  224s
 41635 30832 12449.9155   95  106 12170.0969 17237.9297  41.6%  69.1  225s
 42261 31893 16382.1420   38  140 12170.0969 17237.8815  41.6%  68.8  230s
 43874 33225 12585.8303   65  114 12170.0969 17237.8815  41.6%  68.5  236s
 45590 35438 15441.2472   81  227 12170.0969 17237.8815  41.6%  68.5  243s
 47993 35439 14921.9934   77  509 12170.0969 17237.8815  41.6%  67.3  345s
 47998 35442 12653.7694  122  257 12170.0969 17237.8815  41.6%  67.3  350s
 48008 35449 13407.7135   72  266 12170.0969 17237.8815  41.6%  67.3  356s
 48009 35450 15600.4027   65  279 12170.0969 17237.8815  41.6%  67.3  360s
 48011 35451 16231.6262   77  246 12170.0969 17237.8815  41.6%  67.3  367s
 48012 35452 16803.0376   51  241 12170.0969 17237.8815  41.6%  67.3  370s
 48014 35453 16882.6331   50  232 12170.0969 17237.8815  41.6%  67.3  375s
 48016 35454 14137.8398   77  254 12170.0969 17237.8815  41.6%  67.3  380s
 48018 35456 16540.9106   50  259 12170.0969 17237.8815  41.6%  67.3  385s
H48021 33684                    12176.819742 17237.8815  41.6%  67.3  390s
 48025 33686 13992.6610   52  246 12176.8197 17237.8815  41.6%  67.3  397s
 48026 33687 14435.9595   85  284 12176.8197 17237.8815  41.6%  67.3  400s
 48029 33689 12943.0475  121  233 12176.8197 17237.8815  41.6%  67.3  407s
 48032 33691 15637.4925   81  205 12176.8197 17237.8815  41.6%  67.3  411s
 48038 33695 16422.8791   51  253 12176.8197 17237.8815  41.6%  67.3  416s
 48040 33696 13535.1291  129  272 12176.8197 17237.8815  41.6%  67.3  420s
H48043 32012                    12298.251804 17237.8815  40.2%  67.3  424s
 48045 32014 13263.6908   83  242 12298.2518 17237.8815  40.2%  67.3  426s
 48047 32015 16540.1764   45  228 12298.2518 17237.8815  40.2%  67.3  430s
 48049 32016 17011.5431   51  239 12298.2518 17237.8815  40.2%  67.3  435s
 48052 32018 13643.7070  119  271 12298.2518 17237.8815  40.2%  67.2  441s
 48054 32020 12906.8150   90  299 12298.2518 17237.8815  40.2%  67.2  445s
 48056 32021 14957.2823   76  279 12298.2518 17237.8815  40.2%  67.2  450s
 48059 32023 12731.7644  141  220 12298.2518 17237.2480  40.2%  67.2  456s
 48062 32025 16580.5585   44  205 12298.2518 17234.2673  40.1%  67.2  460s
 48064 32026 12795.0239  120  220 12298.2518 17233.4458  40.1%  67.2  465s
 48067 32028 15357.1911   68  259 12298.2518 17231.2762  40.1%  67.2  471s
 48069 32030 15081.9445   51  287 12298.2518 17230.2791  40.1%  67.2  476s
 48071 32031 14090.1273   97  277 12298.2518 17229.5759  40.1%  67.2  480s
 48073 32032 15701.4558   49  305 12298.2518 17228.7721  40.1%  67.2  485s
 48076 32034 14589.5663   63  255 12298.2518 17227.8166  40.1%  67.2  491s
 48078 32036 15127.6402   81  261 12298.2518 17227.0737  40.1%  67.2  496s
 48080 32037 14253.5902   88  274 12298.2518 17226.9752  40.1%  67.2  500s
 48082 32038 12664.8105   94  251 12298.2518 17226.9424  40.1%  67.2  505s
 48085 32040 15069.0348   77  281 12298.2518 17226.3476  40.1%  67.2  511s
 48087 32042 15622.5463   75  252 12298.2518 17226.2871  40.1%  67.2  516s
 48089 32043 16219.3274   35  260 12298.2518 17226.1795  40.1%  67.2  520s
 48091 32044 12568.3640  127  264 12298.2518 17226.1099  40.1%  67.2  525s
 48094 32046 14734.8975  108  235 12298.2518 17225.2887  40.1%  67.2  532s
 48096 32048 13402.1870   69  239 12298.2518 17224.6000  40.1%  67.2  536s
 48100 32050 13992.6279   83  223 12298.2518 17221.1251  40.0%  67.2  540s
 48102 32052 13098.3569   67  263 12298.2518 17220.6627  40.0%  67.2  545s
 48104 32053 16807.5255   39  232 12298.2518 17220.5560  40.0%  67.2  550s
 48107 32055 13181.9757   67  311 12298.2518 17220.2866  40.0%  67.2  557s
 48109 32056 15600.4027   65  324 12298.2518 17220.2407  40.0%  67.2  562s
 48111 32058 16231.6262   77  287 12298.2518 17220.0299  40.0%  67.2  567s
 48113 32059 15829.0001   73  268 12298.2518 17220.0299  40.0%  67.2  571s
 48115 32060 16549.0602   56  286 12298.2518 17219.7588  40.0%  67.2  577s
 48117 32062 16496.7669   45  309 12298.2518 17219.6605  40.0%  67.2  582s
 48119 32063 13885.6755  112  305 12298.2518 17219.6605  40.0%  67.2  587s
 48121 32064 15320.6865   53  275 12298.2518 17219.6605  40.0%  67.2  592s
 48123 32066 16244.2820   55  194 12298.2518 17219.6605  40.0%  67.1  596s
 48125 32070 17219.2203   30  174 12298.2518 17219.2867  40.0%  72.1  603s
 48139 32093 17177.8744   33  293 12298.2518 17198.9165  39.8%  72.5  605s
H48157 30502                    12497.730636 17196.3686  37.6%  73.5  606s
 48215 30543 17098.0706   36  357 12497.7306 17193.2335  37.6%  76.6  638s
H48226 29014                    12557.131424 17193.2335  36.9%  76.8  638s
H48227 27565                    12597.868621 17193.2335  36.5%  76.8  638s
 48306 27645 17067.3612   38  334 12597.8686 17193.2335  36.5%  78.3  640s
H48343 26281                    12614.927843 17193.2335  36.3%  78.9  644s
 48367 26311 17066.5174   39  336 12614.9278 17193.2335  36.3%  79.2  645s
 48407 26322 16983.4999   40  319 12614.9278 17193.2335  36.3%  79.9  650s
H48409 25013                    12709.959191 17193.2335  35.3%  79.9  650s
H48490 23837                    12714.562312 17193.2335  35.2%  80.5  654s
 48528 23897 17029.9296   41  315 12714.5623 17193.2335  35.2%  80.8  655s
 48602 23898 16892.2995   42  286 12714.5623 17193.2335  35.2%  81.1  660s
 48712 23956 16504.7328   44  276 12714.5623 17193.2335  35.2%  81.7  665s
 49177 24194 16392.9011   46  289 12714.5623 17193.2335  35.2%  84.0  670s
 49678 24389 16146.3016   50  280 12714.5623 17193.2335  35.2%  86.6  676s
 50147 24670 16035.5657   52  247 12714.5623 17193.2335  35.2%  88.7  681s
 50739 24965 16033.6741   53  279 12714.5623 17193.2335  35.2%  90.8  687s
 51024 25083 16033.2699   54  265 12714.5623 17193.2335  35.2%  91.6  690s
 51638 25150 15989.6997   55  259 12714.5623 17193.2335  35.2%  94.3  703s
 51658 25561 15570.8914   55  257 12714.5623 17193.2335  35.2%  94.6  705s
 52664 26046 15774.5928   57  275 12714.5623 17193.2335  35.2%  96.4  713s
 53207 26336 14603.2185   58  255 12714.5623 17193.2335  35.2%  97.6  717s
 53837 26276 13807.7103   58  241 12714.5623 17193.2335  35.2%  98.4  723s
 54095 26445 14601.2118   59  266 12714.5623 17193.2335  35.2%  99.4  727s
 54435 26958 14603.2185   59  251 12714.5623 17193.2335  35.2%   101  732s
 55246 27262 14600.2426   60  271 12714.5623 17193.2335  35.2%   102  737s
 56020 27283 14569.1967   63  275 12714.5623 17193.2335  35.2%   103  816s
 56351 27882 14597.4216   64  263 12714.5623 17193.2335  35.2%   104  822s
 57290 27973 14593.6385   67  257 12714.5623 17193.2335  35.2%   106  840s
 57827 28509 14558.4120   67  260 12714.5623 17193.2335  35.2%   106  847s
 58759 29082 14588.0571   68  258 12714.5623 17193.2335  35.2%   108  856s
 59926 29379 14323.7271   70  242 12714.5623 17193.2335  35.2%   109  865s
 60916 29823 13123.8929   72  203 12714.5623 17193.2335  35.2%   111  875s
*61884 28289             142    12914.315609 17193.2335  33.1%   112  875s
 62414 28135 14083.1741   75  193 12914.3156 17193.2335  33.1%   112  942s
 62461 28142 13674.6853   76  166 12914.3156 17193.2335  33.1%   112  960s
H62471 26972                    13018.046549 17193.2335  32.1%   113  960s
H62472 25897                    13032.370124 17193.2335  31.9%   113  960s
 62484 27561 13480.2663   77  157 13032.3701 17193.2335  31.9%   113  973s
 64421 27516     cutoff   88      13032.3701 17192.3277  31.9%   113  982s
 65418 28260 17191.2564   35  269 13032.3701 17191.2564  31.9%   114  993s
 67056 28805 17180.8742   36  297 13032.3701 17191.1987  31.9%   115 1006s
 68534 30274 17189.3045   36  305 13032.3701 17189.3045  31.9%   118 1024s
 70972 32090 17181.6413   37  317 13032.3701 17188.8927  31.9%   119 1051s
 74270 32152 14710.6268   88   98 13032.3701 17185.5116  31.9%   121 1063s
 75835 33652 17110.4242   39  232 13032.3701 17181.3825  31.8%   122 1075s
 78319 34635 14128.7154  107   86 13032.3701 17180.3834  31.8%   123 1090s
 80709 33857 16939.4554   48  249 13032.3701 17178.7927  31.8%   123 1240s
H80731 33828                    13050.018833 17178.7927  31.6%   123 1252s
 82194 34782 17155.6840   44  279 13050.0188 17175.4532  31.6%   125 1268s
 84131 35956 16979.8058   47  225 13050.0188 17168.9138  31.6%   127 1286s
 86479 36788 16988.6240   44  233 13050.0188 17157.2846  31.5%   127 1307s
 88626 37377 14960.2584   45  198 13050.0188 17155.8753  31.5%   129 1325s
 90368 38778 17145.5678   38  331 13050.0188 17149.4575  31.4%   130 1348s
 92945 39566 13484.2270  116   53 13050.0188 17149.0143  31.4%   131 1368s
 95249 42786 17127.1159   40  236 13050.0188 17147.9740  31.4%   132 1412s
 100455 44116 17112.2531   44  292 13050.0188 17146.0652  31.4%   133 1444s
 102391 43470 16173.0268   45  180 13050.0188 17144.6841  31.4%   134 1445s
 104320 44519 17104.3363   39  262 13050.0188 17143.8447  31.4%   134 1468s
 106692 45817 16973.3661   46  223 13050.0188 17142.7287  31.4%   135 1494s
 109064 48188 17138.0489   43  280 13050.0188 17141.0204  31.3%   136 1521s
 112067 51693 16381.9759   54  141 13050.0188 17140.0203  31.3%   137 1555s
 116355 53599 16935.2986   47  204 13050.0188 17138.9078  31.3%   136 1581s
 118856 56403 17029.7122   45  230 13050.0188 17138.2567  31.3%   137 1616s
 122555 58747 16788.4647   42  237 13050.0188 17137.0936  31.3%   138 1650s
 125658 60469 17081.9829   42  288 13050.0188 17136.1935  31.3%   139 1680s
 128046 61891 15902.0436   55  112 13050.0188 17134.5682  31.3%   140 1707s
 130179 63328 16903.1471   43  178 13050.0188 17133.2510  31.3%   142 1733s
 132458 65161 16584.2519   52  169 13050.0188 17132.4679  31.3%   143 1761s
 135073 66955 17102.5265   40  263 13050.0188 17131.0732  31.3%   144 1789s
 137617 67621 15306.7718   54  104 13050.0188 17129.3642  31.3%   145 1800s

Cutting planes:
  Learned: 47
  Gomory: 524
  Lift-and-project: 7
  Cover: 849
  Projected implied bound: 2
  MIR: 7191
  StrongCG: 14
  Flow cover: 8944
  Inf proof: 10
  Zero half: 14
  Mod-K: 1
  RLT: 2
  Relax-and-lift: 61

Explored 138565 nodes (20744141 simplex iterations) in 1800.65 seconds (1988.09 work units)
Thread count was 20 (of 20 available processors)

Solution count 10: 13050 13032.4 13018 ... 12497.7

Time limit reached
Best objective 1.305001883259e+04, best bound 1.712936424456e+04, gap 31.2593%
