04/28/2026 12:45:24 PM INFO mip_v1 - setup_solver_logging: ================================================================================
04/28/2026 12:45:24 PM INFO mip_v1 - setup_solver_logging: Logging started. Log file: D:\Project_Code\Paper\DP_LBBD_1\DP_lbbd\Algorithm\Results\mip_v1\medium\exp_5f_40j_seed1\log\exp_5f_40j_seed1_running.log
04/28/2026 12:45:24 PM INFO mip_v1 - print: BigM calculated: 119.3
04/28/2026 12:45:24 PM INFO mip_v1 - print: Adding variables...
04/28/2026 12:45:24 PM INFO mip_v1 - print: Total variables: 29120
04/28/2026 12:45:24 PM INFO mip_v1 - print: Adding constraints...
04/28/2026 12:45:25 PM INFO mip_v1 - print: Total constraints: 58283
04/28/2026 12:45:25 PM INFO mip_v1 - print: Setting objective function...
04/28/2026 12:45:25 PM INFO mip_v1 - print: 
04/28/2026 12:45:25 PM INFO mip_v1 - print: ✓ Model LP written to: D:\Project_Code\Paper\DP_LBBD_1\DP_lbbd\Algorithm\MIP\production_model.lp
04/28/2026 12:45:25 PM INFO mip_v1 - print: 
04/28/2026 12:45:25 PM INFO mip_v1 - print: ============================================================
04/28/2026 12:45:25 PM INFO mip_v1 - print: Starting optimization...
04/28/2026 12:45:25 PM INFO mip_v1 - print: ============================================================
04/28/2026 12:45:25 PM INFO mip_v1 - print: Gurobi native log file: D:\Project_Code\Paper\DP_LBBD_1\DP_lbbd\Algorithm\Results\mip_v1\medium\exp_5f_40j_seed1\log\exp_5f_40j_seed1_gurobi.log
04/28/2026 01:15:26 PM INFO mip_v1 - print: 
04/28/2026 01:15:26 PM INFO mip_v1 - print: ============================================================
04/28/2026 01:15:26 PM INFO mip_v1 - print: SOLUTION SUMMARY
04/28/2026 01:15:26 PM INFO mip_v1 - print: ============================================================
04/28/2026 01:15:26 PM INFO mip_v1 - print: ⚠ Time limit reached, best solution found:
04/28/2026 01:15:26 PM INFO mip_v1 - print: 
04/28/2026 01:15:26 PM INFO mip_v1 - print: Objective Value (Total Profit): 13050.02
04/28/2026 01:15:26 PM INFO mip_v1 - print: MIP Gap: 31.26%
04/28/2026 01:15:26 PM INFO mip_v1 - print: 
04/28/2026 01:15:26 PM INFO mip_v1 - print: 📋 Accepted Orders (29/40): [1, 2, 3, 4, 5, 6, 9, 10, 12, 14, 17, 18, 19, 20, 23, 24, 25, 26, 27, 30, 31, 32, 33, 34, 35, 36, 37, 38, 39]
04/28/2026 01:15:26 PM INFO mip_v1 - print: 
04/28/2026 01:15:26 PM INFO mip_v1 - print: ------------------------------------------------------------
04/28/2026 01:15:26 PM INFO mip_v1 - print: ORDER ALLOCATION DETAILS
04/28/2026 01:15:26 PM INFO mip_v1 - print: ------------------------------------------------------------
04/28/2026 01:15:26 PM INFO mip_v1 - print: 
04/28/2026 01:15:26 PM INFO mip_v1 - print: Order 1 → Factory 5
04/28/2026 01:15:26 PM INFO mip_v1 - print:   Machine 1: completion time = 8.32
04/28/2026 01:15:26 PM INFO mip_v1 - print:   Machine 2: completion time = 15.56
04/28/2026 01:15:26 PM INFO mip_v1 - print:   Machine 3: completion time = 23.17
04/28/2026 01:15:26 PM INFO mip_v1 - print:   Machine 4: completion time = 31.99
04/28/2026 01:15:26 PM INFO mip_v1 - print:   Delivery: 35.49 (Deadline: 43.70, Delay: 0.00)
04/28/2026 01:15:26 PM INFO mip_v1 - print: 
04/28/2026 01:15:26 PM INFO mip_v1 - print: Order 2 → Factory 3
04/28/2026 01:15:26 PM INFO mip_v1 - print:   Machine 1: completion time = 8.71
04/28/2026 01:15:26 PM INFO mip_v1 - print:   Machine 2: completion time = 16.74
04/28/2026 01:15:26 PM INFO mip_v1 - print:   Machine 3: completion time = 33.28
04/28/2026 01:15:26 PM INFO mip_v1 - print:   Delivery: 39.48 (Deadline: 51.90, Delay: 0.00)
04/28/2026 01:15:26 PM INFO mip_v1 - print: 
04/28/2026 01:15:26 PM INFO mip_v1 - print: Order 3 → Factory 5
04/28/2026 01:15:26 PM INFO mip_v1 - print:   Machine 1: completion time = 28.55
04/28/2026 01:15:26 PM INFO mip_v1 - print:   Machine 2: completion time = 36.81
04/28/2026 01:15:26 PM INFO mip_v1 - print:   Machine 3: completion time = 44.87
04/28/2026 01:15:26 PM INFO mip_v1 - print:   Machine 4: completion time = 52.87
04/28/2026 01:15:26 PM INFO mip_v1 - print:   Delivery: 54.47 (Deadline: 62.90, Delay: 0.00)
04/28/2026 01:15:26 PM INFO mip_v1 - print: 
04/28/2026 01:15:26 PM INFO mip_v1 - print: Order 4 → Factory 2
04/28/2026 01:15:26 PM INFO mip_v1 - print:   Machine 1: completion time = 37.24
04/28/2026 01:15:26 PM INFO mip_v1 - print:   Machine 2: completion time = 47.37
04/28/2026 01:15:26 PM INFO mip_v1 - print:   Machine 3: completion time = 55.34
04/28/2026 01:15:26 PM INFO mip_v1 - print:   Delivery: 59.54 (Deadline: 61.70, Delay: 0.00)
04/28/2026 01:15:26 PM INFO mip_v1 - print: 
04/28/2026 01:15:26 PM INFO mip_v1 - print: Order 5 → Factory 1
04/28/2026 01:15:26 PM INFO mip_v1 - print:   Machine 1: completion time = 21.92
04/28/2026 01:15:26 PM INFO mip_v1 - print:   Machine 2: completion time = 34.76
04/28/2026 01:15:26 PM INFO mip_v1 - print:   Machine 3: completion time = 45.26
04/28/2026 01:15:26 PM INFO mip_v1 - print:   Machine 4: completion time = 56.04
04/28/2026 01:15:26 PM INFO mip_v1 - print:   Delivery: 57.04 (Deadline: 59.10, Delay: 0.00)
04/28/2026 01:15:26 PM INFO mip_v1 - print: 
04/28/2026 01:15:26 PM INFO mip_v1 - print: Order 6 → Factory 2
04/28/2026 01:15:26 PM INFO mip_v1 - print:   Machine 1: completion time = 45.88
04/28/2026 01:15:26 PM INFO mip_v1 - print:   Machine 2: completion time = 54.88
04/28/2026 01:15:26 PM INFO mip_v1 - print:   Machine 3: completion time = 62.38
04/28/2026 01:15:26 PM INFO mip_v1 - print:   Delivery: 67.68 (Deadline: 65.40, Delay: 2.28)
04/28/2026 01:15:26 PM INFO mip_v1 - print: 
04/28/2026 01:15:26 PM INFO mip_v1 - print: Order 9 → Factory 5
04/28/2026 01:15:26 PM INFO mip_v1 - print:   Machine 1: completion time = 42.15
04/28/2026 01:15:26 PM INFO mip_v1 - print:   Machine 2: completion time = 50.50
04/28/2026 01:15:26 PM INFO mip_v1 - print:   Machine 3: completion time = 59.10
04/28/2026 01:15:26 PM INFO mip_v1 - print:   Machine 4: completion time = 68.13
04/28/2026 01:15:26 PM INFO mip_v1 - print:   Delivery: 71.13 (Deadline: 78.40, Delay: 0.00)
04/28/2026 01:15:26 PM INFO mip_v1 - print: 
04/28/2026 01:15:26 PM INFO mip_v1 - print: Order 10 → Factory 1
04/28/2026 01:15:26 PM INFO mip_v1 - print:   Machine 1: completion time = 59.33
04/28/2026 01:15:26 PM INFO mip_v1 - print:   Machine 2: completion time = 72.04
04/28/2026 01:15:26 PM INFO mip_v1 - print:   Machine 3: completion time = 84.58
04/28/2026 01:15:26 PM INFO mip_v1 - print:   Machine 4: completion time = 93.38
04/28/2026 01:15:26 PM INFO mip_v1 - print:   Delivery: 96.88 (Deadline: 92.70, Delay: 4.18)
04/28/2026 01:15:26 PM INFO mip_v1 - print: 
04/28/2026 01:15:26 PM INFO mip_v1 - print: Order 12 → Factory 2
04/28/2026 01:15:26 PM INFO mip_v1 - print:   Machine 1: completion time = 24.31
04/28/2026 01:15:26 PM INFO mip_v1 - print:   Machine 2: completion time = 41.09
04/28/2026 01:15:26 PM INFO mip_v1 - print:   Machine 3: completion time = 49.52
04/28/2026 01:15:26 PM INFO mip_v1 - print:   Delivery: 55.22 (Deadline: 56.30, Delay: 0.00)
04/28/2026 01:15:26 PM INFO mip_v1 - print: 
04/28/2026 01:15:26 PM INFO mip_v1 - print: Order 14 → Factory 5
04/28/2026 01:15:26 PM INFO mip_v1 - print:   Machine 1: completion time = 59.24
04/28/2026 01:15:26 PM INFO mip_v1 - print:   Machine 2: completion time = 67.80
04/28/2026 01:15:26 PM INFO mip_v1 - print:   Machine 3: completion time = 76.62
04/28/2026 01:15:26 PM INFO mip_v1 - print:   Machine 4: completion time = 86.85
04/28/2026 01:15:26 PM INFO mip_v1 - print:   Delivery: 92.55 (Deadline: 93.20, Delay: 0.00)
04/28/2026 01:15:26 PM INFO mip_v1 - print: 
04/28/2026 01:15:26 PM INFO mip_v1 - print: Order 17 → Factory 5
04/28/2026 01:15:26 PM INFO mip_v1 - print:   Machine 1: completion time = 69.48
04/28/2026 01:15:26 PM INFO mip_v1 - print:   Machine 2: completion time = 78.18
04/28/2026 01:15:26 PM INFO mip_v1 - print:   Machine 3: completion time = 86.85
04/28/2026 01:15:26 PM INFO mip_v1 - print:   Machine 4: completion time = 96.80
04/28/2026 01:15:26 PM INFO mip_v1 - print:   Delivery: 99.90 (Deadline: 99.90, Delay: 0.00)
04/28/2026 01:15:26 PM INFO mip_v1 - print: 
04/28/2026 01:15:26 PM INFO mip_v1 - print: Order 18 → Factory 3
04/28/2026 01:15:26 PM INFO mip_v1 - print:   Machine 1: completion time = 34.06
04/28/2026 01:15:26 PM INFO mip_v1 - print:   Machine 2: completion time = 45.88
04/28/2026 01:15:26 PM INFO mip_v1 - print:   Machine 3: completion time = 60.79
04/28/2026 01:15:26 PM INFO mip_v1 - print:   Delivery: 65.09 (Deadline: 77.30, Delay: 0.00)
04/28/2026 01:15:26 PM INFO mip_v1 - print: 
04/28/2026 01:15:26 PM INFO mip_v1 - print: Order 19 → Factory 1
04/28/2026 01:15:26 PM INFO mip_v1 - print:   Machine 1: completion time = 40.50
04/28/2026 01:15:26 PM INFO mip_v1 - print:   Machine 2: completion time = 52.52
04/28/2026 01:15:26 PM INFO mip_v1 - print:   Machine 3: completion time = 64.15
04/28/2026 01:15:26 PM INFO mip_v1 - print:   Machine 4: completion time = 75.78
04/28/2026 01:15:26 PM INFO mip_v1 - print:   Delivery: 78.18 (Deadline: 88.20, Delay: 0.00)
04/28/2026 01:15:26 PM INFO mip_v1 - print: 
04/28/2026 01:15:26 PM INFO mip_v1 - print: Order 20 → Factory 1
04/28/2026 01:15:26 PM INFO mip_v1 - print:   Machine 1: completion time = 49.97
04/28/2026 01:15:26 PM INFO mip_v1 - print:   Machine 2: completion time = 62.25
04/28/2026 01:15:26 PM INFO mip_v1 - print:   Machine 3: completion time = 75.20
04/28/2026 01:15:26 PM INFO mip_v1 - print:   Machine 4: completion time = 84.58
04/28/2026 01:15:26 PM INFO mip_v1 - print:   Delivery: 90.18 (Deadline: 89.10, Delay: 1.08)
04/28/2026 01:15:26 PM INFO mip_v1 - print: 
04/28/2026 01:15:26 PM INFO mip_v1 - print: Order 23 → Factory 5
04/28/2026 01:15:26 PM INFO mip_v1 - print:   Machine 1: completion time = 13.76
04/28/2026 01:15:26 PM INFO mip_v1 - print:   Machine 2: completion time = 21.48
04/28/2026 01:15:26 PM INFO mip_v1 - print:   Machine 3: completion time = 29.10
04/28/2026 01:15:26 PM INFO mip_v1 - print:   Machine 4: completion time = 38.58
04/28/2026 01:15:26 PM INFO mip_v1 - print:   Delivery: 41.28 (Deadline: 48.30, Delay: 0.00)
04/28/2026 01:15:26 PM INFO mip_v1 - print: 
04/28/2026 01:15:26 PM INFO mip_v1 - print: Order 24 → Factory 1
04/28/2026 01:15:26 PM INFO mip_v1 - print:   Machine 1: completion time = 28.60
04/28/2026 01:15:26 PM INFO mip_v1 - print:   Machine 2: completion time = 40.42
04/28/2026 01:15:26 PM INFO mip_v1 - print:   Machine 3: completion time = 50.93
04/28/2026 01:15:26 PM INFO mip_v1 - print:   Machine 4: completion time = 61.17
04/28/2026 01:15:26 PM INFO mip_v1 - print:   Delivery: 65.77 (Deadline: 65.50, Delay: 0.27)
04/28/2026 01:15:26 PM INFO mip_v1 - print: 
04/28/2026 01:15:26 PM INFO mip_v1 - print: Order 25 → Factory 4
04/28/2026 01:15:26 PM INFO mip_v1 - print:   Machine 1: completion time = 39.50
04/28/2026 01:15:26 PM INFO mip_v1 - print:   Machine 2: completion time = 49.35
04/28/2026 01:15:26 PM INFO mip_v1 - print:   Machine 3: completion time = 63.53
04/28/2026 01:15:26 PM INFO mip_v1 - print:   Machine 4: completion time = 71.90
04/28/2026 01:15:26 PM INFO mip_v1 - print:   Delivery: 72.30 (Deadline: 72.30, Delay: 0.00)
04/28/2026 01:15:26 PM INFO mip_v1 - print: 
04/28/2026 01:15:26 PM INFO mip_v1 - print: Order 26 → Factory 1
04/28/2026 01:15:26 PM INFO mip_v1 - print:   Machine 1: completion time = 11.53
04/28/2026 01:15:26 PM INFO mip_v1 - print:   Machine 2: completion time = 23.34
04/28/2026 01:15:26 PM INFO mip_v1 - print:   Machine 3: completion time = 34.30
04/28/2026 01:15:26 PM INFO mip_v1 - print:   Machine 4: completion time = 44.62
04/28/2026 01:15:26 PM INFO mip_v1 - print:   Delivery: 50.62 (Deadline: 69.20, Delay: 0.00)
04/28/2026 01:15:26 PM INFO mip_v1 - print: 
04/28/2026 01:15:26 PM INFO mip_v1 - print: Order 27 → Factory 5
04/28/2026 01:15:26 PM INFO mip_v1 - print:   Machine 1: completion time = 34.30
04/28/2026 01:15:26 PM INFO mip_v1 - print:   Machine 2: completion time = 42.44
04/28/2026 01:15:26 PM INFO mip_v1 - print:   Machine 3: completion time = 50.50
04/28/2026 01:15:26 PM INFO mip_v1 - print:   Machine 4: completion time = 59.10
04/28/2026 01:15:26 PM INFO mip_v1 - print:   Delivery: 61.00 (Deadline: 63.80, Delay: 0.00)
04/28/2026 01:15:26 PM INFO mip_v1 - print: 
04/28/2026 01:15:26 PM INFO mip_v1 - print: Order 30 → Factory 5
04/28/2026 01:15:26 PM INFO mip_v1 - print:   Machine 1: completion time = 50.04
04/28/2026 01:15:26 PM INFO mip_v1 - print:   Machine 2: completion time = 59.24
04/28/2026 01:15:26 PM INFO mip_v1 - print:   Machine 3: completion time = 67.80
04/28/2026 01:15:26 PM INFO mip_v1 - print:   Machine 4: completion time = 76.62
04/28/2026 01:15:26 PM INFO mip_v1 - print:   Delivery: 78.92 (Deadline: 86.50, Delay: 0.00)
04/28/2026 01:15:26 PM INFO mip_v1 - print: 
04/28/2026 01:15:26 PM INFO mip_v1 - print: Order 31 → Factory 3
04/28/2026 01:15:26 PM INFO mip_v1 - print:   Machine 1: completion time = 47.34
04/28/2026 01:15:26 PM INFO mip_v1 - print:   Machine 2: completion time = 59.08
04/28/2026 01:15:26 PM INFO mip_v1 - print:   Machine 3: completion time = 74.16
04/28/2026 01:15:26 PM INFO mip_v1 - print:   Delivery: 77.66 (Deadline: 87.10, Delay: 0.00)
04/28/2026 01:15:26 PM INFO mip_v1 - print: 
04/28/2026 01:15:26 PM INFO mip_v1 - print: Order 32 → Factory 3
04/28/2026 01:15:26 PM INFO mip_v1 - print:   Machine 1: completion time = 59.08
04/28/2026 01:15:26 PM INFO mip_v1 - print:   Machine 2: completion time = 67.06
04/28/2026 01:15:26 PM INFO mip_v1 - print:   Machine 3: completion time = 83.03
04/28/2026 01:15:26 PM INFO mip_v1 - print:   Delivery: 84.53 (Deadline: 84.80, Delay: 0.00)
04/28/2026 01:15:26 PM INFO mip_v1 - print: 
04/28/2026 01:15:26 PM INFO mip_v1 - print: Order 33 → Factory 3
04/28/2026 01:15:26 PM INFO mip_v1 - print:   Machine 1: completion time = 20.71
04/28/2026 01:15:26 PM INFO mip_v1 - print:   Machine 2: completion time = 33.28
04/28/2026 01:15:26 PM INFO mip_v1 - print:   Machine 3: completion time = 47.25
04/28/2026 01:15:26 PM INFO mip_v1 - print:   Delivery: 50.75 (Deadline: 70.60, Delay: 0.00)
04/28/2026 01:15:26 PM INFO mip_v1 - print: 
04/28/2026 01:15:26 PM INFO mip_v1 - print: Order 34 → Factory 2
04/28/2026 01:15:26 PM INFO mip_v1 - print:   Machine 1: completion time = 55.01
04/28/2026 01:15:26 PM INFO mip_v1 - print:   Machine 2: completion time = 63.11
04/28/2026 01:15:26 PM INFO mip_v1 - print:   Machine 3: completion time = 70.59
04/28/2026 01:15:26 PM INFO mip_v1 - print:   Delivery: 74.79 (Deadline: 80.10, Delay: 0.00)
04/28/2026 01:15:26 PM INFO mip_v1 - print: 
04/28/2026 01:15:26 PM INFO mip_v1 - print: Order 35 → Factory 2
04/28/2026 01:15:26 PM INFO mip_v1 - print:   Machine 1: completion time = 29.40
04/28/2026 01:15:26 PM INFO mip_v1 - print:   Machine 2: completion time = 33.90
04/28/2026 01:15:26 PM INFO mip_v1 - print:   Machine 3: completion time = 42.76
04/28/2026 01:15:26 PM INFO mip_v1 - print:   Delivery: 49.16 (Deadline: 50.00, Delay: 0.00)
04/28/2026 01:15:26 PM INFO mip_v1 - print: 
04/28/2026 01:15:26 PM INFO mip_v1 - print: Order 36 → Factory 4
04/28/2026 01:15:26 PM INFO mip_v1 - print:   Machine 1: completion time = 23.52
04/28/2026 01:15:26 PM INFO mip_v1 - print:   Machine 2: completion time = 32.59
04/28/2026 01:15:26 PM INFO mip_v1 - print:   Machine 3: completion time = 43.06
04/28/2026 01:15:26 PM INFO mip_v1 - print:   Machine 4: completion time = 51.34
04/28/2026 01:15:26 PM INFO mip_v1 - print:   Delivery: 54.64 (Deadline: 68.20, Delay: 0.00)
04/28/2026 01:15:26 PM INFO mip_v1 - print: 
04/28/2026 01:15:26 PM INFO mip_v1 - print: Order 37 → Factory 2
04/28/2026 01:15:26 PM INFO mip_v1 - print:   Machine 1: completion time = 67.68
04/28/2026 01:15:26 PM INFO mip_v1 - print:   Machine 2: completion time = 78.80
04/28/2026 01:15:26 PM INFO mip_v1 - print:   Machine 3: completion time = 89.10
04/28/2026 01:15:26 PM INFO mip_v1 - print:   Delivery: 93.10 (Deadline: 93.10, Delay: 0.00)
04/28/2026 01:15:26 PM INFO mip_v1 - print: 
04/28/2026 01:15:26 PM INFO mip_v1 - print: Order 38 → Factory 2
04/28/2026 01:15:26 PM INFO mip_v1 - print:   Machine 1: completion time = 16.30
04/28/2026 01:15:26 PM INFO mip_v1 - print:   Machine 2: completion time = 27.38
04/28/2026 01:15:26 PM INFO mip_v1 - print:   Machine 3: completion time = 38.24
04/28/2026 01:15:26 PM INFO mip_v1 - print:   Delivery: 43.84 (Deadline: 69.70, Delay: 0.00)
04/28/2026 01:15:26 PM INFO mip_v1 - print: 
04/28/2026 01:15:26 PM INFO mip_v1 - print: Order 39 → Factory 4
04/28/2026 01:15:26 PM INFO mip_v1 - print:   Machine 1: completion time = 31.62
04/28/2026 01:15:26 PM INFO mip_v1 - print:   Machine 2: completion time = 40.87
04/28/2026 01:15:26 PM INFO mip_v1 - print:   Machine 3: completion time = 52.48
04/28/2026 01:15:26 PM INFO mip_v1 - print:   Machine 4: completion time = 62.50
04/28/2026 01:15:26 PM INFO mip_v1 - print:   Delivery: 64.90 (Deadline: 64.90, Delay: 0.00)
04/28/2026 01:15:26 PM INFO mip_v1 - print: 
04/28/2026 01:15:26 PM INFO mip_v1 - print: ------------------------------------------------------------
04/28/2026 01:15:26 PM INFO mip_v1 - print: COST BREAKDOWN
04/28/2026 01:15:26 PM INFO mip_v1 - print: ------------------------------------------------------------
04/28/2026 01:15:26 PM INFO mip_v1 - print: Total Revenue:          +    32190.00
04/28/2026 01:15:26 PM INFO mip_v1 - print: Production Cost:        -    12371.34
04/28/2026 01:15:26 PM INFO mip_v1 - print: Transport Cost:         -     6228.40
04/28/2026 01:15:26 PM INFO mip_v1 - print: Delay Penalty:          -      540.24
04/28/2026 01:15:26 PM INFO mip_v1 - print: ------------------------------------------------------------
04/28/2026 01:15:26 PM INFO mip_v1 - print: Total Profit:           =    13050.02
