04/29/2026 01:28:36 AM INFO mip_v1 - setup_solver_logging: ================================================================================
04/29/2026 01:28:36 AM INFO mip_v1 - setup_solver_logging: Logging started. Log file: D:\Project_Code\Paper\DP_LBBD_1\DP_lbbd\Algorithm\Results\mip_v1\small\exp_3f_20j_seed3\log\exp_3f_20j_seed3_running.log
04/29/2026 01:28:36 AM INFO mip_v1 - print: BigM calculated: 139.6
04/29/2026 01:28:36 AM INFO mip_v1 - print: Adding variables...
04/29/2026 01:28:36 AM INFO mip_v1 - print: Total variables: 4920
04/29/2026 01:28:36 AM INFO mip_v1 - print: Adding constraints...
04/29/2026 01:28:36 AM INFO mip_v1 - print: Total constraints: 9843
04/29/2026 01:28:36 AM INFO mip_v1 - print: Setting objective function...
04/29/2026 01:28:36 AM INFO mip_v1 - print: 
04/29/2026 01:28:36 AM INFO mip_v1 - print: ✓ Model LP written to: D:\Project_Code\Paper\DP_LBBD_1\DP_lbbd\Algorithm\MIP\production_model.lp
04/29/2026 01:28:36 AM INFO mip_v1 - print: 
04/29/2026 01:28:36 AM INFO mip_v1 - print: ============================================================
04/29/2026 01:28:36 AM INFO mip_v1 - print: Starting optimization...
04/29/2026 01:28:36 AM INFO mip_v1 - print: ============================================================
04/29/2026 01:28:36 AM INFO mip_v1 - print: Gurobi native log file: D:\Project_Code\Paper\DP_LBBD_1\DP_lbbd\Algorithm\Results\mip_v1\small\exp_3f_20j_seed3\log\exp_3f_20j_seed3_gurobi.log
04/29/2026 01:58:36 AM INFO mip_v1 - print: 
04/29/2026 01:58:36 AM INFO mip_v1 - print: ============================================================
04/29/2026 01:58:36 AM INFO mip_v1 - print: SOLUTION SUMMARY
04/29/2026 01:58:36 AM INFO mip_v1 - print: ============================================================
04/29/2026 01:58:36 AM INFO mip_v1 - print: ⚠ Time limit reached, best solution found:
04/29/2026 01:58:36 AM INFO mip_v1 - print: 
04/29/2026 01:58:36 AM INFO mip_v1 - print: Objective Value (Total Profit): 7213.49
04/29/2026 01:58:36 AM INFO mip_v1 - print: MIP Gap: 14.29%
04/29/2026 01:58:36 AM INFO mip_v1 - print: 
04/29/2026 01:58:36 AM INFO mip_v1 - print: 📋 Accepted Orders (15/20): [1, 2, 3, 4, 5, 6, 7, 8, 10, 11, 12, 13, 16, 17, 19]
04/29/2026 01:58:36 AM INFO mip_v1 - print: 
04/29/2026 01:58:36 AM INFO mip_v1 - print: ------------------------------------------------------------
04/29/2026 01:58:36 AM INFO mip_v1 - print: ORDER ALLOCATION DETAILS
04/29/2026 01:58:36 AM INFO mip_v1 - print: ------------------------------------------------------------
04/29/2026 01:58:36 AM INFO mip_v1 - print: 
04/29/2026 01:58:36 AM INFO mip_v1 - print: Order 1 → Factory 2
04/29/2026 01:58:36 AM INFO mip_v1 - print:   Machine 1: completion time = 22.25
04/29/2026 01:58:36 AM INFO mip_v1 - print:   Machine 2: completion time = 33.73
04/29/2026 01:58:36 AM INFO mip_v1 - print:   Machine 3: completion time = 47.11
04/29/2026 01:58:36 AM INFO mip_v1 - print:   Delivery: 51.41 (Deadline: 74.80, Delay: 0.00)
04/29/2026 01:58:36 AM INFO mip_v1 - print: 
04/29/2026 01:58:36 AM INFO mip_v1 - print: Order 2 → Factory 1
04/29/2026 01:58:36 AM INFO mip_v1 - print:   Machine 1: completion time = 22.95
04/29/2026 01:58:36 AM INFO mip_v1 - print:   Machine 2: completion time = 32.36
04/29/2026 01:58:36 AM INFO mip_v1 - print:   Machine 3: completion time = 42.42
04/29/2026 01:58:36 AM INFO mip_v1 - print:   Machine 4: completion time = 51.85
04/29/2026 01:58:36 AM INFO mip_v1 - print:   Machine 5: completion time = 61.18
04/29/2026 01:58:36 AM INFO mip_v1 - print:   Delivery: 64.58 (Deadline: 66.60, Delay: 0.00)
04/29/2026 01:58:36 AM INFO mip_v1 - print: 
04/29/2026 01:58:36 AM INFO mip_v1 - print: Order 3 → Factory 1
04/29/2026 01:58:36 AM INFO mip_v1 - print:   Machine 1: completion time = 39.72
04/29/2026 01:58:36 AM INFO mip_v1 - print:   Machine 2: completion time = 52.27
04/29/2026 01:58:36 AM INFO mip_v1 - print:   Machine 3: completion time = 62.42
04/29/2026 01:58:36 AM INFO mip_v1 - print:   Machine 4: completion time = 72.81
04/29/2026 01:58:36 AM INFO mip_v1 - print:   Machine 5: completion time = 82.84
04/29/2026 01:58:36 AM INFO mip_v1 - print:   Delivery: 85.74 (Deadline: 84.10, Delay: 1.64)
04/29/2026 01:58:36 AM INFO mip_v1 - print: 
04/29/2026 01:58:36 AM INFO mip_v1 - print: Order 4 → Factory 2
04/29/2026 01:58:36 AM INFO mip_v1 - print:   Machine 1: completion time = 37.77
04/29/2026 01:58:36 AM INFO mip_v1 - print:   Machine 2: completion time = 53.97
04/29/2026 01:58:36 AM INFO mip_v1 - print:   Machine 3: completion time = 62.50
04/29/2026 01:58:36 AM INFO mip_v1 - print:   Delivery: 70.40 (Deadline: 74.30, Delay: 0.00)
04/29/2026 01:58:36 AM INFO mip_v1 - print: 
04/29/2026 01:58:36 AM INFO mip_v1 - print: Order 5 → Factory 1
04/29/2026 01:58:36 AM INFO mip_v1 - print:   Machine 1: completion time = 14.43
04/29/2026 01:58:36 AM INFO mip_v1 - print:   Machine 2: completion time = 21.61
04/29/2026 01:58:36 AM INFO mip_v1 - print:   Machine 3: completion time = 28.72
04/29/2026 01:58:36 AM INFO mip_v1 - print:   Machine 4: completion time = 35.71
04/29/2026 01:58:36 AM INFO mip_v1 - print:   Machine 5: completion time = 42.99
04/29/2026 01:58:36 AM INFO mip_v1 - print:   Delivery: 49.49 (Deadline: 61.40, Delay: 0.00)
04/29/2026 01:58:36 AM INFO mip_v1 - print: 
04/29/2026 01:58:36 AM INFO mip_v1 - print: Order 6 → Factory 3
04/29/2026 01:58:36 AM INFO mip_v1 - print:   Machine 1: completion time = 8.91
04/29/2026 01:58:36 AM INFO mip_v1 - print:   Machine 2: completion time = 13.73
04/29/2026 01:58:36 AM INFO mip_v1 - print:   Machine 3: completion time = 18.96
04/29/2026 01:58:36 AM INFO mip_v1 - print:   Machine 4: completion time = 27.57
04/29/2026 01:58:36 AM INFO mip_v1 - print:   Delivery: 36.87 (Deadline: 56.40, Delay: 0.00)
04/29/2026 01:58:36 AM INFO mip_v1 - print: 
04/29/2026 01:58:36 AM INFO mip_v1 - print: Order 7 → Factory 2
04/29/2026 01:58:36 AM INFO mip_v1 - print:   Machine 1: completion time = 29.86
04/29/2026 01:58:36 AM INFO mip_v1 - print:   Machine 2: completion time = 44.38
04/29/2026 01:58:36 AM INFO mip_v1 - print:   Machine 3: completion time = 54.37
04/29/2026 01:58:36 AM INFO mip_v1 - print:   Delivery: 58.97 (Deadline: 61.60, Delay: 0.00)
04/29/2026 01:58:36 AM INFO mip_v1 - print: 
04/29/2026 01:58:36 AM INFO mip_v1 - print: Order 8 → Factory 3
04/29/2026 01:58:36 AM INFO mip_v1 - print:   Machine 1: completion time = 19.95
04/29/2026 01:58:36 AM INFO mip_v1 - print:   Machine 2: completion time = 28.09
04/29/2026 01:58:36 AM INFO mip_v1 - print:   Machine 3: completion time = 37.20
04/29/2026 01:58:36 AM INFO mip_v1 - print:   Machine 4: completion time = 46.76
04/29/2026 01:58:36 AM INFO mip_v1 - print:   Delivery: 52.86 (Deadline: 62.60, Delay: 0.00)
04/29/2026 01:58:36 AM INFO mip_v1 - print: 
04/29/2026 01:58:36 AM INFO mip_v1 - print: Order 10 → Factory 3
04/29/2026 01:58:36 AM INFO mip_v1 - print:   Machine 1: completion time = 26.97
04/29/2026 01:58:36 AM INFO mip_v1 - print:   Machine 2: completion time = 37.13
04/29/2026 01:58:36 AM INFO mip_v1 - print:   Machine 3: completion time = 44.73
04/29/2026 01:58:36 AM INFO mip_v1 - print:   Machine 4: completion time = 54.74
04/29/2026 01:58:36 AM INFO mip_v1 - print:   Delivery: 61.84 (Deadline: 73.80, Delay: 0.00)
04/29/2026 01:58:36 AM INFO mip_v1 - print: 
04/29/2026 01:58:36 AM INFO mip_v1 - print: Order 11 → Factory 1
04/29/2026 01:58:36 AM INFO mip_v1 - print:   Machine 1: completion time = 30.85
04/29/2026 01:58:36 AM INFO mip_v1 - print:   Machine 2: completion time = 42.05
04/29/2026 01:58:36 AM INFO mip_v1 - print:   Machine 3: completion time = 52.42
04/29/2026 01:58:36 AM INFO mip_v1 - print:   Machine 4: completion time = 62.48
04/29/2026 01:58:36 AM INFO mip_v1 - print:   Machine 5: completion time = 72.40
04/29/2026 01:58:36 AM INFO mip_v1 - print:   Delivery: 78.00 (Deadline: 82.60, Delay: 0.00)
04/29/2026 01:58:36 AM INFO mip_v1 - print: 
04/29/2026 01:58:36 AM INFO mip_v1 - print: Order 12 → Factory 2
04/29/2026 01:58:36 AM INFO mip_v1 - print:   Machine 1: completion time = 11.29
04/29/2026 01:58:36 AM INFO mip_v1 - print:   Machine 2: completion time = 18.85
04/29/2026 01:58:36 AM INFO mip_v1 - print:   Machine 3: completion time = 25.90
04/29/2026 01:58:36 AM INFO mip_v1 - print:   Delivery: 28.60 (Deadline: 43.70, Delay: 0.00)
04/29/2026 01:58:36 AM INFO mip_v1 - print: 
04/29/2026 01:58:36 AM INFO mip_v1 - print: Order 13 → Factory 2
04/29/2026 01:58:36 AM INFO mip_v1 - print:   Machine 1: completion time = 45.43
04/29/2026 01:58:36 AM INFO mip_v1 - print:   Machine 2: completion time = 62.50
04/29/2026 01:58:36 AM INFO mip_v1 - print:   Machine 3: completion time = 70.80
04/29/2026 01:58:36 AM INFO mip_v1 - print:   Delivery: 76.90 (Deadline: 76.90, Delay: 0.00)
04/29/2026 01:58:36 AM INFO mip_v1 - print: 
04/29/2026 01:58:36 AM INFO mip_v1 - print: Order 16 → Factory 3
04/29/2026 01:58:36 AM INFO mip_v1 - print:   Machine 1: completion time = 47.21
04/29/2026 01:58:36 AM INFO mip_v1 - print:   Machine 2: completion time = 56.65
04/29/2026 01:58:36 AM INFO mip_v1 - print:   Machine 3: completion time = 67.99
04/29/2026 01:58:36 AM INFO mip_v1 - print:   Machine 4: completion time = 80.18
04/29/2026 01:58:36 AM INFO mip_v1 - print:   Delivery: 82.48 (Deadline: 81.80, Delay: 0.68)
04/29/2026 01:58:36 AM INFO mip_v1 - print: 
04/29/2026 01:58:36 AM INFO mip_v1 - print: Order 17 → Factory 2
04/29/2026 01:58:36 AM INFO mip_v1 - print:   Machine 1: completion time = 59.19
04/29/2026 01:58:36 AM INFO mip_v1 - print:   Machine 2: completion time = 77.24
04/29/2026 01:58:36 AM INFO mip_v1 - print:   Machine 3: completion time = 91.80
04/29/2026 01:58:36 AM INFO mip_v1 - print:   Delivery: 97.80 (Deadline: 100.40, Delay: 0.00)
04/29/2026 01:58:36 AM INFO mip_v1 - print: 
04/29/2026 01:58:36 AM INFO mip_v1 - print: Order 19 → Factory 3
04/29/2026 01:58:36 AM INFO mip_v1 - print:   Machine 1: completion time = 37.13
04/29/2026 01:58:36 AM INFO mip_v1 - print:   Machine 2: completion time = 45.92
04/29/2026 01:58:36 AM INFO mip_v1 - print:   Machine 3: completion time = 56.81
04/29/2026 01:58:36 AM INFO mip_v1 - print:   Machine 4: completion time = 67.44
04/29/2026 01:58:36 AM INFO mip_v1 - print:   Delivery: 72.04 (Deadline: 71.50, Delay: 0.54)
04/29/2026 01:58:36 AM INFO mip_v1 - print: 
04/29/2026 01:58:36 AM INFO mip_v1 - print: ------------------------------------------------------------
04/29/2026 01:58:36 AM INFO mip_v1 - print: COST BREAKDOWN
04/29/2026 01:58:36 AM INFO mip_v1 - print: ------------------------------------------------------------
04/29/2026 01:58:36 AM INFO mip_v1 - print: Total Revenue:          +    17962.00
04/29/2026 01:58:36 AM INFO mip_v1 - print: Production Cost:        -     6405.04
04/29/2026 01:58:36 AM INFO mip_v1 - print: Transport Cost:         -     4151.95
04/29/2026 01:58:36 AM INFO mip_v1 - print: Delay Penalty:          -      191.52
04/29/2026 01:58:36 AM INFO mip_v1 - print: ------------------------------------------------------------
04/29/2026 01:58:36 AM INFO mip_v1 - print: Total Profit:           =     7213.49
