04/29/2026 12:15:28 AM INFO mip_v1 - setup_solver_logging: ================================================================================
04/29/2026 12:15:28 AM INFO mip_v1 - setup_solver_logging: Logging started. Log file: D:\Project_Code\Paper\DP_LBBD_1\DP_lbbd\Algorithm\Results\mip_v1\small\exp_3f_15j_seed3\log\exp_3f_15j_seed3_running.log
04/29/2026 12:15:28 AM INFO mip_v1 - print: BigM calculated: 101.30000000000001
04/29/2026 12:15:28 AM INFO mip_v1 - print: Adding variables...
04/29/2026 12:15:28 AM INFO mip_v1 - print: Total variables: 2790
04/29/2026 12:15:28 AM INFO mip_v1 - print: Adding constraints...
04/29/2026 12:15:28 AM INFO mip_v1 - print: Total constraints: 5582
04/29/2026 12:15:28 AM INFO mip_v1 - print: Setting objective function...
04/29/2026 12:15:28 AM INFO mip_v1 - print: 
04/29/2026 12:15:28 AM INFO mip_v1 - print: ✓ Model LP written to: D:\Project_Code\Paper\DP_LBBD_1\DP_lbbd\Algorithm\MIP\production_model.lp
04/29/2026 12:15:28 AM INFO mip_v1 - print: 
04/29/2026 12:15:28 AM INFO mip_v1 - print: ============================================================
04/29/2026 12:15:28 AM INFO mip_v1 - print: Starting optimization...
04/29/2026 12:15:28 AM INFO mip_v1 - print: ============================================================
04/29/2026 12:15:28 AM INFO mip_v1 - print: Gurobi native log file: D:\Project_Code\Paper\DP_LBBD_1\DP_lbbd\Algorithm\Results\mip_v1\small\exp_3f_15j_seed3\log\exp_3f_15j_seed3_gurobi.log
04/29/2026 12:45:28 AM INFO mip_v1 - print: 
04/29/2026 12:45:28 AM INFO mip_v1 - print: ============================================================
04/29/2026 12:45:28 AM INFO mip_v1 - print: SOLUTION SUMMARY
04/29/2026 12:45:28 AM INFO mip_v1 - print: ============================================================
04/29/2026 12:45:28 AM INFO mip_v1 - print: ⚠ Time limit reached, best solution found:
04/29/2026 12:45:28 AM INFO mip_v1 - print: 
04/29/2026 12:45:28 AM INFO mip_v1 - print: Objective Value (Total Profit): 5135.62
04/29/2026 12:45:28 AM INFO mip_v1 - print: MIP Gap: 13.19%
04/29/2026 12:45:28 AM INFO mip_v1 - print: 
04/29/2026 12:45:28 AM INFO mip_v1 - print: 📋 Accepted Orders (11/15): [2, 3, 6, 7, 8, 9, 10, 11, 12, 13, 15]
04/29/2026 12:45:28 AM INFO mip_v1 - print: 
04/29/2026 12:45:28 AM INFO mip_v1 - print: ------------------------------------------------------------
04/29/2026 12:45:28 AM INFO mip_v1 - print: ORDER ALLOCATION DETAILS
04/29/2026 12:45:28 AM INFO mip_v1 - print: ------------------------------------------------------------
04/29/2026 12:45:28 AM INFO mip_v1 - print: 
04/29/2026 12:45:28 AM INFO mip_v1 - print: Order 2 → Factory 1
04/29/2026 12:45:28 AM INFO mip_v1 - print:   Machine 1: completion time = 20.51
04/29/2026 12:45:28 AM INFO mip_v1 - print:   Machine 2: completion time = 29.90
04/29/2026 12:45:28 AM INFO mip_v1 - print:   Machine 3: completion time = 40.98
04/29/2026 12:45:28 AM INFO mip_v1 - print:   Machine 4: completion time = 50.68
04/29/2026 12:45:28 AM INFO mip_v1 - print:   Machine 5: completion time = 60.40
04/29/2026 12:45:28 AM INFO mip_v1 - print:   Delivery: 64.90 (Deadline: 66.20, Delay: 0.00)
04/29/2026 12:45:28 AM INFO mip_v1 - print: 
04/29/2026 12:45:28 AM INFO mip_v1 - print: Order 3 → Factory 2
04/29/2026 12:45:28 AM INFO mip_v1 - print:   Machine 1: completion time = 29.84
04/29/2026 12:45:28 AM INFO mip_v1 - print:   Machine 2: completion time = 39.03
04/29/2026 12:45:28 AM INFO mip_v1 - print:   Machine 3: completion time = 47.64
04/29/2026 12:45:28 AM INFO mip_v1 - print:   Delivery: 51.34 (Deadline: 58.50, Delay: 0.00)
04/29/2026 12:45:28 AM INFO mip_v1 - print: 
04/29/2026 12:45:28 AM INFO mip_v1 - print: Order 6 → Factory 1
04/29/2026 12:45:28 AM INFO mip_v1 - print:   Machine 1: completion time = 14.40
04/29/2026 12:45:28 AM INFO mip_v1 - print:   Machine 2: completion time = 20.05
04/29/2026 12:45:28 AM INFO mip_v1 - print:   Machine 3: completion time = 25.64
04/29/2026 12:45:28 AM INFO mip_v1 - print:   Machine 4: completion time = 31.23
04/29/2026 12:45:28 AM INFO mip_v1 - print:   Machine 5: completion time = 53.53
04/29/2026 12:45:28 AM INFO mip_v1 - print:   Delivery: 56.03 (Deadline: 57.60, Delay: 0.00)
04/29/2026 12:45:28 AM INFO mip_v1 - print: 
04/29/2026 12:45:28 AM INFO mip_v1 - print: Order 7 → Factory 1
04/29/2026 12:45:28 AM INFO mip_v1 - print:   Machine 1: completion time = 30.32
04/29/2026 12:45:28 AM INFO mip_v1 - print:   Machine 2: completion time = 41.40
04/29/2026 12:45:28 AM INFO mip_v1 - print:   Machine 3: completion time = 51.11
04/29/2026 12:45:28 AM INFO mip_v1 - print:   Machine 4: completion time = 60.83
04/29/2026 12:45:28 AM INFO mip_v1 - print:   Machine 5: completion time = 71.67
04/29/2026 12:45:28 AM INFO mip_v1 - print:   Delivery: 78.17 (Deadline: 77.70, Delay: 0.47)
04/29/2026 12:45:28 AM INFO mip_v1 - print: 
04/29/2026 12:45:28 AM INFO mip_v1 - print: Order 8 → Factory 3
04/29/2026 12:45:28 AM INFO mip_v1 - print:   Machine 1: completion time = 17.29
04/29/2026 12:45:28 AM INFO mip_v1 - print:   Machine 2: completion time = 23.87
04/29/2026 12:45:28 AM INFO mip_v1 - print:   Machine 3: completion time = 31.23
04/29/2026 12:45:28 AM INFO mip_v1 - print:   Machine 4: completion time = 38.03
04/29/2026 12:45:28 AM INFO mip_v1 - print:   Delivery: 42.33 (Deadline: 60.90, Delay: 0.00)
04/29/2026 12:45:28 AM INFO mip_v1 - print: 
04/29/2026 12:45:28 AM INFO mip_v1 - print: Order 9 → Factory 2
04/29/2026 12:45:28 AM INFO mip_v1 - print:   Machine 1: completion time = 38.13
04/29/2026 12:45:28 AM INFO mip_v1 - print:   Machine 2: completion time = 49.50
04/29/2026 12:45:28 AM INFO mip_v1 - print:   Machine 3: completion time = 58.90
04/29/2026 12:45:28 AM INFO mip_v1 - print:   Delivery: 63.30 (Deadline: 63.30, Delay: 0.00)
04/29/2026 12:45:28 AM INFO mip_v1 - print: 
04/29/2026 12:45:28 AM INFO mip_v1 - print: Order 10 → Factory 2
04/29/2026 12:45:28 AM INFO mip_v1 - print:   Machine 1: completion time = 7.68
04/29/2026 12:45:28 AM INFO mip_v1 - print:   Machine 2: completion time = 13.48
04/29/2026 12:45:28 AM INFO mip_v1 - print:   Machine 3: completion time = 20.74
04/29/2026 12:45:28 AM INFO mip_v1 - print:   Delivery: 22.94 (Deadline: 64.10, Delay: 0.00)
04/29/2026 12:45:28 AM INFO mip_v1 - print: 
04/29/2026 12:45:28 AM INFO mip_v1 - print: Order 11 → Factory 3
04/29/2026 12:45:28 AM INFO mip_v1 - print:   Machine 1: completion time = 27.11
04/29/2026 12:45:28 AM INFO mip_v1 - print:   Machine 2: completion time = 37.14
04/29/2026 12:45:28 AM INFO mip_v1 - print:   Machine 3: completion time = 49.14
04/29/2026 12:45:28 AM INFO mip_v1 - print:   Machine 4: completion time = 59.86
04/29/2026 12:45:28 AM INFO mip_v1 - print:   Delivery: 62.06 (Deadline: 63.50, Delay: 0.00)
04/29/2026 12:45:28 AM INFO mip_v1 - print: 
04/29/2026 12:45:28 AM INFO mip_v1 - print: Order 12 → Factory 2
04/29/2026 12:45:28 AM INFO mip_v1 - print:   Machine 1: completion time = 14.02
04/29/2026 12:45:28 AM INFO mip_v1 - print:   Machine 2: completion time = 20.74
04/29/2026 12:45:28 AM INFO mip_v1 - print:   Machine 3: completion time = 27.75
04/29/2026 12:45:28 AM INFO mip_v1 - print:   Delivery: 32.95 (Deadline: 48.10, Delay: 0.00)
04/29/2026 12:45:28 AM INFO mip_v1 - print: 
04/29/2026 12:45:28 AM INFO mip_v1 - print: Order 13 → Factory 2
04/29/2026 12:45:28 AM INFO mip_v1 - print:   Machine 1: completion time = 22.07
04/29/2026 12:45:28 AM INFO mip_v1 - print:   Machine 2: completion time = 30.25
04/29/2026 12:45:28 AM INFO mip_v1 - print:   Machine 3: completion time = 39.03
04/29/2026 12:45:28 AM INFO mip_v1 - print:   Delivery: 44.33 (Deadline: 53.00, Delay: 0.00)
04/29/2026 12:45:28 AM INFO mip_v1 - print: 
04/29/2026 12:45:28 AM INFO mip_v1 - print: Order 15 → Factory 2
04/29/2026 12:45:28 AM INFO mip_v1 - print:   Machine 1: completion time = 49.50
04/29/2026 12:45:28 AM INFO mip_v1 - print:   Machine 2: completion time = 61.21
04/29/2026 12:45:28 AM INFO mip_v1 - print:   Machine 3: completion time = 72.95
04/29/2026 12:45:28 AM INFO mip_v1 - print:   Delivery: 74.55 (Deadline: 72.30, Delay: 2.25)
04/29/2026 12:45:28 AM INFO mip_v1 - print: 
04/29/2026 12:45:28 AM INFO mip_v1 - print: ------------------------------------------------------------
04/29/2026 12:45:28 AM INFO mip_v1 - print: COST BREAKDOWN
04/29/2026 12:45:28 AM INFO mip_v1 - print: ------------------------------------------------------------
04/29/2026 12:45:28 AM INFO mip_v1 - print: Total Revenue:          +    13123.00
04/29/2026 12:45:28 AM INFO mip_v1 - print: Production Cost:        -     5622.67
04/29/2026 12:45:28 AM INFO mip_v1 - print: Transport Cost:         -     2172.50
04/29/2026 12:45:28 AM INFO mip_v1 - print: Delay Penalty:          -      192.21
04/29/2026 12:45:28 AM INFO mip_v1 - print: ------------------------------------------------------------
04/29/2026 12:45:28 AM INFO mip_v1 - print: Total Profit:           =     5135.62
