
Gurobi 10.0.1 (win64) logging started Wed Apr 29 00:15:28 2026

Set parameter LogFile to value "D:\Project_Code\Paper\DP_LBBD_1\DP_lbbd\Algorithm\Results\mip_v1\small\exp_3f_15j_seed3\log\exp_3f_15j_seed3_gurobi.log"
Set parameter LogToConsole to value 0
Gurobi Optimizer version 10.0.1 build v10.0.1rc0 (win64)

CPU model: Intel(R) Core(TM) Ultra 7 265KF, instruction set [SSE2|AVX|AVX2]
Thread count: 20 physical cores, 20 logical processors, using up to 20 threads

Optimize a model with 5582 rows, 2790 columns and 26494 nonzeros
Model fingerprint: 0x5e2a0390
Variable types: 210 continuous, 2580 integer (2580 binary)
Coefficient statistics:
  Matrix range     [1e+00, 1e+02]
  Objective range  [5e+01, 2e+03]
  Bounds range     [1e+00, 1e+02]
  RHS range        [1e+00, 3e+02]
Found heuristic solution: objective -0.0000000
Presolve removed 2884 rows and 1426 columns
Presolve time: 0.03s
Presolved: 2698 rows, 1364 columns, 12653 nonzeros
Variable types: 152 continuous, 1212 integer (1212 binary)

Root relaxation: objective 7.425146e+03, 512 iterations, 0.01 seconds (0.01 work units)

    Nodes    |    Current Node    |     Objective Bounds      |     Work
 Expl Unexpl |  Obj  Depth IntInf | Incumbent    BestBd   Gap | It/Node Time

     0     0 7425.14583    0  138   -0.00000 7425.14583      -     -    0s
H    0     0                    2068.8276054 7425.14583   259%     -    0s
H    0     0                    4043.4343320 7425.14583  83.6%     -    0s
     0     0 7425.14583    0  129 4043.43433 7425.14583  83.6%     -    0s
     0     0 7425.14583    0  117 4043.43433 7425.14583  83.6%     -    0s
H    0     0                    4422.8541042 7425.14583  67.9%     -    0s
     0     0 7425.14583    0  124 4422.85410 7425.14583  67.9%     -    0s
     0     0 7425.14583    0  118 4422.85410 7425.14583  67.9%     -    0s
     0     0 7425.14583    0  152 4422.85410 7425.14583  67.9%     -    0s
H    0     0                    4448.2141201 7425.14583  66.9%     -    0s
     0     0 7425.14583    0  145 4448.21412 7425.14583  66.9%     -    0s
     0     0 7425.14583    0  161 4448.21412 7425.14583  66.9%     -    0s
     0     0 7425.14583    0  163 4448.21412 7425.14583  66.9%     -    0s
H    0     0                    4452.2067529 7425.14583  66.8%     -    0s
     0     0 7425.14583    0  136 4452.20675 7425.14583  66.8%     -    0s
     0     0 7425.14583    0  136 4452.20675 7425.14583  66.8%     -    0s
     0     2 7425.14583    0  136 4452.20675 7425.14583  66.8%     -    0s
H  240   253                    4785.9120590 7425.14583  55.1%  96.6    0s
H  353   309                    4876.3049754 7425.14583  52.3%  77.2    1s
H  358   309                    5013.2768006 7425.14583  48.1%  76.2    1s
H  544   414                    5117.0214413 7425.14583  45.1%  61.9    1s
  9931  4198 6835.69564   37   31 5117.02144 7331.61369  43.3%   6.4    5s
 47233 24102 5750.09323   44   52 5117.02144 6869.72123  34.3%   9.6   10s
 89051 27551 5962.18205   65   27 5117.02144 6761.76986  32.1%  13.3   15s
*101565 26196              67    5135.6169374 6747.93214  31.4%  13.4   16s
 140849 34340 5523.86546   62   19 5135.61694 6680.28107  30.1%  13.7   20s
 190386 47606 infeasible   79      5135.61694 6581.20166  28.1%  13.8   25s
 234008 59610 5387.76220   60   32 5135.61694 6516.72744  26.9%  13.7   30s
 276426 71534 5630.83798   69   24 5135.61694 6483.57937  26.2%  13.4   35s
 314317 79951 6085.27571   66   20 5135.61694 6445.24903  25.5%  13.2   40s
 350212 90630 5977.44759   70   30 5135.61694 6430.28162  25.2%  13.2   45s
 389144 101894 6016.90510   67   29 5135.61694 6422.67157  25.1%  13.0   50s
 423255 109692 5709.31989   58   36 5135.61694 6411.92888  24.9%  12.9   55s
 454355 119266 5974.97295   65   26 5135.61694 6400.90212  24.6%  12.8   60s
 488361 129240 5608.47244   67   22 5135.61694 6400.90212  24.6%  12.7   65s
 522248 137212 5736.10553   61   37 5135.61694 6390.14773  24.4%  12.7   70s
 562939 146670 5944.18288   55   45 5135.61694 6377.81282  24.2%  12.6   75s
 604355 155633 infeasible   68      5135.61694 6364.21998  23.9%  12.6   80s
 645570 163706 5737.78928   66   13 5135.61694 6348.39333  23.6%  12.6   85s
 692810 173476 5558.12790   62   37 5135.61694 6339.19096  23.4%  12.5   90s
 736969 184613 infeasible   62      5135.61694 6326.62388  23.2%  12.5   95s
 771410 195201 5592.57954   75   11 5135.61694 6326.62388  23.2%  12.4  100s
 807227 206517 6121.15889   60   27 5135.61694 6326.62388  23.2%  12.4  105s
 843701 216880 6026.94787   73   26 5135.61694 6324.90979  23.2%  12.3  110s
 884168 226992 infeasible   64      5135.61694 6319.01382  23.0%  12.3  115s
 922902 234417 5915.75961   63   32 5135.61694 6311.96331  22.9%  12.3  120s
 961898 243283 5825.15280   68   17 5135.61694 6306.84430  22.8%  12.2  125s
 1002508 250098 5930.36534   67   24 5135.61694 6295.76898  22.6%  12.2  130s
 1032423 254992 5635.60938   65   30 5135.61694 6286.54155  22.4%  12.2  135s
 1071127 261311 5490.32817   62   34 5135.61694 6275.05856  22.2%  12.1  140s
 1110412 267624 6260.13068   62   26 5135.61694 6264.55793  22.0%  12.1  145s
 1143782 273368 5835.77301   76   18 5135.61694 6253.47534  21.8%  12.1  150s
 1180717 280603 5875.49389   73   20 5135.61694 6245.13509  21.6%  12.1  155s
 1220662 285483 infeasible   63      5135.61694 6232.03167  21.3%  12.1  160s
 1256960 290550 6213.20341   57   43 5135.61694 6220.34711  21.1%  12.1  165s
 1296148 296997     cutoff   63      5135.61694 6212.97671  21.0%  12.0  170s
 1328705 300702 5917.81609   62   33 5135.61694 6203.04634  20.8%  12.0  175s
 1368875 306149 6188.85593   63   33 5135.61694 6190.31954  20.5%  12.0  180s
 1407324 313316 5687.17070   70   35 5135.61694 6185.23921  20.4%  12.0  185s
 1446416 318056 infeasible   68      5135.61694 6174.76834  20.2%  12.0  190s
 1489512 325091 5770.57640   65   26 5135.61694 6168.80112  20.1%  12.0  195s
 1527337 331579 5769.22949   69   16 5135.61694 6160.94003  20.0%  11.9  200s
 1564810 339713 6118.29430   66   23 5135.61694 6160.94003  20.0%  11.8  205s
 1603048 347695 6038.33454   69   21 5135.61694 6158.51854  19.9%  11.8  210s
 1641987 352198 5752.95068   61   28 5135.61694 6147.86545  19.7%  11.8  215s
 1678050 356988 infeasible   72      5135.61694 6140.68265  19.6%  11.7  220s
 1718304 363365 infeasible   65      5135.61694 6132.46652  19.4%  11.7  225s
 1755770 371276 5681.87898   70   19 5135.61694 6132.46652  19.4%  11.7  230s
 1790393 378170 infeasible   66      5135.61694 6132.46652  19.4%  11.6  235s
 1833148 384439 6120.28196   60   30 5135.61694 6129.23953  19.3%  11.6  240s
 1876238 390261 infeasible   70      5135.61694 6123.89642  19.2%  11.6  245s
 1919218 395259 infeasible   67      5135.61694 6116.10374  19.1%  11.6  250s
 1949525 400944 6099.92716   66   29 5135.61694 6110.96096  19.0%  11.5  255s
 1991010 410384 5719.25043   66   22 5135.61694 6110.96096  19.0%  11.5  260s
 2029361 419789 infeasible   68      5135.61694 6110.96096  19.0%  11.5  265s
 2068243 428368 infeasible   64      5135.61694 6110.96096  19.0%  11.4  270s
 2104555 437128     cutoff   64      5135.61694 6110.96096  19.0%  11.4  275s
 2141142 445986 6084.48303   63   34 5135.61694 6110.96096  19.0%  11.4  280s
 2176296 452802 infeasible   73      5135.61694 6109.36859  19.0%  11.4  285s
 2215740 458433 5653.99367   69   27 5135.61694 6103.62405  18.8%  11.3  290s
 2249116 463940 6079.09652   58   27 5135.61694 6103.08701  18.8%  11.3  295s
 2282581 468467 6062.07237   67   25 5135.61694 6100.71773  18.8%  11.3  300s
 2314402 473033 5702.68097   62   24 5135.61694 6099.22887  18.8%  11.3  305s
 2351737 477127 infeasible   68      5135.61694 6094.88459  18.7%  11.3  310s
 2385331 480153 5418.88690   65   25 5135.61694 6088.27979  18.6%  11.3  315s
 2419520 486594 5457.35845   71   15 5135.61694 6086.66179  18.5%  11.2  320s
 2448597 491905 6074.16030   71   20 5135.61694 6086.66179  18.5%  11.2  325s
 2472567 497314     cutoff   77      5135.61694 6086.66179  18.5%  11.2  330s
 2503032 503550 infeasible   78      5135.61694 6086.66179  18.5%  11.2  335s
 2529852 509341 infeasible   75      5135.61694 6086.66179  18.5%  11.1  340s
 2560025 515825 infeasible   76      5135.61694 6086.66179  18.5%  11.1  345s
 2590803 522116 5212.60931   79    8 5135.61694 6086.50743  18.5%  11.1  350s
 2620950 527216 5677.04890   61   17 5135.61694 6085.39896  18.5%  11.1  355s
 2655741 532801 5899.03689   61   37 5135.61694 6082.67242  18.4%  11.1  360s
 2690318 541373 5716.98220   66   23 5135.61694 6081.58146  18.4%  11.0  365s
 2725742 551070 5578.95340   71   25 5135.61694 6081.58146  18.4%  11.0  370s
 2761459 560541 infeasible   69      5135.61694 6081.58146  18.4%  11.0  375s
 2799417 569344 5679.63248   69   21 5135.61694 6081.58146  18.4%  10.9  380s
 2832525 574363 5189.07903   74    5 5135.61694 6079.05173  18.4%  10.9  385s
 2862771 578488 infeasible   64      5135.61694 6079.05173  18.4%  10.9  390s
 2900502 583615 5596.14805   70   28 5135.61694 6077.56845  18.3%  10.9  395s
 2935936 588047 5577.44771   66   24 5135.61694 6073.11993  18.3%  10.9  400s
 2968788 592057 5813.14586   63   31 5135.61694 6070.75536  18.2%  10.9  405s
 3004534 595988 5452.27812   72   26 5135.61694 6068.09508  18.2%  10.9  410s
 3040062 599064 5592.81210   61   28 5135.61694 6063.76182  18.1%  10.9  415s
 3075554 603766 5644.78811   68   31 5135.61694 6060.02840  18.0%  10.9  420s
 3114165 607666 infeasible   67      5135.61694 6055.48983  17.9%  10.8  425s
 3150810 610843 5325.56010   74    4 5135.61694 6050.63113  17.8%  10.8  430s
 3185983 614437 infeasible   77      5135.61694 6048.99585  17.8%  10.8  435s
 3221205 617189 infeasible   63      5135.61694 6044.71002  17.7%  10.8  440s
 3258870 620286 5863.12493   70   18 5135.61694 6038.96205  17.6%  10.8  445s
 3290100 624509 infeasible   68      5135.61694 6038.57109  17.6%  10.8  450s
 3325666 628967 5623.65448   63   20 5135.61694 6037.90592  17.6%  10.8  455s
 3365104 633244 5638.59922   62   24 5135.61694 6035.55013  17.5%  10.8  460s
 3401921 635569 infeasible   66      5135.61694 6030.88702  17.4%  10.8  465s
 3432830 639584 6028.28860   71   26 5135.61694 6028.80877  17.4%  10.8  470s
 3468111 644932 5673.28526   71   16 5135.61694 6027.88471  17.4%  10.8  475s
 3500454 646821 6009.35078   71   21 5135.61694 6023.73260  17.3%  10.8  480s
 3533840 649034 5996.99876   64   28 5135.61694 6020.16810  17.2%  10.8  485s
 3569260 653113 infeasible   72      5135.61694 6016.90510  17.2%  10.8  490s
 3593814 656369 6016.90510   67   28 5135.61694 6016.90510  17.2%  10.8  495s
 3625520 661351 infeasible   67      5135.61694 6016.90510  17.2%  10.8  500s
 3661790 665881     cutoff   72      5135.61694 6014.97554  17.1%  10.8  505s
 3694341 669238 5619.41018   67   12 5135.61694 6011.12071  17.0%  10.7  510s
 3729087 672883 5597.26589   65   21 5135.61694 6010.64242  17.0%  10.7  515s
 3758719 675467 5205.23181   73   15 5135.61694 6009.19158  17.0%  10.7  520s
 3791448 680098 5666.02364   67   24 5135.61694 6009.19158  17.0%  10.7  525s
 3823484 684889 5798.15834   66   23 5135.61694 6009.19158  17.0%  10.7  530s
 3857649 689367 infeasible   66      5135.61694 6007.70273  17.0%  10.7  535s
 3889913 691278     cutoff   68      5135.61694 6004.49415  16.9%  10.7  540s
 3923714 692991 5679.63248   63   27 5135.61694 6000.10287  16.8%  10.7  545s
 3958343 694121 5739.31502   69   22 5135.61694 5995.85518  16.8%  10.7  550s
 3987987 699236 5363.46302   77   11 5135.61694 5995.13564  16.7%  10.7  555s
 4014534 704046 5734.39153   76   22 5135.61694 5995.13564  16.7%  10.7  560s
 4046894 709941 infeasible   67      5135.61694 5995.13564  16.7%  10.7  565s
 4075999 715217 infeasible   71      5135.61694 5995.13564  16.7%  10.7  570s
 4105668 720490 5915.52452   70   25 5135.61694 5995.13564  16.7%  10.7  575s
 4139207 725980 infeasible   79      5135.61694 5995.13564  16.7%  10.7  580s
 4169912 731119 5666.91336   68   19 5135.61694 5995.13564  16.7%  10.7  585s
 4203267 736890 infeasible   69      5135.61694 5995.13564  16.7%  10.7  590s
 4235228 742858 5995.13564   69   30 5135.61694 5995.13564  16.7%  10.7  595s
 4270822 748848 5657.43160   76   20 5135.61694 5995.13564  16.7%  10.6  600s
 4303464 754019     cutoff   73      5135.61694 5995.13564  16.7%  10.6  605s
 4335250 759112 5953.60632   75   28 5135.61694 5995.13564  16.7%  10.6  610s
 4367034 764655 infeasible   75      5135.61694 5995.13564  16.7%  10.6  615s
 4400489 770097 infeasible   76      5135.61694 5995.13564  16.7%  10.6  620s
 4429904 775072 5530.21362   56   26 5135.61694 5995.13564  16.7%  10.6  625s
 4465359 780841 infeasible   73      5135.61694 5995.13564  16.7%  10.6  630s
 4500856 787397     cutoff   62      5135.61694 5995.13564  16.7%  10.6  635s
 4534054 793470 5755.17356   61   23 5135.61694 5995.13564  16.7%  10.6  640s
 4566147 798759 infeasible   75      5135.61694 5995.13564  16.7%  10.6  645s
 4601654 805084 5995.13564   65   26 5135.61694 5995.13564  16.7%  10.6  650s
 4636996 811122 5732.40556   68   18 5135.61694 5995.13564  16.7%  10.6  655s
 4666260 816053 infeasible   66      5135.61694 5995.13564  16.7%  10.6  660s
 4698369 822146 infeasible   62      5135.61694 5995.13564  16.7%  10.6  665s
 4731211 827508 infeasible   73      5135.61694 5994.95969  16.7%  10.6  670s
 4764929 832042 5926.37796   67   23 5135.61694 5994.44906  16.7%  10.6  675s
 4797061 835598 infeasible   65      5135.61694 5993.43495  16.7%  10.6  680s
 4827088 838547 5988.75545   72   26 5135.61694 5991.90440  16.7%  10.6  685s
 4858751 841420 5971.87692   68   27 5135.61694 5989.79753  16.6%  10.6  690s
 4890120 843627 5479.28834   72   12 5135.61694 5988.05517  16.6%  10.6  695s
 4921826 847065 5520.15466   71   17 5135.61694 5987.52559  16.6%  10.6  700s
 4954503 851317 5915.23519   72   29 5135.61694 5987.52559  16.6%  10.6  705s
 4984562 855381 infeasible   70      5135.61694 5987.52559  16.6%  10.6  710s
 5015864 859863 infeasible   73      5135.61694 5987.52559  16.6%  10.6  715s
 5049251 862772 5455.37315   76   19 5135.61694 5986.01801  16.6%  10.5  720s
 5080250 865001 infeasible   68      5135.61694 5983.41085  16.5%  10.5  725s
 5111165 867310 5973.94016   69   28 5135.61694 5981.56389  16.5%  10.5  730s
 5137249 868685 infeasible   80      5135.61694 5979.87011  16.4%  10.5  735s
 5168246 871203 5941.74842   66   33 5135.61694 5979.87011  16.4%  10.5  740s
 5199633 873675 5456.79351   69   24 5135.61694 5978.95025  16.4%  10.5  745s
 5228419 876006 5601.25756   66   20 5135.61694 5977.44759  16.4%  10.5  750s
 5257576 880167 infeasible   69      5135.61694 5977.44759  16.4%  10.5  755s
 5293353 885054 5921.20599   65   26 5135.61694 5977.44759  16.4%  10.5  760s
 5326526 890578 5556.11443   63   17 5135.61694 5977.44759  16.4%  10.5  765s
 5361248 894137 infeasible   64      5135.61694 5976.85993  16.4%  10.5  770s
 5392279 895630 infeasible   69      5135.61694 5975.34351  16.4%  10.5  775s
 5425264 896986 5359.79029   61   27 5135.61694 5972.04634  16.3%  10.5  780s
 5458038 898393 5966.80669   69   28 5135.61694 5970.52310  16.3%  10.5  785s
 5491980 900420 infeasible   69      5135.61694 5967.79501  16.2%  10.5  790s
 5522262 901244 5872.85050   72   26 5135.61694 5965.39427  16.2%  10.5  795s
 5553228 901922 5673.04723   63   25 5135.61694 5962.59886  16.1%  10.5  800s
 5580907 902704 5603.71679   70   24 5135.61694 5960.12747  16.1%  10.5  805s
 5609750 903073 5743.44894   63   23 5135.61694 5956.68279  16.0%  10.5  810s
 5645262 904585 5885.34263   59   28 5135.61694 5955.19394  16.0%  10.5  815s
 5671735 904455 infeasible   63      5135.61694 5953.23927  15.9%  10.5  820s
 5698251 904492 infeasible   72      5135.61694 5951.25117  15.9%  10.5  825s
 5728965 904207     cutoff   80      5135.61694 5948.31338  15.8%  10.5  830s
 5756484 906936 5648.49674   66   20 5135.61694 5948.06808  15.8%  10.5  835s
 5785366 908592 5515.10488   66   14 5135.61694 5946.56731  15.8%  10.5  840s
 5808201 908962 infeasible   63      5135.61694 5944.51253  15.8%  10.5  845s
 5836872 908904 5603.42511   66   18 5135.61694 5941.74724  15.7%  10.5  850s
 5866736 909155 5745.55262   69   24 5135.61694 5938.91194  15.6%  10.5  855s
 5895047 908665 5609.66407   64   27 5135.61694 5936.30534  15.6%  10.5  860s
 5918278 909991 5673.01491   73   17 5135.61694 5934.91334  15.6%  10.5  865s
 5947693 913161 5482.07930   65   16 5135.61694 5934.91334  15.6%  10.5  870s
 5976844 916634 5243.67423   71   10 5135.61694 5934.91334  15.6%  10.5  875s
 6006707 918404 5694.90836   63   31 5135.61694 5933.77180  15.5%  10.5  880s
 6040030 925908 infeasible   80      5135.61694 5933.42449  15.5%  10.5  885s
 6072030 932804 infeasible   75      5135.61694 5933.42449  15.5%  10.5  890s
 6104011 935835 infeasible   73      5135.61694 5932.11081  15.5%  10.5  895s
 6133911 938102 5375.47016   69    7 5135.61694 5930.89476  15.5%  10.5  900s
 6163483 938657 infeasible   69      5135.61694 5929.28125  15.5%  10.5  905s
 6192647 939146     cutoff   69      5135.61694 5927.30329  15.4%  10.5  910s
 6220595 941365     cutoff   78      5135.61694 5926.43094  15.4%  10.5  915s
 6250566 946263 5685.89724   79   21 5135.61694 5926.43094  15.4%  10.5  920s
 6280043 949314     cutoff   61      5135.61694 5925.81443  15.4%  10.5  925s
 6310064 951706 5749.92688   64   18 5135.61694 5924.83442  15.4%  10.5  930s
 6341013 952527 5923.00698   61   32 5135.61694 5923.00698  15.3%  10.5  935s
 6371835 953009 5255.98479   70   14 5135.61694 5920.46583  15.3%  10.5  940s
 6380332 953231 infeasible   72      5135.61694 5919.40498  15.3%  10.5  948s
 6400034 953167 5563.91741   74   11 5135.61694 5919.05583  15.3%  10.5  950s
 6405766 954561 5641.63739   73   21 5135.61694 5918.82089  15.3%  10.5  959s
 6420781 954561 5494.21505   67   15 5135.61694 5918.75506  15.2%  10.5  960s
 6441193 955643 infeasible   75      5135.61694 5917.22528  15.2%  10.5  965s
 6465650 955911 5617.92132   59   27 5135.61694 5915.73643  15.2%  10.5  970s
 6487587 956261 infeasible   56      5135.61694 5913.40427  15.1%  10.5  975s
 6511062 959323 infeasible   77      5135.61694 5913.24735  15.1%  10.5  980s
 6531412 961141 5835.05355   67   20 5135.61694 5913.24735  15.1%  10.5  985s
 6551195 964137 5673.28526   65   12 5135.61694 5913.24735  15.1%  10.5  990s
 6574318 967243 infeasible   75      5135.61694 5913.24735  15.1%  10.5  995s
 6594623 969939 infeasible   72      5135.61694 5913.24735  15.1%  10.5 1000s
 6621084 973155 5875.05579   70   24 5135.61694 5913.24735  15.1%  10.5 1005s
 6644622 976084 5476.98395   78   17 5135.61694 5913.24735  15.1%  10.5 1010s
 6667158 978963 infeasible   68      5135.61694 5913.24735  15.1%  10.5 1015s
 6690282 981814 5913.24735   67   25 5135.61694 5913.24735  15.1%  10.5 1020s
 6715988 985548 5490.33459   76   10 5135.61694 5913.24735  15.1%  10.5 1025s
 6739341 988530 infeasible   75      5135.61694 5913.24735  15.1%  10.5 1030s
 6761992 991498 5716.36648   76   21 5135.61694 5913.24735  15.1%  10.5 1035s
 6784688 994542 5831.87853   72   17 5135.61694 5913.24735  15.1%  10.5 1040s
 6804289 997347 5869.34743   63   24 5135.61694 5913.24735  15.1%  10.5 1045s
 6826923 1000277 5432.32941   72   14 5135.61694 5913.24735  15.1%  10.5 1050s
 6849786 1003622 infeasible   76      5135.61694 5913.24735  15.1%  10.5 1055s
 6872752 1006463 5741.68484   69   25 5135.61694 5913.24735  15.1%  10.5 1060s
 6893911 1007349     cutoff   77      5135.61694 5912.29503  15.1%  10.5 1065s
 6916113 1008125 5837.20236   66   22 5135.61694 5911.16541  15.1%  10.5 1070s
 6937793 1008274 5380.92005   75    9 5135.61694 5909.77870  15.1%  10.5 1075s
 6958547 1009242 5601.03594   69   22 5135.61694 5908.23351  15.0%  10.5 1080s
 6980323 1009322 5785.46473   73   18 5135.61694 5907.07874  15.0%  10.5 1085s
 7001276 1008861 infeasible   71      5135.61694 5905.18984  15.0%  10.5 1090s
 7023293 1008700 5602.57117   67   27 5135.61694 5903.23068  14.9%  10.5 1095s
 7043639 1008747 5900.53475   69   31 5135.61694 5901.28625  14.9%  10.5 1100s
 7064925 1008595 5844.67454   68   22 5135.61694 5899.02491  14.9%  10.5 1105s
 7089966 1010979 infeasible   70      5135.61694 5897.72712  14.8%  10.5 1110s
 7113196 1012333 5834.39767   70   20 5135.61694 5897.18650  14.8%  10.5 1115s
 7133768 1014369 5529.75013   65   19 5135.61694 5895.55929  14.8%  10.5 1120s
 7153861 1016216 5357.78210   66    7 5135.61694 5895.55929  14.8%  10.5 1125s
 7174401 1018336 infeasible   69      5135.61694 5894.98419  14.8%  10.5 1130s
 7196766 1018573 5661.50004   66   26 5135.61694 5893.97417  14.8%  10.5 1135s
 7216759 1018531 5439.67039   69   14 5135.61694 5892.50443  14.7%  10.5 1140s
 7237185 1019211 5850.44571   66   20 5135.61694 5892.50443  14.7%  10.5 1145s
 7257932 1020048 infeasible   77      5135.61694 5892.50443  14.7%  10.4 1150s
 7277627 1020983 infeasible   68      5135.61694 5892.50443  14.7%  10.4 1155s
 7297523 1021846 5876.89458   75   20 5135.61694 5892.35007  14.7%  10.4 1160s
 7320072 1021906 infeasible   70      5135.61694 5891.27370  14.7%  10.4 1165s
 7340393 1022860 5531.66874   68   16 5135.61694 5889.75067  14.7%  10.4 1170s
 7363218 1023398 5481.65763   71   27 5135.61694 5887.42410  14.6%  10.4 1175s
 7385902 1025791     cutoff   69      5135.61694 5887.42410  14.6%  10.4 1180s
 7409706 1027202 5398.38998   74   13 5135.61694 5886.51252  14.6%  10.4 1185s
 7427317 1027371     cutoff   74      5135.61694 5885.17866  14.6%  10.4 1190s
 7446892 1026997 5718.58485   74   31 5135.61694 5884.68042  14.6%  10.4 1195s
 7463892 1026982 infeasible   78      5135.61694 5883.55140  14.6%  10.4 1200s
 7485865 1026126 infeasible   61      5135.61694 5881.64260  14.5%  10.4 1205s
 7504638 1025526 infeasible   75      5135.61694 5880.09441  14.5%  10.4 1210s
 7525284 1024688 5878.08561   63   35 5135.61694 5878.17786  14.5%  10.4 1215s
 7544306 1023912 5679.63248   73   19 5135.61694 5876.53555  14.4%  10.4 1220s
 7562130 1023875 infeasible   68      5135.61694 5874.73717  14.4%  10.4 1225s
 7583491 1024928 5550.33679   67   13 5135.61694 5873.78984  14.4%  10.4 1230s
 7606375 1027366 5873.78984   65   24 5135.61694 5873.78984  14.4%  10.4 1235s
 7629325 1030315 infeasible   64      5135.61694 5873.78984  14.4%  10.4 1240s
 7650647 1033947 5847.38186   72   22 5135.61694 5873.78984  14.4%  10.4 1245s
 7673939 1037801 infeasible   71      5135.61694 5873.78984  14.4%  10.4 1250s
 7696646 1041312 5229.81235   67   17 5135.61694 5873.78984  14.4%  10.4 1255s
 7714520 1042462 5873.04175   63   25 5135.61694 5873.04175  14.4%  10.4 1260s
 7733254 1042831     cutoff   65      5135.61694 5872.17489  14.3%  10.4 1265s
 7750401 1043496 5851.59205   73   21 5135.61694 5871.40184  14.3%  10.4 1270s
 7773570 1045704 infeasible   67      5135.61694 5870.99888  14.3%  10.4 1275s
 7793296 1047624 infeasible   70      5135.61694 5870.99888  14.3%  10.4 1280s
 7813225 1049505 5637.23613   68   23 5135.61694 5870.99888  14.3%  10.4 1285s
 7830375 1049582 5635.57479   74   26 5135.61694 5870.34589  14.3%  10.4 1290s
 7850928 1049696 infeasible   67      5135.61694 5868.47144  14.3%  10.4 1295s
 7868262 1049712 5581.33810   69   32 5135.61694 5867.03401  14.2%  10.4 1300s
 7887135 1050185 5694.95125   67   20 5135.61694 5866.20864  14.2%  10.4 1305s
 7906330 1051787 5850.69788   64   34 5135.61694 5865.62446  14.2%  10.4 1310s
 7928243 1052078 infeasible   78      5135.61694 5864.36859  14.2%  10.4 1315s
 7943640 1052296     cutoff   67      5135.61694 5863.22022  14.2%  10.4 1320s
 7963381 1052405     cutoff   69      5135.61694 5863.12493  14.2%  10.4 1325s
 7980227 1052749 infeasible   76      5135.61694 5862.77810  14.2%  10.4 1330s
 7995672 1052393 infeasible   66      5135.61694 5861.47366  14.1%  10.4 1335s
 8013742 1052143     cutoff   73      5135.61694 5860.03225  14.1%  10.4 1340s
 8032331 1052335 infeasible   64      5135.61694 5858.74043  14.1%  10.4 1345s
 8051924 1052255 5633.82775   67   15 5135.61694 5857.52152  14.1%  10.4 1350s
 8068963 1051256 infeasible   72      5135.61694 5855.89337  14.0%  10.4 1355s
 8089067 1050846 infeasible   60      5135.61694 5853.92106  14.0%  10.4 1360s
 8108558 1051013 infeasible   61      5135.61694 5852.51436  14.0%  10.4 1365s
 8128313 1050061     cutoff   67      5135.61694 5850.52400  13.9%  10.4 1370s
 8141088 1049565 infeasible   63      5135.61694 5849.64879  13.9%  10.4 1375s
 8161129 1048379 infeasible   74      5135.61694 5847.30514  13.9%  10.4 1380s
 8175993 1048159 infeasible   74      5135.61694 5845.73349  13.8%  10.4 1385s
 8195312 1048279 5766.56095   71   23 5135.61694 5844.72585  13.8%  10.4 1390s
 8213041 1049507 5604.40340   69   23 5135.61694 5844.36549  13.8%  10.4 1395s
 8232153 1049244 infeasible   71      5135.61694 5842.83422  13.8%  10.4 1400s
 8252422 1050345 infeasible   75      5135.61694 5841.61937  13.7%  10.4 1405s
H8259375 1051079                    5135.6169379 5841.61937  13.7%  10.4 1407s
 8269586 1052221 infeasible   71      5135.61694 5841.61937  13.7%  10.4 1410s
 8289581 1054632 5543.80427   64   19 5135.61694 5841.61937  13.7%  10.4 1415s
 8312463 1057426 infeasible   74      5135.61694 5841.61937  13.7%  10.4 1420s
 8331420 1059671 5435.85289   64   25 5135.61694 5841.61937  13.7%  10.4 1425s
 8350374 1060126 infeasible   71      5135.61694 5840.70773  13.7%  10.4 1430s
 8371470 1060759 5599.40653   64   24 5135.61694 5839.36862  13.7%  10.4 1435s
 8386444 1061984 5581.75912   60   21 5135.61694 5839.36862  13.7%  10.4 1440s
 8405512 1063754 5592.46459   61   19 5135.61694 5839.36862  13.7%  10.4 1445s
 8425860 1065139 5720.93011   67   29 5135.61694 5839.36862  13.7%  10.4 1450s
 8442861 1064928 5597.64811   65   34 5135.61694 5837.94531  13.7%  10.4 1455s
 8460208 1064797 infeasible   69      5135.61694 5837.20490  13.7%  10.4 1460s
 8477357 1064311 infeasible   72      5135.61694 5835.34465  13.6%  10.4 1465s
 8494371 1063647     cutoff   68      5135.61694 5833.63375  13.6%  10.4 1470s
 8510340 1062766     cutoff   70      5135.61694 5832.28213  13.6%  10.4 1475s
 8529387 1062055 5801.48169   74   28 5135.61694 5830.68410  13.5%  10.4 1480s
 8543502 1060926 5828.22095   67   25 5135.61694 5828.95111  13.5%  10.4 1485s
 8562430 1060587 5826.90111   69   20 5135.61694 5827.20180  13.5%  10.4 1490s
 8583401 1061367 infeasible   64      5135.61694 5826.80391  13.5%  10.4 1495s
 8598618 1060672 5760.41856   71   22 5135.61694 5825.33724  13.4%  10.4 1500s
 8617849 1059764 5678.89681   74   22 5135.61694 5824.13751  13.4%  10.4 1505s
 8634351 1058286 infeasible   70      5135.61694 5822.11720  13.4%  10.4 1510s
 8651277 1057698 5540.80094   70   21 5135.61694 5820.08155  13.3%  10.4 1515s
 8662544 1057180 5560.09628   67   35 5135.61694 5819.25802  13.3%  10.4 1520s
 8679579 1055684 5557.07307   63   21 5135.61694 5816.84651  13.3%  10.4 1525s
 8697942 1055096 5796.46442   69   33 5135.61694 5814.98598  13.2%  10.4 1530s
 8714460 1055660 5813.14586   65   27 5135.61694 5813.24582  13.2%  10.4 1535s
 8736003 1058985     cutoff   71      5135.61694 5813.14586  13.2%  10.4 1540s
 8756396 1061628 infeasible   74      5135.61694 5813.14586  13.2%  10.4 1545s
 8776011 1064314 infeasible   74      5135.61694 5813.14586  13.2%  10.4 1550s
 8799090 1067400 5418.07657   76   16 5135.61694 5813.14586  13.2%  10.4 1555s
 8815626 1069830 infeasible   69      5135.61694 5813.14586  13.2%  10.4 1560s
 8835598 1072563 5383.93524   69   12 5135.61694 5813.14586  13.2%  10.4 1565s
 8858694 1076120 5788.46661   66   26 5135.61694 5813.14586  13.2%  10.4 1570s
 8874936 1078490 infeasible   68      5135.61694 5813.14586  13.2%  10.4 1575s
 8891289 1080803 5771.14809   69   30 5135.61694 5813.14586  13.2%  10.4 1580s
 8911056 1083462 infeasible   71      5135.61694 5813.14586  13.2%  10.3 1585s
 8930528 1086092 5455.58705   79   23 5135.61694 5813.14586  13.2%  10.3 1590s
 8950142 1088906 5597.16908   78   15 5135.61694 5813.14586  13.2%  10.3 1595s
 8965565 1091024 5770.69758   71   24 5135.61694 5813.14586  13.2%  10.3 1600s
 8986341 1093966     cutoff   70      5135.61694 5813.14586  13.2%  10.3 1605s
 9005971 1096936 5583.50725   78   17 5135.61694 5813.14586  13.2%  10.3 1610s
 9026129 1099725 infeasible   81      5135.61694 5813.14586  13.2%  10.3 1615s
 9042759 1101978 5495.99855   72   22 5135.61694 5813.14586  13.2%  10.3 1620s
 9057615 1104117 5717.84633   76   24 5135.61694 5813.14586  13.2%  10.3 1625s
 9079035 1107000 infeasible   83      5135.61694 5813.14586  13.2%  10.3 1630s
 9095353 1109134 5790.78886   80   20 5135.61694 5813.14586  13.2%  10.3 1635s
 9115705 1111760 5519.63563   67   24 5135.61694 5813.14586  13.2%  10.3 1640s
 9134013 1114439 infeasible   74      5135.61694 5813.14586  13.2%  10.3 1645s
 9151246 1116697 5810.59744   68   28 5135.61694 5813.14586  13.2%  10.3 1650s
 9171058 1119104 5813.14586   69   18 5135.61694 5813.14586  13.2%  10.3 1655s
 9191246 1121619 5570.63535   72   21 5135.61694 5813.14586  13.2%  10.3 1660s
 9210985 1124217 5573.18377   85   20 5135.61694 5813.14586  13.2%  10.3 1665s
 9230344 1126718 5813.14586   82   24 5135.61694 5813.14586  13.2%  10.3 1670s
 9247049 1129176 infeasible   71      5135.61694 5813.14586  13.2%  10.3 1675s
 9265406 1131845 5797.88033   67   26 5135.61694 5813.14586  13.2%  10.3 1681s
 9281354 1134094 infeasible   76      5135.61694 5813.14586  13.2%  10.3 1685s
 9298416 1136351 5813.14586   61   29 5135.61694 5813.14586  13.2%  10.3 1690s
 9317660 1138820 infeasible   77      5135.61694 5813.14586  13.2%  10.3 1695s
 9334399 1140890 5482.22954   69   19 5135.61694 5813.14586  13.2%  10.3 1700s
 9348964 1143021 5561.78837   73   18 5135.61694 5813.14586  13.2%  10.3 1705s
 9369038 1145912 5813.14586   68   27 5135.61694 5813.14586  13.2%  10.3 1710s
 9388455 1148754 infeasible   82      5135.61694 5813.14586  13.2%  10.3 1715s
 9408153 1151559 5776.94862   61   26 5135.61694 5813.14586  13.2%  10.3 1720s
 9424363 1153592 5785.18683   71   31 5135.61694 5813.14586  13.2%  10.2 1725s
 9444069 1156463 5800.58053   76   23 5135.61694 5813.14586  13.2%  10.2 1731s
 9460907 1158319 5774.59607   70   21 5135.61694 5813.14586  13.2%  10.2 1735s
 9473831 1160153 5554.55689   75   17 5135.61694 5813.14586  13.2%  10.2 1740s
 9493882 1162935 5547.99184   85   12 5135.61694 5813.14586  13.2%  10.2 1745s
 9512342 1165472 5573.18377   69   17 5135.61694 5813.14586  13.2%  10.2 1750s
 9529096 1167813 5813.14586   70   21 5135.61694 5813.14586  13.2%  10.2 1755s
 9547716 1170493 5737.02604   73   21 5135.61694 5813.14586  13.2%  10.2 1760s
 9567302 1173571 5813.14586   67   28 5135.61694 5813.14586  13.2%  10.2 1765s
 9585112 1176106 5539.52987   66   19 5135.61694 5813.14586  13.2%  10.2 1770s
 9600955 1178308 5437.64592   73   24 5135.61694 5813.14586  13.2%  10.2 1775s
 9621094 1180970 5763.43087   65   29 5135.61694 5813.14586  13.2%  10.2 1780s
 9639881 1183523 infeasible   75      5135.61694 5813.14586  13.2%  10.2 1785s
 9654474 1185622 5813.14586   65   30 5135.61694 5813.14586  13.2%  10.2 1790s
 9674787 1188113 5813.14586   74   22 5135.61694 5813.14586  13.2%  10.2 1795s
 9694320 1190704 5599.91201   80   19 5135.61694 5813.14586  13.2%  10.2 1800s

Cutting planes:
  Learned: 1
  Gomory: 30
  Cover: 1
  MIR: 28
  Flow cover: 53

Explored 9695059 nodes (99120645 simplex iterations) in 1800.03 seconds (332.54 work units)
Thread count was 20 (of 20 available processors)

Solution count 10: 5135.62 5135.62 5117.02 ... 4422.85

Time limit reached
Best objective 5.135616937904e+03, best bound 5.813145860565e+03, gap 13.1927%
