04/29/2026 02:58:41 AM INFO mip_v1 - setup_solver_logging: ================================================================================
04/29/2026 02:58:41 AM INFO mip_v1 - setup_solver_logging: Logging started. Log file: D:\Project_Code\Paper\DP_LBBD_1\DP_lbbd\Algorithm\Results\mip_v1\small\exp_3f_25j_seed1\log\exp_3f_25j_seed1_running.log
04/29/2026 02:58:41 AM INFO mip_v1 - print: BigM calculated: 111.2
04/29/2026 02:58:41 AM INFO mip_v1 - print: Adding variables...
04/29/2026 02:58:41 AM INFO mip_v1 - print: Total variables: 6400
04/29/2026 02:58:41 AM INFO mip_v1 - print: Adding constraints...
04/29/2026 02:58:41 AM INFO mip_v1 - print: Total constraints: 12803
04/29/2026 02:58:41 AM INFO mip_v1 - print: Setting objective function...
04/29/2026 02:58:41 AM INFO mip_v1 - print: 
04/29/2026 02:58:41 AM INFO mip_v1 - print: ✓ Model LP written to: D:\Project_Code\Paper\DP_LBBD_1\DP_lbbd\Algorithm\MIP\production_model.lp
04/29/2026 02:58:41 AM INFO mip_v1 - print: 
04/29/2026 02:58:41 AM INFO mip_v1 - print: ============================================================
04/29/2026 02:58:41 AM INFO mip_v1 - print: Starting optimization...
04/29/2026 02:58:41 AM INFO mip_v1 - print: ============================================================
04/29/2026 02:58:41 AM INFO mip_v1 - print: Gurobi native log file: D:\Project_Code\Paper\DP_LBBD_1\DP_lbbd\Algorithm\Results\mip_v1\small\exp_3f_25j_seed1\log\exp_3f_25j_seed1_gurobi.log
04/29/2026 03:28:42 AM INFO mip_v1 - print: 
04/29/2026 03:28:42 AM INFO mip_v1 - print: ============================================================
04/29/2026 03:28:42 AM INFO mip_v1 - print: SOLUTION SUMMARY
04/29/2026 03:28:42 AM INFO mip_v1 - print: ============================================================
04/29/2026 03:28:42 AM INFO mip_v1 - print: ⚠ Time limit reached, best solution found:
04/29/2026 03:28:42 AM INFO mip_v1 - print: 
04/29/2026 03:28:42 AM INFO mip_v1 - print: Objective Value (Total Profit): 9099.81
04/29/2026 03:28:42 AM INFO mip_v1 - print: MIP Gap: 30.61%
04/29/2026 03:28:42 AM INFO mip_v1 - print: 
04/29/2026 03:28:42 AM INFO mip_v1 - print: 📋 Accepted Orders (12/25): [1, 5, 7, 8, 10, 12, 16, 19, 21, 23, 24, 25]
04/29/2026 03:28:42 AM INFO mip_v1 - print: 
04/29/2026 03:28:42 AM INFO mip_v1 - print: ------------------------------------------------------------
04/29/2026 03:28:42 AM INFO mip_v1 - print: ORDER ALLOCATION DETAILS
04/29/2026 03:28:42 AM INFO mip_v1 - print: ------------------------------------------------------------
04/29/2026 03:28:42 AM INFO mip_v1 - print: 
04/29/2026 03:28:42 AM INFO mip_v1 - print: Order 1 → Factory 3
04/29/2026 03:28:42 AM INFO mip_v1 - print:   Machine 1: completion time = 20.19
04/29/2026 03:28:42 AM INFO mip_v1 - print:   Machine 2: completion time = 32.87
04/29/2026 03:28:42 AM INFO mip_v1 - print:   Machine 3: completion time = 44.45
04/29/2026 03:28:42 AM INFO mip_v1 - print:   Delivery: 46.25 (Deadline: 49.00, Delay: 0.00)
04/29/2026 03:28:42 AM INFO mip_v1 - print: 
04/29/2026 03:28:42 AM INFO mip_v1 - print: Order 5 → Factory 2
04/29/2026 03:28:42 AM INFO mip_v1 - print:   Machine 1: completion time = 51.45
04/29/2026 03:28:42 AM INFO mip_v1 - print:   Machine 2: completion time = 64.92
04/29/2026 03:28:42 AM INFO mip_v1 - print:   Machine 3: completion time = 75.10
04/29/2026 03:28:42 AM INFO mip_v1 - print:   Delivery: 81.80 (Deadline: 80.50, Delay: 1.30)
04/29/2026 03:28:42 AM INFO mip_v1 - print: 
04/29/2026 03:28:42 AM INFO mip_v1 - print: Order 7 → Factory 2
04/29/2026 03:28:42 AM INFO mip_v1 - print:   Machine 1: completion time = 28.00
04/29/2026 03:28:42 AM INFO mip_v1 - print:   Machine 2: completion time = 41.42
04/29/2026 03:28:42 AM INFO mip_v1 - print:   Machine 3: completion time = 49.99
04/29/2026 03:28:42 AM INFO mip_v1 - print:   Delivery: 55.89 (Deadline: 64.30, Delay: 0.00)
04/29/2026 03:28:42 AM INFO mip_v1 - print: 
04/29/2026 03:28:42 AM INFO mip_v1 - print: Order 8 → Factory 1
04/29/2026 03:28:42 AM INFO mip_v1 - print:   Machine 1: completion time = 15.95
04/29/2026 03:28:42 AM INFO mip_v1 - print:   Machine 2: completion time = 28.70
04/29/2026 03:28:42 AM INFO mip_v1 - print:   Machine 3: completion time = 41.29
04/29/2026 03:28:42 AM INFO mip_v1 - print:   Machine 4: completion time = 53.17
04/29/2026 03:28:42 AM INFO mip_v1 - print:   Delivery: 58.27 (Deadline: 64.10, Delay: 0.00)
04/29/2026 03:28:42 AM INFO mip_v1 - print: 
04/29/2026 03:28:42 AM INFO mip_v1 - print: Order 10 → Factory 3
04/29/2026 03:28:42 AM INFO mip_v1 - print:   Machine 1: completion time = 13.59
04/29/2026 03:28:42 AM INFO mip_v1 - print:   Machine 2: completion time = 25.39
04/29/2026 03:28:42 AM INFO mip_v1 - print:   Machine 3: completion time = 37.36
04/29/2026 03:28:42 AM INFO mip_v1 - print:   Delivery: 38.76 (Deadline: 54.10, Delay: 0.00)
04/29/2026 03:28:42 AM INFO mip_v1 - print: 
04/29/2026 03:28:42 AM INFO mip_v1 - print: Order 12 → Factory 1
04/29/2026 03:28:42 AM INFO mip_v1 - print:   Machine 1: completion time = 41.66
04/29/2026 03:28:42 AM INFO mip_v1 - print:   Machine 2: completion time = 60.00
04/29/2026 03:28:42 AM INFO mip_v1 - print:   Machine 3: completion time = 75.75
04/29/2026 03:28:42 AM INFO mip_v1 - print:   Machine 4: completion time = 92.80
04/29/2026 03:28:42 AM INFO mip_v1 - print:   Delivery: 98.40 (Deadline: 98.40, Delay: 0.00)
04/29/2026 03:28:42 AM INFO mip_v1 - print: 
04/29/2026 03:28:42 AM INFO mip_v1 - print: Order 16 → Factory 3
04/29/2026 03:28:42 AM INFO mip_v1 - print:   Machine 1: completion time = 29.20
04/29/2026 03:28:42 AM INFO mip_v1 - print:   Machine 2: completion time = 42.18
04/29/2026 03:28:42 AM INFO mip_v1 - print:   Machine 3: completion time = 54.50
04/29/2026 03:28:42 AM INFO mip_v1 - print:   Delivery: 57.00 (Deadline: 72.30, Delay: 0.00)
04/29/2026 03:28:42 AM INFO mip_v1 - print: 
04/29/2026 03:28:42 AM INFO mip_v1 - print: Order 19 → Factory 3
04/29/2026 03:28:42 AM INFO mip_v1 - print:   Machine 1: completion time = 54.78
04/29/2026 03:28:42 AM INFO mip_v1 - print:   Machine 2: completion time = 67.65
04/29/2026 03:28:42 AM INFO mip_v1 - print:   Machine 3: completion time = 80.20
04/29/2026 03:28:42 AM INFO mip_v1 - print:   Delivery: 81.50 (Deadline: 81.50, Delay: 0.00)
04/29/2026 03:28:42 AM INFO mip_v1 - print: 
04/29/2026 03:28:42 AM INFO mip_v1 - print: Order 21 → Factory 3
04/29/2026 03:28:42 AM INFO mip_v1 - print:   Machine 1: completion time = 39.71
04/29/2026 03:28:42 AM INFO mip_v1 - print:   Machine 2: completion time = 53.47
04/29/2026 03:28:42 AM INFO mip_v1 - print:   Machine 3: completion time = 66.28
04/29/2026 03:28:42 AM INFO mip_v1 - print:   Delivery: 71.28 (Deadline: 82.50, Delay: 0.00)
04/29/2026 03:28:42 AM INFO mip_v1 - print: 
04/29/2026 03:28:42 AM INFO mip_v1 - print: Order 23 → Factory 1
04/29/2026 03:28:42 AM INFO mip_v1 - print:   Machine 1: completion time = 27.52
04/29/2026 03:28:42 AM INFO mip_v1 - print:   Machine 2: completion time = 43.14
04/29/2026 03:28:42 AM INFO mip_v1 - print:   Machine 3: completion time = 56.61
04/29/2026 03:28:42 AM INFO mip_v1 - print:   Machine 4: completion time = 69.58
04/29/2026 03:28:42 AM INFO mip_v1 - print:   Delivery: 75.48 (Deadline: 81.70, Delay: 0.00)
04/29/2026 03:28:42 AM INFO mip_v1 - print: 
04/29/2026 03:28:42 AM INFO mip_v1 - print: Order 24 → Factory 2
04/29/2026 03:28:42 AM INFO mip_v1 - print:   Machine 1: completion time = 18.16
04/29/2026 03:28:42 AM INFO mip_v1 - print:   Machine 2: completion time = 31.44
04/29/2026 03:28:42 AM INFO mip_v1 - print:   Machine 3: completion time = 42.00
04/29/2026 03:28:42 AM INFO mip_v1 - print:   Delivery: 50.50 (Deadline: 57.50, Delay: 0.00)
04/29/2026 03:28:42 AM INFO mip_v1 - print: 
04/29/2026 03:28:42 AM INFO mip_v1 - print: Order 25 → Factory 2
04/29/2026 03:28:42 AM INFO mip_v1 - print:   Machine 1: completion time = 38.32
04/29/2026 03:28:42 AM INFO mip_v1 - print:   Machine 2: completion time = 51.45
04/29/2026 03:28:42 AM INFO mip_v1 - print:   Machine 3: completion time = 59.71
04/29/2026 03:28:42 AM INFO mip_v1 - print:   Delivery: 67.11 (Deadline: 77.00, Delay: 0.00)
04/29/2026 03:28:42 AM INFO mip_v1 - print: 
04/29/2026 03:28:42 AM INFO mip_v1 - print: ------------------------------------------------------------
04/29/2026 03:28:42 AM INFO mip_v1 - print: COST BREAKDOWN
04/29/2026 03:28:42 AM INFO mip_v1 - print: ------------------------------------------------------------
04/29/2026 03:28:42 AM INFO mip_v1 - print: Total Revenue:          +    20762.00
04/29/2026 03:28:42 AM INFO mip_v1 - print: Production Cost:        -     8265.36
04/29/2026 03:28:42 AM INFO mip_v1 - print: Transport Cost:         -     3321.50
04/29/2026 03:28:42 AM INFO mip_v1 - print: Delay Penalty:          -       75.33
04/29/2026 03:28:42 AM INFO mip_v1 - print: ------------------------------------------------------------
04/29/2026 03:28:42 AM INFO mip_v1 - print: Total Profit:           =     9099.81
