
Gurobi 10.0.1 (win64) logging started Sat Apr 25 19:55:02 2026

Set parameter LogFile to value "D:\Project_Code\Paper\DP_LBBD_1\DP_lbbd\Algorithm\Results\mip_v1\large\exp_7f_55j_seed3\log\exp_7f_55j_seed3_gurobi.log"
Set parameter LogToConsole to value 0
Gurobi Optimizer version 10.0.1 build v10.0.1rc0 (win64)

CPU model: Intel(R) Core(TM) Ultra 7 265KF, instruction set [SSE2|AVX|AVX2]
Thread count: 20 physical cores, 20 logical processors, using up to 20 threads

Optimize a model with 152491 rows, 76175 columns and 752187 nonzeros
Model fingerprint: 0xe0fe9d3c
Variable types: 1485 continuous, 74690 integer (74690 binary)
Coefficient statistics:
  Matrix range     [1e+00, 1e+02]
  Objective range  [1e+01, 2e+03]
  Bounds range     [1e+00, 1e+02]
  RHS range        [1e+00, 4e+02]
Found heuristic solution: objective -0.0000000
Presolve removed 95485 rows and 47617 columns
Presolve time: 0.88s
Presolved: 57006 rows, 28558 columns, 279208 nonzeros
Variable types: 941 continuous, 27617 integer (27617 binary)

Deterministic concurrent LP optimizer: primal and dual simplex (primal and dual model)
Showing first log only...

Root relaxation presolved: 57006 rows, 28558 columns, 279208 nonzeros

Concurrent spin time: 0.03s

Solved with dual simplex (dual model)

Root relaxation: objective 2.612257e+04, 3309 iterations, 0.27 seconds (0.35 work units)

    Nodes    |    Current Node    |     Objective Bounds      |     Work
 Expl Unexpl |  Obj  Depth IntInf | Incumbent    BestBd   Gap | It/Node Time

     0     0 26122.5681    0  502   -0.00000 26122.5681      -     -    2s
H    0     0                    10792.620042 26122.5681   142%     -    2s
     0     0 26122.5681    0  484 10792.6200 26122.5681   142%     -    4s
H    0     0                    11071.329639 26122.5681   136%     -    4s
H    0     0                    13906.005751 26122.5681  87.9%     -    7s
H    0     0                    14268.148009 26122.5681  83.1%     -    7s
     0     0 26122.5681    0  478 14268.1480 26122.5681  83.1%     -    7s
     0     0 26122.5681    0  504 14268.1480 26122.5681  83.1%     -    8s
     0     0 26122.5681    0  482 14268.1480 26122.5681  83.1%     -    8s
     0     0 26122.5681    0  492 14268.1480 26122.5681  83.1%     -    9s
     0     0 26122.5681    0  544 14268.1480 26122.5681  83.1%     -    9s
     0     0 26122.5681    0  547 14268.1480 26122.5681  83.1%     -   10s
     0     0 26122.5681    0  514 14268.1480 26122.5681  83.1%     -   10s
     0     0 26122.5681    0  532 14268.1480 26122.5681  83.1%     -   11s
     0     0 26122.5681    0  491 14268.1480 26122.5681  83.1%     -   11s
     0     0 26122.5681    0  530 14268.1480 26122.5681  83.1%     -   12s
     0     0 26122.5681    0  526 14268.1480 26122.5681  83.1%     -   12s
     0     2 26122.5681    0  482 14268.1480 26122.5681  83.1%     -   13s
    31    52 25980.5566    5  515 14268.1480 26122.5681  83.1%  1602   15s
H   51    72                    14673.603194 26122.5681  78.0%  1286   23s
H   52    72                    15105.513999 26122.5681  72.9%  1298   23s
H   54    72                    15592.012303 26122.5681  67.5%  1317   23s
    91   110 25980.5566    7  584 15592.0123 26122.5681  67.5%  1029   25s
H   94   110                    15913.303176 26122.5681  64.2%  1002   25s
H  276   289                    16070.337290 26122.5681  62.6%   523   30s
   417   423 25757.8298   17  518 16070.3373 26122.5681  62.6%   414   35s
H  519   505                    16070.337292 26122.5681  62.6%   373   37s
   713   720 25757.8298   28  490 16070.3373 26122.5681  62.6%   323   41s
   780   793 25757.8298   29  474 16070.3373 26122.5681  62.6%   305   48s
   863   861 25757.8298   32  458 16070.3373 26122.5681  62.6%   286   50s
  1283  1238 25427.7623   47  475 16070.3373 26122.5681  62.6%   244   55s
  1861  1810 25159.9115   64  467 16070.3373 26122.5681  62.6%   199   60s
  2610  2484 infeasible   85      16070.3373 26122.5681  62.6%   166   66s
  3291  3134 23808.6634  102  409 16070.3373 26122.5681  62.6%   147   70s
* 3922  3597             234    16540.786821 26122.5681  57.9%   134   74s
  4092  3857 22299.9424  137  306 16540.7868 26122.5681  57.9%   131   75s
  5054  4673 20972.3708  169  240 16540.7868 26122.5681  57.9%   118   81s
  5705  5214 26122.5681    6  455 16540.7868 26122.5681  57.9%   112   85s
  6049  5215 22762.6787  127  526 16540.7868 26122.5681  57.9%   109   92s
  6051  5216 17905.6790  195  656 16540.7868 26122.5681  57.9%   109  104s
  6053  5218 24572.0312   50  553 16540.7868 26122.5681  57.9%   109  106s
  6058  5222 20318.1739  182  343 16540.7868 26122.5681  57.9%   110  112s
  6062  5225 20733.4797  149  265 16540.7868 26122.5681  57.9%   110  115s
  6072  5232 23233.7563   84  324 16540.7868 26066.1877  57.6%   110  120s
  6087  5242 19163.2212  110  301 16540.7868 26004.4897  57.2%   109  125s
  6104  5253 24793.2344   38  312 16540.7868 25991.8490  57.1%   109  130s
  6119  5263 25071.3499   37  332 16540.7868 25979.6964  57.1%   109  135s
  6133  5272 21299.0324  106  356 16540.7868 25964.3965  57.0%   109  140s
H 6133  5007                    16630.143046 25964.3965  56.1%   109  142s
H 6135  4757                    16630.279777 25963.0558  56.1%   108  143s
H 6135  4518                    16686.053255 25963.0558  55.6%   108  143s
H 6137  4291                    16921.276939 25963.0117  53.4%   108  143s
H 6137  4075                    17145.453730 25963.0115  51.4%   108  144s
H 6138  3871                    17373.536729 25963.0115  49.4%   108  145s
H 6138  3676                    17515.743644 25963.0115  48.2%   108  145s
  6139  3676 20371.9681   65  309 17515.7436 25960.0506  48.2%   108  153s
H 6139  3491                    17741.622693 25960.0506  46.3%   108  158s
H 6139  3315                    18100.697448 25960.0506  43.4%   108  158s
H 6139  3148                    18433.129977 25960.0506  40.8%   108  158s
H 6139  2989                    18481.280872 25960.0506  40.5%   108  158s
  6144  2993 19893.3716  118  360 18481.2809 25959.3248  40.5%   108  160s
  6152  2998 25641.8776   25  362 18481.2809 25957.4449  40.5%   108  165s
  6162  3005 20733.4797  149  313 18481.2809 25949.7396  40.4%   108  171s
  6168  3009 18484.3638  179  345 18481.2809 25948.4095  40.4%   108  175s
  6175  3013 22657.6254  128  363 18481.2809 25945.7242  40.4%   108  180s
  6186  3021 18481.2809  148  386 18481.2809 25942.4909  40.4%   108  185s
  6192  3025 25232.1861   75  360 18481.2809 25941.1507  40.4%   107  190s
  6198  3029 18481.2809  193  370 18481.2809 25940.3145  40.4%   107  195s
  6207  3035 18481.2809  181  357 18481.2809 25934.8733  40.3%   107  200s
  6216  3041 21594.7121   93  398 18481.2809 25931.1956  40.3%   107  205s
  6226  3047 25731.1500   26  353 18481.2809 25929.5056  40.3%   107  211s
  6232  3051 24871.7471   58  389 18481.2809 25928.9827  40.3%   107  215s
  6240  3058 20796.1097   72  343 18481.2809 25928.9825  40.3%   152  223s
  6241  3059 20371.4325  151  252 18481.2809 25928.9825  40.3%   152  225s
  6262  3073 20733.4797  149  309 18481.2809 25925.8125  40.3%   151  230s
  6274  3081 20534.6866   90  318 18481.2809 25924.7680  40.3%   151  235s
H 6275  2927                    18505.424911 25924.7286  40.1%   151  236s
  6286  2934 18505.4249  148  357 18505.4249 25924.4966  40.1%   151  240s
  6295  2940 24057.1756   58  345 18505.4249 25923.4407  40.1%   150  246s
H 6297  2793                    18588.019254 25923.3483  39.5%   150  248s
  6304  2798 24793.2344   38  362 18588.0193 25923.0442  39.5%   150  250s
  6314  2805 25859.4316   15  370 18588.0193 25922.6364  39.5%   150  255s
H 6314  2663                    18644.480343 25922.6364  39.0%   150  256s
  6323  2669 23728.3003   81  344 18644.4803 25922.1467  39.0%   150  260s
  6333  2675 21299.0324  106  392 18644.4803 25921.7382  39.0%   150  265s
  6340  2680 20796.1097   72  325 18644.4803 25921.6201  39.0%   149  270s
  6355  2690 25795.4949   13  366 18644.4803 25921.2422  39.0%   149  275s
  6373  2702 23495.9338  105  370 18644.4803 25920.7281  39.0%   149  280s
H 6386  2573                    18652.115942 25920.0021  39.0%   148  284s
  6392  2577 25232.1861   75  374 18652.1159 25919.3380  39.0%   148  285s
H 6399  2449                    18690.290040 25919.2318  38.7%   148  287s
  6407  2455 18690.2900  181  374 18690.2900 25918.4974  38.7%   148  290s
  6420  2463 18690.2900  126  427 18690.2900 25917.0975  38.7%   148  295s
  6431  2471 21946.2053  141  339 18690.2900 25916.3042  38.7%   147  300s
  6442  2478 24633.0423   21  382 18690.2900 25916.1014  38.7%   147  305s
  6458  2489 20318.1739  182  407 18690.2900 25915.8126  38.7%   147  310s
  6469  2496 22323.8980   45  451 18690.2900 25915.4268  38.7%   146  315s
  6489  2509 18690.2900  142  453 18690.2900 25914.9859  38.7%   146  320s
  6491  2511 19343.5307  159  416 18690.2900 25914.9466  38.7%   146  326s
  6502  2518 24859.2972   32  392 18690.2900 25914.3864  38.7%   146  330s
  6511  2525 21127.4592  158  343 18690.2900 25914.3142  38.7%   196  338s
  6512  2526 25914.3142   19  300 18690.2900 25914.3142  38.7%   196  340s
  6525  2535 20530.8351  122  347 18690.2900 25914.2350  38.7%   195  345s
  6544  2547 19893.3716  118  339 18690.2900 25913.9131  38.6%   195  350s
  6554  2554 22814.3456   90  361 18690.2900 25913.3943  38.6%   194  355s
  6561  2559 18690.2900  131  397 18690.2900 25913.3216  38.6%   194  361s
  6570  2565 24638.3866   36  376 18690.2900 25913.0027  38.6%   194  365s
H 6576  2439                    18960.127785 25912.8586  36.7%   194  369s
H 6577  2316                    18992.924152 25912.8586  36.4%   194  371s
  6588  2324 25659.5458   30  392 18992.9242 25912.6886  36.4%   193  377s
  6593  2327 21574.9176  151  407 18992.9242 25912.5258  36.4%   193  380s
  6604  2334 24793.2344   38  390 18992.9242 25912.4397  36.4%   193  385s
H 6609  2219                    19135.061147 25912.3882  35.4%   193  386s
H 6613  2108                    19135.514305 25912.3512  35.4%   193  388s
  6616  2110 21594.7121   93  371 19135.5143 25912.3004  35.4%   193  390s
  6631  2120 21946.2053  141  409 19135.5143 25912.0594  35.4%   192  395s
  6638  2125 24057.1756   58  371 19135.5143 25912.0422  35.4%   192  400s
  6643  2129 21091.2310  104  343 19135.5143 25912.0422  35.4%   214  406s
  6656  2138 22583.8919   99  277 19135.5143 25912.0422  35.4%   213  410s
  6668  2146 19135.5143  179  339 19135.5143 25911.9341  35.4%   213  415s
  6694  2163 25222.7007   27  351 19135.5143 25910.6297  35.4%   212  420s
  6716  2178 21594.7121   93  344 19135.5143 25910.2015  35.4%   212  425s
  6732  2189 24871.7471   58  348 19135.5143 25909.7523  35.4%   211  430s
  6747  2199 20051.8165  121  318 19135.5143 25908.6979  35.4%   211  435s
  6757  2207 24790.4649   42  526 19135.5143 25908.6700  35.4%   224  441s
  6759  2208 24292.3036   45  343 19135.5143 25908.6700  35.4%   224  446s
  6771  2216 24292.3036   47  242 19135.5143 25908.6700  35.4%   223  450s
  6787  2227 19163.2212  110  316 19135.5143 25908.5308  35.4%   223  455s
  6799  2236 24023.1624   98  343 19135.5143 25908.4960  35.4%   226  466s
  6812  2245 25908.4925   19  321 19135.5143 25908.4925  35.4%   226  470s
  6825  2254 20530.8351  122  344 19135.5143 25908.4580  35.4%   225  475s
  6835  2261 25693.8766   40  343 19135.5143 25908.4302  35.4%   229  485s
  6851  2272 19135.5143  195  292 19135.5143 25908.4300  35.4%   229  490s
  6863  2280 21798.2047   91  354 19135.5143 25908.3999  35.4%   228  495s
  6869  2285 22323.8980   45  343 19135.5143 25908.3992  35.4%   232  504s
  6870  2286 24638.3866   36  271 19135.5143 25908.3992  35.4%   232  506s
  6886  2297 19135.5143  148  311 19135.5143 25908.3985  35.4%   231  510s
  6899  2307 24023.1624   98  526 19135.5143 25908.3945  35.4%   234  515s
  6901  2308 22642.2646   69  343 19135.5143 25908.3945  35.4%   234  522s
  6914  2317 25859.4316   15  272 19135.5143 25908.3945  35.4%   234  525s
  6924  2324 23819.8409   94  325 19135.5143 25908.3926  35.4%   233  530s
  6937  2333 24270.5595   40  343 19135.5143 25908.3832  35.4%   237  542s
  6950  2342 25834.9083   31  258 19135.5143 25908.3832  35.4%   236  546s
  6960  2349 25343.8794   37  312 19135.5143 25908.3472  35.4%   236  550s
  6971  2357 24292.3036   47  526 19135.5143 25908.3194  35.4%   239  555s
  6973  2358 23495.9338  105  343 19135.5143 25908.3194  35.4%   239  562s
  6981  2364 19135.5143  162  239 19135.5143 25908.3194  35.4%   239  565s
  6990  2370 25205.3732   47  314 19135.5143 25908.3141  35.4%   238  570s
  7002  2379 24859.2972   32  526 19135.5143 25908.3059  35.4%   241  576s
  7004  2380 24793.2344   38  343 19135.5143 25908.3059  35.4%   241  583s
  7005  2381 23410.1969   73  228 19135.5143 25908.3059  35.4%   241  585s
  7024  2394 23819.8409   94  320 19135.5143 25908.3033  35.4%   241  590s
  7034  2400 19135.5143  152  300 19135.5143 25908.3031  35.4%   240  595s
  7041  2406 20371.4325  151  343 19135.5143 25908.3031  35.4%   244  607s
  7054  2415 22814.3456   90  277 19135.5143 25908.3031  35.4%   244  610s
  7062  2420 20733.4797  149  300 19135.5143 25908.3031  35.4%   244  615s
  7072  2427 23233.7563   84  291 19135.5143 25908.3031  35.4%   243  620s
  7074  2431 25892.5163  167  247 19135.5143 25900.3533  35.4%   247  625s
H 7297  2462                    19135.514306 25898.5886  35.3%   257  629s
  7303  2493 25717.3924  176  314 19135.5143 25898.5886  35.3%   257  630s
  7581  2679 25427.6325  183  299 19135.5143 25898.5886  35.3%   254  635s
  8273  3024 23859.0349  203  205 19135.5143 25898.5886  35.3%   246  640s
  8707  3217 22901.0842  219  179 19135.5143 25898.5886  35.3%   244  652s
  8871  3325 21216.1739  223  170 19135.5143 25898.5886  35.3%   242  656s
  9357  3619 19948.3154  239  146 19135.5143 25898.5886  35.3%   234  662s
  9581  3870 infeasible  243      19135.5143 25898.1521  35.3%   231  665s
 10410  4041 24035.6445  192  254 19135.5143 25898.1521  35.3%   220  672s
 10685  4347 22886.3677  205  198 19135.5143 25898.1521  35.3%   216  675s
 11526  4793 25841.0209  172  349 19135.5143 25896.8024  35.3%   206  681s
 12313  5217 25511.6745  194  277 19135.5143 25896.8024  35.3%   199  685s
 13250  5723 24695.0940  212  235 19135.5143 25896.8024  35.3%   190  690s
 13729  5931 23817.9656  216  221 19135.5143 25896.8024  35.3%   186  705s
 14659  6440 22664.3984  245  150 19135.5143 25896.8024  35.3%   181  711s
 15599  7529 21507.1072  259  164 19135.5143 25896.8024  35.3%   174  717s
 16236  8245 21375.8057  279  153 19135.5143 25896.8024  35.3%   171  720s
 17015  9125 20800.1576  296  114 19135.5143 25896.8024  35.3%   166  725s
 18902 10044 25896.7261  175  346 19135.5143 25896.7283  35.3%   154  733s
 19157 10727 25895.2374  176  335 19135.5143 25896.7283  35.3%   153  737s
 20051 11501 25886.9223  184  369 19135.5143 25896.7283  35.3%   149  742s
 20974 11523 25848.8490  188  306 19135.5143 25896.7283  35.3%   146  747s
 21004 12138 25848.8490  189  318 19135.5143 25896.7283  35.3%   146  752s
 21880 12979 24347.7791  203  272 19135.5143 25896.7283  35.3%   143  756s
 22896 14419 23075.7082  221  197 19135.5143 25896.7283  35.3%   140  766s
 24826 15058 24711.4571  194  222 19135.5143 25896.7283  35.3%   136  770s
 25734 15351 19511.9937  251  154 19135.5143 25896.7283  35.3%   134  775s
 26120 16235 infeasible  263      19135.5143 25896.7252  35.3%   133  780s
 27230 16769 25366.3988  196  247 19135.5143 25896.6794  35.3%   131  785s
 28349 17808 25893.4271  179  357 19135.5143 25896.6410  35.3%   129  791s
 29560 18487 23107.9673  208  199 19135.5143 25896.6314  35.3%   127  797s
 30499 19583 25896.4761  183  355 19135.5143 25896.5166  35.3%   126  803s
 31895 20710 21763.9889  230  167 19135.5143 25896.5162  35.3%   123  810s
 33325 21882 24072.4476  212  188 19135.5143 25896.5160  35.3%   121  818s
 34839 22649 25894.1373  188  354 19135.5143 25896.5026  35.3%   119  825s
 35775 24036 22773.4827  214  151 19135.5143 25896.4761  35.3%   118  833s
 37376 25581 23641.9314  206  181 19135.5143 25896.4269  35.3%   116  841s
 39244 26990 25358.2114  191  282 19135.5143 25896.2300  35.3%   114  850s
 41075 28353 25759.8487  194  293 19135.5143 25896.0933  35.3%   111  858s
 42885 29340 24889.2814  198  224 19135.5143 25896.0661  35.3%   110  867s
 44218 30408 25872.7302  190  301 19135.5143 25896.0622  35.3%   109  876s
 45654 32040 25071.9199  204  213 19135.5143 25896.0151  35.3%   108  886s
 47920 32041 20847.0299  313  526 19135.5143 25895.8875  35.3%   106 1380s
 47922 32042 22553.8959  202  343 19135.5143 25895.8875  35.3%   106 1391s
 47923 32043 22743.6148  248  325 19135.5143 25895.8875  35.3%   106 1400s
 47933 32050 21327.8174  239  333 19135.5143 25895.8875  35.3%   106 1408s
 47936 32052 20505.9034  226  317 19135.5143 25895.8875  35.3%   106 1414s
 47937 32052 22254.3359  239  330 19135.5143 25895.8875  35.3%   106 1436s
 47939 32054 23999.7155  244  331 19135.5143 25895.8875  35.3%   106 1448s
 47940 32054 21122.4770  230  340 19135.5143 25895.8875  35.3%   106 1460s
 47943 32056 22980.7651  252  338 19135.5143 25895.8875  35.3%   106 1469s
 47944 32057 20358.9490  286  340 19135.5143 25895.8875  35.3%   106 1481s
 47948 32060 22601.5461  225  367 19135.5143 25895.8875  35.3%   106 1491s
 47949 32060 21981.7570  243  346 19135.5143 25895.8875  35.3%   106 1502s
 47950 32061 21894.6198  206  367 19135.5143 25895.8875  35.3%   106 1513s
 47951 32062 20704.3446  278  343 19135.5143 25895.8875  35.3%   106 1524s
 47952 32062 25662.3706  177  391 19135.5143 25895.8875  35.3%   106 1535s
 47953 32063 20458.8995  246  343 19135.5143 25895.8875  35.3%   106 1543s
 47955 32064 20361.4627  307  369 19135.5143 25895.8875  35.3%   106 1553s
 47956 32065 25713.6000  190  337 19135.5143 25895.8875  35.3%   106 1562s
 47960 32068 21700.1690  232  377 19135.5143 25895.8875  35.3%   106 1572s
H47960 30463                    19157.138135 25895.8875  35.2%   106 1579s
H47961 28940                    19187.326901 25895.8875  35.0%   106 1589s
 47963 28942 24940.0626  198  346 19187.3269 25895.8875  35.0%   106 1598s
 47965 28943 25004.6173  204  401 19187.3269 25895.8875  35.0%   106 1608s
H47965 27495                    19203.480561 25895.8875  34.8%   106 1619s
 47967 27496 21567.6049  262  380 19203.4806 25895.8875  34.8%   106 1630s
 47968 27497 20874.4793  280  383 19203.4806 25895.8875  34.8%   106 1640s
 47969 27498 21852.9565  245  407 19203.4806 25895.8875  34.8%   106 1652s
 47970 27498 25322.1700  199  339 19203.4806 25895.8875  34.8%   106 1664s
 47971 27499 22867.2185  224  376 19203.4806 25895.8875  34.8%   106 1676s
 47972 27500 19432.4169  316  357 19203.4806 25895.8875  34.8%   106 1687s
 47973 27500 23282.8023  219  385 19203.4806 25895.8875  34.8%   106 1699s
 47974 27501 20368.4145  247  360 19203.4806 25895.8875  34.8%   106 1709s
 47975 27502 19830.5872  302  417 19203.4806 25895.8875  34.8%   106 1710s
 47976 27502 21172.2854  241  396 19203.4806 25895.8875  34.8%   106 1721s
 47977 27503 25707.8465  193  342 19203.4806 25895.8875  34.8%   106 1733s
 47978 27504 23039.1132  213  380 19203.4806 25895.8875  34.8%   106 1745s
 47979 27504 19477.5634  252  345 19203.4806 25895.8875  34.8%   106 1760s
 47980 27505 20857.9092  262  388 19203.4806 25895.8875  34.8%   106 1773s
 47981 27506 24751.8880  199  362 19203.4806 25895.8875  34.8%   106 1786s
 47982 27506 22992.2658  254  392 19203.4806 25895.8875  34.8%   106 1799s

Cutting planes:
  Learned: 8
  Gomory: 68
  Lift-and-project: 150
  Cover: 39
  Projected implied bound: 14
  MIR: 631
  Flow cover: 577
  Relax-and-lift: 9

Explored 47982 nodes (5224168 simplex iterations) in 1800.46 seconds (775.21 work units)
Thread count was 20 (of 20 available processors)

Solution count 10: 19203.5 19187.3 19157.1 ... 18652.1

Time limit reached
Best objective 1.920348056068e+04, best bound 2.589588752894e+04, gap 34.8500%
