05/02/2026 10:54:00 AM INFO proposed_lbbd_solver - setup_solver_logging: ================================================================================
05/02/2026 10:54:00 AM INFO proposed_lbbd_solver - setup_solver_logging: Logging started. Log file: D:\Project_Code\Paper\DP_LBBD_1\DP_lbbd\Algorithm\Results\proposed_lbbd\small\exp_3f_25j_seed1\log\exp_3f_25j_seed1_running.log
05/02/2026 10:54:00 AM INFO proposed_lbbd_solver - print: Feasible pairs: 53/75
05/02/2026 10:54:00 AM INFO proposed_lbbd_solver - print: [Preprocess] Infeasible assignments detected: 0
05/02/2026 10:54:00 AM INFO proposed_lbbd_solver - print: [Preprocess] Unprofitable assignment detected: order 2 → factory 1
05/02/2026 10:54:00 AM INFO proposed_lbbd_solver - print: [Preprocess] Unprofitable assignment detected: order 6 → factory 3
05/02/2026 10:54:00 AM INFO proposed_lbbd_solver - print: [Preprocess] Unprofitable assignment detected: order 11 → factory 1
05/02/2026 10:54:00 AM INFO proposed_lbbd_solver - print: [Preprocess] Unprofitable assignment detected: order 16 → factory 1
05/02/2026 10:54:00 AM INFO proposed_lbbd_solver - print: [Preprocess] Unprofitable assignment detected: order 18 → factory 1
05/02/2026 10:54:00 AM INFO proposed_lbbd_solver - print: [Preprocess] Unprofitable assignment detected: order 20 → factory 1
05/02/2026 10:54:00 AM INFO proposed_lbbd_solver - print: [Preprocess] Unprofitable assignments: 6
05/02/2026 10:54:00 AM INFO proposed_lbbd_solver - print: [Preprocess] Unprofitable orders: 0
05/02/2026 10:54:00 AM INFO proposed_lbbd_solver - print: [Preprocess] High-risk orders: 12
05/02/2026 10:54:00 AM INFO proposed_lbbd_solver - print: [Preprocess] Pairwise conflict detected: order 2 and order 18 in factory 1
05/02/2026 10:54:00 AM INFO proposed_lbbd_solver - print: [Preprocess] Pairwise conflict detected: order 2 and order 20 in factory 1
05/02/2026 10:54:00 AM INFO proposed_lbbd_solver - print: [Preprocess] Pairwise conflict detected: order 18 and order 20 in factory 1
05/02/2026 10:54:00 AM INFO proposed_lbbd_solver - print: [Preprocess] Pairwise conflict detected: order 15 and order 22 in factory 2
05/02/2026 10:54:00 AM INFO proposed_lbbd_solver - print: [Preprocess] Pairwise conflicts detected: 4
05/02/2026 10:54:00 AM INFO proposed_lbbd_solver - print: [Preprocess] Factory 2 has 4 clusters from 22 orders
05/02/2026 10:54:00 AM INFO proposed_lbbd_solver - print: [Preprocess] Cluster conflict detected: factory 2, orders [10, 15, 22, 13, 16, 23, 7, 14, 5, 19, 25, 21]
05/02/2026 10:54:00 AM INFO proposed_lbbd_solver - print: [Preprocess] Cluster conflict detected: factory 2, orders [1, 2, 17, 18, 24]
05/02/2026 10:54:00 AM INFO proposed_lbbd_solver - print: [Preprocess] Cluster conflict detected: factory 2, orders [3, 6, 9, 11]
05/02/2026 10:54:00 AM INFO proposed_lbbd_solver - print: [Preprocess] Factory 3 has 3 clusters from 16 orders
05/02/2026 10:54:00 AM INFO proposed_lbbd_solver - print: [Preprocess] Cluster conflict detected: factory 3, orders [7, 8, 10, 13, 15, 24]
05/02/2026 10:54:00 AM INFO proposed_lbbd_solver - print: [Preprocess] Cluster conflicts detected: 4
05/02/2026 10:54:00 AM INFO proposed_lbbd_solver - print: [Master Enhancement] Capacity feasibility enhancement constrains: 978
05/02/2026 10:54:00 AM INFO proposed_lbbd_solver - print: [Master Modeling] Earliest completion lower bounds constraints: 2
05/02/2026 10:54:00 AM INFO proposed_lbbd_solver - print: [Master Modeling] Makespan-based delay bounds constraints: 10
05/02/2026 10:54:00 AM INFO proposed_lbbd_solver - print: [Master Enhancement] Lower bound delay cost enhancement constrains: 1283
05/02/2026 10:54:00 AM INFO proposed_lbbd_solver - print: 
05/02/2026 10:54:00 AM INFO proposed_lbbd_solver - print: [Model Statistics]
05/02/2026 10:54:00 AM INFO proposed_lbbd_solver - print:   Variables: 87
05/02/2026 10:54:00 AM INFO proposed_lbbd_solver - print:   Constraints: 2311
05/02/2026 10:54:00 AM INFO proposed_lbbd_solver - print: 
05/02/2026 10:54:00 AM INFO proposed_lbbd_solver - print: [Preprocess Statistics]
05/02/2026 10:54:00 AM INFO proposed_lbbd_solver - print:   Infeasible eliminated: 0
05/02/2026 10:54:00 AM INFO proposed_lbbd_solver - print:   Unprofitable orders: 0
05/02/2026 10:54:00 AM INFO proposed_lbbd_solver - print:   Unprofitable assignments: 6
05/02/2026 10:54:00 AM INFO proposed_lbbd_solver - print:   Pairwise conflicts: 4
05/02/2026 10:54:00 AM INFO proposed_lbbd_solver - print:   Cluster conflicts: 4
05/02/2026 10:54:00 AM INFO proposed_lbbd_solver - print: 
05/02/2026 10:54:00 AM INFO proposed_lbbd_solver - print: [Master Enhancement Statistics]
05/02/2026 10:54:00 AM INFO proposed_lbbd_solver - print:   Capacity feasibility enhancement constrains: 978
05/02/2026 10:54:00 AM INFO proposed_lbbd_solver - print:   Lower bound delay cost enhancement constrains: 1283
05/02/2026 10:54:00 AM INFO proposed_lbbd_solver - _callback: [Gurobi] Gurobi Optimizer version 10.0.1 build v10.0.1rc0 (win64)
05/02/2026 10:54:00 AM INFO proposed_lbbd_solver - _callback: [Gurobi] CPU model: Intel(R) Core(TM) Ultra 7 265KF, instruction set [SSE2|AVX|AVX2]
05/02/2026 10:54:00 AM INFO proposed_lbbd_solver - _callback: [Gurobi] Thread count: 20 physical cores, 20 logical processors, using up to 20 threads
05/02/2026 10:54:00 AM INFO proposed_lbbd_solver - _callback: [Gurobi] Optimize a model with 2311 rows, 87 columns and 19801 nonzeros
05/02/2026 10:54:00 AM INFO proposed_lbbd_solver - _callback: [Gurobi] Model fingerprint: 0xea6a8705
05/02/2026 10:54:00 AM INFO proposed_lbbd_solver - _callback: [Gurobi] Variable types: 9 continuous, 78 integer (78 binary)
05/02/2026 10:54:00 AM INFO proposed_lbbd_solver - _callback: [Gurobi] Coefficient statistics:
05/02/2026 10:54:00 AM INFO proposed_lbbd_solver - _callback: [Gurobi] Matrix range     [1e+00, 1e+03]
05/02/2026 10:54:00 AM INFO proposed_lbbd_solver - _callback: [Gurobi] Objective range  [1e+00, 2e+03]
05/02/2026 10:54:00 AM INFO proposed_lbbd_solver - _callback: [Gurobi] Bounds range     [1e+00, 2e+04]
05/02/2026 10:54:00 AM INFO proposed_lbbd_solver - _callback: [Gurobi] RHS range        [1e+00, 4e+03]
05/02/2026 10:54:00 AM INFO proposed_lbbd_solver - print: ***[Validated]*** obj=0.00, delay=0.00, bound=10000000000000000159028911097599180468360808563945281389781327557747838772170381060813469985856815104.00, gap=999999999999999977049513265245336628446842719924150006129995974731993452180789911303261294481511546880.00%, t=0.0s
05/02/2026 10:54:00 AM INFO proposed_lbbd_solver - _callback: [Gurobi] Found heuristic solution: objective -0.0000000
05/02/2026 10:54:00 AM INFO proposed_lbbd_solver - _callback: [Gurobi] Presolve removed 309 rows and 11 columns
05/02/2026 10:54:00 AM INFO proposed_lbbd_solver - _callback: [Gurobi] Presolve time: 0.01s
05/02/2026 10:54:00 AM INFO proposed_lbbd_solver - _callback: [Gurobi] Presolved: 2002 rows, 76 columns, 17683 nonzeros
05/02/2026 10:54:00 AM INFO proposed_lbbd_solver - _callback: [Gurobi] Variable types: 9 continuous, 67 integer (67 binary)
05/02/2026 10:54:00 AM INFO proposed_lbbd_solver - print: >>>Parallel subproblem time: 0.009s for 3 factories
05/02/2026 10:54:00 AM INFO proposed_lbbd_solver - print:  Added optimal optimality cut: factory=1, orders=[5, 8, 12], cost=272.64, theta_est=0.00
05/02/2026 10:54:00 AM INFO proposed_lbbd_solver - print:  Added optimal optimality cut: factory=2, orders=[6, 7, 22], cost=277.05, theta_est=0.00
05/02/2026 10:54:00 AM INFO proposed_lbbd_solver - print:  Added optimal optimality cut: factory=3, orders=[1, 2, 3, 4, 11], cost=30.33, theta_est=0.00
05/02/2026 10:54:00 AM INFO proposed_lbbd_solver - print: ***[Validated]*** obj=4888.74, delay=580.02, bound=32287.43, gap=560.45%, t=0.0s
05/02/2026 10:54:00 AM INFO proposed_lbbd_solver - _callback: [Gurobi] Root relaxation presolved: 2005 rows, 76 columns, 17697 nonzeros
05/02/2026 10:54:00 AM INFO proposed_lbbd_solver - _callback: [Gurobi] Root relaxation: objective 1.002935e+04, 89 iterations, 0.00 seconds (0.01 work units)
05/02/2026 10:54:00 AM INFO proposed_lbbd_solver - _callback: [Gurobi] Nodes    |    Current Node    |     Objective Bounds      |     Work
05/02/2026 10:54:00 AM INFO proposed_lbbd_solver - _callback: [Gurobi] Expl Unexpl |  Obj  Depth IntInf | Incumbent    BestBd   Gap | It/Node Time
05/02/2026 10:54:00 AM INFO proposed_lbbd_solver - _callback: [Gurobi] 0     0 10029.3505    0   22   -0.00000 10029.3505      -     -    0s
05/02/2026 10:54:00 AM INFO proposed_lbbd_solver - print: >>>Parallel subproblem time: 0.020s for 3 factories
05/02/2026 10:54:00 AM INFO proposed_lbbd_solver - print:  Added optimal optimality cut: factory=3, orders=[1, 16, 21, 24], cost=373.86, theta_est=0.00
05/02/2026 10:54:00 AM INFO proposed_lbbd_solver - print: ***[Validated]*** obj=6655.96, delay=373.86, bound=10029.35, gap=50.68%, t=0.1s
05/02/2026 10:54:00 AM INFO proposed_lbbd_solver - print: >>>Parallel subproblem time: 0.014s for 3 factories
05/02/2026 10:54:00 AM INFO proposed_lbbd_solver - _callback: [Gurobi] H    0     0                    6655.9567167 10029.3505  50.7%     -    0s
05/02/2026 10:54:01 AM INFO proposed_lbbd_solver - print: >>>Parallel subproblem time: 0.013s for 3 factories
05/02/2026 10:54:01 AM INFO proposed_lbbd_solver - print:  Added optimal optimality cut: factory=1, orders=[8, 14, 23], cost=373.30, theta_est=281.91
05/02/2026 10:54:01 AM INFO proposed_lbbd_solver - print:  Added optimal optimality cut: factory=2, orders=[5, 7, 13, 25], cost=115.52, theta_est=44.68
05/02/2026 10:54:01 AM INFO proposed_lbbd_solver - print:  Added optimal optimality cut: factory=3, orders=[1, 16, 19, 21, 24], cost=1212.54, theta_est=373.86
05/02/2026 10:54:01 AM INFO proposed_lbbd_solver - print: ***[Validated]*** obj=7514.82, delay=1701.35, bound=10029.35, gap=33.46%, t=0.1s
05/02/2026 10:54:01 AM INFO proposed_lbbd_solver - print: >>>Parallel subproblem time: 0.014s for 3 factories
05/02/2026 10:54:01 AM INFO proposed_lbbd_solver - _callback: [Gurobi] H    0     0                    7514.8190685 10029.3505  33.5%     -    0s
05/02/2026 10:54:01 AM INFO proposed_lbbd_solver - print: >>>Parallel subproblem time: 0.015s for 3 factories
05/02/2026 10:54:01 AM INFO proposed_lbbd_solver - print: ***[Validated]*** obj=7934.48, delay=1328.05, bound=10029.35, gap=26.40%, t=0.1s
05/02/2026 10:54:01 AM INFO proposed_lbbd_solver - _callback: [Gurobi] H    0     0                    7561.1807763 10029.3505  32.6%     -    0s
05/02/2026 10:54:01 AM INFO proposed_lbbd_solver - print: >>>Parallel subproblem time: 0.015s for 3 factories
05/02/2026 10:54:01 AM INFO proposed_lbbd_solver - print:  Added feasibility cut: factory=3, conflict orders=[1, 4, 11, 16, 19, 21, 24]
05/02/2026 10:54:01 AM INFO proposed_lbbd_solver - print: >>>Parallel subproblem time: 0.014s for 3 factories
05/02/2026 10:54:01 AM INFO proposed_lbbd_solver - print:  Added optimal optimality cut: factory=1, orders=[8, 12, 14, 23], cost=1151.62, theta_est=587.78
05/02/2026 10:54:01 AM INFO proposed_lbbd_solver - print:  Added optimal optimality cut: factory=2, orders=[5, 7, 11, 13, 24, 25], cost=1686.89, theta_est=880.26
05/02/2026 10:54:01 AM INFO proposed_lbbd_solver - print: >>>Parallel subproblem time: 0.012s for 3 factories
05/02/2026 10:54:01 AM INFO proposed_lbbd_solver - print:  Added optimal optimality cut: factory=1, orders=[8, 12, 23, 25], cost=955.05, theta_est=488.52
05/02/2026 10:54:01 AM INFO proposed_lbbd_solver - print:  Added optimal optimality cut: factory=2, orders=[5, 7, 11, 13, 24], cost=513.24, theta_est=338.79
05/02/2026 10:54:01 AM INFO proposed_lbbd_solver - print: ***[Validated]*** obj=8119.33, delay=1468.30, bound=10029.35, gap=23.52%, t=0.2s
05/02/2026 10:54:01 AM INFO proposed_lbbd_solver - print: >>>Parallel subproblem time: 0.013s for 3 factories
05/02/2026 10:54:01 AM INFO proposed_lbbd_solver - print:  Added optimal optimality cut: factory=2, orders=[5, 7, 13, 24, 25], cost=735.01, theta_est=613.70
05/02/2026 10:54:01 AM INFO proposed_lbbd_solver - print: ***[Validated]*** obj=8515.53, delay=735.01, bound=10029.35, gap=17.78%, t=0.2s
05/02/2026 10:54:01 AM INFO proposed_lbbd_solver - print: >>>Parallel subproblem time: 0.011s for 3 factories
05/02/2026 10:54:01 AM INFO proposed_lbbd_solver - print:  Added optimal optimality cut: factory=1, orders=[8, 14, 23, 25], cost=1671.81, theta_est=597.54
05/02/2026 10:54:01 AM INFO proposed_lbbd_solver - print:  Added optimal optimality cut: factory=2, orders=[5, 7, 13, 24], cost=144.96, theta_est=72.22
05/02/2026 10:54:01 AM INFO proposed_lbbd_solver - print: >>>Parallel subproblem time: 0.013s for 3 factories
05/02/2026 10:54:01 AM INFO proposed_lbbd_solver - _callback: [Gurobi] H    0     0                    8515.5314433 10029.3505  17.8%     -    0s
05/02/2026 10:54:01 AM INFO proposed_lbbd_solver - print: >>>Parallel subproblem time: 0.015s for 3 factories
05/02/2026 10:54:01 AM INFO proposed_lbbd_solver - print: ***[Validated]*** obj=8580.59, delay=735.01, bound=10029.35, gap=16.88%, t=0.2s
05/02/2026 10:54:01 AM INFO proposed_lbbd_solver - _callback: [Gurobi] H    0     0                    8580.5867890 10029.3505  16.9%     -    0s
05/02/2026 10:54:01 AM INFO proposed_lbbd_solver - _callback: [Gurobi] 0     0 9934.74386    0   26 8580.58679 9934.74386  15.8%     -    0s
05/02/2026 10:54:01 AM INFO proposed_lbbd_solver - _callback: [Gurobi] 0     0 9835.61951    0   24 8580.58679 9835.61951  14.6%     -    0s
05/02/2026 10:54:01 AM INFO proposed_lbbd_solver - _callback: [Gurobi] 0     0 9833.52436    0   25 8580.58679 9833.52436  14.6%     -    0s
05/02/2026 10:54:01 AM INFO proposed_lbbd_solver - _callback: [Gurobi] 0     0 9833.06469    0   22 8580.58679 9833.06469  14.6%     -    0s
05/02/2026 10:54:01 AM INFO proposed_lbbd_solver - _callback: [Gurobi] 0     0 9833.00306    0   24 8580.58679 9833.00306  14.6%     -    0s
05/02/2026 10:54:01 AM INFO proposed_lbbd_solver - _callback: [Gurobi] 0     0 9832.98404    0   24 8580.58679 9832.98404  14.6%     -    0s
05/02/2026 10:54:01 AM INFO proposed_lbbd_solver - _callback: [Gurobi] 0     0 9805.78284    0   24 8580.58679 9805.78284  14.3%     -    0s
05/02/2026 10:54:01 AM INFO proposed_lbbd_solver - print: >>>Parallel subproblem time: 0.022s for 3 factories
05/02/2026 10:54:01 AM INFO proposed_lbbd_solver - print: ***[Validated]*** obj=9010.39, delay=735.01, bound=9805.78, gap=8.83%, t=0.3s
05/02/2026 10:54:01 AM INFO proposed_lbbd_solver - _callback: [Gurobi] H    0     0                    9010.3925727 9805.78284  8.83%     -    0s
05/02/2026 10:54:01 AM INFO proposed_lbbd_solver - _callback: [Gurobi] 0     0 9761.78947    0   23 9010.39257 9761.78947  8.34%     -    0s
05/02/2026 10:54:01 AM INFO proposed_lbbd_solver - _callback: [Gurobi] 0     0 9745.99226    0   23 9010.39257 9745.99226  8.16%     -    0s
05/02/2026 10:54:01 AM INFO proposed_lbbd_solver - _callback: [Gurobi] 0     0 9745.27523    0   25 9010.39257 9745.27523  8.16%     -    0s
05/02/2026 10:54:01 AM INFO proposed_lbbd_solver - _callback: [Gurobi] 0     0 9744.86058    0   25 9010.39257 9744.86058  8.15%     -    0s
05/02/2026 10:54:01 AM INFO proposed_lbbd_solver - _callback: [Gurobi] 0     0 9728.49214    0   27 9010.39257 9728.49214  7.97%     -    0s
05/02/2026 10:54:01 AM INFO proposed_lbbd_solver - _callback: [Gurobi] 0     0 9709.17850    0   29 9010.39257 9709.17850  7.76%     -    0s
05/02/2026 10:54:01 AM INFO proposed_lbbd_solver - _callback: [Gurobi] 0     0 9653.68085    0   24 9010.39257 9653.68085  7.14%     -    0s
05/02/2026 10:54:01 AM INFO proposed_lbbd_solver - _callback: [Gurobi] 0     0 9652.98380    0   26 9010.39257 9652.98380  7.13%     -    0s
05/02/2026 10:54:01 AM INFO proposed_lbbd_solver - _callback: [Gurobi] 0     0 9652.75381    0   26 9010.39257 9652.75381  7.13%     -    0s
05/02/2026 10:54:01 AM INFO proposed_lbbd_solver - _callback: [Gurobi] 0     0 9652.74530    0   26 9010.39257 9652.74530  7.13%     -    0s
05/02/2026 10:54:01 AM INFO proposed_lbbd_solver - _callback: [Gurobi] 0     0 9591.65511    0   23 9010.39257 9591.65511  6.45%     -    0s
05/02/2026 10:54:01 AM INFO proposed_lbbd_solver - print: >>>Parallel subproblem time: 0.015s for 3 factories
05/02/2026 10:54:01 AM INFO proposed_lbbd_solver - print:  Added optimal optimality cut: factory=1, orders=[12, 13, 14, 23], cost=1373.84, theta_est=660.70
05/02/2026 10:54:01 AM INFO proposed_lbbd_solver - print:  Added optimal optimality cut: factory=2, orders=[5, 7, 11, 24, 25], cost=441.49, theta_est=336.82
05/02/2026 10:54:01 AM INFO proposed_lbbd_solver - print:  Added optimal optimality cut: factory=3, orders=[1, 8, 10, 16, 19, 21], cost=852.05, theta_est=595.36
05/02/2026 10:54:01 AM INFO proposed_lbbd_solver - _callback: [Gurobi] 0     0 9576.09643    0   23 9010.39257 9576.09643  6.28%     -    0s
05/02/2026 10:54:01 AM INFO proposed_lbbd_solver - _callback: [Gurobi] 0     0 9574.38469    0   23 9010.39257 9574.38469  6.26%     -    0s
05/02/2026 10:54:01 AM INFO proposed_lbbd_solver - _callback: [Gurobi] 0     0 9574.18756    0   23 9010.39257 9574.18756  6.26%     -    0s
05/02/2026 10:54:01 AM INFO proposed_lbbd_solver - _callback: [Gurobi] 0     0 9573.59007    0   25 9010.39257 9573.59007  6.25%     -    0s
05/02/2026 10:54:01 AM INFO proposed_lbbd_solver - _callback: [Gurobi] 0     0 9572.72576    0   28 9010.39257 9572.72576  6.24%     -    0s
05/02/2026 10:54:01 AM INFO proposed_lbbd_solver - _callback: [Gurobi] 0     0 9572.48589    0   27 9010.39257 9572.48589  6.24%     -    0s
05/02/2026 10:54:01 AM INFO proposed_lbbd_solver - _callback: [Gurobi] 0     0 9572.35872    0   27 9010.39257 9572.35872  6.24%     -    0s
05/02/2026 10:54:01 AM INFO proposed_lbbd_solver - _callback: [Gurobi] 0     0 9571.89902    0   28 9010.39257 9571.89902  6.23%     -    0s
05/02/2026 10:54:01 AM INFO proposed_lbbd_solver - _callback: [Gurobi] 0     0 9571.09517    0   28 9010.39257 9571.09517  6.22%     -    0s
05/02/2026 10:54:01 AM INFO proposed_lbbd_solver - _callback: [Gurobi] 0     0 9570.93645    0   27 9010.39257 9570.93645  6.22%     -    0s
05/02/2026 10:54:01 AM INFO proposed_lbbd_solver - _callback: [Gurobi] 0     0 9569.97312    0   27 9010.39257 9569.97312  6.21%     -    0s
05/02/2026 10:54:01 AM INFO proposed_lbbd_solver - _callback: [Gurobi] 0     0 9569.74061    0   27 9010.39257 9569.74061  6.21%     -    0s
05/02/2026 10:54:01 AM INFO proposed_lbbd_solver - _callback: [Gurobi] 0     0 9569.69733    0   27 9010.39257 9569.69733  6.21%     -    0s
05/02/2026 10:54:01 AM INFO proposed_lbbd_solver - _callback: [Gurobi] 0     0 9569.67948    0   27 9010.39257 9569.67948  6.21%     -    0s
05/02/2026 10:54:01 AM INFO proposed_lbbd_solver - _callback: [Gurobi] 0     0 9569.66176    0   27 9010.39257 9569.66176  6.21%     -    0s
05/02/2026 10:54:01 AM INFO proposed_lbbd_solver - _callback: [Gurobi] 0     0 9569.31024    0   27 9010.39257 9569.31024  6.20%     -    0s
05/02/2026 10:54:01 AM INFO proposed_lbbd_solver - _callback: [Gurobi] 0     0 9568.56533    0   27 9010.39257 9568.56533  6.19%     -    0s
05/02/2026 10:54:01 AM INFO proposed_lbbd_solver - _callback: [Gurobi] 0     0 9568.54047    0   27 9010.39257 9568.54047  6.19%     -    0s
05/02/2026 10:54:01 AM INFO proposed_lbbd_solver - _callback: [Gurobi] 0     0 9568.51077    0   27 9010.39257 9568.51077  6.19%     -    0s
05/02/2026 10:54:01 AM INFO proposed_lbbd_solver - _callback: [Gurobi] 0     0 9568.49626    0   27 9010.39257 9568.49626  6.19%     -    0s
05/02/2026 10:54:01 AM INFO proposed_lbbd_solver - _callback: [Gurobi] 0     0 9567.12723    0   25 9010.39257 9567.12723  6.18%     -    0s
05/02/2026 10:54:01 AM INFO proposed_lbbd_solver - _callback: [Gurobi] 0     0 9567.11484    0   28 9010.39257 9567.11484  6.18%     -    0s
05/02/2026 10:54:01 AM INFO proposed_lbbd_solver - _callback: [Gurobi] 0     0 9567.05029    0   28 9010.39257 9567.05029  6.18%     -    0s
05/02/2026 10:54:01 AM INFO proposed_lbbd_solver - _callback: [Gurobi] 0     0 9566.96730    0   28 9010.39257 9566.96730  6.18%     -    0s
05/02/2026 10:54:01 AM INFO proposed_lbbd_solver - _callback: [Gurobi] 0     0 9566.96112    0   28 9010.39257 9566.96112  6.18%     -    0s
05/02/2026 10:54:01 AM INFO proposed_lbbd_solver - _callback: [Gurobi] 0     0 9566.95622    0   28 9010.39257 9566.95622  6.18%     -    0s
05/02/2026 10:54:01 AM INFO proposed_lbbd_solver - _callback: [Gurobi] 0     0 9564.02978    0   26 9010.39257 9564.02978  6.14%     -    0s
05/02/2026 10:54:01 AM INFO proposed_lbbd_solver - print: >>>Parallel subproblem time: 0.013s for 3 factories
05/02/2026 10:54:01 AM INFO proposed_lbbd_solver - print:  Added optimal optimality cut: factory=3, orders=[1, 4, 10, 16, 19, 21], cost=788.76, theta_est=282.97
05/02/2026 10:54:01 AM INFO proposed_lbbd_solver - _callback: [Gurobi] 0     0 9563.57417    0   26 9010.39257 9563.57417  6.14%     -    0s
05/02/2026 10:54:01 AM INFO proposed_lbbd_solver - _callback: [Gurobi] 0     0 9562.79287    0   26 9010.39257 9562.79287  6.13%     -    0s
05/02/2026 10:54:01 AM INFO proposed_lbbd_solver - _callback: [Gurobi] 0     0 9561.65335    0   26 9010.39257 9561.65335  6.12%     -    0s
05/02/2026 10:54:01 AM INFO proposed_lbbd_solver - _callback: [Gurobi] 0     0 9561.47217    0   26 9010.39257 9561.47217  6.12%     -    0s
05/02/2026 10:54:01 AM INFO proposed_lbbd_solver - _callback: [Gurobi] 0     0 9561.13758    0   26 9010.39257 9561.13758  6.11%     -    0s
05/02/2026 10:54:01 AM INFO proposed_lbbd_solver - _callback: [Gurobi] 0     0 9560.98364    0   26 9010.39257 9560.98364  6.11%     -    0s
05/02/2026 10:54:01 AM INFO proposed_lbbd_solver - _callback: [Gurobi] 0     0 9560.68275    0   26 9010.39257 9560.68275  6.11%     -    0s
05/02/2026 10:54:01 AM INFO proposed_lbbd_solver - print: >>>Parallel subproblem time: 0.008s for 3 factories
05/02/2026 10:54:01 AM INFO proposed_lbbd_solver - print:  Added optimal optimality cut: factory=2, orders=[1, 5, 7, 11, 13, 25], cost=1442.90, theta_est=686.16
05/02/2026 10:54:01 AM INFO proposed_lbbd_solver - print:  Added optimal optimality cut: factory=3, orders=[10, 16, 19, 21, 24], cost=449.21, theta_est=238.45
05/02/2026 10:54:01 AM INFO proposed_lbbd_solver - _callback: [Gurobi] 0     0 9560.64150    0   26 9010.39257 9560.64150  6.11%     -    0s
05/02/2026 10:54:01 AM INFO proposed_lbbd_solver - _callback: [Gurobi] 0     0 9560.40356    0   26 9010.39257 9560.40356  6.10%     -    0s
05/02/2026 10:54:01 AM INFO proposed_lbbd_solver - _callback: [Gurobi] 0     0 9559.94152    0   26 9010.39257 9559.94152  6.10%     -    0s
05/02/2026 10:54:01 AM INFO proposed_lbbd_solver - _callback: [Gurobi] 0     0 9559.94022    0   28 9010.39257 9559.94022  6.10%     -    0s
05/02/2026 10:54:01 AM INFO proposed_lbbd_solver - _callback: [Gurobi] 0     0 9558.87264    0   28 9010.39257 9558.87264  6.09%     -    1s
05/02/2026 10:54:01 AM INFO proposed_lbbd_solver - _callback: [Gurobi] 0     0 9558.40640    0   27 9010.39257 9558.40640  6.08%     -    1s
05/02/2026 10:54:01 AM INFO proposed_lbbd_solver - _callback: [Gurobi] 0     0 9557.70685    0   26 9010.39257 9557.70685  6.07%     -    1s
05/02/2026 10:54:01 AM INFO proposed_lbbd_solver - _callback: [Gurobi] 0     0 9557.69584    0   26 9010.39257 9557.69584  6.07%     -    1s
05/02/2026 10:54:01 AM INFO proposed_lbbd_solver - _callback: [Gurobi] 0     0 9557.63834    0   28 9010.39257 9557.63834  6.07%     -    1s
05/02/2026 10:54:02 AM INFO proposed_lbbd_solver - _callback: [Gurobi] 0     0 9556.87998    0   26 9010.39257 9556.87998  6.07%     -    1s
05/02/2026 10:54:02 AM INFO proposed_lbbd_solver - _callback: [Gurobi] 0     0 9556.83986    0   28 9010.39257 9556.83986  6.06%     -    1s
05/02/2026 10:54:02 AM INFO proposed_lbbd_solver - _callback: [Gurobi] 0     0 9556.82811    0   28 9010.39257 9556.82811  6.06%     -    1s
05/02/2026 10:54:02 AM INFO proposed_lbbd_solver - _callback: [Gurobi] 0     0 9556.78596    0   28 9010.39257 9556.78596  6.06%     -    1s
05/02/2026 10:54:02 AM INFO proposed_lbbd_solver - _callback: [Gurobi] 0     0 9556.66800    0   28 9010.39257 9556.66800  6.06%     -    1s
05/02/2026 10:54:02 AM INFO proposed_lbbd_solver - _callback: [Gurobi] 0     0 9556.66800    0   28 9010.39257 9556.66800  6.06%     -    1s
05/02/2026 10:54:02 AM INFO proposed_lbbd_solver - _callback: [Gurobi] 0     2 9556.66800    0   28 9010.39257 9556.66800  6.06%     -    1s
05/02/2026 10:54:02 AM INFO proposed_lbbd_solver - print: >>>Parallel subproblem time: 0.016s for 3 factories
05/02/2026 10:54:02 AM INFO proposed_lbbd_solver - print:  Added optimal optimality cut: factory=1, orders=[8, 12, 13, 23], cost=1365.79, theta_est=517.90
05/02/2026 10:54:02 AM INFO proposed_lbbd_solver - print:  Added optimal optimality cut: factory=2, orders=[5, 7, 11, 18, 24, 25], cost=1786.15, theta_est=723.71
05/02/2026 10:54:02 AM INFO proposed_lbbd_solver - print: >>>Parallel subproblem time: 0.012s for 3 factories
05/02/2026 10:54:02 AM INFO proposed_lbbd_solver - print:  Added optimal optimality cut: factory=2, orders=[5, 7, 9, 13, 24, 25], cost=2065.74, theta_est=1146.08
05/02/2026 10:54:02 AM INFO proposed_lbbd_solver - print: >>>Parallel subproblem time: 0.016s for 3 factories
05/02/2026 10:54:02 AM INFO proposed_lbbd_solver - print:  Added optimal optimality cut: factory=2, orders=[5, 7, 11, 13, 18, 25], cost=982.56, theta_est=549.96
05/02/2026 10:54:02 AM INFO proposed_lbbd_solver - print: >>>Parallel subproblem time: 0.013s for 3 factories
05/02/2026 10:54:02 AM INFO proposed_lbbd_solver - print:  Added optimal optimality cut: factory=1, orders=[12, 13, 23, 25], cost=1313.82, theta_est=561.44
05/02/2026 10:54:02 AM INFO proposed_lbbd_solver - print:  Added optimal optimality cut: factory=2, orders=[5, 7, 11, 18, 24], cost=621.97, theta_est=182.24
05/02/2026 10:54:02 AM INFO proposed_lbbd_solver - print:  Added optimal optimality cut: factory=3, orders=[1, 4, 8, 16, 19, 21], cost=648.90, theta_est=327.24
05/02/2026 10:54:02 AM INFO proposed_lbbd_solver - print: >>>Parallel subproblem time: 0.015s for 3 factories
05/02/2026 10:54:02 AM INFO proposed_lbbd_solver - print:  Added optimal optimality cut: factory=2, orders=[1, 5, 7, 13, 25], cost=587.09, theta_est=461.51
05/02/2026 10:54:02 AM INFO proposed_lbbd_solver - print:  Added optimal optimality cut: factory=3, orders=[4, 16, 19, 21, 24], cost=385.95, theta_est=59.61
05/02/2026 10:54:02 AM INFO proposed_lbbd_solver - print: >>>Parallel subproblem time: 0.015s for 3 factories
05/02/2026 10:54:02 AM INFO proposed_lbbd_solver - print:  Added optimal optimality cut: factory=2, orders=[5, 6, 7, 13, 24, 25], cost=2045.49, theta_est=1156.30
05/02/2026 10:54:02 AM INFO proposed_lbbd_solver - print: >>>Parallel subproblem time: 0.014s for 3 factories
05/02/2026 10:54:02 AM INFO proposed_lbbd_solver - print:  Added optimal optimality cut: factory=2, orders=[5, 7, 14, 24, 25], cost=1113.65, theta_est=740.20
05/02/2026 10:54:02 AM INFO proposed_lbbd_solver - print: >>>Parallel subproblem time: 0.014s for 3 factories
05/02/2026 10:54:02 AM INFO proposed_lbbd_solver - print:  Added optimal optimality cut: factory=2, orders=[5, 7, 18, 24, 25], cost=869.05, theta_est=494.24
05/02/2026 10:54:02 AM INFO proposed_lbbd_solver - print: >>>Parallel subproblem time: 0.014s for 3 factories
05/02/2026 10:54:02 AM INFO proposed_lbbd_solver - print:  Added optimal optimality cut: factory=2, orders=[5, 7, 24, 25], cost=75.33, theta_est=70.26
05/02/2026 10:54:02 AM INFO proposed_lbbd_solver - print: ***[Validated]*** obj=9099.80, delay=75.33, bound=9444.18, gap=3.78%, t=1.5s
05/02/2026 10:54:02 AM INFO proposed_lbbd_solver - print: >>>Parallel subproblem time: 0.015s for 3 factories
05/02/2026 10:54:02 AM INFO proposed_lbbd_solver - _callback: [Gurobi] H   97    68                    9099.7749932 9444.17799  3.78%   6.6    1s
05/02/2026 10:54:02 AM INFO proposed_lbbd_solver - print: >>>Parallel subproblem time: 0.015s for 3 factories
05/02/2026 10:54:02 AM INFO proposed_lbbd_solver - print:  Added optimal optimality cut: factory=2, orders=[1, 5, 7, 13, 18, 25], cost=1347.36, theta_est=744.87
05/02/2026 10:54:02 AM INFO proposed_lbbd_solver - print:  Added feasibility cut: factory=3, conflict orders=[4, 10, 16, 19, 21, 24]
05/02/2026 10:54:02 AM INFO proposed_lbbd_solver - print: >>>Parallel subproblem time: 0.016s for 3 factories
05/02/2026 10:54:02 AM INFO proposed_lbbd_solver - print:  Added optimal optimality cut: factory=2, orders=[5, 11, 13, 18, 24, 25], cost=2052.05, theta_est=728.26
05/02/2026 10:54:02 AM INFO proposed_lbbd_solver - print: >>>Parallel subproblem time: 0.017s for 3 factories
05/02/2026 10:54:02 AM INFO proposed_lbbd_solver - print:  Added optimal optimality cut: factory=1, orders=[12, 14, 23], cost=825.52, theta_est=314.54
05/02/2026 10:54:02 AM INFO proposed_lbbd_solver - print:  Added optimal optimality cut: factory=2, orders=[1, 5, 7, 11, 18, 25], cost=857.15, theta_est=467.99
05/02/2026 10:54:02 AM INFO proposed_lbbd_solver - print:  Added feasibility cut: factory=3, conflict orders=[4, 8, 16, 19, 21, 24]
05/02/2026 10:54:02 AM INFO proposed_lbbd_solver - print: >>>Parallel subproblem time: 0.015s for 3 factories
05/02/2026 10:54:02 AM INFO proposed_lbbd_solver - print:  Added optimal optimality cut: factory=1, orders=[12, 13, 23], cost=157.59, theta_est=39.01
05/02/2026 10:54:02 AM INFO proposed_lbbd_solver - print:  Added optimal optimality cut: factory=2, orders=[5, 7, 11, 14, 18, 25], cost=1276.20, theta_est=676.46
05/02/2026 10:54:02 AM INFO proposed_lbbd_solver - print:  Added feasibility cut: factory=3, conflict orders=[1, 4, 8, 16, 19, 24]
05/02/2026 10:54:02 AM INFO proposed_lbbd_solver - print: >>>Parallel subproblem time: 0.023s for 3 factories
05/02/2026 10:54:02 AM INFO proposed_lbbd_solver - _callback: [Gurobi] *  498    74              22    9099.8049932 9440.94694  3.75%   5.8    1s
05/02/2026 10:54:02 AM INFO proposed_lbbd_solver - print: >>>Parallel subproblem time: 0.021s for 3 factories
05/02/2026 10:54:02 AM INFO proposed_lbbd_solver - print:  Added optimal optimality cut: factory=2, orders=[5, 7, 11, 14, 18, 21], cost=1620.90, theta_est=858.81
05/02/2026 10:54:02 AM INFO proposed_lbbd_solver - print:  Added optimal optimality cut: factory=3, orders=[1, 4, 16, 19, 24], cost=389.19, theta_est=0.00
05/02/2026 10:54:02 AM INFO proposed_lbbd_solver - print: >>>Parallel subproblem time: 0.015s for 3 factories
05/02/2026 10:54:02 AM INFO proposed_lbbd_solver - print:  Added optimal optimality cut: factory=2, orders=[5, 7, 11, 13, 14, 18], cost=1307.10, theta_est=714.64
05/02/2026 10:54:02 AM INFO proposed_lbbd_solver - print:  Added optimal optimality cut: factory=3, orders=[1, 4, 19, 21, 24], cost=511.28, theta_est=0.00
05/02/2026 10:54:02 AM INFO proposed_lbbd_solver - print: >>>Parallel subproblem time: 0.015s for 3 factories
05/02/2026 10:54:02 AM INFO proposed_lbbd_solver - print:  Added optimal optimality cut: factory=2, orders=[5, 7, 11, 14, 24], cost=717.70, theta_est=465.29
05/02/2026 10:54:02 AM INFO proposed_lbbd_solver - print: >>>Parallel subproblem time: 0.014s for 3 factories
05/02/2026 10:54:02 AM INFO proposed_lbbd_solver - print:  Added optimal optimality cut: factory=2, orders=[5, 7, 11, 14, 18, 24], cost=2765.37, theta_est=852.18
05/02/2026 10:54:02 AM INFO proposed_lbbd_solver - print: >>>Parallel subproblem time: 0.015s for 3 factories
05/02/2026 10:54:02 AM INFO proposed_lbbd_solver - print:  Added optimal optimality cut: factory=2, orders=[5, 7, 11, 13, 18, 24], cost=2704.72, theta_est=725.68
05/02/2026 10:54:02 AM INFO proposed_lbbd_solver - print: >>>Parallel subproblem time: 0.014s for 3 factories
05/02/2026 10:54:02 AM INFO proposed_lbbd_solver - print:  Added optimal optimality cut: factory=2, orders=[7, 11, 13, 24, 25], cost=241.64, theta_est=152.76
05/02/2026 10:54:02 AM INFO proposed_lbbd_solver - print: >>>Parallel subproblem time: 0.051s for 3 factories
05/02/2026 10:54:02 AM INFO proposed_lbbd_solver - print:  Added optimal optimality cut: factory=2, orders=[7, 11, 13, 14, 24, 25], cost=2194.27, theta_est=822.71
05/02/2026 10:54:02 AM INFO proposed_lbbd_solver - print: >>>Parallel subproblem time: 0.015s for 3 factories
05/02/2026 10:54:02 AM INFO proposed_lbbd_solver - print:  Added optimal optimality cut: factory=2, orders=[1, 5, 7, 11, 14, 18], cost=1054.06, theta_est=596.46
05/02/2026 10:54:02 AM INFO proposed_lbbd_solver - print:  Added optimal optimality cut: factory=3, orders=[4, 13, 16, 19, 21, 24], cost=1993.49, theta_est=588.43
05/02/2026 10:54:02 AM INFO proposed_lbbd_solver - print: >>>Parallel subproblem time: 0.013s for 3 factories
05/02/2026 10:54:02 AM INFO proposed_lbbd_solver - print:  Added optimal optimality cut: factory=2, orders=[5, 7, 11, 14, 24, 25], cost=2198.72, theta_est=1113.65
05/02/2026 10:54:02 AM INFO proposed_lbbd_solver - print: >>>Parallel subproblem time: 0.015s for 3 factories
05/02/2026 10:54:02 AM INFO proposed_lbbd_solver - print:  Added optimal optimality cut: factory=2, orders=[5, 11, 13, 14, 24, 25], cost=2213.20, theta_est=1011.31
05/02/2026 10:54:02 AM INFO proposed_lbbd_solver - print: >>>Parallel subproblem time: 0.015s for 3 factories
05/02/2026 10:54:02 AM INFO proposed_lbbd_solver - print:  Added optimal optimality cut: factory=2, orders=[5, 11, 13, 14, 18, 24], cost=3037.00, theta_est=856.73
05/02/2026 10:54:02 AM INFO proposed_lbbd_solver - print: >>>Parallel subproblem time: 0.017s for 3 factories
05/02/2026 10:54:02 AM INFO proposed_lbbd_solver - print:  Added optimal optimality cut: factory=2, orders=[5, 7, 11, 18, 25], cost=125.28, theta_est=14.57
05/02/2026 10:54:02 AM INFO proposed_lbbd_solver - print:  Added optimal optimality cut: factory=3, orders=[1, 10, 19, 21, 24], cost=538.29, theta_est=243.78
05/02/2026 10:54:02 AM INFO proposed_lbbd_solver - print: >>>Parallel subproblem time: 0.015s for 3 factories
05/02/2026 10:54:02 AM INFO proposed_lbbd_solver - print:  Added optimal optimality cut: factory=2, orders=[5, 7, 11, 18, 21, 25], cost=1451.79, theta_est=730.34
05/02/2026 10:54:02 AM INFO proposed_lbbd_solver - print:  Added optimal optimality cut: factory=3, orders=[1, 10, 16, 19, 24], cost=416.20, theta_est=243.78
05/02/2026 10:54:02 AM INFO proposed_lbbd_solver - print: >>>Parallel subproblem time: 0.062s for 3 factories
05/02/2026 10:54:02 AM INFO proposed_lbbd_solver - print:  Added optimal optimality cut: factory=2, orders=[5, 7, 9, 18, 24, 25], cost=2162.31, theta_est=1055.08
05/02/2026 10:54:02 AM INFO proposed_lbbd_solver - print: >>>Parallel subproblem time: 0.015s for 3 factories
05/02/2026 10:54:02 AM INFO proposed_lbbd_solver - print:  Added optimal optimality cut: factory=2, orders=[7, 11, 14, 24, 25], cost=441.18, theta_est=279.27
05/02/2026 10:54:02 AM INFO proposed_lbbd_solver - print: >>>Parallel subproblem time: 0.015s for 3 factories
05/02/2026 10:54:02 AM INFO proposed_lbbd_solver - print:  Added optimal optimality cut: factory=2, orders=[5, 11, 14, 24, 25], cost=723.25, theta_est=467.87
05/02/2026 10:54:02 AM INFO proposed_lbbd_solver - print: >>>Parallel subproblem time: 0.015s for 3 factories
05/02/2026 10:54:02 AM INFO proposed_lbbd_solver - print:  Added optimal optimality cut: factory=2, orders=[5, 11, 14, 18, 24], cost=837.55, theta_est=313.29
05/02/2026 10:54:02 AM INFO proposed_lbbd_solver - print: >>>Parallel subproblem time: 0.019s for 3 factories
05/02/2026 10:54:02 AM INFO proposed_lbbd_solver - print:  Added optimal optimality cut: factory=2, orders=[5, 14, 18, 24, 25], cost=1234.73, theta_est=588.20
05/02/2026 10:54:03 AM INFO proposed_lbbd_solver - print: >>>Parallel subproblem time: 0.010s for 3 factories
05/02/2026 10:54:03 AM INFO proposed_lbbd_solver - print:  Added optimal optimality cut: factory=2, orders=[7, 11, 14, 18, 24, 25], cost=2272.98, theta_est=688.34
05/02/2026 10:54:03 AM INFO proposed_lbbd_solver - print: >>>Parallel subproblem time: 0.014s for 3 factories
05/02/2026 10:54:03 AM INFO proposed_lbbd_solver - print:  Added optimal optimality cut: factory=2, orders=[5, 11, 18, 24, 25], cost=561.34, theta_est=184.82
05/02/2026 10:54:03 AM INFO proposed_lbbd_solver - print: >>>Parallel subproblem time: 0.015s for 3 factories
05/02/2026 10:54:03 AM INFO proposed_lbbd_solver - print:  Added optimal optimality cut: factory=2, orders=[1, 7, 11, 13, 14, 18, 25], cost=2788.19, theta_est=953.88
05/02/2026 10:54:03 AM INFO proposed_lbbd_solver - print: >>>Parallel subproblem time: 0.014s for 3 factories
05/02/2026 10:54:03 AM INFO proposed_lbbd_solver - print:  Added optimal optimality cut: factory=2, orders=[1, 5, 7, 18, 25], cost=282.62, theta_est=201.43
05/02/2026 10:54:03 AM INFO proposed_lbbd_solver - print:  Added optimal optimality cut: factory=3, orders=[15, 16, 19, 21, 24], cost=490.82, theta_est=199.00
05/02/2026 10:54:03 AM INFO proposed_lbbd_solver - print: >>>Parallel subproblem time: 0.014s for 3 factories
05/02/2026 10:54:03 AM INFO proposed_lbbd_solver - print:  Added optimal optimality cut: factory=2, orders=[5, 13, 18, 24, 25], cost=1130.05, theta_est=461.70
05/02/2026 10:54:03 AM INFO proposed_lbbd_solver - print: >>>Parallel subproblem time: 0.021s for 3 factories
05/02/2026 10:54:03 AM INFO proposed_lbbd_solver - print:  Added optimal optimality cut: factory=2, orders=[7, 11, 13, 18, 24, 25], cost=2413.23, theta_est=571.46
05/02/2026 10:54:03 AM INFO proposed_lbbd_solver - print: >>>Parallel subproblem time: 0.013s for 3 factories
05/02/2026 10:54:03 AM INFO proposed_lbbd_solver - print:  Added optimal optimality cut: factory=2, orders=[7, 11, 18, 24, 25], cost=375.49, theta_est=0.00
05/02/2026 10:54:03 AM INFO proposed_lbbd_solver - print: >>>Parallel subproblem time: 0.014s for 3 factories
05/02/2026 10:54:03 AM INFO proposed_lbbd_solver - print:  Added optimal optimality cut: factory=2, orders=[11, 14, 18, 24, 25], cost=562.10, theta_est=127.26
05/02/2026 10:54:03 AM INFO proposed_lbbd_solver - print: >>>Parallel subproblem time: 0.014s for 3 factories
05/02/2026 10:54:03 AM INFO proposed_lbbd_solver - print:  Added optimal optimality cut: factory=2, orders=[5, 7, 18, 21, 25], cost=579.18, theta_est=462.15
05/02/2026 10:54:03 AM INFO proposed_lbbd_solver - print:  Added optimal optimality cut: factory=3, orders=[1, 4, 13, 16, 19, 24], cost=2419.82, theta_est=389.19
05/02/2026 10:54:03 AM INFO proposed_lbbd_solver - print: >>>Parallel subproblem time: 0.023s for 3 factories
05/02/2026 10:54:03 AM INFO proposed_lbbd_solver - print:  Added optimal optimality cut: factory=2, orders=[11, 13, 14, 18, 24, 25], cost=2544.43, theta_est=670.71
05/02/2026 10:54:03 AM INFO proposed_lbbd_solver - _callback: [Gurobi] Cutting planes:
05/02/2026 10:54:03 AM INFO proposed_lbbd_solver - _callback: [Gurobi] Gomory: 4
05/02/2026 10:54:03 AM INFO proposed_lbbd_solver - _callback: [Gurobi] Cover: 14
05/02/2026 10:54:03 AM INFO proposed_lbbd_solver - _callback: [Gurobi] MIR: 82
05/02/2026 10:54:03 AM INFO proposed_lbbd_solver - _callback: [Gurobi] Lazy constraints: 78
05/02/2026 10:54:03 AM INFO proposed_lbbd_solver - _callback: [Gurobi] Explored 1283 nodes (6607 simplex iterations) in 2.28 seconds (1.50 work units)
05/02/2026 10:54:03 AM INFO proposed_lbbd_solver - _callback: [Gurobi] Thread count was 20 (of 20 available processors)
05/02/2026 10:54:03 AM INFO proposed_lbbd_solver - _callback: [Gurobi] Solution count 8: 9099.8 9010.39 8580.59 ... -0
05/02/2026 10:54:03 AM INFO proposed_lbbd_solver - _callback: [Gurobi] Optimal solution found (tolerance 1.00e-04)
05/02/2026 10:54:03 AM INFO proposed_lbbd_solver - _callback: [Gurobi] Best objective 9.099804993189e+03, best bound 9.099804993189e+03, gap 0.0000%
05/02/2026 10:54:03 AM INFO proposed_lbbd_solver - _callback: [Gurobi] User-callback calls 3654, time in user-callback 1.01 sec
05/02/2026 10:54:03 AM INFO proposed_lbbd_solver - print: 
05/02/2026 10:54:03 AM INFO proposed_lbbd_solver - print: ============================================================
05/02/2026 10:54:03 AM INFO proposed_lbbd_solver - print: Branch-and-Check LBBD Summary
05/02/2026 10:54:03 AM INFO proposed_lbbd_solver - print: ============================================================
05/02/2026 10:54:03 AM INFO proposed_lbbd_solver - print: Status: OPTIMAL
05/02/2026 10:54:03 AM INFO proposed_lbbd_solver - print: Runtime: 2.28s
05/02/2026 10:54:03 AM INFO proposed_lbbd_solver - print: Iterations: 61
05/02/2026 10:54:03 AM INFO proposed_lbbd_solver - print: Initial UB: 32287.43
05/02/2026 10:54:03 AM INFO proposed_lbbd_solver - print: Module times (s): preprocess=0.500, enhancement=0.043, modeling=0.027, solving=2.283
05/02/2026 10:54:03 AM INFO proposed_lbbd_solver - print: Master time: 1.301s
05/02/2026 10:54:03 AM INFO proposed_lbbd_solver - print: Average subproblem time: 0.0140s
05/02/2026 10:54:03 AM INFO proposed_lbbd_solver - print: Lazy cuts added: 78
05/02/2026 10:54:03 AM INFO proposed_lbbd_solver - print:   - feasibility cuts: 4
05/02/2026 10:54:03 AM INFO proposed_lbbd_solver - print:   - optimality cuts: 74
05/02/2026 10:54:03 AM INFO proposed_lbbd_solver - print: Subproblems solved: 180
05/02/2026 10:54:03 AM INFO proposed_lbbd_solver - print: Subproblem time total: 2.52s
05/02/2026 10:54:03 AM INFO proposed_lbbd_solver - print: Subproblem time avg: 0.0140s
05/02/2026 10:54:03 AM INFO proposed_lbbd_solver - print: Best objective: 9099.80
05/02/2026 10:54:03 AM INFO proposed_lbbd_solver - print: Best bound: 9099.80
05/02/2026 10:54:03 AM INFO proposed_lbbd_solver - print: Final MIP gap: 0.00%
05/02/2026 10:54:03 AM INFO proposed_lbbd_solver - print: ============================================================
05/02/2026 10:54:03 AM INFO proposed_lbbd_solver - print: 
05/02/2026 10:54:03 AM INFO proposed_lbbd_solver - print: ------------------------------------------------------------
05/02/2026 10:54:03 AM INFO proposed_lbbd_solver - print: Subproblem Diagnostics
05/02/2026 10:54:03 AM INFO proposed_lbbd_solver - print: ------------------------------------------------------------
05/02/2026 10:54:03 AM INFO proposed_lbbd_solver - print: Total subproblems: 180
05/02/2026 10:54:03 AM INFO proposed_lbbd_solver - print:   infeasible: 4 (2.22%)
05/02/2026 10:54:03 AM INFO proposed_lbbd_solver - print:   optimal: 176 (97.78%)
05/02/2026 10:54:03 AM INFO proposed_lbbd_solver - print: Avg subproblem gap: 0.00% (n=88)
05/02/2026 10:54:03 AM INFO proposed_lbbd_solver - print: Avg subproblem objective: 509.077 (n=176)
05/02/2026 10:54:03 AM INFO proposed_lbbd_solver - print: Avg subproblem bound: 509.077 (n=176)
05/02/2026 10:54:03 AM INFO proposed_lbbd_solver - print: Avg (obj - bound) / |obj|: 0.00%
05/02/2026 10:54:03 AM INFO proposed_lbbd_solver - print: ------------------------------------------------------------
