04/29/2026 02:28:39 AM INFO mip_v1 - setup_solver_logging: ================================================================================
04/29/2026 02:28:39 AM INFO mip_v1 - setup_solver_logging: Logging started. Log file: D:\Project_Code\Paper\DP_LBBD_1\DP_lbbd\Algorithm\Results\mip_v1\small\exp_3f_20j_seed5\log\exp_3f_20j_seed5_running.log
04/29/2026 02:28:39 AM INFO mip_v1 - print: BigM calculated: 152.0
04/29/2026 02:28:39 AM INFO mip_v1 - print: Adding variables...
04/29/2026 02:28:39 AM INFO mip_v1 - print: Total variables: 5720
04/29/2026 02:28:39 AM INFO mip_v1 - print: Adding constraints...
04/29/2026 02:28:39 AM INFO mip_v1 - print: Total constraints: 11440
04/29/2026 02:28:39 AM INFO mip_v1 - print: Setting objective function...
04/29/2026 02:28:39 AM INFO mip_v1 - print: 
04/29/2026 02:28:39 AM INFO mip_v1 - print: ✓ Model LP written to: D:\Project_Code\Paper\DP_LBBD_1\DP_lbbd\Algorithm\MIP\production_model.lp
04/29/2026 02:28:39 AM INFO mip_v1 - print: 
04/29/2026 02:28:39 AM INFO mip_v1 - print: ============================================================
04/29/2026 02:28:39 AM INFO mip_v1 - print: Starting optimization...
04/29/2026 02:28:39 AM INFO mip_v1 - print: ============================================================
04/29/2026 02:28:39 AM INFO mip_v1 - print: Gurobi native log file: D:\Project_Code\Paper\DP_LBBD_1\DP_lbbd\Algorithm\Results\mip_v1\small\exp_3f_20j_seed5\log\exp_3f_20j_seed5_gurobi.log
04/29/2026 02:58:40 AM INFO mip_v1 - print: 
04/29/2026 02:58:40 AM INFO mip_v1 - print: ============================================================
04/29/2026 02:58:40 AM INFO mip_v1 - print: SOLUTION SUMMARY
04/29/2026 02:58:40 AM INFO mip_v1 - print: ============================================================
04/29/2026 02:58:40 AM INFO mip_v1 - print: ⚠ Time limit reached, best solution found:
04/29/2026 02:58:40 AM INFO mip_v1 - print: 
04/29/2026 02:58:40 AM INFO mip_v1 - print: Objective Value (Total Profit): 11278.40
04/29/2026 02:58:40 AM INFO mip_v1 - print: MIP Gap: 30.48%
04/29/2026 02:58:40 AM INFO mip_v1 - print: 
04/29/2026 02:58:40 AM INFO mip_v1 - print: 📋 Accepted Orders (13/20): [2, 3, 5, 6, 8, 9, 12, 13, 14, 15, 16, 17, 19]
04/29/2026 02:58:40 AM INFO mip_v1 - print: 
04/29/2026 02:58:40 AM INFO mip_v1 - print: ------------------------------------------------------------
04/29/2026 02:58:40 AM INFO mip_v1 - print: ORDER ALLOCATION DETAILS
04/29/2026 02:58:40 AM INFO mip_v1 - print: ------------------------------------------------------------
04/29/2026 02:58:40 AM INFO mip_v1 - print: 
04/29/2026 02:58:40 AM INFO mip_v1 - print: Order 2 → Factory 3
04/29/2026 02:58:40 AM INFO mip_v1 - print:   Machine 1: completion time = 37.39
04/29/2026 02:58:40 AM INFO mip_v1 - print:   Machine 2: completion time = 48.92
04/29/2026 02:58:40 AM INFO mip_v1 - print:   Machine 3: completion time = 70.29
04/29/2026 02:58:40 AM INFO mip_v1 - print:   Machine 4: completion time = 85.62
04/29/2026 02:58:40 AM INFO mip_v1 - print:   Machine 5: completion time = 101.56
04/29/2026 02:58:40 AM INFO mip_v1 - print:   Delivery: 106.06 (Deadline: 109.00, Delay: 0.00)
04/29/2026 02:58:40 AM INFO mip_v1 - print: 
04/29/2026 02:58:40 AM INFO mip_v1 - print: Order 3 → Factory 3
04/29/2026 02:58:40 AM INFO mip_v1 - print:   Machine 1: completion time = 25.77
04/29/2026 02:58:40 AM INFO mip_v1 - print:   Machine 2: completion time = 38.10
04/29/2026 02:58:40 AM INFO mip_v1 - print:   Machine 3: completion time = 58.32
04/29/2026 02:58:40 AM INFO mip_v1 - print:   Machine 4: completion time = 73.87
04/29/2026 02:58:40 AM INFO mip_v1 - print:   Machine 5: completion time = 85.77
04/29/2026 02:58:40 AM INFO mip_v1 - print:   Delivery: 88.07 (Deadline: 90.90, Delay: 0.00)
04/29/2026 02:58:40 AM INFO mip_v1 - print: 
04/29/2026 02:58:40 AM INFO mip_v1 - print: Order 5 → Factory 2
04/29/2026 02:58:40 AM INFO mip_v1 - print:   Machine 1: completion time = 55.06
04/29/2026 02:58:40 AM INFO mip_v1 - print:   Machine 2: completion time = 67.19
04/29/2026 02:58:40 AM INFO mip_v1 - print:   Machine 3: completion time = 76.94
04/29/2026 02:58:40 AM INFO mip_v1 - print:   Machine 4: completion time = 88.10
04/29/2026 02:58:40 AM INFO mip_v1 - print:   Delivery: 91.70 (Deadline: 91.70, Delay: 0.00)
04/29/2026 02:58:40 AM INFO mip_v1 - print: 
04/29/2026 02:58:40 AM INFO mip_v1 - print: Order 6 → Factory 1
04/29/2026 02:58:40 AM INFO mip_v1 - print:   Machine 1: completion time = 22.16
04/29/2026 02:58:40 AM INFO mip_v1 - print:   Machine 2: completion time = 31.00
04/29/2026 02:58:40 AM INFO mip_v1 - print:   Machine 3: completion time = 40.32
04/29/2026 02:58:40 AM INFO mip_v1 - print:   Machine 4: completion time = 50.67
04/29/2026 02:58:40 AM INFO mip_v1 - print:   Machine 5: completion time = 60.48
04/29/2026 02:58:40 AM INFO mip_v1 - print:   Delivery: 67.18 (Deadline: 89.50, Delay: 0.00)
04/29/2026 02:58:40 AM INFO mip_v1 - print: 
04/29/2026 02:58:40 AM INFO mip_v1 - print: Order 8 → Factory 2
04/29/2026 02:58:40 AM INFO mip_v1 - print:   Machine 1: completion time = 13.52
04/29/2026 02:58:40 AM INFO mip_v1 - print:   Machine 2: completion time = 24.23
04/29/2026 02:58:40 AM INFO mip_v1 - print:   Machine 3: completion time = 35.52
04/29/2026 02:58:40 AM INFO mip_v1 - print:   Machine 4: completion time = 46.06
04/29/2026 02:58:40 AM INFO mip_v1 - print:   Delivery: 53.26 (Deadline: 84.10, Delay: 0.00)
04/29/2026 02:58:40 AM INFO mip_v1 - print: 
04/29/2026 02:58:40 AM INFO mip_v1 - print: Order 9 → Factory 3
04/29/2026 02:58:40 AM INFO mip_v1 - print:   Machine 1: completion time = 14.89
04/29/2026 02:58:40 AM INFO mip_v1 - print:   Machine 2: completion time = 28.26
04/29/2026 02:58:40 AM INFO mip_v1 - print:   Machine 3: completion time = 43.30
04/29/2026 02:58:40 AM INFO mip_v1 - print:   Machine 4: completion time = 58.87
04/29/2026 02:58:40 AM INFO mip_v1 - print:   Machine 5: completion time = 74.37
04/29/2026 02:58:40 AM INFO mip_v1 - print:   Delivery: 80.07 (Deadline: 90.40, Delay: 0.00)
04/29/2026 02:58:40 AM INFO mip_v1 - print: 
04/29/2026 02:58:40 AM INFO mip_v1 - print: Order 12 → Factory 2
04/29/2026 02:58:40 AM INFO mip_v1 - print:   Machine 1: completion time = 45.13
04/29/2026 02:58:40 AM INFO mip_v1 - print:   Machine 2: completion time = 56.70
04/29/2026 02:58:40 AM INFO mip_v1 - print:   Machine 3: completion time = 67.04
04/29/2026 02:58:40 AM INFO mip_v1 - print:   Machine 4: completion time = 77.52
04/29/2026 02:58:40 AM INFO mip_v1 - print:   Delivery: 84.32 (Deadline: 84.00, Delay: 0.32)
04/29/2026 02:58:40 AM INFO mip_v1 - print: 
04/29/2026 02:58:40 AM INFO mip_v1 - print: Order 13 → Factory 2
04/29/2026 02:58:40 AM INFO mip_v1 - print:   Machine 1: completion time = 26.54
04/29/2026 02:58:40 AM INFO mip_v1 - print:   Machine 2: completion time = 37.71
04/29/2026 02:58:40 AM INFO mip_v1 - print:   Machine 3: completion time = 48.25
04/29/2026 02:58:40 AM INFO mip_v1 - print:   Machine 4: completion time = 59.13
04/29/2026 02:58:40 AM INFO mip_v1 - print:   Delivery: 68.83 (Deadline: 70.20, Delay: 0.00)
04/29/2026 02:58:40 AM INFO mip_v1 - print: 
04/29/2026 02:58:40 AM INFO mip_v1 - print: Order 14 → Factory 2
04/29/2026 02:58:40 AM INFO mip_v1 - print:   Machine 1: completion time = 20.08
04/29/2026 02:58:40 AM INFO mip_v1 - print:   Machine 2: completion time = 30.70
04/29/2026 02:58:40 AM INFO mip_v1 - print:   Machine 3: completion time = 41.95
04/29/2026 02:58:40 AM INFO mip_v1 - print:   Machine 4: completion time = 52.51
04/29/2026 02:58:40 AM INFO mip_v1 - print:   Delivery: 58.41 (Deadline: 62.90, Delay: 0.00)
04/29/2026 02:58:40 AM INFO mip_v1 - print: 
04/29/2026 02:58:40 AM INFO mip_v1 - print: Order 15 → Factory 2
04/29/2026 02:58:40 AM INFO mip_v1 - print:   Machine 1: completion time = 34.53
04/29/2026 02:58:40 AM INFO mip_v1 - print:   Machine 2: completion time = 45.84
04/29/2026 02:58:40 AM INFO mip_v1 - print:   Machine 3: completion time = 56.70
04/29/2026 02:58:40 AM INFO mip_v1 - print:   Machine 4: completion time = 67.04
04/29/2026 02:58:40 AM INFO mip_v1 - print:   Delivery: 76.94 (Deadline: 77.40, Delay: 0.00)
04/29/2026 02:58:40 AM INFO mip_v1 - print: 
04/29/2026 02:58:40 AM INFO mip_v1 - print: Order 16 → Factory 3
04/29/2026 02:58:40 AM INFO mip_v1 - print:   Machine 1: completion time = 54.87
04/29/2026 02:58:40 AM INFO mip_v1 - print:   Machine 2: completion time = 70.29
04/29/2026 02:58:40 AM INFO mip_v1 - print:   Machine 3: completion time = 85.62
04/29/2026 02:58:40 AM INFO mip_v1 - print:   Machine 4: completion time = 101.56
04/29/2026 02:58:40 AM INFO mip_v1 - print:   Machine 5: completion time = 117.70
04/29/2026 02:58:40 AM INFO mip_v1 - print:   Delivery: 121.60 (Deadline: 121.60, Delay: 0.00)
04/29/2026 02:58:40 AM INFO mip_v1 - print: 
04/29/2026 02:58:40 AM INFO mip_v1 - print: Order 17 → Factory 1
04/29/2026 02:58:40 AM INFO mip_v1 - print:   Machine 1: completion time = 32.76
04/29/2026 02:58:40 AM INFO mip_v1 - print:   Machine 2: completion time = 42.91
04/29/2026 02:58:40 AM INFO mip_v1 - print:   Machine 3: completion time = 52.95
04/29/2026 02:58:40 AM INFO mip_v1 - print:   Machine 4: completion time = 64.49
04/29/2026 02:58:40 AM INFO mip_v1 - print:   Machine 5: completion time = 91.60
04/29/2026 02:58:40 AM INFO mip_v1 - print:   Delivery: 96.00 (Deadline: 101.70, Delay: 0.00)
04/29/2026 02:58:40 AM INFO mip_v1 - print: 
04/29/2026 02:58:40 AM INFO mip_v1 - print: Order 19 → Factory 1
04/29/2026 02:58:40 AM INFO mip_v1 - print:   Machine 1: completion time = 47.19
04/29/2026 02:58:40 AM INFO mip_v1 - print:   Machine 2: completion time = 61.44
04/29/2026 02:58:40 AM INFO mip_v1 - print:   Machine 3: completion time = 75.53
04/29/2026 02:58:40 AM INFO mip_v1 - print:   Machine 4: completion time = 91.60
04/29/2026 02:58:40 AM INFO mip_v1 - print:   Machine 5: completion time = 106.25
04/29/2026 02:58:40 AM INFO mip_v1 - print:   Delivery: 110.85 (Deadline: 110.20, Delay: 0.65)
04/29/2026 02:58:40 AM INFO mip_v1 - print: 
04/29/2026 02:58:40 AM INFO mip_v1 - print: ------------------------------------------------------------
04/29/2026 02:58:40 AM INFO mip_v1 - print: COST BREAKDOWN
04/29/2026 02:58:40 AM INFO mip_v1 - print: ------------------------------------------------------------
04/29/2026 02:58:40 AM INFO mip_v1 - print: Total Revenue:          +    25946.00
04/29/2026 02:58:40 AM INFO mip_v1 - print: Production Cost:        -    10316.32
04/29/2026 02:58:40 AM INFO mip_v1 - print: Transport Cost:         -     4283.45
04/29/2026 02:58:40 AM INFO mip_v1 - print: Delay Penalty:          -       67.83
04/29/2026 02:58:40 AM INFO mip_v1 - print: ------------------------------------------------------------
04/29/2026 02:58:40 AM INFO mip_v1 - print: Total Profit:           =    11278.40
