
Gurobi 10.0.1 (win64) logging started Tue Apr 28 19:47:15 2026

Set parameter LogFile to value "D:\Project_Code\Paper\DP_LBBD_1\DP_lbbd\Algorithm\Results\mip_v1\medium\exp_5f_50j_seed5\log\exp_5f_50j_seed5_gurobi.log"
Set parameter LogToConsole to value 0
Gurobi Optimizer version 10.0.1 build v10.0.1rc0 (win64)

CPU model: Intel(R) Core(TM) Ultra 7 265KF, instruction set [SSE2|AVX|AVX2]
Thread count: 20 physical cores, 20 logical processors, using up to 20 threads

Optimize a model with 110871 rows, 55400 columns and 546442 nonzeros
Model fingerprint: 0x9b6d7acf
Variable types: 1200 continuous, 54200 integer (54200 binary)
Coefficient statistics:
  Matrix range     [1e+00, 1e+02]
  Objective range  [5e+01, 3e+03]
  Bounds range     [1e+00, 1e+02]
  RHS range        [1e+00, 4e+02]
Found heuristic solution: objective -0.0000000
Presolve removed 60135 rows and 29982 columns
Presolve time: 0.84s
Presolved: 50736 rows, 25418 columns, 248658 nonzeros
Variable types: 840 continuous, 24578 integer (24578 binary)

Deterministic concurrent LP optimizer: primal and dual simplex (primal and dual model)
Showing first log only...

Root relaxation presolved: 50736 rows, 25418 columns, 248658 nonzeros

Concurrent spin time: 0.05s

Solved with dual simplex (primal model)

Root relaxation: objective 2.617334e+04, 3820 iterations, 0.39 seconds (0.36 work units)

    Nodes    |    Current Node    |     Objective Bounds      |     Work
 Expl Unexpl |  Obj  Depth IntInf | Incumbent    BestBd   Gap | It/Node Time

     0     0 26173.3379    0 1122   -0.00000 26173.3379      -     -    5s
H    0     0                    7654.6190479 26173.3379   242%     -    5s
     0     0 26173.3379    0  801 7654.61905 26173.3379   242%     -   14s
H    0     0                    8526.9988084 26173.3379   207%     -   14s
H    0     0                    10914.633990 26173.3379   140%     -   18s
H    0     0                    12316.282443 26173.3379   113%     -   18s
     0     0 26173.3379    0  729 12316.2824 26173.3379   113%     -   18s
     0     0 26173.3379    0  739 12316.2824 26173.3379   113%     -   21s
     0     0 26173.3379    0  836 12316.2824 26173.3379   113%     -   22s
H    0     0                    12346.550055 26173.3379   112%     -   23s
     0     0 26173.3379    0  760 12346.5501 26173.3379   112%     -   23s
     0     0 26173.3379    0  834 12346.5501 26173.3379   112%     -   24s
     0     0 26173.3379    0  745 12346.5501 26173.3379   112%     -   26s
     0     0 26173.3379    0  790 12346.5501 26173.3379   112%     -   26s
     0     0 26173.3379    0  706 12346.5501 26173.3379   112%     -   28s
     0     0 26173.3379    0  787 12346.5501 26173.3379   112%     -   29s
     0     0 26173.3379    0  725 12346.5501 26173.3379   112%     -   31s
     0     0 26173.3379    0  699 12346.5501 26173.3379   112%     -   32s
     0     2 26173.3379    0  696 12346.5501 26173.3379   112%     -   34s
     3     8 26172.7678    2  735 12346.5501 26173.3379   112%   871   35s
H   31    52                    12375.086358 26172.8865   111%  2075   65s
H   32    52                    13375.014719 26172.8865  95.7%  2088   65s
    91   108 26158.3713    7  748 13375.0147 26171.4719  95.7%  1540   70s
H   96   108                    13397.805289 26171.4719  95.3%  1486   70s
   205   207 26145.1696   12  789 13397.8053 26171.4719  95.3%   999   76s
H  269   255                    13560.596648 26171.4719  93.0%   915   81s
   334   315 26153.9266   16  662 13560.5966 26171.4719  93.0%   806   86s
   407   384 26153.9266   18  664 13560.5966 26171.4719  93.0%   729   90s
H  410   384                    13560.596652 26171.4719  93.0%   725   90s
   521   531 26153.9266   21  656 13560.5967 26171.4719  93.0%   632   95s
   712   666 26150.3681   25  706 13560.5967 26171.4719  93.0%   530  101s
H  724   666                    13560.596653 26171.4719  93.0%   527  101s
   936   899 26087.5344   29  648 13560.5967 26171.4719  93.0%   441  106s
  1065  1020 26053.5604   32  575 13560.5967 26171.4719  93.0%   413  111s
  1209  1198 25671.0714   36  646 13560.5967 26171.4719  93.0%   382  116s
  1682  1564 25223.6389   45  639 13560.5967 26171.4719  93.0%   311  123s
  1788  1707 24824.6772   49  587 13560.5967 26171.4719  93.0%   301  126s
  2169  2072 24824.6772   56  572 13560.5967 26171.4719  93.0%   272  132s
  2618  2309 23769.9187   77  551 13560.5967 26171.4719  93.0%   248  138s
  2705  2502 23774.8837   78  537 13560.5967 26171.4719  93.0%   244  141s
  2924  2645 23235.9692   89  505 13560.5967 26171.4719  93.0%   236  145s
  3332  3113 22469.2575  101  500 13560.5967 26171.4719  93.0%   221  150s
  3620  3311 22469.2575  104  477 13560.5967 26171.4719  93.0%   213  155s
  4176  3787 21227.4816  119  391 13560.5967 26171.4719  93.0%   202  163s
  4434  3788 23755.1650   65  699 13560.5967 26171.4719  93.0%   197  184s
  4436  3789 18446.3723   82  962 13560.5967 26171.4719  93.0%   197  201s
  4441  3794 18831.6108  116  699 13560.5967 26171.4719  93.0%   198  205s
  4443  3795 25513.9408   41  441 13560.5967 26171.4719  93.0%   198  210s
  4543  3883 25826.8928   30  327 13560.5967 26171.4719  93.0%   3.6  215s
  4603  3923 25083.3473   31  321 13560.5967 26171.4719  93.0%   6.9  220s
  4928  4155 25508.1221   38  298 13560.5967 26171.4719  93.0%  11.0  225s
  5575  4587 24634.5994   52  274 13560.5967 26171.4719  93.0%  16.9  230s
  6234  5008 24229.9429   67  236 13560.5967 26171.4719  93.0%  20.0  235s
  6909  5427 23002.4653   83  212 13560.5967 26171.4719  93.0%  21.6  240s
  7814  6002 21724.0998  100  194 13560.5967 26171.4719  93.0%  22.9  245s
  8743  6466 20699.7031  117  163 13560.5967 26171.4719  93.0%  23.8  250s
  9550  6889 19387.6950  134  146 13560.5967 26171.4719  93.0%  24.4  256s
H 9872  6786                    13770.897131 26171.4719  90.0%  24.5  259s
 10136  6866 16780.4575  148  117 13770.8971 26171.4719  90.0%  24.5  261s
 11105  7321 14850.6542  169   82 13770.8971 26171.4719  90.0%  25.3  265s
 11950  7828 25765.1484   37  308 13770.8971 26171.4719  90.0%  26.5  270s
 12852  8224 22948.5341   74  233 13770.8971 26171.4719  90.0%  26.9  275s
*14075  8498             280    14120.033127 26171.4719  85.3%  28.0  279s
 14287  8958 26168.9577   36  307 14120.0331 26171.4719  85.3%  28.2  281s
 15489  9855 20105.8527  107  178 14120.0331 26171.4719  85.3%  28.8  286s
H16099  9788                    14491.870018 26171.4719  80.6%  29.1  289s
 16159 10292 17875.2290  144  146 14491.8700 26171.4719  80.6%  29.1  292s
H17448 11056                    14741.035371 26171.4719  77.5%  29.6  299s
H17500 10927                    14906.520948 26171.4719  75.6%  29.7  299s
 17873 11647 24633.0346   71  233 14906.5209 26171.4719  75.6%  29.7  302s
 18772 12005 18957.7129  135  110 14906.5209 26171.4719  75.6%  29.8  306s
H18834 12001                    14915.224448 26171.4719  75.5%  29.8  306s
H19220 11874                    15144.755796 26171.4719  72.8%  29.9  306s
 20132 13401 24308.6470   69  218 15144.7558 26171.4719  72.8%  30.3  312s
 20983 13919 16355.8436  119  123 15144.7558 26171.4719  72.8%  30.7  316s
 21784 13934 22361.1790   90  204 15144.7558 26171.4719  72.8%  30.9  326s
H21804 13875                    15260.366719 26171.4719  71.5%  30.9  326s
 21809 14602 21958.4451   91  213 15260.3667 26171.4719  71.5%  31.0  331s
 22610 14833 16064.3979  139  116 15260.3667 26171.4719  71.5%  31.3  460s
H22718 14599                    15545.782665 26171.4719  68.4%  31.3  460s
 22892 16577 22531.2962   89  237 15545.7827 26171.4719  68.4%  31.4  477s
H24353 16502                    15681.185492 26171.4719  66.9%  32.0  477s
 25303 16876 25083.5977   67  246 15681.1855 26171.4719  66.9%  32.6  483s
 25701 17903 25045.5476   73  233 15681.1855 26171.4719  66.9%  32.8  488s
 26730 18486 24167.9522   84  242 15681.1855 26171.4719  66.9%  33.4  494s
 27335 19826 24227.0068   84  227 15681.1855 26171.4719  66.9%  33.5  499s
 28679 20309 23097.9528   94  218 15681.1855 26171.4719  66.9%  33.7  504s
 29178 21114 23141.3008  102  230 15681.1855 26171.4719  66.9%  33.8  509s
 30043 21766 22652.9633  117  229 15681.1855 26171.4719  66.9%  33.8  514s
H30246 21740                    15705.551316 26171.4719  66.6%  33.8  514s
 30731 23217 22652.9633  118  228 15705.5513 26171.4719  66.6%  33.7  522s
 32352 24347 21951.0656  129  210 15705.5513 26171.4719  66.6%  33.3  531s
H33465 24347                    15705.551317 26171.4719  66.6%  33.1  531s
 33644 25756 20670.7305  150  154 15705.5513 26171.4719  66.6%  33.1  538s
 35322 26275 18678.0416  177  108 15705.5513 26171.4719  66.6%  32.8  546s
 36031 28055 18678.0416  186  101 15705.5513 26171.4719  66.6%  32.7  554s
 38118 29667 17308.7036  199   85 15705.5513 26171.4719  66.6%  32.6  562s
 39949 31371 16694.2743  230   54 15705.5513 26171.4719  66.6%  32.4  571s
 41897 33307 23899.6448   67  230 15705.5513 26171.4719  66.6%  32.2  581s
 44142 34770 16104.6409  213   24 15705.5513 26171.4719  66.6%  31.8  590s
 46144 34771 22397.3602  101  699 15705.5513 26171.4719  66.6%  31.8  940s
 46146 34772 20825.1996  109  441 15705.5513 26171.4719  66.6%  31.8  947s
 46149 34774 24344.9350   85  320 15705.5513 26072.5055  66.0%  31.8  953s
 46153 34777 22242.9537   67  324 15705.5513 26059.8361  65.9%  31.8  955s
 46155 34778 23643.6329   76  327 15705.5513 26059.8352  65.9%  31.8  969s
 46157 34780 25591.8638   38  349 15705.5513 26059.8299  65.9%  31.8  981s
 46159 34781 26059.8299   35  335 15705.5513 26059.8299  65.9%  31.8  990s
 46160 34782 24946.7660   81  319 15705.5513 26059.7860  65.9%  31.8  998s
 46161 34782 17587.7509  141  336 15705.5513 26059.7860  65.9%  31.8 1004s
 46163 34784 24407.0638   80  341 15705.5513 26059.7860  65.9%  31.8 1012s
 46164 34784 22453.7729   81  325 15705.5513 26059.7860  65.9%  31.8 1022s
 46165 34785 16058.0321  202  359 15705.5513 26059.7860  65.9%  31.8 1028s
 46166 34786 23990.6350   72  338 15705.5513 26059.7860  65.9%  31.8 1034s
 46167 34786 24799.1961   66  334 15705.5513 26059.7860  65.9%  31.8 1040s
 46168 34787 24930.7525   60  367 15705.5513 26059.7860  65.9%  31.8 1048s
 46169 34788 19310.7500  153  363 15705.5513 26059.7860  65.9%  31.8 1055s
 46170 34788 21486.1280  130  334 15705.5513 26059.7860  65.9%  31.8 1062s
 46175 34793 19331.5321  151  441 15705.5513 26059.7860  65.9%  32.3 1070s
 46180 34797 22086.1042   98  280 15705.5513 26059.7860  65.9%  32.3 1076s
 46186 34801 25139.8398   54  279 15705.5513 26059.7860  65.9%  32.3 1091s
 46188 34802 20904.0215  157  305 15705.5513 26059.7860  65.9%  32.3 1104s
 46189 34803 21516.2168  140  304 15705.5513 26059.7860  65.9%  32.3 1113s
 46190 34803 22371.6580   98  300 15705.5513 26059.7860  65.9%  32.3 1122s
 46192 34805 20490.5784  159  315 15705.5513 26059.7860  65.9%  32.3 1129s
 46194 34806 22152.9323  121  304 15705.5513 26059.7860  65.9%  32.3 1137s
 46195 34807 24489.6400   78  308 15705.5513 26059.7860  65.9%  32.3 1148s
 46196 34807 22217.3946  101  307 15705.5513 26059.7860  65.9%  32.2 1157s
 46197 34808 17631.4733  135  317 15705.5513 26059.7860  65.9%  32.2 1164s
 46198 34809 20337.0915   91  308 15705.5513 26059.7860  65.9%  32.2 1171s
 46199 34809 21566.4747   93  327 15705.5513 26059.7860  65.9%  32.2 1179s
 46200 34810 19324.8233  116  322 15705.5513 26059.7860  65.9%  32.2 1186s
 46201 34811 18831.3981  127  306 15705.5513 26059.7860  65.9%  32.2 1195s
 46204 34816 26056.1923   44  305 15705.5513 26056.1923  65.9%  32.6 1205s
 46254 34867 26000.9831   49  353 15705.5513 26054.3073  65.9%  33.4 1210s
H46359 33183                    15705.551319 26054.3073  65.9%  34.1 1213s
 46470 33253 25856.2433   54  340 15705.5513 26054.3073  65.9%  34.6 1217s
H46482 31595                    15705.551320 26054.3073  65.9%  34.7 1217s
 46692 31745 25747.7860   58  352 15705.5513 26054.3073  65.9%  35.2 1220s
 47195 32004 24799.8037   65  343 15705.5513 26054.3073  65.9%  36.2 1225s
 47658 32254 25368.3009   72  313 15705.5513 26054.3073  65.9%  37.2 1230s
 48226 32426 24096.9006   82  270 15705.5513 26054.3073  65.9%  38.1 1238s
H48242 30849                    15705.551322 26054.3073  65.9%  38.1 1238s
 48384 31015 24460.4984   85  261 15705.5513 26054.3073  65.9%  38.3 1240s
 48534 30984 24350.4298   88  268 15705.5513 26054.3073  65.9%  38.6 1254s
 48554 31034 24350.4298   89  262 15705.5513 26054.3073  65.9%  38.6 1257s
H48619 29520                    15705.551324 26054.3073  65.9%  38.7 1257s
 48750 29659 24044.3570   92  297 15705.5513 26054.3073  65.9%  39.0 1261s
H48959 28293                    15705.551325 26054.3073  65.9%  39.5 1267s
 49258 28770 23078.7838  103  252 15705.5513 26054.3073  65.9%  39.8 1271s
 50050 29166 21879.1161  121  265 15705.5513 26054.3073  65.9%  40.5 1277s
 50868 29705 19520.1673  141  223 15705.5513 26054.3073  65.9%  41.0 1282s
 51356 29980 20370.9450  149  200 15705.5513 26054.3073  65.9%  41.3 1286s
 52364 30334 17736.1839  175  161 15705.5513 26054.3073  65.9%  41.8 1292s
 52797 30580 17541.3729  187  147 15705.5513 26054.3073  65.9%  42.1 1297s
H53175 29107                    15705.551327 26054.3073  65.9%  42.3 1297s
 53278 29506     cutoff  205      15705.5513 26049.5799  65.9%  42.3 1300s
 53822 29602 26047.8162   49  311 15705.5513 26049.1382  65.9%  42.7 1307s
 54144 30071 24993.8312   57  336 15705.5513 26049.1382  65.9%  42.9 1311s
 54862 30295 24273.6872   72  292 15705.5513 26049.1382  65.9%  43.1 1315s
 56161 31051 23140.7178  103  265 15705.5513 26049.1382  65.9%  43.8 1324s
 56885 31458 22837.5026  115  235 15705.5513 26049.1382  65.9%  43.9 1329s
 57702 31711 21978.6487  126  214 15705.5513 26049.1382  65.9%  44.1 1333s
 58316 32219 20510.0812  139  192 15705.5513 26049.1382  65.9%  44.5 1338s
 59247 32426 19501.4904  158  134 15705.5513 26049.1382  65.9%  44.7 1342s
 59986 32861 16878.0235  181  101 15705.5513 26049.1382  65.9%  45.1 1346s
 60747 33598     cutoff  206      15705.5513 26045.8307  65.8%  45.7 1352s
 61920 33559 22681.6942   72  294 15705.5513 26036.4535  65.8%  45.9 1550s
 62310 33865 21348.2357   91  258 15705.5513 26036.4535  65.8%  46.2 1555s
 62894 33855 19372.4723  116  176 15705.5513 26036.4535  65.8%  46.4 1562s
 63159 34396 18505.8854  132  175 15705.5513 26019.7571  65.7%  46.5 1569s
 63964 34615 25021.5700   69  282 15705.5513 26017.5431  65.7%  47.2 1578s
 64493 35476 23866.8698   78  268 15705.5513 26017.2127  65.7%  47.5 1587s
 65865 35543 25271.4272   56  385 15705.5513 26016.3822  65.7%  48.0 1595s
 66460 35824 22551.6978   75  236 15705.5513 26016.3822  65.7%  48.3 1608s
H66470 34540                    15705.551328 26016.3822  65.7%  48.3 1608s
H66713 33216                    15902.100405 26016.3822  63.6%  48.4 1608s
 67084 33695 19817.7358  103  173 15902.1004 26016.1597  63.6%  48.5 1618s
 67916 34541 24746.3898   58  338 15902.1004 26012.1174  63.6%  48.9 1630s
H68218 33286                    15902.100407 26012.1174  63.6%  49.0 1630s
H68741 32014                    15902.100503 26012.1174  63.6%  49.2 1630s
 69327 34977 25213.1080   54  313 15902.1005 26007.2121  63.5%  49.4 1658s
 73454 33807 18049.8950  118  169 15902.1005 26005.6364  63.5%  51.0 1665s
 73724 34704 25906.4045   57  300 15902.1005 26005.6364  63.5%  51.1 1672s
 74947 34825 19233.3698  105  207 15902.1005 26004.8199  63.5%  51.5 1680s
 75600 35636 25447.8685   61  295 15902.1005 26004.5828  63.5%  51.7 1687s
 76911 36247 19924.8763   91  214 15902.1005 26004.5828  63.5%  52.4 1696s
 78199 37166 18403.2255  117  191 15902.1005 26004.5828  63.5%  52.9 1704s
 78301 37132 infeasible  163      15902.1005 26004.5828  63.5%  52.9 1705s
 79693 38457 17220.4407  135  137 15902.1005 25999.9580  63.5%  53.5 1716s
 81780 37781 23195.2278   72  288 15902.1005 25998.1898  63.5%  53.4 1736s
 81800 39397 23186.9465   73  285 15902.1005 25998.1898  63.5%  53.4 1748s
 83626 39638 23458.0915   69  273 15902.1005 25998.1898  63.5%  53.5 1757s
 84752 40809 20676.3156  103  189 15902.1005 25998.1898  63.5%  53.6 1771s
 86733 41357 23061.4195  107  209 15902.1005 25998.1898  63.5%  53.9 1784s
 88081 42680 infeasible  202      15902.1005 25997.5254  63.5%  54.1 1798s
 90302 41959 18310.6724  142  145 15902.1005 25997.3486  63.5%  54.4 1800s

Cutting planes:
  Learned: 130
  Gomory: 651
  Lift-and-project: 1
  Cover: 29
  Projected implied bound: 3
  MIR: 316
  Flow cover: 474
  Network: 1
  Relax-and-lift: 1

Explored 90322 nodes (5821096 simplex iterations) in 1800.55 seconds (402.25 work units)
Thread count was 20 (of 20 available processors)

Solution count 10: 15902.1 15902.1 15902.1 ... 15705.6

Time limit reached
Best objective 1.590210050289e+04, best bound 2.599734857321e+04, gap 63.4837%
