04/28/2026 07:47:12 PM INFO mip_v1 - setup_solver_logging: ================================================================================
04/28/2026 07:47:12 PM INFO mip_v1 - setup_solver_logging: Logging started. Log file: D:\Project_Code\Paper\DP_LBBD_1\DP_lbbd\Algorithm\Results\mip_v1\medium\exp_5f_50j_seed5\log\exp_5f_50j_seed5_running.log
04/28/2026 07:47:12 PM INFO mip_v1 - print: BigM calculated: 143.4
04/28/2026 07:47:12 PM INFO mip_v1 - print: Adding variables...
04/28/2026 07:47:12 PM INFO mip_v1 - print: Total variables: 55400
04/28/2026 07:47:12 PM INFO mip_v1 - print: Adding constraints...
04/28/2026 07:47:15 PM INFO mip_v1 - print: Total constraints: 110871
04/28/2026 07:47:15 PM INFO mip_v1 - print: Setting objective function...
04/28/2026 07:47:15 PM INFO mip_v1 - print: 
04/28/2026 07:47:15 PM INFO mip_v1 - print: ✓ Model LP written to: D:\Project_Code\Paper\DP_LBBD_1\DP_lbbd\Algorithm\MIP\production_model.lp
04/28/2026 07:47:15 PM INFO mip_v1 - print: 
04/28/2026 07:47:15 PM INFO mip_v1 - print: ============================================================
04/28/2026 07:47:15 PM INFO mip_v1 - print: Starting optimization...
04/28/2026 07:47:15 PM INFO mip_v1 - print: ============================================================
04/28/2026 07:47:15 PM INFO mip_v1 - print: Gurobi native log file: D:\Project_Code\Paper\DP_LBBD_1\DP_lbbd\Algorithm\Results\mip_v1\medium\exp_5f_50j_seed5\log\exp_5f_50j_seed5_gurobi.log
04/28/2026 08:17:16 PM INFO mip_v1 - print: 
04/28/2026 08:17:16 PM INFO mip_v1 - print: ============================================================
04/28/2026 08:17:16 PM INFO mip_v1 - print: SOLUTION SUMMARY
04/28/2026 08:17:16 PM INFO mip_v1 - print: ============================================================
04/28/2026 08:17:16 PM INFO mip_v1 - print: ⚠ Time limit reached, best solution found:
04/28/2026 08:17:16 PM INFO mip_v1 - print: 
04/28/2026 08:17:16 PM INFO mip_v1 - print: Objective Value (Total Profit): 15902.10
04/28/2026 08:17:16 PM INFO mip_v1 - print: MIP Gap: 63.48%
04/28/2026 08:17:16 PM INFO mip_v1 - print: 
04/28/2026 08:17:16 PM INFO mip_v1 - print: 📋 Accepted Orders (33/50): [2, 3, 5, 7, 8, 11, 13, 16, 17, 19, 22, 23, 24, 25, 26, 29, 32, 34, 35, 36, 37, 38, 39, 40, 41, 43, 44, 45, 46, 47, 48, 49, 50]
04/28/2026 08:17:16 PM INFO mip_v1 - print: 
04/28/2026 08:17:16 PM INFO mip_v1 - print: ------------------------------------------------------------
04/28/2026 08:17:16 PM INFO mip_v1 - print: ORDER ALLOCATION DETAILS
04/28/2026 08:17:16 PM INFO mip_v1 - print: ------------------------------------------------------------
04/28/2026 08:17:16 PM INFO mip_v1 - print: 
04/28/2026 08:17:16 PM INFO mip_v1 - print: Order 2 → Factory 5
04/28/2026 08:17:16 PM INFO mip_v1 - print:   Machine 1: completion time = 44.51
04/28/2026 08:17:16 PM INFO mip_v1 - print:   Machine 2: completion time = 58.79
04/28/2026 08:17:16 PM INFO mip_v1 - print:   Machine 3: completion time = 69.41
04/28/2026 08:17:16 PM INFO mip_v1 - print:   Delivery: 72.81 (Deadline: 74.00, Delay: 0.00)
04/28/2026 08:17:16 PM INFO mip_v1 - print: 
04/28/2026 08:17:16 PM INFO mip_v1 - print: Order 3 → Factory 2
04/28/2026 08:17:16 PM INFO mip_v1 - print:   Machine 1: completion time = 51.83
04/28/2026 08:17:16 PM INFO mip_v1 - print:   Machine 2: completion time = 61.50
04/28/2026 08:17:16 PM INFO mip_v1 - print:   Machine 3: completion time = 71.69
04/28/2026 08:17:16 PM INFO mip_v1 - print:   Machine 4: completion time = 82.75
04/28/2026 08:17:16 PM INFO mip_v1 - print:   Delivery: 87.85 (Deadline: 106.60, Delay: 0.00)
04/28/2026 08:17:16 PM INFO mip_v1 - print: 
04/28/2026 08:17:16 PM INFO mip_v1 - print: Order 5 → Factory 3
04/28/2026 08:17:16 PM INFO mip_v1 - print:   Machine 1: completion time = 33.27
04/28/2026 08:17:16 PM INFO mip_v1 - print:   Machine 2: completion time = 43.70
04/28/2026 08:17:16 PM INFO mip_v1 - print:   Machine 3: completion time = 52.78
04/28/2026 08:17:16 PM INFO mip_v1 - print:   Machine 4: completion time = 62.98
04/28/2026 08:17:16 PM INFO mip_v1 - print:   Machine 5: completion time = 75.58
04/28/2026 08:17:16 PM INFO mip_v1 - print:   Delivery: 79.78 (Deadline: 90.30, Delay: 0.00)
04/28/2026 08:17:16 PM INFO mip_v1 - print: 
04/28/2026 08:17:16 PM INFO mip_v1 - print: Order 7 → Factory 3
04/28/2026 08:17:16 PM INFO mip_v1 - print:   Machine 1: completion time = 43.02
04/28/2026 08:17:16 PM INFO mip_v1 - print:   Machine 2: completion time = 55.82
04/28/2026 08:17:16 PM INFO mip_v1 - print:   Machine 3: completion time = 66.71
04/28/2026 08:17:16 PM INFO mip_v1 - print:   Machine 4: completion time = 78.61
04/28/2026 08:17:16 PM INFO mip_v1 - print:   Machine 5: completion time = 90.09
04/28/2026 08:17:16 PM INFO mip_v1 - print:   Delivery: 96.99 (Deadline: 98.30, Delay: 0.00)
04/28/2026 08:17:16 PM INFO mip_v1 - print: 
04/28/2026 08:17:16 PM INFO mip_v1 - print: Order 8 → Factory 4
04/28/2026 08:17:16 PM INFO mip_v1 - print:   Machine 1: completion time = 27.33
04/28/2026 08:17:16 PM INFO mip_v1 - print:   Machine 2: completion time = 38.95
04/28/2026 08:17:16 PM INFO mip_v1 - print:   Machine 3: completion time = 63.19
04/28/2026 08:17:16 PM INFO mip_v1 - print:   Machine 4: completion time = 73.66
04/28/2026 08:17:16 PM INFO mip_v1 - print:   Machine 5: completion time = 82.92
04/28/2026 08:17:16 PM INFO mip_v1 - print:   Delivery: 88.92 (Deadline: 91.00, Delay: 0.00)
04/28/2026 08:17:16 PM INFO mip_v1 - print: 
04/28/2026 08:17:16 PM INFO mip_v1 - print: Order 11 → Factory 2
04/28/2026 08:17:16 PM INFO mip_v1 - print:   Machine 1: completion time = 76.36
04/28/2026 08:17:16 PM INFO mip_v1 - print:   Machine 2: completion time = 87.86
04/28/2026 08:17:16 PM INFO mip_v1 - print:   Machine 3: completion time = 97.80
04/28/2026 08:17:16 PM INFO mip_v1 - print:   Machine 4: completion time = 107.57
04/28/2026 08:17:16 PM INFO mip_v1 - print:   Delivery: 108.27 (Deadline: 115.00, Delay: 0.00)
04/28/2026 08:17:16 PM INFO mip_v1 - print: 
04/28/2026 08:17:16 PM INFO mip_v1 - print: Order 13 → Factory 5
04/28/2026 08:17:16 PM INFO mip_v1 - print:   Machine 1: completion time = 28.91
04/28/2026 08:17:16 PM INFO mip_v1 - print:   Machine 2: completion time = 41.17
04/28/2026 08:17:16 PM INFO mip_v1 - print:   Machine 3: completion time = 51.08
04/28/2026 08:17:16 PM INFO mip_v1 - print:   Delivery: 56.48 (Deadline: 69.10, Delay: 0.00)
04/28/2026 08:17:16 PM INFO mip_v1 - print: 
04/28/2026 08:17:16 PM INFO mip_v1 - print: Order 16 → Factory 5
04/28/2026 08:17:16 PM INFO mip_v1 - print:   Machine 1: completion time = 21.54
04/28/2026 08:17:16 PM INFO mip_v1 - print:   Machine 2: completion time = 33.28
04/28/2026 08:17:16 PM INFO mip_v1 - print:   Machine 3: completion time = 43.48
04/28/2026 08:17:16 PM INFO mip_v1 - print:   Delivery: 46.08 (Deadline: 64.90, Delay: 0.00)
04/28/2026 08:17:16 PM INFO mip_v1 - print: 
04/28/2026 08:17:16 PM INFO mip_v1 - print: Order 17 → Factory 5
04/28/2026 08:17:16 PM INFO mip_v1 - print:   Machine 1: completion time = 52.57
04/28/2026 08:17:16 PM INFO mip_v1 - print:   Machine 2: completion time = 67.39
04/28/2026 08:17:16 PM INFO mip_v1 - print:   Machine 3: completion time = 78.24
04/28/2026 08:17:16 PM INFO mip_v1 - print:   Delivery: 81.24 (Deadline: 91.70, Delay: 0.00)
04/28/2026 08:17:16 PM INFO mip_v1 - print: 
04/28/2026 08:17:16 PM INFO mip_v1 - print: Order 19 → Factory 4
04/28/2026 08:17:16 PM INFO mip_v1 - print:   Machine 1: completion time = 35.12
04/28/2026 08:17:16 PM INFO mip_v1 - print:   Machine 2: completion time = 47.18
04/28/2026 08:17:16 PM INFO mip_v1 - print:   Machine 3: completion time = 54.03
04/28/2026 08:17:16 PM INFO mip_v1 - print:   Machine 4: completion time = 61.37
04/28/2026 08:17:16 PM INFO mip_v1 - print:   Machine 5: completion time = 68.07
04/28/2026 08:17:16 PM INFO mip_v1 - print:   Delivery: 73.97 (Deadline: 76.40, Delay: 0.00)
04/28/2026 08:17:16 PM INFO mip_v1 - print: 
04/28/2026 08:17:16 PM INFO mip_v1 - print: Order 22 → Factory 5
04/28/2026 08:17:16 PM INFO mip_v1 - print:   Machine 1: completion time = 71.87
04/28/2026 08:17:16 PM INFO mip_v1 - print:   Machine 2: completion time = 88.53
04/28/2026 08:17:16 PM INFO mip_v1 - print:   Machine 3: completion time = 100.00
04/28/2026 08:17:16 PM INFO mip_v1 - print:   Delivery: 100.80 (Deadline: 108.70, Delay: 0.00)
04/28/2026 08:17:16 PM INFO mip_v1 - print: 
04/28/2026 08:17:16 PM INFO mip_v1 - print: Order 23 → Factory 1
04/28/2026 08:17:16 PM INFO mip_v1 - print:   Machine 1: completion time = 73.64
04/28/2026 08:17:16 PM INFO mip_v1 - print:   Machine 2: completion time = 82.85
04/28/2026 08:17:16 PM INFO mip_v1 - print:   Machine 3: completion time = 92.56
04/28/2026 08:17:16 PM INFO mip_v1 - print:   Machine 4: completion time = 102.71
04/28/2026 08:17:16 PM INFO mip_v1 - print:   Machine 5: completion time = 112.43
04/28/2026 08:17:16 PM INFO mip_v1 - print:   Delivery: 116.63 (Deadline: 112.10, Delay: 4.53)
04/28/2026 08:17:16 PM INFO mip_v1 - print: 
04/28/2026 08:17:16 PM INFO mip_v1 - print: Order 24 → Factory 3
04/28/2026 08:17:16 PM INFO mip_v1 - print:   Machine 1: completion time = 54.05
04/28/2026 08:17:16 PM INFO mip_v1 - print:   Machine 2: completion time = 68.03
04/28/2026 08:17:16 PM INFO mip_v1 - print:   Machine 3: completion time = 79.63
04/28/2026 08:17:16 PM INFO mip_v1 - print:   Machine 4: completion time = 92.28
04/28/2026 08:17:16 PM INFO mip_v1 - print:   Machine 5: completion time = 104.65
04/28/2026 08:17:16 PM INFO mip_v1 - print:   Delivery: 106.65 (Deadline: 106.80, Delay: 0.00)
04/28/2026 08:17:16 PM INFO mip_v1 - print: 
04/28/2026 08:17:16 PM INFO mip_v1 - print: Order 25 → Factory 5
04/28/2026 08:17:16 PM INFO mip_v1 - print:   Machine 1: completion time = 88.53
04/28/2026 08:17:16 PM INFO mip_v1 - print:   Machine 2: completion time = 99.09
04/28/2026 08:17:16 PM INFO mip_v1 - print:   Machine 3: completion time = 110.15
04/28/2026 08:17:16 PM INFO mip_v1 - print:   Delivery: 113.75 (Deadline: 112.00, Delay: 1.75)
04/28/2026 08:17:16 PM INFO mip_v1 - print: 
04/28/2026 08:17:16 PM INFO mip_v1 - print: Order 26 → Factory 2
04/28/2026 08:17:16 PM INFO mip_v1 - print:   Machine 1: completion time = 29.79
04/28/2026 08:17:16 PM INFO mip_v1 - print:   Machine 2: completion time = 38.78
04/28/2026 08:17:16 PM INFO mip_v1 - print:   Machine 3: completion time = 47.83
04/28/2026 08:17:16 PM INFO mip_v1 - print:   Machine 4: completion time = 61.10
04/28/2026 08:17:16 PM INFO mip_v1 - print:   Delivery: 64.90 (Deadline: 64.90, Delay: 0.00)
04/28/2026 08:17:16 PM INFO mip_v1 - print: 
04/28/2026 08:17:16 PM INFO mip_v1 - print: Order 29 → Factory 5
04/28/2026 08:17:16 PM INFO mip_v1 - print:   Machine 1: completion time = 12.55
04/28/2026 08:17:16 PM INFO mip_v1 - print:   Machine 2: completion time = 23.00
04/28/2026 08:17:16 PM INFO mip_v1 - print:   Machine 3: completion time = 33.28
04/28/2026 08:17:16 PM INFO mip_v1 - print:   Delivery: 35.68 (Deadline: 70.50, Delay: 0.00)
04/28/2026 08:17:16 PM INFO mip_v1 - print: 
04/28/2026 08:17:16 PM INFO mip_v1 - print: Order 32 → Factory 2
04/28/2026 08:17:16 PM INFO mip_v1 - print:   Machine 1: completion time = 37.55
04/28/2026 08:17:16 PM INFO mip_v1 - print:   Machine 2: completion time = 46.66
04/28/2026 08:17:16 PM INFO mip_v1 - print:   Machine 3: completion time = 56.24
04/28/2026 08:17:16 PM INFO mip_v1 - print:   Machine 4: completion time = 74.06
04/28/2026 08:17:16 PM INFO mip_v1 - print:   Delivery: 77.56 (Deadline: 80.80, Delay: 0.00)
04/28/2026 08:17:16 PM INFO mip_v1 - print: 
04/28/2026 08:17:16 PM INFO mip_v1 - print: Order 34 → Factory 2
04/28/2026 08:17:16 PM INFO mip_v1 - print:   Machine 1: completion time = 87.90
04/28/2026 08:17:16 PM INFO mip_v1 - print:   Machine 2: completion time = 97.80
04/28/2026 08:17:16 PM INFO mip_v1 - print:   Machine 3: completion time = 107.94
04/28/2026 08:17:16 PM INFO mip_v1 - print:   Machine 4: completion time = 117.38
04/28/2026 08:17:16 PM INFO mip_v1 - print:   Delivery: 119.98 (Deadline: 118.20, Delay: 1.78)
04/28/2026 08:17:16 PM INFO mip_v1 - print: 
04/28/2026 08:17:16 PM INFO mip_v1 - print: Order 35 → Factory 1
04/28/2026 08:17:16 PM INFO mip_v1 - print:   Machine 1: completion time = 53.21
04/28/2026 08:17:16 PM INFO mip_v1 - print:   Machine 2: completion time = 62.63
04/28/2026 08:17:16 PM INFO mip_v1 - print:   Machine 3: completion time = 72.85
04/28/2026 08:17:16 PM INFO mip_v1 - print:   Machine 4: completion time = 82.94
04/28/2026 08:17:16 PM INFO mip_v1 - print:   Machine 5: completion time = 93.15
04/28/2026 08:17:16 PM INFO mip_v1 - print:   Delivery: 97.95 (Deadline: 105.30, Delay: 0.00)
04/28/2026 08:17:16 PM INFO mip_v1 - print: 
04/28/2026 08:17:16 PM INFO mip_v1 - print: Order 36 → Factory 1
04/28/2026 08:17:16 PM INFO mip_v1 - print:   Machine 1: completion time = 30.24
04/28/2026 08:17:16 PM INFO mip_v1 - print:   Machine 2: completion time = 40.52
04/28/2026 08:17:16 PM INFO mip_v1 - print:   Machine 3: completion time = 52.10
04/28/2026 08:17:16 PM INFO mip_v1 - print:   Machine 4: completion time = 63.62
04/28/2026 08:17:16 PM INFO mip_v1 - print:   Machine 5: completion time = 74.97
04/28/2026 08:17:16 PM INFO mip_v1 - print:   Delivery: 78.37 (Deadline: 86.40, Delay: 0.00)
04/28/2026 08:17:16 PM INFO mip_v1 - print: 
04/28/2026 08:17:16 PM INFO mip_v1 - print: Order 37 → Factory 2
04/28/2026 08:17:16 PM INFO mip_v1 - print:   Machine 1: completion time = 17.80
04/28/2026 08:17:16 PM INFO mip_v1 - print:   Machine 2: completion time = 25.47
04/28/2026 08:17:16 PM INFO mip_v1 - print:   Machine 3: completion time = 35.02
04/28/2026 08:17:16 PM INFO mip_v1 - print:   Machine 4: completion time = 51.96
04/28/2026 08:17:16 PM INFO mip_v1 - print:   Delivery: 56.16 (Deadline: 59.30, Delay: 0.00)
04/28/2026 08:17:16 PM INFO mip_v1 - print: 
04/28/2026 08:17:16 PM INFO mip_v1 - print: Order 38 → Factory 5
04/28/2026 08:17:16 PM INFO mip_v1 - print:   Machine 1: completion time = 62.68
04/28/2026 08:17:16 PM INFO mip_v1 - print:   Machine 2: completion time = 78.24
04/28/2026 08:17:16 PM INFO mip_v1 - print:   Machine 3: completion time = 89.43
04/28/2026 08:17:16 PM INFO mip_v1 - print:   Delivery: 93.73 (Deadline: 103.20, Delay: 0.00)
04/28/2026 08:17:16 PM INFO mip_v1 - print: 
04/28/2026 08:17:16 PM INFO mip_v1 - print: Order 39 → Factory 1
04/28/2026 08:17:16 PM INFO mip_v1 - print:   Machine 1: completion time = 16.94
04/28/2026 08:17:16 PM INFO mip_v1 - print:   Machine 2: completion time = 26.41
04/28/2026 08:17:16 PM INFO mip_v1 - print:   Machine 3: completion time = 35.88
04/28/2026 08:17:16 PM INFO mip_v1 - print:   Machine 4: completion time = 45.28
04/28/2026 08:17:16 PM INFO mip_v1 - print:   Machine 5: completion time = 54.39
04/28/2026 08:17:16 PM INFO mip_v1 - print:   Delivery: 58.59 (Deadline: 64.10, Delay: 0.00)
04/28/2026 08:17:16 PM INFO mip_v1 - print: 
04/28/2026 08:17:16 PM INFO mip_v1 - print: Order 40 → Factory 2
04/28/2026 08:17:16 PM INFO mip_v1 - print:   Machine 1: completion time = 23.63
04/28/2026 08:17:16 PM INFO mip_v1 - print:   Machine 2: completion time = 31.28
04/28/2026 08:17:16 PM INFO mip_v1 - print:   Machine 3: completion time = 41.41
04/28/2026 08:17:16 PM INFO mip_v1 - print:   Machine 4: completion time = 46.87
04/28/2026 08:17:16 PM INFO mip_v1 - print:   Delivery: 52.97 (Deadline: 60.60, Delay: 0.00)
04/28/2026 08:17:16 PM INFO mip_v1 - print: 
04/28/2026 08:17:16 PM INFO mip_v1 - print: Order 41 → Factory 4
04/28/2026 08:17:16 PM INFO mip_v1 - print:   Machine 1: completion time = 45.73
04/28/2026 08:17:16 PM INFO mip_v1 - print:   Machine 2: completion time = 58.77
04/28/2026 08:17:16 PM INFO mip_v1 - print:   Machine 3: completion time = 72.76
04/28/2026 08:17:16 PM INFO mip_v1 - print:   Machine 4: completion time = 83.43
04/28/2026 08:17:16 PM INFO mip_v1 - print:   Machine 5: completion time = 92.39
04/28/2026 08:17:16 PM INFO mip_v1 - print:   Delivery: 95.29 (Deadline: 101.50, Delay: 0.00)
04/28/2026 08:17:16 PM INFO mip_v1 - print: 
04/28/2026 08:17:16 PM INFO mip_v1 - print: Order 43 → Factory 2
04/28/2026 08:17:16 PM INFO mip_v1 - print:   Machine 1: completion time = 11.26
04/28/2026 08:17:16 PM INFO mip_v1 - print:   Machine 2: completion time = 20.13
04/28/2026 08:17:16 PM INFO mip_v1 - print:   Machine 3: completion time = 29.69
04/28/2026 08:17:16 PM INFO mip_v1 - print:   Machine 4: completion time = 38.55
04/28/2026 08:17:16 PM INFO mip_v1 - print:   Delivery: 45.25 (Deadline: 66.80, Delay: 0.00)
04/28/2026 08:17:16 PM INFO mip_v1 - print: 
04/28/2026 08:17:16 PM INFO mip_v1 - print: Order 44 → Factory 2
04/28/2026 08:17:16 PM INFO mip_v1 - print:   Machine 1: completion time = 42.70
04/28/2026 08:17:16 PM INFO mip_v1 - print:   Machine 2: completion time = 51.83
04/28/2026 08:17:16 PM INFO mip_v1 - print:   Machine 3: completion time = 61.62
04/28/2026 08:17:16 PM INFO mip_v1 - print:   Machine 4: completion time = 66.40
04/28/2026 08:17:16 PM INFO mip_v1 - print:   Delivery: 73.20 (Deadline: 75.20, Delay: 0.00)
04/28/2026 08:17:16 PM INFO mip_v1 - print: 
04/28/2026 08:17:16 PM INFO mip_v1 - print: Order 45 → Factory 1
04/28/2026 08:17:16 PM INFO mip_v1 - print:   Machine 1: completion time = 62.30
04/28/2026 08:17:16 PM INFO mip_v1 - print:   Machine 2: completion time = 70.38
04/28/2026 08:17:16 PM INFO mip_v1 - print:   Machine 3: completion time = 82.85
04/28/2026 08:17:16 PM INFO mip_v1 - print:   Machine 4: completion time = 91.32
04/28/2026 08:17:16 PM INFO mip_v1 - print:   Machine 5: completion time = 102.71
04/28/2026 08:17:16 PM INFO mip_v1 - print:   Delivery: 105.81 (Deadline: 108.30, Delay: 0.00)
04/28/2026 08:17:16 PM INFO mip_v1 - print: 
04/28/2026 08:17:16 PM INFO mip_v1 - print: Order 46 → Factory 1
04/28/2026 08:17:16 PM INFO mip_v1 - print:   Machine 1: completion time = 41.26
04/28/2026 08:17:16 PM INFO mip_v1 - print:   Machine 2: completion time = 48.13
04/28/2026 08:17:16 PM INFO mip_v1 - print:   Machine 3: completion time = 62.63
04/28/2026 08:17:16 PM INFO mip_v1 - print:   Machine 4: completion time = 72.85
04/28/2026 08:17:16 PM INFO mip_v1 - print:   Machine 5: completion time = 82.94
04/28/2026 08:17:16 PM INFO mip_v1 - print:   Delivery: 89.84 (Deadline: 93.60, Delay: 0.00)
04/28/2026 08:17:16 PM INFO mip_v1 - print: 
04/28/2026 08:17:16 PM INFO mip_v1 - print: Order 47 → Factory 4
04/28/2026 08:17:16 PM INFO mip_v1 - print:   Machine 1: completion time = 60.02
04/28/2026 08:17:16 PM INFO mip_v1 - print:   Machine 2: completion time = 69.20
04/28/2026 08:17:16 PM INFO mip_v1 - print:   Machine 3: completion time = 83.43
04/28/2026 08:17:16 PM INFO mip_v1 - print:   Machine 4: completion time = 91.38
04/28/2026 08:17:16 PM INFO mip_v1 - print:   Machine 5: completion time = 99.86
04/28/2026 08:17:16 PM INFO mip_v1 - print:   Delivery: 102.96 (Deadline: 103.50, Delay: 0.00)
04/28/2026 08:17:16 PM INFO mip_v1 - print: 
04/28/2026 08:17:16 PM INFO mip_v1 - print: Order 48 → Factory 2
04/28/2026 08:17:16 PM INFO mip_v1 - print:   Machine 1: completion time = 57.88
04/28/2026 08:17:16 PM INFO mip_v1 - print:   Machine 2: completion time = 68.07
04/28/2026 08:17:16 PM INFO mip_v1 - print:   Machine 3: completion time = 78.47
04/28/2026 08:17:16 PM INFO mip_v1 - print:   Machine 4: completion time = 88.79
04/28/2026 08:17:16 PM INFO mip_v1 - print:   Delivery: 93.89 (Deadline: 99.00, Delay: 0.00)
04/28/2026 08:17:16 PM INFO mip_v1 - print: 
04/28/2026 08:17:16 PM INFO mip_v1 - print: Order 49 → Factory 5
04/28/2026 08:17:16 PM INFO mip_v1 - print:   Machine 1: completion time = 37.41
04/28/2026 08:17:16 PM INFO mip_v1 - print:   Machine 2: completion time = 50.59
04/28/2026 08:17:16 PM INFO mip_v1 - print:   Machine 3: completion time = 61.52
04/28/2026 08:17:16 PM INFO mip_v1 - print:   Delivery: 65.12 (Deadline: 83.10, Delay: 0.00)
04/28/2026 08:17:16 PM INFO mip_v1 - print: 
04/28/2026 08:17:16 PM INFO mip_v1 - print: Order 50 → Factory 2
04/28/2026 08:17:16 PM INFO mip_v1 - print:   Machine 1: completion time = 66.44
04/28/2026 08:17:16 PM INFO mip_v1 - print:   Machine 2: completion time = 77.29
04/28/2026 08:17:16 PM INFO mip_v1 - print:   Machine 3: completion time = 87.86
04/28/2026 08:17:16 PM INFO mip_v1 - print:   Machine 4: completion time = 97.81
04/28/2026 08:17:16 PM INFO mip_v1 - print:   Delivery: 103.01 (Deadline: 110.10, Delay: 0.00)
04/28/2026 08:17:16 PM INFO mip_v1 - print: 
04/28/2026 08:17:16 PM INFO mip_v1 - print: ------------------------------------------------------------
04/28/2026 08:17:16 PM INFO mip_v1 - print: COST BREAKDOWN
04/28/2026 08:17:16 PM INFO mip_v1 - print: ------------------------------------------------------------
04/28/2026 08:17:16 PM INFO mip_v1 - print: Total Revenue:          +    42714.00
04/28/2026 08:17:16 PM INFO mip_v1 - print: Production Cost:        -    18542.16
04/28/2026 08:17:16 PM INFO mip_v1 - print: Transport Cost:         -     7704.20
04/28/2026 08:17:16 PM INFO mip_v1 - print: Delay Penalty:          -      565.54
04/28/2026 08:17:16 PM INFO mip_v1 - print: ------------------------------------------------------------
04/28/2026 08:17:16 PM INFO mip_v1 - print: Total Profit:           =    15902.10
