
Gurobi 10.0.1 (win64) logging started Tue Apr 28 18:46:15 2026

Set parameter LogFile to value "D:\Project_Code\Paper\DP_LBBD_1\DP_lbbd\Algorithm\Results\mip_v1\medium\exp_5f_50j_seed3\log\exp_5f_50j_seed3_gurobi.log"
Set parameter LogToConsole to value 0
Gurobi Optimizer version 10.0.1 build v10.0.1rc0 (win64)

CPU model: Intel(R) Core(TM) Ultra 7 265KF, instruction set [SSE2|AVX|AVX2]
Thread count: 20 physical cores, 20 logical processors, using up to 20 threads

Optimize a model with 90858 rows, 45400 columns and 447416 nonzeros
Model fingerprint: 0x2190a906
Variable types: 1000 continuous, 44400 integer (44400 binary)
Coefficient statistics:
  Matrix range     [1e+00, 2e+02]
  Objective range  [2e+01, 3e+03]
  Bounds range     [1e+00, 2e+02]
  RHS range        [1e+00, 5e+02]
Found heuristic solution: objective -0.0000000
Presolve removed 60836 rows and 30340 columns
Presolve time: 0.56s
Presolved: 30022 rows, 15060 columns, 146352 nonzeros
Variable types: 610 continuous, 14450 integer (14450 binary)
Deterministic concurrent LP optimizer: primal and dual simplex
Showing first log only...

Concurrent spin time: 0.00s

Solved with dual simplex

Root relaxation: objective 2.358802e+04, 2513 iterations, 0.13 seconds (0.17 work units)

    Nodes    |    Current Node    |     Objective Bounds      |     Work
 Expl Unexpl |  Obj  Depth IntInf | Incumbent    BestBd   Gap | It/Node Time

     0     0 23588.0243    0  360   -0.00000 23588.0243      -     -    1s
H    0     0                    12579.974954 23588.0243  87.5%     -    1s
     0     0 23588.0243    0  398 12579.9750 23588.0243  87.5%     -    4s
H    0     0                    14457.460760 23588.0243  63.2%     -    7s
H    0     0                    14809.721116 23588.0243  59.3%     -    7s
     0     0 23588.0243    0  360 14809.7211 23588.0243  59.3%     -    7s
     0     0 23585.7980    0  355 14809.7211 23585.7980  59.3%     -    8s
     0     0 23584.2230    0  381 14809.7211 23584.2230  59.2%     -    8s
     0     0 23584.2230    0  323 14809.7211 23584.2230  59.2%     -    8s
     0     0 23559.1499    0  372 14809.7211 23559.1499  59.1%     -    9s
     0     0 23559.1499    0  339 14809.7211 23559.1499  59.1%     -    9s
     0     0 23558.4600    0  359 14809.7211 23558.4600  59.1%     -    9s
     0     0 23558.4491    0  363 14809.7211 23558.4491  59.1%     -    9s
     0     0 23558.4491    0  353 14809.7211 23558.4491  59.1%     -    9s
     0     0 23554.8276    0  361 14809.7211 23554.8276  59.0%     -   10s
     0     0 23552.4934    0  350 14809.7211 23552.4934  59.0%     -   10s
     0     0 23551.4393    0  333 14809.7211 23551.4393  59.0%     -   10s
     0     0 23551.4393    0  365 14809.7211 23551.4393  59.0%     -   10s
     0     0 23551.2583    0  347 14809.7211 23551.2583  59.0%     -   11s
     0     0 23549.5875    0  336 14809.7211 23549.5875  59.0%     -   11s
     0     0 23549.2070    0  374 14809.7211 23549.2070  59.0%     -   11s
     0     0 23548.6957    0  418 14809.7211 23548.6957  59.0%     -   11s
     0     0 23548.6957    0  348 14809.7211 23548.6957  59.0%     -   11s
     0     0 23545.2912    0  359 14809.7211 23545.2912  59.0%     -   11s
     0     0 23544.1960    0  357 14809.7211 23544.1960  59.0%     -   12s
     0     0 23544.1960    0  343 14809.7211 23544.1960  59.0%     -   12s
     0     0 23543.9688    0  369 14809.7211 23543.9688  59.0%     -   12s
     0     0 23527.6821    0  359 14809.7211 23527.6821  58.9%     -   12s
     0     0 23526.8830    0  371 14809.7211 23526.8830  58.9%     -   12s
     0     0 23526.7957    0  350 14809.7211 23526.7957  58.9%     -   13s
     0     0 23526.7880    0  415 14809.7211 23526.7880  58.9%     -   13s
     0     0 23526.7880    0  376 14809.7211 23526.7880  58.9%     -   13s
     0     0 23526.5634    0  383 14809.7211 23526.5634  58.9%     -   13s
     0     0 23525.5347    0  356 14809.7211 23525.5347  58.9%     -   14s
     0     0 23525.5347    0  374 14809.7211 23525.5347  58.9%     -   14s
     0     0 23525.3325    0  404 14809.7211 23525.3325  58.9%     -   14s
     0     0 23522.3369    0  381 14809.7211 23522.3369  58.8%     -   14s
     0     0 23521.6131    0  370 14809.7211 23521.6131  58.8%     -   14s
     0     0 23521.6131    0  361 14809.7211 23521.6131  58.8%     -   14s
     0     0 23521.0722    0  417 14809.7211 23521.0722  58.8%     -   15s
     0     0 23520.5373    0  388 14809.7211 23520.5373  58.8%     -   15s
     0     0 23520.5373    0  418 14809.7211 23520.5373  58.8%     -   15s
     0     0 23520.4664    0  420 14809.7211 23520.4664  58.8%     -   16s
     0     0 23520.4378    0  438 14809.7211 23520.4378  58.8%     -   16s
     0     0 23520.4378    0  419 14809.7211 23520.4378  58.8%     -   16s
     0     0 23520.4378    0  439 14809.7211 23520.4378  58.8%     -   17s
     0     0 23520.4378    0  393 14809.7211 23520.4378  58.8%     -   17s
     0     0 23520.4378    0  405 14809.7211 23520.4378  58.8%     -   17s
     0     0 23520.4378    0  406 14809.7211 23520.4378  58.8%     -   17s
     0     0 23520.4276    0  373 14809.7211 23520.4276  58.8%     -   19s
H    0     0                    14831.391914 23520.4035  58.6%     -   19s
     0     0 23520.4035    0  359 14831.3919 23520.4035  58.6%     -   19s
     0     0 23520.4035    0  391 14831.3919 23520.4035  58.6%     -   19s
     0     0 23520.3882    0  450 14831.3919 23520.3882  58.6%     -   20s
     0     0 23520.3882    0  366 14831.3919 23520.3882  58.6%     -   20s
H    0     0                    15360.693542 23520.3882  53.1%     -   21s
     0     2 23517.3519    0  343 15360.6935 23517.3519  53.1%     -   21s
H   31    52                    15533.458499 23492.8064  51.2%  1238   29s
H   32    52                    16147.192216 23492.8064  45.5%  1241   29s
    51    69 23368.6577    6  428 16147.1922 23488.4395  45.5%  1247   30s
H  202   213                    16288.375769 23488.4395  44.2%   641   34s
   265   267 23368.6577   10  410 16288.3758 23488.4395  44.2%   547   36s
H  321   322                    16302.133055 23488.4395  44.1%   498   39s
H  387   382                    16322.929817 23488.4395  43.9%   461   43s
   464   494 23368.5659   14  385 16322.9298 23488.4395  43.9%   421   45s
   898   867 23268.5762   22  338 16322.9298 23488.4395  43.9%   265   50s
  1502  1382 23071.7462   43  266 16322.9298 23488.4395  43.9%   185   55s
H 1536  1382                    16364.366263 23488.4395  43.5%   182   55s
H 1564  1382                    16507.779843 23488.4395  42.3%   180   55s
  2112  1879 22208.0983   78  252 16507.7798 23488.4395  42.3%   153   60s
  2810  2644 22208.0983   96  252 16507.7798 23488.4395  42.3%   129   65s
  3848  3521 20166.4942  135  206 16507.7798 23488.4395  42.3%   108   71s
  4301  3865 19462.6050  149  189 16507.7798 23488.4395  42.3%   102   75s
  4551  3866 18912.8770   77  366 16507.7798 23488.4395  42.3%   101   83s
  4553  3867 21463.6089   40  450 16507.7798 23488.4395  42.3%   101   91s
  4560  3873 20020.7637   67  366 16507.7798 23488.4395  42.3%   103   95s
  4562  3874 18806.8045  128  265 16507.7798 23488.4395  42.3%   103  100s
  4569  3879 19307.6990  131  206 16507.7798 23488.4395  42.3%   103  105s
  4581  3887 21599.3657   84  215 16507.7798 23470.8404  42.2%   102  111s
  4595  3896 23345.7550    8  208 16507.7798 23422.6520  41.9%   102  115s
  4610  3906 21258.8292   52  191 16507.7798 23408.0195  41.8%   102  120s
  4628  3918 22222.4101    8  248 16507.7798 23367.7399  41.6%   101  125s
  4646  3930 19930.8299   62  185 16507.7798 23338.5594  41.4%   101  130s
  4662  3941 18806.8045  128  213 16507.7798 23328.8342  41.3%   100  135s
  4734  4008 23243.5689   29  197 16507.7798 23302.5008  41.2%  39.1  140s
H 4770  3817                    16557.417065 23295.9923  40.7%  43.5  143s
  4821  3869 23244.8573   32  236 16557.4171 23292.3764  40.7%  48.9  145s
  4937  3938 23142.4657   34  199 16557.4171 23292.3764  40.7%  56.4  151s
H 4939  3749                    16874.518585 23292.3764  38.0%  56.5  151s
  5481  4070 22740.2371   39  168 16874.5186 23292.3764  38.0%  68.3  155s
  5984  4314 22734.2344   42  186 16874.5186 23292.3764  38.0%  74.8  160s
  6795  4619 22704.5395   49  173 16874.5186 23292.3764  38.0%  74.5  175s
  7330  5163 22703.8033   57  175 16874.5186 23292.3764  38.0%  78.7  180s
  8346  5660 22668.1525   64  171 16874.5186 23292.3764  38.0%  77.9  185s
  9627  6220 22365.0451   74  154 16874.5186 23292.3764  38.0%  75.1  191s
 10419  6958 22345.0413   83  146 16874.5186 23292.3764  38.0%  73.6  197s
 11683  7415 20653.3831  102  147 16874.5186 23292.3764  38.0%  70.3  202s
 12703  7977 20379.9408  117  122 16874.5186 23292.3764  38.0%  69.6  207s
 13284  8286 18953.3750  122  105 16874.5186 23292.3764  38.0%  68.7  210s
 14472  9063 19434.8732  139   97 16874.5186 23292.3764  38.0%  67.2  217s
 15389  9225 18924.2435  153  100 16874.5186 23292.3764  38.0%  65.6  220s
 16586 10540 23274.7560   31  242 16874.5186 23278.8944  38.0%  66.1  227s
 17472 11316 21316.9943   65  127 16874.5186 23278.8944  38.0%  65.2  231s
 18390 11336 17393.5003  119   78 16874.5186 23278.8944  38.0%  64.3  245s
 18756 12297 23274.1183   33  229 16874.5186 23277.7515  37.9%  64.2  253s
 19585 12468 19222.0223   67   98 16874.5186 23277.7515  37.9%  63.4  260s
H19715 12467                    16885.377948 23277.7515  37.9%  63.3  260s
 20638 13239 19645.4726  103   94 16885.3779 23274.6841  37.8%  62.5  265s
 20865 14220 23184.7640   39  186 16885.3779 23274.6841  37.8%  62.3  270s
 22031 14847 19664.2624  100   98 16885.3779 23274.1183  37.8%  61.4  275s
 22900 16451 23256.9598   35  220 16885.3779 23274.0846  37.8%  61.0  286s
 24871 17570 22804.9272   70  120 16885.3779 23274.0846  37.8%  60.6  292s
 26061 18984 21667.5909   99  120 16885.3779 23274.0846  37.8%  59.9  298s
 27660 20046 19712.9591  137   93 16885.3779 23270.6214  37.8%  58.2  304s
 29012 20464 23239.0978   36  203 16885.3779 23269.9496  37.8%  57.4  309s
 29776 21474 18175.6482   57   89 16885.3779 23269.5809  37.8%  57.2  314s
 31022 22815 19751.7718  106  112 16885.3779 23269.4242  37.8%  57.6  322s
 32573 24549 22854.6141   52  144 16885.3779 23269.4218  37.8%  57.0  330s
 34615 26085 23184.1627   45  171 16885.3779 23269.3821  37.8%  55.9  338s
 36573 27559 infeasible  150      16885.3779 23269.3498  37.8%  55.1  347s
 38394 29271 18023.3422  120   93 16885.3779 23269.2880  37.8%  54.9  357s
 40523 30937 23235.1320   42  184 16885.3779 23269.2880  37.8%  54.5  365s
 42597 32897 infeasible  138      16885.3779 23269.2880  37.8%  54.4  377s
 45035 34698 20515.2356  113   94 16885.3779 23269.2878  37.8%  54.0  387s
 47277 34699 20588.2731  103  366 16885.3779 23269.2612  37.8%  53.8  559s
 47279 34700 19201.9251  103  265 16885.3779 23269.2612  37.8%  53.8  563s
 47280 34701 18692.6478  114  254 16885.3779 23269.2612  37.8%  53.8  566s
 47286 34705 22313.5211   69  159 16885.3779 23269.2612  37.8%  53.8  575s
 47290 34708 18642.6168  141  195 16885.3779 23269.2612  37.8%  53.8  582s
 47291 34708 19171.8859   88  183 16885.3779 23269.2612  37.8%  53.8  587s
 47295 34711 19569.4198   90  228 16885.3779 23269.2612  37.8%  53.8  592s
 47296 34712 18428.7447  131  149 16885.3779 23269.2612  37.8%  53.8  595s
 47299 34714 21919.3051   62  201 16885.3779 23269.2612  37.8%  53.8  600s
 47300 34714 19268.8299  126  190 16885.3779 23269.2612  37.8%  53.8  605s
 47304 34717 22152.8848   83  165 16885.3779 23269.2612  37.8%  53.8  613s
 47306 34718 22356.3600   49  206 16885.3779 23269.2612  37.8%  53.8  617s
 47307 34719 22737.7623   78  186 16885.3779 23269.2612  37.8%  53.8  621s
 47309 34720 23266.3533   43  190 16885.3779 23269.2612  37.8%  53.8  627s
 47310 34721 19092.6783   79  179 16885.3779 23269.2612  37.8%  53.8  631s
 47311 34722 17683.8264  153  162 16885.3779 23269.2612  37.8%  53.8  635s
 47315 34724 18693.5664  112  173 16885.3779 23269.2612  37.8%  53.8  642s
 47318 34726 18216.8498  117  211 16885.3779 23269.2612  37.8%  53.8  645s
 47323 34730 22683.4983   59  211 16885.3779 23269.2612  37.8%  53.8  652s
 47324 34730 17429.2386   97  184 16885.3779 23269.2612  37.8%  53.8  655s
 47326 34732 17761.5218   93  169 16885.3779 23269.2612  37.8%  53.8  662s
 47330 34734 20539.8978   91  215 16885.3779 23269.2612  37.8%  53.8  666s
 47332 34736 23103.0625   49  204 16885.3779 23269.2612  37.8%  53.8  672s
 47333 34736 18822.1556  110  149 16885.3779 23269.2612  37.8%  53.8  677s
 47334 34737 21715.4306   73  173 16885.3779 23269.2612  37.8%  53.8  680s
 47336 34738 22739.7577   46  183 16885.3779 23269.2612  37.8%  53.8  687s
H47336 33000                    17058.846675 23269.2612  36.4%  53.8  691s
 47338 33002 18304.9558  189  203 17058.8467 23269.2612  36.4%  53.8  695s
 47340 33003 20592.1591   98  216 17058.8467 23269.2612  36.4%  53.8  701s
 47341 33004 19263.8461  132  217 17058.8467 23269.2612  36.4%  53.8  705s
 47343 33005 19192.5859  108  158 17058.8467 23269.2612  36.4%  53.8  711s
 47345 33006 23022.7910   36  190 17058.8467 23269.2612  36.4%  53.8  718s
 47346 33007 17553.9135  133  209 17058.8467 23269.2612  36.4%  53.8  722s
 47347 33008 23168.4860   47  193 17058.8467 23269.2612  36.4%  53.8  725s
 47350 33010 21876.3983  108  193 17058.8467 23269.2612  36.4%  53.8  733s
 47351 33010 21954.3826  108  218 17058.8467 23269.2612  36.4%  53.8  736s
 47353 33012 17202.0783  133  224 17058.8467 23269.2612  36.4%  53.8  743s
 47354 33012 17120.7537  125  178 17058.8467 23269.2612  36.4%  53.8  746s
 47356 33014 20377.3913  120  150 17058.8467 23269.2612  36.4%  53.8  751s
 47358 33015 20578.0796   92  153 17058.8467 23269.2612  36.4%  53.7  757s
 47359 33016 19466.2432  141  218 17058.8467 23269.2612  36.4%  53.7  760s
 47361 33017 22637.0465   45  197 17058.8467 23269.2612  36.4%  53.7  767s
 47362 33018 22393.6159   57  174 17058.8467 23269.2612  36.4%  53.7  771s
 47363 33018 18337.5879  139  206 17058.8467 23269.2612  36.4%  53.7  775s
 47365 33020 19713.5576  100  207 17058.8467 23269.2612  36.4%  53.7  782s
 47366 33020 21004.8589   82  174 17058.8467 23269.2612  36.4%  53.7  786s
 47367 33021 21874.1074   98  205 17058.8467 23269.2612  36.4%  53.7  790s
 47369 33022 19094.0419  130  210 17058.8467 23269.2612  36.4%  53.7  797s
 47370 33023 23266.2841   42  166 17058.8467 23269.2612  36.4%  53.7  800s
 47372 33024 18198.2275  125  156 17058.8467 23269.2612  36.4%  53.7  807s
 47374 33026 18272.4244  119  140 17058.8467 23269.2612  36.4%  53.7  811s
 47377 33033 23269.2612   38  142 17058.8467 23269.2612  36.4%  56.3  815s
 47465 33107 23234.9011   43  233 17058.8467 23267.8322  36.4%  58.1  833s
 47585 33184 23153.2034   45  222 17058.8467 23267.8322  36.4%  58.8  838s
 47729 33275 23153.1831   47  223 17058.8467 23267.8322  36.4%  59.4  842s
 48031 33521 23109.3371   52  199 17058.8467 23267.8322  36.4%  60.0  845s
 48550 33801 23106.7557   56  206 17058.8467 23267.8322  36.4%  61.0  850s
 49135 34120 22996.4216   63  163 17058.8467 23267.8322  36.4%  61.9  855s
 49918 34673 22398.0831   76  170 17058.8467 23267.8322  36.4%  62.5  861s
 50572 34909 21827.9674   83  153 17058.8467 23267.8322  36.4%  62.7  865s
 51403 35445 21049.8060   94  141 17058.8467 23267.8322  36.4%  63.9  870s
 52131 35893 21086.5894  109  127 17058.8467 23267.8322  36.4%  64.6  875s
 53477 36619 18842.9839  131  107 17058.8467 23267.8322  36.4%  65.6  882s
 54008 36460 17579.5828  145   75 17058.8467 23267.8322  36.4%  65.8  895s
 54030 36852 17854.7309  146   81 17058.8467 23267.7599  36.4%  65.8  925s
 55051 37648 22325.9406   62  127 17058.8467 23267.2442  36.4%  66.2  932s
 56023 38017 23266.2758   42  221 17058.8467 23267.1769  36.4%  66.1  937s
 56965 38340 22123.3153   81  136 17058.8467 23267.1769  36.4%  66.1  941s
 57779 38811 17416.9374  157   68 17058.8467 23266.2758  36.4%  66.4  945s
 58672 39486 23262.7375   47  239 17058.8467 23266.2758  36.4%  66.6  950s
 59841 40047 22556.4624   82  130 17058.8467 23266.2758  36.4%  66.7  955s
 61007 40462 23262.7174   44  187 17058.8467 23266.2758  36.4%  66.6  960s
 61989 41618 22252.0534   76  120 17058.8467 23266.2758  36.4%  67.0  967s
 63533 42106 20190.4226  116   91 17058.8467 23266.2758  36.4%  66.7  973s
 64832 42519 19702.4073  136   90 17058.8467 23266.2758  36.4%  66.2  978s
 65975 42771 17718.0675  164   60 17058.8467 23266.2758  36.4%  66.2  983s
 66887 43365 22953.4561   55  155 17058.8467 23266.2758  36.4%  66.7  989s
 68030 43679 infeasible  144      17058.8467 23265.8420  36.4%  66.8  995s
 69045 44666 23160.2401   56  190 17058.8467 23265.8420  36.4%  67.2 1002s
 70545 46733 infeasible  160      17058.8467 23265.8420  36.4%  67.2 1018s
 73628 46927 22735.8721   80  124 17058.8467 23265.8118  36.4%  67.2 1025s
 75088 47233 23251.4239   50  201 17058.8467 23265.8118  36.4%  67.0 1031s
 76116 48285 17759.9652  127   88 17058.8467 23265.8055  36.4%  67.2 1038s
 77788 48895 23055.5987   73  150 17058.8467 23265.8007  36.4%  67.1 1046s
 79295 50146 23241.3081   51  193 17058.8467 23265.8007  36.4%  67.2 1055s
 81113 52061 22060.7153  106  150 17058.8467 23265.8007  36.4%  67.4 1067s
 83839 52231 18688.9666  162   74 17058.8467 23265.7045  36.4%  66.3 1075s
 85328 53120 22919.3135   70  145 17058.8467 23265.6725  36.4%  66.3 1085s
 87115 54117 23087.4993   74  142 17058.8467 23265.1686  36.4%  66.4 1094s
 88670 53598 23258.1652   57  224 17058.8467 23263.9245  36.4%  66.5 1095s
 89075 54736 21836.2064   79  117 17058.8467 23263.6974  36.4%  66.6 1103s
 90615 55240 23262.1373   55  226 17058.8467 23263.6871  36.4%  66.6 1112s
 92293 56163 23247.6716   55  174 17058.8467 23262.6389  36.4%  66.9 1122s
 94180 59372 23229.1863   60  172 17058.8467 23261.9031  36.4%  67.2 1146s
 98651 59544 23239.1618   57  199 17058.8467 23261.8082  36.4%  67.0 1158s
 100769 60524 23237.7315   58  202 17058.8467 23261.6216  36.4%  67.0 1169s
 102858 61520 23202.9389   59  179 17058.8467 23261.2692  36.4%  67.3 1181s
 105002 62810 21866.2176   74  142 17058.8467 23260.9867  36.4%  67.5 1193s
 107489 63760 23055.8545   64  176 17058.8467 23260.6868  36.4%  67.5 1206s
 109815 64440 22558.6654   78  169 17058.8467 23260.4454  36.4%  67.6 1218s
 111936 65277 18845.1114   86  113 17058.8467 23259.4875  36.3%  67.9 1231s
 114086 66493 23200.0753   59  191 17058.8467 23258.8153  36.3%  68.3 1246s
 116526 66958 23252.0230   56  230 17058.8467 23258.5117  36.3%  68.5 1257s
 118192 70191 23185.4762   59  193 17058.8467 23258.3732  36.3%  68.7 1279s
 119073 69897 21410.9799   61  168 17058.8467 23258.3732  36.3%  68.5 1280s
 122279 70115 19625.3468  150   90 17058.8467 23258.2337  36.3%  68.0 1290s
 124088 69532 23163.2864   50  211 17058.8467 23258.0427  36.3%  68.0 1306s
 124108 70967 23162.8134   51  210 17058.8467 23258.0427  36.3%  68.1 1317s
 126019 72780 23232.9294   57  197 17058.8467 23258.0427  36.3%  68.3 1333s
 128641 73787 21639.2169  103  122 17058.8467 23258.0427  36.3%  68.4 1349s
 130181 73273 20976.2618  115  103 17058.8467 23257.4139  36.3%  68.2 1350s
 131259 72932 23248.4339   58  246 17058.8467 23257.3855  36.3%  68.0 1451s
 131281 74365 23248.4339   59  240 17058.8467 23257.2915  36.3%  68.1 1467s
 133374 75185 23249.2431   58  241 17058.8467 23257.2249  36.3%  68.1 1483s
 135146 76273 20296.9706   86  109 17058.8467 23256.9104  36.3%  68.6 1500s
 137494 78261 23214.7488   59  244 17058.8467 23256.8871  36.3%  68.6 1520s
 140442 79336 20715.3955  140  102 17058.8467 23256.6846  36.3%  68.4 1538s
 143043 81625 21115.9550   94  131 17058.8467 23256.6199  36.3%  68.2 1567s
 146921 82642 18377.3430  133   70 17058.8467 23256.6099  36.3%  68.4 1587s
 149670 84138 22619.2626   77  137 17058.8467 23256.1570  36.3%  68.4 1602s
 151577 86347 22334.3017   79  160 17058.8467 23255.9052  36.3%  68.8 1623s
 154432 86390 18096.4654  162   77 17058.8467 23255.9052  36.3%  68.8 1718s
 154481 87678     cutoff  163      17058.8467 23255.8979  36.3%  68.8 1731s
 156255 87718 infeasible   72      17058.8467 23255.8979  36.3%  68.9 1744s
 156300 87844 21861.2834   73  147 17058.8467 23255.8979  36.3%  68.9 1850s

Cutting planes:
  Learned: 70
  Gomory: 551
  Lift-and-project: 210
  Cover: 380
  Projected implied bound: 16
  MIR: 4296
  StrongCG: 9
  Flow cover: 5717
  Inf proof: 6
  Zero half: 6
  RLT: 12
  Relax-and-lift: 34

Explored 156446 nodes (11297288 simplex iterations) in 1851.15 seconds (700.67 work units)
Thread count was 20 (of 20 available processors)

Solution count 10: 17058.8 16885.4 16874.5 ... 16147.2

Time limit reached
Best objective 1.705884667454e+04, best bound 2.325589789436e+04, gap 36.3275%
