04/28/2026 06:46:12 PM INFO mip_v1 - setup_solver_logging: ================================================================================
04/28/2026 06:46:12 PM INFO mip_v1 - setup_solver_logging: Logging started. Log file: D:\Project_Code\Paper\DP_LBBD_1\DP_lbbd\Algorithm\Results\mip_v1\medium\exp_5f_50j_seed3\log\exp_5f_50j_seed3_running.log
04/28/2026 06:46:12 PM INFO mip_v1 - print: BigM calculated: 168.3
04/28/2026 06:46:12 PM INFO mip_v1 - print: Adding variables...
04/28/2026 06:46:13 PM INFO mip_v1 - print: Total variables: 45400
04/28/2026 06:46:13 PM INFO mip_v1 - print: Adding constraints...
04/28/2026 06:46:14 PM INFO mip_v1 - print: Total constraints: 90858
04/28/2026 06:46:14 PM INFO mip_v1 - print: Setting objective function...
04/28/2026 06:46:15 PM INFO mip_v1 - print: 
04/28/2026 06:46:15 PM INFO mip_v1 - print: ✓ Model LP written to: D:\Project_Code\Paper\DP_LBBD_1\DP_lbbd\Algorithm\MIP\production_model.lp
04/28/2026 06:46:15 PM INFO mip_v1 - print: 
04/28/2026 06:46:15 PM INFO mip_v1 - print: ============================================================
04/28/2026 06:46:15 PM INFO mip_v1 - print: Starting optimization...
04/28/2026 06:46:15 PM INFO mip_v1 - print: ============================================================
04/28/2026 06:46:15 PM INFO mip_v1 - print: Gurobi native log file: D:\Project_Code\Paper\DP_LBBD_1\DP_lbbd\Algorithm\Results\mip_v1\medium\exp_5f_50j_seed3\log\exp_5f_50j_seed3_gurobi.log
04/28/2026 07:17:06 PM INFO mip_v1 - print: 
04/28/2026 07:17:06 PM INFO mip_v1 - print: ============================================================
04/28/2026 07:17:06 PM INFO mip_v1 - print: SOLUTION SUMMARY
04/28/2026 07:17:06 PM INFO mip_v1 - print: ============================================================
04/28/2026 07:17:06 PM INFO mip_v1 - print: ⚠ Time limit reached, best solution found:
04/28/2026 07:17:06 PM INFO mip_v1 - print: 
04/28/2026 07:17:06 PM INFO mip_v1 - print: Objective Value (Total Profit): 17058.85
04/28/2026 07:17:06 PM INFO mip_v1 - print: MIP Gap: 36.33%
04/28/2026 07:17:06 PM INFO mip_v1 - print: 
04/28/2026 07:17:06 PM INFO mip_v1 - print: 📋 Accepted Orders (37/50): [1, 4, 6, 7, 8, 9, 10, 11, 13, 16, 17, 18, 19, 20, 21, 22, 23, 24, 25, 26, 28, 30, 31, 33, 35, 36, 37, 38, 40, 42, 43, 45, 46, 47, 48, 49, 50]
04/28/2026 07:17:06 PM INFO mip_v1 - print: 
04/28/2026 07:17:06 PM INFO mip_v1 - print: ------------------------------------------------------------
04/28/2026 07:17:06 PM INFO mip_v1 - print: ORDER ALLOCATION DETAILS
04/28/2026 07:17:06 PM INFO mip_v1 - print: ------------------------------------------------------------
04/28/2026 07:17:06 PM INFO mip_v1 - print: 
04/28/2026 07:17:06 PM INFO mip_v1 - print: Order 1 → Factory 1
04/28/2026 07:17:06 PM INFO mip_v1 - print:   Machine 1: completion time = 34.24
04/28/2026 07:17:06 PM INFO mip_v1 - print:   Machine 2: completion time = 44.78
04/28/2026 07:17:06 PM INFO mip_v1 - print:   Machine 3: completion time = 54.28
04/28/2026 07:17:06 PM INFO mip_v1 - print:   Machine 4: completion time = 64.10
04/28/2026 07:17:06 PM INFO mip_v1 - print:   Machine 5: completion time = 76.30
04/28/2026 07:17:06 PM INFO mip_v1 - print:   Delivery: 79.00 (Deadline: 79.00, Delay: 0.00)
04/28/2026 07:17:06 PM INFO mip_v1 - print: 
04/28/2026 07:17:06 PM INFO mip_v1 - print: Order 4 → Factory 4
04/28/2026 07:17:06 PM INFO mip_v1 - print:   Machine 1: completion time = 20.15
04/28/2026 07:17:06 PM INFO mip_v1 - print:   Machine 2: completion time = 31.79
04/28/2026 07:17:06 PM INFO mip_v1 - print:   Machine 3: completion time = 40.43
04/28/2026 07:17:06 PM INFO mip_v1 - print:   Delivery: 43.53 (Deadline: 58.00, Delay: 0.00)
04/28/2026 07:17:06 PM INFO mip_v1 - print: 
04/28/2026 07:17:06 PM INFO mip_v1 - print: Order 6 → Factory 5
04/28/2026 07:17:06 PM INFO mip_v1 - print:   Machine 1: completion time = 35.16
04/28/2026 07:17:06 PM INFO mip_v1 - print:   Machine 2: completion time = 42.82
04/28/2026 07:17:06 PM INFO mip_v1 - print:   Machine 3: completion time = 49.38
04/28/2026 07:17:06 PM INFO mip_v1 - print:   Delivery: 55.68 (Deadline: 62.10, Delay: 0.00)
04/28/2026 07:17:06 PM INFO mip_v1 - print: 
04/28/2026 07:17:06 PM INFO mip_v1 - print: Order 7 → Factory 3
04/28/2026 07:17:06 PM INFO mip_v1 - print:   Machine 1: completion time = 50.87
04/28/2026 07:17:06 PM INFO mip_v1 - print:   Machine 2: completion time = 63.28
04/28/2026 07:17:06 PM INFO mip_v1 - print:   Machine 3: completion time = 77.39
04/28/2026 07:17:06 PM INFO mip_v1 - print:   Machine 4: completion time = 104.56
04/28/2026 07:17:06 PM INFO mip_v1 - print:   Delivery: 109.66 (Deadline: 114.60, Delay: 0.00)
04/28/2026 07:17:06 PM INFO mip_v1 - print: 
04/28/2026 07:17:06 PM INFO mip_v1 - print: Order 8 → Factory 5
04/28/2026 07:17:06 PM INFO mip_v1 - print:   Machine 1: completion time = 29.01
04/28/2026 07:17:06 PM INFO mip_v1 - print:   Machine 2: completion time = 36.07
04/28/2026 07:17:06 PM INFO mip_v1 - print:   Machine 3: completion time = 42.77
04/28/2026 07:17:06 PM INFO mip_v1 - print:   Delivery: 43.67 (Deadline: 49.90, Delay: 0.00)
04/28/2026 07:17:06 PM INFO mip_v1 - print: 
04/28/2026 07:17:06 PM INFO mip_v1 - print: Order 9 → Factory 5
04/28/2026 07:17:06 PM INFO mip_v1 - print:   Machine 1: completion time = 50.29
04/28/2026 07:17:06 PM INFO mip_v1 - print:   Machine 2: completion time = 59.29
04/28/2026 07:17:06 PM INFO mip_v1 - print:   Machine 3: completion time = 66.96
04/28/2026 07:17:06 PM INFO mip_v1 - print:   Delivery: 73.26 (Deadline: 89.50, Delay: 0.00)
04/28/2026 07:17:06 PM INFO mip_v1 - print: 
04/28/2026 07:17:06 PM INFO mip_v1 - print: Order 10 → Factory 4
04/28/2026 07:17:06 PM INFO mip_v1 - print:   Machine 1: completion time = 77.34
04/28/2026 07:17:06 PM INFO mip_v1 - print:   Machine 2: completion time = 91.72
04/28/2026 07:17:06 PM INFO mip_v1 - print:   Machine 3: completion time = 102.60
04/28/2026 07:17:06 PM INFO mip_v1 - print:   Delivery: 105.20 (Deadline: 109.20, Delay: 0.00)
04/28/2026 07:17:06 PM INFO mip_v1 - print: 
04/28/2026 07:17:06 PM INFO mip_v1 - print: Order 11 → Factory 5
04/28/2026 07:17:06 PM INFO mip_v1 - print:   Machine 1: completion time = 23.78
04/28/2026 07:17:06 PM INFO mip_v1 - print:   Machine 2: completion time = 30.74
04/28/2026 07:17:06 PM INFO mip_v1 - print:   Machine 3: completion time = 37.65
04/28/2026 07:17:06 PM INFO mip_v1 - print:   Delivery: 39.55 (Deadline: 57.40, Delay: 0.00)
04/28/2026 07:17:06 PM INFO mip_v1 - print: 
04/28/2026 07:17:06 PM INFO mip_v1 - print: Order 13 → Factory 5
04/28/2026 07:17:06 PM INFO mip_v1 - print:   Machine 1: completion time = 42.54
04/28/2026 07:17:06 PM INFO mip_v1 - print:   Machine 2: completion time = 51.06
04/28/2026 07:17:06 PM INFO mip_v1 - print:   Machine 3: completion time = 59.22
04/28/2026 07:17:06 PM INFO mip_v1 - print:   Delivery: 63.72 (Deadline: 70.40, Delay: 0.00)
04/28/2026 07:17:06 PM INFO mip_v1 - print: 
04/28/2026 07:17:06 PM INFO mip_v1 - print: Order 16 → Factory 5
04/28/2026 07:17:06 PM INFO mip_v1 - print:   Machine 1: completion time = 85.51
04/28/2026 07:17:06 PM INFO mip_v1 - print:   Machine 2: completion time = 97.06
04/28/2026 07:17:06 PM INFO mip_v1 - print:   Machine 3: completion time = 106.76
04/28/2026 07:17:06 PM INFO mip_v1 - print:   Delivery: 109.26 (Deadline: 111.70, Delay: 0.00)
04/28/2026 07:17:06 PM INFO mip_v1 - print: 
04/28/2026 07:17:06 PM INFO mip_v1 - print: Order 17 → Factory 5
04/28/2026 07:17:06 PM INFO mip_v1 - print:   Machine 1: completion time = 57.17
04/28/2026 07:17:06 PM INFO mip_v1 - print:   Machine 2: completion time = 66.24
04/28/2026 07:17:06 PM INFO mip_v1 - print:   Machine 3: completion time = 73.61
04/28/2026 07:17:06 PM INFO mip_v1 - print:   Delivery: 77.41 (Deadline: 83.60, Delay: 0.00)
04/28/2026 07:17:06 PM INFO mip_v1 - print: 
04/28/2026 07:17:06 PM INFO mip_v1 - print: Order 18 → Factory 4
04/28/2026 07:17:06 PM INFO mip_v1 - print:   Machine 1: completion time = 27.44
04/28/2026 07:17:06 PM INFO mip_v1 - print:   Machine 2: completion time = 39.03
04/28/2026 07:17:06 PM INFO mip_v1 - print:   Machine 3: completion time = 47.30
04/28/2026 07:17:06 PM INFO mip_v1 - print:   Delivery: 54.40 (Deadline: 60.00, Delay: 0.00)
04/28/2026 07:17:06 PM INFO mip_v1 - print: 
04/28/2026 07:17:06 PM INFO mip_v1 - print: Order 19 → Factory 3
04/28/2026 07:17:06 PM INFO mip_v1 - print:   Machine 1: completion time = 85.24
04/28/2026 07:17:06 PM INFO mip_v1 - print:   Machine 2: completion time = 102.75
04/28/2026 07:17:06 PM INFO mip_v1 - print:   Machine 3: completion time = 122.99
04/28/2026 07:17:06 PM INFO mip_v1 - print:   Machine 4: completion time = 142.52
04/28/2026 07:17:06 PM INFO mip_v1 - print:   Delivery: 149.22 (Deadline: 148.40, Delay: 0.82)
04/28/2026 07:17:06 PM INFO mip_v1 - print: 
04/28/2026 07:17:06 PM INFO mip_v1 - print: Order 20 → Factory 4
04/28/2026 07:17:06 PM INFO mip_v1 - print:   Machine 1: completion time = 51.15
04/28/2026 07:17:06 PM INFO mip_v1 - print:   Machine 2: completion time = 64.20
04/28/2026 07:17:06 PM INFO mip_v1 - print:   Machine 3: completion time = 76.10
04/28/2026 07:17:06 PM INFO mip_v1 - print:   Delivery: 81.60 (Deadline: 81.60, Delay: 0.00)
04/28/2026 07:17:06 PM INFO mip_v1 - print: 
04/28/2026 07:17:06 PM INFO mip_v1 - print: Order 21 → Factory 2
04/28/2026 07:17:06 PM INFO mip_v1 - print:   Machine 1: completion time = 28.60
04/28/2026 07:17:06 PM INFO mip_v1 - print:   Machine 2: completion time = 49.81
04/28/2026 07:17:06 PM INFO mip_v1 - print:   Machine 3: completion time = 61.90
04/28/2026 07:17:06 PM INFO mip_v1 - print:   Delivery: 65.00 (Deadline: 82.80, Delay: 0.00)
04/28/2026 07:17:06 PM INFO mip_v1 - print: 
04/28/2026 07:17:06 PM INFO mip_v1 - print: Order 22 → Factory 4
04/28/2026 07:17:06 PM INFO mip_v1 - print:   Machine 1: completion time = 59.00
04/28/2026 07:17:06 PM INFO mip_v1 - print:   Machine 2: completion time = 72.16
04/28/2026 07:17:06 PM INFO mip_v1 - print:   Machine 3: completion time = 85.51
04/28/2026 07:17:06 PM INFO mip_v1 - print:   Delivery: 89.61 (Deadline: 96.60, Delay: 0.00)
04/28/2026 07:17:06 PM INFO mip_v1 - print: 
04/28/2026 07:17:06 PM INFO mip_v1 - print: Order 23 → Factory 3
04/28/2026 07:17:06 PM INFO mip_v1 - print:   Machine 1: completion time = 24.96
04/28/2026 07:17:06 PM INFO mip_v1 - print:   Machine 2: completion time = 37.11
04/28/2026 07:17:06 PM INFO mip_v1 - print:   Machine 3: completion time = 51.83
04/28/2026 07:17:06 PM INFO mip_v1 - print:   Machine 4: completion time = 66.80
04/28/2026 07:17:06 PM INFO mip_v1 - print:   Delivery: 73.40 (Deadline: 70.80, Delay: 2.60)
04/28/2026 07:17:06 PM INFO mip_v1 - print: 
04/28/2026 07:17:06 PM INFO mip_v1 - print: Order 24 → Factory 2
04/28/2026 07:17:06 PM INFO mip_v1 - print:   Machine 1: completion time = 56.44
04/28/2026 07:17:06 PM INFO mip_v1 - print:   Machine 2: completion time = 76.68
04/28/2026 07:17:06 PM INFO mip_v1 - print:   Machine 3: completion time = 88.38
04/28/2026 07:17:06 PM INFO mip_v1 - print:   Delivery: 90.98 (Deadline: 92.30, Delay: 0.00)
04/28/2026 07:17:06 PM INFO mip_v1 - print: 
04/28/2026 07:17:06 PM INFO mip_v1 - print: Order 25 → Factory 4
04/28/2026 07:17:06 PM INFO mip_v1 - print:   Machine 1: completion time = 14.73
04/28/2026 07:17:06 PM INFO mip_v1 - print:   Machine 2: completion time = 25.75
04/28/2026 07:17:06 PM INFO mip_v1 - print:   Machine 3: completion time = 35.35
04/28/2026 07:17:06 PM INFO mip_v1 - print:   Delivery: 41.15 (Deadline: 43.60, Delay: 0.00)
04/28/2026 07:17:06 PM INFO mip_v1 - print: 
04/28/2026 07:17:06 PM INFO mip_v1 - print: Order 26 → Factory 2
04/28/2026 07:17:06 PM INFO mip_v1 - print:   Machine 1: completion time = 48.42
04/28/2026 07:17:06 PM INFO mip_v1 - print:   Machine 2: completion time = 60.48
04/28/2026 07:17:06 PM INFO mip_v1 - print:   Machine 3: completion time = 73.76
04/28/2026 07:17:06 PM INFO mip_v1 - print:   Delivery: 79.86 (Deadline: 93.70, Delay: 0.00)
04/28/2026 07:17:06 PM INFO mip_v1 - print: 
04/28/2026 07:17:06 PM INFO mip_v1 - print: Order 28 → Factory 2
04/28/2026 07:17:06 PM INFO mip_v1 - print:   Machine 1: completion time = 86.34
04/28/2026 07:17:06 PM INFO mip_v1 - print:   Machine 2: completion time = 100.72
04/28/2026 07:17:06 PM INFO mip_v1 - print:   Machine 3: completion time = 115.11
04/28/2026 07:17:06 PM INFO mip_v1 - print:   Delivery: 119.61 (Deadline: 124.00, Delay: 0.00)
04/28/2026 07:17:06 PM INFO mip_v1 - print: 
04/28/2026 07:17:06 PM INFO mip_v1 - print: Order 30 → Factory 2
04/28/2026 07:17:06 PM INFO mip_v1 - print:   Machine 1: completion time = 10.52
04/28/2026 07:17:06 PM INFO mip_v1 - print:   Machine 2: completion time = 20.14
04/28/2026 07:17:06 PM INFO mip_v1 - print:   Machine 3: completion time = 29.86
04/28/2026 07:17:06 PM INFO mip_v1 - print:   Delivery: 34.96 (Deadline: 66.00, Delay: 0.00)
04/28/2026 07:17:06 PM INFO mip_v1 - print: 
04/28/2026 07:17:06 PM INFO mip_v1 - print: Order 31 → Factory 2
04/28/2026 07:17:06 PM INFO mip_v1 - print:   Machine 1: completion time = 22.31
04/28/2026 07:17:06 PM INFO mip_v1 - print:   Machine 2: completion time = 34.26
04/28/2026 07:17:06 PM INFO mip_v1 - print:   Machine 3: completion time = 47.00
04/28/2026 07:17:06 PM INFO mip_v1 - print:   Delivery: 50.90 (Deadline: 56.50, Delay: 0.00)
04/28/2026 07:17:06 PM INFO mip_v1 - print: 
04/28/2026 07:17:06 PM INFO mip_v1 - print: Order 33 → Factory 2
04/28/2026 07:17:06 PM INFO mip_v1 - print:   Machine 1: completion time = 62.40
04/28/2026 07:17:06 PM INFO mip_v1 - print:   Machine 2: completion time = 68.56
04/28/2026 07:17:06 PM INFO mip_v1 - print:   Machine 3: completion time = 80.19
04/28/2026 07:17:06 PM INFO mip_v1 - print:   Delivery: 84.79 (Deadline: 94.60, Delay: 0.00)
04/28/2026 07:17:06 PM INFO mip_v1 - print: 
04/28/2026 07:17:06 PM INFO mip_v1 - print: Order 35 → Factory 4
04/28/2026 07:17:06 PM INFO mip_v1 - print:   Machine 1: completion time = 86.48
04/28/2026 07:17:06 PM INFO mip_v1 - print:   Machine 2: completion time = 102.60
04/28/2026 07:17:06 PM INFO mip_v1 - print:   Machine 3: completion time = 110.90
04/28/2026 07:17:06 PM INFO mip_v1 - print:   Delivery: 115.90 (Deadline: 115.90, Delay: 0.00)
04/28/2026 07:17:06 PM INFO mip_v1 - print: 
04/28/2026 07:17:06 PM INFO mip_v1 - print: Order 36 → Factory 4
04/28/2026 07:17:06 PM INFO mip_v1 - print:   Machine 1: completion time = 36.07
04/28/2026 07:17:06 PM INFO mip_v1 - print:   Machine 2: completion time = 47.77
04/28/2026 07:17:06 PM INFO mip_v1 - print:   Machine 3: completion time = 56.20
04/28/2026 07:17:06 PM INFO mip_v1 - print:   Delivery: 59.90 (Deadline: 59.90, Delay: 0.00)
04/28/2026 07:17:06 PM INFO mip_v1 - print: 
04/28/2026 07:17:06 PM INFO mip_v1 - print: Order 37 → Factory 5
04/28/2026 07:17:06 PM INFO mip_v1 - print:   Machine 1: completion time = 69.13
04/28/2026 07:17:06 PM INFO mip_v1 - print:   Machine 2: completion time = 79.80
04/28/2026 07:17:06 PM INFO mip_v1 - print:   Machine 3: completion time = 86.80
04/28/2026 07:17:06 PM INFO mip_v1 - print:   Delivery: 92.10 (Deadline: 95.50, Delay: 0.00)
04/28/2026 07:17:06 PM INFO mip_v1 - print: 
04/28/2026 07:17:06 PM INFO mip_v1 - print: Order 38 → Factory 3
04/28/2026 07:17:06 PM INFO mip_v1 - print:   Machine 1: completion time = 36.40
04/28/2026 07:17:06 PM INFO mip_v1 - print:   Machine 2: completion time = 45.99
04/28/2026 07:17:06 PM INFO mip_v1 - print:   Machine 3: completion time = 62.19
04/28/2026 07:17:06 PM INFO mip_v1 - print:   Machine 4: completion time = 77.49
04/28/2026 07:17:06 PM INFO mip_v1 - print:   Delivery: 83.39 (Deadline: 85.20, Delay: 0.00)
04/28/2026 07:17:06 PM INFO mip_v1 - print: 
04/28/2026 07:17:06 PM INFO mip_v1 - print: Order 40 → Factory 3
04/28/2026 07:17:06 PM INFO mip_v1 - print:   Machine 1: completion time = 65.11
04/28/2026 07:17:06 PM INFO mip_v1 - print:   Machine 2: completion time = 79.16
04/28/2026 07:17:06 PM INFO mip_v1 - print:   Machine 3: completion time = 102.35
04/28/2026 07:17:06 PM INFO mip_v1 - print:   Machine 4: completion time = 118.10
04/28/2026 07:17:06 PM INFO mip_v1 - print:   Delivery: 119.30 (Deadline: 119.30, Delay: 0.00)
04/28/2026 07:17:06 PM INFO mip_v1 - print: 
04/28/2026 07:17:06 PM INFO mip_v1 - print: Order 42 → Factory 5
04/28/2026 07:17:06 PM INFO mip_v1 - print:   Machine 1: completion time = 76.02
04/28/2026 07:17:06 PM INFO mip_v1 - print:   Machine 2: completion time = 87.06
04/28/2026 07:17:06 PM INFO mip_v1 - print:   Machine 3: completion time = 94.56
04/28/2026 07:17:06 PM INFO mip_v1 - print:   Delivery: 101.26 (Deadline: 101.00, Delay: 0.26)
04/28/2026 07:17:06 PM INFO mip_v1 - print: 
04/28/2026 07:17:06 PM INFO mip_v1 - print: Order 43 → Factory 2
04/28/2026 07:17:06 PM INFO mip_v1 - print:   Machine 1: completion time = 72.55
04/28/2026 07:17:06 PM INFO mip_v1 - print:   Machine 2: completion time = 87.41
04/28/2026 07:17:06 PM INFO mip_v1 - print:   Machine 3: completion time = 100.24
04/28/2026 07:17:06 PM INFO mip_v1 - print:   Delivery: 103.84 (Deadline: 104.30, Delay: 0.00)
04/28/2026 07:17:06 PM INFO mip_v1 - print: 
04/28/2026 07:17:06 PM INFO mip_v1 - print: Order 45 → Factory 5
04/28/2026 07:17:06 PM INFO mip_v1 - print:   Machine 1: completion time = 62.88
04/28/2026 07:17:06 PM INFO mip_v1 - print:   Machine 2: completion time = 72.62
04/28/2026 07:17:06 PM INFO mip_v1 - print:   Machine 3: completion time = 79.97
04/28/2026 07:17:06 PM INFO mip_v1 - print:   Delivery: 80.97 (Deadline: 83.60, Delay: 0.00)
04/28/2026 07:17:06 PM INFO mip_v1 - print: 
04/28/2026 07:17:06 PM INFO mip_v1 - print: Order 46 → Factory 5
04/28/2026 07:17:06 PM INFO mip_v1 - print:   Machine 1: completion time = 17.75
04/28/2026 07:17:06 PM INFO mip_v1 - print:   Machine 2: completion time = 24.68
04/28/2026 07:17:06 PM INFO mip_v1 - print:   Machine 3: completion time = 31.48
04/28/2026 07:17:06 PM INFO mip_v1 - print:   Delivery: 35.28 (Deadline: 70.70, Delay: 0.00)
04/28/2026 07:17:06 PM INFO mip_v1 - print: 
04/28/2026 07:17:06 PM INFO mip_v1 - print: Order 47 → Factory 5
04/28/2026 07:17:06 PM INFO mip_v1 - print:   Machine 1: completion time = 93.72
04/28/2026 07:17:06 PM INFO mip_v1 - print:   Machine 2: completion time = 106.76
04/28/2026 07:17:06 PM INFO mip_v1 - print:   Machine 3: completion time = 115.40
04/28/2026 07:17:06 PM INFO mip_v1 - print:   Delivery: 117.60 (Deadline: 117.60, Delay: 0.00)
04/28/2026 07:17:06 PM INFO mip_v1 - print: 
04/28/2026 07:17:06 PM INFO mip_v1 - print: Order 48 → Factory 2
04/28/2026 07:17:06 PM INFO mip_v1 - print:   Machine 1: completion time = 35.76
04/28/2026 07:17:06 PM INFO mip_v1 - print:   Machine 2: completion time = 43.36
04/28/2026 07:17:06 PM INFO mip_v1 - print:   Machine 3: completion time = 54.59
04/28/2026 07:17:06 PM INFO mip_v1 - print:   Delivery: 58.39 (Deadline: 71.00, Delay: 0.00)
04/28/2026 07:17:06 PM INFO mip_v1 - print: 
04/28/2026 07:17:06 PM INFO mip_v1 - print: Order 49 → Factory 4
04/28/2026 07:17:06 PM INFO mip_v1 - print:   Machine 1: completion time = 65.55
04/28/2026 07:17:06 PM INFO mip_v1 - print:   Machine 2: completion time = 79.49
04/28/2026 07:17:06 PM INFO mip_v1 - print:   Machine 3: completion time = 91.70
04/28/2026 07:17:06 PM INFO mip_v1 - print:   Delivery: 97.30 (Deadline: 97.30, Delay: 0.00)
04/28/2026 07:17:06 PM INFO mip_v1 - print: 
04/28/2026 07:17:06 PM INFO mip_v1 - print: Order 50 → Factory 4
04/28/2026 07:17:06 PM INFO mip_v1 - print:   Machine 1: completion time = 43.72
04/28/2026 07:17:06 PM INFO mip_v1 - print:   Machine 2: completion time = 56.15
04/28/2026 07:17:06 PM INFO mip_v1 - print:   Machine 3: completion time = 69.20
04/28/2026 07:17:06 PM INFO mip_v1 - print:   Delivery: 74.00 (Deadline: 74.00, Delay: 0.00)
04/28/2026 07:17:06 PM INFO mip_v1 - print: 
04/28/2026 07:17:06 PM INFO mip_v1 - print: ------------------------------------------------------------
04/28/2026 07:17:06 PM INFO mip_v1 - print: COST BREAKDOWN
04/28/2026 07:17:06 PM INFO mip_v1 - print: ------------------------------------------------------------
04/28/2026 07:17:06 PM INFO mip_v1 - print: Total Revenue:          +    43291.00
04/28/2026 07:17:06 PM INFO mip_v1 - print: Production Cost:        -    17228.86
04/28/2026 07:17:06 PM INFO mip_v1 - print: Transport Cost:         -     8746.55
04/28/2026 07:17:06 PM INFO mip_v1 - print: Delay Penalty:          -      256.74
04/28/2026 07:17:06 PM INFO mip_v1 - print: ------------------------------------------------------------
04/28/2026 07:17:06 PM INFO mip_v1 - print: Total Profit:           =    17058.85
