
Gurobi 10.0.1 (win64) logging started Tue Apr 28 10:45:10 2026

Set parameter LogFile to value "D:\Project_Code\Paper\DP_LBBD_1\DP_lbbd\Algorithm\Results\mip_v1\medium\exp_5f_35j_seed2\log\exp_5f_35j_seed2_gurobi.log"
Set parameter LogToConsole to value 0
Gurobi Optimizer version 10.0.1 build v10.0.1rc0 (win64)

CPU model: Intel(R) Core(TM) Ultra 7 265KF, instruction set [SSE2|AVX|AVX2]
Thread count: 20 physical cores, 20 logical processors, using up to 20 threads

Optimize a model with 49608 rows, 24780 columns and 242856 nonzeros
Model fingerprint: 0x9f06de7c
Variable types: 770 continuous, 24010 integer (24010 binary)
Coefficient statistics:
  Matrix range     [1e+00, 1e+02]
  Objective range  [4e+01, 2e+03]
  Bounds range     [1e+00, 1e+02]
  RHS range        [1e+00, 4e+02]
Found heuristic solution: objective -0.0000000
Presolve removed 28498 rows and 14190 columns
Presolve time: 0.32s
Presolved: 21110 rows, 10590 columns, 102398 nonzeros
Variable types: 521 continuous, 10069 integer (10069 binary)
Deterministic concurrent LP optimizer: primal and dual simplex
Showing first log only...

Concurrent spin time: 0.00s

Solved with dual simplex

Root relaxation: objective 1.709135e+04, 1514 iterations, 0.07 seconds (0.09 work units)

    Nodes    |    Current Node    |     Objective Bounds      |     Work
 Expl Unexpl |  Obj  Depth IntInf | Incumbent    BestBd   Gap | It/Node Time

     0     0 17091.3503    0  324   -0.00000 17091.3503      -     -    0s
H    0     0                    8417.4615896 17091.3503   103%     -    1s
H    0     0                    8515.0544160 17091.3503   101%     -    1s
H    0     0                    8743.2164254 17091.3503  95.5%     -    1s
     0     0 16911.9702    0  351 8743.21643 16911.9702  93.4%     -    2s
H    0     0                    10946.477341 16911.9702  54.5%     -    4s
H    0     0                    11637.737414 16911.9702  45.3%     -    4s
     0     0 16822.9071    0  329 11637.7374 16822.9071  44.6%     -    4s
     0     0 16822.9071    0  451 11637.7374 16822.9071  44.6%     -    4s
     0     0 16822.9071    0  357 11637.7374 16822.9071  44.6%     -    5s
     0     0 16822.9071    0  358 11637.7374 16822.9071  44.6%     -    5s
     0     0 16822.9071    0  332 11637.7374 16822.9071  44.6%     -    5s
     0     0 16814.9884    0  273 11637.7374 16814.9884  44.5%     -    5s
     0     0 16814.9884    0  320 11637.7374 16814.9884  44.5%     -    5s
     0     0 16814.4173    0  285 11637.7374 16814.4173  44.5%     -    5s
     0     0 16814.0180    0  298 11637.7374 16814.0180  44.5%     -    5s
     0     0 16813.4804    0  289 11637.7374 16813.4804  44.5%     -    5s
     0     0 16813.4803    0  319 11637.7374 16813.4803  44.5%     -    5s
     0     0 16798.8841    0  378 11637.7374 16798.8841  44.3%     -    6s
     0     0 16798.1261    0  384 11637.7374 16798.1261  44.3%     -    6s
     0     0 16796.9300    0  347 11637.7374 16796.9300  44.3%     -    6s
     0     0 16796.1009    0  349 11637.7374 16796.1009  44.3%     -    6s
     0     0 16795.9006    0  308 11637.7374 16795.9006  44.3%     -    6s
     0     0 16795.9006    0  324 11637.7374 16795.9006  44.3%     -    6s
     0     0 16794.5035    0  321 11637.7374 16794.5035  44.3%     -    6s
H    0     0                    12517.849878 16793.0131  34.2%     -    6s
     0     0 16793.0131    0  292 12517.8499 16793.0131  34.2%     -    6s
     0     0 16793.0131    0  311 12517.8499 16793.0131  34.2%     -    6s
     0     0 16793.0091    0  305 12517.8499 16793.0091  34.2%     -    6s
     0     0 16793.0091    0  270 12517.8499 16793.0091  34.2%     -    7s
     0     0 16791.6373    0  297 12517.8499 16791.6373  34.1%     -    7s
     0     0 16791.3711    0  297 12517.8499 16791.3711  34.1%     -    7s
     0     0 16791.1550    0  325 12517.8499 16791.1550  34.1%     -    7s
     0     0 16791.1458    0  289 12517.8499 16791.1458  34.1%     -    7s
     0     0 16791.1458    0  281 12517.8499 16791.1458  34.1%     -    7s
     0     0 16791.1458    0  296 12517.8499 16791.1458  34.1%     -    7s
     0     0 16791.1458    0  337 12517.8499 16791.1458  34.1%     -    7s
H    0     0                    12599.642930 16791.1458  33.3%     -    8s
     0     0 16791.1458    0  306 12599.6429 16791.1458  33.3%     -    8s
     0     0 16791.1458    0  281 12599.6429 16791.1458  33.3%     -    9s
     0     0 16791.1458    0  284 12599.6429 16791.1458  33.3%     -    9s
     0     0 16791.1458    0  277 12599.6429 16791.1458  33.3%     -    9s
     0     0 16791.1458    0  277 12599.6429 16791.1458  33.3%     -    9s
     0     2 16778.2191    0  276 12599.6429 16778.2191  33.2%     -   10s
H  330   278                    13081.183413 16691.4750  27.6%   287   18s
H  337   278                    13298.042301 16691.4750  25.5%   292   18s
   375   322 16513.7537   13  324 13298.0423 16691.4750  25.5%   293   20s
H  495   409                    13379.894474 16691.4750  24.8%   254   24s
   550   444 16511.0259   16  317 13379.8945 16691.4750  24.8%   242   25s
H  573   444                    13443.921418 16691.4750  24.2%   238   25s
H  584   444                    13556.799243 16691.4750  23.1%   235   25s
H  748   561                    13581.862743 16691.4750  22.9%   211   27s
H  997   780                    13624.210146 16691.4750  22.5%   178   29s
  1032   864 16327.9662   20  292 13624.2101 16691.4750  22.5%   176   30s
  2032  1495 15387.2415   37  196 13624.2101 16691.4750  22.5%   134   35s
  2356  1606 15830.1864   17  277 13624.2101 16691.4750  22.5%   128   40s
  2363  1611 16269.8616   19  271 13624.2101 16691.4750  22.5%   127   45s
  2383  1625 14879.7705   36  143 13624.2101 16691.4750  22.5%   129   50s
  2397  1635 13665.6496   53  149 13624.2101 16640.4344  22.1%   129   55s
  2420  1650 14617.7342   33  205 13624.2101 16556.5076  21.5%   127   60s
  2445  1667 16506.5018    8  131 13624.2101 16506.5018  21.2%   126   65s
  2615  1801 16106.3895   33  160 13624.2101 16479.7947  21.0%  66.8   77s
  2804  1935 16040.4892   38  141 13624.2101 16479.7947  21.0%  80.0   80s
  3960  2491 15782.7505   53  125 13624.2101 16479.7947  21.0%   109   85s
  4504  2579 15414.2985   57  103 13624.2101 16479.7947  21.0%   110   90s
  5680  3375 15157.1690   65  106 13624.2101 16479.7947  21.0%   104   96s
  7117  3920 13821.2255   75   85 13624.2101 16479.7947  21.0%  98.4  100s
  8907  5155 16404.4581   32  175 13624.2101 16463.9040  20.8%  94.0  105s
 10238  6205 14918.1778   64   62 13624.2101 16463.9040  20.8%  91.5  110s
 12157  7529 13930.8492   70   51 13624.2101 16289.1743  19.6%  87.4  116s
 13654  8924 14445.3862   52   66 13624.2101 16286.9300  19.5%  84.8  120s
 14716  9552 13852.5032   88   50 13624.2101 16268.0477  19.4%  82.6  157s
 16193 10744 13676.9761   58   47 13624.2101 16245.4373  19.2%  79.8  162s
 17111 11804 15428.2772   41  104 13624.2101 16224.2172  19.1%  79.2  166s
 19586 13721 14683.0525   77   52 13624.2101 16219.8195  19.1%  76.4  173s
 20983 14912 16196.6814   37  162 13624.2101 16219.8195  19.1%  74.5  177s
 22467 15953 13746.8210   69   78 13624.2101 16212.6469  19.0%  72.9  181s
 23904 19006 16011.8437   35  139 13624.2101 16211.7513  19.0%  71.3  191s
 27820 19991 16074.9238   41   88 13624.2101 16187.6945  18.8%  68.1  195s
 29119 21328 14524.2780   76   45 13624.2101 16187.6945  18.8%  67.1  200s
 31899 23313 15792.6117   37  135 13624.2101 16181.6732  18.8%  65.4  207s
 33236 24635 14204.6208   68   65 13624.2101 16176.9890  18.7%  64.5  212s
 34930 25959 15046.1028   57   67 13624.2101 16176.9890  18.7%  63.3  217s
 36682 27084     cutoff  117      13624.2101 16175.5268  18.7%  62.1  221s
 38264 28425 16006.8787   46  106 13624.2101 16172.1051  18.7%  61.5  226s
 40036 30050 15689.3003   46   84 13624.2101 16171.9464  18.7%  60.9  232s
 42081 31376 15113.7103   62   51 13624.2101 16171.9464  18.7%  59.8  237s
 43853 32737 15753.9578   46   82 13624.2101 16171.4167  18.7%  59.4  243s
 45706 34220 15156.1942   61   73 13624.2101 16166.3994  18.7%  58.9  249s
 47617 34221 14153.4808  100  277 13624.2101 16163.1127  18.6%  58.3  329s
 47619 34222 13808.4822   70  178 13624.2101 16163.1127  18.6%  58.3  331s
 47629 34229 14651.1301   73  150 13624.2101 16163.1127  18.6%  58.3  336s
 47632 34231 14735.5940   62  160 13624.2101 16163.1127  18.6%  58.3  342s
 47634 34232 14626.1972   61  155 13624.2101 16163.1127  18.6%  58.3  346s
 47640 34236 14345.8484   70  174 13624.2101 16163.1127  18.6%  58.3  350s
 47644 34239 13631.0048   89  122 13624.2101 16163.1127  18.6%  58.3  356s
 47646 34240 15263.0752   62  135 13624.2101 16163.1127  18.6%  58.3  360s
 47650 34243 15264.2986   66  157 13624.2101 16163.1127  18.6%  58.3  366s
 47652 34244 14300.8047   53  129 13624.2101 16163.1127  18.6%  58.3  370s
 47658 34248 14103.4332   47  163 13624.2101 16163.1127  18.6%  58.3  376s
 47661 34250 14056.3086   90  145 13624.2101 16163.1127  18.6%  58.3  380s
 47664 34252 14031.6851   75  179 13624.2101 16163.1127  18.6%  58.3  385s
 47669 34256 13889.5821  116  188 13624.2101 16163.1127  18.6%  58.2  390s
 47674 34259 13675.6747   88  152 13624.2101 16163.1127  18.6%  58.2  395s
 47677 34261 14282.7349   73  162 13624.2101 16163.1127  18.6%  58.2  400s
 47681 34264 16027.8616   48  139 13624.2101 16163.1127  18.6%  58.2  405s
 47685 34266 15558.6186   46  150 13624.2101 16163.1127  18.6%  58.2  411s
 47688 34268 14438.3248   77  166 13624.2101 16163.1127  18.6%  58.2  416s
 47691 34270 14587.1315   70  144 13624.2101 16163.1127  18.6%  58.2  421s
 47694 34272 14331.3117   50  177 13624.2101 16163.1127  18.6%  58.2  425s
 47697 34274 13857.1970   96  140 13624.2101 16163.1127  18.6%  58.2  430s
 47701 34277 14123.8377   86  141 13624.2101 16163.1127  18.6%  58.2  436s
 47704 34279 13720.9701   93  172 13624.2101 16163.1127  18.6%  58.2  441s
 47707 34281 14054.0900   95  129 13624.2101 16163.1127  18.6%  58.2  446s
 47710 34283 13857.1970   96  152 13624.2101 16163.1127  18.6%  58.2  451s
 47713 34285 13870.4144   71  157 13624.2101 16163.1127  18.6%  58.2  455s
 47718 34288 15194.9302   46  199 13624.2101 16163.1127  18.6%  58.2  461s
 47721 34290 13972.7123   81  167 13624.2101 16163.1127  18.6%  58.2  466s
 47724 34292 13733.4900   50  144 13624.2101 16163.1127  18.6%  58.2  471s
 47727 34294 14346.2138   87  132 13624.2101 16163.1127  18.6%  58.2  476s
 47731 34297 15016.0820   58  166 13624.2101 16163.1127  18.6%  58.2  481s
 47733 34298 14999.2810   62  160 13624.2101 16163.1127  18.6%  58.2  485s
 47736 34300 13884.7295   95  154 13624.2101 16163.1127  18.6%  58.2  491s
 47738 34302 14742.5661   75  135 13624.2101 16163.1127  18.6%  58.2  495s
 47741 34304 13801.7773   60  168 13624.2101 16163.1127  18.6%  58.2  500s
 47745 34306 13956.1503   72  134 13624.2101 16163.1127  18.6%  58.2  506s
 47747 34308 15958.9948   46  138 13624.2101 16163.1127  18.6%  58.1  510s
 47750 34310 15264.2986   66  145 13624.2101 16163.1127  18.6%  58.1  516s
 47753 34312 14783.9089   68  123 13624.2101 16163.1127  18.6%  58.1  522s
 47755 34313 13770.2233   67  123 13624.2101 16163.1127  18.6%  58.1  526s
 47758 34315 14103.4332   47  152 13624.2101 16163.1127  18.6%  58.1  531s
 47760 34316 15226.8516   52  147 13624.2101 16163.1127  18.6%  58.1  536s
 47762 34318 15005.1940   74  157 13624.2101 16163.1127  18.6%  58.1  540s
 47765 34320 13873.4959   99  144 13624.2101 16163.1127  18.6%  58.1  546s
 47767 34321 14226.5742   73  133 13624.2101 16163.1127  18.6%  58.1  551s
 47769 34322 13889.5821  116  140 13624.2101 16163.1127  18.6%  58.1  555s
 47771 34324 14785.9032   62  130 13624.2101 16163.1127  18.6%  58.1  560s
 47774 34326 13675.6747   88  195 13624.2101 16163.1127  18.6%  58.1  566s
 47776 34327 14950.6066   48  188 13624.2101 16163.1127  18.6%  58.1  570s
 47781 34330 16027.8616   48  162 13624.2101 16163.1127  18.6%  58.1  576s
 47783 34332 14317.9985   79  156 13624.2101 16163.1127  18.6%  58.1  580s
 47785 34333 15558.6186   46  156 13624.2101 16163.1127  18.6%  58.1  585s
 47787 34334 14069.5200   60  153 13624.2101 16163.1127  18.6%  58.1  590s
 47789 34336 14324.4434   73  182 13624.2101 16163.1127  18.6%  58.1  595s
 47792 34338 15739.1032   52  188 13624.2101 16163.1127  18.6%  58.1  602s
 47794 34339 14331.3117   50  209 13624.2101 16163.1127  18.6%  58.1  606s
 47799 34342 14349.0835   75  173 13624.2101 16163.1127  18.6%  58.1  611s
 47801 34344 14123.8377   86  183 13624.2101 16163.1127  18.6%  58.1  616s
 47803 34345 14984.4250   59  189 13624.2101 16163.1127  18.6%  58.1  621s
 47804 34346 13720.9701   93  140 13624.2101 16163.1127  18.6%  58.1  625s
 47806 34347 15016.6277   64  143 13624.2101 16163.1127  18.6%  58.1  630s
 47808 34348 14742.5661   75  152 13624.2101 16163.1127  18.6%  58.1  636s
 47810 34350 13857.1970   96  135 13624.2101 16163.1127  18.6%  58.1  640s
 47812 34351 14114.4707  101  137 13624.2101 16163.1127  18.6%  58.1  645s
 47815 34353 14458.7605   76  160 13624.2101 16163.1127  18.6%  58.1  651s
 47817 34354 14153.4808  100  179 13624.2101 16163.1127  18.6%  58.1  657s
 47819 34356 13808.4822   70  178 13624.2101 16163.1127  18.6%  58.1  662s
 47821 34357 13972.7123   81  192 13624.2101 16163.1127  18.6%  58.1  666s
 47823 34358 14007.1926   98  172 13624.2101 16163.1127  18.6%  58.1  671s
 47825 34360 15566.8175   46  178 13624.2101 16163.1127  18.6%  58.1  676s
 47827 34361 14346.2138   87  175 13624.2101 16163.1127  18.6%  58.1  680s
 47830 34363 14323.3495   78  145 13624.2101 16163.1127  18.6%  58.0  685s
 47833 34365 14999.2810   62  129 13624.2101 16163.1127  18.6%  58.0  693s
 47835 34366 13825.0013  105  191 13624.2101 16163.1127  18.6%  58.0  696s
 47837 34368 14412.7383   75  162 13624.2101 16163.1127  18.6%  58.0  701s
 47839 34369 14175.7128   94  178 13624.2101 16163.1127  18.6%  58.0  706s
 47841 34370 13801.7773   60  162 13624.2101 16163.1127  18.6%  58.0  711s
 47843 34372 14603.3814   60  172 13624.2101 16163.1127  18.6%  58.0  716s
 47845 34373 13956.1503   72  186 13624.2101 16163.1127  18.6%  58.0  721s
 47847 34374 15958.9948   46  156 13624.2101 16163.1127  18.6%  58.0  726s
 47850 34376 15264.2986   66  157 13624.2101 16163.1127  18.6%  58.0  732s
 47854 34379 13944.1835   99  210 13624.2101 16163.1127  18.6%  58.0  735s
 47863 34394 16163.1127   42  151 13624.2101 16163.1127  18.6%  63.7  740s
 47887 34422 16015.4939   44  192 13624.2101 16163.1127  18.6%  64.6  751s
 48017 34505 15799.6553   47  174 13624.2101 16163.1127  18.6%  66.9  755s
 48123 34543 15791.9876   49  159 13624.2101 16163.1127  18.6%  67.6  762s
 48441 34646 15759.0187   53  152 13624.2101 16163.1127  18.6%  69.1  765s
 49007 34822 15338.1813   57  122 13624.2101 16163.1127  18.6%  71.3  770s
 49564 34922 14816.3099   63   85 13624.2101 16163.1127  18.6%  72.9  775s
 50071 35025     cutoff   74      13624.2101 16163.1127  18.6%  74.7  780s
 50877 35480 15803.7364   58   96 13624.2101 16163.1127  18.6%  77.2  787s
 51657 35613 14424.9690   81   61 13624.2101 16163.1127  18.6%  79.1  791s
 52314 35681 15707.0698   46  150 13624.2101 16163.1127  18.6%  81.6  797s
 52718 35808 16107.7723   49  155 13624.2101 16153.4587  18.6%  82.8  800s
 53746 36008 14907.5871   65  101 13624.2101 16149.4694  18.5%  85.1  808s
 54329 36194 14093.5260   59  118 13624.2101 16059.7256  17.9%  86.4  812s
 54950 36867 15222.4844   57   95 13624.2101 16059.7256  17.9%  87.3  816s
 56588 37182 15281.9702   50  114 13624.2101 16035.3981  17.7%  87.9  822s
 57440 37727 15382.2773   67   93 13624.2101 16030.5678  17.7%  88.4  826s
 59500 38063 14364.4931   51   92 13624.2101 16007.1156  17.5%  89.0  832s
 60259 38579 15315.4844   55   68 13624.2101 15995.6089  17.4%  89.8  836s
 61420 38538 15626.3206   52  124 13624.2101 15986.5151  17.3%  90.1  843s
 61948 38770 14280.5466   61   64 13624.2101 15984.8886  17.3%  90.7  847s
 62752 39039 15939.4400   53  139 13624.2101 15981.8916  17.3%  91.4  851s
 64622 39060 15437.6954   50  146 13624.2101 15954.9476  17.1%  93.0  858s
 65508 39179 15203.5787   51  109 13624.2101 15946.6878  17.0%  93.8  861s
 66287 39451 15549.9788   51  126 13624.2101 15942.6874  17.0%  94.9  865s
 67987 40020 15649.4889   50  112 13624.2101 15929.9185  16.9%  96.8  872s
 69338 40126 15643.9798   53   96 13624.2101 15924.0757  16.9%  97.3  876s
 70297 40602 15240.9625   55  100 13624.2101 15916.1972  16.8%  98.3  881s
 71678 41003 15748.2392   53  117 13624.2101 15910.4048  16.8%  99.1  887s
 73060 41135 15168.2308   54  105 13624.2101 15901.6992  16.7%   100  891s
 74189 41625 15227.6964   57  103 13624.2101 15891.5134  16.6%   101  897s
 75715 41563 14491.6267   52   80 13624.2101 15883.0727  16.6%   101  902s
 76847 41939 15361.0958   55  135 13624.2101 15874.8726  16.5%   102  908s
 78386 42215 15661.6878   54  124 13624.2101 15865.2164  16.4%   103  916s
 79885 43013 15599.4620   54   97 13624.2101 15855.6865  16.4%   104  926s
 82046 43131 15413.9712   51  116 13624.2101 15846.0668  16.3%   104  935s
 83617 43607 15336.8405   56  147 13624.2101 15840.7533  16.3%   105  945s
 85416 44202 14782.7728   64   67 13624.2101 15835.0161  16.2%   106  956s
 87689 44704 14547.9370   69   93 13624.2101 15831.5471  16.2%   106  969s
 89750 45470 15542.0413   56   96 13624.2101 15824.4685  16.1%   106  981s
 91989 46157 15518.2775   54   89 13624.2101 15816.9711  16.1%   106  992s
 94195 47278 13941.3686   82   67 13624.2101 15811.8102  16.1%   106 1006s
 97093 47913 14614.2295   63   63 13624.2101 15807.3098  16.0%   106 1021s
 100021 48070 15677.8304   56  118 13624.2101 15801.9604  16.0%   106 1032s
 102089 48424 14962.6037   52  106 13624.2101 15798.2156  16.0%   106 1044s
 103964 49466 15620.3299   56  100 13624.2101 15794.5379  15.9%   107 1060s
 106693 48715 14369.4391   55   87 13624.2101 15791.9886  15.9%   107 1118s
 106986 50271 14366.0354   56   79 13624.2101 15791.2939  15.9%   107 1135s
 109811 51220 15362.1153   51  116 13624.2101 15786.2151  15.9%   107 1151s
 112699 51442 15667.6201   49  142 13624.2101 15783.7440  15.9%   107 1166s
 114831 52229 14191.9458   56   65 13624.2101 15779.3709  15.8%   107 1181s
 117274 52679 14713.5818   77   84 13624.2101 15775.0778  15.8%   107 1194s
 119339 53366 15003.0987   65   64 13624.2101 15770.7223  15.8%   107 1210s
 121711 53928 15747.4584   49  132 13624.2101 15767.1545  15.7%   107 1228s
 124212 54490 14358.0879   80   78 13624.2101 15762.4286  15.7%   107 1244s
 125344 54113 15467.4543   61   83 13624.2101 15761.2854  15.7%   107 1245s
 126648 55192 15491.4767   58   83 13624.2101 15758.5808  15.7%   107 1261s
 129382 55976 14628.5405   68   75 13624.2101 15753.8831  15.6%   107 1277s
 132087 55996 15421.5942   57  108 13624.2101 15749.3930  15.6%   107 1289s
 133989 56844 15311.2389   57  106 13624.2101 15748.8749  15.6%   107 1304s
 136414 57385 14180.0295   52  101 13624.2101 15743.6489  15.6%   107 1318s
 138654 58556 15603.0928   56  109 13624.2101 15739.4649  15.5%   107 1336s
 141631 58930 infeasible   69      13624.2101 15736.9183  15.5%   107 1350s
 144233 59123 15609.7560   58   86 13624.2101 15732.2722  15.5%   107 1365s
 146138 60045 14228.7935   54   83 13624.2101 15728.8794  15.4%   107 1383s
 148693 60442 15571.2932   55  102 13624.2101 15723.3429  15.4%   107 1399s
 150501 59839 14654.1641   56  101 13624.2101 15722.1839  15.4%   107 1400s
 150955 60917 15393.9004   61   91 13624.2101 15720.8632  15.4%   107 1415s
 153235 62018 15127.7179   55  101 13624.2101 15717.5288  15.4%   107 1431s
 155450 62161 14477.9862   75   57 13624.2101 15714.6465  15.3%   107 1470s
 155702 63544 14325.9275   76   52 13624.2101 15714.2745  15.3%   107 1488s
 158077 64812 infeasible   98      13624.2101 15711.6774  15.3%   107 1504s
 160448 66168 14494.7185   56  111 13624.2101 15708.5227  15.3%   107 1519s
 162843 68116 15117.1647   66   98 13624.2101 15705.2759  15.3%   107 1534s
 165790 69341 15293.5278   52   99 13624.2101 15702.7034  15.3%   107 1547s
 167990 71034 infeasible   54      13624.2101 15699.6935  15.2%   107 1563s
 170942 72705 15537.8386   52  142 13624.2101 15697.2643  15.2%   106 1579s
 172701 72705     cutoff   68      13624.2101 15696.5522  15.2%   106 1580s
 173890 74045 15663.8145   56  101 13624.2101 15695.8382  15.2%   106 1592s
 176328 74962 14446.2542   60   80 13624.2101 15693.4857  15.2%   106 1604s
 178320 75989 15471.6071   54  102 13624.2101 15691.5262  15.2%   106 1616s
 180289 77124 14120.6675   74   53 13624.2101 15689.5258  15.2%   106 1628s
 182263 78604 14800.7753   53  111 13624.2101 15688.0309  15.1%   106 1641s
 184808 80722 14230.6622   58  115 13624.2101 15686.2613  15.1%   106 1657s
 188721 81958 14032.6748   90   46 13624.2101 15685.3089  15.1%   105 1671s
 191170 83194 15298.5979   56   80 13624.2101 15683.4938  15.1%   105 1684s
 193397 84806 15286.2248   63   95 13624.2101 15681.9282  15.1%   105 1697s
 195748 86371 15390.3509   60   83 13624.2101 15681.0749  15.1%   105 1713s
 198493 87932 13910.0469   85   72 13624.2101 15679.2574  15.1%   105 1726s
 201208 89325 15538.6054   60   66 13624.2101 15677.6456  15.1%   104 1740s
 203563 90434 15432.4895   55   90 13624.2101 15675.9838  15.1%   104 1753s
 205815 91542 14532.9605   60   95 13624.2101 15674.5894  15.0%   104 1765s
 207690 92872 15583.6779   54  139 13624.2101 15673.3513  15.0%   104 1778s
 209872 94105 14118.2597   63  105 13624.2101 15672.0184  15.0%   104 1792s
 212124 94919 15392.3815   55   87 13624.2101 15669.9912  15.0%   104 1800s

Cutting planes:
  Learned: 49
  Gomory: 311
  Lift-and-project: 821
  Cover: 886
  Implied bound: 2
  Projected implied bound: 9
  MIR: 7619
  StrongCG: 16
  Flow cover: 10144
  Inf proof: 42
  Zero half: 15
  RLT: 9
  Relax-and-lift: 128

Explored 213383 nodes (22532209 simplex iterations) in 1800.96 seconds (1241.98 work units)
Thread count was 20 (of 20 available processors)

Solution count 10: 13624.2 13624.2 13581.9 ... 12517.8

Time limit reached
Best objective 1.362421014575e+04, best bound 1.566866683465e+04, gap 15.0061%
