04/28/2026 10:45:09 AM INFO mip_v1 - setup_solver_logging: ================================================================================
04/28/2026 10:45:09 AM INFO mip_v1 - setup_solver_logging: Logging started. Log file: D:\Project_Code\Paper\DP_LBBD_1\DP_lbbd\Algorithm\Results\mip_v1\medium\exp_5f_35j_seed2\log\exp_5f_35j_seed2_running.log
04/28/2026 10:45:09 AM INFO mip_v1 - print: BigM calculated: 119.9
04/28/2026 10:45:09 AM INFO mip_v1 - print: Adding variables...
04/28/2026 10:45:09 AM INFO mip_v1 - print: Total variables: 24780
04/28/2026 10:45:09 AM INFO mip_v1 - print: Adding constraints...
04/28/2026 10:45:10 AM INFO mip_v1 - print: Total constraints: 49608
04/28/2026 10:45:10 AM INFO mip_v1 - print: Setting objective function...
04/28/2026 10:45:10 AM INFO mip_v1 - print: 
04/28/2026 10:45:10 AM INFO mip_v1 - print: ✓ Model LP written to: D:\Project_Code\Paper\DP_LBBD_1\DP_lbbd\Algorithm\MIP\production_model.lp
04/28/2026 10:45:10 AM INFO mip_v1 - print: 
04/28/2026 10:45:10 AM INFO mip_v1 - print: ============================================================
04/28/2026 10:45:10 AM INFO mip_v1 - print: Starting optimization...
04/28/2026 10:45:10 AM INFO mip_v1 - print: ============================================================
04/28/2026 10:45:10 AM INFO mip_v1 - print: Gurobi native log file: D:\Project_Code\Paper\DP_LBBD_1\DP_lbbd\Algorithm\Results\mip_v1\medium\exp_5f_35j_seed2\log\exp_5f_35j_seed2_gurobi.log
04/28/2026 11:15:12 AM INFO mip_v1 - print: 
04/28/2026 11:15:12 AM INFO mip_v1 - print: ============================================================
04/28/2026 11:15:12 AM INFO mip_v1 - print: SOLUTION SUMMARY
04/28/2026 11:15:12 AM INFO mip_v1 - print: ============================================================
04/28/2026 11:15:12 AM INFO mip_v1 - print: ⚠ Time limit reached, best solution found:
04/28/2026 11:15:12 AM INFO mip_v1 - print: 
04/28/2026 11:15:12 AM INFO mip_v1 - print: Objective Value (Total Profit): 13624.21
04/28/2026 11:15:12 AM INFO mip_v1 - print: MIP Gap: 15.01%
04/28/2026 11:15:12 AM INFO mip_v1 - print: 
04/28/2026 11:15:12 AM INFO mip_v1 - print: 📋 Accepted Orders (28/35): [1, 2, 3, 4, 5, 6, 7, 8, 9, 10, 11, 13, 14, 15, 16, 17, 18, 19, 20, 22, 23, 24, 25, 26, 30, 31, 32, 34]
04/28/2026 11:15:12 AM INFO mip_v1 - print: 
04/28/2026 11:15:12 AM INFO mip_v1 - print: ------------------------------------------------------------
04/28/2026 11:15:12 AM INFO mip_v1 - print: ORDER ALLOCATION DETAILS
04/28/2026 11:15:12 AM INFO mip_v1 - print: ------------------------------------------------------------
04/28/2026 11:15:12 AM INFO mip_v1 - print: 
04/28/2026 11:15:12 AM INFO mip_v1 - print: Order 1 → Factory 4
04/28/2026 11:15:12 AM INFO mip_v1 - print:   Machine 1: completion time = 36.25
04/28/2026 11:15:12 AM INFO mip_v1 - print:   Machine 2: completion time = 44.33
04/28/2026 11:15:12 AM INFO mip_v1 - print:   Machine 3: completion time = 51.56
04/28/2026 11:15:12 AM INFO mip_v1 - print:   Machine 4: completion time = 58.37
04/28/2026 11:15:12 AM INFO mip_v1 - print:   Machine 5: completion time = 66.76
04/28/2026 11:15:12 AM INFO mip_v1 - print:   Delivery: 72.66 (Deadline: 73.80, Delay: 0.00)
04/28/2026 11:15:12 AM INFO mip_v1 - print: 
04/28/2026 11:15:12 AM INFO mip_v1 - print: Order 2 → Factory 1
04/28/2026 11:15:12 AM INFO mip_v1 - print:   Machine 1: completion time = 16.90
04/28/2026 11:15:12 AM INFO mip_v1 - print:   Machine 2: completion time = 23.87
04/28/2026 11:15:12 AM INFO mip_v1 - print:   Machine 3: completion time = 30.14
04/28/2026 11:15:12 AM INFO mip_v1 - print:   Delivery: 36.94 (Deadline: 43.40, Delay: 0.00)
04/28/2026 11:15:12 AM INFO mip_v1 - print: 
04/28/2026 11:15:12 AM INFO mip_v1 - print: Order 3 → Factory 1
04/28/2026 11:15:12 AM INFO mip_v1 - print:   Machine 1: completion time = 22.33
04/28/2026 11:15:12 AM INFO mip_v1 - print:   Machine 2: completion time = 29.28
04/28/2026 11:15:12 AM INFO mip_v1 - print:   Machine 3: completion time = 35.37
04/28/2026 11:15:12 AM INFO mip_v1 - print:   Delivery: 43.77 (Deadline: 62.50, Delay: 0.00)
04/28/2026 11:15:12 AM INFO mip_v1 - print: 
04/28/2026 11:15:12 AM INFO mip_v1 - print: Order 4 → Factory 5
04/28/2026 11:15:12 AM INFO mip_v1 - print:   Machine 1: completion time = 30.77
04/28/2026 11:15:12 AM INFO mip_v1 - print:   Machine 2: completion time = 42.60
04/28/2026 11:15:12 AM INFO mip_v1 - print:   Machine 3: completion time = 53.27
04/28/2026 11:15:12 AM INFO mip_v1 - print:   Machine 4: completion time = 63.56
04/28/2026 11:15:12 AM INFO mip_v1 - print:   Machine 5: completion time = 76.55
04/28/2026 11:15:12 AM INFO mip_v1 - print:   Delivery: 83.55 (Deadline: 85.00, Delay: 0.00)
04/28/2026 11:15:12 AM INFO mip_v1 - print: 
04/28/2026 11:15:12 AM INFO mip_v1 - print: Order 5 → Factory 4
04/28/2026 11:15:12 AM INFO mip_v1 - print:   Machine 1: completion time = 6.66
04/28/2026 11:15:12 AM INFO mip_v1 - print:   Machine 2: completion time = 11.79
04/28/2026 11:15:12 AM INFO mip_v1 - print:   Machine 3: completion time = 16.31
04/28/2026 11:15:12 AM INFO mip_v1 - print:   Machine 4: completion time = 21.32
04/28/2026 11:15:12 AM INFO mip_v1 - print:   Machine 5: completion time = 33.16
04/28/2026 11:15:12 AM INFO mip_v1 - print:   Delivery: 36.36 (Deadline: 44.70, Delay: 0.00)
04/28/2026 11:15:12 AM INFO mip_v1 - print: 
04/28/2026 11:15:12 AM INFO mip_v1 - print: Order 6 → Factory 4
04/28/2026 11:15:12 AM INFO mip_v1 - print:   Machine 1: completion time = 14.26
04/28/2026 11:15:12 AM INFO mip_v1 - print:   Machine 2: completion time = 21.65
04/28/2026 11:15:12 AM INFO mip_v1 - print:   Machine 3: completion time = 28.51
04/28/2026 11:15:12 AM INFO mip_v1 - print:   Machine 4: completion time = 36.35
04/28/2026 11:15:12 AM INFO mip_v1 - print:   Machine 5: completion time = 44.05
04/28/2026 11:15:12 AM INFO mip_v1 - print:   Delivery: 52.35 (Deadline: 52.10, Delay: 0.25)
04/28/2026 11:15:12 AM INFO mip_v1 - print: 
04/28/2026 11:15:12 AM INFO mip_v1 - print: Order 7 → Factory 5
04/28/2026 11:15:12 AM INFO mip_v1 - print:   Machine 1: completion time = 18.50
04/28/2026 11:15:12 AM INFO mip_v1 - print:   Machine 2: completion time = 30.77
04/28/2026 11:15:12 AM INFO mip_v1 - print:   Machine 3: completion time = 40.19
04/28/2026 11:15:12 AM INFO mip_v1 - print:   Machine 4: completion time = 49.46
04/28/2026 11:15:12 AM INFO mip_v1 - print:   Machine 5: completion time = 60.80
04/28/2026 11:15:12 AM INFO mip_v1 - print:   Delivery: 70.00 (Deadline: 70.00, Delay: 0.00)
04/28/2026 11:15:12 AM INFO mip_v1 - print: 
04/28/2026 11:15:12 AM INFO mip_v1 - print: Order 8 → Factory 3
04/28/2026 11:15:12 AM INFO mip_v1 - print:   Machine 1: completion time = 55.65
04/28/2026 11:15:12 AM INFO mip_v1 - print:   Machine 2: completion time = 74.56
04/28/2026 11:15:12 AM INFO mip_v1 - print:   Machine 3: completion time = 87.50
04/28/2026 11:15:12 AM INFO mip_v1 - print:   Delivery: 90.20 (Deadline: 90.20, Delay: 0.00)
04/28/2026 11:15:12 AM INFO mip_v1 - print: 
04/28/2026 11:15:12 AM INFO mip_v1 - print: Order 9 → Factory 1
04/28/2026 11:15:12 AM INFO mip_v1 - print:   Machine 1: completion time = 32.40
04/28/2026 11:15:12 AM INFO mip_v1 - print:   Machine 2: completion time = 41.79
04/28/2026 11:15:12 AM INFO mip_v1 - print:   Machine 3: completion time = 51.12
04/28/2026 11:15:12 AM INFO mip_v1 - print:   Delivery: 55.02 (Deadline: 81.70, Delay: 0.00)
04/28/2026 11:15:12 AM INFO mip_v1 - print: 
04/28/2026 11:15:12 AM INFO mip_v1 - print: Order 10 → Factory 2
04/28/2026 11:15:12 AM INFO mip_v1 - print:   Machine 1: completion time = 49.58
04/28/2026 11:15:12 AM INFO mip_v1 - print:   Machine 2: completion time = 64.46
04/28/2026 11:15:12 AM INFO mip_v1 - print:   Machine 3: completion time = 74.15
04/28/2026 11:15:12 AM INFO mip_v1 - print:   Machine 4: completion time = 80.40
04/28/2026 11:15:12 AM INFO mip_v1 - print:   Delivery: 84.20 (Deadline: 84.20, Delay: 0.00)
04/28/2026 11:15:12 AM INFO mip_v1 - print: 
04/28/2026 11:15:12 AM INFO mip_v1 - print: Order 11 → Factory 4
04/28/2026 11:15:12 AM INFO mip_v1 - print:   Machine 1: completion time = 29.83
04/28/2026 11:15:12 AM INFO mip_v1 - print:   Machine 2: completion time = 37.70
04/28/2026 11:15:12 AM INFO mip_v1 - print:   Machine 3: completion time = 44.67
04/28/2026 11:15:12 AM INFO mip_v1 - print:   Machine 4: completion time = 51.93
04/28/2026 11:15:12 AM INFO mip_v1 - print:   Machine 5: completion time = 59.21
04/28/2026 11:15:12 AM INFO mip_v1 - print:   Delivery: 61.71 (Deadline: 67.80, Delay: 0.00)
04/28/2026 11:15:12 AM INFO mip_v1 - print: 
04/28/2026 11:15:12 AM INFO mip_v1 - print: Order 13 → Factory 2
04/28/2026 11:15:12 AM INFO mip_v1 - print:   Machine 1: completion time = 55.98
04/28/2026 11:15:12 AM INFO mip_v1 - print:   Machine 2: completion time = 71.78
04/28/2026 11:15:12 AM INFO mip_v1 - print:   Machine 3: completion time = 80.83
04/28/2026 11:15:12 AM INFO mip_v1 - print:   Machine 4: completion time = 86.70
04/28/2026 11:15:12 AM INFO mip_v1 - print:   Delivery: 87.60 (Deadline: 87.60, Delay: 0.00)
04/28/2026 11:15:12 AM INFO mip_v1 - print: 
04/28/2026 11:15:12 AM INFO mip_v1 - print: Order 14 → Factory 1
04/28/2026 11:15:12 AM INFO mip_v1 - print:   Machine 1: completion time = 48.68
04/28/2026 11:15:12 AM INFO mip_v1 - print:   Machine 2: completion time = 56.83
04/28/2026 11:15:12 AM INFO mip_v1 - print:   Machine 3: completion time = 65.99
04/28/2026 11:15:12 AM INFO mip_v1 - print:   Delivery: 68.19 (Deadline: 76.70, Delay: 0.00)
04/28/2026 11:15:12 AM INFO mip_v1 - print: 
04/28/2026 11:15:12 AM INFO mip_v1 - print: Order 15 → Factory 5
04/28/2026 11:15:12 AM INFO mip_v1 - print:   Machine 1: completion time = 42.73
04/28/2026 11:15:12 AM INFO mip_v1 - print:   Machine 2: completion time = 50.14
04/28/2026 11:15:12 AM INFO mip_v1 - print:   Machine 3: completion time = 60.40
04/28/2026 11:15:12 AM INFO mip_v1 - print:   Machine 4: completion time = 70.46
04/28/2026 11:15:12 AM INFO mip_v1 - print:   Machine 5: completion time = 84.47
04/28/2026 11:15:12 AM INFO mip_v1 - print:   Delivery: 90.27 (Deadline: 94.60, Delay: 0.00)
04/28/2026 11:15:12 AM INFO mip_v1 - print: 
04/28/2026 11:15:12 AM INFO mip_v1 - print: Order 16 → Factory 1
04/28/2026 11:15:12 AM INFO mip_v1 - print:   Machine 1: completion time = 41.79
04/28/2026 11:15:12 AM INFO mip_v1 - print:   Machine 2: completion time = 50.19
04/28/2026 11:15:12 AM INFO mip_v1 - print:   Machine 3: completion time = 59.52
04/28/2026 11:15:12 AM INFO mip_v1 - print:   Delivery: 61.32 (Deadline: 67.40, Delay: 0.00)
04/28/2026 11:15:12 AM INFO mip_v1 - print: 
04/28/2026 11:15:12 AM INFO mip_v1 - print: Order 17 → Factory 3
04/28/2026 11:15:12 AM INFO mip_v1 - print:   Machine 1: completion time = 34.96
04/28/2026 11:15:12 AM INFO mip_v1 - print:   Machine 2: completion time = 48.69
04/28/2026 11:15:12 AM INFO mip_v1 - print:   Machine 3: completion time = 64.02
04/28/2026 11:15:12 AM INFO mip_v1 - print:   Delivery: 70.82 (Deadline: 82.90, Delay: 0.00)
04/28/2026 11:15:12 AM INFO mip_v1 - print: 
04/28/2026 11:15:12 AM INFO mip_v1 - print: Order 18 → Factory 2
04/28/2026 11:15:12 AM INFO mip_v1 - print:   Machine 1: completion time = 25.80
04/28/2026 11:15:12 AM INFO mip_v1 - print:   Machine 2: completion time = 36.25
04/28/2026 11:15:12 AM INFO mip_v1 - print:   Machine 3: completion time = 49.69
04/28/2026 11:15:12 AM INFO mip_v1 - print:   Machine 4: completion time = 57.32
04/28/2026 11:15:12 AM INFO mip_v1 - print:   Delivery: 59.52 (Deadline: 67.00, Delay: 0.00)
04/28/2026 11:15:12 AM INFO mip_v1 - print: 
04/28/2026 11:15:12 AM INFO mip_v1 - print: Order 19 → Factory 1
04/28/2026 11:15:12 AM INFO mip_v1 - print:   Machine 1: completion time = 61.57
04/28/2026 11:15:12 AM INFO mip_v1 - print:   Machine 2: completion time = 71.56
04/28/2026 11:15:12 AM INFO mip_v1 - print:   Machine 3: completion time = 77.46
04/28/2026 11:15:12 AM INFO mip_v1 - print:   Delivery: 85.26 (Deadline: 85.00, Delay: 0.26)
04/28/2026 11:15:12 AM INFO mip_v1 - print: 
04/28/2026 11:15:12 AM INFO mip_v1 - print: Order 20 → Factory 3
04/28/2026 11:15:12 AM INFO mip_v1 - print:   Machine 1: completion time = 10.89
04/28/2026 11:15:12 AM INFO mip_v1 - print:   Machine 2: completion time = 21.61
04/28/2026 11:15:12 AM INFO mip_v1 - print:   Machine 3: completion time = 32.33
04/28/2026 11:15:12 AM INFO mip_v1 - print:   Delivery: 41.33 (Deadline: 56.40, Delay: 0.00)
04/28/2026 11:15:12 AM INFO mip_v1 - print: 
04/28/2026 11:15:12 AM INFO mip_v1 - print: Order 22 → Factory 3
04/28/2026 11:15:12 AM INFO mip_v1 - print:   Machine 1: completion time = 44.01
04/28/2026 11:15:12 AM INFO mip_v1 - print:   Machine 2: completion time = 63.12
04/28/2026 11:15:12 AM INFO mip_v1 - print:   Machine 3: completion time = 74.56
04/28/2026 11:15:12 AM INFO mip_v1 - print:   Delivery: 78.26 (Deadline: 80.20, Delay: 0.00)
04/28/2026 11:15:12 AM INFO mip_v1 - print: 
04/28/2026 11:15:12 AM INFO mip_v1 - print: Order 23 → Factory 2
04/28/2026 11:15:12 AM INFO mip_v1 - print:   Machine 1: completion time = 17.98
04/28/2026 11:15:12 AM INFO mip_v1 - print:   Machine 2: completion time = 29.62
04/28/2026 11:15:12 AM INFO mip_v1 - print:   Machine 3: completion time = 39.76
04/28/2026 11:15:12 AM INFO mip_v1 - print:   Machine 4: completion time = 49.14
04/28/2026 11:15:12 AM INFO mip_v1 - print:   Delivery: 49.44 (Deadline: 66.40, Delay: 0.00)
04/28/2026 11:15:12 AM INFO mip_v1 - print: 
04/28/2026 11:15:12 AM INFO mip_v1 - print: Order 24 → Factory 4
04/28/2026 11:15:12 AM INFO mip_v1 - print:   Machine 1: completion time = 51.69
04/28/2026 11:15:12 AM INFO mip_v1 - print:   Machine 2: completion time = 60.00
04/28/2026 11:15:12 AM INFO mip_v1 - print:   Machine 3: completion time = 67.04
04/28/2026 11:15:12 AM INFO mip_v1 - print:   Machine 4: completion time = 75.41
04/28/2026 11:15:12 AM INFO mip_v1 - print:   Machine 5: completion time = 83.52
04/28/2026 11:15:12 AM INFO mip_v1 - print:   Delivery: 87.32 (Deadline: 86.20, Delay: 1.12)
04/28/2026 11:15:12 AM INFO mip_v1 - print: 
04/28/2026 11:15:12 AM INFO mip_v1 - print: Order 25 → Factory 4
04/28/2026 11:15:12 AM INFO mip_v1 - print:   Machine 1: completion time = 22.23
04/28/2026 11:15:12 AM INFO mip_v1 - print:   Machine 2: completion time = 29.79
04/28/2026 11:15:12 AM INFO mip_v1 - print:   Machine 3: completion time = 36.69
04/28/2026 11:15:12 AM INFO mip_v1 - print:   Machine 4: completion time = 44.12
04/28/2026 11:15:12 AM INFO mip_v1 - print:   Machine 5: completion time = 51.88
04/28/2026 11:15:12 AM INFO mip_v1 - print:   Delivery: 55.18 (Deadline: 58.70, Delay: 0.00)
04/28/2026 11:15:12 AM INFO mip_v1 - print: 
04/28/2026 11:15:12 AM INFO mip_v1 - print: Order 26 → Factory 1
04/28/2026 11:15:12 AM INFO mip_v1 - print:   Machine 1: completion time = 55.66
04/28/2026 11:15:12 AM INFO mip_v1 - print:   Machine 2: completion time = 65.99
04/28/2026 11:15:12 AM INFO mip_v1 - print:   Machine 3: completion time = 72.30
04/28/2026 11:15:12 AM INFO mip_v1 - print:   Delivery: 73.80 (Deadline: 77.20, Delay: 0.00)
04/28/2026 11:15:12 AM INFO mip_v1 - print: 
04/28/2026 11:15:12 AM INFO mip_v1 - print: Order 30 → Factory 3
04/28/2026 11:15:12 AM INFO mip_v1 - print:   Machine 1: completion time = 21.61
04/28/2026 11:15:12 AM INFO mip_v1 - print:   Machine 2: completion time = 32.33
04/28/2026 11:15:12 AM INFO mip_v1 - print:   Machine 3: completion time = 44.44
04/28/2026 11:15:12 AM INFO mip_v1 - print:   Delivery: 50.84 (Deadline: 69.60, Delay: 0.00)
04/28/2026 11:15:12 AM INFO mip_v1 - print: 
04/28/2026 11:15:12 AM INFO mip_v1 - print: Order 31 → Factory 2
04/28/2026 11:15:12 AM INFO mip_v1 - print:   Machine 1: completion time = 43.16
04/28/2026 11:15:12 AM INFO mip_v1 - print:   Machine 2: completion time = 57.32
04/28/2026 11:15:12 AM INFO mip_v1 - print:   Machine 3: completion time = 65.57
04/28/2026 11:15:12 AM INFO mip_v1 - print:   Machine 4: completion time = 74.15
04/28/2026 11:15:12 AM INFO mip_v1 - print:   Delivery: 75.45 (Deadline: 89.90, Delay: 0.00)
04/28/2026 11:15:12 AM INFO mip_v1 - print: 
04/28/2026 11:15:12 AM INFO mip_v1 - print: Order 32 → Factory 4
04/28/2026 11:15:12 AM INFO mip_v1 - print:   Machine 1: completion time = 43.62
04/28/2026 11:15:12 AM INFO mip_v1 - print:   Machine 2: completion time = 51.56
04/28/2026 11:15:12 AM INFO mip_v1 - print:   Machine 3: completion time = 58.00
04/28/2026 11:15:12 AM INFO mip_v1 - print:   Machine 4: completion time = 65.36
04/28/2026 11:15:12 AM INFO mip_v1 - print:   Machine 5: completion time = 74.29
04/28/2026 11:15:12 AM INFO mip_v1 - print:   Delivery: 74.79 (Deadline: 81.40, Delay: 0.00)
04/28/2026 11:15:12 AM INFO mip_v1 - print: 
04/28/2026 11:15:12 AM INFO mip_v1 - print: Order 34 → Factory 2
04/28/2026 11:15:12 AM INFO mip_v1 - print:   Machine 1: completion time = 34.03
04/28/2026 11:15:12 AM INFO mip_v1 - print:   Machine 2: completion time = 45.46
04/28/2026 11:15:12 AM INFO mip_v1 - print:   Machine 3: completion time = 57.32
04/28/2026 11:15:12 AM INFO mip_v1 - print:   Machine 4: completion time = 64.96
04/28/2026 11:15:12 AM INFO mip_v1 - print:   Delivery: 71.56 (Deadline: 73.60, Delay: 0.00)
04/28/2026 11:15:12 AM INFO mip_v1 - print: 
04/28/2026 11:15:12 AM INFO mip_v1 - print: ------------------------------------------------------------
04/28/2026 11:15:12 AM INFO mip_v1 - print: COST BREAKDOWN
04/28/2026 11:15:12 AM INFO mip_v1 - print: ------------------------------------------------------------
04/28/2026 11:15:12 AM INFO mip_v1 - print: Total Revenue:          +    34263.00
04/28/2026 11:15:12 AM INFO mip_v1 - print: Production Cost:        -    13323.30
04/28/2026 11:15:12 AM INFO mip_v1 - print: Transport Cost:         -     7217.55
04/28/2026 11:15:12 AM INFO mip_v1 - print: Delay Penalty:          -       97.94
04/28/2026 11:15:12 AM INFO mip_v1 - print: ------------------------------------------------------------
04/28/2026 11:15:12 AM INFO mip_v1 - print: Total Profit:           =    13624.21
