04/30/2026 12:57:37 PM INFO lbbd_cp_v2_solver - setup_solver_logging: ================================================================================
04/30/2026 12:57:37 PM INFO lbbd_cp_v2_solver - setup_solver_logging: Logging started. Log file: D:\Project_Code\Paper\DP_LBBD_1\DP_lbbd\Algorithm\Results\lbbd_cp_v2\small\exp_3f_15j_seed5\log\exp_3f_15j_seed5_running.log
04/30/2026 12:57:37 PM INFO lbbd_cp_v2_solver - print: Feasible pairs: 33/45
04/30/2026 12:57:37 PM INFO lbbd_cp_v2_solver - print: [Preprocess] Infeasible assignments detected: 0
04/30/2026 12:57:37 PM INFO lbbd_cp_v2_solver - print: [Preprocess] Unprofitable assignment detected: order 1 → factory 1
04/30/2026 12:57:37 PM INFO lbbd_cp_v2_solver - print: [Preprocess] Unprofitable assignment detected: order 2 → factory 1
04/30/2026 12:57:37 PM INFO lbbd_cp_v2_solver - print: [Preprocess] Unprofitable assignment detected: order 5 → factory 1
04/30/2026 12:57:37 PM INFO lbbd_cp_v2_solver - print: [Preprocess] Unprofitable assignment detected: order 6 → factory 1
04/30/2026 12:57:37 PM INFO lbbd_cp_v2_solver - print: [Preprocess] Unprofitable assignment detected: order 9 → factory 1
04/30/2026 12:57:37 PM INFO lbbd_cp_v2_solver - print: [Preprocess] Unprofitable assignment detected: order 10 → factory 1
04/30/2026 12:57:37 PM INFO lbbd_cp_v2_solver - print: [Preprocess] Unprofitable assignment detected: order 11 → factory 1
04/30/2026 12:57:37 PM INFO lbbd_cp_v2_solver - print: [Preprocess] Unprofitable assignment detected: order 13 → factory 2
04/30/2026 12:57:37 PM INFO lbbd_cp_v2_solver - print: [Preprocess] Unprofitable assignment detected: order 14 → factory 1
04/30/2026 12:57:37 PM INFO lbbd_cp_v2_solver - print: [Preprocess] Unprofitable assignment detected: order 15 → factory 1
04/30/2026 12:57:37 PM INFO lbbd_cp_v2_solver - print: [Preprocess] Unprofitable assignments: 10
04/30/2026 12:57:37 PM INFO lbbd_cp_v2_solver - print: [Preprocess] Unprofitable orders: 0
04/30/2026 12:57:37 PM INFO lbbd_cp_v2_solver - print: [Preprocess] High-risk orders: 8
04/30/2026 12:57:37 PM INFO lbbd_cp_v2_solver - print: [Preprocess] Pairwise conflict detected: order 5 and order 6 in factory 1
04/30/2026 12:57:37 PM INFO lbbd_cp_v2_solver - print: [Preprocess] Pairwise conflict detected: order 6 and order 15 in factory 1
04/30/2026 12:57:37 PM INFO lbbd_cp_v2_solver - print: [Preprocess] Pairwise conflicts detected: 2
04/30/2026 12:57:37 PM INFO lbbd_cp_v2_solver - print: [Preprocess] Factory 3 has 2 clusters from 12 orders
04/30/2026 12:57:37 PM INFO lbbd_cp_v2_solver - print: [Preprocess] Cluster conflict detected: factory 3, orders [2, 4, 5, 9, 11, 12, 13, 14, 15]
04/30/2026 12:57:37 PM INFO lbbd_cp_v2_solver - print: [Preprocess] Cluster conflicts detected: 1
04/30/2026 12:57:37 PM INFO lbbd_cp_v2_solver - print: [Master Enhancement] Capacity feasibility enhancement constrains: 163
04/30/2026 12:57:37 PM INFO lbbd_cp_v2_solver - print: [Master Modeling] Earliest completion lower bounds constraints: 1
04/30/2026 12:57:37 PM INFO lbbd_cp_v2_solver - print: [Master Modeling] Makespan-based delay bounds constraints: 9
04/30/2026 12:57:37 PM INFO lbbd_cp_v2_solver - print: 
04/30/2026 12:57:37 PM INFO lbbd_cp_v2_solver - print: [Model Statistics]
04/30/2026 12:57:37 PM INFO lbbd_cp_v2_solver - print:   Variables: 57
04/30/2026 12:57:37 PM INFO lbbd_cp_v2_solver - print:   Constraints: 191
04/30/2026 12:57:37 PM INFO lbbd_cp_v2_solver - print: 
04/30/2026 12:57:37 PM INFO lbbd_cp_v2_solver - print: [Preprocess Statistics]
04/30/2026 12:57:37 PM INFO lbbd_cp_v2_solver - print:   Infeasible eliminated: 0
04/30/2026 12:57:37 PM INFO lbbd_cp_v2_solver - print:   Unprofitable orders: 0
04/30/2026 12:57:37 PM INFO lbbd_cp_v2_solver - print:   Unprofitable assignments: 10
04/30/2026 12:57:37 PM INFO lbbd_cp_v2_solver - print:   Pairwise conflicts: 2
04/30/2026 12:57:37 PM INFO lbbd_cp_v2_solver - print:   Cluster conflicts: 1
04/30/2026 12:57:37 PM INFO lbbd_cp_v2_solver - print: 
04/30/2026 12:57:37 PM INFO lbbd_cp_v2_solver - print: [Master Enhancement Statistics]
04/30/2026 12:57:37 PM INFO lbbd_cp_v2_solver - print:   Capacity feasibility enhancement constrains: 163
04/30/2026 12:57:37 PM INFO lbbd_cp_v2_solver - print:   Lower bound delay cost enhancement constrains: 0
04/30/2026 12:57:37 PM INFO lbbd_cp_v2_solver - _callback: [Gurobi] Gurobi Optimizer version 10.0.1 build v10.0.1rc0 (win64)
04/30/2026 12:57:37 PM INFO lbbd_cp_v2_solver - _callback: [Gurobi] CPU model: Intel(R) Core(TM) Ultra 7 265KF, instruction set [SSE2|AVX|AVX2]
04/30/2026 12:57:37 PM INFO lbbd_cp_v2_solver - _callback: [Gurobi] Thread count: 20 physical cores, 20 logical processors, using up to 20 threads
04/30/2026 12:57:37 PM INFO lbbd_cp_v2_solver - _callback: [Gurobi] Optimize a model with 191 rows, 57 columns and 1396 nonzeros
04/30/2026 12:57:37 PM INFO lbbd_cp_v2_solver - _callback: [Gurobi] Model fingerprint: 0xabc29fdd
04/30/2026 12:57:37 PM INFO lbbd_cp_v2_solver - _callback: [Gurobi] Variable types: 9 continuous, 48 integer (48 binary)
04/30/2026 12:57:37 PM INFO lbbd_cp_v2_solver - _callback: [Gurobi] Coefficient statistics:
04/30/2026 12:57:37 PM INFO lbbd_cp_v2_solver - _callback: [Gurobi] Matrix range     [1e+00, 9e+02]
04/30/2026 12:57:37 PM INFO lbbd_cp_v2_solver - _callback: [Gurobi] Objective range  [1e+00, 2e+03]
04/30/2026 12:57:37 PM INFO lbbd_cp_v2_solver - _callback: [Gurobi] Bounds range     [1e+00, 1e+04]
04/30/2026 12:57:37 PM INFO lbbd_cp_v2_solver - _callback: [Gurobi] RHS range        [1e+00, 4e+03]
04/30/2026 12:57:37 PM INFO lbbd_cp_v2_solver - print: ***[Validated]*** obj=0.00, delay=0.00, bound=10000000000000000159028911097599180468360808563945281389781327557747838772170381060813469985856815104.00, gap=999999999999999977049513265245336628446842719924150006129995974731993452180789911303261294481511546880.00%, t=0.0s
04/30/2026 12:57:37 PM INFO lbbd_cp_v2_solver - _callback: [Gurobi] Found heuristic solution: objective -0.0000000
04/30/2026 12:57:37 PM INFO lbbd_cp_v2_solver - _callback: [Gurobi] Presolve removed 43 rows and 18 columns
04/30/2026 12:57:37 PM INFO lbbd_cp_v2_solver - _callback: [Gurobi] Presolve time: 0.01s
04/30/2026 12:57:37 PM INFO lbbd_cp_v2_solver - _callback: [Gurobi] Presolved: 148 rows, 39 columns, 1166 nonzeros
04/30/2026 12:57:37 PM INFO lbbd_cp_v2_solver - _callback: [Gurobi] Variable types: 9 continuous, 30 integer (30 binary)
04/30/2026 12:57:37 PM INFO lbbd_cp_v2_solver - print: >>>Parallel subproblem time: 0.032s for 3 factories
04/30/2026 12:57:37 PM INFO lbbd_cp_v2_solver - print:  Added feasibility cut: factory=2, conflict orders=[1, 2, 6, 8, 9, 15]
04/30/2026 12:57:37 PM INFO lbbd_cp_v2_solver - print:  Added optimal optimality cut: factory=3, orders=[4, 5, 7, 10, 11, 13], cost=1924.44, theta_est=0.00
04/30/2026 12:57:37 PM INFO lbbd_cp_v2_solver - _callback: [Gurobi] Root relaxation: objective 7.118348e+03, 11 iterations, 0.00 seconds (0.00 work units)
04/30/2026 12:57:37 PM INFO lbbd_cp_v2_solver - _callback: [Gurobi] Nodes    |    Current Node    |     Objective Bounds      |     Work
04/30/2026 12:57:37 PM INFO lbbd_cp_v2_solver - _callback: [Gurobi] Expl Unexpl |  Obj  Depth IntInf | Incumbent    BestBd   Gap | It/Node Time
04/30/2026 12:57:37 PM INFO lbbd_cp_v2_solver - _callback: [Gurobi] 0     0 7118.34784    0    4   -0.00000 7118.34784      -     -    0s
04/30/2026 12:57:37 PM INFO lbbd_cp_v2_solver - print: >>>Parallel subproblem time: 0.061s for 3 factories
04/30/2026 12:57:37 PM INFO lbbd_cp_v2_solver - print:  Added optimal optimality cut: factory=2, orders=[5, 6, 8, 9, 14, 15], cost=1393.25, theta_est=0.00
04/30/2026 12:57:37 PM INFO lbbd_cp_v2_solver - print:  Added optimal optimality cut: factory=3, orders=[2, 4, 7, 10, 11, 13], cost=3454.25, theta_est=0.00
04/30/2026 12:57:37 PM INFO lbbd_cp_v2_solver - print: ***[Validated]*** obj=1880.02, delay=4847.50, bound=7118.35, gap=278.63%, t=0.1s
04/30/2026 12:57:37 PM INFO lbbd_cp_v2_solver - print: >>>Parallel subproblem time: 0.062s for 3 factories
04/30/2026 12:57:37 PM INFO lbbd_cp_v2_solver - _callback: [Gurobi] H    0     0                    1880.0164163 7118.34784   279%     -    0s
04/30/2026 12:57:37 PM INFO lbbd_cp_v2_solver - print: >>>Parallel subproblem time: 0.062s for 3 factories
04/30/2026 12:57:37 PM INFO lbbd_cp_v2_solver - print:  Added optimal optimality cut: factory=2, orders=[1, 5, 6, 8, 9, 14, 15], cost=3282.73, theta_est=1393.25
04/30/2026 12:57:37 PM INFO lbbd_cp_v2_solver - print: >>>Parallel subproblem time: 0.018s for 3 factories
04/30/2026 12:57:37 PM INFO lbbd_cp_v2_solver - print:  Added optimal optimality cut: factory=2, orders=[5, 6, 8, 9, 15], cost=94.48, theta_est=0.00
04/30/2026 12:57:37 PM INFO lbbd_cp_v2_solver - print:  Added feasibility cut: factory=3, conflict orders=[2, 4, 7, 10, 11, 13, 14]
04/30/2026 12:57:37 PM INFO lbbd_cp_v2_solver - _callback: [Gurobi] 0     0 7056.31138    0    2 1880.01642 7056.31138   275%     -    0s
04/30/2026 12:57:37 PM INFO lbbd_cp_v2_solver - print: >>>Parallel subproblem time: 0.071s for 3 factories
04/30/2026 12:57:37 PM INFO lbbd_cp_v2_solver - print:  Added optimal optimality cut: factory=2, orders=[1, 6, 8, 9, 14, 15], cost=1431.52, theta_est=0.00
04/30/2026 12:57:37 PM INFO lbbd_cp_v2_solver - print:  Added optimal optimality cut: factory=3, orders=[2, 4, 5, 7, 10, 11], cost=4006.50, theta_est=0.00
04/30/2026 12:57:37 PM INFO lbbd_cp_v2_solver - _callback: [Gurobi] 0     0 6933.05779    0   11 1880.01642 6933.05779   269%     -    0s
04/30/2026 12:57:37 PM INFO lbbd_cp_v2_solver - print: >>>Parallel subproblem time: 0.074s for 3 factories
04/30/2026 12:57:37 PM INFO lbbd_cp_v2_solver - print:  Added optimal optimality cut: factory=3, orders=[2, 5, 7, 10, 11, 14], cost=2220.11, theta_est=0.00
04/30/2026 12:57:37 PM INFO lbbd_cp_v2_solver - print: ***[Validated]*** obj=4132.03, delay=2220.11, bound=6933.06, gap=67.79%, t=0.4s
04/30/2026 12:57:37 PM INFO lbbd_cp_v2_solver - print: >>>Parallel subproblem time: 0.016s for 3 factories
04/30/2026 12:57:37 PM INFO lbbd_cp_v2_solver - print:  Added feasibility cut: factory=3, conflict orders=[2, 4, 5, 7, 10, 11, 14]
04/30/2026 12:57:37 PM INFO lbbd_cp_v2_solver - print: >>>Parallel subproblem time: 0.016s for 3 factories
04/30/2026 12:57:37 PM INFO lbbd_cp_v2_solver - print:  Added feasibility cut: factory=3, conflict orders=[2, 4, 5, 7, 11, 14]
04/30/2026 12:57:37 PM INFO lbbd_cp_v2_solver - print: >>>Parallel subproblem time: 0.061s for 3 factories
04/30/2026 12:57:37 PM INFO lbbd_cp_v2_solver - print:  Added optimal optimality cut: factory=2, orders=[1, 5, 6, 8, 9], cost=221.48, theta_est=0.00
04/30/2026 12:57:37 PM INFO lbbd_cp_v2_solver - print:  Added optimal optimality cut: factory=3, orders=[2, 4, 7, 10, 11, 14], cost=3637.98, theta_est=5.05
04/30/2026 12:57:37 PM INFO lbbd_cp_v2_solver - print: >>>Parallel subproblem time: 0.079s for 3 factories
04/30/2026 12:57:37 PM INFO lbbd_cp_v2_solver - _callback: [Gurobi] H    0     0                    2846.4116374 6933.05779   144%     -    0s
04/30/2026 12:57:37 PM INFO lbbd_cp_v2_solver - _callback: [Gurobi] 0     0 6903.42059    0   12 2846.41164 6903.42059   143%     -    0s
04/30/2026 12:57:38 PM INFO lbbd_cp_v2_solver - print: >>>Parallel subproblem time: 0.073s for 3 factories
04/30/2026 12:57:38 PM INFO lbbd_cp_v2_solver - _callback: [Gurobi] H    0     0                    4132.0004799 6903.42059  67.1%     -    0s
04/30/2026 12:57:38 PM INFO lbbd_cp_v2_solver - print: >>>Parallel subproblem time: 0.047s for 3 factories
04/30/2026 12:57:38 PM INFO lbbd_cp_v2_solver - print:  Added optimal optimality cut: factory=2, orders=[1, 6, 8, 9, 15], cost=115.52, theta_est=0.00
04/30/2026 12:57:38 PM INFO lbbd_cp_v2_solver - print:  Added optimal optimality cut: factory=3, orders=[2, 5, 7, 10, 11, 13, 14], cost=3137.28, theta_est=2220.11
04/30/2026 12:57:38 PM INFO lbbd_cp_v2_solver - print: >>>Parallel subproblem time: 0.014s for 3 factories
04/30/2026 12:57:38 PM INFO lbbd_cp_v2_solver - print:  Added optimal optimality cut: factory=3, orders=[2, 4, 5, 7, 10, 14], cost=4435.92, theta_est=2220.12
04/30/2026 12:57:38 PM INFO lbbd_cp_v2_solver - _callback: [Gurobi] 0     0 6873.81279    0   12 4132.00048 6873.81279  66.4%     -    0s
04/30/2026 12:57:38 PM INFO lbbd_cp_v2_solver - _callback: [Gurobi] 0     0 6870.84286    0   12 4132.00048 6870.84286  66.3%     -    0s
04/30/2026 12:57:38 PM INFO lbbd_cp_v2_solver - _callback: [Gurobi] 0     0 6870.52405    0   12 4132.00048 6870.52405  66.3%     -    0s
04/30/2026 12:57:38 PM INFO lbbd_cp_v2_solver - _callback: [Gurobi] 0     0 6849.17224    0   15 4132.00048 6849.17224  65.8%     -    0s
04/30/2026 12:57:38 PM INFO lbbd_cp_v2_solver - print: >>>Parallel subproblem time: 0.009s for 3 factories
04/30/2026 12:57:38 PM INFO lbbd_cp_v2_solver - print:  Added feasibility cut: factory=3, conflict orders=[4, 7, 10, 11, 12, 13]
04/30/2026 12:57:38 PM INFO lbbd_cp_v2_solver - print: >>>Parallel subproblem time: 0.016s for 3 factories
04/30/2026 12:57:38 PM INFO lbbd_cp_v2_solver - print:  Added feasibility cut: factory=2, conflict orders=[1, 2, 5, 8, 9, 14, 15]
04/30/2026 12:57:38 PM INFO lbbd_cp_v2_solver - print:  Added optimal optimality cut: factory=3, orders=[7, 10, 11, 12, 13], cost=1679.02, theta_est=0.00
04/30/2026 12:57:38 PM INFO lbbd_cp_v2_solver - print: >>>Parallel subproblem time: 0.014s for 3 factories
04/30/2026 12:57:38 PM INFO lbbd_cp_v2_solver - print:  Added feasibility cut: factory=2, conflict orders=[2, 5, 8, 9, 14, 15]
04/30/2026 12:57:38 PM INFO lbbd_cp_v2_solver - print:  Added optimal optimality cut: factory=3, orders=[4, 7, 10, 11, 12], cost=3706.45, theta_est=0.00
04/30/2026 12:57:38 PM INFO lbbd_cp_v2_solver - print: >>>Parallel subproblem time: 0.015s for 3 factories
04/30/2026 12:57:38 PM INFO lbbd_cp_v2_solver - print:  Added feasibility cut: factory=2, conflict orders=[1, 2, 5, 6, 8, 9]
04/30/2026 12:57:38 PM INFO lbbd_cp_v2_solver - print:  Added feasibility cut: factory=3, conflict orders=[7, 10, 11, 12, 13, 14]
04/30/2026 12:57:38 PM INFO lbbd_cp_v2_solver - print: >>>Parallel subproblem time: 0.078s for 3 factories
04/30/2026 12:57:38 PM INFO lbbd_cp_v2_solver - _callback: [Gurobi] H    0     0                    4132.0304799 6849.17224  65.8%     -    0s
04/30/2026 12:57:38 PM INFO lbbd_cp_v2_solver - _callback: [Gurobi] 0     0 6839.87708    0   13 4132.03048 6839.87708  65.5%     -    0s
04/30/2026 12:57:38 PM INFO lbbd_cp_v2_solver - _callback: [Gurobi] 0     0 6839.42508    0   13 4132.03048 6839.42508  65.5%     -    0s
04/30/2026 12:57:38 PM INFO lbbd_cp_v2_solver - _callback: [Gurobi] 0     0 6829.53168    0   13 4132.03048 6829.53168  65.3%     -    0s
04/30/2026 12:57:38 PM INFO lbbd_cp_v2_solver - print: >>>Parallel subproblem time: 0.028s for 3 factories
04/30/2026 12:57:38 PM INFO lbbd_cp_v2_solver - print:  Added feasibility cut: factory=2, conflict orders=[2, 6, 8, 9, 14, 15]
04/30/2026 12:57:38 PM INFO lbbd_cp_v2_solver - print: >>>Parallel subproblem time: 0.029s for 3 factories
04/30/2026 12:57:38 PM INFO lbbd_cp_v2_solver - print:  Added optimal optimality cut: factory=2, orders=[2, 8, 9, 14, 15], cost=2145.53, theta_est=0.00
04/30/2026 12:57:38 PM INFO lbbd_cp_v2_solver - print: >>>Parallel subproblem time: 0.031s for 3 factories
04/30/2026 12:57:38 PM INFO lbbd_cp_v2_solver - print:  Added optimal optimality cut: factory=2, orders=[2, 6, 8, 9, 14], cost=2009.05, theta_est=0.00
04/30/2026 12:57:38 PM INFO lbbd_cp_v2_solver - _callback: [Gurobi] 0     0 6829.31371    0   11 4132.03048 6829.31371  65.3%     -    0s
04/30/2026 12:57:38 PM INFO lbbd_cp_v2_solver - _callback: [Gurobi] 0     0 6829.05620    0   11 4132.03048 6829.05620  65.3%     -    0s
04/30/2026 12:57:38 PM INFO lbbd_cp_v2_solver - print: >>>Parallel subproblem time: 0.071s for 3 factories
04/30/2026 12:57:38 PM INFO lbbd_cp_v2_solver - print:  Added optimal optimality cut: factory=2, orders=[6, 8, 9, 14, 15], cost=390.15, theta_est=57.76
04/30/2026 12:57:38 PM INFO lbbd_cp_v2_solver - print:  Added optimal optimality cut: factory=3, orders=[2, 5, 7, 10, 11, 13], cost=1404.49, theta_est=29.94
04/30/2026 12:57:38 PM INFO lbbd_cp_v2_solver - print: ***[Validated]*** obj=4579.16, delay=1794.63, bound=6829.06, gap=49.13%, t=1.0s
04/30/2026 12:57:38 PM INFO lbbd_cp_v2_solver - _callback: [Gurobi] 0     0 6828.35683    0   11 4132.03048 6828.35683  65.3%     -    1s
04/30/2026 12:57:38 PM INFO lbbd_cp_v2_solver - print: >>>Parallel subproblem time: 0.062s for 3 factories
04/30/2026 12:57:38 PM INFO lbbd_cp_v2_solver - _callback: [Gurobi] H    0     0                    4579.1287324 6828.35683  49.1%     -    1s
04/30/2026 12:57:38 PM INFO lbbd_cp_v2_solver - _callback: [Gurobi] 0     0 6814.14267    0   13 4579.12873 6814.14267  48.8%     -    1s
04/30/2026 12:57:38 PM INFO lbbd_cp_v2_solver - print: >>>Parallel subproblem time: 0.011s for 3 factories
04/30/2026 12:57:38 PM INFO lbbd_cp_v2_solver - print:  Added optimal optimality cut: factory=2, orders=[6, 9, 14, 15], cost=84.90, theta_est=0.00
04/30/2026 12:57:38 PM INFO lbbd_cp_v2_solver - print:  Added feasibility cut: factory=3, conflict orders=[2, 4, 5, 7, 10, 12, 13]
04/30/2026 12:57:38 PM INFO lbbd_cp_v2_solver - _callback: [Gurobi] 0     0 6808.40289    0   12 4579.12873 6808.40289  48.7%     -    1s
04/30/2026 12:57:38 PM INFO lbbd_cp_v2_solver - print: >>>Parallel subproblem time: 0.028s for 3 factories
04/30/2026 12:57:38 PM INFO lbbd_cp_v2_solver - print:  Added optimal optimality cut: factory=3, orders=[2, 4, 5, 7, 10, 13], cost=3407.13, theta_est=0.00
04/30/2026 12:57:38 PM INFO lbbd_cp_v2_solver - print: >>>Parallel subproblem time: 0.061s for 3 factories
04/30/2026 12:57:38 PM INFO lbbd_cp_v2_solver - _callback: [Gurobi] H    0     0                    4579.1387324 6808.40289  48.7%     -    1s
04/30/2026 12:57:38 PM INFO lbbd_cp_v2_solver - _callback: [Gurobi] 0     0 6808.40289    0   12 4579.13873 6808.40289  48.7%     -    1s
04/30/2026 12:57:38 PM INFO lbbd_cp_v2_solver - print: >>>Parallel subproblem time: 0.043s for 3 factories
04/30/2026 12:57:38 PM INFO lbbd_cp_v2_solver - print:  Added optimal optimality cut: factory=3, orders=[2, 5, 10, 11, 13, 14], cost=1085.26, theta_est=0.00
04/30/2026 12:57:38 PM INFO lbbd_cp_v2_solver - print: ***[Validated]*** obj=5142.14, delay=1200.78, bound=6808.40, gap=32.40%, t=1.3s
04/30/2026 12:57:38 PM INFO lbbd_cp_v2_solver - print: >>>Parallel subproblem time: 0.014s for 3 factories
04/30/2026 12:57:38 PM INFO lbbd_cp_v2_solver - print:  Added optimal optimality cut: factory=2, orders=[1, 5, 6, 8, 9, 15], cost=831.09, theta_est=221.48
04/30/2026 12:57:38 PM INFO lbbd_cp_v2_solver - print:  Added optimal optimality cut: factory=3, orders=[2, 4, 7, 11, 13, 14], cost=3859.07, theta_est=0.00
04/30/2026 12:57:38 PM INFO lbbd_cp_v2_solver - print: >>>Parallel subproblem time: 0.030s for 3 factories
04/30/2026 12:57:38 PM INFO lbbd_cp_v2_solver - print:  Added optimal optimality cut: factory=3, orders=[2, 5, 7, 10, 11], cost=982.41, theta_est=0.00
04/30/2026 12:57:38 PM INFO lbbd_cp_v2_solver - print: >>>Parallel subproblem time: 0.063s for 3 factories
04/30/2026 12:57:38 PM INFO lbbd_cp_v2_solver - print:  Added optimal optimality cut: factory=3, orders=[2, 4, 7, 10, 11], cost=1632.38, theta_est=0.00
04/30/2026 12:57:38 PM INFO lbbd_cp_v2_solver - print: >>>Parallel subproblem time: 0.076s for 3 factories
04/30/2026 12:57:38 PM INFO lbbd_cp_v2_solver - print:  Added optimal optimality cut: factory=3, orders=[2, 7, 10, 11, 13], cost=952.56, theta_est=0.00
04/30/2026 12:57:38 PM INFO lbbd_cp_v2_solver - print: >>>Parallel subproblem time: 0.062s for 3 factories
04/30/2026 12:57:38 PM INFO lbbd_cp_v2_solver - _callback: [Gurobi] H    0     0                    4805.9815544 6808.40289  41.7%     -    1s
04/30/2026 12:57:38 PM INFO lbbd_cp_v2_solver - print: >>>Parallel subproblem time: 0.015s for 3 factories
04/30/2026 12:57:38 PM INFO lbbd_cp_v2_solver - print:  Added optimal optimality cut: factory=2, orders=[1, 6, 9, 14, 15], cost=553.64, theta_est=84.90
04/30/2026 12:57:38 PM INFO lbbd_cp_v2_solver - print:  Added feasibility cut: factory=3, conflict orders=[2, 4, 5, 7, 11, 13]
04/30/2026 12:57:38 PM INFO lbbd_cp_v2_solver - print: >>>Parallel subproblem time: 0.014s for 3 factories
04/30/2026 12:57:38 PM INFO lbbd_cp_v2_solver - print:  Added optimal optimality cut: factory=3, orders=[2, 4, 7, 11, 14], cost=2146.35, theta_est=0.00
04/30/2026 12:57:38 PM INFO lbbd_cp_v2_solver - print: >>>Parallel subproblem time: 0.062s for 3 factories
04/30/2026 12:57:38 PM INFO lbbd_cp_v2_solver - print:  Added optimal optimality cut: factory=3, orders=[2, 4, 5, 7, 11], cost=2422.06, theta_est=0.00
04/30/2026 12:57:39 PM INFO lbbd_cp_v2_solver - print: >>>Parallel subproblem time: 0.040s for 3 factories
04/30/2026 12:57:39 PM INFO lbbd_cp_v2_solver - _callback: [Gurobi] H    0     2                    5142.1109588 6798.84542  32.2%     -    1s
04/30/2026 12:57:39 PM INFO lbbd_cp_v2_solver - _callback: [Gurobi] 0     2 6798.84542    0   15 5142.11096 6798.84542  32.2%     -    1s
04/30/2026 12:57:39 PM INFO lbbd_cp_v2_solver - print: >>>Parallel subproblem time: 0.013s for 3 factories
04/30/2026 12:57:39 PM INFO lbbd_cp_v2_solver - print:  Added feasibility cut: factory=3, conflict orders=[2, 5, 7, 11, 12, 14]
04/30/2026 12:57:39 PM INFO lbbd_cp_v2_solver - print: >>>Parallel subproblem time: 0.016s for 3 factories
04/30/2026 12:57:39 PM INFO lbbd_cp_v2_solver - print:  Added optimal optimality cut: factory=2, orders=[2, 5, 6, 8, 9], cost=1576.83, theta_est=0.00
04/30/2026 12:57:39 PM INFO lbbd_cp_v2_solver - print:  Added feasibility cut: factory=3, conflict orders=[4, 7, 11, 12, 13, 14]
04/30/2026 12:57:39 PM INFO lbbd_cp_v2_solver - print: >>>Parallel subproblem time: 0.015s for 3 factories
04/30/2026 12:57:39 PM INFO lbbd_cp_v2_solver - print:  Added feasibility cut: factory=3, conflict orders=[2, 7, 10, 11, 12, 14]
04/30/2026 12:57:39 PM INFO lbbd_cp_v2_solver - print: >>>Parallel subproblem time: 0.016s for 3 factories
04/30/2026 12:57:39 PM INFO lbbd_cp_v2_solver - print:  Added optimal optimality cut: factory=2, orders=[1, 2, 6, 8, 9], cost=1619.98, theta_est=0.00
04/30/2026 12:57:39 PM INFO lbbd_cp_v2_solver - print:  Added feasibility cut: factory=3, conflict orders=[4, 5, 7, 11, 12, 14]
04/30/2026 12:57:39 PM INFO lbbd_cp_v2_solver - print: >>>Parallel subproblem time: 0.016s for 3 factories
04/30/2026 12:57:39 PM INFO lbbd_cp_v2_solver - print:  Added optimal optimality cut: factory=2, orders=[1, 5, 6, 8, 9, 14], cost=1624.21, theta_est=221.48
04/30/2026 12:57:39 PM INFO lbbd_cp_v2_solver - print:  Added feasibility cut: factory=3, conflict orders=[2, 4, 7, 11, 12, 13]
04/30/2026 12:57:39 PM INFO lbbd_cp_v2_solver - print: >>>Parallel subproblem time: 0.016s for 3 factories
04/30/2026 12:57:39 PM INFO lbbd_cp_v2_solver - print:  Added feasibility cut: factory=2, conflict orders=[1, 2, 6, 8, 14, 15]
04/30/2026 12:57:39 PM INFO lbbd_cp_v2_solver - print:  Added feasibility cut: factory=3, conflict orders=[4, 5, 7, 11, 12, 13]
04/30/2026 12:57:39 PM INFO lbbd_cp_v2_solver - print: >>>Parallel subproblem time: 0.015s for 3 factories
04/30/2026 12:57:39 PM INFO lbbd_cp_v2_solver - print:  Added feasibility cut: factory=3, conflict orders=[2, 7, 11, 12, 14]
04/30/2026 12:57:39 PM INFO lbbd_cp_v2_solver - print: >>>Parallel subproblem time: 0.016s for 3 factories
04/30/2026 12:57:39 PM INFO lbbd_cp_v2_solver - print:  Added optimal optimality cut: factory=2, orders=[1, 5, 8, 9, 14, 15], cost=1628.87, theta_est=0.00
04/30/2026 12:57:39 PM INFO lbbd_cp_v2_solver - print:  Added feasibility cut: factory=3, conflict orders=[2, 4, 7, 11, 12]
04/30/2026 12:57:39 PM INFO lbbd_cp_v2_solver - print: >>>Parallel subproblem time: 0.016s for 3 factories
04/30/2026 12:57:39 PM INFO lbbd_cp_v2_solver - print:  Added feasibility cut: factory=3, conflict orders=[2, 4, 5, 7, 10, 12]
04/30/2026 12:57:39 PM INFO lbbd_cp_v2_solver - print: >>>Parallel subproblem time: 0.016s for 3 factories
04/30/2026 12:57:39 PM INFO lbbd_cp_v2_solver - print:  Added feasibility cut: factory=2, conflict orders=[1, 2, 5, 6, 9, 15]
04/30/2026 12:57:39 PM INFO lbbd_cp_v2_solver - print:  Added optimal optimality cut: factory=3, orders=[4, 7, 10, 11, 13, 14], cost=3471.38, theta_est=39.09
04/30/2026 12:57:39 PM INFO lbbd_cp_v2_solver - print: >>>Parallel subproblem time: 0.016s for 3 factories
04/30/2026 12:57:39 PM INFO lbbd_cp_v2_solver - print:  Added feasibility cut: factory=3, conflict orders=[2, 4, 5, 7, 13, 14]
04/30/2026 12:57:39 PM INFO lbbd_cp_v2_solver - print: >>>Parallel subproblem time: 0.014s for 3 factories
04/30/2026 12:57:39 PM INFO lbbd_cp_v2_solver - print:  Added optimal optimality cut: factory=2, orders=[1, 6, 8, 9, 14], cost=621.10, theta_est=0.00
04/30/2026 12:57:39 PM INFO lbbd_cp_v2_solver - print:  Added feasibility cut: factory=3, conflict orders=[2, 4, 5, 10, 11, 13, 15]
04/30/2026 12:57:39 PM INFO lbbd_cp_v2_solver - print: >>>Parallel subproblem time: 0.015s for 3 factories
04/30/2026 12:57:39 PM INFO lbbd_cp_v2_solver - print:  Added feasibility cut: factory=2, conflict orders=[1, 2, 5, 6, 8, 14]
04/30/2026 12:57:39 PM INFO lbbd_cp_v2_solver - print:  Added feasibility cut: factory=3, conflict orders=[4, 7, 9, 11, 12, 13]
04/30/2026 12:57:39 PM INFO lbbd_cp_v2_solver - print: >>>Parallel subproblem time: 0.016s for 3 factories
04/30/2026 12:57:39 PM INFO lbbd_cp_v2_solver - print:  Added feasibility cut: factory=2, conflict orders=[1, 2, 6, 9, 14, 15]
04/30/2026 12:57:39 PM INFO lbbd_cp_v2_solver - print:  Added feasibility cut: factory=3, conflict orders=[4, 5, 10, 11, 12, 13]
04/30/2026 12:57:39 PM INFO lbbd_cp_v2_solver - print: >>>Parallel subproblem time: 0.017s for 3 factories
04/30/2026 12:57:39 PM INFO lbbd_cp_v2_solver - print:  Added feasibility cut: factory=2, conflict orders=[1, 2, 5, 6, 9]
04/30/2026 12:57:39 PM INFO lbbd_cp_v2_solver - print:  Added optimal optimality cut: factory=3, orders=[4, 7, 10, 11, 14, 15], cost=4027.97, theta_est=14.47
04/30/2026 12:57:39 PM INFO lbbd_cp_v2_solver - print: >>>Parallel subproblem time: 0.016s for 3 factories
04/30/2026 12:57:39 PM INFO lbbd_cp_v2_solver - print:  Added optimal optimality cut: factory=3, orders=[2, 4, 5, 10, 11, 14], cost=3705.18, theta_est=0.00
04/30/2026 12:57:39 PM INFO lbbd_cp_v2_solver - print: >>>Parallel subproblem time: 0.063s for 3 factories
04/30/2026 12:57:39 PM INFO lbbd_cp_v2_solver - print:  Added optimal optimality cut: factory=2, orders=[1, 5, 6, 8, 14, 15], cost=1309.37, theta_est=0.00
04/30/2026 12:57:39 PM INFO lbbd_cp_v2_solver - print:  Added feasibility cut: factory=3, conflict orders=[2, 4, 7, 9, 11, 13]
04/30/2026 12:57:39 PM INFO lbbd_cp_v2_solver - print: >>>Parallel subproblem time: 0.016s for 3 factories
04/30/2026 12:57:39 PM INFO lbbd_cp_v2_solver - print:  Added feasibility cut: factory=2, conflict orders=[1, 2, 6, 9, 14]
04/30/2026 12:57:39 PM INFO lbbd_cp_v2_solver - print:  Added optimal optimality cut: factory=3, orders=[4, 5, 7, 8, 11], cost=2483.90, theta_est=0.00
04/30/2026 12:57:39 PM INFO lbbd_cp_v2_solver - print: >>>Parallel subproblem time: 0.015s for 3 factories
04/30/2026 12:57:39 PM INFO lbbd_cp_v2_solver - print:  Added optimal optimality cut: factory=3, orders=[2, 7, 10, 12, 14], cost=2714.25, theta_est=0.00
04/30/2026 12:57:39 PM INFO lbbd_cp_v2_solver - print: >>>Parallel subproblem time: 0.015s for 3 factories
04/30/2026 12:57:39 PM INFO lbbd_cp_v2_solver - print:  Added feasibility cut: factory=2, conflict orders=[1, 2, 5, 8, 9, 15]
04/30/2026 12:57:39 PM INFO lbbd_cp_v2_solver - print:  Added feasibility cut: factory=3, conflict orders=[4, 7, 11, 12, 14]
04/30/2026 12:57:39 PM INFO lbbd_cp_v2_solver - print: >>>Parallel subproblem time: 0.032s for 3 factories
04/30/2026 12:57:39 PM INFO lbbd_cp_v2_solver - _callback: [Gurobi] H   33    49                    5142.1309588 6610.05116  28.5%   5.5    2s
04/30/2026 12:57:39 PM INFO lbbd_cp_v2_solver - print: >>>Parallel subproblem time: 0.016s for 3 factories
04/30/2026 12:57:39 PM INFO lbbd_cp_v2_solver - print:  Added optimal optimality cut: factory=2, orders=[2, 6, 8, 9, 15], cost=1359.55, theta_est=0.00
04/30/2026 12:57:39 PM INFO lbbd_cp_v2_solver - print:  Added optimal optimality cut: factory=3, orders=[4, 5, 7, 10, 11, 14], cost=3471.38, theta_est=39.42
04/30/2026 12:57:39 PM INFO lbbd_cp_v2_solver - print: >>>Parallel subproblem time: 0.076s for 3 factories
04/30/2026 12:57:39 PM INFO lbbd_cp_v2_solver - print:  Added optimal optimality cut: factory=3, orders=[2, 5, 7, 10, 13, 14], cost=1666.51, theta_est=0.00
04/30/2026 12:57:39 PM INFO lbbd_cp_v2_solver - print: >>>Parallel subproblem time: 0.016s for 3 factories
04/30/2026 12:57:39 PM INFO lbbd_cp_v2_solver - print:  Added optimal optimality cut: factory=2, orders=[1, 2, 6, 8, 14], cost=1914.46, theta_est=0.00
04/30/2026 12:57:39 PM INFO lbbd_cp_v2_solver - print:  Added feasibility cut: factory=3, conflict orders=[4, 5, 7, 9, 11, 12]
04/30/2026 12:57:39 PM INFO lbbd_cp_v2_solver - print: >>>Parallel subproblem time: 0.016s for 3 factories
04/30/2026 12:57:39 PM INFO lbbd_cp_v2_solver - print:  Added feasibility cut: factory=2, conflict orders=[1, 2, 6, 9, 15]
04/30/2026 12:57:39 PM INFO lbbd_cp_v2_solver - print:  Added feasibility cut: factory=3, conflict orders=[5, 7, 10, 11, 12, 14]
04/30/2026 12:57:39 PM INFO lbbd_cp_v2_solver - print: >>>Parallel subproblem time: 0.016s for 3 factories
04/30/2026 12:57:39 PM INFO lbbd_cp_v2_solver - print:  Added optimal optimality cut: factory=2, orders=[1, 8, 9, 14, 15], cost=742.14, theta_est=0.00
04/30/2026 12:57:39 PM INFO lbbd_cp_v2_solver - print:  Added feasibility cut: factory=3, conflict orders=[2, 5, 7, 11, 12, 13]
04/30/2026 12:57:39 PM INFO lbbd_cp_v2_solver - print: >>>Parallel subproblem time: 0.016s for 3 factories
04/30/2026 12:57:39 PM INFO lbbd_cp_v2_solver - print:  Added optimal optimality cut: factory=2, orders=[2, 6, 8, 9], cost=445.72, theta_est=0.00
04/30/2026 12:57:39 PM INFO lbbd_cp_v2_solver - print:  Added feasibility cut: factory=3, conflict orders=[4, 5, 7, 11, 13, 14, 15]
04/30/2026 12:57:39 PM INFO lbbd_cp_v2_solver - print: >>>Parallel subproblem time: 0.015s for 3 factories
04/30/2026 12:57:39 PM INFO lbbd_cp_v2_solver - print:  Added feasibility cut: factory=2, conflict orders=[2, 5, 6, 8, 14, 15]
04/30/2026 12:57:39 PM INFO lbbd_cp_v2_solver - print:  Added optimal optimality cut: factory=3, orders=[4, 7, 9, 10, 11, 13], cost=3586.41, theta_est=0.00
04/30/2026 12:57:39 PM INFO lbbd_cp_v2_solver - print: >>>Parallel subproblem time: 0.078s for 3 factories
04/30/2026 12:57:39 PM INFO lbbd_cp_v2_solver - print:  Added feasibility cut: factory=2, conflict orders=[1, 2, 5, 9, 14, 15]
04/30/2026 12:57:39 PM INFO lbbd_cp_v2_solver - print:  Added optimal optimality cut: factory=3, orders=[4, 7, 8, 10, 11], cost=2446.23, theta_est=0.68
04/30/2026 12:57:39 PM INFO lbbd_cp_v2_solver - print: >>>Parallel subproblem time: 0.016s for 3 factories
04/30/2026 12:57:39 PM INFO lbbd_cp_v2_solver - print:  Added feasibility cut: factory=3, conflict orders=[2, 5, 10, 11, 12, 14]
04/30/2026 12:57:39 PM INFO lbbd_cp_v2_solver - print: >>>Parallel subproblem time: 0.014s for 3 factories
04/30/2026 12:57:39 PM INFO lbbd_cp_v2_solver - print:  Added feasibility cut: factory=2, conflict orders=[1, 2, 5, 8, 9, 14]
04/30/2026 12:57:39 PM INFO lbbd_cp_v2_solver - print:  Added feasibility cut: factory=3, conflict orders=[4, 7, 11, 12, 13, 15]
04/30/2026 12:57:39 PM INFO lbbd_cp_v2_solver - print: >>>Parallel subproblem time: 0.017s for 3 factories
04/30/2026 12:57:39 PM INFO lbbd_cp_v2_solver - print:  Added optimal optimality cut: factory=2, orders=[1, 6, 8, 14, 15], cost=306.27, theta_est=0.00
04/30/2026 12:57:39 PM INFO lbbd_cp_v2_solver - print:  Added feasibility cut: factory=3, conflict orders=[2, 7, 9, 11, 12]
04/30/2026 12:57:39 PM INFO lbbd_cp_v2_solver - print: >>>Parallel subproblem time: 0.017s for 3 factories
04/30/2026 12:57:39 PM INFO lbbd_cp_v2_solver - print:  Added optimal optimality cut: factory=3, orders=[2, 7, 12, 13, 14], cost=2421.49, theta_est=0.00
04/30/2026 12:57:39 PM INFO lbbd_cp_v2_solver - print: >>>Parallel subproblem time: 0.015s for 3 factories
04/30/2026 12:57:39 PM INFO lbbd_cp_v2_solver - print:  Added feasibility cut: factory=2, conflict orders=[1, 2, 5, 6, 8, 15]
04/30/2026 12:57:39 PM INFO lbbd_cp_v2_solver - print:  Added feasibility cut: factory=3, conflict orders=[4, 10, 11, 12, 13, 14]
04/30/2026 12:57:39 PM INFO lbbd_cp_v2_solver - print: >>>Parallel subproblem time: 0.015s for 3 factories
04/30/2026 12:57:39 PM INFO lbbd_cp_v2_solver - print:  Added optimal optimality cut: factory=2, orders=[1, 5, 6, 9, 14], cost=640.37, theta_est=-0.00
04/30/2026 12:57:39 PM INFO lbbd_cp_v2_solver - print:  Added feasibility cut: factory=3, conflict orders=[2, 4, 10, 11, 12, 13]
04/30/2026 12:57:39 PM INFO lbbd_cp_v2_solver - print: >>>Parallel subproblem time: 0.016s for 3 factories
04/30/2026 12:57:39 PM INFO lbbd_cp_v2_solver - print:  Added optimal optimality cut: factory=2, orders=[2, 6, 8, 14, 15], cost=1654.03, theta_est=0.00
04/30/2026 12:57:39 PM INFO lbbd_cp_v2_solver - print:  Added feasibility cut: factory=3, conflict orders=[4, 5, 7, 10, 12, 13]
04/30/2026 12:57:39 PM INFO lbbd_cp_v2_solver - print: >>>Parallel subproblem time: 0.062s for 3 factories
04/30/2026 12:57:39 PM INFO lbbd_cp_v2_solver - print:  Added optimal optimality cut: factory=2, orders=[1, 2, 8, 9, 15], cost=1756.46, theta_est=0.00
04/30/2026 12:57:39 PM INFO lbbd_cp_v2_solver - print:  Added optimal optimality cut: factory=3, orders=[4, 5, 7, 11, 13, 14], cost=2309.95, theta_est=0.00
04/30/2026 12:57:39 PM INFO lbbd_cp_v2_solver - print: >>>Parallel subproblem time: 0.030s for 3 factories
04/30/2026 12:57:39 PM INFO lbbd_cp_v2_solver - print:  Added optimal optimality cut: factory=3, orders=[2, 4, 7, 10, 13, 14], cost=3884.73, theta_est=0.00
04/30/2026 12:57:39 PM INFO lbbd_cp_v2_solver - print: >>>Parallel subproblem time: 0.015s for 3 factories
04/30/2026 12:57:39 PM INFO lbbd_cp_v2_solver - print:  Added optimal optimality cut: factory=2, orders=[1, 2, 6, 9], cost=759.90, theta_est=0.00
04/30/2026 12:57:39 PM INFO lbbd_cp_v2_solver - print:  Added feasibility cut: factory=3, conflict orders=[4, 5, 10, 11, 12, 14]
04/30/2026 12:57:39 PM INFO lbbd_cp_v2_solver - print: >>>Parallel subproblem time: 0.016s for 3 factories
04/30/2026 12:57:39 PM INFO lbbd_cp_v2_solver - print:  Added feasibility cut: factory=3, conflict orders=[2, 4, 5, 7, 12, 13]
04/30/2026 12:57:39 PM INFO lbbd_cp_v2_solver - print: >>>Parallel subproblem time: 0.016s for 3 factories
04/30/2026 12:57:39 PM INFO lbbd_cp_v2_solver - print:  Added optimal optimality cut: factory=2, orders=[1, 2, 6, 8, 15], cost=1264.97, theta_est=0.00
04/30/2026 12:57:39 PM INFO lbbd_cp_v2_solver - print:  Added feasibility cut: factory=3, conflict orders=[5, 7, 9, 12, 13, 14]
04/30/2026 12:57:39 PM INFO lbbd_cp_v2_solver - print: >>>Parallel subproblem time: 0.016s for 3 factories
04/30/2026 12:57:39 PM INFO lbbd_cp_v2_solver - print:  Added optimal optimality cut: factory=2, orders=[1, 5, 6, 8, 14], cost=498.95, theta_est=0.00
04/30/2026 12:57:39 PM INFO lbbd_cp_v2_solver - print:  Added optimal optimality cut: factory=3, orders=[2, 4, 7, 9, 10], cost=2340.78, theta_est=0.00
04/30/2026 12:57:39 PM INFO lbbd_cp_v2_solver - print: >>>Parallel subproblem time: 0.015s for 3 factories
04/30/2026 12:57:39 PM INFO lbbd_cp_v2_solver - print:  Added feasibility cut: factory=2, conflict orders=[2, 6, 9, 14, 15]
04/30/2026 12:57:39 PM INFO lbbd_cp_v2_solver - print:  Added optimal optimality cut: factory=3, orders=[5, 8, 10, 11, 12, 13], cost=2850.14, theta_est=0.00
04/30/2026 12:57:39 PM INFO lbbd_cp_v2_solver - print: >>>Parallel subproblem time: 0.016s for 3 factories
04/30/2026 12:57:39 PM INFO lbbd_cp_v2_solver - print:  Added feasibility cut: factory=3, conflict orders=[2, 5, 11, 12, 14]
04/30/2026 12:57:39 PM INFO lbbd_cp_v2_solver - print: >>>Parallel subproblem time: 0.015s for 3 factories
04/30/2026 12:57:39 PM INFO lbbd_cp_v2_solver - print:  Added optimal optimality cut: factory=2, orders=[1, 2, 8, 9, 14], cost=3419.44, theta_est=0.00
04/30/2026 12:57:39 PM INFO lbbd_cp_v2_solver - print:  Added feasibility cut: factory=3, conflict orders=[4, 5, 7, 11, 12, 15]
04/30/2026 12:57:40 PM INFO lbbd_cp_v2_solver - print: >>>Parallel subproblem time: 0.015s for 3 factories
04/30/2026 12:57:40 PM INFO lbbd_cp_v2_solver - print:  Added feasibility cut: factory=3, conflict orders=[2, 4, 7, 12, 14]
04/30/2026 12:57:40 PM INFO lbbd_cp_v2_solver - print: >>>Parallel subproblem time: 0.017s for 3 factories
04/30/2026 12:57:40 PM INFO lbbd_cp_v2_solver - print:  Added optimal optimality cut: factory=2, orders=[1, 2, 5, 6, 8], cost=1482.25, theta_est=0.00
04/30/2026 12:57:40 PM INFO lbbd_cp_v2_solver - print:  Added optimal optimality cut: factory=3, orders=[4, 7, 9, 10, 11, 14], cost=4137.08, theta_est=-0.00
04/30/2026 12:57:40 PM INFO lbbd_cp_v2_solver - print: >>>Parallel subproblem time: 0.014s for 3 factories
04/30/2026 12:57:40 PM INFO lbbd_cp_v2_solver - print:  Added optimal optimality cut: factory=3, orders=[2, 4, 7, 10, 14], cost=1881.25, theta_est=0.00
04/30/2026 12:57:40 PM INFO lbbd_cp_v2_solver - print: >>>Parallel subproblem time: 0.014s for 3 factories
04/30/2026 12:57:40 PM INFO lbbd_cp_v2_solver - print:  Added feasibility cut: factory=2, conflict orders=[1, 2, 8, 14, 15]
04/30/2026 12:57:40 PM INFO lbbd_cp_v2_solver - print:  Added feasibility cut: factory=3, conflict orders=[5, 7, 9, 10, 11, 12]
04/30/2026 12:57:40 PM INFO lbbd_cp_v2_solver - print: >>>Parallel subproblem time: 0.079s for 3 factories
04/30/2026 12:57:40 PM INFO lbbd_cp_v2_solver - print:  Added feasibility cut: factory=2, conflict orders=[1, 2, 5, 6, 14, 15]
04/30/2026 12:57:40 PM INFO lbbd_cp_v2_solver - print:  Added optimal optimality cut: factory=3, orders=[4, 7, 8, 9, 11], cost=2936.89, theta_est=0.00
04/30/2026 12:57:40 PM INFO lbbd_cp_v2_solver - print: >>>Parallel subproblem time: 0.017s for 3 factories
04/30/2026 12:57:40 PM INFO lbbd_cp_v2_solver - print:  Added optimal optimality cut: factory=2, orders=[5, 6, 8, 14, 15], cost=268.00, theta_est=0.00
04/30/2026 12:57:40 PM INFO lbbd_cp_v2_solver - print:  Added optimal optimality cut: factory=3, orders=[2, 4, 7, 9, 13], cost=2645.74, theta_est=0.00
04/30/2026 12:57:40 PM INFO lbbd_cp_v2_solver - print: >>>Parallel subproblem time: 0.015s for 3 factories
04/30/2026 12:57:40 PM INFO lbbd_cp_v2_solver - print:  Added feasibility cut: factory=2, conflict orders=[1, 2, 9, 14, 15]
04/30/2026 12:57:40 PM INFO lbbd_cp_v2_solver - print:  Added optimal optimality cut: factory=3, orders=[5, 7, 8, 10, 11, 13], cost=1884.22, theta_est=0.00
04/30/2026 12:57:40 PM INFO lbbd_cp_v2_solver - print: >>>Parallel subproblem time: 0.016s for 3 factories
04/30/2026 12:57:40 PM INFO lbbd_cp_v2_solver - print:  Added optimal optimality cut: factory=2, orders=[1, 5, 6, 9, 15], cost=163.98, theta_est=0.00
04/30/2026 12:57:40 PM INFO lbbd_cp_v2_solver - print:  Added optimal optimality cut: factory=3, orders=[2, 7, 8, 11, 14], cost=2051.73, theta_est=0.00
04/30/2026 12:57:40 PM INFO lbbd_cp_v2_solver - print: >>>Parallel subproblem time: 0.012s for 3 factories
04/30/2026 12:57:40 PM INFO lbbd_cp_v2_solver - print:  Added feasibility cut: factory=3, conflict orders=[2, 10, 11, 12, 13, 14]
04/30/2026 12:57:40 PM INFO lbbd_cp_v2_solver - print: >>>Parallel subproblem time: 0.033s for 3 factories
04/30/2026 12:57:40 PM INFO lbbd_cp_v2_solver - print:  Added optimal optimality cut: factory=3, orders=[2, 5, 7, 11, 13, 14], cost=1752.22, theta_est=0.00
04/30/2026 12:57:40 PM INFO lbbd_cp_v2_solver - print: >>>Parallel subproblem time: 0.015s for 3 factories
04/30/2026 12:57:40 PM INFO lbbd_cp_v2_solver - print:  Added optimal optimality cut: factory=3, orders=[2, 7, 10, 11, 14], cost=815.22, theta_est=0.00
04/30/2026 12:57:40 PM INFO lbbd_cp_v2_solver - print: >>>Parallel subproblem time: 0.014s for 3 factories
04/30/2026 12:57:40 PM INFO lbbd_cp_v2_solver - print:  Added optimal optimality cut: factory=2, orders=[5, 6, 9, 14, 15], cost=536.41, theta_est=84.90
04/30/2026 12:57:40 PM INFO lbbd_cp_v2_solver - print:  Added optimal optimality cut: factory=3, orders=[2, 4, 7, 10, 12], cost=3033.71, theta_est=0.07
04/30/2026 12:57:40 PM INFO lbbd_cp_v2_solver - print: >>>Parallel subproblem time: 0.015s for 3 factories
04/30/2026 12:57:40 PM INFO lbbd_cp_v2_solver - print:  Added feasibility cut: factory=2, conflict orders=[2, 5, 6, 9, 15]
04/30/2026 12:57:40 PM INFO lbbd_cp_v2_solver - print:  Added optimal optimality cut: factory=3, orders=[4, 7, 8, 11, 14], cost=2895.60, theta_est=0.00
04/30/2026 12:57:40 PM INFO lbbd_cp_v2_solver - print: >>>Parallel subproblem time: 0.014s for 3 factories
04/30/2026 12:57:40 PM INFO lbbd_cp_v2_solver - print:  Added optimal optimality cut: factory=2, orders=[2, 6, 9, 15], cost=626.47, theta_est=0.00
04/30/2026 12:57:40 PM INFO lbbd_cp_v2_solver - print:  Added feasibility cut: factory=3, conflict orders=[4, 5, 11, 12, 14]
04/30/2026 12:57:40 PM INFO lbbd_cp_v2_solver - print: >>>Parallel subproblem time: 0.016s for 3 factories
04/30/2026 12:57:40 PM INFO lbbd_cp_v2_solver - print:  Added optimal optimality cut: factory=2, orders=[1, 6, 9, 14], cost=188.85, theta_est=0.00
04/30/2026 12:57:40 PM INFO lbbd_cp_v2_solver - print:  Added feasibility cut: factory=3, conflict orders=[2, 4, 5, 7, 12]
04/30/2026 12:57:40 PM INFO lbbd_cp_v2_solver - print: >>>Parallel subproblem time: 0.016s for 3 factories
04/30/2026 12:57:40 PM INFO lbbd_cp_v2_solver - print:  Added optimal optimality cut: factory=2, orders=[2, 5, 6, 9], cost=737.79, theta_est=0.00
04/30/2026 12:57:40 PM INFO lbbd_cp_v2_solver - print:  Added optimal optimality cut: factory=3, orders=[4, 7, 11, 13, 14, 15], cost=2700.73, theta_est=20.21
04/30/2026 12:57:40 PM INFO lbbd_cp_v2_solver - print: >>>Parallel subproblem time: 0.015s for 3 factories
04/30/2026 12:57:40 PM INFO lbbd_cp_v2_solver - print:  Added optimal optimality cut: factory=2, orders=[1, 2, 6, 8], cost=351.13, theta_est=0.00
04/30/2026 12:57:40 PM INFO lbbd_cp_v2_solver - print:  Added feasibility cut: factory=3, conflict orders=[5, 7, 11, 12, 14, 15]
04/30/2026 12:57:40 PM INFO lbbd_cp_v2_solver - print: >>>Parallel subproblem time: 0.062s for 3 factories
04/30/2026 12:57:40 PM INFO lbbd_cp_v2_solver - print:  Added feasibility cut: factory=2, conflict orders=[1, 2, 6, 14, 15]
04/30/2026 12:57:40 PM INFO lbbd_cp_v2_solver - print:  Added optimal optimality cut: factory=3, orders=[5, 7, 8, 9, 11, 13], cost=2991.37, theta_est=0.00
04/30/2026 12:57:40 PM INFO lbbd_cp_v2_solver - print: >>>Parallel subproblem time: 0.015s for 3 factories
04/30/2026 12:57:40 PM INFO lbbd_cp_v2_solver - print:  Added optimal optimality cut: factory=3, orders=[2, 7, 9, 10, 13, 15], cost=3330.01, theta_est=0.00
04/30/2026 12:57:40 PM INFO lbbd_cp_v2_solver - print: >>>Parallel subproblem time: 0.015s for 3 factories
04/30/2026 12:57:40 PM INFO lbbd_cp_v2_solver - print:  Added optimal optimality cut: factory=3, orders=[2, 4, 5, 11, 14], cost=2573.46, theta_est=0.00
04/30/2026 12:57:40 PM INFO lbbd_cp_v2_solver - print: >>>Parallel subproblem time: 0.014s for 3 factories
04/30/2026 12:57:40 PM INFO lbbd_cp_v2_solver - print:  Added optimal optimality cut: factory=2, orders=[1, 5, 6, 14, 15], cost=498.66, theta_est=0.00
04/30/2026 12:57:40 PM INFO lbbd_cp_v2_solver - print:  Added feasibility cut: factory=3, conflict orders=[2, 9, 10, 11, 12, 13]
04/30/2026 12:57:40 PM INFO lbbd_cp_v2_solver - print: >>>Parallel subproblem time: 0.015s for 3 factories
04/30/2026 12:57:40 PM INFO lbbd_cp_v2_solver - print:  Added optimal optimality cut: factory=3, orders=[2, 10, 12, 13, 14], cost=1737.22, theta_est=0.00
04/30/2026 12:57:40 PM INFO lbbd_cp_v2_solver - print: >>>Parallel subproblem time: 0.015s for 3 factories
04/30/2026 12:57:40 PM INFO lbbd_cp_v2_solver - print:  Added optimal optimality cut: factory=2, orders=[2, 5, 6, 8, 15], cost=1221.82, theta_est=0.00
04/30/2026 12:57:40 PM INFO lbbd_cp_v2_solver - print:  Added optimal optimality cut: factory=3, orders=[4, 7, 10, 12, 14], cost=4147.98, theta_est=0.27
04/30/2026 12:57:40 PM INFO lbbd_cp_v2_solver - print: >>>Parallel subproblem time: 0.031s for 3 factories
04/30/2026 12:57:40 PM INFO lbbd_cp_v2_solver - print:  Added feasibility cut: factory=2, conflict orders=[1, 2, 5, 9, 15]
04/30/2026 12:57:40 PM INFO lbbd_cp_v2_solver - print:  Added optimal optimality cut: factory=3, orders=[7, 8, 10, 11, 13, 14], cost=2457.94, theta_est=0.54
04/30/2026 12:57:40 PM INFO lbbd_cp_v2_solver - print: >>>Parallel subproblem time: 0.077s for 3 factories
04/30/2026 12:57:40 PM INFO lbbd_cp_v2_solver - print:  Added optimal optimality cut: factory=2, orders=[2, 6, 8, 14], cost=1143.83, theta_est=0.00
04/30/2026 12:57:40 PM INFO lbbd_cp_v2_solver - print:  Added feasibility cut: factory=3, conflict orders=[5, 7, 9, 11, 12, 13]
04/30/2026 12:57:40 PM INFO lbbd_cp_v2_solver - print: >>>Parallel subproblem time: 0.016s for 3 factories
04/30/2026 12:57:40 PM INFO lbbd_cp_v2_solver - print:  Added optimal optimality cut: factory=3, orders=[2, 5, 7, 12, 13], cost=2050.01, theta_est=0.00
04/30/2026 12:57:40 PM INFO lbbd_cp_v2_solver - print: >>>Parallel subproblem time: 0.015s for 3 factories
04/30/2026 12:57:40 PM INFO lbbd_cp_v2_solver - print:  Added optimal optimality cut: factory=2, orders=[2, 6, 9], cost=158.27, theta_est=0.00
04/30/2026 12:57:40 PM INFO lbbd_cp_v2_solver - print:  Added optimal optimality cut: factory=3, orders=[4, 5, 7, 11, 14, 15], cost=2609.93, theta_est=6.39
04/30/2026 12:57:40 PM INFO lbbd_cp_v2_solver - print: >>>Parallel subproblem time: 0.014s for 3 factories
04/30/2026 12:57:40 PM INFO lbbd_cp_v2_solver - print:  Added optimal optimality cut: factory=2, orders=[1, 2, 5, 8, 9], cost=1842.52, theta_est=0.00
04/30/2026 12:57:40 PM INFO lbbd_cp_v2_solver - print:  Added optimal optimality cut: factory=3, orders=[4, 7, 10, 13, 14, 15], cost=3310.81, theta_est=0.00
04/30/2026 12:57:40 PM INFO lbbd_cp_v2_solver - print: >>>Parallel subproblem time: 0.015s for 3 factories
04/30/2026 12:57:40 PM INFO lbbd_cp_v2_solver - print:  Added feasibility cut: factory=3, conflict orders=[5, 10, 11, 12, 13, 14, 15]
04/30/2026 12:57:40 PM INFO lbbd_cp_v2_solver - print: >>>Parallel subproblem time: 0.032s for 3 factories
04/30/2026 12:57:40 PM INFO lbbd_cp_v2_solver - print:  Added feasibility cut: factory=2, conflict orders=[1, 2, 5, 6, 14]
04/30/2026 12:57:40 PM INFO lbbd_cp_v2_solver - print:  Added optimal optimality cut: factory=3, orders=[7, 8, 9, 10, 11, 13], cost=2756.33, theta_est=0.00
04/30/2026 12:57:40 PM INFO lbbd_cp_v2_solver - print: >>>Parallel subproblem time: 0.079s for 3 factories
04/30/2026 12:57:40 PM INFO lbbd_cp_v2_solver - print:  Added optimal optimality cut: factory=2, orders=[1, 5, 8, 14, 15], cost=503.62, theta_est=0.00
04/30/2026 12:57:40 PM INFO lbbd_cp_v2_solver - print:  Added optimal optimality cut: factory=3, orders=[2, 7, 9, 10, 13], cost=1292.32, theta_est=0.00
04/30/2026 12:57:40 PM INFO lbbd_cp_v2_solver - print: >>>Parallel subproblem time: 0.064s for 3 factories
04/30/2026 12:57:40 PM INFO lbbd_cp_v2_solver - print:  Added optimal optimality cut: factory=3, orders=[2, 5, 7, 11, 14], cost=1095.40, theta_est=0.00
04/30/2026 12:57:40 PM INFO lbbd_cp_v2_solver - print: >>>Parallel subproblem time: 0.061s for 3 factories
04/30/2026 12:57:40 PM INFO lbbd_cp_v2_solver - print:  Added optimal optimality cut: factory=3, orders=[2, 7, 11, 13, 14], cost=1095.40, theta_est=0.00
04/30/2026 12:57:40 PM INFO lbbd_cp_v2_solver - print: >>>Parallel subproblem time: 0.015s for 3 factories
04/30/2026 12:57:40 PM INFO lbbd_cp_v2_solver - print:  Added optimal optimality cut: factory=3, orders=[2, 4, 10, 11, 13, 14], cost=3167.98, theta_est=0.00
04/30/2026 12:57:40 PM INFO lbbd_cp_v2_solver - print: >>>Parallel subproblem time: 0.015s for 3 factories
04/30/2026 12:57:40 PM INFO lbbd_cp_v2_solver - print:  Added optimal optimality cut: factory=2, orders=[1, 5, 9, 14, 15], cost=642.47, theta_est=-0.00
04/30/2026 12:57:40 PM INFO lbbd_cp_v2_solver - print:  Added feasibility cut: factory=3, conflict orders=[2, 4, 7, 12, 13]
04/30/2026 12:57:40 PM INFO lbbd_cp_v2_solver - print: >>>Parallel subproblem time: 0.033s for 3 factories
04/30/2026 12:57:40 PM INFO lbbd_cp_v2_solver - _callback: [Gurobi] H  157   146                    5142.1409588 6583.81652  28.0%   4.8    3s
04/30/2026 12:57:40 PM INFO lbbd_cp_v2_solver - print: >>>Parallel subproblem time: 0.015s for 3 factories
04/30/2026 12:57:40 PM INFO lbbd_cp_v2_solver - print:  Added optimal optimality cut: factory=2, orders=[1, 2, 6, 14], cost=910.77, theta_est=0.00
04/30/2026 12:57:40 PM INFO lbbd_cp_v2_solver - print:  Added feasibility cut: factory=3, conflict orders=[4, 5, 7, 12, 15]
04/30/2026 12:57:41 PM INFO lbbd_cp_v2_solver - print: >>>Parallel subproblem time: 0.031s for 3 factories
04/30/2026 12:57:41 PM INFO lbbd_cp_v2_solver - print:  Added optimal optimality cut: factory=2, orders=[1, 2, 9, 15], cost=829.82, theta_est=0.01
04/30/2026 12:57:41 PM INFO lbbd_cp_v2_solver - print:  Added optimal optimality cut: factory=3, orders=[5, 7, 8, 10, 11, 14], cost=2457.94, theta_est=0.89
04/30/2026 12:57:41 PM INFO lbbd_cp_v2_solver - print: >>>Parallel subproblem time: 0.014s for 3 factories
04/30/2026 12:57:41 PM INFO lbbd_cp_v2_solver - print:  Added optimal optimality cut: factory=3, orders=[2, 5, 7, 13, 14], cost=817.37, theta_est=0.00
04/30/2026 12:57:41 PM INFO lbbd_cp_v2_solver - print: ***[Validated]*** obj=5192.80, delay=932.89, bound=6583.82, gap=26.79%, t=3.7s
04/30/2026 12:57:41 PM INFO lbbd_cp_v2_solver - print: >>>Parallel subproblem time: 0.031s for 3 factories
04/30/2026 12:57:41 PM INFO lbbd_cp_v2_solver - print:  Added optimal optimality cut: factory=3, orders=[2, 4, 7, 13, 14], cost=2491.68, theta_est=0.00
04/30/2026 12:57:41 PM INFO lbbd_cp_v2_solver - print: >>>Parallel subproblem time: 0.060s for 3 factories
04/30/2026 12:57:41 PM INFO lbbd_cp_v2_solver - _callback: [Gurobi] H  162   147                    5192.7661449 6583.81652  26.8%   4.7    3s
04/30/2026 12:57:41 PM INFO lbbd_cp_v2_solver - print: >>>Parallel subproblem time: 0.015s for 3 factories
04/30/2026 12:57:41 PM INFO lbbd_cp_v2_solver - print:  Added feasibility cut: factory=3, conflict orders=[5, 7, 9, 11, 12, 14]
04/30/2026 12:57:41 PM INFO lbbd_cp_v2_solver - print: >>>Parallel subproblem time: 0.015s for 3 factories
04/30/2026 12:57:41 PM INFO lbbd_cp_v2_solver - print:  Added feasibility cut: factory=3, conflict orders=[2, 4, 5, 12, 13]
04/30/2026 12:57:41 PM INFO lbbd_cp_v2_solver - print: >>>Parallel subproblem time: 0.062s for 3 factories
04/30/2026 12:57:41 PM INFO lbbd_cp_v2_solver - print:  Added optimal optimality cut: factory=2, orders=[1, 2, 8, 9], cost=842.63, theta_est=20.37
04/30/2026 12:57:41 PM INFO lbbd_cp_v2_solver - print:  Added optimal optimality cut: factory=3, orders=[5, 7, 10, 11, 13, 14, 15], cost=1604.04, theta_est=0.00
04/30/2026 12:57:41 PM INFO lbbd_cp_v2_solver - print: >>>Parallel subproblem time: 0.015s for 3 factories
04/30/2026 12:57:41 PM INFO lbbd_cp_v2_solver - print:  Added feasibility cut: factory=3, conflict orders=[2, 10, 11, 12, 14]
04/30/2026 12:57:41 PM INFO lbbd_cp_v2_solver - print: >>>Parallel subproblem time: 0.080s for 3 factories
04/30/2026 12:57:41 PM INFO lbbd_cp_v2_solver - print:  Added optimal optimality cut: factory=2, orders=[2, 6, 8, 15], cost=114.33, theta_est=0.00
04/30/2026 12:57:41 PM INFO lbbd_cp_v2_solver - print:  Added optimal optimality cut: factory=3, orders=[5, 7, 9, 10, 11, 13, 14], cost=3346.16, theta_est=3.97
04/30/2026 12:57:41 PM INFO lbbd_cp_v2_solver - print: >>>Parallel subproblem time: 0.032s for 3 factories
04/30/2026 12:57:41 PM INFO lbbd_cp_v2_solver - print:  Added feasibility cut: factory=2, conflict orders=[2, 5, 6, 14, 15]
04/30/2026 12:57:41 PM INFO lbbd_cp_v2_solver - print:  Added optimal optimality cut: factory=3, orders=[4, 8, 9, 10, 11, 13], cost=4149.46, theta_est=37.79
04/30/2026 12:57:41 PM INFO lbbd_cp_v2_solver - print: >>>Parallel subproblem time: 0.030s for 3 factories
04/30/2026 12:57:41 PM INFO lbbd_cp_v2_solver - print:  Added optimal optimality cut: factory=3, orders=[2, 5, 9, 10, 11, 13], cost=2016.13, theta_est=0.00
04/30/2026 12:57:41 PM INFO lbbd_cp_v2_solver - print: >>>Parallel subproblem time: 0.016s for 3 factories
04/30/2026 12:57:41 PM INFO lbbd_cp_v2_solver - print:  Added optimal optimality cut: factory=2, orders=[1, 5, 6, 14], cost=133.87, theta_est=0.00
04/30/2026 12:57:41 PM INFO lbbd_cp_v2_solver - print:  Added feasibility cut: factory=3, conflict orders=[2, 4, 9, 10, 13, 15]
04/30/2026 12:57:41 PM INFO lbbd_cp_v2_solver - print: >>>Parallel subproblem time: 0.031s for 3 factories
04/30/2026 12:57:41 PM INFO lbbd_cp_v2_solver - print:  Added optimal optimality cut: factory=3, orders=[2, 5, 7, 8, 10, 13], cost=2775.76, theta_est=18.78
04/30/2026 12:57:41 PM INFO lbbd_cp_v2_solver - print: >>>Parallel subproblem time: 0.063s for 3 factories
04/30/2026 12:57:41 PM INFO lbbd_cp_v2_solver - print:  Added optimal optimality cut: factory=3, orders=[2, 5, 10, 11, 14], cost=734.11, theta_est=0.00
04/30/2026 12:57:41 PM INFO lbbd_cp_v2_solver - print: >>>Parallel subproblem time: 0.017s for 3 factories
04/30/2026 12:57:41 PM INFO lbbd_cp_v2_solver - print:  Added optimal optimality cut: factory=3, orders=[2, 5, 11, 13, 14], cost=510.31, theta_est=0.00
04/30/2026 12:57:41 PM INFO lbbd_cp_v2_solver - print: ***[Validated]*** obj=5379.27, delay=625.83, bound=6583.82, gap=22.39%, t=4.1s
04/30/2026 12:57:41 PM INFO lbbd_cp_v2_solver - print: >>>Parallel subproblem time: 0.014s for 3 factories
04/30/2026 12:57:41 PM INFO lbbd_cp_v2_solver - _callback: [Gurobi] H  186   155                    5379.2351720 6583.81652  22.4%   4.4    4s
04/30/2026 12:57:41 PM INFO lbbd_cp_v2_solver - print: >>>Parallel subproblem time: 0.015s for 3 factories
04/30/2026 12:57:41 PM INFO lbbd_cp_v2_solver - print:  Added optimal optimality cut: factory=2, orders=[1, 2, 9, 14], cost=2462.30, theta_est=0.00
04/30/2026 12:57:41 PM INFO lbbd_cp_v2_solver - print:  Added optimal optimality cut: factory=3, orders=[4, 5, 7, 10, 11, 15], cost=2216.54, theta_est=0.00
04/30/2026 12:57:41 PM INFO lbbd_cp_v2_solver - print: >>>Parallel subproblem time: 0.014s for 3 factories
04/30/2026 12:57:41 PM INFO lbbd_cp_v2_solver - print:  Added feasibility cut: factory=3, conflict orders=[2, 9, 10, 11, 12, 15]
04/30/2026 12:57:41 PM INFO lbbd_cp_v2_solver - print: >>>Parallel subproblem time: 0.017s for 3 factories
04/30/2026 12:57:41 PM INFO lbbd_cp_v2_solver - print:  Added feasibility cut: factory=3, conflict orders=[2, 11, 12, 13, 14]
04/30/2026 12:57:41 PM INFO lbbd_cp_v2_solver - print: >>>Parallel subproblem time: 0.016s for 3 factories
04/30/2026 12:57:41 PM INFO lbbd_cp_v2_solver - print:  Added optimal optimality cut: factory=2, orders=[2, 5, 8, 9, 15], cost=1582.09, theta_est=-0.00
04/30/2026 12:57:41 PM INFO lbbd_cp_v2_solver - print:  Added feasibility cut: factory=3, conflict orders=[4, 7, 12, 13, 14]
04/30/2026 12:57:41 PM INFO lbbd_cp_v2_solver - print: >>>Parallel subproblem time: 0.016s for 3 factories
04/30/2026 12:57:41 PM INFO lbbd_cp_v2_solver - print:  Added optimal optimality cut: factory=2, orders=[2, 6, 14, 15], cost=777.34, theta_est=0.00
04/30/2026 12:57:41 PM INFO lbbd_cp_v2_solver - print:  Added optimal optimality cut: factory=3, orders=[4, 5, 7, 10, 12], cost=2837.93, theta_est=0.00
04/30/2026 12:57:41 PM INFO lbbd_cp_v2_solver - print: >>>Parallel subproblem time: 0.016s for 3 factories
04/30/2026 12:57:41 PM INFO lbbd_cp_v2_solver - print:  Added feasibility cut: factory=2, conflict orders=[1, 2, 5, 6, 15]
04/30/2026 12:57:41 PM INFO lbbd_cp_v2_solver - print:  Added optimal optimality cut: factory=3, orders=[7, 8, 9, 11, 14], cost=2222.55, theta_est=0.00
04/30/2026 12:57:41 PM INFO lbbd_cp_v2_solver - print: >>>Parallel subproblem time: 0.079s for 3 factories
04/30/2026 12:57:41 PM INFO lbbd_cp_v2_solver - print:  Added optimal optimality cut: factory=3, orders=[2, 7, 10, 13, 14, 15], cost=2100.16, theta_est=0.00
04/30/2026 12:57:41 PM INFO lbbd_cp_v2_solver - print: >>>Parallel subproblem time: 0.032s for 3 factories
04/30/2026 12:57:41 PM INFO lbbd_cp_v2_solver - print:  Added optimal optimality cut: factory=3, orders=[2, 7, 10, 13, 14], cost=1250.05, theta_est=0.00
04/30/2026 12:57:41 PM INFO lbbd_cp_v2_solver - print: >>>Parallel subproblem time: 0.031s for 3 factories
04/30/2026 12:57:41 PM INFO lbbd_cp_v2_solver - print:  Added optimal optimality cut: factory=3, orders=[2, 5, 7, 11, 13, 15], cost=1781.85, theta_est=0.00
04/30/2026 12:57:41 PM INFO lbbd_cp_v2_solver - print: >>>Parallel subproblem time: 0.015s for 3 factories
04/30/2026 12:57:41 PM INFO lbbd_cp_v2_solver - print:  Added optimal optimality cut: factory=2, orders=[1, 2, 5, 8, 15], cost=1487.51, theta_est=0.00
04/30/2026 12:57:41 PM INFO lbbd_cp_v2_solver - print:  Added feasibility cut: factory=3, conflict orders=[7, 9, 11, 12, 14]
04/30/2026 12:57:41 PM INFO lbbd_cp_v2_solver - print: >>>Parallel subproblem time: 0.016s for 3 factories
04/30/2026 12:57:41 PM INFO lbbd_cp_v2_solver - print:  Added optimal optimality cut: factory=3, orders=[5, 7, 10, 11, 13, 14], cost=568.81, theta_est=0.00
04/30/2026 12:57:41 PM INFO lbbd_cp_v2_solver - print: >>>Parallel subproblem time: 0.014s for 3 factories
04/30/2026 12:57:41 PM INFO lbbd_cp_v2_solver - print:  Added feasibility cut: factory=3, conflict orders=[2, 4, 5, 10, 13, 14]
04/30/2026 12:57:41 PM INFO lbbd_cp_v2_solver - print: >>>Parallel subproblem time: 0.016s for 3 factories
04/30/2026 12:57:41 PM INFO lbbd_cp_v2_solver - print:  Added optimal optimality cut: factory=3, orders=[2, 4, 5, 10, 11, 13], cost=2071.21, theta_est=0.00
04/30/2026 12:57:41 PM INFO lbbd_cp_v2_solver - print: >>>Parallel subproblem time: 0.015s for 3 factories
04/30/2026 12:57:41 PM INFO lbbd_cp_v2_solver - print:  Added optimal optimality cut: factory=3, orders=[4, 5, 10, 11, 13, 14], cost=1628.93, theta_est=0.00
04/30/2026 12:57:41 PM INFO lbbd_cp_v2_solver - print: >>>Parallel subproblem time: 0.014s for 3 factories
04/30/2026 12:57:41 PM INFO lbbd_cp_v2_solver - print:  Added feasibility cut: factory=3, conflict orders=[2, 9, 10, 11, 12]
04/30/2026 12:57:41 PM INFO lbbd_cp_v2_solver - print: >>>Parallel subproblem time: 0.016s for 3 factories
04/30/2026 12:57:41 PM INFO lbbd_cp_v2_solver - print:  Added feasibility cut: factory=3, conflict orders=[7, 10, 11, 12, 14]
04/30/2026 12:57:41 PM INFO lbbd_cp_v2_solver - print: >>>Parallel subproblem time: 0.016s for 3 factories
04/30/2026 12:57:41 PM INFO lbbd_cp_v2_solver - print:  Added feasibility cut: factory=3, conflict orders=[4, 10, 11, 12, 14]
04/30/2026 12:57:41 PM INFO lbbd_cp_v2_solver - print: >>>Parallel subproblem time: 0.017s for 3 factories
04/30/2026 12:57:41 PM INFO lbbd_cp_v2_solver - print:  Added optimal optimality cut: factory=3, orders=[2, 4, 11, 13, 14], cost=2116.24, theta_est=0.00
04/30/2026 12:57:41 PM INFO lbbd_cp_v2_solver - print: >>>Parallel subproblem time: 0.031s for 3 factories
04/30/2026 12:57:41 PM INFO lbbd_cp_v2_solver - print:  Added optimal optimality cut: factory=3, orders=[2, 8, 10, 11, 13, 14], cost=2735.53, theta_est=0.00
04/30/2026 12:57:41 PM INFO lbbd_cp_v2_solver - print: >>>Parallel subproblem time: 0.030s for 3 factories
04/30/2026 12:57:41 PM INFO lbbd_cp_v2_solver - print:  Added optimal optimality cut: factory=2, orders=[1, 5, 6, 8, 15], cost=48.35, theta_est=0.00
04/30/2026 12:57:41 PM INFO lbbd_cp_v2_solver - print:  Added optimal optimality cut: factory=3, orders=[2, 9, 10, 11, 13, 14], cost=2624.44, theta_est=0.00
04/30/2026 12:57:42 PM INFO lbbd_cp_v2_solver - print: >>>Parallel subproblem time: 0.014s for 3 factories
04/30/2026 12:57:42 PM INFO lbbd_cp_v2_solver - print:  Added feasibility cut: factory=3, conflict orders=[2, 7, 11, 12, 13, 15]
04/30/2026 12:57:42 PM INFO lbbd_cp_v2_solver - print: >>>Parallel subproblem time: 0.032s for 3 factories
04/30/2026 12:57:42 PM INFO lbbd_cp_v2_solver - print:  Added optimal optimality cut: factory=3, orders=[2, 10, 11, 13, 14], cost=734.11, theta_est=0.00
04/30/2026 12:57:42 PM INFO lbbd_cp_v2_solver - print: >>>Parallel subproblem time: 0.014s for 3 factories
04/30/2026 12:57:42 PM INFO lbbd_cp_v2_solver - print:  Added feasibility cut: factory=3, conflict orders=[2, 7, 10, 12, 13, 15]
04/30/2026 12:57:42 PM INFO lbbd_cp_v2_solver - print: >>>Parallel subproblem time: 0.015s for 3 factories
04/30/2026 12:57:42 PM INFO lbbd_cp_v2_solver - print:  Added optimal optimality cut: factory=2, orders=[1, 2, 6, 15], cost=578.01, theta_est=0.00
04/30/2026 12:57:42 PM INFO lbbd_cp_v2_solver - print:  Added optimal optimality cut: factory=3, orders=[5, 8, 9, 10, 11, 14], cost=2588.23, theta_est=0.00
04/30/2026 12:57:42 PM INFO lbbd_cp_v2_solver - print: >>>Parallel subproblem time: 0.015s for 3 factories
04/30/2026 12:57:42 PM INFO lbbd_cp_v2_solver - print:  Added optimal optimality cut: factory=3, orders=[2, 5, 11, 14], cost=330.40, theta_est=0.00
04/30/2026 12:57:42 PM INFO lbbd_cp_v2_solver - print: >>>Parallel subproblem time: 0.016s for 3 factories
04/30/2026 12:57:42 PM INFO lbbd_cp_v2_solver - print:  Added optimal optimality cut: factory=3, orders=[2, 5, 10, 13, 14], cost=206.09, theta_est=0.00
04/30/2026 12:57:42 PM INFO lbbd_cp_v2_solver - print: ***[Validated]*** obj=5622.71, delay=321.62, bound=6530.43, gap=16.14%, t=4.7s
04/30/2026 12:57:42 PM INFO lbbd_cp_v2_solver - print: >>>Parallel subproblem time: 0.015s for 3 factories
04/30/2026 12:57:42 PM INFO lbbd_cp_v2_solver - _callback: [Gurobi] H  244   163                    5622.6771797 6530.42874  16.1%   4.1    4s
04/30/2026 12:57:42 PM INFO lbbd_cp_v2_solver - print: >>>Parallel subproblem time: 0.015s for 3 factories
04/30/2026 12:57:42 PM INFO lbbd_cp_v2_solver - print:  Added feasibility cut: factory=3, conflict orders=[2, 4, 5, 10, 11, 15]
04/30/2026 12:57:42 PM INFO lbbd_cp_v2_solver - print: >>>Parallel subproblem time: 0.016s for 3 factories
04/30/2026 12:57:42 PM INFO lbbd_cp_v2_solver - print:  Added feasibility cut: factory=3, conflict orders=[2, 4, 5, 9, 10, 11]
04/30/2026 12:57:42 PM INFO lbbd_cp_v2_solver - print: >>>Parallel subproblem time: 0.016s for 3 factories
04/30/2026 12:57:42 PM INFO lbbd_cp_v2_solver - print:  Added optimal optimality cut: factory=3, orders=[2, 4, 5, 10, 14], cost=1948.14, theta_est=0.00
04/30/2026 12:57:42 PM INFO lbbd_cp_v2_solver - print: >>>Parallel subproblem time: 0.015s for 3 factories
04/30/2026 12:57:42 PM INFO lbbd_cp_v2_solver - print:  Added optimal optimality cut: factory=3, orders=[2, 4, 5, 7, 14], cost=2637.76, theta_est=0.00
04/30/2026 12:57:42 PM INFO lbbd_cp_v2_solver - print: >>>Parallel subproblem time: 0.031s for 3 factories
04/30/2026 12:57:42 PM INFO lbbd_cp_v2_solver - print:  Added optimal optimality cut: factory=3, orders=[2, 4, 5, 10, 11], cost=1738.25, theta_est=0.00
04/30/2026 12:57:42 PM INFO lbbd_cp_v2_solver - print: >>>Parallel subproblem time: 0.015s for 3 factories
04/30/2026 12:57:42 PM INFO lbbd_cp_v2_solver - print:  Added feasibility cut: factory=3, conflict orders=[2, 11, 12, 14]
04/30/2026 12:57:42 PM INFO lbbd_cp_v2_solver - print: >>>Parallel subproblem time: 0.062s for 3 factories
04/30/2026 12:57:42 PM INFO lbbd_cp_v2_solver - print:  Added optimal optimality cut: factory=2, orders=[2, 8, 9, 15], cost=582.20, theta_est=0.00
04/30/2026 12:57:42 PM INFO lbbd_cp_v2_solver - print:  Added optimal optimality cut: factory=3, orders=[4, 5, 7, 10, 13, 14], cost=2109.55, theta_est=0.00
04/30/2026 12:57:42 PM INFO lbbd_cp_v2_solver - print: >>>Parallel subproblem time: 0.031s for 3 factories
04/30/2026 12:57:42 PM INFO lbbd_cp_v2_solver - print:  Added optimal optimality cut: factory=3, orders=[2, 4, 10, 13, 14], cost=1824.32, theta_est=0.00
04/30/2026 12:57:42 PM INFO lbbd_cp_v2_solver - print: >>>Parallel subproblem time: 0.016s for 3 factories
04/30/2026 12:57:42 PM INFO lbbd_cp_v2_solver - print:  Added optimal optimality cut: factory=3, orders=[5, 7, 10, 11, 14], cost=217.65, theta_est=-0.00
04/30/2026 12:57:42 PM INFO lbbd_cp_v2_solver - print: >>>Parallel subproblem time: 0.015s for 3 factories
04/30/2026 12:57:42 PM INFO lbbd_cp_v2_solver - print:  Added optimal optimality cut: factory=3, orders=[4, 5, 10, 11, 14], cost=1170.18, theta_est=0.00
04/30/2026 12:57:42 PM INFO lbbd_cp_v2_solver - print: >>>Parallel subproblem time: 0.014s for 3 factories
04/30/2026 12:57:42 PM INFO lbbd_cp_v2_solver - print:  Added optimal optimality cut: factory=3, orders=[4, 5, 7, 11, 14], cost=1979.76, theta_est=0.00
04/30/2026 12:57:42 PM INFO lbbd_cp_v2_solver - print: >>>Parallel subproblem time: 0.015s for 3 factories
04/30/2026 12:57:42 PM INFO lbbd_cp_v2_solver - print:  Added feasibility cut: factory=3, conflict orders=[2, 5, 10, 11, 12, 13]
04/30/2026 12:57:42 PM INFO lbbd_cp_v2_solver - print: >>>Parallel subproblem time: 0.017s for 3 factories
04/30/2026 12:57:42 PM INFO lbbd_cp_v2_solver - print:  Added optimal optimality cut: factory=2, orders=[5, 6, 8, 9, 14], cost=582.84, theta_est=0.00
04/30/2026 12:57:42 PM INFO lbbd_cp_v2_solver - print:  Added feasibility cut: factory=3, conflict orders=[2, 4, 7, 11, 13, 15]
04/30/2026 12:57:42 PM INFO lbbd_cp_v2_solver - print: >>>Parallel subproblem time: 0.031s for 3 factories
04/30/2026 12:57:42 PM INFO lbbd_cp_v2_solver - print:  Added optimal optimality cut: factory=3, orders=[2, 5, 7, 10, 14], cost=1287.98, theta_est=0.00
04/30/2026 12:57:42 PM INFO lbbd_cp_v2_solver - print: >>>Parallel subproblem time: 0.016s for 3 factories
04/30/2026 12:57:42 PM INFO lbbd_cp_v2_solver - print:  Added optimal optimality cut: factory=3, orders=[2, 4, 5, 7, 10], cost=1941.07, theta_est=0.00
04/30/2026 12:57:42 PM INFO lbbd_cp_v2_solver - print: >>>Parallel subproblem time: 0.016s for 3 factories
04/30/2026 12:57:42 PM INFO lbbd_cp_v2_solver - print:  Added optimal optimality cut: factory=3, orders=[2, 4, 10, 11, 14], cost=1474.00, theta_est=0.00
04/30/2026 12:57:42 PM INFO lbbd_cp_v2_solver - print: >>>Parallel subproblem time: 0.015s for 3 factories
04/30/2026 12:57:42 PM INFO lbbd_cp_v2_solver - print:  Added feasibility cut: factory=3, conflict orders=[2, 4, 10, 12, 14]
04/30/2026 12:57:42 PM INFO lbbd_cp_v2_solver - print: >>>Parallel subproblem time: 0.016s for 3 factories
04/30/2026 12:57:42 PM INFO lbbd_cp_v2_solver - print:  Added feasibility cut: factory=3, conflict orders=[2, 4, 5, 13, 14]
04/30/2026 12:57:42 PM INFO lbbd_cp_v2_solver - print: >>>Parallel subproblem time: 0.016s for 3 factories
04/30/2026 12:57:42 PM INFO lbbd_cp_v2_solver - print:  Added optimal optimality cut: factory=3, orders=[2, 7, 9, 10, 14], cost=1664.14, theta_est=0.00
04/30/2026 12:57:42 PM INFO lbbd_cp_v2_solver - print: >>>Parallel subproblem time: 0.015s for 3 factories
04/30/2026 12:57:42 PM INFO lbbd_cp_v2_solver - print:  Added optimal optimality cut: factory=2, orders=[1, 5, 8, 9, 15], cost=224.04, theta_est=0.00
04/30/2026 12:57:42 PM INFO lbbd_cp_v2_solver - print: >>>Parallel subproblem time: 0.015s for 3 factories
04/30/2026 12:57:42 PM INFO lbbd_cp_v2_solver - print:  Added feasibility cut: factory=3, conflict orders=[2, 5, 7, 9, 12]
04/30/2026 12:57:42 PM INFO lbbd_cp_v2_solver - print: >>>Parallel subproblem time: 0.016s for 3 factories
04/30/2026 12:57:42 PM INFO lbbd_cp_v2_solver - print:  Added optimal optimality cut: factory=3, orders=[2, 4, 7, 14], cost=894.11, theta_est=0.00
04/30/2026 12:57:42 PM INFO lbbd_cp_v2_solver - print: >>>Parallel subproblem time: 0.016s for 3 factories
04/30/2026 12:57:42 PM INFO lbbd_cp_v2_solver - print:  Added optimal optimality cut: factory=3, orders=[2, 8, 10, 11, 14], cost=1668.37, theta_est=0.00
04/30/2026 12:57:42 PM INFO lbbd_cp_v2_solver - _callback: [Gurobi] 351   197 5712.56116    8   10 5622.67718 6467.62466  15.0%   3.9    5s
04/30/2026 12:57:42 PM INFO lbbd_cp_v2_solver - print: >>>Parallel subproblem time: 0.011s for 3 factories
04/30/2026 12:57:42 PM INFO lbbd_cp_v2_solver - print:  Added feasibility cut: factory=3, conflict orders=[4, 5, 10, 12, 13, 14]
04/30/2026 12:57:42 PM INFO lbbd_cp_v2_solver - print: >>>Parallel subproblem time: 0.016s for 3 factories
04/30/2026 12:57:42 PM INFO lbbd_cp_v2_solver - print:  Added optimal optimality cut: factory=3, orders=[2, 5, 7, 12, 14], cost=3022.14, theta_est=0.00
04/30/2026 12:57:42 PM INFO lbbd_cp_v2_solver - print: >>>Parallel subproblem time: 0.015s for 3 factories
04/30/2026 12:57:42 PM INFO lbbd_cp_v2_solver - print:  Added optimal optimality cut: factory=3, orders=[2, 5, 10, 12, 14], cost=2338.42, theta_est=0.00
04/30/2026 12:57:42 PM INFO lbbd_cp_v2_solver - print: >>>Parallel subproblem time: 0.016s for 3 factories
04/30/2026 12:57:42 PM INFO lbbd_cp_v2_solver - print:  Added optimal optimality cut: factory=2, orders=[1, 5, 8, 9, 14], cost=818.46, theta_est=0.00
04/30/2026 12:57:42 PM INFO lbbd_cp_v2_solver - print:  Added optimal optimality cut: factory=3, orders=[2, 4, 7, 10, 13, 15], cost=4000.56, theta_est=0.00
04/30/2026 12:57:42 PM INFO lbbd_cp_v2_solver - print: >>>Parallel subproblem time: 0.031s for 3 factories
04/30/2026 12:57:42 PM INFO lbbd_cp_v2_solver - print:  Added feasibility cut: factory=2, conflict orders=[2, 5, 9, 14, 15]
04/30/2026 12:57:42 PM INFO lbbd_cp_v2_solver - print:  Added optimal optimality cut: factory=3, orders=[4, 7, 10, 11, 13], cost=1602.92, theta_est=0.00
04/30/2026 12:57:42 PM INFO lbbd_cp_v2_solver - print: >>>Parallel subproblem time: 0.015s for 3 factories
04/30/2026 12:57:42 PM INFO lbbd_cp_v2_solver - print:  Added feasibility cut: factory=3, conflict orders=[5, 7, 11, 12, 13, 14]
04/30/2026 12:57:42 PM INFO lbbd_cp_v2_solver - print: >>>Parallel subproblem time: 0.016s for 3 factories
04/30/2026 12:57:42 PM INFO lbbd_cp_v2_solver - print:  Added optimal optimality cut: factory=3, orders=[2, 7, 10, 11, 12], cost=2410.79, theta_est=0.00
04/30/2026 12:57:42 PM INFO lbbd_cp_v2_solver - print: >>>Parallel subproblem time: 0.015s for 3 factories
04/30/2026 12:57:42 PM INFO lbbd_cp_v2_solver - print:  Added optimal optimality cut: factory=2, orders=[1, 2, 5, 8, 14], cost=2137.00, theta_est=0.00
04/30/2026 12:57:42 PM INFO lbbd_cp_v2_solver - print:  Added feasibility cut: factory=3, conflict orders=[4, 7, 9, 10, 11, 15]
04/30/2026 12:57:42 PM INFO lbbd_cp_v2_solver - print: >>>Parallel subproblem time: 0.016s for 3 factories
04/30/2026 12:57:42 PM INFO lbbd_cp_v2_solver - print:  Added optimal optimality cut: factory=3, orders=[2, 7, 9, 13, 14], cost=1868.43, theta_est=0.00
04/30/2026 12:57:42 PM INFO lbbd_cp_v2_solver - print: >>>Parallel subproblem time: 0.014s for 3 factories
04/30/2026 12:57:42 PM INFO lbbd_cp_v2_solver - print:  Added feasibility cut: factory=2, conflict orders=[1, 2, 5, 14, 15]
04/30/2026 12:57:42 PM INFO lbbd_cp_v2_solver - print:  Added feasibility cut: factory=3, conflict orders=[4, 7, 9, 11, 12]
04/30/2026 12:57:42 PM INFO lbbd_cp_v2_solver - print: >>>Parallel subproblem time: 0.016s for 3 factories
04/30/2026 12:57:42 PM INFO lbbd_cp_v2_solver - print:  Added optimal optimality cut: factory=3, orders=[2, 4, 10, 14], cost=515.76, theta_est=0.00
04/30/2026 12:57:42 PM INFO lbbd_cp_v2_solver - print: >>>Parallel subproblem time: 0.015s for 3 factories
04/30/2026 12:57:42 PM INFO lbbd_cp_v2_solver - print: ***[Validated]*** obj=5809.48, delay=115.52, bound=6467.62, gap=11.33%, t=5.4s
04/30/2026 12:57:42 PM INFO lbbd_cp_v2_solver - _callback: [Gurobi] *  412   204               7    5809.4815734 6467.62466  11.3%   3.9    5s
04/30/2026 12:57:42 PM INFO lbbd_cp_v2_solver - print: >>>Parallel subproblem time: 0.013s for 3 factories
04/30/2026 12:57:42 PM INFO lbbd_cp_v2_solver - print:  Added feasibility cut: factory=3, conflict orders=[2, 4, 5, 10, 12]
04/30/2026 12:57:42 PM INFO lbbd_cp_v2_solver - print: >>>Parallel subproblem time: 0.016s for 3 factories
04/30/2026 12:57:42 PM INFO lbbd_cp_v2_solver - print:  Added optimal optimality cut: factory=3, orders=[2, 5, 7, 11, 12], cost=2710.73, theta_est=0.00
04/30/2026 12:57:42 PM INFO lbbd_cp_v2_solver - print: >>>Parallel subproblem time: 0.015s for 3 factories
04/30/2026 12:57:42 PM INFO lbbd_cp_v2_solver - print:  Added feasibility cut: factory=3, conflict orders=[2, 4, 12, 14]
04/30/2026 12:57:42 PM INFO lbbd_cp_v2_solver - print: >>>Parallel subproblem time: 0.064s for 3 factories
04/30/2026 12:57:42 PM INFO lbbd_cp_v2_solver - print:  Added optimal optimality cut: factory=3, orders=[2, 4, 7, 11, 13], cost=2193.74, theta_est=0.00
04/30/2026 12:57:42 PM INFO lbbd_cp_v2_solver - print: >>>Parallel subproblem time: 0.016s for 3 factories
04/30/2026 12:57:42 PM INFO lbbd_cp_v2_solver - print:  Added optimal optimality cut: factory=3, orders=[2, 7, 11, 14, 15], cost=1791.80, theta_est=0.00
04/30/2026 12:57:42 PM INFO lbbd_cp_v2_solver - print: >>>Parallel subproblem time: 0.015s for 3 factories
04/30/2026 12:57:42 PM INFO lbbd_cp_v2_solver - print:  Added optimal optimality cut: factory=3, orders=[5, 7, 10, 12, 13, 14], cost=3212.87, theta_est=0.00
04/30/2026 12:57:42 PM INFO lbbd_cp_v2_solver - print: >>>Parallel subproblem time: 0.015s for 3 factories
04/30/2026 12:57:42 PM INFO lbbd_cp_v2_solver - print:  Added feasibility cut: factory=3, conflict orders=[2, 4, 10, 11, 12]
04/30/2026 12:57:42 PM INFO lbbd_cp_v2_solver - print: >>>Parallel subproblem time: 0.017s for 3 factories
04/30/2026 12:57:42 PM INFO lbbd_cp_v2_solver - print:  Added optimal optimality cut: factory=3, orders=[2, 7, 11, 14], cost=394.91, theta_est=0.00
04/30/2026 12:57:42 PM INFO lbbd_cp_v2_solver - print: >>>Parallel subproblem time: 0.015s for 3 factories
04/30/2026 12:57:42 PM INFO lbbd_cp_v2_solver - print:  Added optimal optimality cut: factory=3, orders=[4, 7, 10, 11, 14], cost=1951.75, theta_est=0.00
04/30/2026 12:57:43 PM INFO lbbd_cp_v2_solver - print: >>>Parallel subproblem time: 0.016s for 3 factories
04/30/2026 12:57:43 PM INFO lbbd_cp_v2_solver - print:  Added optimal optimality cut: factory=3, orders=[2, 4, 11, 14], cost=792.48, theta_est=0.00
04/30/2026 12:57:43 PM INFO lbbd_cp_v2_solver - print: >>>Parallel subproblem time: 0.014s for 3 factories
04/30/2026 12:57:43 PM INFO lbbd_cp_v2_solver - print:  Added feasibility cut: factory=3, conflict orders=[2, 7, 9, 12, 14]
04/30/2026 12:57:43 PM INFO lbbd_cp_v2_solver - print: >>>Parallel subproblem time: 0.016s for 3 factories
04/30/2026 12:57:43 PM INFO lbbd_cp_v2_solver - print:  Added optimal optimality cut: factory=3, orders=[2, 7, 8, 12, 14], cost=3453.06, theta_est=0.37
04/30/2026 12:57:43 PM INFO lbbd_cp_v2_solver - print: >>>Parallel subproblem time: 0.012s for 3 factories
04/30/2026 12:57:43 PM INFO lbbd_cp_v2_solver - print:  Added optimal optimality cut: factory=2, orders=[5, 8, 9, 14, 15], cost=587.50, theta_est=-0.00
04/30/2026 12:57:43 PM INFO lbbd_cp_v2_solver - print:  Added feasibility cut: factory=3, conflict orders=[2, 4, 11, 12, 13]
04/30/2026 12:57:43 PM INFO lbbd_cp_v2_solver - print: >>>Parallel subproblem time: 0.016s for 3 factories
04/30/2026 12:57:43 PM INFO lbbd_cp_v2_solver - print:  Added optimal optimality cut: factory=3, orders=[2, 7, 11, 12, 13], cost=1907.22, theta_est=0.00
04/30/2026 12:57:43 PM INFO lbbd_cp_v2_solver - print: >>>Parallel subproblem time: 0.015s for 3 factories
04/30/2026 12:57:43 PM INFO lbbd_cp_v2_solver - print:  Added feasibility cut: factory=3, conflict orders=[2, 4, 5, 11, 12]
04/30/2026 12:57:43 PM INFO lbbd_cp_v2_solver - print: >>>Parallel subproblem time: 0.033s for 3 factories
04/30/2026 12:57:43 PM INFO lbbd_cp_v2_solver - print:  Added optimal optimality cut: factory=3, orders=[2, 4, 7, 10, 13], cost=1874.65, theta_est=0.00
04/30/2026 12:57:43 PM INFO lbbd_cp_v2_solver - print: >>>Parallel subproblem time: 0.029s for 3 factories
04/30/2026 12:57:43 PM INFO lbbd_cp_v2_solver - print:  Added optimal optimality cut: factory=3, orders=[4, 5, 7, 10, 14], cost=1770.13, theta_est=0.00
04/30/2026 12:57:43 PM INFO lbbd_cp_v2_solver - print: >>>Parallel subproblem time: 0.015s for 3 factories
04/30/2026 12:57:43 PM INFO lbbd_cp_v2_solver - print:  Added optimal optimality cut: factory=3, orders=[2, 5, 7, 14], cost=619.03, theta_est=0.00
04/30/2026 12:57:43 PM INFO lbbd_cp_v2_solver - print: >>>Parallel subproblem time: 0.015s for 3 factories
04/30/2026 12:57:43 PM INFO lbbd_cp_v2_solver - print:  Added optimal optimality cut: factory=3, orders=[2, 5, 7, 10, 12], cost=2690.73, theta_est=0.00
04/30/2026 12:57:43 PM INFO lbbd_cp_v2_solver - print: >>>Parallel subproblem time: 0.016s for 3 factories
04/30/2026 12:57:43 PM INFO lbbd_cp_v2_solver - print:  Added optimal optimality cut: factory=3, orders=[2, 4, 5, 7, 13], cost=1937.45, theta_est=0.00
04/30/2026 12:57:43 PM INFO lbbd_cp_v2_solver - print: >>>Parallel subproblem time: 0.015s for 3 factories
04/30/2026 12:57:43 PM INFO lbbd_cp_v2_solver - print:  Added optimal optimality cut: factory=3, orders=[2, 7, 12, 14], cost=1328.92, theta_est=0.00
04/30/2026 12:57:43 PM INFO lbbd_cp_v2_solver - print: >>>Parallel subproblem time: 0.014s for 3 factories
04/30/2026 12:57:43 PM INFO lbbd_cp_v2_solver - print:  Added optimal optimality cut: factory=3, orders=[2, 4, 7, 11, 15], cost=2701.24, theta_est=0.00
04/30/2026 12:57:43 PM INFO lbbd_cp_v2_solver - print: >>>Parallel subproblem time: 0.015s for 3 factories
04/30/2026 12:57:43 PM INFO lbbd_cp_v2_solver - print:  Added feasibility cut: factory=3, conflict orders=[2, 4, 10, 11, 13, 15]
04/30/2026 12:57:43 PM INFO lbbd_cp_v2_solver - print: >>>Parallel subproblem time: 0.016s for 3 factories
04/30/2026 12:57:43 PM INFO lbbd_cp_v2_solver - print:  Added feasibility cut: factory=3, conflict orders=[2, 4, 5, 11, 13, 15]
04/30/2026 12:57:43 PM INFO lbbd_cp_v2_solver - print: >>>Parallel subproblem time: 0.015s for 3 factories
04/30/2026 12:57:43 PM INFO lbbd_cp_v2_solver - print:  Added feasibility cut: factory=3, conflict orders=[2, 5, 10, 11, 12, 15]
04/30/2026 12:57:43 PM INFO lbbd_cp_v2_solver - print: >>>Parallel subproblem time: 0.016s for 3 factories
04/30/2026 12:57:43 PM INFO lbbd_cp_v2_solver - print:  Added feasibility cut: factory=3, conflict orders=[2, 5, 12, 13, 14]
04/30/2026 12:57:43 PM INFO lbbd_cp_v2_solver - print: >>>Parallel subproblem time: 0.016s for 3 factories
04/30/2026 12:57:43 PM INFO lbbd_cp_v2_solver - print:  Added feasibility cut: factory=3, conflict orders=[5, 10, 11, 12, 13, 14]
04/30/2026 12:57:43 PM INFO lbbd_cp_v2_solver - print: >>>Parallel subproblem time: 0.016s for 3 factories
04/30/2026 12:57:43 PM INFO lbbd_cp_v2_solver - print:  Added optimal optimality cut: factory=3, orders=[2, 5, 7, 9, 11, 13], cost=2692.10, theta_est=0.00
04/30/2026 12:57:43 PM INFO lbbd_cp_v2_solver - print: >>>Parallel subproblem time: 0.014s for 3 factories
04/30/2026 12:57:43 PM INFO lbbd_cp_v2_solver - print:  Added feasibility cut: factory=3, conflict orders=[2, 4, 7, 12, 15]
04/30/2026 12:57:43 PM INFO lbbd_cp_v2_solver - print: >>>Parallel subproblem time: 0.016s for 3 factories
04/30/2026 12:57:43 PM INFO lbbd_cp_v2_solver - print:  Added feasibility cut: factory=3, conflict orders=[4, 5, 7, 12, 14]
04/30/2026 12:57:43 PM INFO lbbd_cp_v2_solver - print: >>>Parallel subproblem time: 0.016s for 3 factories
04/30/2026 12:57:43 PM INFO lbbd_cp_v2_solver - print:  Added feasibility cut: factory=3, conflict orders=[5, 7, 11, 12, 14]
04/30/2026 12:57:43 PM INFO lbbd_cp_v2_solver - _callback: [Gurobi] Cutting planes:
04/30/2026 12:57:43 PM INFO lbbd_cp_v2_solver - _callback: [Gurobi] Gomory: 1
04/30/2026 12:57:43 PM INFO lbbd_cp_v2_solver - _callback: [Gurobi] Cover: 1
04/30/2026 12:57:43 PM INFO lbbd_cp_v2_solver - _callback: [Gurobi] MIR: 12
04/30/2026 12:57:43 PM INFO lbbd_cp_v2_solver - _callback: [Gurobi] Lazy constraints: 300
04/30/2026 12:57:43 PM INFO lbbd_cp_v2_solver - _callback: [Gurobi] Explored 833 nodes (2850 simplex iterations) in 6.01 seconds (0.08 work units)
04/30/2026 12:57:43 PM INFO lbbd_cp_v2_solver - _callback: [Gurobi] Thread count was 20 (of 20 available processors)
04/30/2026 12:57:43 PM INFO lbbd_cp_v2_solver - _callback: [Gurobi] Solution count 10: 5809.48 5622.68 5379.24 ... 1880.02
04/30/2026 12:57:43 PM INFO lbbd_cp_v2_solver - _callback: [Gurobi] Optimal solution found (tolerance 1.00e-04)
04/30/2026 12:57:43 PM INFO lbbd_cp_v2_solver - _callback: [Gurobi] Best objective 5.809481573369e+03, best bound 5.809481573369e+03, gap 0.0000%
04/30/2026 12:57:43 PM INFO lbbd_cp_v2_solver - _callback: [Gurobi] User-callback calls 2251, time in user-callback 5.82 sec
04/30/2026 12:57:43 PM INFO lbbd_cp_v2_solver - print: 
04/30/2026 12:57:43 PM INFO lbbd_cp_v2_solver - print: ============================================================
04/30/2026 12:57:43 PM INFO lbbd_cp_v2_solver - print: Branch-and-Check LBBD Summary
04/30/2026 12:57:43 PM INFO lbbd_cp_v2_solver - print: ============================================================
04/30/2026 12:57:43 PM INFO lbbd_cp_v2_solver - print: Status: OPTIMAL
04/30/2026 12:57:43 PM INFO lbbd_cp_v2_solver - print: Runtime: 6.01s
04/30/2026 12:57:43 PM INFO lbbd_cp_v2_solver - print: Iterations: 229
04/30/2026 12:57:43 PM INFO lbbd_cp_v2_solver - print: Initial UB: 12997.04
04/30/2026 12:57:43 PM INFO lbbd_cp_v2_solver - print: Module times (s): preprocess=0.184, enhancement=0.007, modeling=0.013, solving=6.014
04/30/2026 12:57:43 PM INFO lbbd_cp_v2_solver - print: Master time: 0.269s
04/30/2026 12:57:43 PM INFO lbbd_cp_v2_solver - print: Average subproblem time: 0.0160s
04/30/2026 12:57:43 PM INFO lbbd_cp_v2_solver - print: Lazy cuts added: 300
04/30/2026 12:57:43 PM INFO lbbd_cp_v2_solver - print:   - feasibility cuts: 117
04/30/2026 12:57:43 PM INFO lbbd_cp_v2_solver - print:   - optimality cuts: 183
04/30/2026 12:57:43 PM INFO lbbd_cp_v2_solver - print: Subproblems solved: 684
04/30/2026 12:57:43 PM INFO lbbd_cp_v2_solver - print: Subproblem time total: 10.98s
04/30/2026 12:57:43 PM INFO lbbd_cp_v2_solver - print: Subproblem time avg: 0.0160s
04/30/2026 12:57:43 PM INFO lbbd_cp_v2_solver - print: Best objective: 5809.48
04/30/2026 12:57:43 PM INFO lbbd_cp_v2_solver - print: Best bound: 5809.48
04/30/2026 12:57:43 PM INFO lbbd_cp_v2_solver - print: Final MIP gap: 0.00%
04/30/2026 12:57:43 PM INFO lbbd_cp_v2_solver - print: ============================================================
04/30/2026 12:57:43 PM INFO lbbd_cp_v2_solver - print: 
04/30/2026 12:57:43 PM INFO lbbd_cp_v2_solver - print: ------------------------------------------------------------
04/30/2026 12:57:43 PM INFO lbbd_cp_v2_solver - print: Subproblem Diagnostics
04/30/2026 12:57:43 PM INFO lbbd_cp_v2_solver - print: ------------------------------------------------------------
04/30/2026 12:57:43 PM INFO lbbd_cp_v2_solver - print: Total subproblems: 684
04/30/2026 12:57:43 PM INFO lbbd_cp_v2_solver - print:   infeasible: 117 (17.11%)
04/30/2026 12:57:43 PM INFO lbbd_cp_v2_solver - print:   optimal: 567 (82.89%)
04/30/2026 12:57:43 PM INFO lbbd_cp_v2_solver - print: Avg subproblem gap: 0.00% (n=318)
04/30/2026 12:57:43 PM INFO lbbd_cp_v2_solver - print: Avg subproblem objective: 687.14 (n=567)
04/30/2026 12:57:43 PM INFO lbbd_cp_v2_solver - print: Avg subproblem bound: 687.14 (n=567)
04/30/2026 12:57:43 PM INFO lbbd_cp_v2_solver - print: Avg (obj - bound) / |obj|: 0.00%
04/30/2026 12:57:43 PM INFO lbbd_cp_v2_solver - print: ------------------------------------------------------------
