
Gurobi 10.0.1 (win64) logging started Sat Apr 25 19:24:56 2026

Set parameter LogFile to value "D:\Project_Code\Paper\DP_LBBD_1\DP_lbbd\Algorithm\Results\mip_v1\large\exp_7f_55j_seed2\log\exp_7f_55j_seed2_gurobi.log"
Set parameter LogToConsole to value 0
Gurobi Optimizer version 10.0.1 build v10.0.1rc0 (win64)

CPU model: Intel(R) Core(TM) Ultra 7 265KF, instruction set [SSE2|AVX|AVX2]
Thread count: 20 physical cores, 20 logical processors, using up to 20 threads

Optimize a model with 170660 rows, 85250 columns and 842150 nonzeros
Model fingerprint: 0x7256de65
Variable types: 1650 continuous, 83600 integer (83600 binary)
Coefficient statistics:
  Matrix range     [1e+00, 2e+02]
  Objective range  [1e+01, 2e+03]
  Bounds range     [1e+00, 2e+02]
  RHS range        [1e+00, 5e+02]
Found heuristic solution: objective -0.0000000
Presolve removed 92540 rows and 46135 columns
Presolve time: 1.01s
Presolved: 78120 rows, 39115 columns, 383656 nonzeros
Variable types: 1147 continuous, 37968 integer (37968 binary)

Deterministic concurrent LP optimizer: primal and dual simplex (primal and dual model)
Showing first log only...

Root relaxation presolved: 78120 rows, 39115 columns, 383656 nonzeros

Concurrent spin time: 0.04s

Solved with dual simplex (dual model)

Root relaxation: objective 2.637501e+04, 3748 iterations, 0.37 seconds (0.47 work units)

    Nodes    |    Current Node    |     Objective Bounds      |     Work
 Expl Unexpl |  Obj  Depth IntInf | Incumbent    BestBd   Gap | It/Node Time

     0     0 26375.0125    0  588   -0.00000 26375.0125      -     -    4s
H    0     0                    12483.239591 26375.0125   111%     -    4s
     0     0 26375.0125    0  476 12483.2396 26375.0125   111%     -    4s
H    0     0                    15047.488461 26375.0125  75.3%     -    7s
     0     0 26375.0125    0  491 15047.4885 26375.0125  75.3%     -    7s
     0     0 26375.0125    0  491 15047.4885 26375.0125  75.3%     -    8s
     0     0 26375.0125    0  455 15047.4885 26375.0125  75.3%     -    8s
     0     0 26375.0125    0  447 15047.4885 26375.0125  75.3%     -    9s
     0     0 26375.0125    0  646 15047.4885 26375.0125  75.3%     -    9s
     0     0 26375.0125    0  418 15047.4885 26375.0125  75.3%     -   10s
     0     0 26375.0125    0  419 15047.4885 26375.0125  75.3%     -   10s
     0     0 26375.0125    0  418 15047.4885 26375.0125  75.3%     -   11s
     0     0 26375.0125    0  462 15047.4885 26375.0125  75.3%     -   11s
     0     0 26375.0125    0  399 15047.4885 26375.0125  75.3%     -   12s
     0     0 26375.0125    0  439 15047.4885 26375.0125  75.3%     -   12s
     0     0 26375.0125    0  389 15047.4885 26375.0125  75.3%     -   13s
     0     0 26375.0125    0  376 15047.4885 26375.0125  75.3%     -   14s
H    0     0                    15285.302619 26375.0125  72.6%     -   14s
     0     2 26375.0125    0  376 15285.3026 26375.0125  72.6%     -   15s
H   51    72                    15553.682619 26375.0125  69.6%  1545   28s
H   52    72                    15706.803379 26375.0125  67.9%  1544   28s
H   58    72                    15784.684008 26375.0125  67.1%  1549   28s
H   66    72                    16409.444736 26375.0125  60.7%  1448   28s
   141   171 26370.4434    9  469 16409.4447 26375.0125  60.7%   939   31s
H  153   171                    16413.372882 26375.0125  60.7%   894   31s
   329   400 26369.1168   14  404 16413.3729 26375.0125  60.7%   572   36s
   743   804 26369.4776   22  464 16413.3729 26375.0125  60.7%   354   41s
  1089  1204 26367.1462   26  397 16413.3729 26375.0125  60.7%   277   45s
H 1606  1453                    16443.670581 26375.0125  60.4%   211   46s
  1820  1920 26269.9642   38  369 16443.6706 26375.0125  60.4%   194   50s
  2804  2708 25936.5870   65  357 16443.6706 26375.0125  60.4%   148   55s
  3414  3257 25606.2459   92  361 16443.6706 26375.0125  60.4%   134   61s
  4168  3973 24391.6158  122  306 16443.6706 26375.0125  60.4%   122   66s
  5185  4853 22705.5118  171  189 16443.6706 26375.0125  60.4%   109   73s
  5664  5329 19303.0414  195  152 16443.6706 26375.0125  60.4%   104   76s
  6308  5330 26133.8093   54  376 16443.6706 26375.0125  60.4%   101   94s
  6310  5331 25747.9434   30  692 16443.6706 26375.0125  60.4%   101  118s
  6312  5333 25235.5420   55  532 16443.6706 26375.0125  60.4%   101  121s
  6317  5337 26375.0125   18  281 16443.6706 26375.0125  60.4%   102  133s
  6319  5339 21672.9916  183  278 16443.6706 26375.0125  60.4%   102  135s
  6324  5342 25253.2032   92  224 16443.6706 26375.0125  60.4%   102  140s
  6330  5346 25577.9598   75  257 16443.6706 26375.0125  60.4%   102  146s
  6334  5349 23488.1465  153  283 16443.6706 26375.0125  60.4%   102  150s
  6339  5355 26375.0125   23  206 16443.6706 26375.0125  60.4%   8.6  155s
  6489  5473 26375.0125   30  192 16443.6706 26375.0125  60.4%  10.0  164s
  6549  5513 26375.0125   32  187 16443.6706 26375.0125  60.4%  10.3  166s
H 6939  5508                    16717.009601 26375.0125  57.8%  12.4  169s
  6970  5637 26375.0125   39  184 16717.0096 26375.0125  57.8%  12.5  170s
  7764  6031 26345.1371   53  176 16717.0096 26375.0125  57.8%  15.8  176s
H 7817  5758                    16861.555686 26375.0125  56.4%  15.9  176s
H 7865  5500                    17003.638164 26375.0125  55.1%  15.9  176s
  8285  6023 25635.3631   67  143 17003.6382 26375.0125  55.1%  16.3  180s
H 9017  5951                    17138.269500 26375.0125  53.9%  16.4  183s
H 9046  5724                    17196.029126 26375.0125  53.4%  16.5  183s
H 9155  5480                    17287.007880 26375.0125  52.6%  16.6  183s
  9166  5740 24970.8106   86  128 17287.0079 26375.0125  52.6%  16.6  185s
H 9185  5532                    17562.726261 26375.0125  50.2%  16.6  185s
 10358  6227 24966.4426  118  122 17562.7263 26375.0125  50.2%  18.5  190s
H10478  5992                    17707.272347 26375.0125  49.0%  18.6  191s
 11303  6859 24368.1379  138  144 17707.2723 26375.0125  49.0%  19.2  195s
H12192  6555                    17812.040993 26375.0125  48.1%  19.4  197s
 12235  7087 23689.8405  158  110 17812.0410 26375.0125  48.1%  19.5  200s
 13515  7621 23095.2721  183   91 17812.0410 26375.0125  48.1%  20.3  205s
H13664  7392                    17946.924716 26375.0125  47.0%  20.4  205s
 14873  8298 infeasible  210      17946.9247 26375.0125  47.0%  20.6  210s
H15177  8037                    17946.924720 26375.0125  47.0%  20.6  210s
 15716  8325 20630.4697  227   60 17946.9247 26375.0125  47.0%  21.0  246s
 16147  9280 26375.0125   48  227 17946.9247 26375.0125  47.0%  21.2  251s
 17281 10337 25286.6604  105  144 17946.9247 26375.0125  47.0%  21.6  256s
 18576 11510 21745.8343  180   86 17946.9247 26375.0125  47.0%  22.4  261s
 19872 12733 infeasible  272      17946.9247 26375.0125  47.0%  22.8  265s
 21307 13780 25928.6400   67  152 17946.9247 26375.0125  47.0%  23.6  270s
 22518 15163 25133.3416   88  170 17946.9247 26375.0125  47.0%  24.2  275s
 24100 17963 23755.9636  110  147 17946.9247 26375.0125  47.0%  24.8  288s
 27438 19210 infeasible  144      17946.9247 26375.0125  47.0%  25.4  293s
 28992 20494 19170.2409  167   83 17946.9247 26375.0125  47.0%  25.8  298s
 30561 20509 26136.1285   64  161 17946.9247 26375.0125  47.0%  25.9  303s
 30590 21887 26136.1285   65  159 17946.9247 26375.0125  47.0%  25.9  310s
 32224 23547 21418.8975  159  100 17946.9247 26375.0125  47.0%  26.0  317s
H32354 23547                    17946.924722 26375.0125  47.0%  26.0  317s
 34241 25267 21179.9888  124  113 17946.9247 26375.0125  47.0%  26.1  324s
 36456 26659 25205.8066  110  143 17946.9247 26375.0125  47.0%  26.4  331s
 37920 29108 24120.2713  146  120 17946.9247 26375.0125  47.0%  26.7  339s
 40501 30965 22215.5940  201   97 17946.9247 26375.0125  47.0%  26.7  347s
 42476 32959 21042.8657  249   61 17946.9247 26375.0125  47.0%  26.6  356s
 44776 34436 20805.6355  282   68 17946.9247 26375.0125  47.0%  26.5  366s
 46628 37003 19287.1038  314   61 17946.9247 26375.0125  47.0%  26.5  378s
 49908 42302 26268.6344   52  197 17946.9247 26375.0125  47.0%  26.5  877s
 56337 44689 24351.5388   73  147 17946.9247 26375.0125  47.0%  26.8  889s
 59187 47531 24983.8884  110  135 17946.9247 26375.0125  47.0%  27.0  901s
 62621 49961 20835.6294  161   91 17946.9247 26375.0125  47.0%  27.0  913s
 65397 52572 24966.8665  104  140 17946.9247 26375.0125  47.0%  27.1  925s
 68325 54820 22737.2806  153  115 17946.9247 26375.0125  47.0%  27.2  938s
 70801 57286 21436.7128  198   80 17946.9247 26375.0125  47.0%  27.1  950s
 73629 61871 26375.0125   58  181 17946.9247 26375.0125  47.0%  27.1  976s
 79163 64940 25255.1942   98  128 17946.9247 26375.0125  47.0%  27.0  992s
 82907 66538 24382.0207  110  135 17946.9247 26375.0125  47.0%  27.0 1006s
 85023 69284 25710.1644   76  168 17946.9247 26375.0125  47.0%  27.0 1019s
 88208 69304 25937.9426   80  159 17946.9247 26375.0125  47.0%  27.3 1030s
H88224 69001                    18187.957803 26375.0125  45.0%  27.3 1030s
 88228 71847 25937.9426   81  160 18187.9578 26375.0125  45.0%  27.3 1045s
 91160 74442 23151.4529  155  148 18187.9578 26375.0125  45.0%  27.3 1060s
H92877 74339                    18245.969243 26375.0125  44.6%  27.2 1060s
 94041 76936 21529.2354  223  117 18245.9692 26375.0125  44.6%  27.1 1077s
 97302 81715 18898.6636  274   85 18245.9692 26375.0125  44.6%  27.1 1108s
H97858 81626                    18277.708100 26375.0125  44.3%  27.1 1108s
 103127 84164 24805.0631  114  152 18277.7081 26375.0125  44.3%  27.2 1125s
 106131 86662 23983.1519  104  123 18277.7081 26375.0125  44.3%  27.2 1142s
H107906 85198                    18512.187408 26375.0125  42.5%  27.3 1142s
H109243 86976                    18617.038723 26375.0125  41.7%  27.3 1159s
 112283 89432 25776.3282   94  136 18617.0387 26375.0125  41.7%  27.4 1175s
 115193 91909 23412.8351  119  149 18617.0387 26375.0125  41.7%  27.4 1192s
 118180 94481 25184.5882   93  154 18617.0387 26375.0125  41.7%  27.5 1207s
 120830 98412 22282.2782  162  112 18617.0387 26375.0125  41.7%  27.6 1235s
 125350 101061 19247.8572  248   55 18617.0387 26375.0125  41.7%  27.4 1255s
 128709 103424 20718.9062  155  108 18617.0387 26375.0125  41.7%  27.5 1273s
 131527 105548 25436.1893  109  123 18617.0387 26375.0125  41.7%  27.7 1289s
 133887 107404 infeasible  168      18617.0387 26375.0125  41.7%  27.9 1307s
 136033 107478 19375.0131  218   75 18617.0387 26375.0125  41.7%  27.8 1320s
 136121 110274 20817.1671  219   81 18617.0387 26375.0125  41.7%  27.8 1342s
 139603 113513 22414.5906  161  122 18617.0387 26375.0125  41.7%  27.8 1365s
H142032 113015                    18674.898448 26375.0125  41.2%  27.9 1366s
 143326 116039 24356.1029  130  131 18674.8984 26375.0125  41.2%  28.0 1387s
 146429 119808 22151.1599  185  129 18674.8984 26375.0125  41.2%  27.9 1418s
 150840 122793 19372.1121  260   89 18674.8984 26375.0125  41.2%  27.8 1442s
 154440 125722 22603.8281  177  121 18674.8984 26375.0125  41.2%  27.8 1465s
H155179 125203                    18727.513709 26375.0125  40.8%  27.8 1465s
 158058 127551 23804.8836  151  139 18727.5137 26375.0125  40.8%  27.7 1486s
H158608 126079                    18870.263351 26375.0125  39.8%  27.7 1486s
 160839 128736 25862.4046   80  171 18870.2634 26375.0125  39.8%  27.7 1503s
 163689 131425 22768.4429  167  102 18870.2634 26375.0125  39.8%  27.8 1525s
H165502 131111                    18896.609230 26375.0125  39.6%  27.8 1525s
H166483 130535                    18953.401111 26375.0125  39.2%  27.8 1541s
H166484 130178                    18981.563258 26375.0125  39.0%  27.8 1541s
 166564 132487 21446.0966  222   88 18981.5633 26375.0125  39.0%  27.8 1563s
 169462 136632 26137.2492   84  167 18981.5633 26375.0125  39.0%  27.7 1597s
 174392 139053 23970.8691  117  158 18981.5633 26375.0125  39.0%  27.8 1621s
 177462 141593 24775.7928  106  144 18981.5633 26375.0125  39.0%  27.8 1644s
 180120 141593 26366.6178   74  202 18981.5633 26375.0125  39.0%  27.9 1645s
 180569 144105 22297.6556  155  134 18981.5633 26375.0125  39.0%  27.9 1668s
 183573 146536 22463.2358  134  120 18981.5633 26375.0125  39.0%  27.9 1692s
 186520 148956 22046.2216  164  132 18981.5633 26375.0125  39.0%  27.9 1715s
 189445 151166 25207.2506  137  138 18981.5633 26375.0125  39.0%  28.0 1739s
 191732 151323 23693.0443  188  128 18981.5633 26375.0125  39.0%  28.0 1756s
 191908 154186 23693.0443  189  130 18981.5633 26375.0125  39.0%  28.0 1778s
 195106 155767 22101.7220  227  114 18981.5633 26375.0125  39.0%  27.9 1800s

Cutting planes:
  Learned: 1
  Gomory: 24
  Lift-and-project: 19
  Cover: 2
  MIR: 29
  Flow cover: 40

Explored 197154 nodes (6170726 simplex iterations) in 1801.36 seconds (415.15 work units)
Thread count was 20 (of 20 available processors)

Solution count 10: 18981.6 18953.4 18896.6 ... 18246

Time limit reached
Best objective 1.898156325845e+04, best bound 2.637501251183e+04, gap 38.9507%
