05/02/2026 10:59:36 AM INFO proposed_lbbd_solver - setup_solver_logging: ================================================================================
05/02/2026 10:59:36 AM INFO proposed_lbbd_solver - setup_solver_logging: Logging started. Log file: D:\Project_Code\Paper\DP_LBBD_1\DP_lbbd\Algorithm\Results\proposed_lbbd\small\exp_3f_30j_seed1\log\exp_3f_30j_seed1_running.log
05/02/2026 10:59:36 AM INFO proposed_lbbd_solver - print: Feasible pairs: 67/90
05/02/2026 10:59:36 AM INFO proposed_lbbd_solver - print: [Preprocess] Infeasible assignment detected: order 19 → factory 1 (E=79.09 > deadline=77.80)
05/02/2026 10:59:36 AM INFO proposed_lbbd_solver - print: [Preprocess] Infeasible assignments detected: 1
05/02/2026 10:59:36 AM INFO proposed_lbbd_solver - print: [Preprocess] Unprofitable assignment detected: order 9 → factory 1
05/02/2026 10:59:36 AM INFO proposed_lbbd_solver - print: [Preprocess] Unprofitable assignment detected: order 12 → factory 1
05/02/2026 10:59:36 AM INFO proposed_lbbd_solver - print: [Preprocess] Unprofitable assignment detected: order 13 → factory 1
05/02/2026 10:59:36 AM INFO proposed_lbbd_solver - print: [Preprocess] Unprofitable assignment detected: order 19 → factory 1
05/02/2026 10:59:36 AM INFO proposed_lbbd_solver - print: [Preprocess] Unprofitable assignment detected: order 20 → factory 1
05/02/2026 10:59:36 AM INFO proposed_lbbd_solver - print: [Preprocess] Unprofitable assignment detected: order 22 → factory 1
05/02/2026 10:59:36 AM INFO proposed_lbbd_solver - print: [Preprocess] Unprofitable assignment detected: order 23 → factory 1
05/02/2026 10:59:36 AM INFO proposed_lbbd_solver - print: [Preprocess] Unprofitable assignment detected: order 27 → factory 1
05/02/2026 10:59:36 AM INFO proposed_lbbd_solver - print: [Preprocess] Unprofitable assignment detected: order 28 → factory 1
05/02/2026 10:59:36 AM INFO proposed_lbbd_solver - print: [Preprocess] Unprofitable assignment detected: order 28 → factory 2
05/02/2026 10:59:36 AM INFO proposed_lbbd_solver - print: [Preprocess] Unprofitable assignments: 10
05/02/2026 10:59:36 AM INFO proposed_lbbd_solver - print: [Preprocess] Unprofitable orders: 0
05/02/2026 10:59:36 AM INFO proposed_lbbd_solver - print: [Preprocess] High-risk orders: 15
05/02/2026 10:59:36 AM INFO proposed_lbbd_solver - print: [Preprocess] Pairwise conflict detected: order 7 and order 12 in factory 1
05/02/2026 10:59:36 AM INFO proposed_lbbd_solver - print: [Preprocess] Pairwise conflict detected: order 7 and order 19 in factory 1
05/02/2026 10:59:36 AM INFO proposed_lbbd_solver - print: [Preprocess] Pairwise conflict detected: order 12 and order 19 in factory 1
05/02/2026 10:59:36 AM INFO proposed_lbbd_solver - print: [Preprocess] Pairwise conflict detected: order 19 and order 20 in factory 1
05/02/2026 10:59:36 AM INFO proposed_lbbd_solver - print: [Preprocess] Pairwise conflict detected: order 19 and order 23 in factory 1
05/02/2026 10:59:36 AM INFO proposed_lbbd_solver - print: [Preprocess] Pairwise conflict detected: order 20 and order 23 in factory 1
05/02/2026 10:59:36 AM INFO proposed_lbbd_solver - print: [Preprocess] Pairwise conflict detected: order 19 and order 30 in factory 2
05/02/2026 10:59:36 AM INFO proposed_lbbd_solver - print: [Preprocess] Pairwise conflicts detected: 7
05/02/2026 10:59:36 AM INFO proposed_lbbd_solver - print: [Preprocess] Factory 1 has 2 clusters from 12 orders
05/02/2026 10:59:37 AM INFO proposed_lbbd_solver - print: [Preprocess] Cluster conflict detected: factory 1, orders [1, 2, 6, 10, 14, 15, 21, 24, 30]
05/02/2026 10:59:37 AM INFO proposed_lbbd_solver - print: [Preprocess] Factory 2 has 5 clusters from 27 orders
05/02/2026 10:59:37 AM INFO proposed_lbbd_solver - print: [Preprocess] Cluster conflict detected: factory 2, orders [5, 7, 8, 11, 16, 17, 26, 27, 29]
05/02/2026 10:59:37 AM INFO proposed_lbbd_solver - print: [Preprocess] Cluster conflict detected: factory 2, orders [2, 3, 4, 6, 9, 13, 25, 30]
05/02/2026 10:59:37 AM INFO proposed_lbbd_solver - print: [Preprocess] Cluster conflict detected: factory 2, orders [1, 10, 15, 19, 21, 24]
05/02/2026 10:59:37 AM INFO proposed_lbbd_solver - print: [Preprocess] Factory 3 has 3 clusters from 18 orders
05/02/2026 10:59:37 AM INFO proposed_lbbd_solver - print: [Preprocess] Cluster conflict detected: factory 3, orders [9, 10, 12, 15, 19, 24, 28]
05/02/2026 10:59:37 AM INFO proposed_lbbd_solver - print: [Preprocess] Cluster conflict detected: factory 3, orders [5, 8, 13, 16, 25, 30]
05/02/2026 10:59:37 AM INFO proposed_lbbd_solver - print: [Preprocess] Cluster conflict detected: factory 3, orders [7, 11, 18, 27, 29]
05/02/2026 10:59:37 AM INFO proposed_lbbd_solver - print: [Preprocess] Cluster conflicts detected: 7
05/02/2026 10:59:37 AM INFO proposed_lbbd_solver - print: [Master Enhancement] Capacity feasibility enhancement constrains: 1538
05/02/2026 10:59:37 AM INFO proposed_lbbd_solver - print: [Master Modeling] Earliest completion lower bounds constraints: 1
05/02/2026 10:59:37 AM INFO proposed_lbbd_solver - print: [Master Modeling] Makespan-based delay bounds constraints: 10
05/02/2026 10:59:37 AM INFO proposed_lbbd_solver - print: [Master Enhancement] Lower bound delay cost enhancement constrains: 2049
05/02/2026 10:59:37 AM INFO proposed_lbbd_solver - print: 
05/02/2026 10:59:37 AM INFO proposed_lbbd_solver - print: [Model Statistics]
05/02/2026 10:59:37 AM INFO proposed_lbbd_solver - print:   Variables: 106
05/02/2026 10:59:37 AM INFO proposed_lbbd_solver - print:   Constraints: 3651
05/02/2026 10:59:37 AM INFO proposed_lbbd_solver - print: 
05/02/2026 10:59:37 AM INFO proposed_lbbd_solver - print: [Preprocess Statistics]
05/02/2026 10:59:37 AM INFO proposed_lbbd_solver - print:   Infeasible eliminated: 1
05/02/2026 10:59:37 AM INFO proposed_lbbd_solver - print:   Unprofitable orders: 0
05/02/2026 10:59:37 AM INFO proposed_lbbd_solver - print:   Unprofitable assignments: 10
05/02/2026 10:59:37 AM INFO proposed_lbbd_solver - print:   Pairwise conflicts: 7
05/02/2026 10:59:37 AM INFO proposed_lbbd_solver - print:   Cluster conflicts: 7
05/02/2026 10:59:37 AM INFO proposed_lbbd_solver - print: 
05/02/2026 10:59:37 AM INFO proposed_lbbd_solver - print: [Master Enhancement Statistics]
05/02/2026 10:59:37 AM INFO proposed_lbbd_solver - print:   Capacity feasibility enhancement constrains: 1538
05/02/2026 10:59:37 AM INFO proposed_lbbd_solver - print:   Lower bound delay cost enhancement constrains: 2049
05/02/2026 10:59:37 AM INFO proposed_lbbd_solver - _callback: [Gurobi] Gurobi Optimizer version 10.0.1 build v10.0.1rc0 (win64)
05/02/2026 10:59:37 AM INFO proposed_lbbd_solver - _callback: [Gurobi] CPU model: Intel(R) Core(TM) Ultra 7 265KF, instruction set [SSE2|AVX|AVX2]
05/02/2026 10:59:37 AM INFO proposed_lbbd_solver - _callback: [Gurobi] Thread count: 20 physical cores, 20 logical processors, using up to 20 threads
05/02/2026 10:59:37 AM INFO proposed_lbbd_solver - _callback: [Gurobi] Optimize a model with 3651 rows, 106 columns and 35692 nonzeros
05/02/2026 10:59:37 AM INFO proposed_lbbd_solver - _callback: [Gurobi] Model fingerprint: 0x06a0f323
05/02/2026 10:59:37 AM INFO proposed_lbbd_solver - _callback: [Gurobi] Variable types: 9 continuous, 97 integer (97 binary)
05/02/2026 10:59:37 AM INFO proposed_lbbd_solver - _callback: [Gurobi] Coefficient statistics:
05/02/2026 10:59:37 AM INFO proposed_lbbd_solver - _callback: [Gurobi] Matrix range     [1e+00, 1e+03]
05/02/2026 10:59:37 AM INFO proposed_lbbd_solver - _callback: [Gurobi] Objective range  [1e+00, 2e+03]
05/02/2026 10:59:37 AM INFO proposed_lbbd_solver - _callback: [Gurobi] Bounds range     [1e+00, 2e+04]
05/02/2026 10:59:37 AM INFO proposed_lbbd_solver - _callback: [Gurobi] RHS range        [1e+00, 4e+03]
05/02/2026 10:59:37 AM INFO proposed_lbbd_solver - print: ***[Validated]*** obj=0.00, delay=0.00, bound=10000000000000000159028911097599180468360808563945281389781327557747838772170381060813469985856815104.00, gap=999999999999999977049513265245336628446842719924150006129995974731993452180789911303261294481511546880.00%, t=0.0s
05/02/2026 10:59:37 AM INFO proposed_lbbd_solver - _callback: [Gurobi] Found heuristic solution: objective -0.0000000
05/02/2026 10:59:37 AM INFO proposed_lbbd_solver - _callback: [Gurobi] Presolve removed 747 rows and 19 columns
05/02/2026 10:59:37 AM INFO proposed_lbbd_solver - _callback: [Gurobi] Presolve time: 0.03s
05/02/2026 10:59:37 AM INFO proposed_lbbd_solver - _callback: [Gurobi] Presolved: 2904 rows, 87 columns, 30009 nonzeros
05/02/2026 10:59:37 AM INFO proposed_lbbd_solver - _callback: [Gurobi] Variable types: 9 continuous, 78 integer (78 binary)
05/02/2026 10:59:37 AM INFO proposed_lbbd_solver - print: >>>Parallel subproblem time: 0.018s for 3 factories
05/02/2026 10:59:37 AM INFO proposed_lbbd_solver - print:  Added optimal optimality cut: factory=1, orders=[1, 6, 14], cost=5.85, theta_est=0.00
05/02/2026 10:59:37 AM INFO proposed_lbbd_solver - print:  Added optimal optimality cut: factory=2, orders=[4, 5, 20, 22, 26], cost=218.93, theta_est=0.00
05/02/2026 10:59:37 AM INFO proposed_lbbd_solver - print: ***[Validated]*** obj=7512.67, delay=224.77, bound=29909.94, gap=298.13%, t=0.1s
05/02/2026 10:59:37 AM INFO proposed_lbbd_solver - _callback: [Gurobi] Root relaxation presolved: 2906 rows, 87 columns, 30019 nonzeros
05/02/2026 10:59:37 AM INFO proposed_lbbd_solver - _callback: [Gurobi] Root relaxation: objective 9.963984e+03, 87 iterations, 0.01 seconds (0.01 work units)
05/02/2026 10:59:37 AM INFO proposed_lbbd_solver - _callback: [Gurobi] Nodes    |    Current Node    |     Objective Bounds      |     Work
05/02/2026 10:59:37 AM INFO proposed_lbbd_solver - _callback: [Gurobi] Expl Unexpl |  Obj  Depth IntInf | Incumbent    BestBd   Gap | It/Node Time
05/02/2026 10:59:37 AM INFO proposed_lbbd_solver - _callback: [Gurobi] 0     0 9963.98367    0   23   -0.00000 9963.98367      -     -    0s
05/02/2026 10:59:37 AM INFO proposed_lbbd_solver - print: >>>Parallel subproblem time: 0.016s for 3 factories
05/02/2026 10:59:37 AM INFO proposed_lbbd_solver - print:  Added optimal optimality cut: factory=1, orders=[5, 6, 14, 17], cost=72.96, theta_est=61.07
05/02/2026 10:59:37 AM INFO proposed_lbbd_solver - print:  Added optimal optimality cut: factory=2, orders=[3, 4, 9, 21, 22, 26], cost=2170.36, theta_est=555.01
05/02/2026 10:59:37 AM INFO proposed_lbbd_solver - print: >>>Parallel subproblem time: 0.012s for 3 factories
05/02/2026 10:59:37 AM INFO proposed_lbbd_solver - _callback: [Gurobi] H    0     0                    6510.2295762 9963.98367  53.1%     -    0s
05/02/2026 10:59:37 AM INFO proposed_lbbd_solver - print: >>>Parallel subproblem time: 0.012s for 3 factories
05/02/2026 10:59:37 AM INFO proposed_lbbd_solver - print:  Added optimal optimality cut: factory=1, orders=[1, 5, 6, 14, 17, 24], cost=1245.40, theta_est=468.50
05/02/2026 10:59:37 AM INFO proposed_lbbd_solver - print:  Added optimal optimality cut: factory=3, orders=[7, 8, 12, 15, 19, 30], cost=1200.54, theta_est=150.28
05/02/2026 10:59:37 AM INFO proposed_lbbd_solver - print: >>>Parallel subproblem time: 0.011s for 3 factories
05/02/2026 10:59:37 AM INFO proposed_lbbd_solver - print:  Added feasibility cut: factory=1, conflict orders=[1, 5, 6, 14, 17, 24, 30]
05/02/2026 10:59:37 AM INFO proposed_lbbd_solver - print:  Added optimal optimality cut: factory=3, orders=[7, 8, 11, 12, 15, 19], cost=1691.74, theta_est=124.90
05/02/2026 10:59:37 AM INFO proposed_lbbd_solver - print: >>>Parallel subproblem time: 0.013s for 3 factories
05/02/2026 10:59:37 AM INFO proposed_lbbd_solver - print:  Added optimal optimality cut: factory=2, orders=[3, 4, 5, 9, 21, 22, 26], cost=2457.73, theta_est=2170.36
05/02/2026 10:59:37 AM INFO proposed_lbbd_solver - print: >>>Parallel subproblem time: 0.013s for 3 factories
05/02/2026 10:59:37 AM INFO proposed_lbbd_solver - print:  Added optimal optimality cut: factory=1, orders=[1, 5, 6, 14, 17], cost=511.89, theta_est=247.93
05/02/2026 10:59:37 AM INFO proposed_lbbd_solver - print:  Added optimal optimality cut: factory=2, orders=[3, 4, 9, 15, 21, 22, 26], cost=3360.34, theta_est=2170.36
05/02/2026 10:59:37 AM INFO proposed_lbbd_solver - print: >>>Parallel subproblem time: 0.012s for 3 factories
05/02/2026 10:59:37 AM INFO proposed_lbbd_solver - print:  Added optimal optimality cut: factory=3, orders=[7, 8, 11, 15, 19, 27, 30], cost=169.22, theta_est=147.36
05/02/2026 10:59:37 AM INFO proposed_lbbd_solver - print: >>>Parallel subproblem time: 0.014s for 3 factories
05/02/2026 10:59:37 AM INFO proposed_lbbd_solver - _callback: [Gurobi] H    0     0                    7231.8230025 9963.98367  37.8%     -    0s
05/02/2026 10:59:37 AM INFO proposed_lbbd_solver - _callback: [Gurobi] 0     0 9840.80334    0   26 7231.82300 9840.80334  36.1%     -    0s
05/02/2026 10:59:37 AM INFO proposed_lbbd_solver - print: >>>Parallel subproblem time: 0.017s for 3 factories
05/02/2026 10:59:37 AM INFO proposed_lbbd_solver - _callback: [Gurobi] H    0     0                    7512.6430945 9840.80334  31.0%     -    0s
05/02/2026 10:59:38 AM INFO proposed_lbbd_solver - print: >>>Parallel subproblem time: 0.025s for 3 factories
05/02/2026 10:59:38 AM INFO proposed_lbbd_solver - print:  Added optimal optimality cut: factory=1, orders=[1, 6, 14, 17, 24], cost=1154.55, theta_est=318.20
05/02/2026 10:59:38 AM INFO proposed_lbbd_solver - print:  Added optimal optimality cut: factory=2, orders=[3, 4, 5, 21, 22, 26], cost=775.38, theta_est=229.15
05/02/2026 10:59:38 AM INFO proposed_lbbd_solver - print:  Added feasibility cut: factory=3, conflict orders=[7, 8, 12, 15, 19, 29, 30]
05/02/2026 10:59:38 AM INFO proposed_lbbd_solver - print: >>>Parallel subproblem time: 0.020s for 3 factories
05/02/2026 10:59:38 AM INFO proposed_lbbd_solver - print:  Added optimal optimality cut: factory=1, orders=[1, 6, 14, 24], cost=1154.55, theta_est=222.24
05/02/2026 10:59:38 AM INFO proposed_lbbd_solver - print:  Added optimal optimality cut: factory=2, orders=[4, 5, 20, 21, 22, 26], cost=1733.84, theta_est=502.12
05/02/2026 10:59:38 AM INFO proposed_lbbd_solver - print:  Added optimal optimality cut: factory=3, orders=[7, 8, 12, 15, 19, 29], cost=1831.89, theta_est=62.59
05/02/2026 10:59:38 AM INFO proposed_lbbd_solver - _callback: [Gurobi] 0     0 9689.94266    0   31 7512.64309 9689.94266  29.0%     -    0s
05/02/2026 10:59:38 AM INFO proposed_lbbd_solver - _callback: [Gurobi] 0     0 9682.66894    0   29 7512.64309 9682.66894  28.9%     -    0s
05/02/2026 10:59:38 AM INFO proposed_lbbd_solver - _callback: [Gurobi] 0     0 9677.87987    0   27 7512.64309 9677.87987  28.8%     -    0s
05/02/2026 10:59:38 AM INFO proposed_lbbd_solver - _callback: [Gurobi] 0     0 9674.33950    0   26 7512.64309 9674.33950  28.8%     -    0s
05/02/2026 10:59:38 AM INFO proposed_lbbd_solver - _callback: [Gurobi] 0     0 9636.45215    0   24 7512.64309 9636.45215  28.3%     -    0s
05/02/2026 10:59:38 AM INFO proposed_lbbd_solver - print: >>>Parallel subproblem time: 0.013s for 3 factories
05/02/2026 10:59:38 AM INFO proposed_lbbd_solver - print: ***[Validated]*** obj=7611.59, delay=175.61, bound=9636.45, gap=26.60%, t=0.4s
05/02/2026 10:59:38 AM INFO proposed_lbbd_solver - _callback: [Gurobi] H    0     0                    7562.3916504 9636.45215  27.4%     -    0s
05/02/2026 10:59:38 AM INFO proposed_lbbd_solver - print: >>>Parallel subproblem time: 0.013s for 3 factories
05/02/2026 10:59:38 AM INFO proposed_lbbd_solver - print:  Added optimal optimality cut: factory=1, orders=[1, 6, 14, 17], cost=322.34, theta_est=97.63
05/02/2026 10:59:38 AM INFO proposed_lbbd_solver - print:  Added optimal optimality cut: factory=2, orders=[3, 9, 12, 21, 22, 26], cost=974.80, theta_est=378.73
05/02/2026 10:59:38 AM INFO proposed_lbbd_solver - print: ***[Validated]*** obj=8390.44, delay=1466.36, bound=9636.45, gap=14.85%, t=0.4s
05/02/2026 10:59:38 AM INFO proposed_lbbd_solver - print: >>>Parallel subproblem time: 0.011s for 3 factories
05/02/2026 10:59:38 AM INFO proposed_lbbd_solver - _callback: [Gurobi] H    0     0                    8390.4394534 9636.45215  14.9%     -    0s
05/02/2026 10:59:38 AM INFO proposed_lbbd_solver - print: >>>Parallel subproblem time: 0.009s for 3 factories
05/02/2026 10:59:38 AM INFO proposed_lbbd_solver - print:  Added optimal optimality cut: factory=2, orders=[2, 3, 9, 12, 21, 22, 26], cost=2765.40, theta_est=974.80
05/02/2026 10:59:38 AM INFO proposed_lbbd_solver - print:  Added feasibility cut: factory=3, conflict orders=[7, 8, 11, 15, 19, 27, 29, 30]
05/02/2026 10:59:38 AM INFO proposed_lbbd_solver - print: >>>Parallel subproblem time: 0.011s for 3 factories
05/02/2026 10:59:38 AM INFO proposed_lbbd_solver - print:  Added optimal optimality cut: factory=2, orders=[2, 3, 9, 21, 22, 26], cost=1082.61, theta_est=564.27
05/02/2026 10:59:38 AM INFO proposed_lbbd_solver - print:  Added optimal optimality cut: factory=3, orders=[7, 8, 11, 12, 15, 27, 30], cost=1988.56, theta_est=369.99
05/02/2026 10:59:38 AM INFO proposed_lbbd_solver - print: >>>Parallel subproblem time: 0.010s for 3 factories
05/02/2026 10:59:38 AM INFO proposed_lbbd_solver - print:  Added optimal optimality cut: factory=3, orders=[7, 8, 11, 12, 15, 30], cost=1582.17, theta_est=259.67
05/02/2026 10:59:38 AM INFO proposed_lbbd_solver - _callback: [Gurobi] 0     0 9583.75982    0   24 8390.43945 9583.75982  14.2%     -    0s
05/02/2026 10:59:38 AM INFO proposed_lbbd_solver - _callback: [Gurobi] 0     0 9582.06362    0   26 8390.43945 9582.06362  14.2%     -    0s
05/02/2026 10:59:38 AM INFO proposed_lbbd_solver - _callback: [Gurobi] 0     0 9579.59215    0   30 8390.43945 9579.59215  14.2%     -    0s
05/02/2026 10:59:38 AM INFO proposed_lbbd_solver - _callback: [Gurobi] 0     0 9576.39116    0   29 8390.43945 9576.39116  14.1%     -    0s
05/02/2026 10:59:38 AM INFO proposed_lbbd_solver - _callback: [Gurobi] 0     0 9574.93688    0   29 8390.43945 9574.93688  14.1%     -    0s
05/02/2026 10:59:38 AM INFO proposed_lbbd_solver - _callback: [Gurobi] 0     0 9574.33627    0   31 8390.43945 9574.33627  14.1%     -    0s
05/02/2026 10:59:38 AM INFO proposed_lbbd_solver - _callback: [Gurobi] 0     0 9574.05250    0   30 8390.43945 9574.05250  14.1%     -    0s
05/02/2026 10:59:38 AM INFO proposed_lbbd_solver - _callback: [Gurobi] 0     0 9507.87905    0   29 8390.43945 9507.87905  13.3%     -    0s
05/02/2026 10:59:38 AM INFO proposed_lbbd_solver - print: >>>Parallel subproblem time: 0.017s for 3 factories
05/02/2026 10:59:38 AM INFO proposed_lbbd_solver - print:  Added optimal optimality cut: factory=2, orders=[2, 3, 4, 12, 21, 22], cost=1744.83, theta_est=593.35
05/02/2026 10:59:38 AM INFO proposed_lbbd_solver - print:  Added optimal optimality cut: factory=3, orders=[7, 8, 15, 19, 27, 29, 30], cost=172.04, theta_est=85.95
05/02/2026 10:59:38 AM INFO proposed_lbbd_solver - _callback: [Gurobi] 0     0 9502.09984    0   31 8390.43945 9502.09984  13.2%     -    0s
05/02/2026 10:59:38 AM INFO proposed_lbbd_solver - _callback: [Gurobi] 0     0 9501.57211    0   31 8390.43945 9501.57211  13.2%     -    0s
05/02/2026 10:59:38 AM INFO proposed_lbbd_solver - _callback: [Gurobi] 0     0 9501.51924    0   31 8390.43945 9501.51924  13.2%     -    0s
05/02/2026 10:59:38 AM INFO proposed_lbbd_solver - _callback: [Gurobi] 0     0 9478.46398    0   29 8390.43945 9478.46398  13.0%     -    0s
05/02/2026 10:59:38 AM INFO proposed_lbbd_solver - print: >>>Parallel subproblem time: 0.022s for 3 factories
05/02/2026 10:59:38 AM INFO proposed_lbbd_solver - print:  Added optimal optimality cut: factory=1, orders=[1, 5, 6, 14], cost=25.14, theta_est=5.85
05/02/2026 10:59:38 AM INFO proposed_lbbd_solver - print:  Added feasibility cut: factory=2, conflict orders=[3, 4, 12, 17, 21, 22, 26]
05/02/2026 10:59:38 AM INFO proposed_lbbd_solver - _callback: [Gurobi] 0     0 9477.05112    0   27 8390.43945 9477.05112  13.0%     -    0s
05/02/2026 10:59:38 AM INFO proposed_lbbd_solver - _callback: [Gurobi] 0     0 9472.84894    0   26 8390.43945 9472.84894  12.9%     -    0s
05/02/2026 10:59:38 AM INFO proposed_lbbd_solver - _callback: [Gurobi] 0     0 9467.81639    0   27 8390.43945 9467.81639  12.8%     -    0s
05/02/2026 10:59:38 AM INFO proposed_lbbd_solver - _callback: [Gurobi] 0     0 9460.76829    0   24 8390.43945 9460.76829  12.8%     -    0s
05/02/2026 10:59:38 AM INFO proposed_lbbd_solver - _callback: [Gurobi] 0     0 9457.28189    0   28 8390.43945 9457.28189  12.7%     -    0s
05/02/2026 10:59:38 AM INFO proposed_lbbd_solver - _callback: [Gurobi] 0     0 9454.89523    0   28 8390.43945 9454.89523  12.7%     -    0s
05/02/2026 10:59:38 AM INFO proposed_lbbd_solver - _callback: [Gurobi] 0     0 9450.52747    0   28 8390.43945 9450.52747  12.6%     -    0s
05/02/2026 10:59:38 AM INFO proposed_lbbd_solver - _callback: [Gurobi] 0     0 9449.96516    0   28 8390.43945 9449.96516  12.6%     -    0s
05/02/2026 10:59:38 AM INFO proposed_lbbd_solver - _callback: [Gurobi] 0     0 9449.90360    0   28 8390.43945 9449.90360  12.6%     -    0s
05/02/2026 10:59:38 AM INFO proposed_lbbd_solver - _callback: [Gurobi] 0     0 9449.90360    0   28 8390.43945 9449.90360  12.6%     -    0s
05/02/2026 10:59:38 AM INFO proposed_lbbd_solver - print: >>>Parallel subproblem time: 0.016s for 3 factories
05/02/2026 10:59:38 AM INFO proposed_lbbd_solver - print:  Added optimal optimality cut: factory=1, orders=[5, 6, 14, 17, 24], cost=1154.55, theta_est=222.24
05/02/2026 10:59:38 AM INFO proposed_lbbd_solver - print:  Added optimal optimality cut: factory=2, orders=[9, 12, 20, 21, 22, 26], cost=1775.92, theta_est=880.79
05/02/2026 10:59:38 AM INFO proposed_lbbd_solver - print: >>>Parallel subproblem time: 0.025s for 3 factories
05/02/2026 10:59:38 AM INFO proposed_lbbd_solver - print:  Added optimal optimality cut: factory=1, orders=[1, 5, 6, 14, 17, 21], cost=1849.32, theta_est=880.74
05/02/2026 10:59:38 AM INFO proposed_lbbd_solver - print:  Added feasibility cut: factory=2, conflict orders=[2, 4, 9, 12, 22, 29]
05/02/2026 10:59:38 AM INFO proposed_lbbd_solver - print: >>>Parallel subproblem time: 0.021s for 3 factories
05/02/2026 10:59:38 AM INFO proposed_lbbd_solver - print:  Added optimal optimality cut: factory=2, orders=[3, 4, 5, 12, 21, 22, 26], cost=3189.34, theta_est=775.38
05/02/2026 10:59:38 AM INFO proposed_lbbd_solver - print: >>>Parallel subproblem time: 0.025s for 3 factories
05/02/2026 10:59:38 AM INFO proposed_lbbd_solver - print:  Added optimal optimality cut: factory=2, orders=[3, 5, 12, 21, 22, 26], cost=807.57, theta_est=158.53
05/02/2026 10:59:38 AM INFO proposed_lbbd_solver - print: ***[Validated]*** obj=8395.18, delay=1299.12, bound=9449.90, gap=12.56%, t=0.9s
05/02/2026 10:59:38 AM INFO proposed_lbbd_solver - print: >>>Parallel subproblem time: 0.025s for 3 factories
05/02/2026 10:59:38 AM INFO proposed_lbbd_solver - print:  Added optimal optimality cut: factory=2, orders=[2, 3, 5, 12, 21, 22, 26], cost=2419.82, theta_est=807.57
05/02/2026 10:59:38 AM INFO proposed_lbbd_solver - print: >>>Parallel subproblem time: 0.022s for 3 factories
05/02/2026 10:59:38 AM INFO proposed_lbbd_solver - print:  Added optimal optimality cut: factory=2, orders=[2, 3, 12, 21, 22, 26], cost=1235.50, theta_est=478.49
05/02/2026 10:59:38 AM INFO proposed_lbbd_solver - print: >>>Parallel subproblem time: 0.024s for 3 factories
05/02/2026 10:59:38 AM INFO proposed_lbbd_solver - print:  Added optimal optimality cut: factory=2, orders=[3, 4, 12, 21, 22, 26], cost=2067.30, theta_est=589.55
05/02/2026 10:59:38 AM INFO proposed_lbbd_solver - print: >>>Parallel subproblem time: 0.023s for 3 factories
05/02/2026 10:59:38 AM INFO proposed_lbbd_solver - _callback: [Gurobi] H    0     2                    8395.1472532 9449.90360  12.6%     -    1s
05/02/2026 10:59:38 AM INFO proposed_lbbd_solver - _callback: [Gurobi] 0     2 9449.90360    0   28 8395.14725 9449.90360  12.6%     -    1s
05/02/2026 10:59:38 AM INFO proposed_lbbd_solver - print: >>>Parallel subproblem time: 0.018s for 3 factories
05/02/2026 10:59:38 AM INFO proposed_lbbd_solver - print:  Added optimal optimality cut: factory=2, orders=[3, 4, 17, 21, 22, 26], cost=2009.08, theta_est=419.03
05/02/2026 10:59:38 AM INFO proposed_lbbd_solver - print: >>>Parallel subproblem time: 0.014s for 3 factories
05/02/2026 10:59:38 AM INFO proposed_lbbd_solver - print:  Added optimal optimality cut: factory=2, orders=[3, 12, 17, 21, 22, 26], cost=1723.60, theta_est=311.56
05/02/2026 10:59:38 AM INFO proposed_lbbd_solver - print: >>>Parallel subproblem time: 0.013s for 3 factories
05/02/2026 10:59:38 AM INFO proposed_lbbd_solver - _callback: [Gurobi] H   39    52                    8395.1572532 9356.67421  11.5%  14.8    1s
05/02/2026 10:59:38 AM INFO proposed_lbbd_solver - print: >>>Parallel subproblem time: 0.011s for 3 factories
05/02/2026 10:59:38 AM INFO proposed_lbbd_solver - print:  Added feasibility cut: factory=2, conflict orders=[3, 4, 12, 15, 17, 21, 26]
05/02/2026 10:59:38 AM INFO proposed_lbbd_solver - print:  Added feasibility cut: factory=3, conflict orders=[7, 8, 11, 19, 27, 29, 30]
05/02/2026 10:59:38 AM INFO proposed_lbbd_solver - print: >>>Parallel subproblem time: 0.016s for 3 factories
05/02/2026 10:59:38 AM INFO proposed_lbbd_solver - print:  Added optimal optimality cut: factory=2, orders=[3, 5, 9, 12, 21, 22, 26], cost=2130.20, theta_est=974.80
05/02/2026 10:59:38 AM INFO proposed_lbbd_solver - print: >>>Parallel subproblem time: 0.013s for 3 factories
05/02/2026 10:59:38 AM INFO proposed_lbbd_solver - print:  Added optimal optimality cut: factory=2, orders=[3, 4, 5, 9, 15, 21, 26], cost=2343.13, theta_est=539.64
05/02/2026 10:59:38 AM INFO proposed_lbbd_solver - print:  Added feasibility cut: factory=3, conflict orders=[7, 8, 11, 12, 24, 30]
05/02/2026 10:59:38 AM INFO proposed_lbbd_solver - print: >>>Parallel subproblem time: 0.060s for 3 factories
05/02/2026 10:59:38 AM INFO proposed_lbbd_solver - print:  Added optimal optimality cut: factory=2, orders=[3, 5, 12, 21, 22, 23, 26], cost=2937.59, theta_est=807.58
05/02/2026 10:59:38 AM INFO proposed_lbbd_solver - print: >>>Parallel subproblem time: 0.015s for 3 factories
05/02/2026 10:59:38 AM INFO proposed_lbbd_solver - print:  Added optimal optimality cut: factory=2, orders=[3, 12, 21, 22, 24, 26], cost=1309.56, theta_est=807.58
05/02/2026 10:59:39 AM INFO proposed_lbbd_solver - print: >>>Parallel subproblem time: 0.020s for 3 factories
05/02/2026 10:59:39 AM INFO proposed_lbbd_solver - print:  Added optimal optimality cut: factory=2, orders=[3, 12, 15, 21, 22, 26], cost=622.88, theta_est=151.36
05/02/2026 10:59:39 AM INFO proposed_lbbd_solver - print: ***[Validated]*** obj=8422.35, delay=945.23, bound=9356.67, gap=11.09%, t=1.4s
05/02/2026 10:59:39 AM INFO proposed_lbbd_solver - print: >>>Parallel subproblem time: 0.013s for 3 factories
05/02/2026 10:59:39 AM INFO proposed_lbbd_solver - _callback: [Gurobi] H   92   112                    8395.1772532 9356.67421  11.5%  11.1    1s
05/02/2026 10:59:39 AM INFO proposed_lbbd_solver - print: >>>Parallel subproblem time: 0.014s for 3 factories
05/02/2026 10:59:39 AM INFO proposed_lbbd_solver - _callback: [Gurobi] H   92   112                    8422.3196104 9356.67421  11.1%  11.1    1s
05/02/2026 10:59:39 AM INFO proposed_lbbd_solver - print: >>>Parallel subproblem time: 0.009s for 3 factories
05/02/2026 10:59:39 AM INFO proposed_lbbd_solver - print:  Added feasibility cut: factory=2, conflict orders=[3, 12, 20, 21, 22, 26]
05/02/2026 10:59:39 AM INFO proposed_lbbd_solver - print: >>>Parallel subproblem time: 0.016s for 3 factories
05/02/2026 10:59:39 AM INFO proposed_lbbd_solver - print:  Added optimal optimality cut: factory=2, orders=[3, 5, 21, 22, 23, 26], cost=1044.47, theta_est=182.08
05/02/2026 10:59:39 AM INFO proposed_lbbd_solver - print: >>>Parallel subproblem time: 0.012s for 3 factories
05/02/2026 10:59:39 AM INFO proposed_lbbd_solver - print:  Added optimal optimality cut: factory=2, orders=[3, 5, 9, 21, 22, 26], cost=39.90, theta_est=0.00
05/02/2026 10:59:39 AM INFO proposed_lbbd_solver - print: ***[Validated]*** obj=9001.36, delay=531.46, bound=9356.67, gap=3.95%, t=1.5s
05/02/2026 10:59:39 AM INFO proposed_lbbd_solver - print: >>>Parallel subproblem time: 0.013s for 3 factories
05/02/2026 10:59:39 AM INFO proposed_lbbd_solver - _callback: [Gurobi] H   99   112                    9001.3281735 9356.67421  3.95%  10.6    1s
05/02/2026 10:59:39 AM INFO proposed_lbbd_solver - print: >>>Parallel subproblem time: 0.021s for 3 factories
05/02/2026 10:59:39 AM INFO proposed_lbbd_solver - _callback: [Gurobi] H  111    98                    9001.3581735 9356.67421  3.95%  10.0    1s
05/02/2026 10:59:39 AM INFO proposed_lbbd_solver - print: >>>Parallel subproblem time: 0.013s for 3 factories
05/02/2026 10:59:39 AM INFO proposed_lbbd_solver - print:  Added optimal optimality cut: factory=2, orders=[2, 3, 4, 5, 21, 22, 26], cost=2383.48, theta_est=775.38
05/02/2026 10:59:39 AM INFO proposed_lbbd_solver - print: >>>Parallel subproblem time: 0.012s for 3 factories
05/02/2026 10:59:39 AM INFO proposed_lbbd_solver - print:  Added optimal optimality cut: factory=2, orders=[3, 5, 8, 9, 21, 22, 26], cost=1574.16, theta_est=484.42
05/02/2026 10:59:39 AM INFO proposed_lbbd_solver - print:  Added feasibility cut: factory=3, conflict orders=[7, 11, 12, 15, 19, 27, 30]
05/02/2026 10:59:39 AM INFO proposed_lbbd_solver - print: >>>Parallel subproblem time: 0.022s for 3 factories
05/02/2026 10:59:39 AM INFO proposed_lbbd_solver - print:  Added optimal optimality cut: factory=2, orders=[2, 3, 4, 5, 9, 21, 22], cost=2278.95, theta_est=788.09
05/02/2026 10:59:39 AM INFO proposed_lbbd_solver - print: >>>Parallel subproblem time: 0.023s for 3 factories
05/02/2026 10:59:39 AM INFO proposed_lbbd_solver - print:  Added optimal optimality cut: factory=2, orders=[2, 4, 12, 21, 22, 26], cost=1879.17, theta_est=530.98
05/02/2026 10:59:39 AM INFO proposed_lbbd_solver - print: >>>Parallel subproblem time: 0.014s for 3 factories
05/02/2026 10:59:39 AM INFO proposed_lbbd_solver - print:  Added optimal optimality cut: factory=2, orders=[4, 5, 9, 12, 21, 22, 26], cost=2968.69, theta_est=780.47
05/02/2026 10:59:39 AM INFO proposed_lbbd_solver - print:  Added optimal optimality cut: factory=3, orders=[7, 8, 11, 15, 18, 19, 30], cost=592.99, theta_est=251.76
05/02/2026 10:59:39 AM INFO proposed_lbbd_solver - print: >>>Parallel subproblem time: 0.024s for 3 factories
05/02/2026 10:59:39 AM INFO proposed_lbbd_solver - print:  Added optimal optimality cut: factory=2, orders=[2, 3, 9, 12, 21, 22], cost=950.07, theta_est=412.83
05/02/2026 10:59:39 AM INFO proposed_lbbd_solver - print: >>>Parallel subproblem time: 0.014s for 3 factories
05/02/2026 10:59:39 AM INFO proposed_lbbd_solver - print:  Added feasibility cut: factory=2, conflict orders=[4, 12, 20, 21, 22, 26]
05/02/2026 10:59:39 AM INFO proposed_lbbd_solver - print: >>>Parallel subproblem time: 0.015s for 3 factories
05/02/2026 10:59:39 AM INFO proposed_lbbd_solver - print:  Added optimal optimality cut: factory=2, orders=[2, 9, 12, 21, 22, 26], cost=819.43, theta_est=371.42
05/02/2026 10:59:39 AM INFO proposed_lbbd_solver - print: >>>Parallel subproblem time: 0.012s for 3 factories
05/02/2026 10:59:39 AM INFO proposed_lbbd_solver - print:  Added feasibility cut: factory=2, conflict orders=[2, 4, 9, 12, 22, 26]
05/02/2026 10:59:39 AM INFO proposed_lbbd_solver - print: >>>Parallel subproblem time: 0.015s for 3 factories
05/02/2026 10:59:39 AM INFO proposed_lbbd_solver - print:  Added optimal optimality cut: factory=2, orders=[3, 4, 5, 9, 21, 22], cost=670.96, theta_est=190.63
05/02/2026 10:59:39 AM INFO proposed_lbbd_solver - print: >>>Parallel subproblem time: 0.013s for 3 factories
05/02/2026 10:59:39 AM INFO proposed_lbbd_solver - print:  Added optimal optimality cut: factory=2, orders=[4, 5, 9, 21, 22, 26], cost=547.56, theta_est=149.22
05/02/2026 10:59:39 AM INFO proposed_lbbd_solver - print: >>>Parallel subproblem time: 0.019s for 3 factories
05/02/2026 10:59:39 AM INFO proposed_lbbd_solver - print:  Added optimal optimality cut: factory=2, orders=[3, 4, 5, 9, 12, 21, 22], cost=3077.36, theta_est=821.88
05/02/2026 10:59:39 AM INFO proposed_lbbd_solver - print: >>>Parallel subproblem time: 0.022s for 3 factories
05/02/2026 10:59:39 AM INFO proposed_lbbd_solver - print:  Added optimal optimality cut: factory=2, orders=[3, 4, 5, 12, 21, 22], cost=1328.49, theta_est=358.23
05/02/2026 10:59:39 AM INFO proposed_lbbd_solver - print: >>>Parallel subproblem time: 0.012s for 3 factories
05/02/2026 10:59:39 AM INFO proposed_lbbd_solver - print:  Added optimal optimality cut: factory=2, orders=[4, 5, 12, 21, 22, 26], cost=1223.85, theta_est=316.82
05/02/2026 10:59:39 AM INFO proposed_lbbd_solver - print: >>>Parallel subproblem time: 0.022s for 3 factories
05/02/2026 10:59:39 AM INFO proposed_lbbd_solver - print:  Added optimal optimality cut: factory=2, orders=[2, 3, 9, 12, 22, 26], cost=787.58, theta_est=245.89
05/02/2026 10:59:39 AM INFO proposed_lbbd_solver - print: >>>Parallel subproblem time: 0.012s for 3 factories
05/02/2026 10:59:39 AM INFO proposed_lbbd_solver - print:  Added feasibility cut: factory=2, conflict orders=[2, 3, 4, 12, 22, 26]
05/02/2026 10:59:39 AM INFO proposed_lbbd_solver - print: >>>Parallel subproblem time: 0.012s for 3 factories
05/02/2026 10:59:39 AM INFO proposed_lbbd_solver - print:  Added feasibility cut: factory=2, conflict orders=[2, 9, 12, 17, 21, 22, 26]
05/02/2026 10:59:39 AM INFO proposed_lbbd_solver - print: >>>Parallel subproblem time: 0.017s for 3 factories
05/02/2026 10:59:39 AM INFO proposed_lbbd_solver - print:  Added optimal optimality cut: factory=2, orders=[2, 3, 12, 17, 21, 22], cost=1627.88, theta_est=411.84
05/02/2026 10:59:39 AM INFO proposed_lbbd_solver - _callback: [Gurobi] Cutting planes:
05/02/2026 10:59:39 AM INFO proposed_lbbd_solver - _callback: [Gurobi] Gomory: 5
05/02/2026 10:59:39 AM INFO proposed_lbbd_solver - _callback: [Gurobi] Cover: 12
05/02/2026 10:59:39 AM INFO proposed_lbbd_solver - _callback: [Gurobi] MIR: 58
05/02/2026 10:59:39 AM INFO proposed_lbbd_solver - _callback: [Gurobi] Lazy constraints: 71
05/02/2026 10:59:39 AM INFO proposed_lbbd_solver - _callback: [Gurobi] Explored 1121 nodes (5564 simplex iterations) in 2.29 seconds (1.15 work units)
05/02/2026 10:59:39 AM INFO proposed_lbbd_solver - _callback: [Gurobi] Thread count was 20 (of 20 available processors)
05/02/2026 10:59:39 AM INFO proposed_lbbd_solver - _callback: [Gurobi] Solution count 9: 9001.36 8422.32 8395.18 ... -0
05/02/2026 10:59:39 AM INFO proposed_lbbd_solver - _callback: [Gurobi] Optimal solution found (tolerance 1.00e-04)
05/02/2026 10:59:39 AM INFO proposed_lbbd_solver - _callback: [Gurobi] Best objective 9.001358173533e+03, best bound 9.001731590758e+03, gap 0.0041%
05/02/2026 10:59:39 AM INFO proposed_lbbd_solver - _callback: [Gurobi] User-callback calls 2928, time in user-callback 1.08 sec
05/02/2026 10:59:39 AM INFO proposed_lbbd_solver - print: 
05/02/2026 10:59:39 AM INFO proposed_lbbd_solver - print: ============================================================
05/02/2026 10:59:39 AM INFO proposed_lbbd_solver - print: Branch-and-Check LBBD Summary
05/02/2026 10:59:39 AM INFO proposed_lbbd_solver - print: ============================================================
05/02/2026 10:59:39 AM INFO proposed_lbbd_solver - print: Status: OPTIMAL
05/02/2026 10:59:39 AM INFO proposed_lbbd_solver - print: Runtime: 2.29s
05/02/2026 10:59:39 AM INFO proposed_lbbd_solver - print: Iterations: 63
05/02/2026 10:59:39 AM INFO proposed_lbbd_solver - print: Initial UB: 29909.94
05/02/2026 10:59:39 AM INFO proposed_lbbd_solver - print: Module times (s): preprocess=0.944, enhancement=0.050, modeling=0.112, solving=2.290
05/02/2026 10:59:39 AM INFO proposed_lbbd_solver - print: Master time: 1.245s
05/02/2026 10:59:39 AM INFO proposed_lbbd_solver - print: Average subproblem time: 0.0137s
05/02/2026 10:59:39 AM INFO proposed_lbbd_solver - print: Lazy cuts added: 71
05/02/2026 10:59:39 AM INFO proposed_lbbd_solver - print:   - feasibility cuts: 14
05/02/2026 10:59:39 AM INFO proposed_lbbd_solver - print:   - optimality cuts: 57
05/02/2026 10:59:39 AM INFO proposed_lbbd_solver - print: Subproblems solved: 186
05/02/2026 10:59:39 AM INFO proposed_lbbd_solver - print: Subproblem time total: 2.54s
05/02/2026 10:59:39 AM INFO proposed_lbbd_solver - print: Subproblem time avg: 0.0137s
05/02/2026 10:59:39 AM INFO proposed_lbbd_solver - print: Best objective: 9001.36
05/02/2026 10:59:39 AM INFO proposed_lbbd_solver - print: Best bound: 9001.73
05/02/2026 10:59:39 AM INFO proposed_lbbd_solver - print: Final MIP gap: 0.00%
05/02/2026 10:59:39 AM INFO proposed_lbbd_solver - print: ============================================================
05/02/2026 10:59:40 AM INFO proposed_lbbd_solver - print: 
05/02/2026 10:59:40 AM INFO proposed_lbbd_solver - print: ------------------------------------------------------------
05/02/2026 10:59:40 AM INFO proposed_lbbd_solver - print: Subproblem Diagnostics
05/02/2026 10:59:40 AM INFO proposed_lbbd_solver - print: ------------------------------------------------------------
05/02/2026 10:59:40 AM INFO proposed_lbbd_solver - print: Total subproblems: 186
05/02/2026 10:59:40 AM INFO proposed_lbbd_solver - print:   infeasible: 14 (7.53%)
05/02/2026 10:59:40 AM INFO proposed_lbbd_solver - print:   optimal: 172 (92.47%)
05/02/2026 10:59:40 AM INFO proposed_lbbd_solver - print: Avg subproblem gap: 0.00% (n=160)
05/02/2026 10:59:40 AM INFO proposed_lbbd_solver - print: Avg subproblem objective: 674.701 (n=172)
05/02/2026 10:59:40 AM INFO proposed_lbbd_solver - print: Avg subproblem bound: 674.701 (n=172)
05/02/2026 10:59:40 AM INFO proposed_lbbd_solver - print: Avg (obj - bound) / |obj|: 0.00%
05/02/2026 10:59:40 AM INFO proposed_lbbd_solver - print: ------------------------------------------------------------
