05/04/2026 01:39:11 AM INFO mip_v1 - setup_solver_logging: ================================================================================
05/04/2026 01:39:11 AM INFO mip_v1 - setup_solver_logging: Logging started. Log file: D:\Project_Code\Paper\DP_LBBD_1\DP_lbbd\Algorithm\Results\mip_v1\xlarge\exp_10f_100j_seed5\log\exp_10f_100j_seed5_running.log
05/04/2026 01:39:11 AM INFO mip_v1 - print: BigM calculated: 178.5
05/04/2026 01:39:11 AM INFO mip_v1 - print: Adding variables...
05/04/2026 01:39:12 AM INFO mip_v1 - print: Total variables: 401300
05/04/2026 01:39:12 AM INFO mip_v1 - print: Adding constraints...
05/04/2026 01:39:24 AM INFO mip_v1 - print: Total constraints: 803060
05/04/2026 01:39:24 AM INFO mip_v1 - print: Setting objective function...
05/04/2026 01:39:26 AM INFO mip_v1 - print: 
05/04/2026 01:39:26 AM INFO mip_v1 - print: ✓ Model LP written to: D:\Project_Code\Paper\DP_LBBD_1\DP_lbbd\Algorithm\MIP\production_model.lp
05/04/2026 01:39:26 AM INFO mip_v1 - print: 
05/04/2026 01:39:26 AM INFO mip_v1 - print: ============================================================
05/04/2026 01:39:26 AM INFO mip_v1 - print: Starting optimization...
05/04/2026 01:39:26 AM INFO mip_v1 - print: ============================================================
05/04/2026 01:39:26 AM INFO mip_v1 - print: Gurobi native log file: D:\Project_Code\Paper\DP_LBBD_1\DP_lbbd\Algorithm\Results\mip_v1\xlarge\exp_10f_100j_seed5\log\exp_10f_100j_seed5_gurobi.log
05/04/2026 02:40:18 AM INFO mip_v1 - print: 
05/04/2026 02:40:18 AM INFO mip_v1 - print: ============================================================
05/04/2026 02:40:18 AM INFO mip_v1 - print: SOLUTION SUMMARY
05/04/2026 02:40:18 AM INFO mip_v1 - print: ============================================================
05/04/2026 02:40:18 AM INFO mip_v1 - print: ⚠ Time limit reached, best solution found:
05/04/2026 02:40:18 AM INFO mip_v1 - print: 
05/04/2026 02:40:18 AM INFO mip_v1 - print: Objective Value (Total Profit): 29096.84
05/04/2026 02:40:18 AM INFO mip_v1 - print: MIP Gap: 50.91%
05/04/2026 02:40:18 AM INFO mip_v1 - print: 
05/04/2026 02:40:18 AM INFO mip_v1 - print: 📋 Accepted Orders (71/100): [1, 2, 5, 6, 8, 10, 11, 12, 13, 14, 15, 16, 17, 18, 19, 20, 22, 23, 24, 25, 26, 28, 29, 30, 32, 33, 38, 40, 41, 44, 46, 47, 48, 50, 51, 52, 53, 55, 56, 57, 58, 59, 60, 61, 62, 63, 66, 67, 68, 70, 71, 72, 73, 74, 76, 78, 79, 80, 81, 82, 83, 84, 85, 88, 90, 91, 92, 94, 96, 97, 100]
05/04/2026 02:40:18 AM INFO mip_v1 - print: 
05/04/2026 02:40:18 AM INFO mip_v1 - print: ------------------------------------------------------------
05/04/2026 02:40:18 AM INFO mip_v1 - print: ORDER ALLOCATION DETAILS
05/04/2026 02:40:18 AM INFO mip_v1 - print: ------------------------------------------------------------
05/04/2026 02:40:18 AM INFO mip_v1 - print: 
05/04/2026 02:40:18 AM INFO mip_v1 - print: Order 1 → Factory 7
05/04/2026 02:40:18 AM INFO mip_v1 - print:   Machine 1: completion time = 74.20
05/04/2026 02:40:18 AM INFO mip_v1 - print:   Machine 2: completion time = 84.37
05/04/2026 02:40:18 AM INFO mip_v1 - print:   Machine 3: completion time = 94.26
05/04/2026 02:40:18 AM INFO mip_v1 - print:   Delivery: 98.06 (Deadline: 115.10, Delay: 0.00)
05/04/2026 02:40:18 AM INFO mip_v1 - print: 
05/04/2026 02:40:18 AM INFO mip_v1 - print: Order 2 → Factory 3
05/04/2026 02:40:18 AM INFO mip_v1 - print:   Machine 1: completion time = 79.00
05/04/2026 02:40:18 AM INFO mip_v1 - print:   Machine 2: completion time = 86.62
05/04/2026 02:40:18 AM INFO mip_v1 - print:   Machine 3: completion time = 93.56
05/04/2026 02:40:18 AM INFO mip_v1 - print:   Machine 4: completion time = 101.25
05/04/2026 02:40:18 AM INFO mip_v1 - print:   Machine 5: completion time = 113.27
05/04/2026 02:40:18 AM INFO mip_v1 - print:   Delivery: 114.07 (Deadline: 126.20, Delay: 0.00)
05/04/2026 02:40:18 AM INFO mip_v1 - print: 
05/04/2026 02:40:18 AM INFO mip_v1 - print: Order 5 → Factory 8
05/04/2026 02:40:18 AM INFO mip_v1 - print:   Machine 1: completion time = 63.48
05/04/2026 02:40:18 AM INFO mip_v1 - print:   Machine 2: completion time = 81.51
05/04/2026 02:40:18 AM INFO mip_v1 - print:   Machine 3: completion time = 89.11
05/04/2026 02:40:18 AM INFO mip_v1 - print:   Delivery: 91.51 (Deadline: 121.30, Delay: 0.00)
05/04/2026 02:40:18 AM INFO mip_v1 - print: 
05/04/2026 02:40:18 AM INFO mip_v1 - print: Order 6 → Factory 7
05/04/2026 02:40:18 AM INFO mip_v1 - print:   Machine 1: completion time = 90.84
05/04/2026 02:40:18 AM INFO mip_v1 - print:   Machine 2: completion time = 101.17
05/04/2026 02:40:18 AM INFO mip_v1 - print:   Machine 3: completion time = 110.29
05/04/2026 02:40:18 AM INFO mip_v1 - print:   Delivery: 112.39 (Deadline: 115.90, Delay: 0.00)
05/04/2026 02:40:18 AM INFO mip_v1 - print: 
05/04/2026 02:40:18 AM INFO mip_v1 - print: Order 8 → Factory 10
05/04/2026 02:40:18 AM INFO mip_v1 - print:   Machine 1: completion time = 102.02
05/04/2026 02:40:18 AM INFO mip_v1 - print:   Machine 2: completion time = 114.30
05/04/2026 02:40:18 AM INFO mip_v1 - print:   Machine 3: completion time = 133.30
05/04/2026 02:40:18 AM INFO mip_v1 - print:   Delivery: 137.20 (Deadline: 137.20, Delay: 0.00)
05/04/2026 02:40:18 AM INFO mip_v1 - print: 
05/04/2026 02:40:18 AM INFO mip_v1 - print: Order 10 → Factory 8
05/04/2026 02:40:18 AM INFO mip_v1 - print:   Machine 1: completion time = 129.98
05/04/2026 02:40:18 AM INFO mip_v1 - print:   Machine 2: completion time = 136.17
05/04/2026 02:40:18 AM INFO mip_v1 - print:   Machine 3: completion time = 151.20
05/04/2026 02:40:18 AM INFO mip_v1 - print:   Delivery: 156.20 (Deadline: 156.30, Delay: 0.00)
05/04/2026 02:40:18 AM INFO mip_v1 - print: 
05/04/2026 02:40:18 AM INFO mip_v1 - print: Order 11 → Factory 4
05/04/2026 02:40:18 AM INFO mip_v1 - print:   Machine 1: completion time = 24.72
05/04/2026 02:40:18 AM INFO mip_v1 - print:   Machine 2: completion time = 33.37
05/04/2026 02:40:18 AM INFO mip_v1 - print:   Machine 3: completion time = 44.99
05/04/2026 02:40:18 AM INFO mip_v1 - print:   Machine 4: completion time = 55.13
05/04/2026 02:40:18 AM INFO mip_v1 - print:   Machine 5: completion time = 65.43
05/04/2026 02:40:18 AM INFO mip_v1 - print:   Delivery: 67.33 (Deadline: 65.40, Delay: 1.93)
05/04/2026 02:40:18 AM INFO mip_v1 - print: 
05/04/2026 02:40:18 AM INFO mip_v1 - print: Order 12 → Factory 8
05/04/2026 02:40:18 AM INFO mip_v1 - print:   Machine 1: completion time = 113.17
05/04/2026 02:40:18 AM INFO mip_v1 - print:   Machine 2: completion time = 122.11
05/04/2026 02:40:18 AM INFO mip_v1 - print:   Machine 3: completion time = 134.07
05/04/2026 02:40:18 AM INFO mip_v1 - print:   Delivery: 138.37 (Deadline: 146.60, Delay: 0.00)
05/04/2026 02:40:18 AM INFO mip_v1 - print: 
05/04/2026 02:40:18 AM INFO mip_v1 - print: Order 13 → Factory 8
05/04/2026 02:40:18 AM INFO mip_v1 - print:   Machine 1: completion time = 26.51
05/04/2026 02:40:18 AM INFO mip_v1 - print:   Machine 2: completion time = 35.82
05/04/2026 02:40:18 AM INFO mip_v1 - print:   Machine 3: completion time = 46.41
05/04/2026 02:40:18 AM INFO mip_v1 - print:   Delivery: 49.31 (Deadline: 60.20, Delay: 0.00)
05/04/2026 02:40:18 AM INFO mip_v1 - print: 
05/04/2026 02:40:18 AM INFO mip_v1 - print: Order 14 → Factory 7
05/04/2026 02:40:18 AM INFO mip_v1 - print:   Machine 1: completion time = 147.65
05/04/2026 02:40:18 AM INFO mip_v1 - print:   Machine 2: completion time = 156.58
05/04/2026 02:40:18 AM INFO mip_v1 - print:   Machine 3: completion time = 164.80
05/04/2026 02:40:18 AM INFO mip_v1 - print:   Delivery: 164.90 (Deadline: 164.90, Delay: 0.00)
05/04/2026 02:40:18 AM INFO mip_v1 - print: 
05/04/2026 02:40:18 AM INFO mip_v1 - print: Order 15 → Factory 4
05/04/2026 02:40:18 AM INFO mip_v1 - print:   Machine 1: completion time = 42.74
05/04/2026 02:40:18 AM INFO mip_v1 - print:   Machine 2: completion time = 50.17
05/04/2026 02:40:18 AM INFO mip_v1 - print:   Machine 3: completion time = 64.00
05/04/2026 02:40:18 AM INFO mip_v1 - print:   Machine 4: completion time = 73.14
05/04/2026 02:40:18 AM INFO mip_v1 - print:   Machine 5: completion time = 83.95
05/04/2026 02:40:18 AM INFO mip_v1 - print:   Delivery: 87.15 (Deadline: 94.00, Delay: 0.00)
05/04/2026 02:40:18 AM INFO mip_v1 - print: 
05/04/2026 02:40:18 AM INFO mip_v1 - print: Order 16 → Factory 7
05/04/2026 02:40:18 AM INFO mip_v1 - print:   Machine 1: completion time = 102.46
05/04/2026 02:40:18 AM INFO mip_v1 - print:   Machine 2: completion time = 112.81
05/04/2026 02:40:18 AM INFO mip_v1 - print:   Machine 3: completion time = 120.89
05/04/2026 02:40:18 AM INFO mip_v1 - print:   Delivery: 124.39 (Deadline: 143.80, Delay: 0.00)
05/04/2026 02:40:18 AM INFO mip_v1 - print: 
05/04/2026 02:40:18 AM INFO mip_v1 - print: Order 17 → Factory 8
05/04/2026 02:40:18 AM INFO mip_v1 - print:   Machine 1: completion time = 69.30
05/04/2026 02:40:18 AM INFO mip_v1 - print:   Machine 2: completion time = 74.31
05/04/2026 02:40:18 AM INFO mip_v1 - print:   Machine 3: completion time = 80.10
05/04/2026 02:40:18 AM INFO mip_v1 - print:   Delivery: 83.70 (Deadline: 104.50, Delay: 0.00)
05/04/2026 02:40:18 AM INFO mip_v1 - print: 
05/04/2026 02:40:18 AM INFO mip_v1 - print: Order 18 → Factory 10
05/04/2026 02:40:18 AM INFO mip_v1 - print:   Machine 1: completion time = 53.21
05/04/2026 02:40:18 AM INFO mip_v1 - print:   Machine 2: completion time = 60.92
05/04/2026 02:40:18 AM INFO mip_v1 - print:   Machine 3: completion time = 71.63
05/04/2026 02:40:18 AM INFO mip_v1 - print:   Delivery: 73.93 (Deadline: 83.80, Delay: 0.00)
05/04/2026 02:40:18 AM INFO mip_v1 - print: 
05/04/2026 02:40:18 AM INFO mip_v1 - print: Order 19 → Factory 1
05/04/2026 02:40:18 AM INFO mip_v1 - print:   Machine 1: completion time = 31.71
05/04/2026 02:40:18 AM INFO mip_v1 - print:   Machine 2: completion time = 39.84
05/04/2026 02:40:18 AM INFO mip_v1 - print:   Machine 3: completion time = 46.66
05/04/2026 02:40:18 AM INFO mip_v1 - print:   Machine 4: completion time = 53.97
05/04/2026 02:40:18 AM INFO mip_v1 - print:   Machine 5: completion time = 59.82
05/04/2026 02:40:18 AM INFO mip_v1 - print:   Delivery: 62.52 (Deadline: 73.00, Delay: 0.00)
05/04/2026 02:40:18 AM INFO mip_v1 - print: 
05/04/2026 02:40:18 AM INFO mip_v1 - print: Order 20 → Factory 3
05/04/2026 02:40:18 AM INFO mip_v1 - print:   Machine 1: completion time = 68.75
05/04/2026 02:40:18 AM INFO mip_v1 - print:   Machine 2: completion time = 76.80
05/04/2026 02:40:18 AM INFO mip_v1 - print:   Machine 3: completion time = 83.97
05/04/2026 02:40:18 AM INFO mip_v1 - print:   Machine 4: completion time = 91.84
05/04/2026 02:40:18 AM INFO mip_v1 - print:   Machine 5: completion time = 99.61
05/04/2026 02:40:18 AM INFO mip_v1 - print:   Delivery: 102.81 (Deadline: 108.60, Delay: 0.00)
05/04/2026 02:40:18 AM INFO mip_v1 - print: 
05/04/2026 02:40:18 AM INFO mip_v1 - print: Order 22 → Factory 7
05/04/2026 02:40:18 AM INFO mip_v1 - print:   Machine 1: completion time = 132.84
05/04/2026 02:40:18 AM INFO mip_v1 - print:   Machine 2: completion time = 145.92
05/04/2026 02:40:18 AM INFO mip_v1 - print:   Machine 3: completion time = 156.58
05/04/2026 02:40:18 AM INFO mip_v1 - print:   Delivery: 162.08 (Deadline: 169.00, Delay: 0.00)
05/04/2026 02:40:18 AM INFO mip_v1 - print: 
05/04/2026 02:40:18 AM INFO mip_v1 - print: Order 23 → Factory 1
05/04/2026 02:40:18 AM INFO mip_v1 - print:   Machine 1: completion time = 26.48
05/04/2026 02:40:18 AM INFO mip_v1 - print:   Machine 2: completion time = 33.78
05/04/2026 02:40:18 AM INFO mip_v1 - print:   Machine 3: completion time = 40.74
05/04/2026 02:40:18 AM INFO mip_v1 - print:   Machine 4: completion time = 47.88
05/04/2026 02:40:18 AM INFO mip_v1 - print:   Machine 5: completion time = 66.71
05/04/2026 02:40:18 AM INFO mip_v1 - print:   Delivery: 67.51 (Deadline: 75.60, Delay: 0.00)
05/04/2026 02:40:18 AM INFO mip_v1 - print: 
05/04/2026 02:40:18 AM INFO mip_v1 - print: Order 24 → Factory 8
05/04/2026 02:40:18 AM INFO mip_v1 - print:   Machine 1: completion time = 7.15
05/04/2026 02:40:18 AM INFO mip_v1 - print:   Machine 2: completion time = 25.41
05/04/2026 02:40:18 AM INFO mip_v1 - print:   Machine 3: completion time = 32.60
05/04/2026 02:40:18 AM INFO mip_v1 - print:   Delivery: 33.20 (Deadline: 45.70, Delay: 0.00)
05/04/2026 02:40:18 AM INFO mip_v1 - print: 
05/04/2026 02:40:18 AM INFO mip_v1 - print: Order 25 → Factory 1
05/04/2026 02:40:18 AM INFO mip_v1 - print:   Machine 1: completion time = 44.60
05/04/2026 02:40:18 AM INFO mip_v1 - print:   Machine 2: completion time = 51.48
05/04/2026 02:40:18 AM INFO mip_v1 - print:   Machine 3: completion time = 58.21
05/04/2026 02:40:18 AM INFO mip_v1 - print:   Machine 4: completion time = 65.45
05/04/2026 02:40:18 AM INFO mip_v1 - print:   Machine 5: completion time = 73.24
05/04/2026 02:40:18 AM INFO mip_v1 - print:   Delivery: 77.94 (Deadline: 88.10, Delay: 0.00)
05/04/2026 02:40:18 AM INFO mip_v1 - print: 
05/04/2026 02:40:18 AM INFO mip_v1 - print: Order 26 → Factory 8
05/04/2026 02:40:18 AM INFO mip_v1 - print:   Machine 1: completion time = 92.71
05/04/2026 02:40:18 AM INFO mip_v1 - print:   Machine 2: completion time = 102.90
05/04/2026 02:40:18 AM INFO mip_v1 - print:   Machine 3: completion time = 115.37
05/04/2026 02:40:18 AM INFO mip_v1 - print:   Delivery: 117.87 (Deadline: 144.40, Delay: 0.00)
05/04/2026 02:40:18 AM INFO mip_v1 - print: 
05/04/2026 02:40:18 AM INFO mip_v1 - print: Order 28 → Factory 5
05/04/2026 02:40:18 AM INFO mip_v1 - print:   Machine 1: completion time = 34.88
05/04/2026 02:40:18 AM INFO mip_v1 - print:   Machine 2: completion time = 43.33
05/04/2026 02:40:18 AM INFO mip_v1 - print:   Machine 3: completion time = 49.63
05/04/2026 02:40:18 AM INFO mip_v1 - print:   Delivery: 53.13 (Deadline: 73.10, Delay: 0.00)
05/04/2026 02:40:18 AM INFO mip_v1 - print: 
05/04/2026 02:40:18 AM INFO mip_v1 - print: Order 29 → Factory 10
05/04/2026 02:40:18 AM INFO mip_v1 - print:   Machine 1: completion time = 36.51
05/04/2026 02:40:18 AM INFO mip_v1 - print:   Machine 2: completion time = 45.92
05/04/2026 02:40:18 AM INFO mip_v1 - print:   Machine 3: completion time = 54.67
05/04/2026 02:40:18 AM INFO mip_v1 - print:   Delivery: 60.97 (Deadline: 91.40, Delay: 0.00)
05/04/2026 02:40:18 AM INFO mip_v1 - print: 
05/04/2026 02:40:18 AM INFO mip_v1 - print: Order 30 → Factory 8
05/04/2026 02:40:18 AM INFO mip_v1 - print:   Machine 1: completion time = 40.86
05/04/2026 02:40:18 AM INFO mip_v1 - print:   Machine 2: completion time = 45.54
05/04/2026 02:40:18 AM INFO mip_v1 - print:   Machine 3: completion time = 51.35
05/04/2026 02:40:18 AM INFO mip_v1 - print:   Delivery: 54.15 (Deadline: 66.10, Delay: 0.00)
05/04/2026 02:40:18 AM INFO mip_v1 - print: 
05/04/2026 02:40:18 AM INFO mip_v1 - print: Order 32 → Factory 2
05/04/2026 02:40:18 AM INFO mip_v1 - print:   Machine 1: completion time = 30.30
05/04/2026 02:40:18 AM INFO mip_v1 - print:   Machine 2: completion time = 40.10
05/04/2026 02:40:18 AM INFO mip_v1 - print:   Machine 3: completion time = 50.91
05/04/2026 02:40:18 AM INFO mip_v1 - print:   Machine 4: completion time = 60.19
05/04/2026 02:40:18 AM INFO mip_v1 - print:   Delivery: 66.99 (Deadline: 90.10, Delay: 0.00)
05/04/2026 02:40:18 AM INFO mip_v1 - print: 
05/04/2026 02:40:18 AM INFO mip_v1 - print: Order 33 → Factory 1
05/04/2026 02:40:18 AM INFO mip_v1 - print:   Machine 1: completion time = 96.72
05/04/2026 02:40:18 AM INFO mip_v1 - print:   Machine 2: completion time = 125.70
05/04/2026 02:40:18 AM INFO mip_v1 - print:   Machine 3: completion time = 136.14
05/04/2026 02:40:18 AM INFO mip_v1 - print:   Machine 4: completion time = 147.75
05/04/2026 02:40:18 AM INFO mip_v1 - print:   Machine 5: completion time = 158.90
05/04/2026 02:40:18 AM INFO mip_v1 - print:   Delivery: 160.90 (Deadline: 160.90, Delay: 0.00)
05/04/2026 02:40:18 AM INFO mip_v1 - print: 
05/04/2026 02:40:18 AM INFO mip_v1 - print: Order 38 → Factory 5
05/04/2026 02:40:18 AM INFO mip_v1 - print:   Machine 1: completion time = 79.10
05/04/2026 02:40:18 AM INFO mip_v1 - print:   Machine 2: completion time = 86.97
05/04/2026 02:40:18 AM INFO mip_v1 - print:   Machine 3: completion time = 92.72
05/04/2026 02:40:18 AM INFO mip_v1 - print:   Delivery: 98.02 (Deadline: 115.50, Delay: 0.00)
05/04/2026 02:40:18 AM INFO mip_v1 - print: 
05/04/2026 02:40:18 AM INFO mip_v1 - print: Order 40 → Factory 8
05/04/2026 02:40:18 AM INFO mip_v1 - print:   Machine 1: completion time = 104.66
05/04/2026 02:40:18 AM INFO mip_v1 - print:   Machine 2: completion time = 114.57
05/04/2026 02:40:18 AM INFO mip_v1 - print:   Machine 3: completion time = 126.08
05/04/2026 02:40:18 AM INFO mip_v1 - print:   Delivery: 129.28 (Deadline: 143.10, Delay: 0.00)
05/04/2026 02:40:18 AM INFO mip_v1 - print: 
05/04/2026 02:40:18 AM INFO mip_v1 - print: Order 41 → Factory 5
05/04/2026 02:40:18 AM INFO mip_v1 - print:   Machine 1: completion time = 42.17
05/04/2026 02:40:18 AM INFO mip_v1 - print:   Machine 2: completion time = 52.30
05/04/2026 02:40:18 AM INFO mip_v1 - print:   Machine 3: completion time = 59.52
05/04/2026 02:40:18 AM INFO mip_v1 - print:   Delivery: 60.62 (Deadline: 93.50, Delay: 0.00)
05/04/2026 02:40:18 AM INFO mip_v1 - print: 
05/04/2026 02:40:18 AM INFO mip_v1 - print: Order 44 → Factory 4
05/04/2026 02:40:18 AM INFO mip_v1 - print:   Machine 1: completion time = 96.72
05/04/2026 02:40:18 AM INFO mip_v1 - print:   Machine 2: completion time = 107.22
05/04/2026 02:40:18 AM INFO mip_v1 - print:   Machine 3: completion time = 120.76
05/04/2026 02:40:18 AM INFO mip_v1 - print:   Machine 4: completion time = 132.40
05/04/2026 02:40:18 AM INFO mip_v1 - print:   Machine 5: completion time = 143.90
05/04/2026 02:40:18 AM INFO mip_v1 - print:   Delivery: 145.60 (Deadline: 145.60, Delay: 0.00)
05/04/2026 02:40:18 AM INFO mip_v1 - print: 
05/04/2026 02:40:18 AM INFO mip_v1 - print: Order 46 → Factory 7
05/04/2026 02:40:18 AM INFO mip_v1 - print:   Machine 1: completion time = 25.71
05/04/2026 02:40:18 AM INFO mip_v1 - print:   Machine 2: completion time = 34.15
05/04/2026 02:40:18 AM INFO mip_v1 - print:   Machine 3: completion time = 40.91
05/04/2026 02:40:18 AM INFO mip_v1 - print:   Delivery: 46.21 (Deadline: 60.70, Delay: 0.00)
05/04/2026 02:40:18 AM INFO mip_v1 - print: 
05/04/2026 02:40:18 AM INFO mip_v1 - print: Order 47 → Factory 7
05/04/2026 02:40:18 AM INFO mip_v1 - print:   Machine 1: completion time = 95.98
05/04/2026 02:40:18 AM INFO mip_v1 - print:   Machine 2: completion time = 106.09
05/04/2026 02:40:18 AM INFO mip_v1 - print:   Machine 3: completion time = 114.81
05/04/2026 02:40:18 AM INFO mip_v1 - print:   Delivery: 123.11 (Deadline: 126.50, Delay: 0.00)
05/04/2026 02:40:18 AM INFO mip_v1 - print: 
05/04/2026 02:40:18 AM INFO mip_v1 - print: Order 48 → Factory 9
05/04/2026 02:40:18 AM INFO mip_v1 - print:   Machine 1: completion time = 90.97
05/04/2026 02:40:18 AM INFO mip_v1 - print:   Machine 2: completion time = 97.80
05/04/2026 02:40:18 AM INFO mip_v1 - print:   Machine 3: completion time = 103.59
05/04/2026 02:40:18 AM INFO mip_v1 - print:   Machine 4: completion time = 116.38
05/04/2026 02:40:18 AM INFO mip_v1 - print:   Machine 5: completion time = 122.89
05/04/2026 02:40:18 AM INFO mip_v1 - print:   Delivery: 126.29 (Deadline: 129.30, Delay: 0.00)
05/04/2026 02:40:18 AM INFO mip_v1 - print: 
05/04/2026 02:40:18 AM INFO mip_v1 - print: Order 50 → Factory 7
05/04/2026 02:40:18 AM INFO mip_v1 - print:   Machine 1: completion time = 110.75
05/04/2026 02:40:18 AM INFO mip_v1 - print:   Machine 2: completion time = 120.89
05/04/2026 02:40:18 AM INFO mip_v1 - print:   Machine 3: completion time = 128.44
05/04/2026 02:40:18 AM INFO mip_v1 - print:   Delivery: 131.94 (Deadline: 146.80, Delay: 0.00)
05/04/2026 02:40:18 AM INFO mip_v1 - print: 
05/04/2026 02:40:18 AM INFO mip_v1 - print: Order 51 → Factory 7
05/04/2026 02:40:18 AM INFO mip_v1 - print:   Machine 1: completion time = 18.67
05/04/2026 02:40:18 AM INFO mip_v1 - print:   Machine 2: completion time = 26.67
05/04/2026 02:40:18 AM INFO mip_v1 - print:   Machine 3: completion time = 48.06
05/04/2026 02:40:18 AM INFO mip_v1 - print:   Delivery: 53.16 (Deadline: 81.20, Delay: 0.00)
05/04/2026 02:40:18 AM INFO mip_v1 - print: 
05/04/2026 02:40:18 AM INFO mip_v1 - print: Order 52 → Factory 5
05/04/2026 02:40:18 AM INFO mip_v1 - print:   Machine 1: completion time = 51.79
05/04/2026 02:40:18 AM INFO mip_v1 - print:   Machine 2: completion time = 65.01
05/04/2026 02:40:18 AM INFO mip_v1 - print:   Machine 3: completion time = 85.50
05/04/2026 02:40:18 AM INFO mip_v1 - print:   Delivery: 88.40 (Deadline: 88.40, Delay: 0.00)
05/04/2026 02:40:18 AM INFO mip_v1 - print: 
05/04/2026 02:40:18 AM INFO mip_v1 - print: Order 53 → Factory 7
05/04/2026 02:40:18 AM INFO mip_v1 - print:   Machine 1: completion time = 63.78
05/04/2026 02:40:18 AM INFO mip_v1 - print:   Machine 2: completion time = 73.41
05/04/2026 02:40:18 AM INFO mip_v1 - print:   Machine 3: completion time = 84.37
05/04/2026 02:40:18 AM INFO mip_v1 - print:   Delivery: 89.57 (Deadline: 111.00, Delay: 0.00)
05/04/2026 02:40:18 AM INFO mip_v1 - print: 
05/04/2026 02:40:18 AM INFO mip_v1 - print: Order 55 → Factory 8
05/04/2026 02:40:18 AM INFO mip_v1 - print:   Machine 1: completion time = 122.43
05/04/2026 02:40:18 AM INFO mip_v1 - print:   Machine 2: completion time = 130.15
05/04/2026 02:40:18 AM INFO mip_v1 - print:   Machine 3: completion time = 142.10
05/04/2026 02:40:18 AM INFO mip_v1 - print:   Delivery: 144.00 (Deadline: 144.00, Delay: 0.00)
05/04/2026 02:40:18 AM INFO mip_v1 - print: 
05/04/2026 02:40:18 AM INFO mip_v1 - print: Order 56 → Factory 1
05/04/2026 02:40:18 AM INFO mip_v1 - print:   Machine 1: completion time = 104.81
05/04/2026 02:40:18 AM INFO mip_v1 - print:   Machine 2: completion time = 114.50
05/04/2026 02:40:18 AM INFO mip_v1 - print:   Machine 3: completion time = 123.47
05/04/2026 02:40:18 AM INFO mip_v1 - print:   Machine 4: completion time = 133.98
05/04/2026 02:40:18 AM INFO mip_v1 - print:   Machine 5: completion time = 143.64
05/04/2026 02:40:18 AM INFO mip_v1 - print:   Delivery: 146.44 (Deadline: 155.30, Delay: 0.00)
05/04/2026 02:40:18 AM INFO mip_v1 - print: 
05/04/2026 02:40:18 AM INFO mip_v1 - print: Order 57 → Factory 7
05/04/2026 02:40:18 AM INFO mip_v1 - print:   Machine 1: completion time = 81.74
05/04/2026 02:40:18 AM INFO mip_v1 - print:   Machine 2: completion time = 92.17
05/04/2026 02:40:18 AM INFO mip_v1 - print:   Machine 3: completion time = 101.76
05/04/2026 02:40:18 AM INFO mip_v1 - print:   Delivery: 106.16 (Deadline: 123.20, Delay: 0.00)
05/04/2026 02:40:18 AM INFO mip_v1 - print: 
05/04/2026 02:40:18 AM INFO mip_v1 - print: Order 58 → Factory 7
05/04/2026 02:40:18 AM INFO mip_v1 - print:   Machine 1: completion time = 55.19
05/04/2026 02:40:18 AM INFO mip_v1 - print:   Machine 2: completion time = 64.49
05/04/2026 02:40:18 AM INFO mip_v1 - print:   Machine 3: completion time = 74.89
05/04/2026 02:40:18 AM INFO mip_v1 - print:   Delivery: 82.19 (Deadline: 113.10, Delay: 0.00)
05/04/2026 02:40:18 AM INFO mip_v1 - print: 
05/04/2026 02:40:18 AM INFO mip_v1 - print: Order 59 → Factory 7
05/04/2026 02:40:18 AM INFO mip_v1 - print:   Machine 1: completion time = 115.10
05/04/2026 02:40:18 AM INFO mip_v1 - print:   Machine 2: completion time = 125.51
05/04/2026 02:40:18 AM INFO mip_v1 - print:   Machine 3: completion time = 139.66
05/04/2026 02:40:18 AM INFO mip_v1 - print:   Delivery: 144.96 (Deadline: 146.60, Delay: 0.00)
05/04/2026 02:40:18 AM INFO mip_v1 - print: 
05/04/2026 02:40:18 AM INFO mip_v1 - print: Order 60 → Factory 7
05/04/2026 02:40:18 AM INFO mip_v1 - print:   Machine 1: completion time = 33.79
05/04/2026 02:40:18 AM INFO mip_v1 - print:   Machine 2: completion time = 41.87
05/04/2026 02:40:18 AM INFO mip_v1 - print:   Machine 3: completion time = 55.11
05/04/2026 02:40:18 AM INFO mip_v1 - print:   Delivery: 58.71 (Deadline: 63.70, Delay: 0.00)
05/04/2026 02:40:18 AM INFO mip_v1 - print: 
05/04/2026 02:40:18 AM INFO mip_v1 - print: Order 61 → Factory 4
05/04/2026 02:40:18 AM INFO mip_v1 - print:   Machine 1: completion time = 67.80
05/04/2026 02:40:18 AM INFO mip_v1 - print:   Machine 2: completion time = 78.84
05/04/2026 02:40:18 AM INFO mip_v1 - print:   Machine 3: completion time = 88.61
05/04/2026 02:40:18 AM INFO mip_v1 - print:   Machine 4: completion time = 98.37
05/04/2026 02:40:18 AM INFO mip_v1 - print:   Machine 5: completion time = 106.53
05/04/2026 02:40:18 AM INFO mip_v1 - print:   Delivery: 109.23 (Deadline: 110.20, Delay: 0.00)
05/04/2026 02:40:18 AM INFO mip_v1 - print: 
05/04/2026 02:40:18 AM INFO mip_v1 - print: Order 62 → Factory 4
05/04/2026 02:40:18 AM INFO mip_v1 - print:   Machine 1: completion time = 111.27
05/04/2026 02:40:18 AM INFO mip_v1 - print:   Machine 2: completion time = 120.33
05/04/2026 02:40:18 AM INFO mip_v1 - print:   Machine 3: completion time = 131.12
05/04/2026 02:40:18 AM INFO mip_v1 - print:   Machine 4: completion time = 144.64
05/04/2026 02:40:18 AM INFO mip_v1 - print:   Machine 5: completion time = 153.87
05/04/2026 02:40:18 AM INFO mip_v1 - print:   Delivery: 159.17 (Deadline: 163.50, Delay: 0.00)
05/04/2026 02:40:18 AM INFO mip_v1 - print: 
05/04/2026 02:40:18 AM INFO mip_v1 - print: Order 63 → Factory 10
05/04/2026 02:40:18 AM INFO mip_v1 - print:   Machine 1: completion time = 70.54
05/04/2026 02:40:18 AM INFO mip_v1 - print:   Machine 2: completion time = 81.05
05/04/2026 02:40:18 AM INFO mip_v1 - print:   Machine 3: completion time = 92.28
05/04/2026 02:40:18 AM INFO mip_v1 - print:   Delivery: 93.48 (Deadline: 99.60, Delay: 0.00)
05/04/2026 02:40:18 AM INFO mip_v1 - print: 
05/04/2026 02:40:18 AM INFO mip_v1 - print: Order 66 → Factory 7
05/04/2026 02:40:18 AM INFO mip_v1 - print:   Machine 1: completion time = 40.73
05/04/2026 02:40:18 AM INFO mip_v1 - print:   Machine 2: completion time = 49.29
05/04/2026 02:40:18 AM INFO mip_v1 - print:   Machine 3: completion time = 66.18
05/04/2026 02:40:18 AM INFO mip_v1 - print:   Delivery: 68.08 (Deadline: 88.50, Delay: 0.00)
05/04/2026 02:40:18 AM INFO mip_v1 - print: 
05/04/2026 02:40:18 AM INFO mip_v1 - print: Order 67 → Factory 5
05/04/2026 02:40:18 AM INFO mip_v1 - print:   Machine 1: completion time = 86.89
05/04/2026 02:40:18 AM INFO mip_v1 - print:   Machine 2: completion time = 96.23
05/04/2026 02:40:18 AM INFO mip_v1 - print:   Machine 3: completion time = 111.80
05/04/2026 02:40:18 AM INFO mip_v1 - print:   Delivery: 113.50 (Deadline: 130.60, Delay: 0.00)
05/04/2026 02:40:18 AM INFO mip_v1 - print: 
05/04/2026 02:40:18 AM INFO mip_v1 - print: Order 68 → Factory 1
05/04/2026 02:40:18 AM INFO mip_v1 - print:   Machine 1: completion time = 38.92
05/04/2026 02:40:18 AM INFO mip_v1 - print:   Machine 2: completion time = 60.08
05/04/2026 02:40:18 AM INFO mip_v1 - print:   Machine 3: completion time = 67.86
05/04/2026 02:40:18 AM INFO mip_v1 - print:   Machine 4: completion time = 87.22
05/04/2026 02:40:18 AM INFO mip_v1 - print:   Machine 5: completion time = 95.45
05/04/2026 02:40:18 AM INFO mip_v1 - print:   Delivery: 98.65 (Deadline: 100.70, Delay: 0.00)
05/04/2026 02:40:18 AM INFO mip_v1 - print: 
05/04/2026 02:40:18 AM INFO mip_v1 - print: Order 70 → Factory 8
05/04/2026 02:40:18 AM INFO mip_v1 - print:   Machine 1: completion time = 14.85
05/04/2026 02:40:18 AM INFO mip_v1 - print:   Machine 2: completion time = 21.03
05/04/2026 02:40:18 AM INFO mip_v1 - print:   Machine 3: completion time = 27.77
05/04/2026 02:40:18 AM INFO mip_v1 - print:   Delivery: 29.47 (Deadline: 67.50, Delay: 0.00)
05/04/2026 02:40:18 AM INFO mip_v1 - print: 
05/04/2026 02:40:18 AM INFO mip_v1 - print: Order 71 → Factory 1
05/04/2026 02:40:18 AM INFO mip_v1 - print:   Machine 1: completion time = 10.01
05/04/2026 02:40:18 AM INFO mip_v1 - print:   Machine 2: completion time = 20.23
05/04/2026 02:40:18 AM INFO mip_v1 - print:   Machine 3: completion time = 29.57
05/04/2026 02:40:18 AM INFO mip_v1 - print:   Machine 4: completion time = 39.64
05/04/2026 02:40:18 AM INFO mip_v1 - print:   Machine 5: completion time = 48.87
05/04/2026 02:40:18 AM INFO mip_v1 - print:   Delivery: 51.47 (Deadline: 70.60, Delay: 0.00)
05/04/2026 02:40:18 AM INFO mip_v1 - print: 
05/04/2026 02:40:18 AM INFO mip_v1 - print: Order 72 → Factory 4
05/04/2026 02:40:18 AM INFO mip_v1 - print:   Machine 1: completion time = 18.21
05/04/2026 02:40:18 AM INFO mip_v1 - print:   Machine 2: completion time = 27.38
05/04/2026 02:40:18 AM INFO mip_v1 - print:   Machine 3: completion time = 38.30
05/04/2026 02:40:18 AM INFO mip_v1 - print:   Machine 4: completion time = 48.82
05/04/2026 02:40:18 AM INFO mip_v1 - print:   Machine 5: completion time = 59.26
05/04/2026 02:40:18 AM INFO mip_v1 - print:   Delivery: 63.26 (Deadline: 73.80, Delay: 0.00)
05/04/2026 02:40:18 AM INFO mip_v1 - print: 
05/04/2026 02:40:18 AM INFO mip_v1 - print: Order 73 → Factory 8
05/04/2026 02:40:18 AM INFO mip_v1 - print:   Machine 1: completion time = 141.46
05/04/2026 02:40:18 AM INFO mip_v1 - print:   Machine 2: completion time = 150.51
05/04/2026 02:40:18 AM INFO mip_v1 - print:   Machine 3: completion time = 161.40
05/04/2026 02:40:18 AM INFO mip_v1 - print:   Delivery: 164.80 (Deadline: 164.80, Delay: 0.00)
05/04/2026 02:40:18 AM INFO mip_v1 - print: 
05/04/2026 02:40:18 AM INFO mip_v1 - print: Order 74 → Factory 8
05/04/2026 02:40:18 AM INFO mip_v1 - print:   Machine 1: completion time = 53.43
05/04/2026 02:40:18 AM INFO mip_v1 - print:   Machine 2: completion time = 63.76
05/04/2026 02:40:18 AM INFO mip_v1 - print:   Machine 3: completion time = 74.67
05/04/2026 02:40:18 AM INFO mip_v1 - print:   Delivery: 76.87 (Deadline: 81.70, Delay: 0.00)
05/04/2026 02:40:18 AM INFO mip_v1 - print: 
05/04/2026 02:40:18 AM INFO mip_v1 - print: Order 76 → Factory 8
05/04/2026 02:40:18 AM INFO mip_v1 - print:   Machine 1: completion time = 81.43
05/04/2026 02:40:18 AM INFO mip_v1 - print:   Machine 2: completion time = 92.89
05/04/2026 02:40:18 AM INFO mip_v1 - print:   Machine 3: completion time = 104.38
05/04/2026 02:40:18 AM INFO mip_v1 - print:   Delivery: 106.98 (Deadline: 138.40, Delay: 0.00)
05/04/2026 02:40:18 AM INFO mip_v1 - print: 
05/04/2026 02:40:18 AM INFO mip_v1 - print: Order 78 → Factory 7
05/04/2026 02:40:18 AM INFO mip_v1 - print:   Machine 1: completion time = 45.39
05/04/2026 02:40:18 AM INFO mip_v1 - print:   Machine 2: completion time = 54.37
05/04/2026 02:40:18 AM INFO mip_v1 - print:   Machine 3: completion time = 59.52
05/04/2026 02:40:18 AM INFO mip_v1 - print:   Delivery: 62.12 (Deadline: 88.40, Delay: 0.00)
05/04/2026 02:40:18 AM INFO mip_v1 - print: 
05/04/2026 02:40:18 AM INFO mip_v1 - print: Order 79 → Factory 4
05/04/2026 02:40:18 AM INFO mip_v1 - print:   Machine 1: completion time = 52.20
05/04/2026 02:40:18 AM INFO mip_v1 - print:   Machine 2: completion time = 60.49
05/04/2026 02:40:18 AM INFO mip_v1 - print:   Machine 3: completion time = 74.43
05/04/2026 02:40:18 AM INFO mip_v1 - print:   Machine 4: completion time = 83.95
05/04/2026 02:40:18 AM INFO mip_v1 - print:   Machine 5: completion time = 92.81
05/04/2026 02:40:18 AM INFO mip_v1 - print:   Delivery: 96.51 (Deadline: 98.70, Delay: 0.00)
05/04/2026 02:40:18 AM INFO mip_v1 - print: 
05/04/2026 02:40:18 AM INFO mip_v1 - print: Order 80 → Factory 7
05/04/2026 02:40:18 AM INFO mip_v1 - print:   Machine 1: completion time = 121.26
05/04/2026 02:40:18 AM INFO mip_v1 - print:   Machine 2: completion time = 132.35
05/04/2026 02:40:18 AM INFO mip_v1 - print:   Machine 3: completion time = 145.92
05/04/2026 02:40:18 AM INFO mip_v1 - print:   Delivery: 149.92 (Deadline: 156.60, Delay: 0.00)
05/04/2026 02:40:18 AM INFO mip_v1 - print: 
05/04/2026 02:40:18 AM INFO mip_v1 - print: Order 81 → Factory 5
05/04/2026 02:40:18 AM INFO mip_v1 - print:   Machine 1: completion time = 63.53
05/04/2026 02:40:18 AM INFO mip_v1 - print:   Machine 2: completion time = 79.89
05/04/2026 02:40:18 AM INFO mip_v1 - print:   Machine 3: completion time = 104.26
05/04/2026 02:40:18 AM INFO mip_v1 - print:   Delivery: 105.66 (Deadline: 108.20, Delay: 0.00)
05/04/2026 02:40:18 AM INFO mip_v1 - print: 
05/04/2026 02:40:18 AM INFO mip_v1 - print: Order 82 → Factory 5
05/04/2026 02:40:18 AM INFO mip_v1 - print:   Machine 1: completion time = 107.69
05/04/2026 02:40:18 AM INFO mip_v1 - print:   Machine 2: completion time = 116.68
05/04/2026 02:40:18 AM INFO mip_v1 - print:   Machine 3: completion time = 132.75
05/04/2026 02:40:18 AM INFO mip_v1 - print:   Delivery: 140.35 (Deadline: 147.00, Delay: 0.00)
05/04/2026 02:40:18 AM INFO mip_v1 - print: 
05/04/2026 02:40:18 AM INFO mip_v1 - print: Order 83 → Factory 10
05/04/2026 02:40:18 AM INFO mip_v1 - print:   Machine 1: completion time = 59.24
05/04/2026 02:40:18 AM INFO mip_v1 - print:   Machine 2: completion time = 66.50
05/04/2026 02:40:18 AM INFO mip_v1 - print:   Machine 3: completion time = 77.00
05/04/2026 02:40:18 AM INFO mip_v1 - print:   Delivery: 84.20 (Deadline: 84.20, Delay: 0.00)
05/04/2026 02:40:18 AM INFO mip_v1 - print: 
05/04/2026 02:40:18 AM INFO mip_v1 - print: Order 84 → Factory 8
05/04/2026 02:40:18 AM INFO mip_v1 - print:   Machine 1: completion time = 35.15
05/04/2026 02:40:18 AM INFO mip_v1 - print:   Machine 2: completion time = 53.43
05/04/2026 02:40:18 AM INFO mip_v1 - print:   Machine 3: completion time = 61.49
05/04/2026 02:40:18 AM INFO mip_v1 - print:   Delivery: 63.79 (Deadline: 67.50, Delay: 0.00)
05/04/2026 02:40:18 AM INFO mip_v1 - print: 
05/04/2026 02:40:18 AM INFO mip_v1 - print: Order 85 → Factory 4
05/04/2026 02:40:18 AM INFO mip_v1 - print:   Machine 1: completion time = 73.78
05/04/2026 02:40:18 AM INFO mip_v1 - print:   Machine 2: completion time = 84.45
05/04/2026 02:40:18 AM INFO mip_v1 - print:   Machine 3: completion time = 95.04
05/04/2026 02:40:18 AM INFO mip_v1 - print:   Machine 4: completion time = 106.53
05/04/2026 02:40:18 AM INFO mip_v1 - print:   Machine 5: completion time = 112.20
05/04/2026 02:40:18 AM INFO mip_v1 - print:   Delivery: 113.50 (Deadline: 113.50, Delay: 0.00)
05/04/2026 02:40:18 AM INFO mip_v1 - print: 
05/04/2026 02:40:18 AM INFO mip_v1 - print: Order 88 → Factory 2
05/04/2026 02:40:18 AM INFO mip_v1 - print:   Machine 1: completion time = 19.22
05/04/2026 02:40:18 AM INFO mip_v1 - print:   Machine 2: completion time = 28.39
05/04/2026 02:40:18 AM INFO mip_v1 - print:   Machine 3: completion time = 38.00
05/04/2026 02:40:18 AM INFO mip_v1 - print:   Machine 4: completion time = 50.91
05/04/2026 02:40:18 AM INFO mip_v1 - print:   Delivery: 52.11 (Deadline: 67.60, Delay: 0.00)
05/04/2026 02:40:18 AM INFO mip_v1 - print: 
05/04/2026 02:40:18 AM INFO mip_v1 - print: Order 90 → Factory 10
05/04/2026 02:40:18 AM INFO mip_v1 - print:   Machine 1: completion time = 87.97
05/04/2026 02:40:18 AM INFO mip_v1 - print:   Machine 2: completion time = 97.79
05/04/2026 02:40:18 AM INFO mip_v1 - print:   Machine 3: completion time = 121.49
05/04/2026 02:40:18 AM INFO mip_v1 - print:   Delivery: 128.09 (Deadline: 139.60, Delay: 0.00)
05/04/2026 02:40:18 AM INFO mip_v1 - print: 
05/04/2026 02:40:18 AM INFO mip_v1 - print: Order 91 → Factory 3
05/04/2026 02:40:18 AM INFO mip_v1 - print:   Machine 1: completion time = 84.59
05/04/2026 02:40:18 AM INFO mip_v1 - print:   Machine 2: completion time = 93.01
05/04/2026 02:40:18 AM INFO mip_v1 - print:   Machine 3: completion time = 101.25
05/04/2026 02:40:18 AM INFO mip_v1 - print:   Machine 4: completion time = 107.29
05/04/2026 02:40:18 AM INFO mip_v1 - print:   Machine 5: completion time = 119.90
05/04/2026 02:40:18 AM INFO mip_v1 - print:   Delivery: 126.00 (Deadline: 126.00, Delay: 0.00)
05/04/2026 02:40:18 AM INFO mip_v1 - print: 
05/04/2026 02:40:18 AM INFO mip_v1 - print: Order 92 → Factory 4
05/04/2026 02:40:18 AM INFO mip_v1 - print:   Machine 1: completion time = 84.52
05/04/2026 02:40:18 AM INFO mip_v1 - print:   Machine 2: completion time = 95.04
05/04/2026 02:40:18 AM INFO mip_v1 - print:   Machine 3: completion time = 106.79
05/04/2026 02:40:18 AM INFO mip_v1 - print:   Machine 4: completion time = 120.84
05/04/2026 02:40:18 AM INFO mip_v1 - print:   Machine 5: completion time = 132.40
05/04/2026 02:40:18 AM INFO mip_v1 - print:   Delivery: 136.70 (Deadline: 145.30, Delay: 0.00)
05/04/2026 02:40:18 AM INFO mip_v1 - print: 
05/04/2026 02:40:18 AM INFO mip_v1 - print: Order 94 → Factory 4
05/04/2026 02:40:18 AM INFO mip_v1 - print:   Machine 1: completion time = 34.49
05/04/2026 02:40:18 AM INFO mip_v1 - print:   Machine 2: completion time = 43.18
05/04/2026 02:40:18 AM INFO mip_v1 - print:   Machine 3: completion time = 55.27
05/04/2026 02:40:18 AM INFO mip_v1 - print:   Machine 4: completion time = 65.27
05/04/2026 02:40:18 AM INFO mip_v1 - print:   Machine 5: completion time = 74.96
05/04/2026 02:40:18 AM INFO mip_v1 - print:   Delivery: 79.06 (Deadline: 92.00, Delay: 0.00)
05/04/2026 02:40:18 AM INFO mip_v1 - print: 
05/04/2026 02:40:18 AM INFO mip_v1 - print: Order 96 → Factory 10
05/04/2026 02:40:18 AM INFO mip_v1 - print:   Machine 1: completion time = 77.58
05/04/2026 02:40:18 AM INFO mip_v1 - print:   Machine 2: completion time = 87.83
05/04/2026 02:40:18 AM INFO mip_v1 - print:   Machine 3: completion time = 98.50
05/04/2026 02:40:18 AM INFO mip_v1 - print:   Delivery: 106.10 (Deadline: 106.10, Delay: 0.00)
05/04/2026 02:40:18 AM INFO mip_v1 - print: 
05/04/2026 02:40:18 AM INFO mip_v1 - print: Order 97 → Factory 10
05/04/2026 02:40:18 AM INFO mip_v1 - print:   Machine 1: completion time = 45.78
05/04/2026 02:40:18 AM INFO mip_v1 - print:   Machine 2: completion time = 53.92
05/04/2026 02:40:18 AM INFO mip_v1 - print:   Machine 3: completion time = 62.75
05/04/2026 02:40:18 AM INFO mip_v1 - print:   Delivery: 64.85 (Deadline: 77.40, Delay: 0.00)
05/04/2026 02:40:18 AM INFO mip_v1 - print: 
05/04/2026 02:40:18 AM INFO mip_v1 - print: Order 100 → Factory 4
05/04/2026 02:40:18 AM INFO mip_v1 - print:   Machine 1: completion time = 118.33
05/04/2026 02:40:18 AM INFO mip_v1 - print:   Machine 2: completion time = 131.12
05/04/2026 02:40:18 AM INFO mip_v1 - print:   Machine 3: completion time = 138.98
05/04/2026 02:40:18 AM INFO mip_v1 - print:   Machine 4: completion time = 153.87
05/04/2026 02:40:18 AM INFO mip_v1 - print:   Machine 5: completion time = 160.40
05/04/2026 02:40:18 AM INFO mip_v1 - print:   Delivery: 163.30 (Deadline: 163.30, Delay: 0.00)
05/04/2026 02:40:18 AM INFO mip_v1 - print: 
05/04/2026 02:40:18 AM INFO mip_v1 - print: ------------------------------------------------------------
05/04/2026 02:40:18 AM INFO mip_v1 - print: COST BREAKDOWN
05/04/2026 02:40:18 AM INFO mip_v1 - print: ------------------------------------------------------------
05/04/2026 02:40:18 AM INFO mip_v1 - print: Total Revenue:          +    79012.00
05/04/2026 02:40:18 AM INFO mip_v1 - print: Production Cost:        -    35763.49
05/04/2026 02:40:18 AM INFO mip_v1 - print: Transport Cost:         -    14035.10
05/04/2026 02:40:18 AM INFO mip_v1 - print: Delay Penalty:          -      116.56
05/04/2026 02:40:18 AM INFO mip_v1 - print: ------------------------------------------------------------
05/04/2026 02:40:18 AM INFO mip_v1 - print: Total Profit:           =    29096.84
