
Gurobi 10.0.1 (win64) logging started Mon May  4 01:39:26 2026

Set parameter LogFile to value "D:\Project_Code\Paper\DP_LBBD_1\DP_lbbd\Algorithm\Results\mip_v1\xlarge\exp_10f_100j_seed5\log\exp_10f_100j_seed5_gurobi.log"
Set parameter LogToConsole to value 0
Gurobi Optimizer version 10.0.1 build v10.0.1rc0 (win64)

CPU model: Intel(R) Core(TM) Ultra 7 265KF, instruction set [SSE2|AVX|AVX2]
Thread count: 20 physical cores, 20 logical processors, using up to 20 threads

Optimize a model with 803060 rows, 401300 columns and 3987020 nonzeros
Model fingerprint: 0x245f624b
Variable types: 4200 continuous, 397100 integer (397100 binary)
Coefficient statistics:
  Matrix range     [1e+00, 2e+02]
  Objective range  [1e+01, 2e+03]
  Bounds range     [1e+00, 2e+02]
  RHS range        [1e+00, 5e+02]
Found heuristic solution: objective -0.0000000
Presolve removed 444448 rows and 221894 columns (presolve time = 5s) ...
Presolve removed 477838 rows and 238589 columns (presolve time = 10s) ...
Presolve removed 477838 rows and 238589 columns
Presolve time: 10.96s
Presolved: 325222 rows, 162711 columns, 1609618 nonzeros
Variable types: 2732 continuous, 159979 integer (159979 binary)

Deterministic concurrent LP optimizer: primal simplex, dual simplex, and barrier
Showing barrier log only...

Root barrier log...

Ordering time: 0.10s

Barrier statistics:
 Dense cols : 3165
 AA' NZ     : 1.459e+06
 Factor NZ  : 2.774e+06 (roughly 200 MB of memory)
 Factor Ops : 4.627e+08 (less than 1 second per iteration)
 Threads    : 18

                  Objective                Residual
Iter       Primal          Dual         Primal    Dual     Compl     Time
   0  -2.24794196e+07  1.16851185e+09  3.36e+03 1.54e+02  1.72e+05    14s
   1  -1.96908439e+07  1.17176849e+09  3.01e+03 1.84e+02  1.28e+05    14s
   2  -1.38646598e+07  2.34795918e+09  2.14e+03 4.92e-08  9.37e+04    14s
   3  -1.12921501e+06  2.20218214e+09  1.78e+02 1.52e-07  1.02e+04    14s
   4  -1.86655784e+05  9.80337255e+08  3.02e+01 2.88e-07  2.08e+03    14s
   5  -4.05739334e+04  1.47732031e+08  5.84e+00 8.07e-08  2.48e+02    15s
   6  -1.41308514e+04  3.03863767e+07  1.85e+00 1.86e-08  4.87e+01    15s
   7   1.38736262e+03  1.34135362e+07  3.89e-01 8.12e-09  2.09e+01    15s
   8   7.43750124e+03  1.95334142e+06  3.60e-02 1.02e-09  3.00e+00    15s
   9   1.60205286e+04  8.51866359e+05  3.05e-03 1.93e-09  1.29e+00    15s
  10   2.41068941e+04  4.62999771e+05  1.12e-03 4.37e-09  6.75e-01    15s
  11   3.45824310e+04  2.61581219e+05  3.00e-04 3.95e-09  3.49e-01    15s
  12   4.00931816e+04  1.43735439e+05  1.30e-04 3.47e-09  1.59e-01    15s
  13   4.24055889e+04  9.25616886e+04  6.60e-05 1.06e-08  7.71e-02    15s
  14   4.25091152e+04  8.23554129e+04  6.32e-05 9.89e-09  6.13e-02    15s
  15   4.41366115e+04  5.83172980e+04  1.86e-05 2.31e-09  2.18e-02    15s
  16   4.46447701e+04  4.58903338e+04  4.26e-06 6.15e-09  1.91e-03    15s
  17   4.47908319e+04  4.48262161e+04  3.85e-07 4.39e-08  5.44e-05    15s
  18   4.48023453e+04  4.48057399e+04  8.52e-08 4.46e-09  5.22e-06    16s
  19   4.48054946e+04  4.48055710e+04  1.66e-10 1.54e-09  1.17e-07    16s
  20   4.48055338e+04  4.48055341e+04  1.18e-12 1.51e-10  4.42e-10    16s

Barrier solved model in 20 iterations and 15.66 seconds (14.79 work units)
Optimal objective 4.48055338e+04


Root crossover log...

    4553 DPushes remaining with DInf 0.0000000e+00                16s
       0 DPushes remaining with DInf 0.0000000e+00                16s

    2078 PPushes remaining with PInf 0.0000000e+00                16s
       0 PPushes remaining with PInf 0.0000000e+00                16s

  Push phase complete: Pinf 0.0000000e+00, Dinf 1.4649393e-13     16s


Root simplex log...

Iteration    Objective       Primal Inf.    Dual Inf.      Time
    5968    4.4805534e+04   0.000000e+00   0.000000e+00     16s
    5968    4.4805534e+04   0.000000e+00   0.000000e+00     16s
Concurrent spin time: 0.79s (can be avoided by choosing Method=3)

Solved with dual simplex

Root relaxation: objective 4.480553e+04, 11250 iterations, 3.24 seconds (4.52 work units)

    Nodes    |    Current Node    |     Objective Bounds      |     Work
 Expl Unexpl |  Obj  Depth IntInf | Incumbent    BestBd   Gap | It/Node Time

     0     0 44805.5339    0 1132   -0.00000 44805.5339      -     -   18s
H    0     0                    24460.732247 44805.5339  83.2%     -   35s
     0     0 44479.3333    0 1001 24460.7322 44479.3333  81.8%     -   37s
H    0     0                    24761.947937 44479.3333  79.6%     -   57s
     0     0 44478.9556    0  998 24761.9479 44478.9556  79.6%     -   57s
     0     0 44478.9556    0  985 24761.9479 44478.9556  79.6%     -   57s
     0     0 44415.9602    0 1026 24761.9479 44415.9602  79.4%     -   59s
     0     0 44415.6334    0 1032 24761.9479 44415.6334  79.4%     -   74s
     0     0 44407.8232    0  965 24761.9479 44407.8232  79.3%     -   75s
     0     0 44407.8232    0  952 24761.9479 44407.8232  79.3%     -   75s
     0     0 44403.9895    0 1061 24761.9479 44403.9895  79.3%     -   77s
     0     0 44403.5011    0 1028 24761.9479 44403.5011  79.3%     -  103s
     0     0 44396.1744    0 1013 24761.9479 44396.1744  79.3%     -  103s
     0     0 44396.1744    0  949 24761.9479 44396.1744  79.3%     -  104s
     0     0 44376.4160    0 1014 24761.9479 44376.4160  79.2%     -  106s
     0     0 44375.7581    0  971 24761.9479 44375.7581  79.2%     -  124s
     0     0 44375.6729    0  992 24761.9479 44375.6729  79.2%     -  124s
     0     0 44375.6729    0  947 24761.9479 44375.6729  79.2%     -  125s
     0     0 44375.6729    0 1046 24761.9479 44375.6729  79.2%     -  126s
     0     0 44375.6729    0 1014 24761.9479 44375.6729  79.2%     -  140s
     0     0 44375.6729    0 1020 24761.9479 44375.6729  79.2%     -  141s
     0     0 44375.1430    0 1076 24761.9479 44375.1430  79.2%     -  157s
     0     0 44374.8201    0 1163 24761.9479 44374.8201  79.2%     -  157s
     0     0 44374.4423    0 1039 24761.9479 44374.4423  79.2%     -  158s
     0     0 44374.4423    0  998 24761.9479 44374.4423  79.2%     -  158s
     0     0 44374.1127    0  974 24761.9479 44374.1127  79.2%     -  162s
     0     0 44374.1127    0 1116 24761.9479 44374.1127  79.2%     -  183s
     0     0 44367.1442    0 1006 24761.9479 44367.1442  79.2%     -  185s
     0     0 44367.1261    0 1008 24761.9479 44367.1261  79.2%     -  201s
     0     0 44367.1261    0 1055 24761.9479 44367.1261  79.2%     -  203s
     0     0 44367.1261    0 1061 24761.9479 44367.1261  79.2%     -  218s
     0     0 44367.1261    0 1122 24761.9479 44367.1261  79.2%     -  219s
     0     0 44366.4381    0 1068 24761.9479 44366.4381  79.2%     -  236s
     0     0 44366.3606    0 1087 24761.9479 44366.3606  79.2%     -  237s
     0     0 44366.3606    0 1071 24761.9479 44366.3606  79.2%     -  237s
     0     0 44365.9300    0  947 24761.9479 44365.9300  79.2%     -  241s
     0     0 44365.9300    0  976 24761.9479 44365.9300  79.2%     -  270s
     0     0 44364.9559    0 1110 24761.9479 44364.9559  79.2%     -  272s
     0     0 44364.5572    0 1048 24761.9479 44364.5572  79.2%     -  295s
     0     0 44364.3618    0 1192 24761.9479 44364.3618  79.2%     -  295s
     0     0 44363.8577    0 1023 24761.9479 44363.8577  79.2%     -  296s
     0     0 44363.8434    0 1057 24761.9479 44363.8434  79.2%     -  297s
     0     0 44363.1324    0 1091 24761.9479 44363.1324  79.2%     -  298s
     0     0 44363.0607    0 1209 24761.9479 44363.0607  79.2%     -  320s
     0     0 44363.0471    0 1173 24761.9479 44363.0471  79.2%     -  321s
     0     0 44361.4789    0 1126 24761.9479 44361.4789  79.2%     -  322s
     0     0 44361.4015    0 1124 24761.9479 44361.4015  79.2%     -  341s
     0     0 44361.4015    0 1059 24761.9479 44361.4015  79.2%     -  342s
     0     0 44348.0731    0 1251 24761.9479 44348.0731  79.1%     -  343s
H    0     0                    24999.462029 44348.0731  77.4%     -  369s
     0     0 44347.9964    0 1164 24999.4620 44347.9964  77.4%     -  370s
     0     0 44347.4916    0 1342 24999.4620 44347.4916  77.4%     -  370s
     0     0 44347.4227    0 1204 24999.4620 44347.4227  77.4%     -  371s
     0     0 44347.3960    0 1310 24999.4620 44347.3960  77.4%     -  371s
     0     0 44340.7837    0 1226 24999.4620 44340.7837  77.4%     -  373s
     0     0 44337.7390    0 1143 24999.4620 44337.7390  77.4%     -  389s
     0     0 44337.7337    0 1214 24999.4620 44337.7337  77.4%     -  390s
     0     0 44327.5404    0 1046 24999.4620 44327.5404  77.3%     -  392s
     0     0 44327.4958    0 1063 24999.4620 44327.4958  77.3%     -  409s
     0     0 44327.2995    0 1314 24999.4620 44327.2995  77.3%     -  411s
     0     0 44326.9701    0 1244 24999.4620 44326.9701  77.3%     -  425s
     0     0 44326.9031    0 1042 24999.4620 44326.9031  77.3%     -  426s
     0     0 44326.8950    0 1124 24999.4620 44326.8950  77.3%     -  426s
     0     0 44311.8879    0 1178 24999.4620 44311.8879  77.3%     -  428s
H    0     0                    25526.450096 44311.8879  73.6%     -  453s
     0     0 44311.8876    0 1150 25526.4501 44311.8876  73.6%     -  453s
     0     0 44311.8492    0 1104 25526.4501 44311.8492  73.6%     -  455s
     0     0 44311.8492    0 1107 25526.4501 44311.8492  73.6%     -  470s
     0     0 44311.1697    0 1163 25526.4501 44311.1697  73.6%     -  471s
     0     0 44311.1635    0 1115 25526.4501 44311.1635  73.6%     -  491s
     0     0 44311.1022    0 1000 25526.4501 44311.1022  73.6%     -  493s
     0     0 44310.9013    0 1195 25526.4501 44310.9013  73.6%     -  507s
     0     0 44310.8117    0 1278 25526.4501 44310.8117  73.6%     -  508s
     0     0 44310.7641    0 1165 25526.4501 44310.7641  73.6%     -  508s
     0     0 44310.7112    0 1282 25526.4501 44310.7112  73.6%     -  510s
     0     0 44310.4191    0 1142 25526.4501 44310.4191  73.6%     -  539s
     0     0 44309.6803    0 1219 25526.4501 44309.6803  73.6%     -  540s
     0     0 44309.1752    0 1214 25526.4501 44309.1752  73.6%     -  541s
     0     0 44308.9327    0 1259 25526.4501 44308.9327  73.6%     -  541s
     0     0 44308.8332    0 1294 25526.4501 44308.8332  73.6%     -  542s
     0     0 44308.8282    0 1099 25526.4501 44308.8282  73.6%     -  543s
     0     0 44307.1670    0 1168 25526.4501 44307.1670  73.6%     -  544s
     0     0 44306.9549    0 1201 25526.4501 44306.9549  73.6%     -  561s
     0     0 44306.9491    0 1141 25526.4501 44306.9491  73.6%     -  561s
     0     0 44306.9052    0 1096 25526.4501 44306.9052  73.6%     -  563s
     0     0 44306.9052    0 1136 25526.4501 44306.9052  73.6%     -  580s
     0     0 44306.8743    0 1190 25526.4501 44306.8743  73.6%     -  582s
     0     0 44306.8743    0  985 25526.4501 44306.8743  73.6%     -  584s
     0     2 44258.9018    0  926 25526.4501 44258.9018  73.4%     -  625s
    15    32 44002.0519    4 1178 25526.4501 44250.0625  73.3%  3239  630s
H   31    50                    25955.798636 44239.3107  70.4%  3331  704s
    51    69 43972.4607    6 1289 25955.7986 44238.7302  70.4%  3410  706s
    91   109 43875.3036    7 1287 25955.7986 44237.1341  70.4%  2681  712s
   144   168 43773.1286    8 1204 25955.7986 44205.3759  70.3%  1947  715s
   205   217 43689.9885   10 1161 25955.7986 44197.6004  70.3%  1563  721s
H  206   217                    26009.159039 44197.6004  69.9%  1555  721s
H  208   217                    26128.259039 44197.6004  69.2%  1544  721s
   260   275 43689.9885   13 1158 26128.2590 44194.2337  69.1%  1349  726s
   324   338 43689.9885   15 1213 26128.2590 44194.2337  69.1%  1172  732s
   392   402 43688.2945   17 1192 26128.2590 44194.2337  69.1%  1082  738s
   426   436 43689.9885   17 1190 26128.2590 44194.2337  69.1%  1049  740s
   502   502 43689.9885   18 1194 26128.2590 44194.2337  69.1%  1028  745s
   583   570 43689.9885   19 1200 26128.2590 44194.2337  69.1%  1012  752s
   633   626 43689.9885   20 1042 26128.2590 44194.2337  69.1%   978  755s
   760   727 43329.6257   27 1047 26128.2590 44194.2337  69.1%   883  761s
   872   842 43329.6257   28  997 26128.2590 44194.2337  69.1%   846  767s
   933   902 43329.6257   29  989 26128.2590 44194.2337  69.1%   829  770s
  1046  1012 43329.6257   32  986 26128.2590 44194.2337  69.1%   815  777s
  1123  1080 43329.6257   33  973 26128.2590 44194.2337  69.1%   801  782s
  1204  1162 43329.6257   34  981 26128.2590 44194.2337  69.1%   775  785s
  1376  1342 43274.6880   40 1005 26128.2590 44194.2337  69.1%   743  794s
  1492  1425 43274.6880   41 1003 26128.2590 44194.2337  69.1%   712  799s
  1585  1535 43273.4505   43 1032 26128.2590 44194.2337  69.1%   695  803s
  1708  1630 43274.6880   44 1035 26128.2590 44194.2337  69.1%   674  808s
  1836  1751 43274.6880   45 1010 26128.2590 44194.2337  69.1%   657  813s
  1972  1857 42704.5177   53 1020 26128.2590 44194.2337  69.1%   638  819s
  2084  2005 42704.5177   54 1019 26128.2590 44194.2337  69.1%   629  824s
  2248  2165 42703.5656   58 1052 26128.2590 44194.2337  69.1%   606  829s
  2420  2342 42704.5177   59 1017 26128.2590 44194.2337  69.1%   587  835s
  2612  2515 42704.5177   62 1053 26128.2590 44194.2337  69.1%   567  841s
  2796  2706 42660.0986   64  967 26128.2590 44194.2337  69.1%   549  846s
  3009  2909 42660.0986   66  939 26128.2590 44194.2337  69.1%   528  852s
  3234  3101 42660.0986   75  915 26128.2590 44194.2337  69.1%   507  860s
  3453  3302 42591.3503   79  926 26128.2590 44194.2337  69.1%   491  867s
  3681  3541 42285.0234   86  890 26128.2590 44194.2337  69.1%   478  873s
  3948  3802 42282.2677   92 1005 26128.2590 44194.2337  69.1%   461  881s
  4231  4039 42200.1642   99  847 26128.2590 44194.2337  69.1%   445  890s
  4499  4321 42200.0306  105  766 26128.2590 44194.2337  69.1%   434  897s
  4805  4667 42155.0707  116  804 26128.2590 44194.2337  69.1%   420  905s
  5194  4996 42155.4121  121  764 26128.2590 44194.2337  69.1%   402  914s
  5554  5300 41598.7916  133  745 26128.2590 44194.2337  69.1%   387  922s
  5938  5575 41522.8140  140  672 26128.2590 44194.2337  69.1%   375  931s
  6284  5836 41419.0469  150  688 26128.2590 44194.2337  69.1%   368  940s
  6592  6142 41081.9172  175  766 26128.2590 44194.2337  69.1%   366  950s
  6903  6509 infeasible  185      26128.2590 44194.2337  69.1%   363  960s
  7308  6932 40543.1600  201  687 26128.2590 44194.2337  69.1%   354  971s
  7756  7369 40375.2738  218  669 26128.2590 44194.2337  69.1%   344  982s
  8235  7814 39920.5610  233  531 26128.2590 44194.2337  69.1%   335  995s
  8718  7815 42987.2441   16  985 26128.2590 44194.2337  69.1%   328 1061s
  8720  7816 36572.3233  200 1548 26128.2590 44194.2337  69.1%   328 1084s
  8721  7817 38810.6139  140  991 26128.2590 44194.2337  69.1%   328 1103s
  8723  7818 39246.4139   76 1108 26128.2590 44194.2337  69.1%   327 1105s
  8726  7820 40174.5440   34 1062 26128.2590 44194.2337  69.1%   327 1113s
  8729  7824 37583.4295  113  985 26128.2590 44194.2337  69.1%   330 1135s
  8731  7825 29261.2989  180  512 26128.2590 44194.2337  69.1%   330 1192s
  8732  7826 41434.6942   39  583 26128.2590 44194.2337  69.1%   330 1202s
  8736  7829 42886.9309   29  543 26128.2590 44194.2337  69.1%   330 1206s
  8737  7829 40957.7160  179  595 26128.2590 44138.6328  68.9%   330 1216s
  8740  7831 38566.6666  124  513 26128.2590 44123.2432  68.9%   330 1230s
  8743  7833 43168.4741   25  537 26128.2590 44112.2221  68.8%   330 1244s
  8745  7835 41676.4753  111  491 26128.2590 44110.9934  68.8%   330 1247s
  8746  7835 38323.1519  127  519 26128.2590 44105.7355  68.8%   330 1260s
  8751  7839 41901.7423  128  489 26128.2590 44080.0041  68.7%   330 1277s
  8755  7841 42632.7543   48  458 26128.2590 44074.5881  68.7%   330 1280s
  8756  7842 42408.7393   65  479 26128.2590 44066.9086  68.7%   329 1292s
  8758  7843 39531.3737  177  490 26128.2590 44064.7424  68.6%   329 1295s
  8759  7844 38740.4374  132  457 26128.2590 44057.8234  68.6%   329 1307s
  8761  7845 41642.6386   45  487 26128.2590 44040.2865  68.6%   329 1323s
  8764  7847 26872.2299  408  501 26128.2590 44035.3010  68.5%   329 1327s
  8765  7848 42327.8474   86  517 26128.2590 44029.7906  68.5%   329 1341s
  8766  7849 41909.4000   38  623 26128.2590 44028.5731  68.5%   329 1345s
  8768  7850 42605.1972   39  460 26128.2590 44022.9620  68.5%   329 1358s
  8769  7851 41861.9052   77  538 26128.2590 44022.1945  68.5%   329 1360s
  8772  7853 35575.6935  168  477 26128.2590 44018.2565  68.5%   329 1374s
  8773  7853 40420.4067   84  494 26128.2590 44016.1879  68.5%   329 1377s
  8777  7856 38526.8875   90  561 26128.2590 44012.8708  68.4%   329 1382s
H 8777  7462                    28066.876519 44012.8708  56.8%   329 1386s
  8778  7463 39289.5909   56  535 28066.8765 44010.6367  56.8%   329 1410s
H 8778  7089                    28088.588175 44010.6367  56.7%   329 1418s
  8781  7091 41050.7090   88  551 28088.5882 44005.1759  56.7%   329 1422s
  8782  7091 42689.7124   67  500 28088.5882 43999.1234  56.6%   328 1436s
  8783  7092 33159.3688  336  520 28088.5882 43997.5826  56.6%   328 1443s
  8784  7093 39896.0764  125  518 28088.5882 43997.3442  56.6%   328 1446s
  8785  7093 28088.5882  191  505 28088.5882 43996.6260  56.6%   328 1469s
  8786  7094 39729.4085  156  564 28088.5882 43995.8695  56.6%   328 1473s
  8787  7095 41884.2697   47  527 28088.5882 43995.4783  56.6%   328 1475s
  8788  7095 41049.9810  161  456 28088.5882 43990.3045  56.6%   328 1491s
  8789  7096 43073.2641   23  587 28088.5882 43989.3867  56.6%   328 1496s
H 8790  6741                    28389.316531 43988.4420  54.9%   328 1525s
  8792  6742 28389.3165  197  525 28389.3165 43988.1481  54.9%   328 1535s
  8793  6743 43277.0809   34  471 28389.3165 43988.0007  54.9%   328 1540s
  8795  6744 35437.0596  242  459 28389.3165 43986.9756  54.9%   328 1557s
  8796  6745 40348.2834  229  577 28389.3165 43986.3499  54.9%   328 1561s
  8799  6747 37434.0707  135  499 28389.3165 43983.7231  54.9%   328 1566s
  8801  6748 41574.8562  105  423 28389.3165 43983.7231  54.9%   328 1577s
  8802  6752 43980.1775   25  411 28389.3165 43983.5084  54.9%   348 1598s
  8808  6762 43957.0865   27  505 28389.3165 43978.3537  54.9%   349 1601s
  8832  6790 43855.2516   29  683 28389.3165 43955.8510  54.8%   355 1608s
  8852  6803 43841.9528   30  715 28389.3165 43946.6466  54.8%   362 1610s
  8954  6871 43487.4623   32  693 28389.3165 43937.2143  54.8%   368 1616s
  9021  6923 43815.9885   34  715 28389.3165 43937.2143  54.8%   366 1620s
  9100  6974 43256.8514   35  696 28389.3165 43937.2143  54.8%   365 1626s
  9153  7008 43213.7427   36  696 28389.3165 43937.2143  54.8%   364 1630s
  9181  7017 43801.8733   37  719 28389.3165 43937.2143  54.8%   363 1727s
H 9193  6674                    28649.704237 43937.2143  53.4%   363 1727s
  9236  6730 43568.4457   38  717 28649.7042 43937.2143  53.4%   362 1730s
  9312  6774 42917.2415   39  706 28649.7042 43937.2143  53.4%   361 1736s
  9389  6848 43581.5706   41  639 28649.7042 43937.2143  53.4%   360 1740s
  9509  6911 40770.5474   42  575 28649.7042 43937.2143  53.4%   358 1748s
  9562  6949 43555.9805   43  697 28649.7042 43937.2143  53.4%   357 1751s
  9698  7059 43558.4316   45  683 28649.7042 43937.2143  53.4%   355 1757s
  9781  7099 43533.8130   47  675 28649.7042 43937.2143  53.4%   353 1762s
  9851  7149 43218.4825   49  675 28649.7042 43937.2143  53.4%   353 1765s
 10000  7240 43190.1092   53  650 28649.7042 43937.2143  53.4%   352 1771s
 10081  7290 41647.4534   54  652 28649.7042 43937.2143  53.4%   350 1776s
 10248  7393 43190.1092   58  647 28649.7042 43937.2143  53.4%   348 1783s
 10332  7457 43184.5546   59  651 28649.7042 43937.2143  53.4%   347 1786s
 10428  7509 43165.9948   61  650 28649.7042 43937.2143  53.4%   346 1792s
 10524  7579 42839.2779   63  668 28649.7042 43937.2143  53.4%   345 1796s
 10636  7655 40777.8529   65  670 28649.7042 43937.2143  53.4%   344 1800s
 10906  7806 42751.7633   69  720 28649.7042 43937.2143  53.4%   341 1809s
 11047  7887 42749.2138   71  581 28649.7042 43937.2143  53.4%   340 1815s
 11177  7983 42743.4949   72  546 28649.7042 43937.2143  53.4%   341 1820s
 11330  8087 42749.3264   73  557 28649.7042 43937.2143  53.4%   340 1828s
 11503  8359 42742.4259   76  553 28649.7042 43937.2143  53.4%   339 1833s
 11857  8557 42692.6045   79  510 28649.7042 43937.2143  53.4%   335 1841s
 12199  8787 42672.2791   84  511 28649.7042 43937.2143  53.4%   332 1846s
 12622  8885 42672.2791   88  497 28649.7042 43937.2143  53.4%   327 1856s
 12903  9158 42672.2791   92  551 28649.7042 43937.2143  53.4%   324 1862s
 13317  9395 42658.7947   96  546 28649.7042 43937.2143  53.4%   321 1870s
 13726  9527 42658.7947  100  539 28649.7042 43937.2143  53.4%   317 1878s
 14047  9759 42658.7947  102  553 28649.7042 43937.2143  53.4%   315 1885s
 14414 10080 42658.7947  106  487 28649.7042 43937.2143  53.4%   314 1894s
 14924 10226 42649.4760  111  522 28649.7042 43937.2143  53.4%   310 1906s
 15307 10648 42649.4760  113  489 28649.7042 43937.2143  53.4%   308 1914s
 15901 11006 42649.4760  119  480 28649.7042 43937.2143  53.4%   303 1926s
 16521 11323 42593.0317  124  497 28649.7042 43937.2143  53.4%   297 1936s
 17141 11584 40644.5768  130  485 28649.7042 43937.2143  53.4%   292 1949s
 17703 11969 41915.3994  137  486 28649.7042 43937.2143  53.4%   288 1959s
 18355 12310 41870.9803  144  420 28649.7042 43937.2143  53.4%   283 1972s
 19063 12656 41870.9803  154  428 28649.7042 43937.2143  53.4%   278 1982s
 19681 13157 41858.9679  161  434 28649.7042 43937.2143  53.4%   275 2000s
 20456 13672 41864.5442  168  431 28649.7042 43937.2143  53.4%   271 2012s
 21317 14085 41644.5788  175  427 28649.7042 43937.2143  53.4%   265 2030s
 22114 14716 41644.5788  186  397 28649.7042 43937.2143  53.4%   261 2044s
 23109 15730 41644.5788  198  360 28649.7042 43937.2143  53.4%   255 2094s
H23466 15287                    28904.687635 43937.2143  52.0%   253 2094s
 24526 15639 41592.8310  217  375 28904.6876 43937.2143  52.0%   247 2112s
H24648 15292                    28926.401347 43937.2143  51.9%   246 2112s
H25318 15471                    29079.052778 43937.2143  51.1%   242 2133s
 26097 16218 40746.7482  239  372 29079.0528 43937.2143  51.1%   239 2154s
 26939 17029 40690.6001  245  410 29079.0528 43937.2143  51.1%   234 2182s
H27179 17027                    29096.844129 43937.2143  51.0%   232 2182s
 27834 17842 40314.7126  255  369 29096.8441 43937.2143  51.0%   229 2206s
 28795 18636 39575.9166  271  332 29096.8441 43937.2143  51.0%   224 2235s
 29781 19340 38986.0470  285  298 29096.8441 43937.2143  51.0%   219 2261s
 30695 20056 38534.4548  305  281 29096.8441 43937.2143  51.0%   216 2289s
 31671 20938 37309.4304  321  266 29096.8441 43937.2143  51.0%   212 2320s
 32773 21978 36452.8388  340  203 29096.8441 43937.2143  51.0%   208 2353s
 34019 23061 35008.0310  359  179 29096.8441 43937.2143  51.0%   204 2389s
 35398 24140 33712.4008  390  184 29096.8441 43937.2143  51.0%   199 2425s
 36729 25245 infeasible  412      29096.8441 43916.6540  50.9%   195 2449s
 38018 26456 43897.7928   36  685 29096.8441 43916.6540  50.9%   192 2490s
 39383 28051 40960.1620   73  415 29096.8441 43916.6540  50.9%   190 2517s
 41055 29824 36344.6879  175  243 29096.8441 43909.2340  50.9%   186 2570s
 43007 31424 43891.6765   34  690 29096.8441 43909.2340  50.9%   181 2605s
 44771 33122 40960.1368   87  357 29096.8441 43909.2340  50.9%   177 2659s

Cutting planes:
  Learned: 36
  Gomory: 519
  Lift-and-project: 638
  Cover: 159
  Implied bound: 1
  Projected implied bound: 6
  MIR: 3300
  StrongCG: 7
  Flow cover: 3439
  Zero half: 6
  Network: 3
  RLT: 6
  Relax-and-lift: 19

Explored 46610 nodes (8219897 simplex iterations) in 3651.77 seconds (3042.36 work units)
Thread count was 20 (of 20 available processors)

Solution count 10: 29096.8 29079.1 28926.4 ... 26009.2

Time limit reached
Best objective 2.909684412926e+04, best bound 4.390923400253e+04, gap 50.9072%
