04/25/2026 09:25:14 PM INFO mip_v1 - setup_solver_logging: ================================================================================
04/25/2026 09:25:14 PM INFO mip_v1 - setup_solver_logging: Logging started. Log file: D:\Project_Code\Paper\DP_LBBD_1\DP_lbbd\Algorithm\Results\mip_v1\large\exp_7f_60j_seed1\log\exp_7f_60j_seed1_running.log
04/25/2026 09:25:14 PM INFO mip_v1 - print: BigM calculated: 131.8
04/25/2026 09:25:14 PM INFO mip_v1 - print: Adding variables...
04/25/2026 09:25:14 PM INFO mip_v1 - print: Total variables: 87000
04/25/2026 09:25:14 PM INFO mip_v1 - print: Adding constraints...
04/25/2026 09:25:16 PM INFO mip_v1 - print: Total constraints: 174174
04/25/2026 09:25:16 PM INFO mip_v1 - print: Setting objective function...
04/25/2026 09:25:17 PM INFO mip_v1 - print: 
04/25/2026 09:25:17 PM INFO mip_v1 - print: ✓ Model LP written to: D:\Project_Code\Paper\DP_LBBD_1\DP_lbbd\Algorithm\MIP\production_model.lp
04/25/2026 09:25:17 PM INFO mip_v1 - print: 
04/25/2026 09:25:17 PM INFO mip_v1 - print: ============================================================
04/25/2026 09:25:17 PM INFO mip_v1 - print: Starting optimization...
04/25/2026 09:25:17 PM INFO mip_v1 - print: ============================================================
04/25/2026 09:25:17 PM INFO mip_v1 - print: Gurobi native log file: D:\Project_Code\Paper\DP_LBBD_1\DP_lbbd\Algorithm\Results\mip_v1\large\exp_7f_60j_seed1\log\exp_7f_60j_seed1_gurobi.log
04/25/2026 09:55:18 PM INFO mip_v1 - print: 
04/25/2026 09:55:18 PM INFO mip_v1 - print: ============================================================
04/25/2026 09:55:18 PM INFO mip_v1 - print: SOLUTION SUMMARY
04/25/2026 09:55:18 PM INFO mip_v1 - print: ============================================================
04/25/2026 09:55:18 PM INFO mip_v1 - print: ⚠ Time limit reached, best solution found:
04/25/2026 09:55:18 PM INFO mip_v1 - print: 
04/25/2026 09:55:18 PM INFO mip_v1 - print: Objective Value (Total Profit): 21918.53
04/25/2026 09:55:18 PM INFO mip_v1 - print: MIP Gap: 27.15%
04/25/2026 09:55:18 PM INFO mip_v1 - print: 
04/25/2026 09:55:18 PM INFO mip_v1 - print: 📋 Accepted Orders (49/60): [1, 2, 3, 4, 5, 6, 7, 8, 9, 11, 12, 13, 14, 15, 17, 19, 20, 22, 23, 24, 25, 26, 27, 28, 29, 31, 32, 33, 34, 36, 37, 38, 39, 40, 41, 43, 44, 45, 46, 47, 48, 49, 50, 52, 53, 54, 58, 59, 60]
04/25/2026 09:55:18 PM INFO mip_v1 - print: 
04/25/2026 09:55:18 PM INFO mip_v1 - print: ------------------------------------------------------------
04/25/2026 09:55:18 PM INFO mip_v1 - print: ORDER ALLOCATION DETAILS
04/25/2026 09:55:18 PM INFO mip_v1 - print: ------------------------------------------------------------
04/25/2026 09:55:18 PM INFO mip_v1 - print: 
04/25/2026 09:55:18 PM INFO mip_v1 - print: Order 1 → Factory 2
04/25/2026 09:55:18 PM INFO mip_v1 - print:   Machine 1: completion time = 90.77
04/25/2026 09:55:18 PM INFO mip_v1 - print:   Machine 2: completion time = 98.90
04/25/2026 09:55:18 PM INFO mip_v1 - print:   Machine 3: completion time = 107.00
04/25/2026 09:55:18 PM INFO mip_v1 - print:   Delivery: 109.20 (Deadline: 109.20, Delay: 0.00)
04/25/2026 09:55:18 PM INFO mip_v1 - print: 
04/25/2026 09:55:18 PM INFO mip_v1 - print: Order 2 → Factory 5
04/25/2026 09:55:18 PM INFO mip_v1 - print:   Machine 1: completion time = 52.68
04/25/2026 09:55:18 PM INFO mip_v1 - print:   Machine 2: completion time = 61.39
04/25/2026 09:55:18 PM INFO mip_v1 - print:   Machine 3: completion time = 70.64
04/25/2026 09:55:18 PM INFO mip_v1 - print:   Machine 4: completion time = 82.54
04/25/2026 09:55:18 PM INFO mip_v1 - print:   Delivery: 90.74 (Deadline: 90.40, Delay: 0.34)
04/25/2026 09:55:18 PM INFO mip_v1 - print: 
04/25/2026 09:55:18 PM INFO mip_v1 - print: Order 3 → Factory 6
04/25/2026 09:55:18 PM INFO mip_v1 - print:   Machine 1: completion time = 36.26
04/25/2026 09:55:18 PM INFO mip_v1 - print:   Machine 2: completion time = 45.26
04/25/2026 09:55:18 PM INFO mip_v1 - print:   Machine 3: completion time = 55.34
04/25/2026 09:55:18 PM INFO mip_v1 - print:   Delivery: 61.74 (Deadline: 87.30, Delay: 0.00)
04/25/2026 09:55:18 PM INFO mip_v1 - print: 
04/25/2026 09:55:18 PM INFO mip_v1 - print: Order 4 → Factory 5
04/25/2026 09:55:18 PM INFO mip_v1 - print:   Machine 1: completion time = 80.60
04/25/2026 09:55:18 PM INFO mip_v1 - print:   Machine 2: completion time = 89.52
04/25/2026 09:55:18 PM INFO mip_v1 - print:   Machine 3: completion time = 97.79
04/25/2026 09:55:18 PM INFO mip_v1 - print:   Machine 4: completion time = 112.20
04/25/2026 09:55:18 PM INFO mip_v1 - print:   Delivery: 118.60 (Deadline: 118.60, Delay: 0.00)
04/25/2026 09:55:18 PM INFO mip_v1 - print: 
04/25/2026 09:55:18 PM INFO mip_v1 - print: Order 5 → Factory 3
04/25/2026 09:55:18 PM INFO mip_v1 - print:   Machine 1: completion time = 41.02
04/25/2026 09:55:18 PM INFO mip_v1 - print:   Machine 2: completion time = 50.12
04/25/2026 09:55:18 PM INFO mip_v1 - print:   Machine 3: completion time = 62.43
04/25/2026 09:55:18 PM INFO mip_v1 - print:   Delivery: 66.93 (Deadline: 90.00, Delay: 0.00)
04/25/2026 09:55:18 PM INFO mip_v1 - print: 
04/25/2026 09:55:18 PM INFO mip_v1 - print: Order 6 → Factory 2
04/25/2026 09:55:18 PM INFO mip_v1 - print:   Machine 1: completion time = 83.27
04/25/2026 09:55:18 PM INFO mip_v1 - print:   Machine 2: completion time = 91.83
04/25/2026 09:55:18 PM INFO mip_v1 - print:   Machine 3: completion time = 100.01
04/25/2026 09:55:18 PM INFO mip_v1 - print:   Delivery: 103.61 (Deadline: 103.30, Delay: 0.31)
04/25/2026 09:55:18 PM INFO mip_v1 - print: 
04/25/2026 09:55:18 PM INFO mip_v1 - print: Order 7 → Factory 5
04/25/2026 09:55:18 PM INFO mip_v1 - print:   Machine 1: completion time = 59.86
04/25/2026 09:55:18 PM INFO mip_v1 - print:   Machine 2: completion time = 67.32
04/25/2026 09:55:18 PM INFO mip_v1 - print:   Machine 3: completion time = 76.88
04/25/2026 09:55:18 PM INFO mip_v1 - print:   Machine 4: completion time = 89.50
04/25/2026 09:55:18 PM INFO mip_v1 - print:   Delivery: 92.80 (Deadline: 92.30, Delay: 0.50)
04/25/2026 09:55:18 PM INFO mip_v1 - print: 
04/25/2026 09:55:18 PM INFO mip_v1 - print: Order 8 → Factory 2
04/25/2026 09:55:18 PM INFO mip_v1 - print:   Machine 1: completion time = 16.90
04/25/2026 09:55:18 PM INFO mip_v1 - print:   Machine 2: completion time = 25.12
04/25/2026 09:55:18 PM INFO mip_v1 - print:   Machine 3: completion time = 32.82
04/25/2026 09:55:18 PM INFO mip_v1 - print:   Delivery: 38.02 (Deadline: 54.20, Delay: 0.00)
04/25/2026 09:55:18 PM INFO mip_v1 - print: 
04/25/2026 09:55:18 PM INFO mip_v1 - print: Order 9 → Factory 3
04/25/2026 09:55:18 PM INFO mip_v1 - print:   Machine 1: completion time = 32.13
04/25/2026 09:55:18 PM INFO mip_v1 - print:   Machine 2: completion time = 41.42
04/25/2026 09:55:18 PM INFO mip_v1 - print:   Machine 3: completion time = 52.64
04/25/2026 09:55:18 PM INFO mip_v1 - print:   Delivery: 57.04 (Deadline: 74.70, Delay: 0.00)
04/25/2026 09:55:18 PM INFO mip_v1 - print: 
04/25/2026 09:55:18 PM INFO mip_v1 - print: Order 11 → Factory 3
04/25/2026 09:55:18 PM INFO mip_v1 - print:   Machine 1: completion time = 95.93
04/25/2026 09:55:18 PM INFO mip_v1 - print:   Machine 2: completion time = 105.44
04/25/2026 09:55:18 PM INFO mip_v1 - print:   Machine 3: completion time = 115.80
04/25/2026 09:55:18 PM INFO mip_v1 - print:   Delivery: 122.90 (Deadline: 122.50, Delay: 0.40)
04/25/2026 09:55:18 PM INFO mip_v1 - print: 
04/25/2026 09:55:18 PM INFO mip_v1 - print: Order 12 → Factory 3
04/25/2026 09:55:18 PM INFO mip_v1 - print:   Machine 1: completion time = 25.09
04/25/2026 09:55:18 PM INFO mip_v1 - print:   Machine 2: completion time = 34.24
04/25/2026 09:55:18 PM INFO mip_v1 - print:   Machine 3: completion time = 45.33
04/25/2026 09:55:18 PM INFO mip_v1 - print:   Delivery: 50.43 (Deadline: 54.70, Delay: 0.00)
04/25/2026 09:55:18 PM INFO mip_v1 - print: 
04/25/2026 09:55:18 PM INFO mip_v1 - print: Order 13 → Factory 2
04/25/2026 09:55:18 PM INFO mip_v1 - print:   Machine 1: completion time = 25.90
04/25/2026 09:55:18 PM INFO mip_v1 - print:   Machine 2: completion time = 32.82
04/25/2026 09:55:18 PM INFO mip_v1 - print:   Machine 3: completion time = 50.26
04/25/2026 09:55:18 PM INFO mip_v1 - print:   Delivery: 56.06 (Deadline: 67.30, Delay: 0.00)
04/25/2026 09:55:18 PM INFO mip_v1 - print: 
04/25/2026 09:55:18 PM INFO mip_v1 - print: Order 14 → Factory 3
04/25/2026 09:55:18 PM INFO mip_v1 - print:   Machine 1: completion time = 17.16
04/25/2026 09:55:18 PM INFO mip_v1 - print:   Machine 2: completion time = 26.69
04/25/2026 09:55:18 PM INFO mip_v1 - print:   Machine 3: completion time = 37.26
04/25/2026 09:55:18 PM INFO mip_v1 - print:   Delivery: 41.26 (Deadline: 59.80, Delay: 0.00)
04/25/2026 09:55:18 PM INFO mip_v1 - print: 
04/25/2026 09:55:18 PM INFO mip_v1 - print: Order 15 → Factory 2
04/25/2026 09:55:18 PM INFO mip_v1 - print:   Machine 1: completion time = 54.23
04/25/2026 09:55:18 PM INFO mip_v1 - print:   Machine 2: completion time = 65.23
04/25/2026 09:55:18 PM INFO mip_v1 - print:   Machine 3: completion time = 75.27
04/25/2026 09:55:18 PM INFO mip_v1 - print:   Delivery: 81.27 (Deadline: 85.20, Delay: 0.00)
04/25/2026 09:55:18 PM INFO mip_v1 - print: 
04/25/2026 09:55:18 PM INFO mip_v1 - print: Order 17 → Factory 3
04/25/2026 09:55:18 PM INFO mip_v1 - print:   Machine 1: completion time = 80.02
04/25/2026 09:55:18 PM INFO mip_v1 - print:   Machine 2: completion time = 95.71
04/25/2026 09:55:18 PM INFO mip_v1 - print:   Machine 3: completion time = 105.44
04/25/2026 09:55:18 PM INFO mip_v1 - print:   Delivery: 106.74 (Deadline: 111.00, Delay: 0.00)
04/25/2026 09:55:18 PM INFO mip_v1 - print: 
04/25/2026 09:55:18 PM INFO mip_v1 - print: Order 19 → Factory 3
04/25/2026 09:55:18 PM INFO mip_v1 - print:   Machine 1: completion time = 69.95
04/25/2026 09:55:18 PM INFO mip_v1 - print:   Machine 2: completion time = 82.06
04/25/2026 09:55:18 PM INFO mip_v1 - print:   Machine 3: completion time = 95.71
04/25/2026 09:55:18 PM INFO mip_v1 - print:   Delivery: 98.81 (Deadline: 103.00, Delay: 0.00)
04/25/2026 09:55:18 PM INFO mip_v1 - print: 
04/25/2026 09:55:18 PM INFO mip_v1 - print: Order 20 → Factory 3
04/25/2026 09:55:18 PM INFO mip_v1 - print:   Machine 1: completion time = 61.99
04/25/2026 09:55:18 PM INFO mip_v1 - print:   Machine 2: completion time = 74.14
04/25/2026 09:55:18 PM INFO mip_v1 - print:   Machine 3: completion time = 87.32
04/25/2026 09:55:18 PM INFO mip_v1 - print:   Delivery: 94.72 (Deadline: 96.80, Delay: 0.00)
04/25/2026 09:55:18 PM INFO mip_v1 - print: 
04/25/2026 09:55:18 PM INFO mip_v1 - print: Order 22 → Factory 7
04/25/2026 09:55:18 PM INFO mip_v1 - print:   Machine 1: completion time = 41.24
04/25/2026 09:55:18 PM INFO mip_v1 - print:   Machine 2: completion time = 51.23
04/25/2026 09:55:18 PM INFO mip_v1 - print:   Machine 3: completion time = 61.88
04/25/2026 09:55:18 PM INFO mip_v1 - print:   Delivery: 66.38 (Deadline: 76.40, Delay: 0.00)
04/25/2026 09:55:18 PM INFO mip_v1 - print: 
04/25/2026 09:55:18 PM INFO mip_v1 - print: Order 23 → Factory 7
04/25/2026 09:55:18 PM INFO mip_v1 - print:   Machine 1: completion time = 48.47
04/25/2026 09:55:18 PM INFO mip_v1 - print:   Machine 2: completion time = 57.88
04/25/2026 09:55:18 PM INFO mip_v1 - print:   Machine 3: completion time = 68.44
04/25/2026 09:55:18 PM INFO mip_v1 - print:   Delivery: 70.04 (Deadline: 69.00, Delay: 1.04)
04/25/2026 09:55:18 PM INFO mip_v1 - print: 
04/25/2026 09:55:18 PM INFO mip_v1 - print: Order 24 → Factory 1
04/25/2026 09:55:18 PM INFO mip_v1 - print:   Machine 1: completion time = 53.50
04/25/2026 09:55:18 PM INFO mip_v1 - print:   Machine 2: completion time = 68.58
04/25/2026 09:55:18 PM INFO mip_v1 - print:   Machine 3: completion time = 78.17
04/25/2026 09:55:18 PM INFO mip_v1 - print:   Machine 4: completion time = 85.31
04/25/2026 09:55:18 PM INFO mip_v1 - print:   Delivery: 90.61 (Deadline: 87.50, Delay: 3.11)
04/25/2026 09:55:18 PM INFO mip_v1 - print: 
04/25/2026 09:55:18 PM INFO mip_v1 - print: Order 25 → Factory 2
04/25/2026 09:55:18 PM INFO mip_v1 - print:   Machine 1: completion time = 42.71
04/25/2026 09:55:18 PM INFO mip_v1 - print:   Machine 2: completion time = 54.23
04/25/2026 09:55:18 PM INFO mip_v1 - print:   Machine 3: completion time = 65.23
04/25/2026 09:55:18 PM INFO mip_v1 - print:   Delivery: 71.43 (Deadline: 82.50, Delay: 0.00)
04/25/2026 09:55:18 PM INFO mip_v1 - print: 
04/25/2026 09:55:18 PM INFO mip_v1 - print: Order 26 → Factory 4
04/25/2026 09:55:18 PM INFO mip_v1 - print:   Machine 1: completion time = 11.01
04/25/2026 09:55:18 PM INFO mip_v1 - print:   Machine 2: completion time = 20.53
04/25/2026 09:55:18 PM INFO mip_v1 - print:   Machine 3: completion time = 29.86
04/25/2026 09:55:18 PM INFO mip_v1 - print:   Machine 4: completion time = 40.04
04/25/2026 09:55:18 PM INFO mip_v1 - print:   Delivery: 41.24 (Deadline: 57.70, Delay: 0.00)
04/25/2026 09:55:18 PM INFO mip_v1 - print: 
04/25/2026 09:55:18 PM INFO mip_v1 - print: Order 27 → Factory 1
04/25/2026 09:55:18 PM INFO mip_v1 - print:   Machine 1: completion time = 46.35
04/25/2026 09:55:18 PM INFO mip_v1 - print:   Machine 2: completion time = 57.80
04/25/2026 09:55:18 PM INFO mip_v1 - print:   Machine 3: completion time = 68.58
04/25/2026 09:55:18 PM INFO mip_v1 - print:   Machine 4: completion time = 78.17
04/25/2026 09:55:18 PM INFO mip_v1 - print:   Delivery: 82.37 (Deadline: 91.30, Delay: 0.00)
04/25/2026 09:55:18 PM INFO mip_v1 - print: 
04/25/2026 09:55:18 PM INFO mip_v1 - print: Order 28 → Factory 7
04/25/2026 09:55:18 PM INFO mip_v1 - print:   Machine 1: completion time = 58.98
04/25/2026 09:55:18 PM INFO mip_v1 - print:   Machine 2: completion time = 66.88
04/25/2026 09:55:18 PM INFO mip_v1 - print:   Machine 3: completion time = 76.06
04/25/2026 09:55:18 PM INFO mip_v1 - print:   Delivery: 79.76 (Deadline: 98.50, Delay: 0.00)
04/25/2026 09:55:18 PM INFO mip_v1 - print: 
04/25/2026 09:55:18 PM INFO mip_v1 - print: Order 29 → Factory 2
04/25/2026 09:55:18 PM INFO mip_v1 - print:   Machine 1: completion time = 72.34
04/25/2026 09:55:18 PM INFO mip_v1 - print:   Machine 2: completion time = 83.27
04/25/2026 09:55:18 PM INFO mip_v1 - print:   Machine 3: completion time = 91.83
04/25/2026 09:55:18 PM INFO mip_v1 - print:   Delivery: 93.13 (Deadline: 93.90, Delay: 0.00)
04/25/2026 09:55:18 PM INFO mip_v1 - print: 
04/25/2026 09:55:18 PM INFO mip_v1 - print: Order 31 → Factory 5
04/25/2026 09:55:18 PM INFO mip_v1 - print:   Machine 1: completion time = 34.55
04/25/2026 09:55:18 PM INFO mip_v1 - print:   Machine 2: completion time = 44.77
04/25/2026 09:55:18 PM INFO mip_v1 - print:   Machine 3: completion time = 50.26
04/25/2026 09:55:18 PM INFO mip_v1 - print:   Machine 4: completion time = 60.10
04/25/2026 09:55:18 PM INFO mip_v1 - print:   Delivery: 68.20 (Deadline: 68.20, Delay: 0.00)
04/25/2026 09:55:18 PM INFO mip_v1 - print: 
04/25/2026 09:55:18 PM INFO mip_v1 - print: Order 32 → Factory 6
04/25/2026 09:55:18 PM INFO mip_v1 - print:   Machine 1: completion time = 46.48
04/25/2026 09:55:18 PM INFO mip_v1 - print:   Machine 2: completion time = 56.33
04/25/2026 09:55:18 PM INFO mip_v1 - print:   Machine 3: completion time = 78.83
04/25/2026 09:55:18 PM INFO mip_v1 - print:   Delivery: 81.63 (Deadline: 92.50, Delay: 0.00)
04/25/2026 09:55:18 PM INFO mip_v1 - print: 
04/25/2026 09:55:18 PM INFO mip_v1 - print: Order 33 → Factory 5
04/25/2026 09:55:18 PM INFO mip_v1 - print:   Machine 1: completion time = 45.98
04/25/2026 09:55:18 PM INFO mip_v1 - print:   Machine 2: completion time = 55.62
04/25/2026 09:55:18 PM INFO mip_v1 - print:   Machine 3: completion time = 64.99
04/25/2026 09:55:18 PM INFO mip_v1 - print:   Machine 4: completion time = 76.00
04/25/2026 09:55:18 PM INFO mip_v1 - print:   Delivery: 78.60 (Deadline: 84.80, Delay: 0.00)
04/25/2026 09:55:18 PM INFO mip_v1 - print: 
04/25/2026 09:55:18 PM INFO mip_v1 - print: Order 34 → Factory 6
04/25/2026 09:55:18 PM INFO mip_v1 - print:   Machine 1: completion time = 52.72
04/25/2026 09:55:18 PM INFO mip_v1 - print:   Machine 2: completion time = 62.18
04/25/2026 09:55:18 PM INFO mip_v1 - print:   Machine 3: completion time = 68.17
04/25/2026 09:55:18 PM INFO mip_v1 - print:   Delivery: 76.57 (Deadline: 80.10, Delay: 0.00)
04/25/2026 09:55:18 PM INFO mip_v1 - print: 
04/25/2026 09:55:18 PM INFO mip_v1 - print: Order 36 → Factory 2
04/25/2026 09:55:18 PM INFO mip_v1 - print:   Machine 1: completion time = 65.23
04/25/2026 09:55:18 PM INFO mip_v1 - print:   Machine 2: completion time = 75.53
04/25/2026 09:55:18 PM INFO mip_v1 - print:   Machine 3: completion time = 85.68
04/25/2026 09:55:18 PM INFO mip_v1 - print:   Delivery: 89.28 (Deadline: 98.50, Delay: 0.00)
04/25/2026 09:55:18 PM INFO mip_v1 - print: 
04/25/2026 09:55:18 PM INFO mip_v1 - print: Order 37 → Factory 2
04/25/2026 09:55:18 PM INFO mip_v1 - print:   Machine 1: completion time = 33.90
04/25/2026 09:55:18 PM INFO mip_v1 - print:   Machine 2: completion time = 46.24
04/25/2026 09:55:18 PM INFO mip_v1 - print:   Machine 3: completion time = 57.07
04/25/2026 09:55:18 PM INFO mip_v1 - print:   Delivery: 60.87 (Deadline: 70.80, Delay: 0.00)
04/25/2026 09:55:18 PM INFO mip_v1 - print: 
04/25/2026 09:55:18 PM INFO mip_v1 - print: Order 38 → Factory 7
04/25/2026 09:55:18 PM INFO mip_v1 - print:   Machine 1: completion time = 78.52
04/25/2026 09:55:18 PM INFO mip_v1 - print:   Machine 2: completion time = 87.70
04/25/2026 09:55:18 PM INFO mip_v1 - print:   Machine 3: completion time = 96.50
04/25/2026 09:55:18 PM INFO mip_v1 - print:   Delivery: 96.80 (Deadline: 102.00, Delay: 0.00)
04/25/2026 09:55:18 PM INFO mip_v1 - print: 
04/25/2026 09:55:18 PM INFO mip_v1 - print: Order 39 → Factory 4
04/25/2026 09:55:18 PM INFO mip_v1 - print:   Machine 1: completion time = 23.87
04/25/2026 09:55:18 PM INFO mip_v1 - print:   Machine 2: completion time = 31.23
04/25/2026 09:55:18 PM INFO mip_v1 - print:   Machine 3: completion time = 38.38
04/25/2026 09:55:18 PM INFO mip_v1 - print:   Machine 4: completion time = 48.33
04/25/2026 09:55:18 PM INFO mip_v1 - print:   Delivery: 48.83 (Deadline: 59.60, Delay: 0.00)
04/25/2026 09:55:18 PM INFO mip_v1 - print: 
04/25/2026 09:55:18 PM INFO mip_v1 - print: Order 40 → Factory 4
04/25/2026 09:55:18 PM INFO mip_v1 - print:   Machine 1: completion time = 68.06
04/25/2026 09:55:18 PM INFO mip_v1 - print:   Machine 2: completion time = 74.73
04/25/2026 09:55:18 PM INFO mip_v1 - print:   Machine 3: completion time = 91.63
04/25/2026 09:55:18 PM INFO mip_v1 - print:   Machine 4: completion time = 98.95
04/25/2026 09:55:18 PM INFO mip_v1 - print:   Delivery: 105.95 (Deadline: 101.90, Delay: 4.05)
04/25/2026 09:55:18 PM INFO mip_v1 - print: 
04/25/2026 09:55:18 PM INFO mip_v1 - print: Order 41 → Factory 6
04/25/2026 09:55:18 PM INFO mip_v1 - print:   Machine 1: completion time = 25.80
04/25/2026 09:55:18 PM INFO mip_v1 - print:   Machine 2: completion time = 36.26
04/25/2026 09:55:18 PM INFO mip_v1 - print:   Machine 3: completion time = 45.26
04/25/2026 09:55:18 PM INFO mip_v1 - print:   Delivery: 48.26 (Deadline: 60.90, Delay: 0.00)
04/25/2026 09:55:18 PM INFO mip_v1 - print: 
04/25/2026 09:55:18 PM INFO mip_v1 - print: Order 43 → Factory 5
04/25/2026 09:55:18 PM INFO mip_v1 - print:   Machine 1: completion time = 70.80
04/25/2026 09:55:18 PM INFO mip_v1 - print:   Machine 2: completion time = 80.32
04/25/2026 09:55:18 PM INFO mip_v1 - print:   Machine 3: completion time = 89.59
04/25/2026 09:55:18 PM INFO mip_v1 - print:   Machine 4: completion time = 101.40
04/25/2026 09:55:18 PM INFO mip_v1 - print:   Delivery: 103.60 (Deadline: 103.60, Delay: 0.00)
04/25/2026 09:55:18 PM INFO mip_v1 - print: 
04/25/2026 09:55:18 PM INFO mip_v1 - print: Order 44 → Factory 7
04/25/2026 09:55:18 PM INFO mip_v1 - print:   Machine 1: completion time = 30.25
04/25/2026 09:55:18 PM INFO mip_v1 - print:   Machine 2: completion time = 41.24
04/25/2026 09:55:18 PM INFO mip_v1 - print:   Machine 3: completion time = 49.37
04/25/2026 09:55:18 PM INFO mip_v1 - print:   Delivery: 50.27 (Deadline: 51.10, Delay: 0.00)
04/25/2026 09:55:18 PM INFO mip_v1 - print: 
04/25/2026 09:55:18 PM INFO mip_v1 - print: Order 45 → Factory 7
04/25/2026 09:55:18 PM INFO mip_v1 - print:   Machine 1: completion time = 23.45
04/25/2026 09:55:18 PM INFO mip_v1 - print:   Machine 2: completion time = 33.31
04/25/2026 09:55:18 PM INFO mip_v1 - print:   Machine 3: completion time = 43.00
04/25/2026 09:55:18 PM INFO mip_v1 - print:   Delivery: 44.50 (Deadline: 61.40, Delay: 0.00)
04/25/2026 09:55:18 PM INFO mip_v1 - print: 
04/25/2026 09:55:18 PM INFO mip_v1 - print: Order 46 → Factory 4
04/25/2026 09:55:18 PM INFO mip_v1 - print:   Machine 1: completion time = 43.58
04/25/2026 09:55:18 PM INFO mip_v1 - print:   Machine 2: completion time = 52.56
04/25/2026 09:55:18 PM INFO mip_v1 - print:   Machine 3: completion time = 64.35
04/25/2026 09:55:18 PM INFO mip_v1 - print:   Machine 4: completion time = 76.80
04/25/2026 09:55:18 PM INFO mip_v1 - print:   Delivery: 79.30 (Deadline: 79.30, Delay: 0.00)
04/25/2026 09:55:18 PM INFO mip_v1 - print: 
04/25/2026 09:55:18 PM INFO mip_v1 - print: Order 47 → Factory 5
04/25/2026 09:55:18 PM INFO mip_v1 - print:   Machine 1: completion time = 27.76
04/25/2026 09:55:18 PM INFO mip_v1 - print:   Machine 2: completion time = 35.99
04/25/2026 09:55:18 PM INFO mip_v1 - print:   Machine 3: completion time = 44.77
04/25/2026 09:55:18 PM INFO mip_v1 - print:   Machine 4: completion time = 53.75
04/25/2026 09:55:18 PM INFO mip_v1 - print:   Delivery: 58.05 (Deadline: 74.30, Delay: 0.00)
04/25/2026 09:55:18 PM INFO mip_v1 - print: 
04/25/2026 09:55:18 PM INFO mip_v1 - print: Order 48 → Factory 6
04/25/2026 09:55:18 PM INFO mip_v1 - print:   Machine 1: completion time = 82.49
04/25/2026 09:55:18 PM INFO mip_v1 - print:   Machine 2: completion time = 95.82
04/25/2026 09:55:18 PM INFO mip_v1 - print:   Machine 3: completion time = 110.80
04/25/2026 09:55:18 PM INFO mip_v1 - print:   Delivery: 111.10 (Deadline: 111.10, Delay: 0.00)
04/25/2026 09:55:18 PM INFO mip_v1 - print: 
04/25/2026 09:55:18 PM INFO mip_v1 - print: Order 49 → Factory 7
04/25/2026 09:55:18 PM INFO mip_v1 - print:   Machine 1: completion time = 86.74
04/25/2026 09:55:18 PM INFO mip_v1 - print:   Machine 2: completion time = 94.65
04/25/2026 09:55:18 PM INFO mip_v1 - print:   Machine 3: completion time = 103.48
04/25/2026 09:55:18 PM INFO mip_v1 - print:   Delivery: 108.78 (Deadline: 109.70, Delay: 0.00)
04/25/2026 09:55:18 PM INFO mip_v1 - print: 
04/25/2026 09:55:18 PM INFO mip_v1 - print: Order 50 → Factory 1
04/25/2026 09:55:18 PM INFO mip_v1 - print:   Machine 1: completion time = 24.17
04/25/2026 09:55:18 PM INFO mip_v1 - print:   Machine 2: completion time = 36.22
04/25/2026 09:55:18 PM INFO mip_v1 - print:   Machine 3: completion time = 48.20
04/25/2026 09:55:18 PM INFO mip_v1 - print:   Machine 4: completion time = 58.74
04/25/2026 09:55:18 PM INFO mip_v1 - print:   Delivery: 61.74 (Deadline: 65.70, Delay: 0.00)
04/25/2026 09:55:18 PM INFO mip_v1 - print: 
04/25/2026 09:55:18 PM INFO mip_v1 - print: Order 52 → Factory 7
04/25/2026 09:55:18 PM INFO mip_v1 - print:   Machine 1: completion time = 68.34
04/25/2026 09:55:18 PM INFO mip_v1 - print:   Machine 2: completion time = 78.60
04/25/2026 09:55:18 PM INFO mip_v1 - print:   Machine 3: completion time = 87.00
04/25/2026 09:55:18 PM INFO mip_v1 - print:   Delivery: 89.90 (Deadline: 89.90, Delay: 0.00)
04/25/2026 09:55:18 PM INFO mip_v1 - print: 
04/25/2026 09:55:18 PM INFO mip_v1 - print: Order 53 → Factory 4
04/25/2026 09:55:18 PM INFO mip_v1 - print:   Machine 1: completion time = 55.49
04/25/2026 09:55:18 PM INFO mip_v1 - print:   Machine 2: completion time = 67.37
04/25/2026 09:55:18 PM INFO mip_v1 - print:   Machine 3: completion time = 78.88
04/25/2026 09:55:18 PM INFO mip_v1 - print:   Machine 4: completion time = 91.63
04/25/2026 09:55:18 PM INFO mip_v1 - print:   Delivery: 97.93 (Deadline: 104.60, Delay: 0.00)
04/25/2026 09:55:18 PM INFO mip_v1 - print: 
04/25/2026 09:55:18 PM INFO mip_v1 - print: Order 54 → Factory 4
04/25/2026 09:55:18 PM INFO mip_v1 - print:   Machine 1: completion time = 34.09
04/25/2026 09:55:18 PM INFO mip_v1 - print:   Machine 2: completion time = 44.18
04/25/2026 09:55:18 PM INFO mip_v1 - print:   Machine 3: completion time = 56.05
04/25/2026 09:55:18 PM INFO mip_v1 - print:   Machine 4: completion time = 67.12
04/25/2026 09:55:18 PM INFO mip_v1 - print:   Delivery: 72.72 (Deadline: 82.00, Delay: 0.00)
04/25/2026 09:55:18 PM INFO mip_v1 - print: 
04/25/2026 09:55:18 PM INFO mip_v1 - print: Order 58 → Factory 5
04/25/2026 09:55:18 PM INFO mip_v1 - print:   Machine 1: completion time = 18.40
04/25/2026 09:55:18 PM INFO mip_v1 - print:   Machine 2: completion time = 27.76
04/25/2026 09:55:18 PM INFO mip_v1 - print:   Machine 3: completion time = 35.99
04/25/2026 09:55:18 PM INFO mip_v1 - print:   Machine 4: completion time = 44.09
04/25/2026 09:55:18 PM INFO mip_v1 - print:   Delivery: 51.19 (Deadline: 65.10, Delay: 0.00)
04/25/2026 09:55:18 PM INFO mip_v1 - print: 
04/25/2026 09:55:18 PM INFO mip_v1 - print: Order 59 → Factory 3
04/25/2026 09:55:18 PM INFO mip_v1 - print:   Machine 1: completion time = 49.09
04/25/2026 09:55:18 PM INFO mip_v1 - print:   Machine 2: completion time = 58.09
04/25/2026 09:55:18 PM INFO mip_v1 - print:   Machine 3: completion time = 70.69
04/25/2026 09:55:18 PM INFO mip_v1 - print:   Delivery: 78.79 (Deadline: 92.50, Delay: 0.00)
04/25/2026 09:55:18 PM INFO mip_v1 - print: 
04/25/2026 09:55:18 PM INFO mip_v1 - print: Order 60 → Factory 6
04/25/2026 09:55:18 PM INFO mip_v1 - print:   Machine 1: completion time = 63.01
04/25/2026 09:55:18 PM INFO mip_v1 - print:   Machine 2: completion time = 72.69
04/25/2026 09:55:18 PM INFO mip_v1 - print:   Machine 3: completion time = 88.98
04/25/2026 09:55:18 PM INFO mip_v1 - print:   Delivery: 90.28 (Deadline: 90.50, Delay: 0.00)
04/25/2026 09:55:18 PM INFO mip_v1 - print: 
04/25/2026 09:55:18 PM INFO mip_v1 - print: ------------------------------------------------------------
04/25/2026 09:55:18 PM INFO mip_v1 - print: COST BREAKDOWN
04/25/2026 09:55:18 PM INFO mip_v1 - print: ------------------------------------------------------------
04/25/2026 09:55:18 PM INFO mip_v1 - print: Total Revenue:          +    57887.00
04/25/2026 09:55:18 PM INFO mip_v1 - print: Production Cost:        -    23555.45
04/25/2026 09:55:18 PM INFO mip_v1 - print: Transport Cost:         -    11852.95
04/25/2026 09:55:18 PM INFO mip_v1 - print: Delay Penalty:          -      560.08
04/25/2026 09:55:18 PM INFO mip_v1 - print: ------------------------------------------------------------
04/25/2026 09:55:18 PM INFO mip_v1 - print: Total Profit:           =    21918.53
