
Gurobi 10.0.1 (win64) logging started Sat Apr 25 21:25:17 2026

Set parameter LogFile to value "D:\Project_Code\Paper\DP_LBBD_1\DP_lbbd\Algorithm\Results\mip_v1\large\exp_7f_60j_seed1\log\exp_7f_60j_seed1_gurobi.log"
Set parameter LogToConsole to value 0
Gurobi Optimizer version 10.0.1 build v10.0.1rc0 (win64)

CPU model: Intel(R) Core(TM) Ultra 7 265KF, instruction set [SSE2|AVX|AVX2]
Thread count: 20 physical cores, 20 logical processors, using up to 20 threads

Optimize a model with 174174 rows, 87000 columns and 859908 nonzeros
Model fingerprint: 0x1a1e6570
Variable types: 1560 continuous, 85440 integer (85440 binary)
Coefficient statistics:
  Matrix range     [1e+00, 1e+02]
  Objective range  [2e+01, 2e+03]
  Bounds range     [1e+00, 1e+02]
  RHS range        [1e+00, 4e+02]
Found heuristic solution: objective -0.0000000
Presolve removed 96560 rows and 48133 columns
Presolve time: 0.99s
Presolved: 77614 rows, 38867 columns, 381398 nonzeros
Variable types: 1074 continuous, 37793 integer (37793 binary)

Deterministic concurrent LP optimizer: primal and dual simplex (primal and dual model)
Showing first log only...

Root relaxation presolved: 77614 rows, 38867 columns, 381398 nonzeros


Root simplex log...

Iteration    Objective       Primal Inf.    Dual Inf.      Time
       0   -0.0000000e+00   0.000000e+00   4.600749e+03      5s
Concurrent spin time: 0.03s

Solved with dual simplex (dual model)

Root relaxation: objective 2.831802e+04, 3789 iterations, 0.33 seconds (0.45 work units)

    Nodes    |    Current Node    |     Objective Bounds      |     Work
 Expl Unexpl |  Obj  Depth IntInf | Incumbent    BestBd   Gap | It/Node Time

     0     0 28318.0157    0  602   -0.00000 28318.0157      -     -    5s
H    0     0                    11322.535241 28318.0157   150%     -    5s
     0     0 28316.2618    0  470 11322.5352 28316.2618   150%     -    6s
H    0     0                    14428.336907 28316.2618  96.3%     -    6s
H    0     0                    17493.368572 28316.2618  61.9%     -    8s
     0     0 28315.4782    0  472 17493.3686 28315.4782  61.9%     -    8s
     0     0 28315.4782    0  460 17493.3686 28315.4782  61.9%     -    8s
     0     0 28263.8104    0  490 17493.3686 28263.8104  61.6%     -    8s
     0     0 28256.4137    0  482 17493.3686 28256.4137  61.5%     -    9s
     0     0 28256.4137    0  438 17493.3686 28256.4137  61.5%     -    9s
     0     0 28201.4299    0  552 17493.3686 28201.4299  61.2%     -    9s
     0     0 28201.4299    0  501 17493.3686 28201.4299  61.2%     -   10s
     0     0 28201.4299    0  527 17493.3686 28201.4299  61.2%     -   10s
     0     0 28201.4299    0  561 17493.3686 28201.4299  61.2%     -   10s
     0     0 28201.4299    0  444 17493.3686 28201.4299  61.2%     -   11s
     0     0 28201.4299    0  480 17493.3686 28201.4299  61.2%     -   11s
     0     0 28201.4299    0  466 17493.3686 28201.4299  61.2%     -   12s
     0     0 28201.4299    0  552 17493.3686 28201.4299  61.2%     -   13s
     0     0 28201.4299    0  430 17493.3686 28201.4299  61.2%     -   13s
     0     0 28201.4299    0  491 17493.3686 28201.4299  61.2%     -   14s
     0     0 28201.3761    0  481 17493.3686 28201.3761  61.2%     -   14s
     0     0 28201.3728    0  515 17493.3686 28201.3728  61.2%     -   15s
     0     0 28201.3728    0  553 17493.3686 28201.3728  61.2%     -   15s
     0     0 28201.3728    0  434 17493.3686 28201.3728  61.2%     -   16s
H    0     0                    17534.774652 28201.3728  60.8%     -   17s
     0     2 28191.5151    0  425 17534.7747 28191.5151  60.8%     -   18s
    15    28 28064.5505    4  529 17534.7747 28183.6303  60.7%  2107   20s
H   31    48                    17664.503650 28152.9480  59.4%  2068   27s
H   32    48                    17726.614082 28152.9480  58.8%  2046   27s
H   34    48                    17811.407992 28152.9480  58.1%  2050   27s
H   35    48                    18411.579667 28152.9480  52.9%  2046   27s
    91   104 28028.2248    7  435 18411.5797 28152.9480  52.9%  1717   30s
   254   250 28064.5505   12  508 18411.5797 28152.9480  52.9%  1012   35s
   464   471 28003.3030   17  461 18411.5797 28152.9480  52.9%   750   40s
   840   811 27714.7169   25  420 18411.5797 28152.9480  52.9%   490   45s
H 1211  1145                    18514.097034 28152.9480  52.1%   364   47s
H 1226  1145                    18915.442392 28152.9480  48.8%   360   47s
  1382  1343 27714.7169   39  413 18915.4424 28152.9480  48.8%   326   50s
  1912  1797 27536.2910   53  389 18915.4424 28152.9480  48.8%   255   55s
  2411  2243 26710.0110   70  296 18915.4424 28152.9480  48.8%   223   60s
  3376  3193 26399.1270  102  233 18915.4424 28152.9480  48.8%   186   66s
  4099  3855 25602.5721  124  261 18915.4424 28152.9480  48.8%   164   71s
  4667  4336 24301.7813  150  214 18915.4424 28152.9480  48.8%   151   76s
  5232  4776 23329.5567  175  194 18915.4424 28152.9480  48.8%   140   80s
  5819  5008 27982.8748    9  434 18915.4424 28152.9480  48.8%   133   96s
  5821  5009 23326.4593  176  482 18915.4424 28152.9480  48.8%   133  129s
  5822  5010 21393.1917  123  472 18915.4424 28152.9480  48.8%   133  131s
  5826  5014 26638.6686   52  434 18915.4424 28152.9480  48.8%   135  137s
  5828  5015 22170.2722  139  224 18915.4424 28152.9480  48.8%   135  149s
  5829  5016 26690.6853   40  260 18915.4424 28152.9480  48.8%   135  150s
  5832  5018 26973.5533   95  226 18915.4424 28152.9480  48.8%   135  155s
  5835  5020 27963.1436   29  261 18915.4424 28152.9480  48.8%   135  160s
  5838  5022 28054.1284   22  261 18915.4424 28152.9480  48.8%   135  165s
  5844  5026 27948.0694   20  288 18915.4424 28133.2139  48.7%   134  170s
H 5846  4775                    19195.182043 28111.2904  46.4%   134  174s
H 5846  4536                    19196.849612 28111.2904  46.4%   134  174s
  5847  4537 23316.4171  123  281 19196.8496 28111.2904  46.4%   134  175s
  5853  4541 25744.8490   93  368 19196.8496 28111.2904  46.4%   134  180s
H 5854  4314                    19217.013481 28111.2904  46.3%   134  183s
H 5854  4098                    19318.145027 28107.3978  45.5%   134  188s
H 5855  3893                    19665.563231 28107.3978  42.9%   134  188s
H 5855  3697                    19675.595027 28107.3978  42.9%   134  188s
H 5855  3512                    19828.368898 28107.3978  41.8%   134  188s
H 5855  3336                    20060.208872 28107.3978  40.1%   134  188s
H 5855  3169                    20530.222671 28107.3978  36.9%   134  188s
  5859  3172 24759.6085   41  355 20530.2227 28104.0007  36.9%   134  191s
H 5863  3015                    20940.095665 28093.9481  34.2%   134  195s
  5871  3020 25355.8555  109  353 20940.0957 28080.9490  34.1%   134  201s
H 5876  2871                    21022.477308 28073.2993  33.5%   134  206s
H 5877  2728                    21041.286670 28065.7380  33.4%   134  206s
H 5880  2592                    21234.725168 28060.2546  32.1%   134  212s
  5885  2595 25521.5087   76  352 21234.7252 28049.8238  32.1%   134  216s
H 5886  2465                    21408.913320 28044.8977  31.0%   134  218s
H 5886  2341                    21497.544963 28044.8977  30.5%   134  218s
H 5889  2225                    21503.406006 28035.9763  30.4%   133  220s
  5899  2232 26567.2244   81  290 21503.4060 28021.1998  30.3%   133  226s
  5903  2234 28018.7944   21  319 21503.4060 28018.7944  30.3%   133  230s
  5909  2238 26118.8117   52  339 21503.4060 28014.4381  30.3%   133  235s
  5912  2240 27350.5765   57  302 21503.4060 28012.3507  30.3%   133  240s
  5917  2244 27716.2671   22  258 21503.4060 28010.8672  30.3%   133  245s
  5918  2247 27979.6974   30  244 21503.4060 28009.5198  30.3%   155  252s
  5932  2271 27942.5747   33  380 21503.4060 27994.0538  30.2%   159  255s
  6008  2325 27843.6615   36  429 21503.4060 27979.4084  30.1%   183  260s
  6109  2393 27812.5160   38  432 21503.4060 27979.4084  30.1%   192  294s
  6170  2455 27800.9784   39  421 21503.4060 27979.4084  30.1%   196  298s
  6255  2515 27762.1813   41  428 21503.4060 27979.4084  30.1%   200  301s
  6356  2563 27707.0945   43  431 21503.4060 27979.4084  30.1%   203  306s
  6500  2641 27678.4376   45  407 21503.4060 27979.4084  30.1%   211  310s
  6559  2662 27626.5401   45  341 21503.4060 27979.4084  30.1%   214  315s
H 6686  2613                    21576.593100 27979.4084  29.7%   221  319s
  6751  2657 27677.0194   47  402 21576.5931 27979.4084  29.7%   223  321s
H 6845  2587                    21705.825867 27979.4084  28.9%   228  324s
  6914  2630 27538.4009   49  389 21705.8259 27979.4084  28.9%   230  326s
  7005  2679 27545.1480   50  397 21705.8259 27979.4084  28.9%   233  331s
  7251  2820 27534.1242   51  406 21705.8259 27979.4084  28.9%   236  337s
  7395  2918 27538.5247   52  399 21705.8259 27979.4084  28.9%   238  341s
  7780  3134 27534.5260   54  412 21705.8259 27979.4084  28.9%   240  351s
  7998  3329 27534.5260   55  415 21705.8259 27979.4084  28.9%   239  355s
  8320  3493 27534.5112   56  424 21705.8259 27979.4084  28.9%   235  360s
  8677  3603 27531.6051   59  432 21705.8259 27979.4084  28.9%   231  365s
H 8944  3407                    21918.526667 27979.4084  27.7%   230  366s
  8993  3584 27368.4503   61  364 21918.5267 27979.4084  27.7%   229  370s
  9609  4011 27304.0241   62  362 21918.5267 27979.4084  27.7%   229  381s
 10073  4337 27373.2954   63  345 21918.5267 27979.4084  27.7%   224  386s
 10621  4667 27370.8287   65  365 21918.5267 27979.4084  27.7%   218  392s
 11229  4901 27301.3148   65  337 21918.5267 27979.4084  27.7%   211  400s
 11742  5025 27028.5304   66  333 21918.5267 27979.4084  27.7%   208  406s
 12102  5448 27368.8683   66  360 21918.5267 27979.4084  27.7%   206  413s
 12623  6033 27312.4785   67  319 21918.5267 27979.4084  27.7%   203  419s
 13300  6646 27259.7477   68  342 21918.5267 27979.4084  27.7%   198  428s
 14066  7043 26932.4491   72  339 21918.5267 27979.4084  27.7%   193  435s
 14526  7490 26925.7816   73  320 21918.5267 27979.4084  27.7%   191  444s
 15172  7827 26871.2975   76  277 21918.5267 27979.4084  27.7%   189  450s
 15679  8236 infeasible   78      21918.5267 27979.4084  27.7%   191  487s
 16175  8696 26469.0380   81  225 21918.5267 27979.4084  27.7%   192  494s
 16759  9249 26109.5257   85  213 21918.5267 27979.4084  27.7%   193  502s
 17563 10157 25638.1360   95  177 21918.5267 27979.4084  27.7%   192  509s
 18671 10770 25440.9339  115  156 21918.5267 27979.4084  27.7%   187  517s
 19645 11421 24461.4994  139  140 21918.5267 27979.4084  27.7%   184  524s
 20408 12271 23362.3458  178   93 21918.5267 27964.8863  27.6%   184  533s
 21509 13145 27956.4914   35  327 21918.5267 27964.1533  27.6%   181  541s
 22585 13749 24920.2657   69  142 21918.5267 27964.1533  27.6%   180  551s
 23391 15445 infeasible  136      21918.5267 27960.4258  27.6%   178  565s
 25506 16475 25713.2506   81  157 21918.5267 27955.8602  27.5%   174  576s
 26753 16497 27953.8551   37  325 21918.5267 27953.8551  27.5%   174  635s
 26775 16893 27951.1988   37  339 21918.5267 27953.5617  27.5%   174  642s
 27263 18067 27462.2117   44  269 21918.5267 27953.5617  27.5%   177  655s
 28591 19890 25835.4956   75  156 21918.5267 27953.5617  27.5%   175  673s
 30822 21071 23674.0272  144  120 21918.5267 27950.8148  27.5%   169  688s
 32453 22409 27946.4631   38  306 21918.5267 27946.4631  27.5%   168  706s
 34138 24130 27938.9040   39  305 21918.5267 27944.2585  27.5%   166  722s
 36312 25095 27944.2585   40  303 21918.5267 27944.2585  27.5%   164  908s
 37672 26412 22640.4871   69  140 21918.5267 27943.9590  27.5%   164  927s
 39447 27822 26603.3275   68  170 21918.5267 27934.7194  27.4%   164  949s
 40049 27822 22525.4637  116  148 21918.5267 27928.9603  27.4%   163  950s
 41347 30042 24639.2587   47  163 21918.5267 27906.1738  27.3%   163  976s
 44409 32194 24556.1490   84  132 21918.5267 27881.3623  27.2%   160 1002s

Cutting planes:
  Learned: 151
  Gomory: 527
  Lift-and-project: 1335
  Cover: 538
  Projected implied bound: 6
  MIR: 5885
  StrongCG: 7
  Flow cover: 6415
  Inf proof: 1
  Zero half: 4
  RLT: 7
  Relax-and-lift: 66

Explored 47184 nodes (7510022 simplex iterations) in 1800.44 seconds (1563.23 work units)
Thread count was 20 (of 20 available processors)

Solution count 10: 21918.5 21705.8 21576.6 ... 20940.1

Time limit reached
Best objective 2.191852666703e+04, best bound 2.786893386563e+04, gap 27.1478%
