
Gurobi 10.0.1 (win64) logging started Wed Apr 29 04:28:49 2026

Set parameter LogFile to value "D:\Project_Code\Paper\DP_LBBD_1\DP_lbbd\Algorithm\Results\mip_v1\small\exp_3f_25j_seed4\log\exp_3f_25j_seed4_gurobi.log"
Set parameter LogToConsole to value 0
Gurobi Optimizer version 10.0.1 build v10.0.1rc0 (win64)

CPU model: Intel(R) Core(TM) Ultra 7 265KF, instruction set [SSE2|AVX|AVX2]
Thread count: 20 physical cores, 20 logical processors, using up to 20 threads

Optimize a model with 17798 rows, 8900 columns and 86396 nonzeros
Model fingerprint: 0x3e739b61
Variable types: 400 continuous, 8500 integer (8500 binary)
Coefficient statistics:
  Matrix range     [1e+00, 1e+02]
  Objective range  [3e+01, 4e+03]
  Bounds range     [1e+00, 1e+02]
  RHS range        [1e+00, 4e+02]
Found heuristic solution: objective -0.0000000
Presolve removed 10512 rows and 5232 columns
Presolve time: 0.10s
Presolved: 7286 rows, 3668 columns, 35001 nonzeros
Variable types: 265 continuous, 3403 integer (3403 binary)

Root relaxation: objective 1.822937e+04, 1712 iterations, 0.03 seconds (0.05 work units)

    Nodes    |    Current Node    |     Objective Bounds      |     Work
 Expl Unexpl |  Obj  Depth IntInf | Incumbent    BestBd   Gap | It/Node Time

     0     0 18229.3741    0  504   -0.00000 18229.3741      -     -    0s
H    0     0                    5237.1506583 18229.3741   248%     -    0s
H    0     0                    6873.6919460 18229.3741   165%     -    0s
H    0     0                    7749.8747701 18229.3741   135%     -    0s
     0     0 18219.0057    0  551 7749.87477 18219.0057   135%     -    1s
H    0     0                    7920.6507940 18219.0057   130%     -    1s
     0     0 18216.8820    0  433 7920.65079 18216.8820   130%     -    1s
     0     0 18216.8820    0  407 7920.65079 18216.8820   130%     -    1s
     0     0 18153.9498    0  427 7920.65079 18153.9498   129%     -    1s
     0     0 18085.8806    0  403 7920.65079 18085.8806   128%     -    1s
     0     0 18084.0879    0  314 7920.65079 18084.0879   128%     -    1s
     0     0 18084.0879    0  350 7920.65079 18084.0879   128%     -    1s
H    0     0                    8130.7847287 17956.4902   121%     -    1s
     0     0 17956.4902    0  336 8130.78473 17956.4902   121%     -    1s
H    0     0                    8217.8914162 17956.4902   119%     -    1s
     0     0 17866.6911    0  423 8217.89142 17866.6911   117%     -    1s
H    0     0                    8238.7247875 17830.9417   116%     -    1s
     0     0 17830.9417    0  439 8238.72479 17830.9417   116%     -    1s
     0     0 17824.5767    0  392 8238.72479 17824.5767   116%     -    1s
H    0     0                    8724.7192169 17823.7034   104%     -    1s
     0     0 17823.7034    0  401 8724.71922 17823.7034   104%     -    1s
     0     0 17822.0874    0  348 8724.71922 17822.0874   104%     -    1s
     0     0 17821.5696    0  344 8724.71922 17821.5696   104%     -    1s
     0     0 17821.5696    0  364 8724.71922 17821.5696   104%     -    1s
     0     0 17781.5336    0  355 8724.71922 17781.5336   104%     -    1s
     0     0 17776.0857    0  325 8724.71922 17776.0857   104%     -    1s
H    0     0                    8753.5766697 17775.0734   103%     -    1s
     0     0 17775.0734    0  336 8753.57667 17775.0734   103%     -    1s
     0     0 17775.0001    0  351 8753.57667 17775.0001   103%     -    1s
     0     0 17754.4481    0  287 8753.57667 17754.4481   103%     -    2s
     0     0 17751.2489    0  303 8753.57667 17751.2489   103%     -    2s
     0     0 17751.2479    0  334 8753.57667 17751.2479   103%     -    2s
     0     0 17749.8880    0  316 8753.57667 17749.8880   103%     -    2s
     0     0 17749.6892    0  339 8753.57667 17749.6892   103%     -    2s
     0     0 17749.6892    0  354 8753.57667 17749.6892   103%     -    2s
     0     0 17749.6834    0  348 8753.57667 17749.6834   103%     -    2s
     0     0 17749.6834    0  300 8753.57667 17749.6834   103%     -    2s
     0     0 17749.6274    0  318 8753.57667 17749.6274   103%     -    2s
     0     0 17749.6274    0  363 8753.57667 17749.6274   103%     -    2s
     0     0 17749.3957    0  320 8753.57667 17749.3957   103%     -    2s
     0     0 17749.3957    0  310 8753.57667 17749.3957   103%     -    2s
H    0     0                    9028.3381995 17744.0136  96.5%     -    2s
     0     2 17744.0136    0  309 9028.33820 17744.0136  96.5%     -    2s
    91   109 17226.6413    8  295 9028.33820 17434.5694  93.1%   564    6s
H   92   109                    9203.3732073 17434.5694  89.4%   558    6s
H   95   109                    9869.7659079 17434.5694  76.6%   550    6s
H  285   249                    10186.202656 17434.5694  71.2%   299    8s
H  286   249                    10654.057547 17434.5694  63.6%   298    8s
H  292   249                    10745.898702 17434.5694  62.2%   293    8s
   877   643 infeasible   29      10745.8987 17426.7451  62.2%   145   11s
H  927   643                    10815.176288 17426.7451  61.1%   142   11s
H 2062  1389                    10925.515695 17274.4735  58.1%  99.4   14s
H 2072  1375                    11260.323628 17274.4735  53.4%  99.1   14s
  2383  1461 15691.9248   14  310 11260.3236 17274.4735  53.4%  94.8   16s
  2430  1503 17015.1579   22  129 11260.3236 17274.4735  53.4%  11.8   20s
H 2530  1487                    11328.017341 17145.6641  51.4%  31.9   20s
H 2583  1444                    11509.978132 17145.6641  49.0%  35.4   23s
  2683  1510 16336.6038   30  122 11509.9781 17145.6641  49.0%  39.7   25s
H 2684  1442                    11574.409142 17145.6641  48.1%  39.7   25s
H 2686  1377                    11594.391919 17145.6641  47.9%  39.9   25s
H 2694  1313                    11641.421497 17145.6641  47.3%  40.0   25s
H 2696  1254                    11705.306871 17145.6641  46.5%  40.4   25s
  5500  1912 15128.3039   33  105 11705.3069 16707.2662  42.7%  59.6   30s
  8971  3583 15014.5092   34  107 11705.3069 16460.7436  40.6%  64.7   35s
 11857  5546 13951.5559   50   88 11705.3069 16318.6373  39.4%  63.5   40s
 15343  7410 15992.9097   31  115 11705.3069 16201.5783  38.4%  62.4   45s
H16236  7426                    11767.619720 16201.5783  37.7%  62.0   48s
 17103  8382 14192.4473   46   69 11767.6197 16175.9678  37.5%  61.4   50s
H17874  8781                    11891.106890 16157.3204  35.9%  61.0   51s
 20269 10275 13270.8991   50   56 11891.1069 16120.4158  35.6%  59.7   56s
 22852 11655 15606.1857   33  104 11891.1069 16099.1906  35.4%  57.5   60s
 26781 13466 12752.4516   43   80 11891.1069 16036.6644  34.9%  57.6   65s
 30821 15272 infeasible   41      11891.1069 15986.2383  34.4%  56.8   71s
 33436 16507 15349.9071   34   92 11891.1069 15941.7064  34.1%  56.5   75s
 36374 17837 infeasible   54      11891.1069 15914.7001  33.8%  56.1   80s
 39852 19364 15372.3699   28  139 11891.1069 15884.4973  33.6%  55.6   85s
 43197 21162 12366.9708   56   43 11891.1069 15865.3542  33.4%  54.9   90s
 47244 21921 12709.1975   48  310 11891.1069 15832.3349  33.1%  54.1  107s
 47260 21932 14586.4828   42  153 11891.1069 15832.3349  33.1%  54.1  110s
 47280 21945 14057.1293   41  180 11891.1069 15832.3349  33.1%  54.1  115s
H47282 20848                    11991.217069 15832.3349  32.0%  54.1  115s
 47299 20860 15392.6535   34  150 11991.2171 15832.3349  32.0%  54.0  120s
 47315 20870 14910.1131   39  157 11991.2171 15832.3349  32.0%  54.0  125s
H47327 19832                    12120.295239 15832.3349  30.6%  54.0  130s
 47343 19843 12567.9914   39  152 12120.2952 15832.3349  30.6%  54.0  135s
 47355 19851 13321.2332   44  159 12120.2952 15832.3349  30.6%  54.0  140s
 47365 19858 14775.1909   35  152 12120.2952 15832.3349  30.6%  54.0  145s
 47378 19866 15428.9967   36  172 12120.2952 15832.3349  30.6%  53.9  150s
 47391 19875 12644.4533   46  154 12120.2952 15832.3349  30.6%  53.9  155s
 47403 19883 14350.2131   45  163 12120.2952 15832.3349  30.6%  53.9  160s
 47414 19890 12858.9748   51  185 12120.2952 15832.3349  30.6%  53.9  165s
 47425 19898 15078.1694   41  162 12120.2952 15832.3349  30.6%  53.9  170s
 47437 19906 15528.8128   41  170 12120.2952 15832.3349  30.6%  53.9  175s
 47449 19914 12195.0370   41  169 12120.2952 15815.9236  30.5%  53.9  180s
 47459 19920 12436.8424   53  168 12120.2952 15788.0355  30.3%  53.9  185s
 47469 19930 15779.8659   30  109 12120.2952 15779.8659  30.2%  57.0  190s
 47645 20057 15779.8659   38  177 12120.2952 15779.8659  30.2%  60.0  196s
 48798 20409 13743.8800   53   64 12120.2952 15779.8659  30.2%  63.9  200s
 50249 20869 13280.7618   40   58 12120.2952 15779.8659  30.2%  67.6  205s
 52227 21079 15779.8659   36  151 12120.2952 15779.8659  30.2%  71.0  210s
 53828 21265 14893.1503   40  129 12120.2952 15779.8659  30.2%  72.7  215s
 55810 21547 14653.2600   47   71 12120.2952 15779.8659  30.2%  75.0  221s
 57095 21641 15616.1981   43  109 12120.2952 15779.8659  30.2%  76.9  225s
 59108 22057 15542.1517   41  133 12120.2952 15779.8659  30.2%  78.8  231s
 60626 22226 14719.4194   43   88 12120.2952 15779.8659  30.2%  79.9  235s
 62986 22580 14245.3365   50   72 12120.2952 15779.8659  30.2%  81.6  242s
 65202 22667 13390.5559   40  105 12120.2952 15779.8659  30.2%  82.4  247s
 66209 22498 14927.5783   41  133 12120.2952 15779.8659  30.2%  83.0  268s
 66688 22890 14423.9169   39  117 12120.2952 15779.8659  30.2%  83.2  271s
 67873 22513 infeasible   56      12120.2952 15768.0511  30.1%  83.7  291s
 68268 22898 infeasible   42      12120.2952 15760.4488  30.0%  83.8  295s
 70668 23784 15642.4102   43  165 12120.2952 15730.1237  29.8%  84.4  305s
 74067 23743 13992.8158   45  113 12120.2952 15682.0351  29.4%  85.3  313s
 75426 24023 13606.4425   57   81 12120.2952 15668.5964  29.3%  85.6  317s
 77026 24157 13310.8870   55   91 12120.2952 15656.5239  29.2%  85.6  321s
 79980 23736 14068.6920   42   88 12120.2952 15635.8681  29.0%  85.3  325s
 81702 24181 14686.1347   43   60 12120.2952 15608.4958  28.8%  85.5  332s
 83222 24213 13535.7482   47   81 12120.2952 15596.3917  28.7%  85.5  337s
 84992 24187 15173.3527   40  106 12120.2952 15581.3032  28.6%  85.4  341s
 86524 24184 14916.9815   45  102 12120.2952 15571.1082  28.5%  85.7  345s
 88013 24258 13555.8905   39   79 12120.2952 15560.0360  28.4%  85.9  350s
 90205 24301 12703.5445   52   70 12120.2952 15544.3119  28.3%  85.7  355s
 92205 24551 15332.4287   41  135 12120.2952 15530.4008  28.1%  85.8  360s
 94388 25188 14116.2793   42  106 12120.2952 15514.2674  28.0%  86.0  369s
 98164 24570 infeasible   42      12120.2952 15485.9495  27.8%  85.9  375s
 100076 24723 15024.5072   44  116 12120.2952 15472.5582  27.7%  86.1  381s
 102595 24828 14819.4087   44  112 12120.2952 15455.7848  27.5%  86.0  386s
 104748 24916 infeasible   44      12120.2952 15443.1512  27.4%  86.1  392s
 106730 25215 15225.7331   48  120 12120.2952 15426.7388  27.3%  86.3  397s
 109213 25743 14908.2941   46  113 12120.2952 15410.8226  27.1%  86.3  403s
 111076 26738 14782.5188   42  101 12120.2952 15398.2913  27.0%  86.6  409s
 113799 27548 14554.0875   45   87 12120.2952 15380.8569  26.9%  86.5  416s
 116357 28490 13995.8771   42  148 12120.2952 15369.1235  26.8%  86.3  422s
 118880 29892 infeasible   57      12120.2952 15357.1099  26.7%  86.2  432s
 122643 30835 14754.7576   44   80 12120.2952 15346.0718  26.6%  86.0  438s
 125016 31799 15309.5402   42  135 12120.2952 15329.4909  26.5%  85.9  444s
 127522 32503 15230.6751   46  139 12120.2952 15318.8232  26.4%  85.7  450s
 129648 33217     cutoff   52      12120.2952 15310.9787  26.3%  85.5  455s
 131686 34155 13235.8783   55   94 12120.2952 15302.8170  26.3%  85.5  461s
 134041 34878 12787.0347   60   42 12120.2952 15292.9299  26.2%  85.4  467s
 136175 35557 13049.1652   41   70 12120.2952 15287.9933  26.1%  85.3  472s
 138098 36437 13160.7797   50   66 12120.2952 15279.5021  26.1%  85.2  478s
 140268 37248 13278.6837   46  101 12120.2952 15272.0818  26.0%  85.2  484s
 142425 38385 14678.6834   42   87 12120.2952 15265.5318  26.0%  85.1  493s
 145750 38421 13083.4524   43   97 12120.2952 15253.2459  25.8%  85.0  500s
 145911 39088 infeasible   44      12120.2952 15251.4909  25.8%  84.9  506s
 148342 39756 12970.3369   48   85 12120.2952 15246.9747  25.8%  84.8  512s
 150357 40825 14408.8962   45   78 12120.2952 15239.5638  25.7%  84.8  520s
 153088 41657 14775.8717   39   87 12120.2952 15233.6406  25.7%  84.6  526s
 155656 42471 15184.6009   48  123 12120.2952 15225.6285  25.6%  84.4  533s
 157906 43398 14647.5331   54   90 12120.2952 15218.7464  25.6%  84.2  539s
 160425 44245 infeasible   50      12120.2952 15210.0390  25.5%  84.1  546s
 162783 45126 14044.5509   43  119 12120.2952 15201.1967  25.4%  84.0  553s
 165140 46094 12947.9145   58   63 12120.2952 15194.7514  25.4%  83.8  560s
 167719 47091 14795.0100   45  130 12120.2952 15187.5802  25.3%  83.6  569s
 170959 47091 15046.2937   47  138 12120.2952 15181.8419  25.3%  83.3  570s
 171088 47910 infeasible   45      12120.2952 15181.8339  25.3%  83.3  576s
 173401 48681 14411.1471   45   88 12120.2952 15172.2348  25.2%  83.2  582s
 175435 49389 14577.1039   52  108 12120.2952 15166.4562  25.1%  83.1  588s
 177678 50112 13743.0683   42   57 12120.2952 15160.6172  25.1%  83.0  595s
 180031 50654 infeasible   64      12120.2952 15155.6169  25.0%  82.7  601s
 182242 51367 12842.8813   49   62 12120.2952 15149.3282  25.0%  82.5  607s
 184233 52162 infeasible   42      12120.2952 15144.7714  25.0%  82.5  613s
 186401 52923 13142.8999   56   61 12120.2952 15141.2816  24.9%  82.5  619s
 188526 53643 14357.1841   46  150 12120.2952 15135.2653  24.9%  82.4  625s
 190407 54432 12982.2500   50   41 12120.2952 15129.0195  24.8%  82.4  631s
 192601 55506 14646.8840   49   94 12120.2952 15124.5951  24.8%  82.3  640s
 195546 56438 14681.9425   43  112 12120.2952 15115.8631  24.7%  82.2  647s
 198284 57035 14956.9092   42  103 12120.2952 15110.4127  24.7%  82.0  652s
 200261 57933 14647.7566   44   96 12120.2952 15106.4653  24.6%  81.9  658s
 202552 58656 14203.9958   50   67 12120.2952 15100.8149  24.6%  81.8  665s
 204718 59463     cutoff   51      12120.2952 15096.3328  24.6%  81.7  670s
 206885 60165 12974.7656   55   54 12120.2952 15091.7137  24.5%  81.6  676s
 208761 60942 14535.6026   49   96 12120.2952 15087.6864  24.5%  81.6  682s
 210880 61709 13834.9515   58   55 12120.2952 15084.1510  24.5%  81.6  688s
 213078 62403 14464.3216   50  109 12120.2952 15077.8444  24.4%  81.5  695s
 215168 63140     cutoff   62      12120.2952 15071.8073  24.4%  81.5  701s
 217237 64233 14481.8929   49  114 12120.2952 15067.1260  24.3%  81.4  710s
 220162 65102 14443.5044   49   83 12120.2952 15059.7266  24.3%  81.3  718s
 222885 65780 13649.2170   50   83 12120.2952 15058.1513  24.2%  81.1  724s
 225021 66369 12922.7328   50   79 12120.2952 15049.9975  24.2%  81.0  730s
 226891 67007 13424.8510   49   64 12120.2952 15044.7705  24.1%  80.9  736s
 229039 67664 14297.2026   44   80 12120.2952 15039.2893  24.1%  80.8  743s
 231054 68465 12529.6224   58   43 12120.2952 15036.1780  24.1%  80.8  749s
 232297 68465     cutoff   58      12120.2952 15034.3765  24.0%  80.7  750s
 233559 69102 14864.6126   47  112 12120.2952 15031.2057  24.0%  80.6  755s
 235576 69948 14812.8452   45  116 12120.2952 15026.5274  24.0%  80.6  762s
 237777 70722 13975.9653   47   57 12120.2952 15022.4133  23.9%  80.5  768s
 240089 71572 13361.6000   54   49 12120.2952 15016.9192  23.9%  80.3  777s
 243126 72190 14948.2028   52  104 12120.2952 15012.2399  23.9%  80.2  784s
 245162 72827 13898.6690   50   83 12120.2952 15005.7793  23.8%  80.1  790s
 247055 73562 14511.8080   48   75 12120.2952 15002.0058  23.8%  80.1  796s
 249338 74404 14430.7942   44  106 12120.2952 14998.2329  23.7%  80.0  804s
 251869 75094 12931.0748   45   68 12120.2952 14994.3509  23.7%  79.9  810s
 254136 75831 12814.5294   45  102 12120.2952 14992.4828  23.7%  79.8  817s
 256084 76601 14154.9313   47  113 12120.2952 14987.3150  23.7%  79.8  824s
 258591 77363 13548.7732   46   56 12120.2952 14984.0710  23.6%  79.7  831s
 260960 77961 14366.0860   53   69 12120.2952 14979.8043  23.6%  79.6  838s
 263137 78942 14926.9267   43  100 12120.2952 14976.6418  23.6%  79.5  846s
 265826 79872 13688.6045   51   40 12120.2952 14973.0000  23.5%  79.4  854s
 268439 80599 14708.3642   47  143 12120.2952 14970.5234  23.5%  79.3  861s
 271098 81240 14577.2963   45  102 12120.2952 14965.9255  23.5%  79.1  867s
 272979 81970 infeasible   62      12120.2952 14963.3164  23.5%  79.0  874s
 274898 82729 13724.8150   45   67 12120.2952 14959.6387  23.4%  78.9  881s
 277231 83316 14701.0299   47   92 12120.2952 14955.5161  23.4%  78.8  888s
 279476 83905 14406.7710   50  104 12120.2952 14952.6427  23.4%  78.7  894s
 281493 84670     cutoff   53      12120.2952 14950.7520  23.4%  78.7  901s
 283619 85479 14337.0602   50   83 12120.2952 14947.8991  23.3%  78.6  908s
 286007 86207 13294.7842   53   53 12120.2952 14945.2717  23.3%  78.5  917s
 288584 86913 infeasible   46      12120.2952 14942.6132  23.3%  78.4  924s
 291082 87553 infeasible   59      12120.2952 14938.2268  23.2%  78.3  931s
 293078 88265 14915.1556   50  117 12120.2952 14934.5814  23.2%  78.2  938s
 295639 89033 infeasible   53      12120.2952 14930.7181  23.2%  78.1  945s
 298020 89583 13757.5069   48   87 12120.2952 14926.8809  23.2%  78.0  952s
 299957 90141 14344.0326   54   86 12120.2952 14924.0259  23.1%  77.9  959s
 302251 90832 13343.4095   54   87 12120.2952 14920.6902  23.1%  77.8  966s
 304293 91617 12723.1630   57   34 12120.2952 14917.4456  23.1%  77.7  973s
 306683 92251 13393.6028   54   58 12120.2952 14913.9465  23.0%  77.6  980s
 308651 93020     cutoff   61      12120.2952 14911.5418  23.0%  77.6  988s
 311271 93919 14297.5688   50  105 12120.2952 14908.7241  23.0%  77.4  997s
 314474 94557 14441.0536   44   71 12120.2952 14904.6353  23.0%  77.3 1004s
 316460 95176 infeasible   57      12120.2952 14902.1233  23.0%  77.2 1010s
 318583 95758 12892.5767   50   67 12120.2952 14899.6603  22.9%  77.1 1016s
 320593 96355 infeasible   56      12120.2952 14897.3277  22.9%  77.0 1023s
 322520 96987 14788.1751   46  124 12120.2952 14894.5432  22.9%  77.0 1029s
 324652 97516 13450.5754   58   74 12120.2952 14892.3149  22.9%  76.9 1035s
 326568 98077 14324.6530   44   80 12120.2952 14889.9333  22.9%  76.9 1042s
 328552 98731 14507.7842   50  106 12120.2952 14887.2445  22.8%  76.8 1048s
 330705 99257 13889.3205   54   78 12120.2952 14884.6073  22.8%  76.7 1055s
 332436 100024     cutoff   46      12120.2952 14881.8649  22.8%  76.7 1062s
 334880 100714 14869.5399   43  129 12120.2952 14878.8391  22.8%  76.6 1071s
 337239 101548 infeasible   58      12120.2952 14874.7949  22.7%  76.5 1079s
 340007 102230 13142.8433   58   46 12120.2952 14871.5486  22.7%  76.5 1086s
 342255 103071 14463.0814   48  107 12120.2952 14869.0460  22.7%  76.4 1094s
 344848 103674 12729.8824   53   38 12120.2952 14865.4878  22.6%  76.3 1101s
 346711 104350 14360.9603   58   78 12120.2952 14862.7413  22.6%  76.3 1108s
 349134 104932 14604.3386   53  100 12120.2952 14859.8609  22.6%  76.2 1115s
 351171 105675 13863.4545   47   75 12120.2952 14857.0432  22.6%  76.1 1121s
 353348 106221 infeasible   52      12120.2952 14854.2735  22.6%  76.1 1128s
 355482 106962 14665.3987   46   65 12120.2952 14852.3546  22.5%  76.0 1135s
 357870 107808 13305.4196   54   40 12120.2952 14849.9619  22.5%  75.9 1144s
 359721 107808 14802.3401   47   99 12120.2952 14848.3231  22.5%  75.8 1145s
 360784 108354 14550.1592   50  112 12120.2952 14846.0761  22.5%  75.8 1152s
 362799 108868 13465.4976   51   71 12120.2952 14843.1152  22.5%  75.7 1158s
 364629 109426 12600.2175   48   75 12120.2952 14841.4044  22.5%  75.7 1166s
 367000 110083 14262.2357   46  107 12120.2952 14839.5177  22.4%  75.6 1172s
 369216 110741 14524.6450   45   81 12120.2952 14836.6052  22.4%  75.5 1180s
 371378 111226 infeasible   45      12120.2952 14832.8264  22.4%  75.5 1187s
 373506 111815 14218.7106   49  115 12120.2952 14831.3599  22.4%  75.4 1194s
 375797 111815 13035.8456   55   55 12120.2952 14830.5903  22.4%  75.2 1195s
 376244 112483 14310.7453   54   78 12120.2952 14829.2162  22.4%  75.2 1202s
 378472 113318 13487.1672   45   58 12120.2952 14829.2162  22.4%  75.2 1209s
 379787 113318 13805.9808   55   63 12120.2952 14826.3104  22.3%  75.1 1210s
 380946 113995 13845.9501   55   61 12120.2952 14824.7713  22.3%  75.0 1218s
 383852 114456 14804.3729   49   93 12120.2952 14821.6565  22.3%  75.0 1225s
 385593 115255 14414.3792   50   79 12120.2952 14819.7594  22.3%  75.0 1232s
 388112 115899 14652.6538   47  113 12120.2952 14816.8272  22.2%  74.9 1240s
 390308 116642 14386.9490   44   85 12120.2952 14814.2984  22.2%  74.8 1246s
 392630 117292 infeasible   53      12120.2952 14811.6156  22.2%  74.7 1253s
 394643 118027 12659.0951   65   37 12120.2952 14809.0112  22.2%  74.7 1260s
 396844 118682 14670.9391   45  105 12120.2952 14807.6980  22.2%  74.6 1267s
 399126 119322 13929.3477   54   85 12120.2952 14805.5497  22.2%  74.5 1274s
 401372 120085 13489.3281   47   73 12120.2952 14803.1696  22.1%  74.5 1281s
 403707 120545 14258.3326   48   84 12120.2952 14801.6113  22.1%  74.4 1288s
 405517 121421 14320.0505   45  111 12120.2952 14799.6887  22.1%  74.3 1295s
 408074 122108 12783.6767   48   50 12120.2952 14797.7180  22.1%  74.3 1303s
 410317 122827 13076.4882   54   55 12120.2952 14795.6065  22.1%  74.2 1311s
 412875 123627 14150.0292   44   97 12120.2952 14793.1710  22.1%  74.1 1318s
 415103 124339 14541.2135   54   70 12120.2952 14790.7007  22.0%  74.0 1325s
 417451 124876 infeasible   54      12120.2952 14787.8496  22.0%  73.9 1332s
 419553 125470 14216.5822   49   64 12120.2952 14785.8514  22.0%  73.9 1339s
 421680 125982 12931.3141   52   68 12120.2952 14783.9259  22.0%  73.8 1346s
 423842 126518 14364.2997   56   93 12120.2952 14781.5799  22.0%  73.8 1353s
 426267 126932 14603.0158   49   58 12120.2952 14779.2898  21.9%  73.7 1360s
 428312 127664 14711.9632   47   88 12120.2952 14776.1459  21.9%  73.6 1367s
 430757 128410 13982.3512   44   66 12120.2952 14773.7123  21.9%  73.5 1377s
 433301 129080 13844.4018   46   91 12120.2952 14771.0822  21.9%  73.4 1385s
 435881 129684 13032.4789   59   36 12120.2952 14769.3077  21.9%  73.4 1392s
 438538 130199 13352.8644   61   48 12120.2952 14767.0504  21.8%  73.3 1399s
 440303 130807 13369.0406   43   97 12120.2952 14764.6019  21.8%  73.2 1406s
 442485 131384 13986.0865   48  102 12120.2952 14762.7780  21.8%  73.2 1413s
 444659 131906 14354.2519   48  100 12120.2952 14760.2871  21.8%  73.1 1420s
 446473 132451 13697.0732   42   74 12120.2952 14758.3319  21.8%  73.1 1427s
 448763 133080 13938.6666   49   84 12120.2952 14756.3133  21.7%  73.0 1434s
 450619 133608 13985.7229   44  105 12120.2952 14754.3470  21.7%  72.9 1441s
 452435 134228 13187.3313   53   55 12120.2952 14752.8633  21.7%  72.9 1447s
 454726 134874 infeasible   55      12120.2952 14750.8178  21.7%  72.9 1456s
 457071 135723 12893.6379   60   68 12120.2952 14747.8064  21.7%  72.8 1465s
 460244 136246     cutoff   45      12120.2952 14747.2630  21.7%  72.7 1472s
 462449 136718 13217.6553   56   49 12120.2952 14742.7085  21.6%  72.7 1479s
 464304 137344 13433.7814   53   66 12120.2952 14741.4024  21.6%  72.6 1487s
 466844 137841 14676.2400   50  128 12120.2952 14739.0477  21.6%  72.5 1494s
 468535 138293 12891.4734   58   33 12120.2952 14737.3069  21.6%  72.5 1501s
 470625 138948 14208.9378   47   98 12120.2952 14735.3608  21.6%  72.5 1508s
 472856 139548 14499.8201   54   79 12120.2952 14733.6573  21.6%  72.4 1516s
 474831 140402 13109.5673   60   51 12120.2952 14731.7403  21.5%  72.3 1524s
 477268 141031 13707.9217   54   71 12120.2952 14729.5355  21.5%  72.3 1532s
 479476 141853 infeasible   61      12120.2952 14727.3703  21.5%  72.2 1542s
 482276 142368 13737.6623   47   75 12120.2952 14725.5095  21.5%  72.2 1549s
 484227 142989 14141.9182   56   59 12120.2952 14722.7716  21.5%  72.1 1556s
 486279 143764 infeasible   57      12120.2952 14721.3240  21.5%  72.1 1564s
 488731 144222 14107.5797   48   69 12120.2952 14719.0632  21.4%  72.0 1571s
 490345 144865 14463.3439   46  102 12120.2952 14717.2572  21.4%  72.0 1579s
 492724 145544 infeasible   56      12120.2952 14716.2814  21.4%  72.0 1587s
 495221 146148 12619.2223   47   74 12120.2952 14713.8132  21.4%  71.9 1595s
 497315 146985 14240.5766   45   76 12120.2952 14712.4687  21.4%  71.9 1602s
 499801 147463 14150.7868   55   82 12120.2952 14709.9884  21.4%  71.8 1610s
 501935 148070 14180.2606   48  104 12120.2952 14708.6294  21.4%  71.7 1617s
 503962 148697 13963.0631   47   87 12120.2952 14707.2986  21.3%  71.7 1626s
 506347 149394 14465.3801   53   69 12120.2952 14705.2358  21.3%  71.6 1634s
 509062 149876     cutoff   51      12120.2952 14703.7134  21.3%  71.5 1641s
 511532 150503 14622.8976   46   97 12120.2952 14702.1722  21.3%  71.5 1649s
 513567 151226 13473.1055   56   47 12120.2952 14700.7701  21.3%  71.4 1656s
 515909 151905 12444.4481   57   42 12120.2952 14699.4320  21.3%  71.3 1664s
 518304 152334 14027.1635   48   71 12120.2952 14697.5669  21.3%  71.3 1670s
 520004 152917 13040.9640   51   77 12120.2952 14695.8498  21.2%  71.3 1678s
 522043 153526 14465.1389   49  100 12120.2952 14694.3117  21.2%  71.2 1685s
 523947 154077 12963.0096   48   53 12120.2952 14692.3959  21.2%  71.2 1692s
 525932 154608 14095.4716   43   82 12120.2952 14690.5054  21.2%  71.2 1700s
 528127 155284 14113.6079   59  103 12120.2952 14689.0296  21.2%  71.1 1709s
 531171 155894 infeasible   58      12120.2952 14686.8290  21.2%  71.1 1716s
 532846 156385 14664.1193   47   82 12120.2952 14685.6699  21.2%  71.0 1724s
 534921 156918 13330.6992   56   60 12120.2952 14684.6775  21.2%  71.0 1731s
 537289 157379 14273.0926   41   59 12120.2952 14683.3569  21.1%  70.9 1738s
 539113 158034 13297.1927   57   79 12120.2952 14681.8164  21.1%  70.9 1746s
 541335 158514 12897.7109   60   58 12120.2952 14679.6945  21.1%  70.9 1753s
 543169 159085 14440.6567   50   64 12120.2952 14678.2266  21.1%  70.8 1761s
 545291 159805 14523.2888   51   72 12120.2952 14677.0126  21.1%  70.8 1769s
 548136 160228 infeasible   55      12120.2952 14675.2853  21.1%  70.7 1776s
 550336 160713 12854.9969   47   97 12120.2952 14673.3556  21.1%  70.7 1784s
 552371 161425 14570.6303   48   78 12120.2952 14671.9813  21.1%  70.6 1791s
 554771 162150 13338.0829   47   81 12120.2952 14670.2354  21.0%  70.6 1799s

Cutting planes:
  Learned: 28
  Gomory: 249
  Cover: 458
  Implied bound: 1
  Projected implied bound: 5
  MIR: 4273
  StrongCG: 6
  Flow cover: 5070
  Inf proof: 103
  Zero half: 3
  RLT: 3
  Relax-and-lift: 69

Explored 557369 nodes (39547707 simplex iterations) in 1800.58 seconds (716.49 work units)
Thread count was 20 (of 20 available processors)

Solution count 10: 12120.3 11991.2 11891.1 ... 11328

Time limit reached
Best objective 1.212029523854e+04, best bound 1.466828771066e+04, gap 21.0225%
