04/29/2026 04:28:48 AM INFO mip_v1 - setup_solver_logging: ================================================================================
04/29/2026 04:28:48 AM INFO mip_v1 - setup_solver_logging: Logging started. Log file: D:\Project_Code\Paper\DP_LBBD_1\DP_lbbd\Algorithm\Results\mip_v1\small\exp_3f_25j_seed4\log\exp_3f_25j_seed4_running.log
04/29/2026 04:28:48 AM INFO mip_v1 - print: BigM calculated: 139.6
04/29/2026 04:28:48 AM INFO mip_v1 - print: Adding variables...
04/29/2026 04:28:48 AM INFO mip_v1 - print: Total variables: 8900
04/29/2026 04:28:48 AM INFO mip_v1 - print: Adding constraints...
04/29/2026 04:28:48 AM INFO mip_v1 - print: Total constraints: 17798
04/29/2026 04:28:48 AM INFO mip_v1 - print: Setting objective function...
04/29/2026 04:28:49 AM INFO mip_v1 - print: 
04/29/2026 04:28:49 AM INFO mip_v1 - print: ✓ Model LP written to: D:\Project_Code\Paper\DP_LBBD_1\DP_lbbd\Algorithm\MIP\production_model.lp
04/29/2026 04:28:49 AM INFO mip_v1 - print: 
04/29/2026 04:28:49 AM INFO mip_v1 - print: ============================================================
04/29/2026 04:28:49 AM INFO mip_v1 - print: Starting optimization...
04/29/2026 04:28:49 AM INFO mip_v1 - print: ============================================================
04/29/2026 04:28:49 AM INFO mip_v1 - print: Gurobi native log file: D:\Project_Code\Paper\DP_LBBD_1\DP_lbbd\Algorithm\Results\mip_v1\small\exp_3f_25j_seed4\log\exp_3f_25j_seed4_gurobi.log
04/29/2026 04:58:49 AM INFO mip_v1 - print: 
04/29/2026 04:58:49 AM INFO mip_v1 - print: ============================================================
04/29/2026 04:58:49 AM INFO mip_v1 - print: SOLUTION SUMMARY
04/29/2026 04:58:49 AM INFO mip_v1 - print: ============================================================
04/29/2026 04:58:49 AM INFO mip_v1 - print: ⚠ Time limit reached, best solution found:
04/29/2026 04:58:49 AM INFO mip_v1 - print: 
04/29/2026 04:58:49 AM INFO mip_v1 - print: Objective Value (Total Profit): 12120.30
04/29/2026 04:58:49 AM INFO mip_v1 - print: MIP Gap: 21.02%
04/29/2026 04:58:49 AM INFO mip_v1 - print: 
04/29/2026 04:58:49 AM INFO mip_v1 - print: 📋 Accepted Orders (15/25): [1, 3, 5, 8, 9, 12, 13, 14, 15, 16, 17, 19, 20, 23, 25]
04/29/2026 04:58:49 AM INFO mip_v1 - print: 
04/29/2026 04:58:49 AM INFO mip_v1 - print: ------------------------------------------------------------
04/29/2026 04:58:49 AM INFO mip_v1 - print: ORDER ALLOCATION DETAILS
04/29/2026 04:58:49 AM INFO mip_v1 - print: ------------------------------------------------------------
04/29/2026 04:58:49 AM INFO mip_v1 - print: 
04/29/2026 04:58:49 AM INFO mip_v1 - print: Order 1 → Factory 1
04/29/2026 04:58:49 AM INFO mip_v1 - print:   Machine 1: completion time = 38.31
04/29/2026 04:58:49 AM INFO mip_v1 - print:   Machine 2: completion time = 48.28
04/29/2026 04:58:49 AM INFO mip_v1 - print:   Machine 3: completion time = 57.78
04/29/2026 04:58:49 AM INFO mip_v1 - print:   Machine 4: completion time = 66.73
04/29/2026 04:58:49 AM INFO mip_v1 - print:   Machine 5: completion time = 79.02
04/29/2026 04:58:49 AM INFO mip_v1 - print:   Delivery: 85.42 (Deadline: 84.70, Delay: 0.72)
04/29/2026 04:58:49 AM INFO mip_v1 - print: 
04/29/2026 04:58:49 AM INFO mip_v1 - print: Order 3 → Factory 1
04/29/2026 04:58:49 AM INFO mip_v1 - print:   Machine 1: completion time = 15.67
04/29/2026 04:58:49 AM INFO mip_v1 - print:   Machine 2: completion time = 24.96
04/29/2026 04:58:49 AM INFO mip_v1 - print:   Machine 3: completion time = 34.94
04/29/2026 04:58:49 AM INFO mip_v1 - print:   Machine 4: completion time = 43.76
04/29/2026 04:58:49 AM INFO mip_v1 - print:   Machine 5: completion time = 53.90
04/29/2026 04:58:49 AM INFO mip_v1 - print:   Delivery: 60.50 (Deadline: 72.40, Delay: 0.00)
04/29/2026 04:58:49 AM INFO mip_v1 - print: 
04/29/2026 04:58:49 AM INFO mip_v1 - print: Order 5 → Factory 2
04/29/2026 04:58:49 AM INFO mip_v1 - print:   Machine 1: completion time = 53.31
04/29/2026 04:58:49 AM INFO mip_v1 - print:   Machine 2: completion time = 65.05
04/29/2026 04:58:49 AM INFO mip_v1 - print:   Machine 3: completion time = 77.57
04/29/2026 04:58:49 AM INFO mip_v1 - print:   Machine 4: completion time = 89.90
04/29/2026 04:58:49 AM INFO mip_v1 - print:   Machine 5: completion time = 101.40
04/29/2026 04:58:49 AM INFO mip_v1 - print:   Delivery: 106.30 (Deadline: 106.30, Delay: 0.00)
04/29/2026 04:58:49 AM INFO mip_v1 - print: 
04/29/2026 04:58:49 AM INFO mip_v1 - print: Order 8 → Factory 2
04/29/2026 04:58:49 AM INFO mip_v1 - print:   Machine 1: completion time = 8.92
04/29/2026 04:58:49 AM INFO mip_v1 - print:   Machine 2: completion time = 15.40
04/29/2026 04:58:49 AM INFO mip_v1 - print:   Machine 3: completion time = 23.28
04/29/2026 04:58:49 AM INFO mip_v1 - print:   Machine 4: completion time = 30.12
04/29/2026 04:58:49 AM INFO mip_v1 - print:   Machine 5: completion time = 37.08
04/29/2026 04:58:49 AM INFO mip_v1 - print:   Delivery: 43.08 (Deadline: 53.80, Delay: 0.00)
04/29/2026 04:58:49 AM INFO mip_v1 - print: 
04/29/2026 04:58:49 AM INFO mip_v1 - print: Order 9 → Factory 1
04/29/2026 04:58:49 AM INFO mip_v1 - print:   Machine 1: completion time = 47.13
04/29/2026 04:58:49 AM INFO mip_v1 - print:   Machine 2: completion time = 59.00
04/29/2026 04:58:49 AM INFO mip_v1 - print:   Machine 3: completion time = 66.73
04/29/2026 04:58:49 AM INFO mip_v1 - print:   Machine 4: completion time = 79.02
04/29/2026 04:58:49 AM INFO mip_v1 - print:   Machine 5: completion time = 88.60
04/29/2026 04:58:49 AM INFO mip_v1 - print:   Delivery: 95.10 (Deadline: 95.10, Delay: 0.00)
04/29/2026 04:58:49 AM INFO mip_v1 - print: 
04/29/2026 04:58:49 AM INFO mip_v1 - print: Order 12 → Factory 1
04/29/2026 04:58:49 AM INFO mip_v1 - print:   Machine 1: completion time = 27.79
04/29/2026 04:58:49 AM INFO mip_v1 - print:   Machine 2: completion time = 38.16
04/29/2026 04:58:49 AM INFO mip_v1 - print:   Machine 3: completion time = 48.28
04/29/2026 04:58:49 AM INFO mip_v1 - print:   Machine 4: completion time = 58.40
04/29/2026 04:58:49 AM INFO mip_v1 - print:   Machine 5: completion time = 69.47
04/29/2026 04:58:49 AM INFO mip_v1 - print:   Delivery: 74.87 (Deadline: 78.70, Delay: 0.00)
04/29/2026 04:58:49 AM INFO mip_v1 - print: 
04/29/2026 04:58:49 AM INFO mip_v1 - print: Order 13 → Factory 2
04/29/2026 04:58:49 AM INFO mip_v1 - print:   Machine 1: completion time = 33.16
04/29/2026 04:58:49 AM INFO mip_v1 - print:   Machine 2: completion time = 38.43
04/29/2026 04:58:49 AM INFO mip_v1 - print:   Machine 3: completion time = 45.47
04/29/2026 04:58:49 AM INFO mip_v1 - print:   Machine 4: completion time = 52.99
04/29/2026 04:58:49 AM INFO mip_v1 - print:   Machine 5: completion time = 61.10
04/29/2026 04:58:49 AM INFO mip_v1 - print:   Delivery: 63.10 (Deadline: 63.10, Delay: 0.00)
04/29/2026 04:58:49 AM INFO mip_v1 - print: 
04/29/2026 04:58:49 AM INFO mip_v1 - print: Order 14 → Factory 3
04/29/2026 04:58:49 AM INFO mip_v1 - print:   Machine 1: completion time = 43.00
04/29/2026 04:58:49 AM INFO mip_v1 - print:   Machine 2: completion time = 52.63
04/29/2026 04:58:49 AM INFO mip_v1 - print:   Machine 3: completion time = 64.23
04/29/2026 04:58:49 AM INFO mip_v1 - print:   Machine 4: completion time = 75.53
04/29/2026 04:58:49 AM INFO mip_v1 - print:   Delivery: 76.33 (Deadline: 70.90, Delay: 5.43)
04/29/2026 04:58:49 AM INFO mip_v1 - print: 
04/29/2026 04:58:49 AM INFO mip_v1 - print: Order 15 → Factory 2
04/29/2026 04:58:49 AM INFO mip_v1 - print:   Machine 1: completion time = 27.00
04/29/2026 04:58:49 AM INFO mip_v1 - print:   Machine 2: completion time = 32.44
04/29/2026 04:58:49 AM INFO mip_v1 - print:   Machine 3: completion time = 39.11
04/29/2026 04:58:49 AM INFO mip_v1 - print:   Machine 4: completion time = 46.84
04/29/2026 04:58:49 AM INFO mip_v1 - print:   Machine 5: completion time = 55.58
04/29/2026 04:58:49 AM INFO mip_v1 - print:   Delivery: 57.48 (Deadline: 70.90, Delay: 0.00)
04/29/2026 04:58:49 AM INFO mip_v1 - print: 
04/29/2026 04:58:49 AM INFO mip_v1 - print: Order 16 → Factory 2
04/29/2026 04:58:49 AM INFO mip_v1 - print:   Machine 1: completion time = 41.04
04/29/2026 04:58:49 AM INFO mip_v1 - print:   Machine 2: completion time = 47.74
04/29/2026 04:58:49 AM INFO mip_v1 - print:   Machine 3: completion time = 55.60
04/29/2026 04:58:49 AM INFO mip_v1 - print:   Machine 4: completion time = 62.94
04/29/2026 04:58:49 AM INFO mip_v1 - print:   Machine 5: completion time = 70.80
04/29/2026 04:58:49 AM INFO mip_v1 - print:   Delivery: 75.40 (Deadline: 75.40, Delay: 0.00)
04/29/2026 04:58:49 AM INFO mip_v1 - print: 
04/29/2026 04:58:49 AM INFO mip_v1 - print: Order 17 → Factory 3
04/29/2026 04:58:49 AM INFO mip_v1 - print:   Machine 1: completion time = 18.03
04/29/2026 04:58:49 AM INFO mip_v1 - print:   Machine 2: completion time = 24.69
04/29/2026 04:58:49 AM INFO mip_v1 - print:   Machine 3: completion time = 31.32
04/29/2026 04:58:49 AM INFO mip_v1 - print:   Machine 4: completion time = 38.90
04/29/2026 04:58:49 AM INFO mip_v1 - print:   Delivery: 43.70 (Deadline: 62.50, Delay: 0.00)
04/29/2026 04:58:49 AM INFO mip_v1 - print: 
04/29/2026 04:58:49 AM INFO mip_v1 - print: Order 19 → Factory 3
04/29/2026 04:58:49 AM INFO mip_v1 - print:   Machine 1: completion time = 52.13
04/29/2026 04:58:49 AM INFO mip_v1 - print:   Machine 2: completion time = 60.17
04/29/2026 04:58:49 AM INFO mip_v1 - print:   Machine 3: completion time = 71.83
04/29/2026 04:58:49 AM INFO mip_v1 - print:   Machine 4: completion time = 83.70
04/29/2026 04:58:49 AM INFO mip_v1 - print:   Delivery: 90.90 (Deadline: 90.90, Delay: 0.00)
04/29/2026 04:58:49 AM INFO mip_v1 - print: 
04/29/2026 04:58:49 AM INFO mip_v1 - print: Order 20 → Factory 3
04/29/2026 04:58:49 AM INFO mip_v1 - print:   Machine 1: completion time = 32.31
04/29/2026 04:58:49 AM INFO mip_v1 - print:   Machine 2: completion time = 43.70
04/29/2026 04:58:49 AM INFO mip_v1 - print:   Machine 3: completion time = 55.01
04/29/2026 04:58:49 AM INFO mip_v1 - print:   Machine 4: completion time = 66.89
04/29/2026 04:58:49 AM INFO mip_v1 - print:   Delivery: 73.29 (Deadline: 74.80, Delay: 0.00)
04/29/2026 04:58:49 AM INFO mip_v1 - print: 
04/29/2026 04:58:49 AM INFO mip_v1 - print: Order 23 → Factory 3
04/29/2026 04:58:49 AM INFO mip_v1 - print:   Machine 1: completion time = 10.55
04/29/2026 04:58:49 AM INFO mip_v1 - print:   Machine 2: completion time = 16.66
04/29/2026 04:58:49 AM INFO mip_v1 - print:   Machine 3: completion time = 22.77
04/29/2026 04:58:49 AM INFO mip_v1 - print:   Machine 4: completion time = 28.31
04/29/2026 04:58:49 AM INFO mip_v1 - print:   Delivery: 32.71 (Deadline: 41.30, Delay: 0.00)
04/29/2026 04:58:49 AM INFO mip_v1 - print: 
04/29/2026 04:58:49 AM INFO mip_v1 - print: Order 25 → Factory 2
04/29/2026 04:58:49 AM INFO mip_v1 - print:   Machine 1: completion time = 16.65
04/29/2026 04:58:49 AM INFO mip_v1 - print:   Machine 2: completion time = 24.14
04/29/2026 04:58:49 AM INFO mip_v1 - print:   Machine 3: completion time = 32.87
04/29/2026 04:58:49 AM INFO mip_v1 - print:   Machine 4: completion time = 40.63
04/29/2026 04:58:49 AM INFO mip_v1 - print:   Machine 5: completion time = 48.02
04/29/2026 04:58:49 AM INFO mip_v1 - print:   Delivery: 56.72 (Deadline: 68.60, Delay: 0.00)
04/29/2026 04:58:49 AM INFO mip_v1 - print: 
04/29/2026 04:58:49 AM INFO mip_v1 - print: ------------------------------------------------------------
04/29/2026 04:58:49 AM INFO mip_v1 - print: COST BREAKDOWN
04/29/2026 04:58:49 AM INFO mip_v1 - print: ------------------------------------------------------------
04/29/2026 04:58:49 AM INFO mip_v1 - print: Total Revenue:          +    28705.00
04/29/2026 04:58:49 AM INFO mip_v1 - print: Production Cost:        -    11474.87
04/29/2026 04:58:49 AM INFO mip_v1 - print: Transport Cost:         -     4694.90
04/29/2026 04:58:49 AM INFO mip_v1 - print: Delay Penalty:          -      414.94
04/29/2026 04:58:49 AM INFO mip_v1 - print: ------------------------------------------------------------
04/29/2026 04:58:49 AM INFO mip_v1 - print: Total Profit:           =    12120.30
