04/28/2026 09:03:16 PM INFO lbbd_cp_v1_solver - setup_solver_logging: ================================================================================
04/28/2026 09:03:16 PM INFO lbbd_cp_v1_solver - setup_solver_logging: Logging started. Log file: D:\Project_Code\Paper\DP_LBBD_1\DP_lbbd\Algorithm\Results\lbbd_cp_v1\small\exp_3f_15j_seed5\log\exp_3f_15j_seed5_running.log
04/28/2026 09:03:16 PM INFO lbbd_cp_v1_solver - print: Feasible pairs: 33/45
04/28/2026 09:03:16 PM INFO lbbd_cp_v1_solver - print: [Preprocess] Infeasible assignments detected: 0
04/28/2026 09:03:16 PM INFO lbbd_cp_v1_solver - print: [Preprocess] Unprofitable assignment detected: order 1 → factory 1
04/28/2026 09:03:16 PM INFO lbbd_cp_v1_solver - print: [Preprocess] Unprofitable assignment detected: order 2 → factory 1
04/28/2026 09:03:16 PM INFO lbbd_cp_v1_solver - print: [Preprocess] Unprofitable assignment detected: order 5 → factory 1
04/28/2026 09:03:16 PM INFO lbbd_cp_v1_solver - print: [Preprocess] Unprofitable assignment detected: order 6 → factory 1
04/28/2026 09:03:16 PM INFO lbbd_cp_v1_solver - print: [Preprocess] Unprofitable assignment detected: order 9 → factory 1
04/28/2026 09:03:16 PM INFO lbbd_cp_v1_solver - print: [Preprocess] Unprofitable assignment detected: order 10 → factory 1
04/28/2026 09:03:16 PM INFO lbbd_cp_v1_solver - print: [Preprocess] Unprofitable assignment detected: order 11 → factory 1
04/28/2026 09:03:16 PM INFO lbbd_cp_v1_solver - print: [Preprocess] Unprofitable assignment detected: order 13 → factory 2
04/28/2026 09:03:16 PM INFO lbbd_cp_v1_solver - print: [Preprocess] Unprofitable assignment detected: order 14 → factory 1
04/28/2026 09:03:16 PM INFO lbbd_cp_v1_solver - print: [Preprocess] Unprofitable assignment detected: order 15 → factory 1
04/28/2026 09:03:16 PM INFO lbbd_cp_v1_solver - print: [Preprocess] Unprofitable assignments: 10
04/28/2026 09:03:16 PM INFO lbbd_cp_v1_solver - print: [Preprocess] Unprofitable orders: 0
04/28/2026 09:03:16 PM INFO lbbd_cp_v1_solver - print: [Preprocess] High-risk orders: 8
04/28/2026 09:03:16 PM INFO lbbd_cp_v1_solver - print: [Preprocess] Pairwise conflict detected: order 5 and order 6 in factory 1
04/28/2026 09:03:16 PM INFO lbbd_cp_v1_solver - print: [Preprocess] Pairwise conflict detected: order 6 and order 15 in factory 1
04/28/2026 09:03:16 PM INFO lbbd_cp_v1_solver - print: [Preprocess] Pairwise conflicts detected: 2
04/28/2026 09:03:16 PM INFO lbbd_cp_v1_solver - print: [Preprocess] Factory 3 has 2 clusters from 12 orders
04/28/2026 09:03:16 PM INFO lbbd_cp_v1_solver - print: [Preprocess] Cluster conflict detected: factory 3, orders [2, 4, 5, 9, 11, 12, 13, 14, 15]
04/28/2026 09:03:16 PM INFO lbbd_cp_v1_solver - print: [Preprocess] Cluster conflicts detected: 1
04/28/2026 09:03:16 PM INFO lbbd_cp_v1_solver - print: [Master Modeling] Earliest completion lower bounds constraints: 1
04/28/2026 09:03:16 PM INFO lbbd_cp_v1_solver - print: [Master Modeling] Makespan-based delay bounds constraints: 9
04/28/2026 09:03:16 PM INFO lbbd_cp_v1_solver - print: 
04/28/2026 09:03:16 PM INFO lbbd_cp_v1_solver - print: [Model Statistics]
04/28/2026 09:03:16 PM INFO lbbd_cp_v1_solver - print:   Variables: 57
04/28/2026 09:03:16 PM INFO lbbd_cp_v1_solver - print:   Constraints: 28
04/28/2026 09:03:16 PM INFO lbbd_cp_v1_solver - print: 
04/28/2026 09:03:16 PM INFO lbbd_cp_v1_solver - print: [Preprocess Statistics]
04/28/2026 09:03:16 PM INFO lbbd_cp_v1_solver - print:   Infeasible eliminated: 0
04/28/2026 09:03:16 PM INFO lbbd_cp_v1_solver - print:   Unprofitable orders: 0
04/28/2026 09:03:16 PM INFO lbbd_cp_v1_solver - print:   Unprofitable assignments: 10
04/28/2026 09:03:16 PM INFO lbbd_cp_v1_solver - print:   Pairwise conflicts: 2
04/28/2026 09:03:16 PM INFO lbbd_cp_v1_solver - print:   Cluster conflicts: 1
04/28/2026 09:03:16 PM INFO lbbd_cp_v1_solver - print: 
04/28/2026 09:03:16 PM INFO lbbd_cp_v1_solver - print: [Master Enhancement Statistics]
04/28/2026 09:03:16 PM INFO lbbd_cp_v1_solver - print:   Capacity feasibility enhancement constrains: 0
04/28/2026 09:03:16 PM INFO lbbd_cp_v1_solver - print:   Lower bound delay cost enhancement constrains: 0
04/28/2026 09:03:16 PM INFO lbbd_cp_v1_solver - _callback: [Gurobi] Gurobi Optimizer version 10.0.1 build v10.0.1rc0 (win64)
04/28/2026 09:03:16 PM INFO lbbd_cp_v1_solver - _callback: [Gurobi] CPU model: Intel(R) Core(TM) Ultra 7 265KF, instruction set [SSE2|AVX|AVX2]
04/28/2026 09:03:16 PM INFO lbbd_cp_v1_solver - _callback: [Gurobi] Thread count: 20 physical cores, 20 logical processors, using up to 20 threads
04/28/2026 09:03:16 PM INFO lbbd_cp_v1_solver - _callback: [Gurobi] Optimize a model with 28 rows, 57 columns and 161 nonzeros
04/28/2026 09:03:16 PM INFO lbbd_cp_v1_solver - _callback: [Gurobi] Model fingerprint: 0xf5afcfdc
04/28/2026 09:03:16 PM INFO lbbd_cp_v1_solver - _callback: [Gurobi] Variable types: 9 continuous, 48 integer (48 binary)
04/28/2026 09:03:16 PM INFO lbbd_cp_v1_solver - _callback: [Gurobi] Coefficient statistics:
04/28/2026 09:03:16 PM INFO lbbd_cp_v1_solver - _callback: [Gurobi] Matrix range     [1e+00, 9e+02]
04/28/2026 09:03:16 PM INFO lbbd_cp_v1_solver - _callback: [Gurobi] Objective range  [1e+00, 2e+03]
04/28/2026 09:03:16 PM INFO lbbd_cp_v1_solver - _callback: [Gurobi] Bounds range     [1e+00, 1e+04]
04/28/2026 09:03:16 PM INFO lbbd_cp_v1_solver - _callback: [Gurobi] RHS range        [1e+00, 4e+03]
04/28/2026 09:03:16 PM INFO lbbd_cp_v1_solver - print: ***[Validated]*** obj=0.00, delay=0.00, bound=10000000000000000159028911097599180468360808563945281389781327557747838772170381060813469985856815104.00, gap=999999999999999977049513265245336628446842719924150006129995974731993452180789911303261294481511546880.00%, t=0.0s
04/28/2026 09:03:16 PM INFO lbbd_cp_v1_solver - _callback: [Gurobi] Found heuristic solution: objective -0.0000000
04/28/2026 09:03:16 PM INFO lbbd_cp_v1_solver - _callback: [Gurobi] Presolve removed 16 rows and 18 columns
04/28/2026 09:03:16 PM INFO lbbd_cp_v1_solver - _callback: [Gurobi] Presolve time: 0.00s
04/28/2026 09:03:16 PM INFO lbbd_cp_v1_solver - _callback: [Gurobi] Presolved: 12 rows, 39 columns, 74 nonzeros
04/28/2026 09:03:16 PM INFO lbbd_cp_v1_solver - _callback: [Gurobi] Variable types: 9 continuous, 30 integer (30 binary)
04/28/2026 09:03:16 PM INFO lbbd_cp_v1_solver - print: >>>Parallel subproblem time: 0.070s for 3 factories
04/28/2026 09:03:16 PM INFO lbbd_cp_v1_solver - print:  Added feasibility cut: factory=2, conflict orders=[1, 2, 6, 8, 9, 15]
04/28/2026 09:03:16 PM INFO lbbd_cp_v1_solver - print:  Added optimal optimality cut: factory=3, orders=[4, 5, 7, 10, 11, 13], cost=1924.44, theta_est=0.00
04/28/2026 09:03:16 PM INFO lbbd_cp_v1_solver - _callback: [Gurobi] Root relaxation: objective 7.118348e+03, 11 iterations, 0.00 seconds (0.00 work units)
04/28/2026 09:03:16 PM INFO lbbd_cp_v1_solver - _callback: [Gurobi] Nodes    |    Current Node    |     Objective Bounds      |     Work
04/28/2026 09:03:16 PM INFO lbbd_cp_v1_solver - _callback: [Gurobi] Expl Unexpl |  Obj  Depth IntInf | Incumbent    BestBd   Gap | It/Node Time
04/28/2026 09:03:16 PM INFO lbbd_cp_v1_solver - _callback: [Gurobi] 0     0 7118.34784    0    4   -0.00000 7118.34784      -     -    0s
04/28/2026 09:03:16 PM INFO lbbd_cp_v1_solver - print: >>>Parallel subproblem time: 0.030s for 3 factories
04/28/2026 09:03:16 PM INFO lbbd_cp_v1_solver - print:  Added optimal optimality cut: factory=2, orders=[1, 5, 6, 9, 14, 15], cost=1853.25, theta_est=0.00
04/28/2026 09:03:16 PM INFO lbbd_cp_v1_solver - print:  Added optimal optimality cut: factory=3, orders=[2, 4, 7, 10, 11, 13], cost=3454.25, theta_est=0.00
04/28/2026 09:03:16 PM INFO lbbd_cp_v1_solver - print: ***[Validated]*** obj=1381.39, delay=5307.50, bound=7118.35, gap=415.30%, t=0.1s
04/28/2026 09:03:17 PM INFO lbbd_cp_v1_solver - print: >>>Parallel subproblem time: 0.031s for 3 factories
04/28/2026 09:03:17 PM INFO lbbd_cp_v1_solver - _callback: [Gurobi] H    0     0                    1381.3919642 7118.34784   415%     -    0s
04/28/2026 09:03:17 PM INFO lbbd_cp_v1_solver - print: >>>Parallel subproblem time: 0.032s for 3 factories
04/28/2026 09:03:17 PM INFO lbbd_cp_v1_solver - print:  Added optimal optimality cut: factory=2, orders=[1, 5, 6, 8, 9, 14, 15], cost=3282.73, theta_est=1853.25
04/28/2026 09:03:17 PM INFO lbbd_cp_v1_solver - print: >>>Parallel subproblem time: 0.015s for 3 factories
04/28/2026 09:03:17 PM INFO lbbd_cp_v1_solver - print:  Added feasibility cut: factory=3, conflict orders=[2, 4, 5, 7, 10, 11, 13, 14]
04/28/2026 09:03:17 PM INFO lbbd_cp_v1_solver - _callback: [Gurobi] 0     0 7056.31138    0    2 1381.39196 7056.31138   411%     -    0s
04/28/2026 09:03:17 PM INFO lbbd_cp_v1_solver - print: >>>Parallel subproblem time: 0.061s for 3 factories
04/28/2026 09:03:17 PM INFO lbbd_cp_v1_solver - print:  Added optimal optimality cut: factory=2, orders=[1, 6, 8, 9, 14, 15], cost=1431.52, theta_est=0.00
04/28/2026 09:03:17 PM INFO lbbd_cp_v1_solver - print:  Added optimal optimality cut: factory=3, orders=[2, 4, 5, 7, 10, 11], cost=4006.50, theta_est=0.00
04/28/2026 09:03:17 PM INFO lbbd_cp_v1_solver - print: ***[Validated]*** obj=1582.06, delay=5438.02, bound=7056.31, gap=346.02%, t=0.2s
04/28/2026 09:03:17 PM INFO lbbd_cp_v1_solver - _callback: [Gurobi] 0     0 7017.26721    0    6 1381.39196 7017.26721   408%     -    0s
04/28/2026 09:03:17 PM INFO lbbd_cp_v1_solver - print: >>>Parallel subproblem time: 0.062s for 3 factories
04/28/2026 09:03:17 PM INFO lbbd_cp_v1_solver - _callback: [Gurobi] H    0     0                    1582.0275062 7017.26721   344%     -    0s
04/28/2026 09:03:17 PM INFO lbbd_cp_v1_solver - print: >>>Parallel subproblem time: 0.016s for 3 factories
04/28/2026 09:03:17 PM INFO lbbd_cp_v1_solver - print:  Added optimal optimality cut: factory=2, orders=[1, 5, 6, 8, 9, 15], cost=831.09, theta_est=0.00
04/28/2026 09:03:17 PM INFO lbbd_cp_v1_solver - print:  Added optimal optimality cut: factory=3, orders=[2, 4, 7, 10, 11, 14], cost=3637.98, theta_est=5.05
04/28/2026 09:03:17 PM INFO lbbd_cp_v1_solver - print: ***[Validated]*** obj=2551.52, delay=4469.07, bound=7017.27, gap=175.02%, t=0.3s
04/28/2026 09:03:17 PM INFO lbbd_cp_v1_solver - print: >>>Parallel subproblem time: 0.014s for 3 factories
04/28/2026 09:03:17 PM INFO lbbd_cp_v1_solver - print:  Added optimal optimality cut: factory=2, orders=[1, 6, 8, 9, 15], cost=115.52, theta_est=0.00
04/28/2026 09:03:17 PM INFO lbbd_cp_v1_solver - print:  Added feasibility cut: factory=3, conflict orders=[2, 4, 5, 7, 10, 11, 14]
04/28/2026 09:03:17 PM INFO lbbd_cp_v1_solver - print: >>>Parallel subproblem time: 0.061s for 3 factories
04/28/2026 09:03:17 PM INFO lbbd_cp_v1_solver - _callback: [Gurobi] H    0     0                    1582.0575062 7017.26721   344%     -    0s
04/28/2026 09:03:17 PM INFO lbbd_cp_v1_solver - _callback: [Gurobi] 0     0 7015.54036    0    - 1582.05751 7015.54036   343%     -    0s
04/28/2026 09:03:17 PM INFO lbbd_cp_v1_solver - _callback: [Gurobi] 0     0 6891.78066    0   11 1582.05751 6891.78066   336%     -    0s
04/28/2026 09:03:17 PM INFO lbbd_cp_v1_solver - print: >>>Parallel subproblem time: 0.014s for 3 factories
04/28/2026 09:03:17 PM INFO lbbd_cp_v1_solver - _callback: [Gurobi] H    0     0                    2551.4901767 6891.78066   170%     -    0s
04/28/2026 09:03:17 PM INFO lbbd_cp_v1_solver - _callback: [Gurobi] 0     0 6890.05902    0   11 2551.49018 6890.05902   170%     -    0s
04/28/2026 09:03:17 PM INFO lbbd_cp_v1_solver - _callback: [Gurobi] 0     0 6887.25404    0   11 2551.49018 6887.25404   170%     -    0s
04/28/2026 09:03:17 PM INFO lbbd_cp_v1_solver - print: >>>Parallel subproblem time: 0.031s for 3 factories
04/28/2026 09:03:17 PM INFO lbbd_cp_v1_solver - print:  Added feasibility cut: factory=2, conflict orders=[1, 2, 5, 6, 8, 9, 14]
04/28/2026 09:03:17 PM INFO lbbd_cp_v1_solver - print:  Added optimal optimality cut: factory=3, orders=[4, 7, 10, 11, 13], cost=1602.92, theta_est=3.91
04/28/2026 09:03:17 PM INFO lbbd_cp_v1_solver - _callback: [Gurobi] 0     0 6880.05207    0   11 2551.49018 6880.05207   170%     -    0s
04/28/2026 09:03:17 PM INFO lbbd_cp_v1_solver - print: >>>Parallel subproblem time: 0.013s for 3 factories
04/28/2026 09:03:17 PM INFO lbbd_cp_v1_solver - print:  Added optimal optimality cut: factory=2, orders=[1, 5, 6, 8, 9, 14], cost=1624.21, theta_est=0.00
04/28/2026 09:03:17 PM INFO lbbd_cp_v1_solver - print:  Added optimal optimality cut: factory=3, orders=[4, 7, 10, 11, 12], cost=3706.45, theta_est=0.00
04/28/2026 09:03:17 PM INFO lbbd_cp_v1_solver - print: >>>Parallel subproblem time: 0.016s for 3 factories
04/28/2026 09:03:17 PM INFO lbbd_cp_v1_solver - print:  Added feasibility cut: factory=2, conflict orders=[2, 5, 6, 8, 9, 14]
04/28/2026 09:03:17 PM INFO lbbd_cp_v1_solver - print: >>>Parallel subproblem time: 0.015s for 3 factories
04/28/2026 09:03:17 PM INFO lbbd_cp_v1_solver - print:  Added feasibility cut: factory=2, conflict orders=[1, 2, 5, 6, 9, 14]
04/28/2026 09:03:17 PM INFO lbbd_cp_v1_solver - print: >>>Parallel subproblem time: 0.015s for 3 factories
04/28/2026 09:03:17 PM INFO lbbd_cp_v1_solver - print:  Added feasibility cut: factory=2, conflict orders=[1, 2, 5, 6, 8, 9]
04/28/2026 09:03:17 PM INFO lbbd_cp_v1_solver - print:  Added feasibility cut: factory=3, conflict orders=[4, 7, 10, 11, 12, 14]
04/28/2026 09:03:17 PM INFO lbbd_cp_v1_solver - print: >>>Parallel subproblem time: 0.016s for 3 factories
04/28/2026 09:03:17 PM INFO lbbd_cp_v1_solver - _callback: [Gurobi] H    0     0                    2551.5201767 6880.05207   170%     -    0s
04/28/2026 09:03:17 PM INFO lbbd_cp_v1_solver - _callback: [Gurobi] 0     0 6850.10032    0   12 2551.52018 6850.10032   168%     -    0s
04/28/2026 09:03:17 PM INFO lbbd_cp_v1_solver - print: >>>Parallel subproblem time: 0.014s for 3 factories
04/28/2026 09:03:17 PM INFO lbbd_cp_v1_solver - print:  Added feasibility cut: factory=3, conflict orders=[4, 7, 11, 12, 13, 14]
04/28/2026 09:03:17 PM INFO lbbd_cp_v1_solver - print: >>>Parallel subproblem time: 0.015s for 3 factories
04/28/2026 09:03:17 PM INFO lbbd_cp_v1_solver - print:  Added feasibility cut: factory=3, conflict orders=[2, 4, 7, 11, 12, 14]
04/28/2026 09:03:17 PM INFO lbbd_cp_v1_solver - print: >>>Parallel subproblem time: 0.015s for 3 factories
04/28/2026 09:03:17 PM INFO lbbd_cp_v1_solver - print:  Added feasibility cut: factory=3, conflict orders=[2, 7, 11, 12, 13, 14]
04/28/2026 09:03:17 PM INFO lbbd_cp_v1_solver - print: >>>Parallel subproblem time: 0.016s for 3 factories
04/28/2026 09:03:17 PM INFO lbbd_cp_v1_solver - print:  Added optimal optimality cut: factory=3, orders=[2, 4, 7, 11, 13, 14], cost=3859.07, theta_est=0.00
04/28/2026 09:03:17 PM INFO lbbd_cp_v1_solver - _callback: [Gurobi] 0     0 6844.54267    0   12 2551.52018 6844.54267   168%     -    0s
04/28/2026 09:03:17 PM INFO lbbd_cp_v1_solver - print: >>>Parallel subproblem time: 0.014s for 3 factories
04/28/2026 09:03:17 PM INFO lbbd_cp_v1_solver - print:  Added feasibility cut: factory=3, conflict orders=[2, 4, 5, 7, 11, 13]
04/28/2026 09:03:17 PM INFO lbbd_cp_v1_solver - print: >>>Parallel subproblem time: 0.063s for 3 factories
04/28/2026 09:03:17 PM INFO lbbd_cp_v1_solver - print:  Added feasibility cut: factory=3, conflict orders=[2, 4, 5, 7, 11, 12]
04/28/2026 09:03:17 PM INFO lbbd_cp_v1_solver - print: >>>Parallel subproblem time: 0.077s for 3 factories
04/28/2026 09:03:17 PM INFO lbbd_cp_v1_solver - print:  Added feasibility cut: factory=3, conflict orders=[2, 5, 7, 11, 12, 13]
04/28/2026 09:03:17 PM INFO lbbd_cp_v1_solver - print: >>>Parallel subproblem time: 0.016s for 3 factories
04/28/2026 09:03:17 PM INFO lbbd_cp_v1_solver - print:  Added optimal optimality cut: factory=3, orders=[2, 4, 5, 7, 11], cost=2422.06, theta_est=0.00
04/28/2026 09:03:17 PM INFO lbbd_cp_v1_solver - print: ***[Validated]*** obj=2828.66, delay=3853.58, bound=6844.54, gap=141.97%, t=0.8s
04/28/2026 09:03:17 PM INFO lbbd_cp_v1_solver - print: >>>Parallel subproblem time: 0.014s for 3 factories
04/28/2026 09:03:17 PM INFO lbbd_cp_v1_solver - _callback: [Gurobi] H    0     0                    2828.6610477 6844.54267   142%     -    0s
04/28/2026 09:03:17 PM INFO lbbd_cp_v1_solver - _callback: [Gurobi] 0     0 6838.17847    0   12 2828.66105 6838.17847   142%     -    0s
04/28/2026 09:03:17 PM INFO lbbd_cp_v1_solver - _callback: [Gurobi] 0     0 6835.91693    0   12 2828.66105 6835.91693   142%     -    0s
04/28/2026 09:03:17 PM INFO lbbd_cp_v1_solver - print: >>>Parallel subproblem time: 0.014s for 3 factories
04/28/2026 09:03:17 PM INFO lbbd_cp_v1_solver - print:  Added feasibility cut: factory=3, conflict orders=[2, 5, 11, 12, 13, 14]
04/28/2026 09:03:17 PM INFO lbbd_cp_v1_solver - print: >>>Parallel subproblem time: 0.016s for 3 factories
04/28/2026 09:03:17 PM INFO lbbd_cp_v1_solver - print:  Added feasibility cut: factory=3, conflict orders=[2, 5, 7, 11, 12, 14]
04/28/2026 09:03:17 PM INFO lbbd_cp_v1_solver - print: >>>Parallel subproblem time: 0.015s for 3 factories
04/28/2026 09:03:17 PM INFO lbbd_cp_v1_solver - print:  Added feasibility cut: factory=3, conflict orders=[2, 4, 5, 7, 12, 13, 14]
04/28/2026 09:03:17 PM INFO lbbd_cp_v1_solver - print: >>>Parallel subproblem time: 0.015s for 3 factories
04/28/2026 09:03:17 PM INFO lbbd_cp_v1_solver - print:  Added feasibility cut: factory=3, conflict orders=[2, 4, 5, 7, 11, 14]
04/28/2026 09:03:17 PM INFO lbbd_cp_v1_solver - _callback: [Gurobi] 0     0 6829.50694    0   13 2828.66105 6829.50694   141%     -    0s
04/28/2026 09:03:17 PM INFO lbbd_cp_v1_solver - print: >>>Parallel subproblem time: 0.014s for 3 factories
04/28/2026 09:03:17 PM INFO lbbd_cp_v1_solver - print:  Added optimal optimality cut: factory=3, orders=[2, 4, 5, 10, 11, 14], cost=3705.18, theta_est=0.00
04/28/2026 09:03:17 PM INFO lbbd_cp_v1_solver - print: ***[Validated]*** obj=2832.50, delay=3820.70, bound=6829.51, gap=141.11%, t=0.9s
04/28/2026 09:03:17 PM INFO lbbd_cp_v1_solver - print: >>>Parallel subproblem time: 0.016s for 3 factories
04/28/2026 09:03:17 PM INFO lbbd_cp_v1_solver - _callback: [Gurobi] H    0     0                    2832.4982484 6829.50694   141%     -    0s
04/28/2026 09:03:17 PM INFO lbbd_cp_v1_solver - print: >>>Parallel subproblem time: 0.062s for 3 factories
04/28/2026 09:03:17 PM INFO lbbd_cp_v1_solver - print:  Added optimal optimality cut: factory=3, orders=[2, 5, 7, 10, 11, 14], cost=2220.11, theta_est=0.00
04/28/2026 09:03:17 PM INFO lbbd_cp_v1_solver - print: ***[Validated]*** obj=4331.23, delay=2335.63, bound=6829.51, gap=57.68%, t=0.9s
04/28/2026 09:03:17 PM INFO lbbd_cp_v1_solver - print: >>>Parallel subproblem time: 0.064s for 3 factories
04/28/2026 09:03:17 PM INFO lbbd_cp_v1_solver - _callback: [Gurobi] H    0     0                    4331.2295944 6829.50694  57.7%     -    1s
04/28/2026 09:03:17 PM INFO lbbd_cp_v1_solver - _callback: [Gurobi] 0     0 6825.33242    0   13 4331.22959 6825.33242  57.6%     -    1s
04/28/2026 09:03:17 PM INFO lbbd_cp_v1_solver - _callback: [Gurobi] 0     0 6824.76802    0   13 4331.22959 6824.76802  57.6%     -    1s
04/28/2026 09:03:17 PM INFO lbbd_cp_v1_solver - print: >>>Parallel subproblem time: 0.014s for 3 factories
04/28/2026 09:03:17 PM INFO lbbd_cp_v1_solver - print:  Added feasibility cut: factory=3, conflict orders=[2, 4, 5, 10, 12, 13, 14]
04/28/2026 09:03:17 PM INFO lbbd_cp_v1_solver - print: >>>Parallel subproblem time: 0.033s for 3 factories
04/28/2026 09:03:17 PM INFO lbbd_cp_v1_solver - print:  Added optimal optimality cut: factory=3, orders=[2, 5, 7, 10, 11, 13, 14], cost=3137.28, theta_est=2220.11
04/28/2026 09:03:17 PM INFO lbbd_cp_v1_solver - _callback: [Gurobi] 0     0 6824.53013    0   13 4331.22959 6824.53013  57.6%     -    1s
04/28/2026 09:03:17 PM INFO lbbd_cp_v1_solver - _callback: [Gurobi] 0     0 6824.53013    0   13 4331.22959 6824.53013  57.6%     -    1s
04/28/2026 09:03:17 PM INFO lbbd_cp_v1_solver - print: >>>Parallel subproblem time: 0.012s for 3 factories
04/28/2026 09:03:17 PM INFO lbbd_cp_v1_solver - print:  Added feasibility cut: factory=2, conflict orders=[1, 2, 6, 8, 9, 14]
04/28/2026 09:03:17 PM INFO lbbd_cp_v1_solver - print:  Added feasibility cut: factory=3, conflict orders=[4, 5, 7, 11, 12, 13]
04/28/2026 09:03:17 PM INFO lbbd_cp_v1_solver - print: >>>Parallel subproblem time: 0.016s for 3 factories
04/28/2026 09:03:17 PM INFO lbbd_cp_v1_solver - print:  Added optimal optimality cut: factory=2, orders=[1, 5, 6, 8, 9], cost=221.48, theta_est=0.00
04/28/2026 09:03:17 PM INFO lbbd_cp_v1_solver - print:  Added feasibility cut: factory=3, conflict orders=[2, 7, 10, 11, 12, 14]
04/28/2026 09:03:18 PM INFO lbbd_cp_v1_solver - print: >>>Parallel subproblem time: 0.030s for 3 factories
04/28/2026 09:03:18 PM INFO lbbd_cp_v1_solver - print:  Added optimal optimality cut: factory=3, orders=[2, 5, 7, 11, 13, 14], cost=1752.22, theta_est=27.69
04/28/2026 09:03:18 PM INFO lbbd_cp_v1_solver - print: ***[Validated]*** obj=4656.55, delay=1867.74, bound=6824.53, gap=46.56%, t=1.1s
04/28/2026 09:03:18 PM INFO lbbd_cp_v1_solver - print: >>>Parallel subproblem time: 0.013s for 3 factories
04/28/2026 09:03:18 PM INFO lbbd_cp_v1_solver - print:  Added feasibility cut: factory=3, conflict orders=[2, 4, 5, 12, 13, 14]
04/28/2026 09:03:18 PM INFO lbbd_cp_v1_solver - print: >>>Parallel subproblem time: 0.010s for 3 factories
04/28/2026 09:03:18 PM INFO lbbd_cp_v1_solver - print:  Added feasibility cut: factory=3, conflict orders=[2, 5, 7, 12, 13, 14]
04/28/2026 09:03:18 PM INFO lbbd_cp_v1_solver - print: >>>Parallel subproblem time: 0.017s for 3 factories
04/28/2026 09:03:18 PM INFO lbbd_cp_v1_solver - _callback: [Gurobi] H    0     2                    4442.3455294 6824.53013  53.6%     -    1s
04/28/2026 09:03:18 PM INFO lbbd_cp_v1_solver - _callback: [Gurobi] 0     2 6821.23254    0   14 4442.34553 6821.23254  53.6%     -    1s
04/28/2026 09:03:18 PM INFO lbbd_cp_v1_solver - print: >>>Parallel subproblem time: 0.013s for 3 factories
04/28/2026 09:03:18 PM INFO lbbd_cp_v1_solver - print:  Added feasibility cut: factory=2, conflict orders=[2, 6, 8, 9, 14, 15]
04/28/2026 09:03:18 PM INFO lbbd_cp_v1_solver - print:  Added feasibility cut: factory=3, conflict orders=[4, 5, 7, 10, 12, 13]
04/28/2026 09:03:18 PM INFO lbbd_cp_v1_solver - print: >>>Parallel subproblem time: 0.017s for 3 factories
04/28/2026 09:03:18 PM INFO lbbd_cp_v1_solver - print:  Added optimal optimality cut: factory=2, orders=[5, 6, 8, 9, 14, 15], cost=1393.25, theta_est=-0.00
04/28/2026 09:03:18 PM INFO lbbd_cp_v1_solver - print:  Added feasibility cut: factory=3, conflict orders=[2, 4, 7, 11, 12]
04/28/2026 09:03:18 PM INFO lbbd_cp_v1_solver - print: >>>Parallel subproblem time: 0.017s for 3 factories
04/28/2026 09:03:18 PM INFO lbbd_cp_v1_solver - print:  Added optimal optimality cut: factory=2, orders=[1, 5, 6, 8, 14, 15], cost=1309.37, theta_est=0.00
04/28/2026 09:03:18 PM INFO lbbd_cp_v1_solver - print:  Added optimal optimality cut: factory=3, orders=[2, 4, 7, 9, 10, 11], cost=4388.64, theta_est=157.64
04/28/2026 09:03:18 PM INFO lbbd_cp_v1_solver - print: >>>Parallel subproblem time: 0.016s for 3 factories
04/28/2026 09:03:18 PM INFO lbbd_cp_v1_solver - print:  Added optimal optimality cut: factory=2, orders=[1, 2, 6, 8, 9], cost=1619.98, theta_est=0.00
04/28/2026 09:03:18 PM INFO lbbd_cp_v1_solver - print:  Added optimal optimality cut: factory=3, orders=[4, 5, 7, 10, 11, 14], cost=3471.38, theta_est=16.98
04/28/2026 09:03:18 PM INFO lbbd_cp_v1_solver - print: >>>Parallel subproblem time: 0.015s for 3 factories
04/28/2026 09:03:18 PM INFO lbbd_cp_v1_solver - print:  Added feasibility cut: factory=3, conflict orders=[2, 4, 5, 7, 10, 13, 14]
04/28/2026 09:03:18 PM INFO lbbd_cp_v1_solver - print: >>>Parallel subproblem time: 0.015s for 3 factories
04/28/2026 09:03:18 PM INFO lbbd_cp_v1_solver - print:  Added feasibility cut: factory=3, conflict orders=[2, 4, 5, 11, 12, 14]
04/28/2026 09:03:18 PM INFO lbbd_cp_v1_solver - print: >>>Parallel subproblem time: 0.015s for 3 factories
04/28/2026 09:03:18 PM INFO lbbd_cp_v1_solver - print:  Added optimal optimality cut: factory=2, orders=[1, 6, 8, 9, 14], cost=621.10, theta_est=0.00
04/28/2026 09:03:18 PM INFO lbbd_cp_v1_solver - print:  Added feasibility cut: factory=3, conflict orders=[2, 4, 5, 11, 12, 13]
04/28/2026 09:03:18 PM INFO lbbd_cp_v1_solver - print: >>>Parallel subproblem time: 0.016s for 3 factories
04/28/2026 09:03:18 PM INFO lbbd_cp_v1_solver - print:  Added feasibility cut: factory=3, conflict orders=[2, 4, 5, 7, 10, 13, 15]
04/28/2026 09:03:18 PM INFO lbbd_cp_v1_solver - print: >>>Parallel subproblem time: 0.016s for 3 factories
04/28/2026 09:03:18 PM INFO lbbd_cp_v1_solver - print:  Added optimal optimality cut: factory=2, orders=[1, 2, 6, 8, 14], cost=1914.46, theta_est=0.00
04/28/2026 09:03:18 PM INFO lbbd_cp_v1_solver - print:  Added optimal optimality cut: factory=3, orders=[4, 5, 7, 9, 10, 11], cost=3409.37, theta_est=0.00
04/28/2026 09:03:18 PM INFO lbbd_cp_v1_solver - print: >>>Parallel subproblem time: 0.015s for 3 factories
04/28/2026 09:03:18 PM INFO lbbd_cp_v1_solver - print:  Added feasibility cut: factory=3, conflict orders=[2, 10, 11, 12, 13, 14]
04/28/2026 09:03:18 PM INFO lbbd_cp_v1_solver - print: >>>Parallel subproblem time: 0.016s for 3 factories
04/28/2026 09:03:18 PM INFO lbbd_cp_v1_solver - print:  Added feasibility cut: factory=3, conflict orders=[2, 4, 10, 11, 12, 14]
04/28/2026 09:03:18 PM INFO lbbd_cp_v1_solver - print: >>>Parallel subproblem time: 0.016s for 3 factories
04/28/2026 09:03:18 PM INFO lbbd_cp_v1_solver - print:  Added optimal optimality cut: factory=2, orders=[2, 6, 8, 9, 15], cost=1359.55, theta_est=0.00
04/28/2026 09:03:18 PM INFO lbbd_cp_v1_solver - print:  Added feasibility cut: factory=3, conflict orders=[5, 7, 11, 12, 14]
04/28/2026 09:03:18 PM INFO lbbd_cp_v1_solver - print: >>>Parallel subproblem time: 0.017s for 3 factories
04/28/2026 09:03:18 PM INFO lbbd_cp_v1_solver - print:  Added optimal optimality cut: factory=2, orders=[2, 6, 8, 9], cost=445.72, theta_est=0.00
04/28/2026 09:03:18 PM INFO lbbd_cp_v1_solver - print:  Added feasibility cut: factory=3, conflict orders=[4, 5, 7, 11, 13, 14, 15]
04/28/2026 09:03:18 PM INFO lbbd_cp_v1_solver - print: >>>Parallel subproblem time: 0.015s for 3 factories
04/28/2026 09:03:18 PM INFO lbbd_cp_v1_solver - print:  Added optimal optimality cut: factory=2, orders=[5, 6, 8, 9, 14], cost=582.84, theta_est=0.00
04/28/2026 09:03:18 PM INFO lbbd_cp_v1_solver - print:  Added optimal optimality cut: factory=3, orders=[2, 7, 10, 11, 12, 13], cost=3576.31, theta_est=23.14
04/28/2026 09:03:18 PM INFO lbbd_cp_v1_solver - print: >>>Parallel subproblem time: 0.015s for 3 factories
04/28/2026 09:03:18 PM INFO lbbd_cp_v1_solver - print:  Added feasibility cut: factory=3, conflict orders=[2, 5, 10, 11, 12, 14]
04/28/2026 09:03:18 PM INFO lbbd_cp_v1_solver - print: >>>Parallel subproblem time: 0.032s for 3 factories
04/28/2026 09:03:18 PM INFO lbbd_cp_v1_solver - print:  Added optimal optimality cut: factory=2, orders=[1, 6, 8, 14, 15], cost=306.27, theta_est=0.00
04/28/2026 09:03:18 PM INFO lbbd_cp_v1_solver - print:  Added optimal optimality cut: factory=3, orders=[2, 5, 7, 9, 10, 11], cost=2469.78, theta_est=0.00
04/28/2026 09:03:18 PM INFO lbbd_cp_v1_solver - print: >>>Parallel subproblem time: 0.014s for 3 factories
04/28/2026 09:03:18 PM INFO lbbd_cp_v1_solver - print:  Added optimal optimality cut: factory=2, orders=[6, 8, 9, 14, 15], cost=390.15, theta_est=0.00
04/28/2026 09:03:18 PM INFO lbbd_cp_v1_solver - print:  Added feasibility cut: factory=3, conflict orders=[2, 4, 5, 7, 12, 13]
04/28/2026 09:03:18 PM INFO lbbd_cp_v1_solver - print: >>>Parallel subproblem time: 0.016s for 3 factories
04/28/2026 09:03:18 PM INFO lbbd_cp_v1_solver - print:  Added optimal optimality cut: factory=2, orders=[1, 2, 5, 6, 8], cost=1482.25, theta_est=0.00
04/28/2026 09:03:18 PM INFO lbbd_cp_v1_solver - print:  Added optimal optimality cut: factory=3, orders=[4, 7, 9, 10, 11, 14], cost=4137.08, theta_est=0.95
04/28/2026 09:03:18 PM INFO lbbd_cp_v1_solver - print: >>>Parallel subproblem time: 0.031s for 3 factories
04/28/2026 09:03:18 PM INFO lbbd_cp_v1_solver - print:  Added optimal optimality cut: factory=3, orders=[2, 4, 7, 10, 13, 14], cost=3884.73, theta_est=0.00
04/28/2026 09:03:18 PM INFO lbbd_cp_v1_solver - print: >>>Parallel subproblem time: 0.015s for 3 factories
04/28/2026 09:03:18 PM INFO lbbd_cp_v1_solver - print:  Added feasibility cut: factory=3, conflict orders=[2, 4, 11, 12, 14]
04/28/2026 09:03:18 PM INFO lbbd_cp_v1_solver - print: >>>Parallel subproblem time: 0.016s for 3 factories
04/28/2026 09:03:18 PM INFO lbbd_cp_v1_solver - print:  Added feasibility cut: factory=3, conflict orders=[2, 4, 7, 10, 12, 14]
04/28/2026 09:03:18 PM INFO lbbd_cp_v1_solver - print: >>>Parallel subproblem time: 0.016s for 3 factories
04/28/2026 09:03:18 PM INFO lbbd_cp_v1_solver - print:  Added feasibility cut: factory=2, conflict orders=[1, 2, 6, 9, 15]
04/28/2026 09:03:18 PM INFO lbbd_cp_v1_solver - print:  Added feasibility cut: factory=3, conflict orders=[7, 10, 11, 12, 13, 14]
04/28/2026 09:03:18 PM INFO lbbd_cp_v1_solver - print: >>>Parallel subproblem time: 0.016s for 3 factories
04/28/2026 09:03:18 PM INFO lbbd_cp_v1_solver - print:  Added optimal optimality cut: factory=3, orders=[2, 4, 5, 7, 14], cost=2637.76, theta_est=0.00
04/28/2026 09:03:18 PM INFO lbbd_cp_v1_solver - print: >>>Parallel subproblem time: 0.015s for 3 factories
04/28/2026 09:03:18 PM INFO lbbd_cp_v1_solver - print:  Added feasibility cut: factory=2, conflict orders=[1, 2, 8, 9, 14, 15]
04/28/2026 09:03:18 PM INFO lbbd_cp_v1_solver - print:  Added optimal optimality cut: factory=3, orders=[4, 5, 7, 12], cost=1411.89, theta_est=0.00
04/28/2026 09:03:18 PM INFO lbbd_cp_v1_solver - print: >>>Parallel subproblem time: 0.016s for 3 factories
04/28/2026 09:03:18 PM INFO lbbd_cp_v1_solver - print:  Added feasibility cut: factory=2, conflict orders=[1, 2, 6, 9, 14]
04/28/2026 09:03:18 PM INFO lbbd_cp_v1_solver - print:  Added optimal optimality cut: factory=3, orders=[4, 5, 7, 10, 11, 15], cost=2216.54, theta_est=25.60
04/28/2026 09:03:18 PM INFO lbbd_cp_v1_solver - print: >>>Parallel subproblem time: 0.016s for 3 factories
04/28/2026 09:03:18 PM INFO lbbd_cp_v1_solver - print:  Added optimal optimality cut: factory=2, orders=[1, 5, 6, 8, 14], cost=498.95, theta_est=0.00
04/28/2026 09:03:18 PM INFO lbbd_cp_v1_solver - print:  Added feasibility cut: factory=3, conflict orders=[2, 4, 7, 9, 11, 13]
04/28/2026 09:03:18 PM INFO lbbd_cp_v1_solver - print: >>>Parallel subproblem time: 0.016s for 3 factories
04/28/2026 09:03:18 PM INFO lbbd_cp_v1_solver - print:  Added optimal optimality cut: factory=2, orders=[1, 5, 6, 9, 14], cost=640.37, theta_est=0.00
04/28/2026 09:03:18 PM INFO lbbd_cp_v1_solver - print:  Added feasibility cut: factory=3, conflict orders=[2, 4, 7, 10, 11, 15]
04/28/2026 09:03:18 PM INFO lbbd_cp_v1_solver - print: >>>Parallel subproblem time: 0.014s for 3 factories
04/28/2026 09:03:18 PM INFO lbbd_cp_v1_solver - print:  Added feasibility cut: factory=2, conflict orders=[1, 2, 6, 14, 15]
04/28/2026 09:03:18 PM INFO lbbd_cp_v1_solver - print:  Added feasibility cut: factory=3, conflict orders=[5, 7, 9, 10, 11, 12, 13]
04/28/2026 09:03:18 PM INFO lbbd_cp_v1_solver - print: >>>Parallel subproblem time: 0.016s for 3 factories
04/28/2026 09:03:18 PM INFO lbbd_cp_v1_solver - print:  Added optimal optimality cut: factory=2, orders=[1, 6, 9, 14, 15], cost=553.64, theta_est=0.00
04/28/2026 09:03:18 PM INFO lbbd_cp_v1_solver - print:  Added feasibility cut: factory=3, conflict orders=[2, 4, 5, 11, 12]
04/28/2026 09:03:18 PM INFO lbbd_cp_v1_solver - print: >>>Parallel subproblem time: 0.031s for 3 factories
04/28/2026 09:03:18 PM INFO lbbd_cp_v1_solver - print:  Added optimal optimality cut: factory=2, orders=[1, 5, 8, 9, 14, 15], cost=1628.87, theta_est=0.00
04/28/2026 09:03:18 PM INFO lbbd_cp_v1_solver - print:  Added optimal optimality cut: factory=3, orders=[2, 4, 7, 10, 11], cost=1632.38, theta_est=0.00
04/28/2026 09:03:18 PM INFO lbbd_cp_v1_solver - print: >>>Parallel subproblem time: 0.015s for 3 factories
04/28/2026 09:03:18 PM INFO lbbd_cp_v1_solver - print:  Added feasibility cut: factory=2, conflict orders=[1, 2, 5, 6, 9]
04/28/2026 09:03:18 PM INFO lbbd_cp_v1_solver - print:  Added feasibility cut: factory=3, conflict orders=[4, 7, 8, 10, 11, 14]
04/28/2026 09:03:18 PM INFO lbbd_cp_v1_solver - print: >>>Parallel subproblem time: 0.015s for 3 factories
04/28/2026 09:03:18 PM INFO lbbd_cp_v1_solver - print:  Added optimal optimality cut: factory=3, orders=[2, 7, 10, 11, 14, 15], cost=3195.69, theta_est=4.54
04/28/2026 09:03:18 PM INFO lbbd_cp_v1_solver - print: >>>Parallel subproblem time: 0.015s for 3 factories
04/28/2026 09:03:18 PM INFO lbbd_cp_v1_solver - print:  Added feasibility cut: factory=3, conflict orders=[2, 4, 7, 11, 14, 15]
04/28/2026 09:03:18 PM INFO lbbd_cp_v1_solver - print: >>>Parallel subproblem time: 0.016s for 3 factories
04/28/2026 09:03:18 PM INFO lbbd_cp_v1_solver - print:  Added optimal optimality cut: factory=2, orders=[1, 2, 8, 9, 15], cost=1756.46, theta_est=0.00
04/28/2026 09:03:18 PM INFO lbbd_cp_v1_solver - print:  Added optimal optimality cut: factory=3, orders=[5, 7, 10, 12, 13, 14], cost=3212.87, theta_est=0.00
04/28/2026 09:03:18 PM INFO lbbd_cp_v1_solver - print: >>>Parallel subproblem time: 0.063s for 3 factories
04/28/2026 09:03:18 PM INFO lbbd_cp_v1_solver - print:  Added optimal optimality cut: factory=3, orders=[2, 5, 7, 10, 13, 14], cost=1666.51, theta_est=0.00
04/28/2026 09:03:18 PM INFO lbbd_cp_v1_solver - print: ***[Validated]*** obj=4681.48, delay=1782.03, bound=6648.12, gap=42.01%, t=1.8s
04/28/2026 09:03:18 PM INFO lbbd_cp_v1_solver - print: >>>Parallel subproblem time: 0.063s for 3 factories
04/28/2026 09:03:18 PM INFO lbbd_cp_v1_solver - _callback: [Gurobi] H   61    66                    4681.4513625 6648.11500  42.0%   5.0    1s
04/28/2026 09:03:18 PM INFO lbbd_cp_v1_solver - print: >>>Parallel subproblem time: 0.016s for 3 factories
04/28/2026 09:03:18 PM INFO lbbd_cp_v1_solver - print:  Added optimal optimality cut: factory=3, orders=[2, 5, 10, 12, 14], cost=2338.42, theta_est=0.00
04/28/2026 09:03:18 PM INFO lbbd_cp_v1_solver - print: >>>Parallel subproblem time: 0.016s for 3 factories
04/28/2026 09:03:18 PM INFO lbbd_cp_v1_solver - print:  Added optimal optimality cut: factory=2, orders=[2, 8, 9, 14, 15], cost=2145.53, theta_est=0.00
04/28/2026 09:03:18 PM INFO lbbd_cp_v1_solver - print:  Added optimal optimality cut: factory=3, orders=[4, 5, 7, 10, 11], cost=1480.04, theta_est=0.00
04/28/2026 09:03:18 PM INFO lbbd_cp_v1_solver - print: >>>Parallel subproblem time: 0.014s for 3 factories
04/28/2026 09:03:18 PM INFO lbbd_cp_v1_solver - print:  Added feasibility cut: factory=2, conflict orders=[2, 5, 6, 8, 14, 15]
04/28/2026 09:03:18 PM INFO lbbd_cp_v1_solver - print:  Added feasibility cut: factory=3, conflict orders=[4, 7, 9, 11, 12, 13]
04/28/2026 09:03:18 PM INFO lbbd_cp_v1_solver - print: >>>Parallel subproblem time: 0.016s for 3 factories
04/28/2026 09:03:18 PM INFO lbbd_cp_v1_solver - print:  Added feasibility cut: factory=2, conflict orders=[2, 5, 6, 9, 14, 15]
04/28/2026 09:03:18 PM INFO lbbd_cp_v1_solver - print:  Added feasibility cut: factory=3, conflict orders=[4, 7, 8, 11, 12]
04/28/2026 09:03:18 PM INFO lbbd_cp_v1_solver - print: >>>Parallel subproblem time: 0.017s for 3 factories
04/28/2026 09:03:18 PM INFO lbbd_cp_v1_solver - print:  Added feasibility cut: factory=2, conflict orders=[2, 6, 9, 14, 15]
04/28/2026 09:03:18 PM INFO lbbd_cp_v1_solver - print:  Added optimal optimality cut: factory=3, orders=[5, 7, 10, 11, 12, 13], cost=2913.38, theta_est=0.00
04/28/2026 09:03:18 PM INFO lbbd_cp_v1_solver - print: >>>Parallel subproblem time: 0.031s for 3 factories
04/28/2026 09:03:18 PM INFO lbbd_cp_v1_solver - print:  Added optimal optimality cut: factory=2, orders=[1, 2, 6, 9], cost=759.90, theta_est=0.00
04/28/2026 09:03:18 PM INFO lbbd_cp_v1_solver - print:  Added optimal optimality cut: factory=3, orders=[5, 7, 8, 10, 11, 14], cost=2457.94, theta_est=8.01
04/28/2026 09:03:18 PM INFO lbbd_cp_v1_solver - print: >>>Parallel subproblem time: 0.014s for 3 factories
04/28/2026 09:03:18 PM INFO lbbd_cp_v1_solver - print:  Added optimal optimality cut: factory=2, orders=[1, 2, 6, 8, 15], cost=1264.97, theta_est=0.00
04/28/2026 09:03:18 PM INFO lbbd_cp_v1_solver - print:  Added optimal optimality cut: factory=3, orders=[5, 7, 10, 12, 14], cost=2714.25, theta_est=0.00
04/28/2026 09:03:18 PM INFO lbbd_cp_v1_solver - print: >>>Parallel subproblem time: 0.015s for 3 factories
04/28/2026 09:03:18 PM INFO lbbd_cp_v1_solver - print:  Added optimal optimality cut: factory=2, orders=[1, 8, 9, 14, 15], cost=742.14, theta_est=0.00
04/28/2026 09:03:18 PM INFO lbbd_cp_v1_solver - print:  Added optimal optimality cut: factory=3, orders=[2, 5, 7, 10, 11, 12], cost=4294.37, theta_est=-0.00
04/28/2026 09:03:19 PM INFO lbbd_cp_v1_solver - print: >>>Parallel subproblem time: 0.077s for 3 factories
04/28/2026 09:03:19 PM INFO lbbd_cp_v1_solver - print:  Added optimal optimality cut: factory=3, orders=[2, 5, 7, 13, 14], cost=817.37, theta_est=0.00
04/28/2026 09:03:19 PM INFO lbbd_cp_v1_solver - print: ***[Validated]*** obj=5192.80, delay=932.89, bound=6648.12, gap=28.03%, t=2.1s
04/28/2026 09:03:19 PM INFO lbbd_cp_v1_solver - print: >>>Parallel subproblem time: 0.016s for 3 factories
04/28/2026 09:03:19 PM INFO lbbd_cp_v1_solver - _callback: [Gurobi] H   81    77                    5192.7661449 6648.11500  28.0%   5.1    2s
04/28/2026 09:03:19 PM INFO lbbd_cp_v1_solver - print: >>>Parallel subproblem time: 0.030s for 3 factories
04/28/2026 09:03:19 PM INFO lbbd_cp_v1_solver - print:  Added optimal optimality cut: factory=3, orders=[2, 5, 7, 10, 14], cost=1287.98, theta_est=0.00
04/28/2026 09:03:19 PM INFO lbbd_cp_v1_solver - print: >>>Parallel subproblem time: 0.014s for 3 factories
04/28/2026 09:03:19 PM INFO lbbd_cp_v1_solver - print:  Added optimal optimality cut: factory=2, orders=[1, 2, 8, 9, 14], cost=3419.44, theta_est=0.00
04/28/2026 09:03:19 PM INFO lbbd_cp_v1_solver - print:  Added feasibility cut: factory=3, conflict orders=[4, 7, 11, 12, 13, 15]
04/28/2026 09:03:19 PM INFO lbbd_cp_v1_solver - print: >>>Parallel subproblem time: 0.062s for 3 factories
04/28/2026 09:03:19 PM INFO lbbd_cp_v1_solver - print:  Added optimal optimality cut: factory=2, orders=[5, 6, 8, 14, 15], cost=268.00, theta_est=0.00
04/28/2026 09:03:19 PM INFO lbbd_cp_v1_solver - print:  Added optimal optimality cut: factory=3, orders=[2, 7, 9, 10, 11, 13], cost=2796.11, theta_est=0.00
04/28/2026 09:03:19 PM INFO lbbd_cp_v1_solver - print: >>>Parallel subproblem time: 0.015s for 3 factories
04/28/2026 09:03:19 PM INFO lbbd_cp_v1_solver - print:  Added optimal optimality cut: factory=2, orders=[1, 5, 8, 9, 14], cost=818.46, theta_est=0.00
04/28/2026 09:03:19 PM INFO lbbd_cp_v1_solver - print:  Added feasibility cut: factory=3, conflict orders=[2, 7, 11, 12, 13, 15]
04/28/2026 09:03:19 PM INFO lbbd_cp_v1_solver - print: >>>Parallel subproblem time: 0.016s for 3 factories
04/28/2026 09:03:19 PM INFO lbbd_cp_v1_solver - print:  Added feasibility cut: factory=2, conflict orders=[2, 5, 6, 9, 14]
04/28/2026 09:03:19 PM INFO lbbd_cp_v1_solver - print:  Added optimal optimality cut: factory=3, orders=[4, 7, 8, 10, 11], cost=2446.23, theta_est=19.24
04/28/2026 09:03:19 PM INFO lbbd_cp_v1_solver - print: >>>Parallel subproblem time: 0.014s for 3 factories
04/28/2026 09:03:19 PM INFO lbbd_cp_v1_solver - print:  Added feasibility cut: factory=2, conflict orders=[1, 2, 5, 6, 14]
04/28/2026 09:03:19 PM INFO lbbd_cp_v1_solver - print:  Added feasibility cut: factory=3, conflict orders=[7, 9, 10, 11, 12, 13]
04/28/2026 09:03:19 PM INFO lbbd_cp_v1_solver - print: >>>Parallel subproblem time: 0.017s for 3 factories
04/28/2026 09:03:19 PM INFO lbbd_cp_v1_solver - print:  Added optimal optimality cut: factory=2, orders=[1, 2, 6, 8], cost=351.13, theta_est=0.00
04/28/2026 09:03:19 PM INFO lbbd_cp_v1_solver - print:  Added optimal optimality cut: factory=3, orders=[5, 7, 9, 10, 13, 14], cost=1835.79, theta_est=6.76
04/28/2026 09:03:19 PM INFO lbbd_cp_v1_solver - print: >>>Parallel subproblem time: 0.015s for 3 factories
04/28/2026 09:03:19 PM INFO lbbd_cp_v1_solver - print:  Added feasibility cut: factory=3, conflict orders=[2, 4, 10, 11, 14, 15]
04/28/2026 09:03:19 PM INFO lbbd_cp_v1_solver - print: >>>Parallel subproblem time: 0.016s for 3 factories
04/28/2026 09:03:19 PM INFO lbbd_cp_v1_solver - print:  Added feasibility cut: factory=3, conflict orders=[2, 4, 7, 10, 14, 15]
04/28/2026 09:03:19 PM INFO lbbd_cp_v1_solver - print: >>>Parallel subproblem time: 0.016s for 3 factories
04/28/2026 09:03:19 PM INFO lbbd_cp_v1_solver - print:  Added optimal optimality cut: factory=3, orders=[2, 7, 10, 12, 14], cost=2714.25, theta_est=0.00
04/28/2026 09:03:19 PM INFO lbbd_cp_v1_solver - print: >>>Parallel subproblem time: 0.016s for 3 factories
04/28/2026 09:03:19 PM INFO lbbd_cp_v1_solver - print:  Added optimal optimality cut: factory=2, orders=[2, 5, 6, 9], cost=737.79, theta_est=0.00
04/28/2026 09:03:19 PM INFO lbbd_cp_v1_solver - print:  Added optimal optimality cut: factory=3, orders=[7, 8, 11, 14, 15], cost=2063.40, theta_est=0.00
04/28/2026 09:03:19 PM INFO lbbd_cp_v1_solver - print: >>>Parallel subproblem time: 0.015s for 3 factories
04/28/2026 09:03:19 PM INFO lbbd_cp_v1_solver - print:  Added feasibility cut: factory=3, conflict orders=[2, 4, 5, 11, 13, 14]
04/28/2026 09:03:19 PM INFO lbbd_cp_v1_solver - print: >>>Parallel subproblem time: 0.032s for 3 factories
04/28/2026 09:03:19 PM INFO lbbd_cp_v1_solver - print:  Added optimal optimality cut: factory=3, orders=[2, 5, 10, 11, 13, 14], cost=1085.26, theta_est=0.00
04/28/2026 09:03:19 PM INFO lbbd_cp_v1_solver - print: >>>Parallel subproblem time: 0.016s for 3 factories
04/28/2026 09:03:19 PM INFO lbbd_cp_v1_solver - print:  Added optimal optimality cut: factory=2, orders=[2, 6, 8, 14, 15], cost=1654.03, theta_est=0.00
04/28/2026 09:03:19 PM INFO lbbd_cp_v1_solver - print:  Added optimal optimality cut: factory=3, orders=[4, 5, 7, 9, 10, 13], cost=3392.11, theta_est=0.00
04/28/2026 09:03:19 PM INFO lbbd_cp_v1_solver - print: >>>Parallel subproblem time: 0.062s for 3 factories
04/28/2026 09:03:19 PM INFO lbbd_cp_v1_solver - print:  Added optimal optimality cut: factory=3, orders=[2, 5, 7, 11, 14], cost=1095.40, theta_est=0.00
04/28/2026 09:03:19 PM INFO lbbd_cp_v1_solver - print: >>>Parallel subproblem time: 0.017s for 3 factories
04/28/2026 09:03:19 PM INFO lbbd_cp_v1_solver - print:  Added optimal optimality cut: factory=2, orders=[1, 5, 6, 14, 15], cost=498.66, theta_est=0.00
04/28/2026 09:03:19 PM INFO lbbd_cp_v1_solver - print:  Added optimal optimality cut: factory=3, orders=[2, 4, 9, 10, 11, 13], cost=4163.64, theta_est=0.00
04/28/2026 09:03:19 PM INFO lbbd_cp_v1_solver - print: >>>Parallel subproblem time: 0.077s for 3 factories
04/28/2026 09:03:19 PM INFO lbbd_cp_v1_solver - print:  Added optimal optimality cut: factory=3, orders=[2, 7, 10, 11, 13, 14], cost=2220.11, theta_est=0.00
04/28/2026 09:03:19 PM INFO lbbd_cp_v1_solver - print: >>>Parallel subproblem time: 0.015s for 3 factories
04/28/2026 09:03:19 PM INFO lbbd_cp_v1_solver - print:  Added feasibility cut: factory=3, conflict orders=[2, 4, 11, 12, 13, 15]
04/28/2026 09:03:19 PM INFO lbbd_cp_v1_solver - print: >>>Parallel subproblem time: 0.016s for 3 factories
04/28/2026 09:03:19 PM INFO lbbd_cp_v1_solver - print:  Added feasibility cut: factory=2, conflict orders=[1, 2, 5, 9, 14, 15]
04/28/2026 09:03:19 PM INFO lbbd_cp_v1_solver - print:  Added optimal optimality cut: factory=3, orders=[4, 8, 10, 11, 12], cost=3598.75, theta_est=0.00
04/28/2026 09:03:19 PM INFO lbbd_cp_v1_solver - print: >>>Parallel subproblem time: 0.015s for 3 factories
04/28/2026 09:03:19 PM INFO lbbd_cp_v1_solver - print:  Added feasibility cut: factory=2, conflict orders=[1, 2, 5, 9, 14]
04/28/2026 09:03:19 PM INFO lbbd_cp_v1_solver - print:  Added optimal optimality cut: factory=3, orders=[4, 7, 8, 11, 13], cost=2491.00, theta_est=0.00
04/28/2026 09:03:19 PM INFO lbbd_cp_v1_solver - print: >>>Parallel subproblem time: 0.016s for 3 factories
04/28/2026 09:03:19 PM INFO lbbd_cp_v1_solver - print:  Added feasibility cut: factory=2, conflict orders=[2, 5, 6, 14, 15]
04/28/2026 09:03:19 PM INFO lbbd_cp_v1_solver - print:  Added feasibility cut: factory=3, conflict orders=[4, 9, 10, 11, 12, 13]
04/28/2026 09:03:19 PM INFO lbbd_cp_v1_solver - print: >>>Parallel subproblem time: 0.016s for 3 factories
04/28/2026 09:03:19 PM INFO lbbd_cp_v1_solver - print:  Added optimal optimality cut: factory=2, orders=[1, 6, 9, 14], cost=188.85, theta_est=0.00
04/28/2026 09:03:19 PM INFO lbbd_cp_v1_solver - print:  Added optimal optimality cut: factory=3, orders=[2, 5, 8, 11, 12], cost=2834.12, theta_est=12.01
04/28/2026 09:03:19 PM INFO lbbd_cp_v1_solver - print: >>>Parallel subproblem time: 0.061s for 3 factories
04/28/2026 09:03:19 PM INFO lbbd_cp_v1_solver - print:  Added optimal optimality cut: factory=2, orders=[5, 9, 14, 15], cost=173.73, theta_est=0.00
04/28/2026 09:03:19 PM INFO lbbd_cp_v1_solver - print:  Added optimal optimality cut: factory=3, orders=[2, 4, 7, 11, 13], cost=2193.74, theta_est=0.00
04/28/2026 09:03:19 PM INFO lbbd_cp_v1_solver - print: >>>Parallel subproblem time: 0.016s for 3 factories
04/28/2026 09:03:19 PM INFO lbbd_cp_v1_solver - print:  Added optimal optimality cut: factory=2, orders=[2, 6, 9], cost=158.27, theta_est=0.00
04/28/2026 09:03:19 PM INFO lbbd_cp_v1_solver - print:  Added optimal optimality cut: factory=3, orders=[4, 5, 8, 10, 11, 14], cost=3419.57, theta_est=8.73
04/28/2026 09:03:19 PM INFO lbbd_cp_v1_solver - print: >>>Parallel subproblem time: 0.062s for 3 factories
04/28/2026 09:03:19 PM INFO lbbd_cp_v1_solver - print:  Added optimal optimality cut: factory=3, orders=[2, 7, 10, 13, 14, 15], cost=2100.16, theta_est=0.00
04/28/2026 09:03:19 PM INFO lbbd_cp_v1_solver - print: >>>Parallel subproblem time: 0.016s for 3 factories
04/28/2026 09:03:19 PM INFO lbbd_cp_v1_solver - print:  Added feasibility cut: factory=3, conflict orders=[2, 4, 10, 14, 15]
04/28/2026 09:03:19 PM INFO lbbd_cp_v1_solver - print: >>>Parallel subproblem time: 0.016s for 3 factories
04/28/2026 09:03:19 PM INFO lbbd_cp_v1_solver - print:  Added optimal optimality cut: factory=2, orders=[1, 5, 6, 9, 15], cost=163.98, theta_est=-0.00
04/28/2026 09:03:19 PM INFO lbbd_cp_v1_solver - print:  Added optimal optimality cut: factory=3, orders=[2, 8, 10, 12, 14], cost=2654.33, theta_est=0.00
04/28/2026 09:03:19 PM INFO lbbd_cp_v1_solver - print: >>>Parallel subproblem time: 0.016s for 3 factories
04/28/2026 09:03:19 PM INFO lbbd_cp_v1_solver - print:  Added optimal optimality cut: factory=3, orders=[2, 4, 5, 11, 14], cost=2573.46, theta_est=0.00
04/28/2026 09:03:19 PM INFO lbbd_cp_v1_solver - print: >>>Parallel subproblem time: 0.016s for 3 factories
04/28/2026 09:03:19 PM INFO lbbd_cp_v1_solver - print:  Added optimal optimality cut: factory=3, orders=[2, 5, 10, 11, 14], cost=734.11, theta_est=0.00
04/28/2026 09:03:19 PM INFO lbbd_cp_v1_solver - print: ***[Validated]*** obj=5298.04, delay=849.63, bound=6648.12, gap=25.48%, t=2.9s
04/28/2026 09:03:19 PM INFO lbbd_cp_v1_solver - print: >>>Parallel subproblem time: 0.015s for 3 factories
04/28/2026 09:03:19 PM INFO lbbd_cp_v1_solver - _callback: [Gurobi] H  131   123                    5298.0060522 6648.11500  25.5%   4.9    2s
04/28/2026 09:03:19 PM INFO lbbd_cp_v1_solver - print: >>>Parallel subproblem time: 0.015s for 3 factories
04/28/2026 09:03:19 PM INFO lbbd_cp_v1_solver - print:  Added feasibility cut: factory=3, conflict orders=[2, 5, 11, 12, 14]
04/28/2026 09:03:19 PM INFO lbbd_cp_v1_solver - print: >>>Parallel subproblem time: 0.016s for 3 factories
04/28/2026 09:03:19 PM INFO lbbd_cp_v1_solver - print:  Added optimal optimality cut: factory=2, orders=[2, 5, 6, 8, 15], cost=1221.82, theta_est=0.00
04/28/2026 09:03:19 PM INFO lbbd_cp_v1_solver - print:  Added feasibility cut: factory=3, conflict orders=[4, 7, 9, 11, 12]
04/28/2026 09:03:19 PM INFO lbbd_cp_v1_solver - print: >>>Parallel subproblem time: 0.016s for 3 factories
04/28/2026 09:03:19 PM INFO lbbd_cp_v1_solver - print:  Added optimal optimality cut: factory=2, orders=[1, 5, 8, 14, 15], cost=503.62, theta_est=0.00
04/28/2026 09:03:19 PM INFO lbbd_cp_v1_solver - print:  Added optimal optimality cut: factory=3, orders=[2, 4, 9, 11, 13], cost=3012.77, theta_est=0.00
04/28/2026 09:03:19 PM INFO lbbd_cp_v1_solver - print: >>>Parallel subproblem time: 0.016s for 3 factories
04/28/2026 09:03:19 PM INFO lbbd_cp_v1_solver - print:  Added optimal optimality cut: factory=2, orders=[5, 6, 8, 9, 15], cost=94.48, theta_est=-0.00
04/28/2026 09:03:19 PM INFO lbbd_cp_v1_solver - print:  Added optimal optimality cut: factory=3, orders=[2, 4, 10, 11, 13, 14], cost=3167.98, theta_est=1.85
04/28/2026 09:03:19 PM INFO lbbd_cp_v1_solver - print: >>>Parallel subproblem time: 0.014s for 3 factories
04/28/2026 09:03:19 PM INFO lbbd_cp_v1_solver - print:  Added feasibility cut: factory=3, conflict orders=[2, 9, 11, 12, 15]
04/28/2026 09:03:19 PM INFO lbbd_cp_v1_solver - print: >>>Parallel subproblem time: 0.013s for 3 factories
04/28/2026 09:03:19 PM INFO lbbd_cp_v1_solver - print:  Added optimal optimality cut: factory=2, orders=[1, 2, 6, 14], cost=910.77, theta_est=0.00
04/28/2026 09:03:19 PM INFO lbbd_cp_v1_solver - print:  Added feasibility cut: factory=3, conflict orders=[5, 7, 9, 10, 11, 12]
04/28/2026 09:03:19 PM INFO lbbd_cp_v1_solver - print: >>>Parallel subproblem time: 0.016s for 3 factories
04/28/2026 09:03:19 PM INFO lbbd_cp_v1_solver - print:  Added optimal optimality cut: factory=3, orders=[2, 4, 10, 11, 14], cost=1474.00, theta_est=0.00
04/28/2026 09:03:19 PM INFO lbbd_cp_v1_solver - print: >>>Parallel subproblem time: 0.016s for 3 factories
04/28/2026 09:03:19 PM INFO lbbd_cp_v1_solver - print:  Added optimal optimality cut: factory=2, orders=[1, 2, 5, 8, 9], cost=1842.52, theta_est=0.00
04/28/2026 09:03:19 PM INFO lbbd_cp_v1_solver - print:  Added optimal optimality cut: factory=3, orders=[4, 7, 10, 11, 14], cost=1951.75, theta_est=0.00
04/28/2026 09:03:20 PM INFO lbbd_cp_v1_solver - print: >>>Parallel subproblem time: 0.063s for 3 factories
04/28/2026 09:03:20 PM INFO lbbd_cp_v1_solver - print:  Added optimal optimality cut: factory=2, orders=[1, 2, 8, 9], cost=842.63, theta_est=0.00
04/28/2026 09:03:20 PM INFO lbbd_cp_v1_solver - print:  Added optimal optimality cut: factory=3, orders=[4, 5, 7, 10, 13, 14], cost=2109.55, theta_est=0.00
04/28/2026 09:03:20 PM INFO lbbd_cp_v1_solver - print: >>>Parallel subproblem time: 0.032s for 3 factories
04/28/2026 09:03:20 PM INFO lbbd_cp_v1_solver - print:  Added optimal optimality cut: factory=3, orders=[2, 10, 11, 13, 14, 15], cost=1500.83, theta_est=0.00
04/28/2026 09:03:20 PM INFO lbbd_cp_v1_solver - print: >>>Parallel subproblem time: 0.015s for 3 factories
04/28/2026 09:03:20 PM INFO lbbd_cp_v1_solver - print:  Added optimal optimality cut: factory=3, orders=[2, 7, 10, 14, 15], cost=1723.21, theta_est=0.00
04/28/2026 09:03:20 PM INFO lbbd_cp_v1_solver - print: >>>Parallel subproblem time: 0.015s for 3 factories
04/28/2026 09:03:20 PM INFO lbbd_cp_v1_solver - print:  Added optimal optimality cut: factory=2, orders=[1, 5, 6, 8, 15], cost=48.35, theta_est=0.00
04/28/2026 09:03:20 PM INFO lbbd_cp_v1_solver - print:  Added feasibility cut: factory=3, conflict orders=[2, 9, 10, 11, 12, 14]
04/28/2026 09:03:20 PM INFO lbbd_cp_v1_solver - print: >>>Parallel subproblem time: 0.016s for 3 factories
04/28/2026 09:03:20 PM INFO lbbd_cp_v1_solver - print:  Added feasibility cut: factory=3, conflict orders=[2, 4, 5, 10, 13, 14]
04/28/2026 09:03:20 PM INFO lbbd_cp_v1_solver - print: >>>Parallel subproblem time: 0.014s for 3 factories
04/28/2026 09:03:20 PM INFO lbbd_cp_v1_solver - print:  Added optimal optimality cut: factory=2, orders=[2, 8, 9, 15], cost=582.20, theta_est=-0.00
04/28/2026 09:03:20 PM INFO lbbd_cp_v1_solver - print:  Added feasibility cut: factory=3, conflict orders=[5, 10, 11, 12, 13, 14]
04/28/2026 09:03:20 PM INFO lbbd_cp_v1_solver - print: >>>Parallel subproblem time: 0.016s for 3 factories
04/28/2026 09:03:20 PM INFO lbbd_cp_v1_solver - print:  Added optimal optimality cut: factory=3, orders=[2, 7, 8, 13, 14, 15], cost=4255.85, theta_est=54.35
04/28/2026 09:03:20 PM INFO lbbd_cp_v1_solver - print: >>>Parallel subproblem time: 0.015s for 3 factories
04/28/2026 09:03:20 PM INFO lbbd_cp_v1_solver - print: ***[Validated]*** obj=5633.55, delay=115.52, bound=6648.12, gap=18.01%, t=3.2s
04/28/2026 09:03:20 PM INFO lbbd_cp_v1_solver - _callback: [Gurobi] H  165   134                    5633.5461600 6648.11500  18.0%   4.7    3s
04/28/2026 09:03:20 PM INFO lbbd_cp_v1_solver - print: >>>Parallel subproblem time: 0.016s for 3 factories
04/28/2026 09:03:20 PM INFO lbbd_cp_v1_solver - print:  Added optimal optimality cut: factory=3, orders=[2, 5, 11, 13, 14], cost=510.31, theta_est=0.00
04/28/2026 09:03:20 PM INFO lbbd_cp_v1_solver - print: >>>Parallel subproblem time: 0.015s for 3 factories
04/28/2026 09:03:20 PM INFO lbbd_cp_v1_solver - print:  Added feasibility cut: factory=3, conflict orders=[2, 4, 10, 12, 14]
04/28/2026 09:03:20 PM INFO lbbd_cp_v1_solver - print: >>>Parallel subproblem time: 0.016s for 3 factories
04/28/2026 09:03:20 PM INFO lbbd_cp_v1_solver - print:  Added feasibility cut: factory=3, conflict orders=[2, 4, 7, 12, 14]
04/28/2026 09:03:20 PM INFO lbbd_cp_v1_solver - print: >>>Parallel subproblem time: 0.016s for 3 factories
04/28/2026 09:03:20 PM INFO lbbd_cp_v1_solver - print:  Added optimal optimality cut: factory=3, orders=[2, 5, 7, 12, 14], cost=3022.14, theta_est=0.00
04/28/2026 09:03:20 PM INFO lbbd_cp_v1_solver - print: >>>Parallel subproblem time: 0.016s for 3 factories
04/28/2026 09:03:20 PM INFO lbbd_cp_v1_solver - print:  Added optimal optimality cut: factory=3, orders=[5, 7, 10, 11, 13, 14], cost=568.81, theta_est=0.00
04/28/2026 09:03:20 PM INFO lbbd_cp_v1_solver - print: >>>Parallel subproblem time: 0.016s for 3 factories
04/28/2026 09:03:20 PM INFO lbbd_cp_v1_solver - print:  Added optimal optimality cut: factory=3, orders=[2, 4, 7, 11, 14], cost=2146.35, theta_est=0.00
04/28/2026 09:03:20 PM INFO lbbd_cp_v1_solver - print: >>>Parallel subproblem time: 0.062s for 3 factories
04/28/2026 09:03:20 PM INFO lbbd_cp_v1_solver - print:  Added optimal optimality cut: factory=3, orders=[2, 5, 7, 9, 10, 13], cost=2323.58, theta_est=0.00
04/28/2026 09:03:20 PM INFO lbbd_cp_v1_solver - print: >>>Parallel subproblem time: 0.015s for 3 factories
04/28/2026 09:03:20 PM INFO lbbd_cp_v1_solver - print:  Added feasibility cut: factory=2, conflict orders=[1, 2, 9, 14, 15]
04/28/2026 09:03:20 PM INFO lbbd_cp_v1_solver - print:  Added feasibility cut: factory=3, conflict orders=[4, 5, 8, 11, 12]
04/28/2026 09:03:20 PM INFO lbbd_cp_v1_solver - print: >>>Parallel subproblem time: 0.014s for 3 factories
04/28/2026 09:03:20 PM INFO lbbd_cp_v1_solver - print:  Added feasibility cut: factory=2, conflict orders=[1, 2, 5, 6, 15]
04/28/2026 09:03:20 PM INFO lbbd_cp_v1_solver - print:  Added feasibility cut: factory=3, conflict orders=[7, 9, 11, 12, 13, 14]
04/28/2026 09:03:20 PM INFO lbbd_cp_v1_solver - print: >>>Parallel subproblem time: 0.015s for 3 factories
04/28/2026 09:03:20 PM INFO lbbd_cp_v1_solver - print:  Added feasibility cut: factory=2, conflict orders=[1, 2, 5, 9, 15]
04/28/2026 09:03:20 PM INFO lbbd_cp_v1_solver - print:  Added feasibility cut: factory=3, conflict orders=[4, 7, 11, 12, 14]
04/28/2026 09:03:20 PM INFO lbbd_cp_v1_solver - print: >>>Parallel subproblem time: 0.016s for 3 factories
04/28/2026 09:03:20 PM INFO lbbd_cp_v1_solver - print:  Added optimal optimality cut: factory=3, orders=[2, 4, 7, 10, 14], cost=1881.25, theta_est=0.00
04/28/2026 09:03:20 PM INFO lbbd_cp_v1_solver - print: >>>Parallel subproblem time: 0.061s for 3 factories
04/28/2026 09:03:20 PM INFO lbbd_cp_v1_solver - print:  Added feasibility cut: factory=2, conflict orders=[1, 2, 8, 14, 15]
04/28/2026 09:03:20 PM INFO lbbd_cp_v1_solver - print:  Added optimal optimality cut: factory=3, orders=[4, 5, 7, 9, 11, 13], cost=3173.70, theta_est=0.00
04/28/2026 09:03:20 PM INFO lbbd_cp_v1_solver - print: >>>Parallel subproblem time: 0.012s for 3 factories
04/28/2026 09:03:20 PM INFO lbbd_cp_v1_solver - print:  Added optimal optimality cut: factory=3, orders=[2, 7, 10, 11, 14], cost=815.22, theta_est=0.00
04/28/2026 09:03:20 PM INFO lbbd_cp_v1_solver - print: >>>Parallel subproblem time: 0.014s for 3 factories
04/28/2026 09:03:20 PM INFO lbbd_cp_v1_solver - print:  Added optimal optimality cut: factory=3, orders=[2, 5, 7, 11, 12], cost=2710.73, theta_est=0.00
04/28/2026 09:03:20 PM INFO lbbd_cp_v1_solver - print: >>>Parallel subproblem time: 0.015s for 3 factories
04/28/2026 09:03:20 PM INFO lbbd_cp_v1_solver - print:  Added feasibility cut: factory=3, conflict orders=[2, 4, 5, 12, 14]
04/28/2026 09:03:20 PM INFO lbbd_cp_v1_solver - print: >>>Parallel subproblem time: 0.033s for 3 factories
04/28/2026 09:03:20 PM INFO lbbd_cp_v1_solver - print:  Added optimal optimality cut: factory=2, orders=[5, 8, 9, 14, 15], cost=587.50, theta_est=173.73
04/28/2026 09:03:20 PM INFO lbbd_cp_v1_solver - print:  Added optimal optimality cut: factory=3, orders=[2, 4, 7, 10, 13], cost=1874.65, theta_est=0.00
04/28/2026 09:03:20 PM INFO lbbd_cp_v1_solver - print: >>>Parallel subproblem time: 0.014s for 3 factories
04/28/2026 09:03:20 PM INFO lbbd_cp_v1_solver - print:  Added feasibility cut: factory=3, conflict orders=[2, 10, 11, 12, 14]
04/28/2026 09:03:20 PM INFO lbbd_cp_v1_solver - print: >>>Parallel subproblem time: 0.015s for 3 factories
04/28/2026 09:03:20 PM INFO lbbd_cp_v1_solver - print:  Added optimal optimality cut: factory=3, orders=[2, 4, 7, 13, 14], cost=2491.68, theta_est=0.00
04/28/2026 09:03:20 PM INFO lbbd_cp_v1_solver - print: >>>Parallel subproblem time: 0.016s for 3 factories
04/28/2026 09:03:20 PM INFO lbbd_cp_v1_solver - print:  Added optimal optimality cut: factory=3, orders=[2, 4, 5, 10, 14], cost=1948.14, theta_est=0.00
04/28/2026 09:03:20 PM INFO lbbd_cp_v1_solver - print: >>>Parallel subproblem time: 0.014s for 3 factories
04/28/2026 09:03:20 PM INFO lbbd_cp_v1_solver - print:  Added optimal optimality cut: factory=2, orders=[1, 2, 5, 8, 15], cost=1487.51, theta_est=0.00
04/28/2026 09:03:20 PM INFO lbbd_cp_v1_solver - print:  Added feasibility cut: factory=3, conflict orders=[4, 9, 11, 12, 13, 14]
04/28/2026 09:03:20 PM INFO lbbd_cp_v1_solver - print: >>>Parallel subproblem time: 0.016s for 3 factories
04/28/2026 09:03:20 PM INFO lbbd_cp_v1_solver - print:  Added optimal optimality cut: factory=3, orders=[2, 4, 10, 13, 14], cost=1824.32, theta_est=0.00
04/28/2026 09:03:20 PM INFO lbbd_cp_v1_solver - print: >>>Parallel subproblem time: 0.031s for 3 factories
04/28/2026 09:03:20 PM INFO lbbd_cp_v1_solver - print:  Added optimal optimality cut: factory=3, orders=[2, 7, 10, 13, 14], cost=1250.05, theta_est=0.00
04/28/2026 09:03:20 PM INFO lbbd_cp_v1_solver - print: >>>Parallel subproblem time: 0.013s for 3 factories
04/28/2026 09:03:20 PM INFO lbbd_cp_v1_solver - print:  Added optimal optimality cut: factory=3, orders=[4, 5, 7, 11, 14], cost=1979.76, theta_est=0.00
04/28/2026 09:03:20 PM INFO lbbd_cp_v1_solver - print: >>>Parallel subproblem time: 0.014s for 3 factories
04/28/2026 09:03:20 PM INFO lbbd_cp_v1_solver - print:  Added optimal optimality cut: factory=3, orders=[2, 5, 10, 13, 14], cost=206.09, theta_est=0.00
04/28/2026 09:03:20 PM INFO lbbd_cp_v1_solver - print: >>>Parallel subproblem time: 0.015s for 3 factories
04/28/2026 09:03:20 PM INFO lbbd_cp_v1_solver - print:  Added optimal optimality cut: factory=2, orders=[1, 2, 9, 15], cost=829.82, theta_est=-0.00
04/28/2026 09:03:20 PM INFO lbbd_cp_v1_solver - print:  Added optimal optimality cut: factory=3, orders=[4, 5, 10, 11, 13, 14], cost=1628.93, theta_est=0.00
04/28/2026 09:03:20 PM INFO lbbd_cp_v1_solver - print: >>>Parallel subproblem time: 0.014s for 3 factories
04/28/2026 09:03:20 PM INFO lbbd_cp_v1_solver - print:  Added feasibility cut: factory=3, conflict orders=[2, 4, 10, 11, 12, 13]
04/28/2026 09:03:20 PM INFO lbbd_cp_v1_solver - print: >>>Parallel subproblem time: 0.015s for 3 factories
04/28/2026 09:03:20 PM INFO lbbd_cp_v1_solver - print: ***[Validated]*** obj=5685.97, delay=94.48, bound=6480.72, gap=13.98%, t=3.8s
04/28/2026 09:03:20 PM INFO lbbd_cp_v1_solver - _callback: [Gurobi] *  339   170              14    5685.9664682 6480.72207  14.0%   4.0    3s
04/28/2026 09:03:20 PM INFO lbbd_cp_v1_solver - print: >>>Parallel subproblem time: 0.016s for 3 factories
04/28/2026 09:03:20 PM INFO lbbd_cp_v1_solver - print: ***[Validated]*** obj=5809.48, delay=115.52, bound=6480.72, gap=11.55%, t=3.8s
04/28/2026 09:03:20 PM INFO lbbd_cp_v1_solver - _callback: [Gurobi] *  346   169               9    5809.4815734 6480.72207  11.6%   4.0    3s
04/28/2026 09:03:20 PM INFO lbbd_cp_v1_solver - print: >>>Parallel subproblem time: 0.017s for 3 factories
04/28/2026 09:03:20 PM INFO lbbd_cp_v1_solver - print:  Added optimal optimality cut: factory=2, orders=[2, 6, 9, 15], cost=626.47, theta_est=158.27
04/28/2026 09:03:20 PM INFO lbbd_cp_v1_solver - print:  Added feasibility cut: factory=3, conflict orders=[4, 5, 10, 11, 12, 14]
04/28/2026 09:03:20 PM INFO lbbd_cp_v1_solver - print: >>>Parallel subproblem time: 0.015s for 3 factories
04/28/2026 09:03:20 PM INFO lbbd_cp_v1_solver - print:  Added feasibility cut: factory=3, conflict orders=[2, 7, 11, 12, 14]
04/28/2026 09:03:20 PM INFO lbbd_cp_v1_solver - print: >>>Parallel subproblem time: 0.016s for 3 factories
04/28/2026 09:03:20 PM INFO lbbd_cp_v1_solver - print:  Added feasibility cut: factory=3, conflict orders=[2, 4, 12, 13, 14]
04/28/2026 09:03:20 PM INFO lbbd_cp_v1_solver - print: >>>Parallel subproblem time: 0.061s for 3 factories
04/28/2026 09:03:20 PM INFO lbbd_cp_v1_solver - print:  Added optimal optimality cut: factory=3, orders=[2, 7, 11, 13, 14], cost=1095.40, theta_est=0.00
04/28/2026 09:03:20 PM INFO lbbd_cp_v1_solver - print: >>>Parallel subproblem time: 0.016s for 3 factories
04/28/2026 09:03:20 PM INFO lbbd_cp_v1_solver - print:  Added optimal optimality cut: factory=3, orders=[2, 5, 7, 10, 12, 13], cost=3789.17, theta_est=-0.00
04/28/2026 09:03:20 PM INFO lbbd_cp_v1_solver - print: >>>Parallel subproblem time: 0.014s for 3 factories
04/28/2026 09:03:20 PM INFO lbbd_cp_v1_solver - print:  Added optimal optimality cut: factory=3, orders=[2, 4, 7, 10, 12], cost=3033.71, theta_est=0.00
04/28/2026 09:03:20 PM INFO lbbd_cp_v1_solver - print: >>>Parallel subproblem time: 0.015s for 3 factories
04/28/2026 09:03:20 PM INFO lbbd_cp_v1_solver - print:  Added optimal optimality cut: factory=3, orders=[4, 5, 7, 10, 14], cost=1770.13, theta_est=0.00
04/28/2026 09:03:20 PM INFO lbbd_cp_v1_solver - print: >>>Parallel subproblem time: 0.016s for 3 factories
04/28/2026 09:03:20 PM INFO lbbd_cp_v1_solver - print:  Added optimal optimality cut: factory=3, orders=[2, 4, 5, 7, 10, 15], cost=3862.67, theta_est=36.60
04/28/2026 09:03:20 PM INFO lbbd_cp_v1_solver - print: >>>Parallel subproblem time: 0.032s for 3 factories
04/28/2026 09:03:20 PM INFO lbbd_cp_v1_solver - print:  Added optimal optimality cut: factory=3, orders=[2, 5, 7, 10, 11, 13, 15], cost=3156.73, theta_est=25.46
04/28/2026 09:03:20 PM INFO lbbd_cp_v1_solver - print: >>>Parallel subproblem time: 0.015s for 3 factories
04/28/2026 09:03:20 PM INFO lbbd_cp_v1_solver - print:  Added optimal optimality cut: factory=3, orders=[2, 7, 10, 11, 12], cost=2410.79, theta_est=0.00
04/28/2026 09:03:20 PM INFO lbbd_cp_v1_solver - print: >>>Parallel subproblem time: 0.016s for 3 factories
04/28/2026 09:03:20 PM INFO lbbd_cp_v1_solver - print:  Added optimal optimality cut: factory=3, orders=[2, 9, 10, 11, 13, 14], cost=2624.44, theta_est=0.00
04/28/2026 09:03:20 PM INFO lbbd_cp_v1_solver - print: >>>Parallel subproblem time: 0.015s for 3 factories
04/28/2026 09:03:20 PM INFO lbbd_cp_v1_solver - print:  Added optimal optimality cut: factory=2, orders=[2, 6, 8, 15], cost=114.33, theta_est=0.00
04/28/2026 09:03:20 PM INFO lbbd_cp_v1_solver - print:  Added feasibility cut: factory=3, conflict orders=[7, 9, 10, 11, 12, 14]
04/28/2026 09:03:20 PM INFO lbbd_cp_v1_solver - print: >>>Parallel subproblem time: 0.014s for 3 factories
04/28/2026 09:03:20 PM INFO lbbd_cp_v1_solver - print:  Added optimal optimality cut: factory=3, orders=[2, 5, 7, 10, 12], cost=2690.73, theta_est=0.00
04/28/2026 09:03:21 PM INFO lbbd_cp_v1_solver - print: >>>Parallel subproblem time: 0.014s for 3 factories
04/28/2026 09:03:21 PM INFO lbbd_cp_v1_solver - print:  Added feasibility cut: factory=3, conflict orders=[2, 4, 10, 11, 12]
04/28/2026 09:03:21 PM INFO lbbd_cp_v1_solver - print: >>>Parallel subproblem time: 0.015s for 3 factories
04/28/2026 09:03:21 PM INFO lbbd_cp_v1_solver - print:  Added feasibility cut: factory=3, conflict orders=[2, 4, 11, 13, 14, 15]
04/28/2026 09:03:21 PM INFO lbbd_cp_v1_solver - print: >>>Parallel subproblem time: 0.017s for 3 factories
04/28/2026 09:03:21 PM INFO lbbd_cp_v1_solver - print:  Added optimal optimality cut: factory=3, orders=[2, 7, 9, 10, 14], cost=1664.14, theta_est=0.00
04/28/2026 09:03:21 PM INFO lbbd_cp_v1_solver - print: >>>Parallel subproblem time: 0.060s for 3 factories
04/28/2026 09:03:21 PM INFO lbbd_cp_v1_solver - print:  Added optimal optimality cut: factory=3, orders=[2, 5, 7, 10, 11, 15], cost=1801.44, theta_est=0.00
04/28/2026 09:03:21 PM INFO lbbd_cp_v1_solver - print: >>>Parallel subproblem time: 0.032s for 3 factories
04/28/2026 09:03:21 PM INFO lbbd_cp_v1_solver - print:  Added optimal optimality cut: factory=3, orders=[2, 5, 7, 11, 13, 15], cost=1781.85, theta_est=0.00
04/28/2026 09:03:21 PM INFO lbbd_cp_v1_solver - print: >>>Parallel subproblem time: 0.013s for 3 factories
04/28/2026 09:03:21 PM INFO lbbd_cp_v1_solver - print:  Added feasibility cut: factory=3, conflict orders=[2, 4, 5, 10, 12, 13]
04/28/2026 09:03:21 PM INFO lbbd_cp_v1_solver - print: >>>Parallel subproblem time: 0.016s for 3 factories
04/28/2026 09:03:21 PM INFO lbbd_cp_v1_solver - print:  Added optimal optimality cut: factory=2, orders=[2, 5, 6, 8, 14], cost=1871.31, theta_est=0.00
04/28/2026 09:03:21 PM INFO lbbd_cp_v1_solver - print:  Added feasibility cut: factory=3, conflict orders=[4, 7, 9, 10, 11, 15]
04/28/2026 09:03:21 PM INFO lbbd_cp_v1_solver - print: >>>Parallel subproblem time: 0.016s for 3 factories
04/28/2026 09:03:21 PM INFO lbbd_cp_v1_solver - print:  Added optimal optimality cut: factory=2, orders=[1, 2, 6, 15], cost=578.01, theta_est=0.00
04/28/2026 09:03:21 PM INFO lbbd_cp_v1_solver - print:  Added feasibility cut: factory=3, conflict orders=[4, 5, 9, 11, 12, 14]
04/28/2026 09:03:21 PM INFO lbbd_cp_v1_solver - print: >>>Parallel subproblem time: 0.060s for 3 factories
04/28/2026 09:03:21 PM INFO lbbd_cp_v1_solver - print:  Added optimal optimality cut: factory=3, orders=[2, 5, 7, 10, 11, 13], cost=1404.49, theta_est=0.00
04/28/2026 09:03:21 PM INFO lbbd_cp_v1_solver - print: >>>Parallel subproblem time: 0.016s for 3 factories
04/28/2026 09:03:21 PM INFO lbbd_cp_v1_solver - print:  Added optimal optimality cut: factory=3, orders=[2, 7, 9, 11, 14], cost=1990.27, theta_est=0.00
04/28/2026 09:03:21 PM INFO lbbd_cp_v1_solver - print: >>>Parallel subproblem time: 0.016s for 3 factories
04/28/2026 09:03:21 PM INFO lbbd_cp_v1_solver - print:  Added optimal optimality cut: factory=3, orders=[2, 7, 11, 14], cost=394.91, theta_est=0.00
04/28/2026 09:03:21 PM INFO lbbd_cp_v1_solver - print: >>>Parallel subproblem time: 0.061s for 3 factories
04/28/2026 09:03:21 PM INFO lbbd_cp_v1_solver - print:  Added optimal optimality cut: factory=2, orders=[6, 9, 14, 15], cost=84.90, theta_est=0.00
04/28/2026 09:03:21 PM INFO lbbd_cp_v1_solver - print:  Added optimal optimality cut: factory=3, orders=[2, 7, 8, 10, 11, 13], cost=2913.40, theta_est=0.00
04/28/2026 09:03:21 PM INFO lbbd_cp_v1_solver - print: >>>Parallel subproblem time: 0.015s for 3 factories
04/28/2026 09:03:21 PM INFO lbbd_cp_v1_solver - print:  Added feasibility cut: factory=3, conflict orders=[4, 10, 11, 12, 13, 14]
04/28/2026 09:03:21 PM INFO lbbd_cp_v1_solver - print: >>>Parallel subproblem time: 0.063s for 3 factories
04/28/2026 09:03:21 PM INFO lbbd_cp_v1_solver - print:  Added optimal optimality cut: factory=3, orders=[2, 7, 10, 11, 13, 15], cost=1898.00, theta_est=0.00
04/28/2026 09:03:21 PM INFO lbbd_cp_v1_solver - print: >>>Parallel subproblem time: 0.015s for 3 factories
04/28/2026 09:03:21 PM INFO lbbd_cp_v1_solver - print:  Added feasibility cut: factory=3, conflict orders=[2, 4, 5, 10, 12]
04/28/2026 09:03:21 PM INFO lbbd_cp_v1_solver - print: >>>Parallel subproblem time: 0.016s for 3 factories
04/28/2026 09:03:21 PM INFO lbbd_cp_v1_solver - print:  Added feasibility cut: factory=3, conflict orders=[2, 4, 7, 14, 15]
04/28/2026 09:03:21 PM INFO lbbd_cp_v1_solver - print: >>>Parallel subproblem time: 0.030s for 3 factories
04/28/2026 09:03:21 PM INFO lbbd_cp_v1_solver - print:  Added optimal optimality cut: factory=3, orders=[2, 4, 5, 10, 11, 13], cost=2071.21, theta_est=0.00
04/28/2026 09:03:21 PM INFO lbbd_cp_v1_solver - print: >>>Parallel subproblem time: 0.015s for 3 factories
04/28/2026 09:03:21 PM INFO lbbd_cp_v1_solver - print:  Added feasibility cut: factory=3, conflict orders=[2, 9, 11, 12, 13, 14]
04/28/2026 09:03:21 PM INFO lbbd_cp_v1_solver - print: >>>Parallel subproblem time: 0.016s for 3 factories
04/28/2026 09:03:21 PM INFO lbbd_cp_v1_solver - print:  Added feasibility cut: factory=3, conflict orders=[2, 7, 9, 12, 14]
04/28/2026 09:03:21 PM INFO lbbd_cp_v1_solver - print: >>>Parallel subproblem time: 0.033s for 3 factories
04/28/2026 09:03:21 PM INFO lbbd_cp_v1_solver - print:  Added optimal optimality cut: factory=3, orders=[2, 8, 10, 11, 13, 14], cost=2735.53, theta_est=0.00
04/28/2026 09:03:21 PM INFO lbbd_cp_v1_solver - print: >>>Parallel subproblem time: 0.031s for 3 factories
04/28/2026 09:03:21 PM INFO lbbd_cp_v1_solver - print:  Added optimal optimality cut: factory=3, orders=[2, 5, 7, 8, 10, 11], cost=3222.06, theta_est=57.69
04/28/2026 09:03:21 PM INFO lbbd_cp_v1_solver - print: >>>Parallel subproblem time: 0.031s for 3 factories
04/28/2026 09:03:21 PM INFO lbbd_cp_v1_solver - print:  Added optimal optimality cut: factory=3, orders=[2, 10, 11, 13, 14], cost=734.11, theta_est=0.00
04/28/2026 09:03:21 PM INFO lbbd_cp_v1_solver - print: >>>Parallel subproblem time: 0.015s for 3 factories
04/28/2026 09:03:21 PM INFO lbbd_cp_v1_solver - print:  Added optimal optimality cut: factory=3, orders=[4, 7, 10, 12, 14], cost=4147.98, theta_est=0.00
04/28/2026 09:03:21 PM INFO lbbd_cp_v1_solver - print: >>>Parallel subproblem time: 0.015s for 3 factories
04/28/2026 09:03:21 PM INFO lbbd_cp_v1_solver - print:  Added feasibility cut: factory=3, conflict orders=[4, 5, 10, 12, 13, 14]
04/28/2026 09:03:21 PM INFO lbbd_cp_v1_solver - print: >>>Parallel subproblem time: 0.017s for 3 factories
04/28/2026 09:03:21 PM INFO lbbd_cp_v1_solver - print:  Added optimal optimality cut: factory=3, orders=[2, 4, 5, 7, 9, 10], cost=4344.85, theta_est=185.60
04/28/2026 09:03:21 PM INFO lbbd_cp_v1_solver - print: >>>Parallel subproblem time: 0.015s for 3 factories
04/28/2026 09:03:21 PM INFO lbbd_cp_v1_solver - print:  Added feasibility cut: factory=3, conflict orders=[2, 5, 10, 11, 12, 13]
04/28/2026 09:03:21 PM INFO lbbd_cp_v1_solver - print: >>>Parallel subproblem time: 0.016s for 3 factories
04/28/2026 09:03:21 PM INFO lbbd_cp_v1_solver - print:  Added feasibility cut: factory=3, conflict orders=[2, 4, 9, 12, 14]
04/28/2026 09:03:21 PM INFO lbbd_cp_v1_solver - print: >>>Parallel subproblem time: 0.016s for 3 factories
04/28/2026 09:03:21 PM INFO lbbd_cp_v1_solver - print:  Added feasibility cut: factory=3, conflict orders=[2, 5, 12, 13, 14]
04/28/2026 09:03:21 PM INFO lbbd_cp_v1_solver - print: >>>Parallel subproblem time: 0.016s for 3 factories
04/28/2026 09:03:21 PM INFO lbbd_cp_v1_solver - print:  Added feasibility cut: factory=3, conflict orders=[2, 5, 9, 10, 11, 12]
04/28/2026 09:03:21 PM INFO lbbd_cp_v1_solver - print: >>>Parallel subproblem time: 0.016s for 3 factories
04/28/2026 09:03:21 PM INFO lbbd_cp_v1_solver - print:  Added feasibility cut: factory=3, conflict orders=[2, 4, 12, 14]
04/28/2026 09:03:21 PM INFO lbbd_cp_v1_solver - print: >>>Parallel subproblem time: 0.017s for 3 factories
04/28/2026 09:03:21 PM INFO lbbd_cp_v1_solver - print:  Added optimal optimality cut: factory=3, orders=[2, 7, 11, 12, 13], cost=1907.22, theta_est=0.00
04/28/2026 09:03:21 PM INFO lbbd_cp_v1_solver - print: >>>Parallel subproblem time: 0.015s for 3 factories
04/28/2026 09:03:21 PM INFO lbbd_cp_v1_solver - print:  Added feasibility cut: factory=3, conflict orders=[2, 5, 7, 12, 13, 15]
04/28/2026 09:03:21 PM INFO lbbd_cp_v1_solver - print: >>>Parallel subproblem time: 0.017s for 3 factories
04/28/2026 09:03:21 PM INFO lbbd_cp_v1_solver - print:  Added optimal optimality cut: factory=3, orders=[2, 4, 7, 9, 14], cost=3103.00, theta_est=0.00
04/28/2026 09:03:21 PM INFO lbbd_cp_v1_solver - print: >>>Parallel subproblem time: 0.015s for 3 factories
04/28/2026 09:03:21 PM INFO lbbd_cp_v1_solver - print:  Added optimal optimality cut: factory=3, orders=[2, 4, 11, 13, 14], cost=2116.24, theta_est=0.00
04/28/2026 09:03:21 PM INFO lbbd_cp_v1_solver - print: >>>Parallel subproblem time: 0.017s for 3 factories
04/28/2026 09:03:21 PM INFO lbbd_cp_v1_solver - print:  Added optimal optimality cut: factory=3, orders=[2, 7, 8, 12, 14], cost=3453.06, theta_est=0.37
04/28/2026 09:03:21 PM INFO lbbd_cp_v1_solver - print: >>>Parallel subproblem time: 0.015s for 3 factories
04/28/2026 09:03:21 PM INFO lbbd_cp_v1_solver - print:  Added feasibility cut: factory=3, conflict orders=[2, 8, 11, 12, 13, 14]
04/28/2026 09:03:21 PM INFO lbbd_cp_v1_solver - print: >>>Parallel subproblem time: 0.016s for 3 factories
04/28/2026 09:03:21 PM INFO lbbd_cp_v1_solver - print:  Added feasibility cut: factory=3, conflict orders=[2, 7, 12, 13, 14, 15]
04/28/2026 09:03:21 PM INFO lbbd_cp_v1_solver - print: >>>Parallel subproblem time: 0.015s for 3 factories
04/28/2026 09:03:21 PM INFO lbbd_cp_v1_solver - print:  Added optimal optimality cut: factory=3, orders=[2, 7, 12, 13, 14], cost=2421.49, theta_est=0.00
04/28/2026 09:03:21 PM INFO lbbd_cp_v1_solver - print: >>>Parallel subproblem time: 0.016s for 3 factories
04/28/2026 09:03:21 PM INFO lbbd_cp_v1_solver - print:  Added optimal optimality cut: factory=3, orders=[2, 4, 9, 10, 14], cost=2419.52, theta_est=0.00
04/28/2026 09:03:21 PM INFO lbbd_cp_v1_solver - print: >>>Parallel subproblem time: 0.015s for 3 factories
04/28/2026 09:03:21 PM INFO lbbd_cp_v1_solver - print:  Added optimal optimality cut: factory=3, orders=[2, 4, 5, 7, 10], cost=1941.07, theta_est=0.00
04/28/2026 09:03:21 PM INFO lbbd_cp_v1_solver - print: >>>Parallel subproblem time: 0.016s for 3 factories
04/28/2026 09:03:21 PM INFO lbbd_cp_v1_solver - print:  Added optimal optimality cut: factory=3, orders=[2, 4, 5, 7, 13], cost=1937.45, theta_est=0.00
04/28/2026 09:03:21 PM INFO lbbd_cp_v1_solver - print: >>>Parallel subproblem time: 0.029s for 3 factories
04/28/2026 09:03:21 PM INFO lbbd_cp_v1_solver - print:  Added optimal optimality cut: factory=3, orders=[2, 5, 7, 10, 11], cost=982.41, theta_est=0.00
04/28/2026 09:03:21 PM INFO lbbd_cp_v1_solver - print: >>>Parallel subproblem time: 0.015s for 3 factories
04/28/2026 09:03:21 PM INFO lbbd_cp_v1_solver - print:  Added feasibility cut: factory=3, conflict orders=[2, 4, 10, 11, 13, 15]
04/28/2026 09:03:21 PM INFO lbbd_cp_v1_solver - print: >>>Parallel subproblem time: 0.015s for 3 factories
04/28/2026 09:03:21 PM INFO lbbd_cp_v1_solver - print:  Added feasibility cut: factory=3, conflict orders=[2, 7, 10, 12, 13, 15]
04/28/2026 09:03:21 PM INFO lbbd_cp_v1_solver - print: >>>Parallel subproblem time: 0.016s for 3 factories
04/28/2026 09:03:21 PM INFO lbbd_cp_v1_solver - print:  Added feasibility cut: factory=3, conflict orders=[2, 5, 10, 11, 12, 15]
04/28/2026 09:03:22 PM INFO lbbd_cp_v1_solver - print: >>>Parallel subproblem time: 0.016s for 3 factories
04/28/2026 09:03:22 PM INFO lbbd_cp_v1_solver - print:  Added feasibility cut: factory=3, conflict orders=[2, 4, 5, 9, 10, 11]
04/28/2026 09:03:22 PM INFO lbbd_cp_v1_solver - print: >>>Parallel subproblem time: 0.015s for 3 factories
04/28/2026 09:03:22 PM INFO lbbd_cp_v1_solver - print:  Added feasibility cut: factory=3, conflict orders=[4, 5, 11, 12, 13, 14]
04/28/2026 09:03:22 PM INFO lbbd_cp_v1_solver - print: >>>Parallel subproblem time: 0.017s for 3 factories
04/28/2026 09:03:22 PM INFO lbbd_cp_v1_solver - print:  Added optimal optimality cut: factory=3, orders=[2, 4, 7, 14], cost=894.11, theta_est=0.00
04/28/2026 09:03:22 PM INFO lbbd_cp_v1_solver - print: >>>Parallel subproblem time: 0.015s for 3 factories
04/28/2026 09:03:22 PM INFO lbbd_cp_v1_solver - print:  Added feasibility cut: factory=3, conflict orders=[7, 10, 11, 12, 14]
04/28/2026 09:03:22 PM INFO lbbd_cp_v1_solver - print: >>>Parallel subproblem time: 0.017s for 3 factories
04/28/2026 09:03:22 PM INFO lbbd_cp_v1_solver - print:  Added optimal optimality cut: factory=2, orders=[5, 6, 9, 14, 15], cost=536.41, theta_est=173.73
04/28/2026 09:03:22 PM INFO lbbd_cp_v1_solver - print:  Added optimal optimality cut: factory=3, orders=[2, 4, 7, 8, 11], cost=2660.60, theta_est=0.00
04/28/2026 09:03:22 PM INFO lbbd_cp_v1_solver - print: >>>Parallel subproblem time: 0.015s for 3 factories
04/28/2026 09:03:22 PM INFO lbbd_cp_v1_solver - print:  Added feasibility cut: factory=3, conflict orders=[2, 4, 7, 12, 15]
04/28/2026 09:03:22 PM INFO lbbd_cp_v1_solver - print: >>>Parallel subproblem time: 0.017s for 3 factories
04/28/2026 09:03:22 PM INFO lbbd_cp_v1_solver - print:  Added optimal optimality cut: factory=3, orders=[2, 5, 7, 9, 11, 13], cost=2692.10, theta_est=0.00
04/28/2026 09:03:22 PM INFO lbbd_cp_v1_solver - print: >>>Parallel subproblem time: 0.015s for 3 factories
04/28/2026 09:03:22 PM INFO lbbd_cp_v1_solver - print:  Added feasibility cut: factory=3, conflict orders=[2, 4, 7, 12, 13]
04/28/2026 09:03:22 PM INFO lbbd_cp_v1_solver - print: >>>Parallel subproblem time: 0.015s for 3 factories
04/28/2026 09:03:22 PM INFO lbbd_cp_v1_solver - print:  Added feasibility cut: factory=3, conflict orders=[2, 4, 5, 12, 13, 15]
04/28/2026 09:03:22 PM INFO lbbd_cp_v1_solver - print: >>>Parallel subproblem time: 0.017s for 3 factories
04/28/2026 09:03:22 PM INFO lbbd_cp_v1_solver - print:  Added feasibility cut: factory=3, conflict orders=[2, 11, 12, 13, 14]
04/28/2026 09:03:22 PM INFO lbbd_cp_v1_solver - print: >>>Parallel subproblem time: 0.017s for 3 factories
04/28/2026 09:03:22 PM INFO lbbd_cp_v1_solver - print:  Added optimal optimality cut: factory=3, orders=[2, 4, 7, 11, 15], cost=2701.24, theta_est=0.00
04/28/2026 09:03:22 PM INFO lbbd_cp_v1_solver - print: >>>Parallel subproblem time: 0.015s for 3 factories
04/28/2026 09:03:22 PM INFO lbbd_cp_v1_solver - print:  Added feasibility cut: factory=3, conflict orders=[2, 4, 5, 11, 13, 15]
04/28/2026 09:03:22 PM INFO lbbd_cp_v1_solver - print: >>>Parallel subproblem time: 0.016s for 3 factories
04/28/2026 09:03:22 PM INFO lbbd_cp_v1_solver - print:  Added optimal optimality cut: factory=3, orders=[2, 4, 5, 10, 11], cost=1738.25, theta_est=0.00
04/28/2026 09:03:22 PM INFO lbbd_cp_v1_solver - print: >>>Parallel subproblem time: 0.015s for 3 factories
04/28/2026 09:03:22 PM INFO lbbd_cp_v1_solver - print:  Added feasibility cut: factory=3, conflict orders=[2, 4, 5, 13, 14]
04/28/2026 09:03:22 PM INFO lbbd_cp_v1_solver - print: >>>Parallel subproblem time: 0.016s for 3 factories
04/28/2026 09:03:22 PM INFO lbbd_cp_v1_solver - print:  Added optimal optimality cut: factory=3, orders=[2, 4, 11, 14], cost=792.48, theta_est=0.00
04/28/2026 09:03:22 PM INFO lbbd_cp_v1_solver - print: >>>Parallel subproblem time: 0.014s for 3 factories
04/28/2026 09:03:22 PM INFO lbbd_cp_v1_solver - print:  Added feasibility cut: factory=3, conflict orders=[2, 9, 10, 12, 13, 14]
04/28/2026 09:03:22 PM INFO lbbd_cp_v1_solver - print: >>>Parallel subproblem time: 0.015s for 3 factories
04/28/2026 09:03:22 PM INFO lbbd_cp_v1_solver - print:  Added optimal optimality cut: factory=3, orders=[2, 10, 12, 13, 14], cost=1737.22, theta_est=0.00
04/28/2026 09:03:22 PM INFO lbbd_cp_v1_solver - print: >>>Parallel subproblem time: 0.015s for 3 factories
04/28/2026 09:03:22 PM INFO lbbd_cp_v1_solver - print:  Added optimal optimality cut: factory=3, orders=[2, 5, 7, 14], cost=619.03, theta_est=0.00
04/28/2026 09:03:22 PM INFO lbbd_cp_v1_solver - print: >>>Parallel subproblem time: 0.015s for 3 factories
04/28/2026 09:03:22 PM INFO lbbd_cp_v1_solver - print:  Added optimal optimality cut: factory=3, orders=[2, 7, 12, 14], cost=1328.92, theta_est=0.00
04/28/2026 09:03:22 PM INFO lbbd_cp_v1_solver - _callback: [Gurobi] Cutting planes:
04/28/2026 09:03:22 PM INFO lbbd_cp_v1_solver - _callback: [Gurobi] MIR: 13
04/28/2026 09:03:22 PM INFO lbbd_cp_v1_solver - _callback: [Gurobi] Lazy constraints: 300
04/28/2026 09:03:22 PM INFO lbbd_cp_v1_solver - _callback: [Gurobi] Explored 1072 nodes (3617 simplex iterations) in 5.43 seconds (0.03 work units)
04/28/2026 09:03:22 PM INFO lbbd_cp_v1_solver - _callback: [Gurobi] Thread count was 20 (of 20 available processors)
04/28/2026 09:03:22 PM INFO lbbd_cp_v1_solver - _callback: [Gurobi] Solution count 10: 5809.48 5685.97 5633.55 ... 2828.66
04/28/2026 09:03:22 PM INFO lbbd_cp_v1_solver - _callback: [Gurobi] Optimal solution found (tolerance 1.00e-04)
04/28/2026 09:03:22 PM INFO lbbd_cp_v1_solver - _callback: [Gurobi] Best objective 5.809481573369e+03, best bound 5.809481573369e+03, gap 0.0000%
04/28/2026 09:03:22 PM INFO lbbd_cp_v1_solver - _callback: [Gurobi] User-callback calls 2690, time in user-callback 5.24 sec
04/28/2026 09:03:22 PM INFO lbbd_cp_v1_solver - print: 
04/28/2026 09:03:22 PM INFO lbbd_cp_v1_solver - print: ============================================================
04/28/2026 09:03:22 PM INFO lbbd_cp_v1_solver - print: Branch-and-Check LBBD Summary
04/28/2026 09:03:22 PM INFO lbbd_cp_v1_solver - print: ============================================================
04/28/2026 09:03:22 PM INFO lbbd_cp_v1_solver - print: Status: OPTIMAL
04/28/2026 09:03:22 PM INFO lbbd_cp_v1_solver - print: Runtime: 5.43s
04/28/2026 09:03:22 PM INFO lbbd_cp_v1_solver - print: Iterations: 240
04/28/2026 09:03:22 PM INFO lbbd_cp_v1_solver - print: Initial UB: 12997.04
04/28/2026 09:03:22 PM INFO lbbd_cp_v1_solver - print: Module times (s): preprocess=0.196, enhancement=0.020, modeling=0.003, solving=5.429
04/28/2026 09:03:22 PM INFO lbbd_cp_v1_solver - print: Master time: 0.256s
04/28/2026 09:03:22 PM INFO lbbd_cp_v1_solver - print: Average subproblem time: 0.0148s
04/28/2026 09:03:22 PM INFO lbbd_cp_v1_solver - print: Lazy cuts added: 300
04/28/2026 09:03:22 PM INFO lbbd_cp_v1_solver - print:   - feasibility cuts: 126
04/28/2026 09:03:22 PM INFO lbbd_cp_v1_solver - print:   - optimality cuts: 174
04/28/2026 09:03:22 PM INFO lbbd_cp_v1_solver - print: Subproblems solved: 717
04/28/2026 09:03:22 PM INFO lbbd_cp_v1_solver - print: Subproblem time total: 10.59s
04/28/2026 09:03:22 PM INFO lbbd_cp_v1_solver - print: Subproblem time avg: 0.0148s
04/28/2026 09:03:22 PM INFO lbbd_cp_v1_solver - print: Best objective: 5809.48
04/28/2026 09:03:22 PM INFO lbbd_cp_v1_solver - print: Best bound: 5809.48
04/28/2026 09:03:22 PM INFO lbbd_cp_v1_solver - print: Final MIP gap: 0.00%
04/28/2026 09:03:22 PM INFO lbbd_cp_v1_solver - print: ============================================================
04/28/2026 09:03:22 PM INFO lbbd_cp_v1_solver - print: 
04/28/2026 09:03:22 PM INFO lbbd_cp_v1_solver - print: ------------------------------------------------------------
04/28/2026 09:03:22 PM INFO lbbd_cp_v1_solver - print: Subproblem Diagnostics
04/28/2026 09:03:22 PM INFO lbbd_cp_v1_solver - print: ------------------------------------------------------------
04/28/2026 09:03:22 PM INFO lbbd_cp_v1_solver - print: Total subproblems: 717
04/28/2026 09:03:22 PM INFO lbbd_cp_v1_solver - print:   infeasible: 126 (17.57%)
04/28/2026 09:03:22 PM INFO lbbd_cp_v1_solver - print:   optimal: 591 (82.43%)
04/28/2026 09:03:22 PM INFO lbbd_cp_v1_solver - print: Avg subproblem gap: 0.00% (n=316)
04/28/2026 09:03:22 PM INFO lbbd_cp_v1_solver - print: Avg subproblem objective: 690.806 (n=591)
04/28/2026 09:03:22 PM INFO lbbd_cp_v1_solver - print: Avg subproblem bound: 690.806 (n=591)
04/28/2026 09:03:22 PM INFO lbbd_cp_v1_solver - print: Avg (obj - bound) / |obj|: 0.00%
04/28/2026 09:03:22 PM INFO lbbd_cp_v1_solver - print: ------------------------------------------------------------
