
Gurobi 10.0.1 (win64) logging started Sun Apr 26 03:56:49 2026

Set parameter LogFile to value "D:\Project_Code\Paper\DP_LBBD_1\DP_lbbd\Algorithm\Results\mip_v1\large\exp_7f_70j_seed4\log\exp_7f_70j_seed4_gurobi.log"
Set parameter LogToConsole to value 0
Gurobi Optimizer version 10.0.1 build v10.0.1rc0 (win64)

CPU model: Intel(R) Core(TM) Ultra 7 265KF, instruction set [SSE2|AVX|AVX2]
Thread count: 20 physical cores, 20 logical processors, using up to 20 threads

Optimize a model with 285774 rows, 142800 columns and 1414418 nonzeros
Model fingerprint: 0xac8e9221
Variable types: 2170 continuous, 140630 integer (140630 binary)
Coefficient statistics:
  Matrix range     [1e+00, 2e+02]
  Objective range  [2e+01, 4e+03]
  Bounds range     [1e+00, 2e+02]
  RHS range        [1e+00, 7e+02]
Found heuristic solution: objective -0.0000000
Presolve removed 180641 rows and 90164 columns
Presolve time: 1.73s
Presolved: 105133 rows, 52636 columns, 517471 nonzeros
Variable types: 1361 continuous, 51275 integer (51275 binary)

Deterministic concurrent LP optimizer: primal simplex, dual simplex, and barrier
Showing barrier log only...

Root barrier log...

Ordering time: 0.02s

Barrier statistics:
 Dense cols : 1520
 AA' NZ     : 4.696e+05
 Factor NZ  : 8.336e+05 (roughly 70 MB of memory)
 Factor Ops : 5.771e+07 (less than 1 second per iteration)
 Threads    : 18

                  Objective                Residual
Iter       Primal          Dual         Primal    Dual     Compl     Time
   0  -9.38103323e+06  4.01098059e+08  1.69e+03 1.76e+02  1.38e+05    13s
   1  -7.65847487e+06  4.09938726e+08  1.43e+03 1.30e+02  9.28e+04    13s
   2  -5.02459877e+06  7.58030284e+08  9.43e+02 4.35e-09  6.29e+04    13s
   3  -1.08707833e+05  6.60941948e+08  2.22e+01 4.82e-09  4.38e+03    13s
   4  -2.36073383e+04  3.44299184e+08  4.85e+00 1.86e-09  1.79e+03    13s
   5  -7.39334342e+03  1.14021242e+08  1.61e+00 5.14e-10  5.60e+02    13s
   6   2.57215033e+03  2.54676127e+07  3.29e-01 1.13e-10  1.22e+02    13s
   7   8.00371504e+03  7.08648060e+06  6.11e-02 3.48e-11  3.37e+01    13s
   8   1.36796730e+04  2.60153718e+06  1.61e-03 3.28e-11  1.23e+01    13s
   9   1.47125080e+04  1.20688661e+06  1.39e-03 1.22e-09  5.67e+00    13s
  10   1.88764949e+04  8.15720782e+05  8.30e-04 6.08e-09  3.79e+00    13s
  11   2.24117715e+04  3.88716613e+05  4.58e-04 8.13e-09  1.74e+00    13s
  12   2.47262726e+04  3.02401375e+05  3.37e-04 6.55e-09  1.32e+00    13s
  13   2.70345215e+04  1.84280332e+05  2.54e-04 1.07e-08  7.48e-01    13s
  14   3.10919172e+04  1.06743579e+05  1.31e-04 1.43e-08  3.60e-01    13s
  15   3.24084303e+04  5.75178254e+04  8.49e-05 2.76e-08  1.19e-01    13s
  16   3.40215088e+04  3.82075388e+04  1.87e-05 9.58e-09  1.99e-02    14s
  17   3.43265653e+04  3.49930282e+04  6.28e-06 6.23e-08  3.17e-03    14s
  18   3.44204141e+04  3.45084353e+04  2.42e-06 1.40e-07  4.19e-04    14s
  19   3.44793727e+04  3.44797362e+04  6.43e-10 1.80e-08  1.73e-06    14s
  20   3.44793949e+04  3.44793949e+04  3.56e-15 5.13e-10  2.38e-12    14s

Barrier solved model in 20 iterations and 13.61 seconds (4.89 work units)
Optimal objective 3.44793949e+04


Root crossover log...

    2098 DPushes remaining with DInf 0.0000000e+00                14s
       0 DPushes remaining with DInf 0.0000000e+00                14s

    2034 PPushes remaining with PInf 0.0000000e+00                14s
Concurrent spin time: 0.19s (can be avoided by choosing Method=3)

Solved with dual simplex

Root relaxation: objective 3.447939e+04, 6558 iterations, 1.04 seconds (1.23 work units)

    Nodes    |    Current Node    |     Objective Bounds      |     Work
 Expl Unexpl |  Obj  Depth IntInf | Incumbent    BestBd   Gap | It/Node Time

     0     0 34479.3949    0  946   -0.00000 34479.3949      -     -   14s
H    0     0                    14868.159024 34479.3949   132%     -   14s
     0     0 34477.8587    0  800 14868.1590 34477.8587   132%     -   15s
H    0     0                    17106.049614 34477.8587   102%     -   20s
     0     0 34477.8587    0  748 17106.0496 34477.8587   102%     -   20s
     0     0 34451.4589    0  854 17106.0496 34451.4589   101%     -   22s
     0     0 34451.4589    0  775 17106.0496 34451.4589   101%     -   22s
     0     0 34438.0062    0  828 17106.0496 34438.0062   101%     -   23s
     0     0 34438.0062    0  800 17106.0496 34438.0062   101%     -   23s
     0     0 34438.0062    0  844 17106.0496 34438.0062   101%     -   24s
     0     0 34438.0062    0  847 17106.0496 34438.0062   101%     -   24s
     0     0 34438.0062    0  730 17106.0496 34438.0062   101%     -   26s
H    0     0                    17195.477484 34438.0062   100%     -   26s
     0     0 34438.0062    0  754 17195.4775 34438.0062   100%     -   26s
     0     0 34438.0062    0  766 17195.4775 34438.0062   100%     -   28s
     0     0 34438.0062    0  833 17195.4775 34438.0062   100%     -   28s
     0     0 34438.0062    0  732 17195.4775 34438.0062   100%     -   29s
     0     0 34438.0062    0  834 17195.4775 34438.0062   100%     -   30s
     0     0 34438.0062    0  758 17195.4775 34438.0062   100%     -   31s
     0     0 34438.0062    0  849 17195.4775 34438.0062   100%     -   31s
     0     0 34438.0062    0  742 17195.4775 34438.0062   100%     -   32s
     0     0 34438.0062    0  712 17195.4775 34438.0062   100%     -   33s
H    0     0                    17881.968474 34438.0062  92.6%     -   34s
H    0     2                    18565.702637 34438.0062  85.5%     -   36s
     0     2 34438.0062    0  699 18565.7026 34438.0062  85.5%     -   36s
H   51    71                    20079.287748 34438.0062  71.5%  1536   81s
H   56    71                    20288.782180 34438.0062  69.7%  1519   81s
H   58    71                    20553.210016 34438.0062  67.6%  1502   81s
H   68    71                    20804.223730 34438.0062  65.5%  1384   81s
   111   136 34438.0062    8  824 20804.2237 34438.0062  65.5%  1000   85s
   206   277 34435.4443   11  828 20804.2237 34438.0062  65.5%   700   90s
   365   401 34127.3337   16  802 20804.2237 34438.0062  65.5%   503   98s
H  368   401                    20810.830942 34438.0062  65.5%   504   98s
   458   520 infeasible   19      20810.8309 34438.0062  65.5%   454  101s
   601   629 34021.6563   22  695 20810.8309 34438.0062  65.5%   407  105s
   921   924 33574.2455   33  721 20810.8309 34438.0062  65.5%   325  110s
  1282  1241 33035.3112   44  623 20810.8309 34438.0062  65.5%   296  116s
  1800  1829 33035.3112   54  563 20810.8309 34438.0062  65.5%   254  123s
  2106  2079 33035.3112   60  584 20810.8309 34438.0062  65.5%   237  126s
  2402  2407 32983.9510   69  577 20810.8309 34438.0062  65.5%   224  131s
  3165  3122 32800.9413   86  543 20810.8309 34438.0062  65.5%   192  139s
  3565  3505 32266.4483  100  520 20810.8309 34438.0062  65.5%   179  142s
  4013  3884 32238.2317  115  500 20810.8309 34438.0062  65.5%   167  148s
  4475  4170 31017.8600  131  432 20810.8309 34438.0062  65.5%   156  151s
  4904  4473 29771.8797  147  384 20810.8309 34438.0062  65.5%   151  227s
  5257  4474 32024.5493   53  712 20810.8309 34438.0062  65.5%   149  267s
  5259  4475 29215.9077   71  990 20810.8309 34438.0062  65.5%   149  315s
  5261  4477 32769.8131   83  835 20810.8309 34438.0062  65.5%   149  321s
  5264  4480 31605.5041   25  712 20810.8309 34438.0062  65.5%   151  326s
  5266  4481 34305.7277   10  614 20810.8309 34438.0062  65.5%   151  343s
  5268  4483 27410.1895  240  359 20810.8309 34438.0062  65.5%   151  346s
  5271  4485 28311.0828  139  391 20810.8309 34438.0062  65.5%   151  351s
  5273  4486 26556.9285   85  430 20810.8309 34438.0062  65.5%   151  356s
  5276  4488 30210.1589   42  490 20810.8309 34438.0062  65.5%   151  361s
  5279  4490 25780.2540  147  460 20810.8309 34438.0062  65.5%   150  366s
H 5280  4266                    20850.708311 34438.0062  65.2%   150  371s
H 5280  4052                    20991.212951 34438.0062  64.1%   150  371s
H 5281  3849                    21262.892198 34438.0062  62.0%   150  373s
  5283  3851 24547.9251  165  468 21262.8922 34438.0062  62.0%   150  386s
  5285  3852 32938.6237   60  456 21262.8922 34438.0062  62.0%   150  392s
  5287  3853 29175.2280  174  447 21262.8922 34438.0062  62.0%   150  395s
  5318  3895 34438.0062   32  563 21262.8922 34438.0062  62.0%   168  400s
  5575  4064 34367.9065   37  564 21262.8922 34438.0062  62.0%   180  406s
H 5577  3871                    21388.571594 34438.0062  61.0%   180  406s
H 5580  3687                    21574.883501 34438.0062  59.6%   180  406s
H 5638  3544                    21747.389757 34438.0062  58.4%   180  408s
  5701  3591 34394.2134   39  532 21747.3898 34438.0062  58.4%   181  410s
H 5716  3421                    21751.743852 34438.0062  58.3%   181  410s
H 5731  3259                    21844.484180 34438.0062  57.7%   181  410s
H 5793  3151                    22175.827802 34438.0062  55.3%   180  413s
  5967  3261 34223.5677   43  489 22175.8278 34438.0062  55.3%   178  450s
  6105  3347 34223.5677   45  509 22175.8278 34438.0062  55.3%   179  456s
H 6348  3353                    22219.917518 34438.0062  55.0%   177  462s
  6544  3555 33173.1824   53  441 22219.9175 34438.0062  55.0%   176  465s
  6809  3711 33783.5687   57  463 22219.9175 34438.0062  55.0%   173  470s
  7019  3760 33783.5687   59  462 22219.9175 34438.0062  55.0%   171  475s
H 7060  3611                    22299.473174 34438.0062  54.4%   171  475s
  7385  3889 33752.1869   62  361 22299.4732 34438.0062  54.4%   167  480s
H 7515  3718                    22346.612679 34438.0062  54.1%   166  480s
  7629  3774 33752.4184   64  372 22346.6127 34438.0062  54.1%   166  486s
  7755  3788 33734.7114   65  377 22346.6127 34438.0062  54.1%   167  490s
  8073  3983 33750.8719   70  370 22346.6127 34438.0062  54.1%   172  495s
  8275  4142 33639.5740   73  366 22346.6127 34438.0062  54.1%   174  501s
  8601  4364 33639.1972   78  374 22346.6127 34438.0062  54.1%   174  505s
  8944  4615 33418.2464   83  386 22346.6127 34438.0062  54.1%   173  511s
  9564  5031 32519.4686   91  365 22346.6127 34438.0062  54.1%   168  519s
  9908  5285 32519.4686   95  348 22346.6127 34438.0062  54.1%   166  523s
 10367  5294 32356.5966   99  326 22346.6127 34438.0062  54.1%   162  527s
 10620  5474 31867.8197  102  374 22346.6127 34438.0062  54.1%   162  530s
 10970  5486 31866.2625  106  362 22346.6127 34438.0062  54.1%   162  536s
 11630  5943 31519.0900  114  332 22346.6127 34438.0062  54.1%   160  544s
 11904  6340 31512.8372  118  342 22346.6127 34438.0062  54.1%   159  548s
 12422  6630 31401.9275  122  310 22346.6127 34438.0062  54.1%   156  554s
 12939  7068 31323.0704  127  314 22346.6127 34438.0062  54.1%   153  558s
 13549  7490 31289.0340  133  319 22346.6127 34438.0062  54.1%   149  565s
 14073  8144 30953.5238  140  287 22346.6127 34438.0062  54.1%   147  570s
 14787  8829 infeasible  146      22346.6127 34438.0062  54.1%   144  577s
 15527  9564 30730.6179  155  274 22346.6127 34438.0062  54.1%   140  583s
*16398  9564             366    22381.771598 34438.0062  53.9%   136  583s
H16415 10205                    22493.112112 34438.0062  53.1%   136  591s
 17155 10697 30339.4964  174  242 22493.1121 34438.0062  53.1%   133  599s
H17670 10696                    22559.390105 34438.0062  52.7%   130  599s
 17765 11488 30019.1620  186  231 22559.3901 34438.0062  52.7%   131  608s
 18660 11952 29049.3096  200  209 22559.3901 34438.0062  52.7%   127  770s
 19259 12337 25875.9204  211  196 22559.3901 34438.0062  52.7%   126  779s
 19674 13173 27194.9812  221  175 22559.3901 34438.0062  52.7%   125  790s
 20605 14186 26005.8501  237  167 22559.3901 34438.0062  52.7%   123  801s
 21744 15427 24629.2718  267   98 22559.3901 34438.0062  52.7%   120  814s
 23241 18126 34438.0062   33  553 22559.3901 34438.0062  52.7%   116  846s
 26196 19435 29495.8782  133  224 22559.3901 34438.0062  52.7%   112  860s
 27794 20294 34433.6446   34  588 22559.3901 34438.0062  52.7%   109  868s
 28877 21291 34286.8655   55  386 22559.3901 34438.0062  52.7%   109  880s
 29954 22648 32572.8902  112  264 22559.3901 34438.0062  52.7%   107  892s
 31518 23728 23055.7562  219  103 22559.3901 34438.0062  52.7%   105  902s
 32976 23751 34437.5570   38  535 22559.3901 34438.0062  52.7%   103  969s
H33002 23750                    22561.534001 34438.0062  52.6%   103  969s
 33005 23829 34437.5570   39  491 22561.5340 34438.0062  52.6%   103 1035s
 33121 24230 34437.1990   40  475 22561.5340 34438.0062  52.6%   103 1040s
 33587 25460 34231.0163   56  374 22561.5340 34438.0062  52.6%   104 1054s
 34841 27088 30707.7115   97  292 22561.5340 34438.0062  52.6%   103 1069s
 36864 27798     cutoff  179      22561.5340 34438.0062  52.6%   101 1082s
H36930 27765                    22737.466988 34438.0062  51.5%   101 1082s
 37858 29515 34402.7592   42  473 22737.4670 34438.0062  51.5%   102 1095s
H39680 30762                    22953.707787 34438.0062  50.0%   101 1113s
H41455 30712                    22999.206104 34438.0062  49.7%   100 1113s
H41545 31740                    23000.847292 34438.0062  49.7%   100 1126s
 42645 33696 31742.6736  111  265 23000.8473 34438.0062  49.7%   102 1146s
 44911 34551 34438.0062   48  546 23000.8473 34438.0062  49.7%   100 1164s
 45991 36804 32546.3692   93  310 23000.8473 34438.0062  49.7%   101 1187s

Cutting planes:
  Learned: 94
  Gomory: 357
  Lift-and-project: 404
  Cover: 52
  MIR: 1965
  StrongCG: 8
  Flow cover: 2437
  Network: 2
  Relax-and-lift: 9

Explored 48555 nodes (4949724 simplex iterations) in 1804.73 seconds (741.88 work units)
Thread count was 20 (of 20 available processors)

Solution count 10: 23000.8 22999.2 22953.7 ... 22299.5

Time limit reached
Best objective 2.300084729174e+04, best bound 3.443800623453e+04, gap 49.7249%
