04/26/2026 03:56:44 AM INFO mip_v1 - setup_solver_logging: ================================================================================
04/26/2026 03:56:44 AM INFO mip_v1 - setup_solver_logging: Logging started. Log file: D:\Project_Code\Paper\DP_LBBD_1\DP_lbbd\Algorithm\Results\mip_v1\large\exp_7f_70j_seed4\log\exp_7f_70j_seed4_running.log
04/26/2026 03:56:44 AM INFO mip_v1 - print: BigM calculated: 227.10000000000002
04/26/2026 03:56:44 AM INFO mip_v1 - print: Adding variables...
04/26/2026 03:56:44 AM INFO mip_v1 - print: Total variables: 142800
04/26/2026 03:56:44 AM INFO mip_v1 - print: Adding constraints...
04/26/2026 03:56:48 AM INFO mip_v1 - print: Total constraints: 285774
04/26/2026 03:56:48 AM INFO mip_v1 - print: Setting objective function...
04/26/2026 03:56:49 AM INFO mip_v1 - print: 
04/26/2026 03:56:49 AM INFO mip_v1 - print: ✓ Model LP written to: D:\Project_Code\Paper\DP_LBBD_1\DP_lbbd\Algorithm\MIP\production_model.lp
04/26/2026 03:56:49 AM INFO mip_v1 - print: 
04/26/2026 03:56:49 AM INFO mip_v1 - print: ============================================================
04/26/2026 03:56:49 AM INFO mip_v1 - print: Starting optimization...
04/26/2026 03:56:49 AM INFO mip_v1 - print: ============================================================
04/26/2026 03:56:49 AM INFO mip_v1 - print: Gurobi native log file: D:\Project_Code\Paper\DP_LBBD_1\DP_lbbd\Algorithm\Results\mip_v1\large\exp_7f_70j_seed4\log\exp_7f_70j_seed4_gurobi.log
04/26/2026 04:26:54 AM INFO mip_v1 - print: 
04/26/2026 04:26:54 AM INFO mip_v1 - print: ============================================================
04/26/2026 04:26:54 AM INFO mip_v1 - print: SOLUTION SUMMARY
04/26/2026 04:26:54 AM INFO mip_v1 - print: ============================================================
04/26/2026 04:26:54 AM INFO mip_v1 - print: ⚠ Time limit reached, best solution found:
04/26/2026 04:26:54 AM INFO mip_v1 - print: 
04/26/2026 04:26:54 AM INFO mip_v1 - print: Objective Value (Total Profit): 23000.85
04/26/2026 04:26:54 AM INFO mip_v1 - print: MIP Gap: 49.72%
04/26/2026 04:26:54 AM INFO mip_v1 - print: 
04/26/2026 04:26:54 AM INFO mip_v1 - print: 📋 Accepted Orders (45/70): [3, 5, 7, 11, 12, 13, 15, 16, 21, 22, 23, 24, 25, 26, 27, 29, 30, 31, 32, 36, 37, 38, 39, 40, 41, 42, 44, 45, 46, 48, 49, 52, 53, 55, 56, 58, 61, 62, 63, 64, 66, 67, 68, 69, 70]
04/26/2026 04:26:54 AM INFO mip_v1 - print: 
04/26/2026 04:26:54 AM INFO mip_v1 - print: ------------------------------------------------------------
04/26/2026 04:26:54 AM INFO mip_v1 - print: ORDER ALLOCATION DETAILS
04/26/2026 04:26:54 AM INFO mip_v1 - print: ------------------------------------------------------------
04/26/2026 04:26:54 AM INFO mip_v1 - print: 
04/26/2026 04:26:54 AM INFO mip_v1 - print: Order 3 → Factory 2
04/26/2026 04:26:54 AM INFO mip_v1 - print:   Machine 1: completion time = 21.36
04/26/2026 04:26:54 AM INFO mip_v1 - print:   Machine 2: completion time = 28.49
04/26/2026 04:26:54 AM INFO mip_v1 - print:   Machine 3: completion time = 35.81
04/26/2026 04:26:54 AM INFO mip_v1 - print:   Machine 4: completion time = 42.19
04/26/2026 04:26:54 AM INFO mip_v1 - print:   Machine 5: completion time = 49.57
04/26/2026 04:26:54 AM INFO mip_v1 - print:   Delivery: 51.77 (Deadline: 64.60, Delay: 0.00)
04/26/2026 04:26:54 AM INFO mip_v1 - print: 
04/26/2026 04:26:54 AM INFO mip_v1 - print: Order 5 → Factory 6
04/26/2026 04:26:54 AM INFO mip_v1 - print:   Machine 1: completion time = 77.51
04/26/2026 04:26:54 AM INFO mip_v1 - print:   Machine 2: completion time = 120.34
04/26/2026 04:26:54 AM INFO mip_v1 - print:   Machine 3: completion time = 132.89
04/26/2026 04:26:54 AM INFO mip_v1 - print:   Delivery: 135.79 (Deadline: 135.10, Delay: 0.69)
04/26/2026 04:26:54 AM INFO mip_v1 - print: 
04/26/2026 04:26:54 AM INFO mip_v1 - print: Order 7 → Factory 6
04/26/2026 04:26:54 AM INFO mip_v1 - print:   Machine 1: completion time = 83.83
04/26/2026 04:26:54 AM INFO mip_v1 - print:   Machine 2: completion time = 94.47
04/26/2026 04:26:54 AM INFO mip_v1 - print:   Machine 3: completion time = 108.79
04/26/2026 04:26:54 AM INFO mip_v1 - print:   Delivery: 110.59 (Deadline: 119.50, Delay: 0.00)
04/26/2026 04:26:54 AM INFO mip_v1 - print: 
04/26/2026 04:26:54 AM INFO mip_v1 - print: Order 11 → Factory 4
04/26/2026 04:26:54 AM INFO mip_v1 - print:   Machine 1: completion time = 77.65
04/26/2026 04:26:54 AM INFO mip_v1 - print:   Machine 2: completion time = 89.73
04/26/2026 04:26:54 AM INFO mip_v1 - print:   Machine 3: completion time = 103.15
04/26/2026 04:26:54 AM INFO mip_v1 - print:   Machine 4: completion time = 110.89
04/26/2026 04:26:54 AM INFO mip_v1 - print:   Delivery: 111.49 (Deadline: 125.40, Delay: 0.00)
04/26/2026 04:26:54 AM INFO mip_v1 - print: 
04/26/2026 04:26:54 AM INFO mip_v1 - print: Order 12 → Factory 5
04/26/2026 04:26:54 AM INFO mip_v1 - print:   Machine 1: completion time = 111.59
04/26/2026 04:26:54 AM INFO mip_v1 - print:   Machine 2: completion time = 120.19
04/26/2026 04:26:54 AM INFO mip_v1 - print:   Machine 3: completion time = 131.41
04/26/2026 04:26:54 AM INFO mip_v1 - print:   Delivery: 136.31 (Deadline: 137.40, Delay: 0.00)
04/26/2026 04:26:54 AM INFO mip_v1 - print: 
04/26/2026 04:26:54 AM INFO mip_v1 - print: Order 13 → Factory 6
04/26/2026 04:26:54 AM INFO mip_v1 - print:   Machine 1: completion time = 20.82
04/26/2026 04:26:54 AM INFO mip_v1 - print:   Machine 2: completion time = 34.41
04/26/2026 04:26:54 AM INFO mip_v1 - print:   Machine 3: completion time = 49.53
04/26/2026 04:26:54 AM INFO mip_v1 - print:   Delivery: 49.83 (Deadline: 74.80, Delay: 0.00)
04/26/2026 04:26:54 AM INFO mip_v1 - print: 
04/26/2026 04:26:54 AM INFO mip_v1 - print: Order 15 → Factory 5
04/26/2026 04:26:54 AM INFO mip_v1 - print:   Machine 1: completion time = 41.27
04/26/2026 04:26:54 AM INFO mip_v1 - print:   Machine 2: completion time = 51.23
04/26/2026 04:26:54 AM INFO mip_v1 - print:   Machine 3: completion time = 62.39
04/26/2026 04:26:54 AM INFO mip_v1 - print:   Delivery: 69.09 (Deadline: 85.40, Delay: 0.00)
04/26/2026 04:26:54 AM INFO mip_v1 - print: 
04/26/2026 04:26:54 AM INFO mip_v1 - print: Order 16 → Factory 1
04/26/2026 04:26:54 AM INFO mip_v1 - print:   Machine 1: completion time = 68.97
04/26/2026 04:26:54 AM INFO mip_v1 - print:   Machine 2: completion time = 85.61
04/26/2026 04:26:54 AM INFO mip_v1 - print:   Machine 3: completion time = 102.71
04/26/2026 04:26:54 AM INFO mip_v1 - print:   Machine 4: completion time = 120.55
04/26/2026 04:26:54 AM INFO mip_v1 - print:   Machine 5: completion time = 149.70
04/26/2026 04:26:54 AM INFO mip_v1 - print:   Delivery: 155.90 (Deadline: 155.90, Delay: 0.00)
04/26/2026 04:26:54 AM INFO mip_v1 - print: 
04/26/2026 04:26:54 AM INFO mip_v1 - print: Order 21 → Factory 4
04/26/2026 04:26:54 AM INFO mip_v1 - print:   Machine 1: completion time = 66.63
04/26/2026 04:26:54 AM INFO mip_v1 - print:   Machine 2: completion time = 82.08
04/26/2026 04:26:54 AM INFO mip_v1 - print:   Machine 3: completion time = 95.98
04/26/2026 04:26:54 AM INFO mip_v1 - print:   Machine 4: completion time = 104.79
04/26/2026 04:26:54 AM INFO mip_v1 - print:   Delivery: 112.49 (Deadline: 124.30, Delay: 0.00)
04/26/2026 04:26:54 AM INFO mip_v1 - print: 
04/26/2026 04:26:54 AM INFO mip_v1 - print: Order 22 → Factory 4
04/26/2026 04:26:54 AM INFO mip_v1 - print:   Machine 1: completion time = 33.42
04/26/2026 04:26:54 AM INFO mip_v1 - print:   Machine 2: completion time = 44.29
04/26/2026 04:26:54 AM INFO mip_v1 - print:   Machine 3: completion time = 64.51
04/26/2026 04:26:54 AM INFO mip_v1 - print:   Machine 4: completion time = 77.00
04/26/2026 04:26:54 AM INFO mip_v1 - print:   Delivery: 80.00 (Deadline: 80.00, Delay: 0.00)
04/26/2026 04:26:54 AM INFO mip_v1 - print: 
04/26/2026 04:26:54 AM INFO mip_v1 - print: Order 23 → Factory 3
04/26/2026 04:26:54 AM INFO mip_v1 - print:   Machine 1: completion time = 60.63
04/26/2026 04:26:54 AM INFO mip_v1 - print:   Machine 2: completion time = 68.91
04/26/2026 04:26:54 AM INFO mip_v1 - print:   Machine 3: completion time = 84.04
04/26/2026 04:26:54 AM INFO mip_v1 - print:   Machine 4: completion time = 96.85
04/26/2026 04:26:54 AM INFO mip_v1 - print:   Delivery: 97.95 (Deadline: 101.60, Delay: 0.00)
04/26/2026 04:26:54 AM INFO mip_v1 - print: 
04/26/2026 04:26:54 AM INFO mip_v1 - print: Order 24 → Factory 5
04/26/2026 04:26:54 AM INFO mip_v1 - print:   Machine 1: completion time = 59.45
04/26/2026 04:26:54 AM INFO mip_v1 - print:   Machine 2: completion time = 71.62
04/26/2026 04:26:54 AM INFO mip_v1 - print:   Machine 3: completion time = 85.70
04/26/2026 04:26:54 AM INFO mip_v1 - print:   Delivery: 90.70 (Deadline: 91.90, Delay: 0.00)
04/26/2026 04:26:54 AM INFO mip_v1 - print: 
04/26/2026 04:26:54 AM INFO mip_v1 - print: Order 25 → Factory 3
04/26/2026 04:26:54 AM INFO mip_v1 - print:   Machine 1: completion time = 83.52
04/26/2026 04:26:54 AM INFO mip_v1 - print:   Machine 2: completion time = 96.87
04/26/2026 04:26:54 AM INFO mip_v1 - print:   Machine 3: completion time = 113.25
04/26/2026 04:26:54 AM INFO mip_v1 - print:   Machine 4: completion time = 127.07
04/26/2026 04:26:54 AM INFO mip_v1 - print:   Delivery: 131.87 (Deadline: 134.00, Delay: 0.00)
04/26/2026 04:26:54 AM INFO mip_v1 - print: 
04/26/2026 04:26:54 AM INFO mip_v1 - print: Order 26 → Factory 6
04/26/2026 04:26:54 AM INFO mip_v1 - print:   Machine 1: completion time = 42.81
04/26/2026 04:26:54 AM INFO mip_v1 - print:   Machine 2: completion time = 58.98
04/26/2026 04:26:54 AM INFO mip_v1 - print:   Machine 3: completion time = 73.59
04/26/2026 04:26:54 AM INFO mip_v1 - print:   Delivery: 78.89 (Deadline: 83.20, Delay: 0.00)
04/26/2026 04:26:54 AM INFO mip_v1 - print: 
04/26/2026 04:26:54 AM INFO mip_v1 - print: Order 27 → Factory 6
04/26/2026 04:26:54 AM INFO mip_v1 - print:   Machine 1: completion time = 65.48
04/26/2026 04:26:54 AM INFO mip_v1 - print:   Machine 2: completion time = 82.20
04/26/2026 04:26:54 AM INFO mip_v1 - print:   Machine 3: completion time = 101.65
04/26/2026 04:26:54 AM INFO mip_v1 - print:   Delivery: 105.45 (Deadline: 137.00, Delay: 0.00)
04/26/2026 04:26:54 AM INFO mip_v1 - print: 
04/26/2026 04:26:54 AM INFO mip_v1 - print: Order 29 → Factory 4
04/26/2026 04:26:54 AM INFO mip_v1 - print:   Machine 1: completion time = 18.42
04/26/2026 04:26:54 AM INFO mip_v1 - print:   Machine 2: completion time = 24.81
04/26/2026 04:26:54 AM INFO mip_v1 - print:   Machine 3: completion time = 39.42
04/26/2026 04:26:54 AM INFO mip_v1 - print:   Machine 4: completion time = 62.72
04/26/2026 04:26:54 AM INFO mip_v1 - print:   Delivery: 65.52 (Deadline: 73.30, Delay: 0.00)
04/26/2026 04:26:54 AM INFO mip_v1 - print: 
04/26/2026 04:26:54 AM INFO mip_v1 - print: Order 30 → Factory 5
04/26/2026 04:26:54 AM INFO mip_v1 - print:   Machine 1: completion time = 66.40
04/26/2026 04:26:54 AM INFO mip_v1 - print:   Machine 2: completion time = 76.85
04/26/2026 04:26:54 AM INFO mip_v1 - print:   Machine 3: completion time = 91.76
04/26/2026 04:26:54 AM INFO mip_v1 - print:   Delivery: 98.66 (Deadline: 97.80, Delay: 0.86)
04/26/2026 04:26:54 AM INFO mip_v1 - print: 
04/26/2026 04:26:54 AM INFO mip_v1 - print: Order 31 → Factory 4
04/26/2026 04:26:54 AM INFO mip_v1 - print:   Machine 1: completion time = 39.81
04/26/2026 04:26:54 AM INFO mip_v1 - print:   Machine 2: completion time = 51.23
04/26/2026 04:26:54 AM INFO mip_v1 - print:   Machine 3: completion time = 57.94
04/26/2026 04:26:54 AM INFO mip_v1 - print:   Machine 4: completion time = 68.61
04/26/2026 04:26:54 AM INFO mip_v1 - print:   Delivery: 73.81 (Deadline: 79.50, Delay: 0.00)
04/26/2026 04:26:54 AM INFO mip_v1 - print: 
04/26/2026 04:26:54 AM INFO mip_v1 - print: Order 32 → Factory 5
04/26/2026 04:26:54 AM INFO mip_v1 - print:   Machine 1: completion time = 15.33
04/26/2026 04:26:54 AM INFO mip_v1 - print:   Machine 2: completion time = 23.96
04/26/2026 04:26:54 AM INFO mip_v1 - print:   Machine 3: completion time = 32.95
04/26/2026 04:26:54 AM INFO mip_v1 - print:   Delivery: 38.95 (Deadline: 68.20, Delay: 0.00)
04/26/2026 04:26:54 AM INFO mip_v1 - print: 
04/26/2026 04:26:54 AM INFO mip_v1 - print: Order 36 → Factory 6
04/26/2026 04:26:54 AM INFO mip_v1 - print:   Machine 1: completion time = 97.51
04/26/2026 04:26:54 AM INFO mip_v1 - print:   Machine 2: completion time = 107.91
04/26/2026 04:26:54 AM INFO mip_v1 - print:   Machine 3: completion time = 120.34
04/26/2026 04:26:54 AM INFO mip_v1 - print:   Delivery: 124.34 (Deadline: 127.90, Delay: 0.00)
04/26/2026 04:26:54 AM INFO mip_v1 - print: 
04/26/2026 04:26:54 AM INFO mip_v1 - print: Order 37 → Factory 5
04/26/2026 04:26:54 AM INFO mip_v1 - print:   Machine 1: completion time = 30.80
04/26/2026 04:26:54 AM INFO mip_v1 - print:   Machine 2: completion time = 39.60
04/26/2026 04:26:54 AM INFO mip_v1 - print:   Machine 3: completion time = 50.13
04/26/2026 04:26:54 AM INFO mip_v1 - print:   Delivery: 53.73 (Deadline: 67.40, Delay: 0.00)
04/26/2026 04:26:54 AM INFO mip_v1 - print: 
04/26/2026 04:26:54 AM INFO mip_v1 - print: Order 38 → Factory 3
04/26/2026 04:26:54 AM INFO mip_v1 - print:   Machine 1: completion time = 46.43
04/26/2026 04:26:54 AM INFO mip_v1 - print:   Machine 2: completion time = 58.93
04/26/2026 04:26:54 AM INFO mip_v1 - print:   Machine 3: completion time = 74.11
04/26/2026 04:26:54 AM INFO mip_v1 - print:   Machine 4: completion time = 88.43
04/26/2026 04:26:54 AM INFO mip_v1 - print:   Delivery: 91.83 (Deadline: 92.30, Delay: 0.00)
04/26/2026 04:26:54 AM INFO mip_v1 - print: 
04/26/2026 04:26:54 AM INFO mip_v1 - print: Order 39 → Factory 1
04/26/2026 04:26:54 AM INFO mip_v1 - print:   Machine 1: completion time = 49.71
04/26/2026 04:26:54 AM INFO mip_v1 - print:   Machine 2: completion time = 56.83
04/26/2026 04:26:54 AM INFO mip_v1 - print:   Machine 3: completion time = 64.13
04/26/2026 04:26:54 AM INFO mip_v1 - print:   Machine 4: completion time = 72.31
04/26/2026 04:26:54 AM INFO mip_v1 - print:   Machine 5: completion time = 79.51
04/26/2026 04:26:54 AM INFO mip_v1 - print:   Delivery: 80.91 (Deadline: 92.40, Delay: 0.00)
04/26/2026 04:26:54 AM INFO mip_v1 - print: 
04/26/2026 04:26:54 AM INFO mip_v1 - print: Order 40 → Factory 5
04/26/2026 04:26:54 AM INFO mip_v1 - print:   Machine 1: completion time = 84.01
04/26/2026 04:26:54 AM INFO mip_v1 - print:   Machine 2: completion time = 95.66
04/26/2026 04:26:54 AM INFO mip_v1 - print:   Machine 3: completion time = 111.59
04/26/2026 04:26:54 AM INFO mip_v1 - print:   Delivery: 113.69 (Deadline: 120.30, Delay: 0.00)
04/26/2026 04:26:54 AM INFO mip_v1 - print: 
04/26/2026 04:26:54 AM INFO mip_v1 - print: Order 41 → Factory 5
04/26/2026 04:26:54 AM INFO mip_v1 - print:   Machine 1: completion time = 93.59
04/26/2026 04:26:54 AM INFO mip_v1 - print:   Machine 2: completion time = 111.59
04/26/2026 04:26:54 AM INFO mip_v1 - print:   Machine 3: completion time = 122.06
04/26/2026 04:26:54 AM INFO mip_v1 - print:   Delivery: 128.56 (Deadline: 128.00, Delay: 0.56)
04/26/2026 04:26:54 AM INFO mip_v1 - print: 
04/26/2026 04:26:54 AM INFO mip_v1 - print: Order 42 → Factory 4
04/26/2026 04:26:54 AM INFO mip_v1 - print:   Machine 1: completion time = 27.40
04/26/2026 04:26:54 AM INFO mip_v1 - print:   Machine 2: completion time = 37.71
04/26/2026 04:26:54 AM INFO mip_v1 - print:   Machine 3: completion time = 48.94
04/26/2026 04:26:54 AM INFO mip_v1 - print:   Machine 4: completion time = 57.60
04/26/2026 04:26:54 AM INFO mip_v1 - print:   Delivery: 63.90 (Deadline: 63.90, Delay: 0.00)
04/26/2026 04:26:54 AM INFO mip_v1 - print: 
04/26/2026 04:26:54 AM INFO mip_v1 - print: Order 44 → Factory 5
04/26/2026 04:26:54 AM INFO mip_v1 - print:   Machine 1: completion time = 22.24
04/26/2026 04:26:54 AM INFO mip_v1 - print:   Machine 2: completion time = 30.89
04/26/2026 04:26:54 AM INFO mip_v1 - print:   Machine 3: completion time = 40.44
04/26/2026 04:26:54 AM INFO mip_v1 - print:   Delivery: 42.04 (Deadline: 63.80, Delay: 0.00)
04/26/2026 04:26:54 AM INFO mip_v1 - print: 
04/26/2026 04:26:54 AM INFO mip_v1 - print: Order 45 → Factory 5
04/26/2026 04:26:54 AM INFO mip_v1 - print:   Machine 1: completion time = 46.95
04/26/2026 04:26:54 AM INFO mip_v1 - print:   Machine 2: completion time = 56.95
04/26/2026 04:26:54 AM INFO mip_v1 - print:   Machine 3: completion time = 71.62
04/26/2026 04:26:54 AM INFO mip_v1 - print:   Delivery: 74.52 (Deadline: 92.90, Delay: 0.00)
04/26/2026 04:26:54 AM INFO mip_v1 - print: 
04/26/2026 04:26:54 AM INFO mip_v1 - print: Order 46 → Factory 5
04/26/2026 04:26:54 AM INFO mip_v1 - print:   Machine 1: completion time = 71.21
04/26/2026 04:26:54 AM INFO mip_v1 - print:   Machine 2: completion time = 89.08
04/26/2026 04:26:54 AM INFO mip_v1 - print:   Machine 3: completion time = 104.16
04/26/2026 04:26:54 AM INFO mip_v1 - print:   Delivery: 107.86 (Deadline: 109.60, Delay: 0.00)
04/26/2026 04:26:54 AM INFO mip_v1 - print: 
04/26/2026 04:26:54 AM INFO mip_v1 - print: Order 48 → Factory 5
04/26/2026 04:26:54 AM INFO mip_v1 - print:   Machine 1: completion time = 77.70
04/26/2026 04:26:54 AM INFO mip_v1 - print:   Machine 2: completion time = 84.40
04/26/2026 04:26:54 AM INFO mip_v1 - print:   Machine 3: completion time = 98.92
04/26/2026 04:26:54 AM INFO mip_v1 - print:   Delivery: 99.92 (Deadline: 101.70, Delay: 0.00)
04/26/2026 04:26:54 AM INFO mip_v1 - print: 
04/26/2026 04:26:54 AM INFO mip_v1 - print: Order 49 → Factory 4
04/26/2026 04:26:54 AM INFO mip_v1 - print:   Machine 1: completion time = 48.75
04/26/2026 04:26:54 AM INFO mip_v1 - print:   Machine 2: completion time = 61.41
04/26/2026 04:26:54 AM INFO mip_v1 - print:   Machine 3: completion time = 76.25
04/26/2026 04:26:54 AM INFO mip_v1 - print:   Machine 4: completion time = 87.94
04/26/2026 04:26:54 AM INFO mip_v1 - print:   Delivery: 91.04 (Deadline: 99.50, Delay: 0.00)
04/26/2026 04:26:54 AM INFO mip_v1 - print: 
04/26/2026 04:26:54 AM INFO mip_v1 - print: Order 52 → Factory 2
04/26/2026 04:26:54 AM INFO mip_v1 - print:   Machine 1: completion time = 38.17
04/26/2026 04:26:54 AM INFO mip_v1 - print:   Machine 2: completion time = 48.12
04/26/2026 04:26:54 AM INFO mip_v1 - print:   Machine 3: completion time = 58.72
04/26/2026 04:26:54 AM INFO mip_v1 - print:   Machine 4: completion time = 67.95
04/26/2026 04:26:54 AM INFO mip_v1 - print:   Machine 5: completion time = 81.63
04/26/2026 04:26:54 AM INFO mip_v1 - print:   Delivery: 83.43 (Deadline: 89.70, Delay: 0.00)
04/26/2026 04:26:54 AM INFO mip_v1 - print: 
04/26/2026 04:26:54 AM INFO mip_v1 - print: Order 53 → Factory 7
04/26/2026 04:26:54 AM INFO mip_v1 - print:   Machine 1: completion time = 44.44
04/26/2026 04:26:54 AM INFO mip_v1 - print:   Machine 2: completion time = 55.06
04/26/2026 04:26:54 AM INFO mip_v1 - print:   Machine 3: completion time = 65.66
04/26/2026 04:26:54 AM INFO mip_v1 - print:   Machine 4: completion time = 76.38
04/26/2026 04:26:54 AM INFO mip_v1 - print:   Machine 5: completion time = 122.70
04/26/2026 04:26:54 AM INFO mip_v1 - print:   Delivery: 128.40 (Deadline: 128.40, Delay: 0.00)
04/26/2026 04:26:54 AM INFO mip_v1 - print: 
04/26/2026 04:26:54 AM INFO mip_v1 - print: Order 55 → Factory 4
04/26/2026 04:26:54 AM INFO mip_v1 - print:   Machine 1: completion time = 103.15
04/26/2026 04:26:54 AM INFO mip_v1 - print:   Machine 2: completion time = 116.17
04/26/2026 04:26:54 AM INFO mip_v1 - print:   Machine 3: completion time = 130.11
04/26/2026 04:26:54 AM INFO mip_v1 - print:   Machine 4: completion time = 141.80
04/26/2026 04:26:54 AM INFO mip_v1 - print:   Delivery: 149.40 (Deadline: 149.40, Delay: 0.00)
04/26/2026 04:26:54 AM INFO mip_v1 - print: 
04/26/2026 04:26:54 AM INFO mip_v1 - print: Order 56 → Factory 4
04/26/2026 04:26:54 AM INFO mip_v1 - print:   Machine 1: completion time = 59.64
04/26/2026 04:26:54 AM INFO mip_v1 - print:   Machine 2: completion time = 73.75
04/26/2026 04:26:54 AM INFO mip_v1 - print:   Machine 3: completion time = 87.94
04/26/2026 04:26:54 AM INFO mip_v1 - print:   Machine 4: completion time = 98.12
04/26/2026 04:26:54 AM INFO mip_v1 - print:   Delivery: 105.72 (Deadline: 120.20, Delay: 0.00)
04/26/2026 04:26:54 AM INFO mip_v1 - print: 
04/26/2026 04:26:54 AM INFO mip_v1 - print: Order 58 → Factory 4
04/26/2026 04:26:54 AM INFO mip_v1 - print:   Machine 1: completion time = 89.73
04/26/2026 04:26:54 AM INFO mip_v1 - print:   Machine 2: completion time = 103.15
04/26/2026 04:26:54 AM INFO mip_v1 - print:   Machine 3: completion time = 115.92
04/26/2026 04:26:54 AM INFO mip_v1 - print:   Machine 4: completion time = 130.11
04/26/2026 04:26:54 AM INFO mip_v1 - print:   Delivery: 137.81 (Deadline: 142.30, Delay: 0.00)
04/26/2026 04:26:54 AM INFO mip_v1 - print: 
04/26/2026 04:26:54 AM INFO mip_v1 - print: Order 61 → Factory 6
04/26/2026 04:26:54 AM INFO mip_v1 - print:   Machine 1: completion time = 30.15
04/26/2026 04:26:54 AM INFO mip_v1 - print:   Machine 2: completion time = 43.94
04/26/2026 04:26:54 AM INFO mip_v1 - print:   Machine 3: completion time = 59.96
04/26/2026 04:26:54 AM INFO mip_v1 - print:   Delivery: 64.46 (Deadline: 81.40, Delay: 0.00)
04/26/2026 04:26:54 AM INFO mip_v1 - print: 
04/26/2026 04:26:54 AM INFO mip_v1 - print: Order 62 → Factory 5
04/26/2026 04:26:54 AM INFO mip_v1 - print:   Machine 1: completion time = 10.04
04/26/2026 04:26:54 AM INFO mip_v1 - print:   Machine 2: completion time = 18.17
04/26/2026 04:26:54 AM INFO mip_v1 - print:   Machine 3: completion time = 27.12
04/26/2026 04:26:54 AM INFO mip_v1 - print:   Delivery: 31.52 (Deadline: 64.60, Delay: 0.00)
04/26/2026 04:26:54 AM INFO mip_v1 - print: 
04/26/2026 04:26:54 AM INFO mip_v1 - print: Order 63 → Factory 3
04/26/2026 04:26:54 AM INFO mip_v1 - print:   Machine 1: completion time = 21.05
04/26/2026 04:26:54 AM INFO mip_v1 - print:   Machine 2: completion time = 37.40
04/26/2026 04:26:54 AM INFO mip_v1 - print:   Machine 3: completion time = 55.92
04/26/2026 04:26:54 AM INFO mip_v1 - print:   Machine 4: completion time = 71.74
04/26/2026 04:26:54 AM INFO mip_v1 - print:   Delivery: 76.84 (Deadline: 86.10, Delay: 0.00)
04/26/2026 04:26:54 AM INFO mip_v1 - print: 
04/26/2026 04:26:54 AM INFO mip_v1 - print: Order 64 → Factory 2
04/26/2026 04:26:54 AM INFO mip_v1 - print:   Machine 1: completion time = 71.23
04/26/2026 04:26:54 AM INFO mip_v1 - print:   Machine 2: completion time = 77.52
04/26/2026 04:26:54 AM INFO mip_v1 - print:   Machine 3: completion time = 84.73
04/26/2026 04:26:54 AM INFO mip_v1 - print:   Machine 4: completion time = 90.40
04/26/2026 04:26:54 AM INFO mip_v1 - print:   Machine 5: completion time = 97.21
04/26/2026 04:26:54 AM INFO mip_v1 - print:   Delivery: 103.61 (Deadline: 127.30, Delay: 0.00)
04/26/2026 04:26:54 AM INFO mip_v1 - print: 
04/26/2026 04:26:54 AM INFO mip_v1 - print: Order 66 → Factory 6
04/26/2026 04:26:54 AM INFO mip_v1 - print:   Machine 1: completion time = 49.00
04/26/2026 04:26:54 AM INFO mip_v1 - print:   Machine 2: completion time = 65.48
04/26/2026 04:26:54 AM INFO mip_v1 - print:   Machine 3: completion time = 80.37
04/26/2026 04:26:54 AM INFO mip_v1 - print:   Delivery: 82.07 (Deadline: 80.90, Delay: 1.17)
04/26/2026 04:26:54 AM INFO mip_v1 - print: 
04/26/2026 04:26:54 AM INFO mip_v1 - print: Order 67 → Factory 3
04/26/2026 04:26:54 AM INFO mip_v1 - print:   Machine 1: completion time = 68.66
04/26/2026 04:26:54 AM INFO mip_v1 - print:   Machine 2: completion time = 76.44
04/26/2026 04:26:54 AM INFO mip_v1 - print:   Machine 3: completion time = 93.41
04/26/2026 04:26:54 AM INFO mip_v1 - print:   Machine 4: completion time = 104.93
04/26/2026 04:26:54 AM INFO mip_v1 - print:   Delivery: 108.73 (Deadline: 109.90, Delay: 0.00)
04/26/2026 04:26:54 AM INFO mip_v1 - print: 
04/26/2026 04:26:54 AM INFO mip_v1 - print: Order 68 → Factory 3
04/26/2026 04:26:54 AM INFO mip_v1 - print:   Machine 1: completion time = 95.29
04/26/2026 04:26:54 AM INFO mip_v1 - print:   Machine 2: completion time = 108.36
04/26/2026 04:26:54 AM INFO mip_v1 - print:   Machine 3: completion time = 127.35
04/26/2026 04:26:54 AM INFO mip_v1 - print:   Machine 4: completion time = 139.73
04/26/2026 04:26:54 AM INFO mip_v1 - print:   Delivery: 141.83 (Deadline: 139.80, Delay: 2.03)
04/26/2026 04:26:54 AM INFO mip_v1 - print: 
04/26/2026 04:26:54 AM INFO mip_v1 - print: Order 69 → Factory 7
04/26/2026 04:26:54 AM INFO mip_v1 - print:   Machine 1: completion time = 55.06
04/26/2026 04:26:54 AM INFO mip_v1 - print:   Machine 2: completion time = 60.93
04/26/2026 04:26:54 AM INFO mip_v1 - print:   Machine 3: completion time = 71.49
04/26/2026 04:26:54 AM INFO mip_v1 - print:   Machine 4: completion time = 82.47
04/26/2026 04:26:54 AM INFO mip_v1 - print:   Machine 5: completion time = 90.90
04/26/2026 04:26:54 AM INFO mip_v1 - print:   Delivery: 91.50 (Deadline: 91.50, Delay: 0.00)
04/26/2026 04:26:54 AM INFO mip_v1 - print: 
04/26/2026 04:26:54 AM INFO mip_v1 - print: Order 70 → Factory 2
04/26/2026 04:26:54 AM INFO mip_v1 - print:   Machine 1: completion time = 76.69
04/26/2026 04:26:54 AM INFO mip_v1 - print:   Machine 2: completion time = 83.54
04/26/2026 04:26:54 AM INFO mip_v1 - print:   Machine 3: completion time = 91.43
04/26/2026 04:26:54 AM INFO mip_v1 - print:   Machine 4: completion time = 96.76
04/26/2026 04:26:54 AM INFO mip_v1 - print:   Machine 5: completion time = 103.20
04/26/2026 04:26:54 AM INFO mip_v1 - print:   Delivery: 106.50 (Deadline: 113.40, Delay: 0.00)
04/26/2026 04:26:54 AM INFO mip_v1 - print: 
04/26/2026 04:26:54 AM INFO mip_v1 - print: ------------------------------------------------------------
04/26/2026 04:26:54 AM INFO mip_v1 - print: COST BREAKDOWN
04/26/2026 04:26:54 AM INFO mip_v1 - print: ------------------------------------------------------------
04/26/2026 04:26:54 AM INFO mip_v1 - print: Total Revenue:          +    57875.00
04/26/2026 04:26:54 AM INFO mip_v1 - print: Production Cost:        -    24059.37
04/26/2026 04:26:54 AM INFO mip_v1 - print: Transport Cost:         -    10473.75
04/26/2026 04:26:54 AM INFO mip_v1 - print: Delay Penalty:          -      341.03
04/26/2026 04:26:54 AM INFO mip_v1 - print: ------------------------------------------------------------
04/26/2026 04:26:54 AM INFO mip_v1 - print: Total Profit:           =    23000.85
