04/29/2026 12:15:15 AM INFO mip_v1 - setup_solver_logging: ================================================================================
04/29/2026 12:15:15 AM INFO mip_v1 - setup_solver_logging: Logging started. Log file: D:\Project_Code\Paper\DP_LBBD_1\DP_lbbd\Algorithm\Results\mip_v1\small\exp_3f_15j_seed1\log\exp_3f_15j_seed1_running.log
04/29/2026 12:15:15 AM INFO mip_v1 - print: BigM calculated: 122.1
04/29/2026 12:15:15 AM INFO mip_v1 - print: Adding variables...
04/29/2026 12:15:15 AM INFO mip_v1 - print: Total variables: 2340
04/29/2026 12:15:15 AM INFO mip_v1 - print: Adding constraints...
04/29/2026 12:15:15 AM INFO mip_v1 - print: Total constraints: 4675
04/29/2026 12:15:15 AM INFO mip_v1 - print: Setting objective function...
04/29/2026 12:15:15 AM INFO mip_v1 - print: 
04/29/2026 12:15:15 AM INFO mip_v1 - print: ✓ Model LP written to: D:\Project_Code\Paper\DP_LBBD_1\DP_lbbd\Algorithm\MIP\production_model.lp
04/29/2026 12:15:15 AM INFO mip_v1 - print: 
04/29/2026 12:15:15 AM INFO mip_v1 - print: ============================================================
04/29/2026 12:15:15 AM INFO mip_v1 - print: Starting optimization...
04/29/2026 12:15:15 AM INFO mip_v1 - print: ============================================================
04/29/2026 12:15:15 AM INFO mip_v1 - print: Gurobi native log file: D:\Project_Code\Paper\DP_LBBD_1\DP_lbbd\Algorithm\Results\mip_v1\small\exp_3f_15j_seed1\log\exp_3f_15j_seed1_gurobi.log
04/29/2026 12:15:20 AM INFO mip_v1 - print: 
04/29/2026 12:15:20 AM INFO mip_v1 - print: ============================================================
04/29/2026 12:15:20 AM INFO mip_v1 - print: SOLUTION SUMMARY
04/29/2026 12:15:20 AM INFO mip_v1 - print: ============================================================
04/29/2026 12:15:20 AM INFO mip_v1 - print: ✓ Optimal solution found!
04/29/2026 12:15:20 AM INFO mip_v1 - print: 
04/29/2026 12:15:20 AM INFO mip_v1 - print: Objective Value (Total Profit): 5627.11
04/29/2026 12:15:20 AM INFO mip_v1 - print: MIP Gap: 0.00%
04/29/2026 12:15:20 AM INFO mip_v1 - print: 
04/29/2026 12:15:20 AM INFO mip_v1 - print: 📋 Accepted Orders (10/15): [1, 2, 3, 4, 5, 7, 8, 9, 10, 12]
04/29/2026 12:15:20 AM INFO mip_v1 - print: 
04/29/2026 12:15:20 AM INFO mip_v1 - print: ------------------------------------------------------------
04/29/2026 12:15:20 AM INFO mip_v1 - print: ORDER ALLOCATION DETAILS
04/29/2026 12:15:20 AM INFO mip_v1 - print: ------------------------------------------------------------
04/29/2026 12:15:20 AM INFO mip_v1 - print: 
04/29/2026 12:15:20 AM INFO mip_v1 - print: Order 1 → Factory 2
04/29/2026 12:15:20 AM INFO mip_v1 - print:   Machine 1: completion time = 18.74
04/29/2026 12:15:20 AM INFO mip_v1 - print:   Machine 2: completion time = 28.16
04/29/2026 12:15:20 AM INFO mip_v1 - print:   Machine 3: completion time = 37.02
04/29/2026 12:15:20 AM INFO mip_v1 - print:   Delivery: 40.02 (Deadline: 52.50, Delay: 0.00)
04/29/2026 12:15:20 AM INFO mip_v1 - print: 
04/29/2026 12:15:20 AM INFO mip_v1 - print: Order 2 → Factory 1
04/29/2026 12:15:20 AM INFO mip_v1 - print:   Machine 1: completion time = 24.87
04/29/2026 12:15:20 AM INFO mip_v1 - print:   Machine 2: completion time = 41.25
04/29/2026 12:15:20 AM INFO mip_v1 - print:   Machine 3: completion time = 54.55
04/29/2026 12:15:20 AM INFO mip_v1 - print:   Machine 4: completion time = 66.41
04/29/2026 12:15:20 AM INFO mip_v1 - print:   Delivery: 68.01 (Deadline: 67.50, Delay: 0.51)
04/29/2026 12:15:20 AM INFO mip_v1 - print: 
04/29/2026 12:15:20 AM INFO mip_v1 - print: Order 3 → Factory 3
04/29/2026 12:15:20 AM INFO mip_v1 - print:   Machine 1: completion time = 16.92
04/29/2026 12:15:20 AM INFO mip_v1 - print:   Machine 2: completion time = 30.51
04/29/2026 12:15:20 AM INFO mip_v1 - print:   Machine 3: completion time = 41.77
04/29/2026 12:15:20 AM INFO mip_v1 - print:   Delivery: 46.27 (Deadline: 58.40, Delay: 0.00)
04/29/2026 12:15:20 AM INFO mip_v1 - print: 
04/29/2026 12:15:20 AM INFO mip_v1 - print: Order 4 → Factory 2
04/29/2026 12:15:20 AM INFO mip_v1 - print:   Machine 1: completion time = 27.77
04/29/2026 12:15:20 AM INFO mip_v1 - print:   Machine 2: completion time = 38.57
04/29/2026 12:15:20 AM INFO mip_v1 - print:   Machine 3: completion time = 48.62
04/29/2026 12:15:20 AM INFO mip_v1 - print:   Delivery: 51.62 (Deadline: 62.10, Delay: 0.00)
04/29/2026 12:15:20 AM INFO mip_v1 - print: 
04/29/2026 12:15:20 AM INFO mip_v1 - print: Order 5 → Factory 1
04/29/2026 12:15:20 AM INFO mip_v1 - print:   Machine 1: completion time = 12.73
04/29/2026 12:15:20 AM INFO mip_v1 - print:   Machine 2: completion time = 25.84
04/29/2026 12:15:20 AM INFO mip_v1 - print:   Machine 3: completion time = 38.19
04/29/2026 12:15:20 AM INFO mip_v1 - print:   Machine 4: completion time = 48.44
04/29/2026 12:15:20 AM INFO mip_v1 - print:   Delivery: 50.64 (Deadline: 64.70, Delay: 0.00)
04/29/2026 12:15:20 AM INFO mip_v1 - print: 
04/29/2026 12:15:20 AM INFO mip_v1 - print: Order 7 → Factory 2
04/29/2026 12:15:20 AM INFO mip_v1 - print:   Machine 1: completion time = 11.72
04/29/2026 12:15:20 AM INFO mip_v1 - print:   Machine 2: completion time = 20.87
04/29/2026 12:15:20 AM INFO mip_v1 - print:   Machine 3: completion time = 29.47
04/29/2026 12:15:20 AM INFO mip_v1 - print:   Delivery: 34.37 (Deadline: 63.40, Delay: 0.00)
04/29/2026 12:15:20 AM INFO mip_v1 - print: 
04/29/2026 12:15:20 AM INFO mip_v1 - print: Order 8 → Factory 3
04/29/2026 12:15:20 AM INFO mip_v1 - print:   Machine 1: completion time = 29.35
04/29/2026 12:15:20 AM INFO mip_v1 - print:   Machine 2: completion time = 45.11
04/29/2026 12:15:20 AM INFO mip_v1 - print:   Machine 3: completion time = 57.81
04/29/2026 12:15:20 AM INFO mip_v1 - print:   Delivery: 61.41 (Deadline: 73.50, Delay: 0.00)
04/29/2026 12:15:20 AM INFO mip_v1 - print: 
04/29/2026 12:15:20 AM INFO mip_v1 - print: Order 9 → Factory 3
04/29/2026 12:15:20 AM INFO mip_v1 - print:   Machine 1: completion time = 43.11
04/29/2026 12:15:20 AM INFO mip_v1 - print:   Machine 2: completion time = 61.77
04/29/2026 12:15:20 AM INFO mip_v1 - print:   Machine 3: completion time = 75.48
04/29/2026 12:15:20 AM INFO mip_v1 - print:   Delivery: 82.08 (Deadline: 79.40, Delay: 2.68)
04/29/2026 12:15:20 AM INFO mip_v1 - print: 
04/29/2026 12:15:20 AM INFO mip_v1 - print: Order 10 → Factory 2
04/29/2026 12:15:20 AM INFO mip_v1 - print:   Machine 1: completion time = 39.57
04/29/2026 12:15:20 AM INFO mip_v1 - print:   Machine 2: completion time = 53.50
04/29/2026 12:15:20 AM INFO mip_v1 - print:   Machine 3: completion time = 66.85
04/29/2026 12:15:20 AM INFO mip_v1 - print:   Delivery: 69.25 (Deadline: 69.90, Delay: 0.00)
04/29/2026 12:15:20 AM INFO mip_v1 - print: 
04/29/2026 12:15:20 AM INFO mip_v1 - print: Order 12 → Factory 1
04/29/2026 12:15:20 AM INFO mip_v1 - print:   Machine 1: completion time = 42.63
04/29/2026 12:15:20 AM INFO mip_v1 - print:   Machine 2: completion time = 63.76
04/29/2026 12:15:20 AM INFO mip_v1 - print:   Machine 3: completion time = 83.50
04/29/2026 12:15:20 AM INFO mip_v1 - print:   Machine 4: completion time = 101.05
04/29/2026 12:15:20 AM INFO mip_v1 - print:   Delivery: 105.25 (Deadline: 103.20, Delay: 2.05)
04/29/2026 12:15:20 AM INFO mip_v1 - print: 
04/29/2026 12:15:20 AM INFO mip_v1 - print: ------------------------------------------------------------
04/29/2026 12:15:20 AM INFO mip_v1 - print: COST BREAKDOWN
04/29/2026 12:15:20 AM INFO mip_v1 - print: ------------------------------------------------------------
04/29/2026 12:15:20 AM INFO mip_v1 - print: Total Revenue:          +    14164.00
04/29/2026 12:15:20 AM INFO mip_v1 - print: Production Cost:        -     6269.21
04/29/2026 12:15:20 AM INFO mip_v1 - print: Transport Cost:         -     1921.00
04/29/2026 12:15:20 AM INFO mip_v1 - print: Delay Penalty:          -      346.68
04/29/2026 12:15:20 AM INFO mip_v1 - print: ------------------------------------------------------------
04/29/2026 12:15:20 AM INFO mip_v1 - print: Total Profit:           =     5627.11
