
Gurobi 10.0.1 (win64) logging started Wed Apr 29 01:58:38 2026

Set parameter LogFile to value "D:\Project_Code\Paper\DP_LBBD_1\DP_lbbd\Algorithm\Results\mip_v1\small\exp_3f_20j_seed4\log\exp_3f_20j_seed4_gurobi.log"
Set parameter LogToConsole to value 0
Gurobi Optimizer version 10.0.1 build v10.0.1rc0 (win64)

CPU model: Intel(R) Core(TM) Ultra 7 265KF, instruction set [SSE2|AVX|AVX2]
Thread count: 20 physical cores, 20 logical processors, using up to 20 threads

Optimize a model with 11439 rows, 5720 columns and 55118 nonzeros
Model fingerprint: 0x1f11d787
Variable types: 320 continuous, 5400 integer (5400 binary)
Coefficient statistics:
  Matrix range     [1e+00, 1e+02]
  Objective range  [5e+01, 3e+03]
  Bounds range     [1e+00, 1e+02]
  RHS range        [1e+00, 4e+02]
Found heuristic solution: objective -0.0000000
Presolve removed 6687 rows and 3324 columns
Presolve time: 0.08s
Presolved: 4752 rows, 2396 columns, 22646 nonzeros
Variable types: 208 continuous, 2188 integer (2188 binary)

Root relaxation: objective 1.337447e+04, 998 iterations, 0.02 seconds (0.05 work units)

    Nodes    |    Current Node    |     Objective Bounds      |     Work
 Expl Unexpl |  Obj  Depth IntInf | Incumbent    BestBd   Gap | It/Node Time

     0     0 13374.4735    0  250   -0.00000 13374.4735      -     -    0s
H    0     0                    4321.7229972 13374.4735   209%     -    0s
H    0     0                    6306.6705987 13374.4735   112%     -    0s
H    0     0                    6511.1847389 13317.0272   105%     -    0s
     0     0 13268.4713    0  316 6511.18474 13268.4713   104%     -    0s
H    0     0                    7328.4737899 13268.4713  81.1%     -    0s
H    0     0                    7540.3968886 13268.4713  76.0%     -    0s
     0     0 13268.4713    0  243 7540.39689 13268.4713  76.0%     -    0s
     0     0 13268.4713    0  231 7540.39689 13268.4713  76.0%     -    0s
     0     0 13268.4713    0  376 7540.39689 13268.4713  76.0%     -    0s
     0     0 13268.4713    0  398 7540.39689 13268.4713  76.0%     -    0s
     0     0 13268.4713    0  323 7540.39689 13268.4713  76.0%     -    0s
     0     0 13268.4713    0  331 7540.39689 13268.4713  76.0%     -    0s
     0     0 13268.4713    0  346 7540.39689 13268.4713  76.0%     -    0s
     0     0 13268.4713    0  301 7540.39689 13268.4713  76.0%     -    0s
     0     0 13268.4713    0  302 7540.39689 13268.4713  76.0%     -    0s
     0     0 13268.4713    0  314 7540.39689 13268.4713  76.0%     -    0s
     0     0 13268.4713    0  272 7540.39689 13268.4713  76.0%     -    0s
     0     0 13268.4713    0  278 7540.39689 13268.4713  76.0%     -    0s
     0     0 13067.5467    0  285 7540.39689 13067.5467  73.3%     -    0s
     0     0 12926.5189    0  238 7540.39689 12926.5189  71.4%     -    0s
     0     0 12926.5189    0  274 7540.39689 12926.5189  71.4%     -    0s
     0     0 12926.5189    0  207 7540.39689 12926.5189  71.4%     -    0s
     0     0 12926.5189    0  229 7540.39689 12926.5189  71.4%     -    0s
     0     0 12926.5189    0  250 7540.39689 12926.5189  71.4%     -    0s
     0     0 12926.5189    0  250 7540.39689 12926.5189  71.4%     -    0s
     0     0 12926.5189    0  290 7540.39689 12926.5189  71.4%     -    0s
     0     0 12884.6397    0  305 7540.39689 12884.6397  70.9%     -    0s
     0     0 12884.6397    0  257 7540.39689 12884.6397  70.9%     -    0s
     0     0 12884.6397    0  206 7540.39689 12884.6397  70.9%     -    0s
     0     0 12884.6397    0  205 7540.39689 12884.6397  70.9%     -    0s
     0     0 12884.6397    0  213 7540.39689 12884.6397  70.9%     -    0s
     0     0 12779.2540    0  198 7540.39689 12779.2540  69.5%     -    1s
     0     0 12779.2540    0  226 7540.39689 12779.2540  69.5%     -    1s
     0     0 12779.2540    0  239 7540.39689 12779.2540  69.5%     -    1s
     0     0 12779.2540    0  211 7540.39689 12779.2540  69.5%     -    1s
     0     0 12779.2540    0  266 7540.39689 12779.2540  69.5%     -    1s
     0     0 12779.2540    0  222 7540.39689 12779.2540  69.5%     -    1s
     0     0 12779.2540    0  204 7540.39689 12779.2540  69.5%     -    1s
     0     0 12779.2540    0  244 7540.39689 12779.2540  69.5%     -    1s
     0     0 12779.2540    0  221 7540.39689 12779.2540  69.5%     -    1s
     0     0 12763.4563    0  231 7540.39689 12763.4563  69.3%     -    1s
     0     0 12763.4563    0  239 7540.39689 12763.4563  69.3%     -    1s
     0     0 12763.4563    0  210 7540.39689 12763.4563  69.3%     -    1s
     0     0 12763.4563    0  220 7540.39689 12763.4563  69.3%     -    1s
     0     0 12763.4563    0  242 7540.39689 12763.4563  69.3%     -    1s
     0     0 12763.4563    0  232 7540.39689 12763.4563  69.3%     -    1s
     0     0 12763.4563    0  238 7540.39689 12763.4563  69.3%     -    1s
     0     0 12763.4563    0  257 7540.39689 12763.4563  69.3%     -    1s
     0     0 12763.4563    0  265 7540.39689 12763.4563  69.3%     -    1s
     0     0 12763.4563    0  247 7540.39689 12763.4563  69.3%     -    1s
     0     0 12763.4563    0  241 7540.39689 12763.4563  69.3%     -    1s
     0     0 12763.4563    0  221 7540.39689 12763.4563  69.3%     -    1s
     0     0 12763.4563    0  252 7540.39689 12763.4563  69.3%     -    1s
     0     0 12763.4563    0  257 7540.39689 12763.4563  69.3%     -    1s
     0     0 12763.4563    0  229 7540.39689 12763.4563  69.3%     -    2s
     0     2 12763.4563    0  183 7540.39689 12763.4563  69.3%     -    2s
H  790   686                    7914.5598104 12691.1592  60.4%  82.5    3s
  2341  1607 11834.5635   13  229 7914.55981 12690.6058  60.3%  54.0    5s
H 2461  1622                    7956.8913781 12408.0574  55.9%  16.4    7s
H 2511  1580                    8533.6066886 12398.8666  45.3%  18.6    8s
H 2513  1505                    8551.2166077 12398.8666  45.0%  18.7    8s
  2749  1538 11025.1962   34   98 8551.21661 12398.8666  45.0%  25.1   10s
H 3583  1605                    8551.2166088 12263.3377  43.4%  30.7   11s
 11085  4912 9692.11093   56   28 8551.21661 11579.9938  35.4%  31.9   15s
 16513  8155 11268.6064   36   85 8551.21661 11390.4882  33.2%  31.4   20s
 20934 10751 10732.1947   39  100 8551.21661 11376.3606  33.0%  30.5   25s
 26557 14573 11163.8296   47   62 8551.21661 11346.6972  32.7%  30.0   30s
 32688 18301 infeasible   46      8551.21661 11307.7759  32.2%  29.4   35s
 39164 22037 infeasible   51      8551.21661 11289.1349  32.0%  28.7   40s
 45741 25453 infeasible   59      8551.21661 11258.7523  31.7%  28.7   46s
 47745 25454 10656.5441   42  229 8551.21661 11244.4207  31.5%  28.7   51s
 47782 25479 9875.70370   55  121 8551.21661 11244.4207  31.5%  28.6   55s
 47816 25501 9690.65737   47   97 8551.21661 11244.4207  31.5%  28.6   60s
 47841 25518 10153.6922   44   92 8551.21661 11244.4207  31.5%  28.6   65s
 47864 25533 9949.71896   34  105 8551.21661 11244.4207  31.5%  28.6   70s
 47886 25548 10781.2196   46   77 8551.21661 11244.4207  31.5%  28.6   75s
 47906 25561 11024.0559   41   87 8551.21661 11244.4207  31.5%  28.6   80s
 47927 25575 10055.6512   35   96 8551.21661 11244.4207  31.5%  28.6   85s
 47951 25591 8673.31683   62  147 8551.21661 11244.4207  31.5%  28.5   90s
 47974 25607 9727.10670   52   99 8551.21661 11244.4207  31.5%  28.5   95s
 48998 25861 infeasible   62      8551.21661 11244.4207  31.5%  32.8  104s
 49028 25867 9139.08569   61   45 8551.21661 11244.4207  31.5%  32.9  105s
 53225 26778 9117.73584   59   53 8551.21661 11244.4207  31.5%  35.9  110s
 58280 27578     cutoff   66      8551.21661 11090.9754  29.7%  37.7  115s
 62597 28104 10364.0247   49  133 8551.21661 10984.0083  28.4%  38.8  120s
 68199 28682 9881.20111   59   82 8551.21661 10885.0208  27.3%  39.7  125s
 72892 29247     cutoff   52      8551.21661 10820.7114  26.5%  40.2  131s
 76717 29612 10063.6491   47  116 8551.21661 10770.9667  26.0%  40.6  136s
 80869 30205 10232.9659   50   83 8551.21661 10734.3827  25.5%  40.9  141s
 84369 30364 10502.7975   51  111 8551.21661 10715.9968  25.3%  41.0  145s
 89540 30972 10166.9054   48   99 8551.21661 10694.5139  25.1%  40.9  151s
 91293 30529 10637.2065   53   99 8551.21661 10688.8907  25.0%  40.9  155s
 93691 31388 10307.7370   55   68 8551.21661 10679.2007  24.9%  40.9  160s
 99351 32108 9603.29695   64   46 8551.21661 10662.5475  24.7%  40.8  167s
 101227 32520 infeasible   59      8551.21661 10656.3434  24.6%  40.8  170s
 105806 32803 9850.30631   53   75 8551.21661 10643.4535  24.5%  40.8  175s
 109645 33331 10513.5248   60   58 8551.21661 10635.3712  24.4%  40.7  180s
 113820 33870 9365.55209   57   69 8551.21661 10626.1675  24.3%  40.7  186s
 118164 34306 10065.8203   58   92 8551.21661 10616.9746  24.2%  40.7  191s
 120141 35037 9309.68120   57   36 8551.21661 10613.8489  24.1%  40.7  195s
*122658 33391              85    8594.6232691 10611.4478  23.5%  40.7  195s
 125592 35458 infeasible   72      8594.62327 10602.7449  23.4%  40.7  201s
 129688 37221 9707.67166   53   66 8594.62327 10592.9611  23.3%  40.7  207s
 131643 38213 9084.81984   63   47 8594.62327 10590.4961  23.2%  40.8  210s
 136446 40244 8880.75950   66   45 8594.62327 10582.6807  23.1%  40.7  216s
 138474 41200 10531.5809   53  100 8594.62327 10580.4473  23.1%  40.7  220s
 143201 43120 9098.36323   63   22 8594.62327 10571.1900  23.0%  40.7  227s
 145922 44263 9571.62313   62   46 8594.62327 10567.9417  23.0%  40.7  230s
 150594 45981 9376.57939   66   71 8594.62327 10559.6345  22.9%  40.7  236s
 154378 47636 10544.1942   55   86 8594.62327 10553.8952  22.8%  40.7  242s
 156920 48319 infeasible   59      8594.62327 10551.3288  22.8%  40.7  245s
 161112 50115 infeasible   81      8594.62327 10544.0822  22.7%  40.7  252s
 163055 51172 9629.37702   56   79 8594.62327 10541.3929  22.7%  40.7  255s
 167320 52893 9015.42943   56   78 8594.62327 10536.6479  22.6%  40.8  262s
 169804 53832 8685.87334   69   62 8594.62327 10534.3159  22.6%  40.8  266s
 172481 53876 10364.6699   62   89 8594.62327 10531.4377  22.5%  40.7  271s
 174704 55314 9424.67952   54   83 8594.62327 10528.9877  22.5%  40.7  277s
 176804 56220 9788.76551   57   89 8594.62327 10526.0920  22.5%  40.7  281s
 181216 58074 9065.78925   67   52 8594.62327 10521.5238  22.4%  40.7  287s
 183446 58634 infeasible   64      8594.62327 10518.4894  22.4%  40.7  291s
 187384 60588 9357.91891   66   57 8594.62327 10513.5230  22.3%  40.8  298s
 189453 61557 9047.97241   67   38 8594.62327 10510.6188  22.3%  40.8  301s
 191859 62552 10112.0953   58   71 8594.62327 10507.9192  22.3%  40.8  306s
 194556 63463 10303.2048   60   80 8594.62327 10504.4858  22.2%  40.8  310s
 198673 65076 9635.13476   58   59 8594.62327 10499.4620  22.2%  40.8  316s
 201085 65914 infeasible   66      8594.62327 10497.4822  22.1%  40.8  320s
 205429 67804 9065.60143   73   30 8594.62327 10493.4715  22.1%  40.8  327s
 207634 68671 9989.13266   60   67 8594.62327 10490.9151  22.1%  40.8  330s
 211834 70360 9113.20503   66   42 8594.62327 10486.6336  22.0%  40.7  337s
 214068 71265 10335.2847   60   98 8594.62327 10483.7554  22.0%  40.7  341s
 216276 71956 9722.09739   62   70 8594.62327 10481.5017  22.0%  40.7  345s
 220778 73849     cutoff   60      8594.62327 10476.4611  21.9%  40.8  353s
 223079 74916 infeasible   56      8594.62327 10473.7746  21.9%  40.8  358s
 225696 75747 9577.15549   55   72 8594.62327 10470.6617  21.8%  40.8  361s
 227968 76501 10364.7979   57  110 8594.62327 10467.8328  21.8%  40.8  365s
 232476 78234 10275.7964   50  103 8594.62327 10462.5567  21.7%  40.9  372s
 234508 79189 10074.2605   55   86 8594.62327 10459.9723  21.7%  40.9  376s
 237046 79935 9926.14428   57   56 8594.62327 10457.5968  21.7%  40.9  380s
 241078 80672 10181.9921   57   79 8594.62327 10455.1159  21.6%  40.9  385s
 244501 82300 infeasible   66      8594.62327 10451.5558  21.6%  40.8  392s
 246935 82970 infeasible   66      8594.62327 10449.4139  21.6%  40.8  396s
 248841 83689 8994.83708   72   34 8594.62327 10447.9639  21.6%  40.8  400s
 253320 85252 9393.92071   56   68 8594.62327 10443.4478  21.5%  40.8  407s
 255241 86132 9065.61686   74   40 8594.62327 10441.6269  21.5%  40.8  410s
 259933 87578 10338.2298   54   81 8594.62327 10437.6410  21.4%  40.8  418s
 261823 88309 8987.35435   61   65 8594.62327 10435.3798  21.4%  40.8  422s
 263999 89187 10079.5110   58  108 8594.62327 10433.2103  21.4%  40.8  426s
 266375 89923 9921.26359   54   55 8594.62327 10431.2050  21.4%  40.8  430s
 270648 91541 9425.65213   56  104 8594.62327 10426.5271  21.3%  40.8  437s
 272675 92381 10291.1381   54   95 8594.62327 10424.8717  21.3%  40.8  441s
 274966 93175 10120.9745   57   49 8594.62327 10421.9580  21.3%  40.8  445s
 279186 94718 9701.78186   60   59 8594.62327 10417.4203  21.2%  40.8  453s
 281476 95416 8859.13110   56   67 8594.62327 10415.2031  21.2%  40.8  457s
 283805 95975 infeasible   60      8594.62327 10413.2333  21.2%  40.8  460s
 288053 97504 10373.3897   51   75 8594.62327 10408.7845  21.1%  40.8  468s
 289922 98427 10030.8284   53   79 8594.62327 10407.1645  21.1%  40.8  473s
 293186 99325 9940.02089   51   93 8594.62327 10404.6827  21.1%  40.8  477s
 295549 99910 9127.77981   65   55 8594.62327 10402.7413  21.0%  40.8  480s
 299544 101312 10386.6486   50   84 8594.62327 10398.5417  21.0%  40.8  488s
 301356 102076 9300.00293   63   55 8594.62327 10396.8062  21.0%  40.8  492s
 303743 102656 10265.5823   62   60 8594.62327 10394.5861  20.9%  40.8  496s
 307197 103318 9450.71797   57  103 8594.62327 10392.3622  20.9%  40.8  500s
 309658 104809 9905.23378   54   71 8594.62327 10389.3982  20.9%  40.9  507s
 312241 105676 9617.43022   51  109 8594.62327 10387.5444  20.9%  40.9  512s
 314649 106218 10077.5091   53   54 8594.62327 10385.1965  20.8%  40.9  515s
 319165 107514 9314.66993   56   37 8594.62327 10382.3837  20.8%  40.8  523s
 320968 108170 9467.89212   61   56 8594.62327 10380.6222  20.8%  40.8  527s
 323090 108808     cutoff   60      8594.62327 10379.6094  20.8%  40.8  531s
 327228 110300 10118.8775   54   65 8594.62327 10376.0330  20.7%  40.8  538s
 329562 110903 9053.50937   58   60 8594.62327 10374.1986  20.7%  40.8  542s
 331426 111621 9688.34292   61  100 8594.62327 10372.6568  20.7%  40.8  546s
 333987 112165 9247.98999   62   41 8594.62327 10371.2228  20.7%  40.8  550s
 338185 113655 10200.1275   51   76 8594.62327 10367.3121  20.6%  40.8  558s
 340498 114247 10172.4490   62   57 8594.62327 10365.6761  20.6%  40.8  561s
 342246 115111 9461.64425   61   48 8594.62327 10363.7585  20.6%  40.8  565s
 346436 116497 10340.4755   61   82 8594.62327 10360.8440  20.6%  40.8  573s
 348741 117089 8952.33730   54   75 8594.62327 10359.1088  20.5%  40.8  576s
 350666 117839 9810.34802   63   73 8594.62327 10357.6825  20.5%  40.8  580s
 354832 118625 10135.7639   58   74 8594.62327 10355.5738  20.5%  40.8  585s
 357398 120005 infeasible   74      8594.62327 10352.9779  20.5%  40.8  592s
 359809 120718 9340.10129   56   58 8594.62327 10351.0794  20.4%  40.8  595s
 361846 121504 9768.28281   59   42 8594.62327 10349.3823  20.4%  40.8  600s
 366791 123231 9884.43694   65   59 8594.62327 10345.7180  20.4%  40.8  608s
 368988 123993 9712.22655   54   51 8594.62327 10344.8123  20.4%  40.8  611s
 371474 124601 9230.35633   67   42 8594.62327 10343.0362  20.3%  40.8  615s
 375916 126040 9872.02855   59   53 8594.62327 10340.8077  20.3%  40.8  623s
 378138 126598 8994.64396   60   65 8594.62327 10339.0200  20.3%  40.8  626s
 380015 127283 9785.41285   54   66 8594.62327 10337.5552  20.3%  40.8  630s
 384307 128661 9296.93577   73   53 8594.62327 10334.4015  20.2%  40.8  638s
 386758 129173 9963.16438   71   37 8594.62327 10332.4225  20.2%  40.8  642s
 388453 129836 9966.37249   61   74 8594.62327 10332.3947  20.2%  40.8  646s
 390539 130560 9812.57821   54   88 8594.62327 10330.5032  20.2%  40.8  650s
 395102 131903 infeasible   64      8594.62327 10327.7705  20.2%  40.8  658s
 397379 132606 10254.6211   54   81 8594.62327 10325.9469  20.1%  40.8  662s
 399714 133088 8978.31551   65   46 8594.62327 10323.9125  20.1%  40.7  666s
 401554 133776 9638.55269   68   35 8594.62327 10322.3967  20.1%  40.7  670s
 406197 135176 10209.3834   56   77 8594.62327 10319.7393  20.1%  40.7  678s
 408495 135771 10252.5977   60   92 8594.62327 10317.9236  20.1%  40.7  683s
 410406 136533 infeasible   63      8594.62327 10316.5541  20.0%  40.7  687s
 412939 137039 infeasible   58      8594.62327 10315.0001  20.0%  40.7  692s
 415014 137753 9986.32295   60   76 8594.62327 10313.5991  20.0%  40.7  696s
 417640 138242 9718.32004   61   43 8594.62327 10311.9438  20.0%  40.7  700s
 421680 139506 9044.43618   74   53 8594.62327 10308.8717  19.9%  40.7  708s
 423629 140286 9523.13337   53   94 8594.62327 10307.4533  19.9%  40.8  712s
 426065 140949 9823.83874   57   46 8594.62327 10305.6522  19.9%  40.8  716s
 428120 141705 8870.56654   74   35 8594.62327 10304.2362  19.9%  40.8  721s
 430511 142298 10202.2954   60   52 8594.62327 10302.5990  19.9%  40.8  725s
 434869 143688     cutoff   61      8594.62327 10299.8624  19.8%  40.8  733s
 437067 144244 10094.6356   62   46 8594.62327 10298.2090  19.8%  40.8  737s
 438866 144937 9634.81347   58   41 8594.62327 10296.7821  19.8%  40.8  741s
 440912 145412 infeasible   63      8594.62327 10295.5307  19.8%  40.8  745s
 445344 146584 infeasible   56      8594.62327 10292.4193  19.8%  40.8  753s
 447254 147354 9013.30130   55   67 8594.62327 10290.7940  19.7%  40.8  757s
 449514 147941 9247.21343   64   35 8594.62327 10289.4133  19.7%  40.7  761s
 451466 148630 10178.7784   63   58 8594.62327 10287.9062  19.7%  40.7  766s
 453721 149250     cutoff   67      8594.62327 10286.1790  19.7%  40.8  770s
 457658 150550 9636.29832   60   50 8594.62327 10282.5687  19.6%  40.8  778s
 460057 151326 9554.47066   58   44 8594.62327 10281.0978  19.6%  40.8  783s
 462390 152010 9539.61989   64   76 8594.62327 10279.7747  19.6%  40.8  787s
 464822 152614 9558.42187   62   65 8594.62327 10278.0798  19.6%  40.8  792s
 466796 153557 infeasible   74      8594.62327 10276.5745  19.6%  40.8  796s
 469389 154240 9270.09809   66   45 8594.62327 10275.4234  19.6%  40.8  801s
 471528 154863 9718.32004   61   62 8594.62327 10274.5828  19.5%  40.8  806s
 473988 155678     cutoff   58      8594.62327 10273.2622  19.5%  40.8  810s
 477928 156180 9472.46083   65   54 8594.62327 10271.6763  19.5%  40.8  815s
 480730 157331 10237.4572   58   80 8594.62327 10269.8571  19.5%  40.8  823s
 482728 158286     cutoff   60      8594.62327 10268.2031  19.5%  40.8  828s
 485509 158832 10023.8699   52   68 8594.62327 10266.7994  19.5%  40.8  832s
 487366 159500 8963.75159   65   67 8594.62327 10265.9467  19.4%  40.8  837s
 489835 160180 9837.20069   62   44 8594.62327 10264.3749  19.4%  40.7  841s
 492045 160720 8994.80760   58   27 8594.62327 10262.7842  19.4%  40.7  845s
 496075 161834 9470.73691   56   68 8594.62327 10260.5458  19.4%  40.8  854s
 498206 162432 infeasible   54      8594.62327 10259.5233  19.4%  40.7  858s
 500557 162917 9339.93886   59   67 8594.62327 10258.1049  19.4%  40.7  862s
 502455 163454 9312.18323   51   64 8594.62327 10256.8796  19.3%  40.8  867s
 504279 164136 9915.53800   59   70 8594.62327 10255.3202  19.3%  40.8  871s
 506475 164970 9639.49260   58   92 8594.62327 10254.4271  19.3%  40.7  876s
 508862 165545 9562.65829   53   54 8594.62327 10253.3228  19.3%  40.7  880s
 511103 165993 9464.15862   56   46 8594.62327 10251.8221  19.3%  40.7  885s
 515378 167389 infeasible   58      8594.62327 10248.9153  19.2%  40.7  894s
 517164 168301 9343.58942   71   47 8594.62327 10248.0280  19.2%  40.7  899s
 519660 168954 9560.94966   52   72 8594.62327 10246.7395  19.2%  40.7  904s
 521692 169555 8814.40935   74   33 8594.62327 10245.6750  19.2%  40.7  908s
 523585 170096 infeasible   67      8594.62327 10244.6920  19.2%  40.7  912s
 525523 170990 9505.33096   61   94 8594.62327 10243.4251  19.2%  40.7  917s
 528093 171650     cutoff   64      8594.62327 10242.2163  19.2%  40.7  922s
 530096 172446 10090.9594   54   80 8594.62327 10241.4746  19.2%  40.7  927s
 532524 173022 9395.85447   64   74 8594.62327 10240.0895  19.1%  40.7  932s
 534923 173723 9108.02802   53   50 8594.62327 10238.9341  19.1%  40.7  936s
 537281 174232 8715.02962   54   84 8594.62327 10237.7702  19.1%  40.7  941s
 539109 174986 10022.3364   61   87 8594.62327 10236.6724  19.1%  40.7  945s
 543510 176325 9199.67009   68   24 8594.62327 10234.2818  19.1%  40.7  953s
 545907 176884 8955.99730   62   67 8594.62327 10233.0611  19.1%  40.7  958s
 547836 177630 9643.52923   58   69 8594.62327 10231.8109  19.0%  40.7  963s
 550278 178162 9184.18446   66   40 8594.62327 10230.6087  19.0%  40.7  967s
 552128 178800     cutoff   79      8594.62327 10230.1676  19.0%  40.7  972s
 554408 179273     cutoff   64      8594.62327 10228.5710  19.0%  40.7  976s
 556334 179914 9712.20394   61   65 8594.62327 10227.5468  19.0%  40.7  982s
 558866 180743 9134.96654   61   53 8594.62327 10226.5298  19.0%  40.7  986s
 561158 181383 infeasible   52      8594.62327 10225.4337  19.0%  40.7  991s
 563102 181946 10020.8469   61   37 8594.62327 10224.6333  19.0%  40.7  995s
 565550 182465 infeasible   69      8594.62327 10223.6153  19.0%  40.7 1000s
 569347 183631 10048.1242   59  112 8594.62327 10221.5048  18.9%  40.7 1009s
 571443 184267 8974.51039   59   49 8594.62327 10220.5504  18.9%  40.7 1013s
 573751 184921 9766.12039   58  106 8594.62327 10219.1234  18.9%  40.7 1018s
 575979 185484 9932.62307   55   75 8594.62327 10218.0097  18.9%  40.7 1022s
 577904 186351 9120.14229   66   57 8594.62327 10216.9760  18.9%  40.7 1028s
 580468 186855 9719.62876   61   51 8594.62327 10215.5763  18.9%  40.7 1032s
 582503 187454 9152.41218   69   38 8594.62327 10214.5690  18.8%  40.7 1037s
 584750 188173 9466.36586   63   62 8594.62327 10213.5869  18.8%  40.7 1042s
 587294 188730 9229.16238   66   46 8594.62327 10212.3740  18.8%  40.7 1047s
 589526 189399 infeasible   64      8594.62327 10211.1310  18.8%  40.7 1051s
 591580 190159     cutoff   61      8594.62327 10210.2316  18.8%  40.7 1056s
 594087 190740 9364.28290   57   84 8594.62327 10209.2620  18.8%  40.7 1061s
 596133 191383 infeasible   73      8594.62327 10208.4254  18.8%  40.7 1065s
 598263 191985 8950.81559   66   25 8594.62327 10207.3418  18.8%  40.7 1070s
 600210 192716 9459.25535   53   35 8594.62327 10206.2726  18.8%  40.7 1075s
 604148 193622 9026.28048   53   77 8594.62327 10204.3375  18.7%  40.7 1084s
 606072 194131 9837.52399   50   78 8594.62327 10203.4600  18.7%  40.7 1089s
 608282 195020 9336.75045   68   52 8594.62327 10202.3297  18.7%  40.8 1094s
 610952 195681 9380.80573   69   52 8594.62327 10200.9255  18.7%  40.8 1099s
 613070 196301 9916.18948   67   69 8594.62327 10199.9783  18.7%  40.8 1104s
 615272 197040 9814.17822   58   49 8594.62327 10198.8593  18.7%  40.8 1110s
 617540 197727 9444.25430   53   50 8594.62327 10197.9628  18.7%  40.8 1115s
 622179 198965 9638.33478   55   84 8594.62327 10195.6675  18.6%  40.8 1124s
 624248 199637     cutoff   58      8594.62327 10194.7009  18.6%  40.8 1129s
 626435 200162 9456.69847   67   35 8594.62327 10193.5133  18.6%  40.8 1133s
 628274 200822 9910.14422   63   66 8594.62327 10192.7430  18.6%  40.8 1138s
 630539 201393 9059.43358   62   71 8594.62327 10191.6851  18.6%  40.8 1143s
 632742 202130 9537.52405   66   49 8594.62327 10190.8526  18.6%  40.8 1148s
 635298 202749 9730.66130   57   73 8594.62327 10189.6159  18.6%  40.8 1152s
 637304 203480 9209.07207   60   64 8594.62327 10188.7197  18.5%  40.9 1157s
 639778 203980 9574.22411   58   83 8594.62327 10187.6838  18.5%  40.9 1161s
 641658 204066 9373.23497   51  105 8594.62327 10186.5070  18.5%  40.9 1169s
 641921 204761 8933.00857   53   84 8594.62327 10186.3828  18.5%  40.9 1174s
 644250 205331 infeasible   52      8594.62327 10185.1892  18.5%  40.9 1178s
 646487 205854 9526.49228   61   49 8594.62327 10184.2425  18.5%  40.9 1183s
 648481 206524 9913.99472   53   95 8594.62327 10183.3847  18.5%  40.9 1187s
 650505 207125 9442.66745   63   45 8594.62327 10182.2661  18.5%  40.9 1192s
 652837 207767 9069.52602   70   45 8594.62327 10181.3261  18.5%  40.9 1197s
 655149 208345 9107.74475   58   85 8594.62327 10180.4610  18.5%  40.9 1202s
 657455 208939 9539.33551   61   28 8594.62327 10179.1241  18.4%  40.9 1206s
 659830 209500 9718.80866   55   49 8594.62327 10178.0197  18.4%  40.9 1211s
 661767 210171 9614.58018   64   48 8594.62327 10177.0700  18.4%  40.9 1215s
 664115 210785 9493.13165   65   50 8594.62327 10176.0826  18.4%  40.9 1220s
 668821 211870 8783.01325   75   27 8594.62327 10174.5228  18.4%  40.9 1228s
 670882 212297 infeasible   60      8594.62327 10173.9939  18.4%  40.9 1233s
 672842 212775 9990.22353   66   54 8594.62327 10173.0799  18.4%  40.9 1237s
 674804 213258 9653.32925   60   71 8594.62327 10172.0764  18.4%  41.0 1242s
 677105 213928 infeasible   80      8594.62327 10171.2137  18.3%  41.0 1246s
 679700 214438 9668.91550   58   75 8594.62327 10170.1807  18.3%  41.0 1251s
 681882 214904 9042.30112   55   83 8594.62327 10169.3538  18.3%  41.0 1255s
 685752 215808 10082.0327   54   95 8594.62327 10167.5287  18.3%  41.0 1264s
 687870 216415 9364.70478   58   45 8594.62327 10166.6014  18.3%  41.0 1269s
 690098 216917     cutoff   68      8594.62327 10165.6518  18.3%  41.0 1274s
 692227 217658 9554.51192   60   43 8594.62327 10164.5336  18.3%  41.0 1278s
 694662 218200 infeasible   65      8594.62327 10163.2959  18.3%  41.0 1283s
 696625 218765 8933.85643   62   67 8594.62327 10162.4539  18.2%  41.0 1287s
 698932 219332 9702.63971   57   59 8594.62327 10161.6404  18.2%  41.0 1292s
 700567 219978 9212.35862   60   73 8594.62327 10160.7842  18.2%  41.0 1296s
 703114 220529 10071.7557   60   63 8594.62327 10159.8181  18.2%  41.0 1301s
 705180 221162 9365.18242   54   26 8594.62327 10158.6867  18.2%  41.0 1306s
 707877 221649 9225.00112   61   57 8594.62327 10157.7605  18.2%  41.0 1310s
 709904 222401 9768.65871   60   91 8594.62327 10156.4921  18.2%  41.0 1315s
 714398 223618 10051.3248   60   63 8594.62327 10154.4759  18.1%  41.1 1324s
 716664 224196     cutoff   60      8594.62327 10153.2893  18.1%  41.1 1329s
 718852 224858 10134.6157   50   75 8594.62327 10152.8635  18.1%  41.1 1333s
 721252 225224 10080.8879   53   80 8594.62327 10151.4575  18.1%  41.1 1338s
 723171 225866 infeasible   61      8594.62327 10150.5966  18.1%  41.1 1343s
 725636 226510     cutoff   60      8594.62327 10149.3879  18.1%  41.1 1348s
 727813 227177 9199.67009   64   34 8594.62327 10148.5710  18.1%  41.1 1353s
 730199 227743 10041.0919   56   82 8594.62327 10147.7079  18.1%  41.1 1358s
 732206 228366 8972.29197   57   41 8594.62327 10146.6393  18.1%  41.1 1362s
 734662 228929 infeasible   65      8594.62327 10145.6471  18.0%  41.1 1367s
 736774 229442     cutoff   71      8594.62327 10144.8570  18.0%  41.1 1372s
 739093 230031 9504.81908   61   38 8594.62327 10144.1397  18.0%  41.1 1377s
 741291 230651 8919.89961   65   31 8594.62327 10143.1085  18.0%  41.1 1381s
 743728 231128 9129.76766   63   36 8594.62327 10142.0959  18.0%  41.1 1386s
 745547 231695 9249.56795   65   56 8594.62327 10141.1573  18.0%  41.1 1391s
 747887 232078 9608.13384   59   64 8594.62327 10140.2752  18.0%  41.1 1395s
 751974 233235 10039.2699   61   49 8594.62327 10138.8316  18.0%  41.1 1404s
 754039 233809 8956.85845   69   40 8594.62327 10137.8830  18.0%  41.1 1408s
 756375 234356 9169.08818   64   74 8594.62327 10137.1966  17.9%  41.2 1413s
 758524 234926 9093.20353   67   57 8594.62327 10136.2215  17.9%  41.2 1418s
 761070 235355     cutoff   67      8594.62327 10135.1204  17.9%  41.2 1423s
 763022 236024 infeasible   58      8594.62327 10134.1242  17.9%  41.2 1427s
 765339 236535 infeasible   72      8594.62327 10133.3024  17.9%  41.2 1432s
 767395 237216 10015.1178   58  100 8594.62327 10132.3053  17.9%  41.2 1437s
 769735 237775 9974.97169   54   82 8594.62327 10131.3295  17.9%  41.2 1442s
 771703 238454 9328.31119   66   50 8594.62327 10130.5052  17.9%  41.2 1447s
 774409 238986 infeasible   70      8594.62327 10129.4481  17.9%  41.2 1451s
 776410 239593 9374.60859   68   39 8594.62327 10128.4148  17.8%  41.2 1456s
 778706 240066 9879.29789   64   58 8594.62327 10127.4860  17.8%  41.2 1461s
 780730 240690 8990.01190   56  103 8594.62327 10126.6083  17.8%  41.2 1466s
 783141 241109 9181.10086   65   40 8594.62327 10125.6825  17.8%  41.2 1470s
 785202 241830 9935.30473   61   49 8594.62327 10124.8112  17.8%  41.2 1475s
 789021 242691 9381.25061   62   57 8594.62327 10123.3985  17.8%  41.2 1484s
 791433 243272 9786.37573   54   75 8594.62327 10122.8795  17.8%  41.2 1489s
 793839 243758 9702.98710   60   88 8594.62327 10121.6022  17.8%  41.2 1493s
 795745 244421 infeasible   62      8594.62327 10120.8311  17.8%  41.3 1499s
 798301 244962 9731.69859   58   63 8594.62327 10119.7682  17.7%  41.3 1504s
 800380 245763 9968.76233   60   72 8594.62327 10118.7871  17.7%  41.3 1509s
 803033 246305 9622.23840   59   43 8594.62327 10117.9422  17.7%  41.3 1513s
 805072 246915 9919.38452   64   69 8594.62327 10117.1008  17.7%  41.3 1518s
 807410 247373 9499.56496   59   74 8594.62327 10116.0222  17.7%  41.3 1523s
 809543 247926 9351.22564   55   78 8594.62327 10115.0501  17.7%  41.3 1528s
 811647 248381 9791.46016   61   66 8594.62327 10114.1720  17.7%  41.3 1533s
 813556 248936 9216.70441   58   51 8594.62327 10113.3438  17.7%  41.3 1538s
 815422 249645 infeasible   64      8594.62327 10112.6272  17.7%  41.3 1543s
 817864 250075 infeasible   66      8594.62327 10111.5042  17.6%  41.3 1547s
 819777 250806 10043.7936   54   80 8594.62327 10110.6430  17.6%  41.3 1553s
 822474 251189 9621.24180   58   70 8594.62327 10109.6056  17.6%  41.3 1558s
 824097 251841 9597.45761   60   62 8594.62327 10108.8293  17.6%  41.3 1563s
 826829 252335 infeasible   69      8594.62327 10108.0132  17.6%  41.3 1567s
 828503 252844 infeasible   75      8594.62327 10107.2629  17.6%  41.4 1572s
 830679 253471 9134.00707   64   59 8594.62327 10106.4083  17.6%  41.3 1577s
 833167 254091 9991.79084   53  112 8594.62327 10105.2373  17.6%  41.4 1583s
 835359 254693 9826.32934   57   83 8594.62327 10104.5196  17.6%  41.4 1588s
 837670 255277 10038.9264   56   61 8594.62327 10103.3249  17.6%  41.4 1593s
 839623 255786 9718.27914   58   79 8594.62327 10102.6366  17.5%  41.4 1598s
 841879 256314 infeasible   72      8594.62327 10101.5548  17.5%  41.4 1603s
 843866 256929 10051.6770   63   69 8594.62327 10100.8018  17.5%  41.4 1608s
 846489 257472 9162.36756   63   63 8594.62327 10099.8976  17.5%  41.4 1613s
 848787 257972 9149.10667   58   48 8594.62327 10099.2962  17.5%  41.4 1617s
 851136 258504 9432.90531   52   90 8594.62327 10098.3536  17.5%  41.4 1623s
 853179 259122     cutoff   55      8594.62327 10097.3762  17.5%  41.4 1628s
 855494 259623 8824.54871   69   33 8594.62327 10096.4639  17.5%  41.4 1632s
 857435 260194 9250.92788   62   85 8594.62327 10095.7406  17.5%  41.4 1638s
 859919 260611     cutoff   68      8594.62327 10094.7102  17.5%  41.4 1642s
 862042 261131     cutoff   58      8594.62327 10093.8159  17.4%  41.4 1647s
 864388 261511     cutoff   73      8594.62327 10092.7219  17.4%  41.4 1652s
 866111 262046 9110.58019   58   62 8594.62327 10092.0797  17.4%  41.4 1657s
 868046 262615 9629.30090   61   67 8594.62327 10091.2721  17.4%  41.4 1663s
 870442 263179 9102.78259   66   54 8594.62327 10090.5326  17.4%  41.4 1668s
 872636 263760 8956.34764   55   70 8594.62327 10089.7587  17.4%  41.4 1673s
 874951 264284 9359.17216   55   48 8594.62327 10088.7548  17.4%  41.4 1679s
 877215 264951 9069.86453   67   36 8594.62327 10087.9001  17.4%  41.4 1684s
 879740 265482 8972.90331   71   43 8594.62327 10086.8785  17.4%  41.4 1689s
 881655 266072 9846.56050   63   62 8594.62327 10085.8996  17.4%  41.5 1694s
 884125 266654 9949.86807   60   49 8594.62327 10084.9045  17.3%  41.5 1699s
 886246 267272 9192.28979   56   44 8594.62327 10084.1804  17.3%  41.5 1704s
 888807 267722 9945.72000   68   80 8594.62327 10083.0604  17.3%  41.5 1709s
 890770 268122 9304.08649   57   58 8594.62327 10082.1661  17.3%  41.5 1714s
 892571 268837 9981.58922   61   52 8594.62327 10081.4740  17.3%  41.5 1720s
 895468 269287     cutoff   71      8594.62327 10080.4206  17.3%  41.5 1725s
 897340 269894 9254.69340   59   39 8594.62327 10079.6769  17.3%  41.5 1730s
 900020 270351 9351.98188   59   82 8594.62327 10078.8042  17.3%  41.5 1735s
 902187 270785 9375.33146   67   34 8594.62327 10078.0149  17.3%  41.5 1740s
 904273 271412     cutoff   72      8594.62327 10077.3216  17.3%  41.5 1746s
 906705 271821 9742.40884   64   76 8594.62327 10076.4333  17.2%  41.5 1751s
 908769 272356 9348.25677   56   59 8594.62327 10075.5660  17.2%  41.5 1756s
 910941 272810 infeasible   71      8594.62327 10074.7126  17.2%  41.5 1761s
 913058 273420 infeasible   65      8594.62327 10073.8620  17.2%  41.5 1766s
 915776 273866 9169.72474   67   43 8594.62327 10072.7381  17.2%  41.5 1771s
 917244 274566 9845.90527   64   75 8594.62327 10072.0030  17.2%  41.5 1777s
 920218 275150 infeasible   67      8594.62327 10070.9436  17.2%  41.5 1784s
 923258 275696 9837.27303   60   85 8594.62327 10069.7081  17.2%  41.5 1789s
 925399 276283     cutoff   61      8594.62327 10068.7472  17.2%  41.5 1795s
 928079 276808 9530.86918   63   50 8594.62327 10067.8697  17.1%  41.5 1800s

Cutting planes:
  Learned: 25
  Gomory: 242
  Cover: 405
  Implied bound: 1
  Projected implied bound: 3
  MIR: 2369
  StrongCG: 11
  Flow cover: 3584
  Inf proof: 215
  Zero half: 8
  Network: 1
  RLT: 1
  Relax-and-lift: 26

Explored 930163 nodes (38764654 simplex iterations) in 1800.45 seconds (358.22 work units)
Thread count was 20 (of 20 available processors)

Solution count 10: 8594.62 8551.22 8551.22 ... 6306.67

Time limit reached
Best objective 8.594623269108e+03, best bound 1.006716068624e+04, gap 17.1332%
