04/29/2026 04:58:50 AM INFO mip_v1 - setup_solver_logging: ================================================================================
04/29/2026 04:58:50 AM INFO mip_v1 - setup_solver_logging: Logging started. Log file: D:\Project_Code\Paper\DP_LBBD_1\DP_lbbd\Algorithm\Results\mip_v1\small\exp_3f_25j_seed5\log\exp_3f_25j_seed5_running.log
04/29/2026 04:58:50 AM INFO mip_v1 - print: BigM calculated: 152.1
04/29/2026 04:58:50 AM INFO mip_v1 - print: Adding variables...
04/29/2026 04:58:50 AM INFO mip_v1 - print: Total variables: 8900
04/29/2026 04:58:50 AM INFO mip_v1 - print: Adding constraints...
04/29/2026 04:58:50 AM INFO mip_v1 - print: Total constraints: 17802
04/29/2026 04:58:50 AM INFO mip_v1 - print: Setting objective function...
04/29/2026 04:58:50 AM INFO mip_v1 - print: 
04/29/2026 04:58:50 AM INFO mip_v1 - print: ✓ Model LP written to: D:\Project_Code\Paper\DP_LBBD_1\DP_lbbd\Algorithm\MIP\production_model.lp
04/29/2026 04:58:50 AM INFO mip_v1 - print: 
04/29/2026 04:58:50 AM INFO mip_v1 - print: ============================================================
04/29/2026 04:58:50 AM INFO mip_v1 - print: Starting optimization...
04/29/2026 04:58:50 AM INFO mip_v1 - print: ============================================================
04/29/2026 04:58:50 AM INFO mip_v1 - print: Gurobi native log file: D:\Project_Code\Paper\DP_LBBD_1\DP_lbbd\Algorithm\Results\mip_v1\small\exp_3f_25j_seed5\log\exp_3f_25j_seed5_gurobi.log
04/29/2026 05:28:51 AM INFO mip_v1 - print: 
04/29/2026 05:28:51 AM INFO mip_v1 - print: ============================================================
04/29/2026 05:28:51 AM INFO mip_v1 - print: SOLUTION SUMMARY
04/29/2026 05:28:51 AM INFO mip_v1 - print: ============================================================
04/29/2026 05:28:51 AM INFO mip_v1 - print: ⚠ Time limit reached, best solution found:
04/29/2026 05:28:51 AM INFO mip_v1 - print: 
04/29/2026 05:28:51 AM INFO mip_v1 - print: Objective Value (Total Profit): 11658.45
04/29/2026 05:28:51 AM INFO mip_v1 - print: MIP Gap: 56.59%
04/29/2026 05:28:51 AM INFO mip_v1 - print: 
04/29/2026 05:28:51 AM INFO mip_v1 - print: 📋 Accepted Orders (17/25): [1, 3, 4, 5, 6, 7, 9, 11, 12, 13, 14, 15, 18, 19, 21, 22, 24]
04/29/2026 05:28:51 AM INFO mip_v1 - print: 
04/29/2026 05:28:51 AM INFO mip_v1 - print: ------------------------------------------------------------
04/29/2026 05:28:51 AM INFO mip_v1 - print: ORDER ALLOCATION DETAILS
04/29/2026 05:28:51 AM INFO mip_v1 - print: ------------------------------------------------------------
04/29/2026 05:28:51 AM INFO mip_v1 - print: 
04/29/2026 05:28:51 AM INFO mip_v1 - print: Order 1 → Factory 2
04/29/2026 05:28:51 AM INFO mip_v1 - print:   Machine 1: completion time = 35.87
04/29/2026 05:28:51 AM INFO mip_v1 - print:   Machine 2: completion time = 44.37
04/29/2026 05:28:51 AM INFO mip_v1 - print:   Machine 3: completion time = 52.74
04/29/2026 05:28:51 AM INFO mip_v1 - print:   Machine 4: completion time = 60.99
04/29/2026 05:28:51 AM INFO mip_v1 - print:   Delivery: 66.29 (Deadline: 77.30, Delay: 0.00)
04/29/2026 05:28:51 AM INFO mip_v1 - print: 
04/29/2026 05:28:51 AM INFO mip_v1 - print: Order 3 → Factory 1
04/29/2026 05:28:51 AM INFO mip_v1 - print:   Machine 1: completion time = 38.25
04/29/2026 05:28:51 AM INFO mip_v1 - print:   Machine 2: completion time = 47.54
04/29/2026 05:28:51 AM INFO mip_v1 - print:   Machine 3: completion time = 53.15
04/29/2026 05:28:51 AM INFO mip_v1 - print:   Machine 4: completion time = 60.35
04/29/2026 05:28:51 AM INFO mip_v1 - print:   Machine 5: completion time = 65.70
04/29/2026 05:28:51 AM INFO mip_v1 - print:   Delivery: 68.60 (Deadline: 68.60, Delay: 0.00)
04/29/2026 05:28:51 AM INFO mip_v1 - print: 
04/29/2026 05:28:51 AM INFO mip_v1 - print: Order 4 → Factory 1
04/29/2026 05:28:51 AM INFO mip_v1 - print:   Machine 1: completion time = 44.68
04/29/2026 05:28:51 AM INFO mip_v1 - print:   Machine 2: completion time = 54.26
04/29/2026 05:28:51 AM INFO mip_v1 - print:   Machine 3: completion time = 60.66
04/29/2026 05:28:51 AM INFO mip_v1 - print:   Machine 4: completion time = 67.16
04/29/2026 05:28:51 AM INFO mip_v1 - print:   Machine 5: completion time = 73.21
04/29/2026 05:28:51 AM INFO mip_v1 - print:   Delivery: 81.01 (Deadline: 80.40, Delay: 0.61)
04/29/2026 05:28:51 AM INFO mip_v1 - print: 
04/29/2026 05:28:51 AM INFO mip_v1 - print: Order 5 → Factory 2
04/29/2026 05:28:51 AM INFO mip_v1 - print:   Machine 1: completion time = 10.23
04/29/2026 05:28:51 AM INFO mip_v1 - print:   Machine 2: completion time = 19.38
04/29/2026 05:28:51 AM INFO mip_v1 - print:   Machine 3: completion time = 25.92
04/29/2026 05:28:51 AM INFO mip_v1 - print:   Machine 4: completion time = 32.61
04/29/2026 05:28:51 AM INFO mip_v1 - print:   Delivery: 37.31 (Deadline: 69.20, Delay: 0.00)
04/29/2026 05:28:51 AM INFO mip_v1 - print: 
04/29/2026 05:28:51 AM INFO mip_v1 - print: Order 6 → Factory 3
04/29/2026 05:28:51 AM INFO mip_v1 - print:   Machine 1: completion time = 17.44
04/29/2026 05:28:51 AM INFO mip_v1 - print:   Machine 2: completion time = 29.55
04/29/2026 05:28:51 AM INFO mip_v1 - print:   Machine 3: completion time = 39.46
04/29/2026 05:28:51 AM INFO mip_v1 - print:   Machine 4: completion time = 52.41
04/29/2026 05:28:51 AM INFO mip_v1 - print:   Machine 5: completion time = 64.39
04/29/2026 05:28:51 AM INFO mip_v1 - print:   Delivery: 67.59 (Deadline: 74.80, Delay: 0.00)
04/29/2026 05:28:51 AM INFO mip_v1 - print: 
04/29/2026 05:28:51 AM INFO mip_v1 - print: Order 7 → Factory 3
04/29/2026 05:28:51 AM INFO mip_v1 - print:   Machine 1: completion time = 35.22
04/29/2026 05:28:51 AM INFO mip_v1 - print:   Machine 2: completion time = 51.81
04/29/2026 05:28:51 AM INFO mip_v1 - print:   Machine 3: completion time = 66.46
04/29/2026 05:28:51 AM INFO mip_v1 - print:   Machine 4: completion time = 84.02
04/29/2026 05:28:51 AM INFO mip_v1 - print:   Machine 5: completion time = 100.63
04/29/2026 05:28:51 AM INFO mip_v1 - print:   Delivery: 101.43 (Deadline: 108.80, Delay: 0.00)
04/29/2026 05:28:51 AM INFO mip_v1 - print: 
04/29/2026 05:28:51 AM INFO mip_v1 - print: Order 9 → Factory 2
04/29/2026 05:28:51 AM INFO mip_v1 - print:   Machine 1: completion time = 62.65
04/29/2026 05:28:51 AM INFO mip_v1 - print:   Machine 2: completion time = 69.53
04/29/2026 05:28:51 AM INFO mip_v1 - print:   Machine 3: completion time = 76.11
04/29/2026 05:28:51 AM INFO mip_v1 - print:   Machine 4: completion time = 83.41
04/29/2026 05:28:51 AM INFO mip_v1 - print:   Delivery: 86.11 (Deadline: 83.00, Delay: 3.11)
04/29/2026 05:28:51 AM INFO mip_v1 - print: 
04/29/2026 05:28:51 AM INFO mip_v1 - print: Order 11 → Factory 1
04/29/2026 05:28:51 AM INFO mip_v1 - print:   Machine 1: completion time = 22.43
04/29/2026 05:28:51 AM INFO mip_v1 - print:   Machine 2: completion time = 30.63
04/29/2026 05:28:51 AM INFO mip_v1 - print:   Machine 3: completion time = 36.79
04/29/2026 05:28:51 AM INFO mip_v1 - print:   Machine 4: completion time = 43.92
04/29/2026 05:28:51 AM INFO mip_v1 - print:   Machine 5: completion time = 49.54
04/29/2026 05:28:51 AM INFO mip_v1 - print:   Delivery: 52.34 (Deadline: 71.70, Delay: 0.00)
04/29/2026 05:28:51 AM INFO mip_v1 - print: 
04/29/2026 05:28:51 AM INFO mip_v1 - print: Order 12 → Factory 1
04/29/2026 05:28:51 AM INFO mip_v1 - print:   Machine 1: completion time = 9.07
04/29/2026 05:28:51 AM INFO mip_v1 - print:   Machine 2: completion time = 17.09
04/29/2026 05:28:51 AM INFO mip_v1 - print:   Machine 3: completion time = 24.21
04/29/2026 05:28:51 AM INFO mip_v1 - print:   Machine 4: completion time = 31.16
04/29/2026 05:28:51 AM INFO mip_v1 - print:   Machine 5: completion time = 37.86
04/29/2026 05:28:51 AM INFO mip_v1 - print:   Delivery: 43.16 (Deadline: 68.30, Delay: 0.00)
04/29/2026 05:28:51 AM INFO mip_v1 - print: 
04/29/2026 05:28:51 AM INFO mip_v1 - print: Order 13 → Factory 2
04/29/2026 05:28:51 AM INFO mip_v1 - print:   Machine 1: completion time = 26.49
04/29/2026 05:28:51 AM INFO mip_v1 - print:   Machine 2: completion time = 34.64
04/29/2026 05:28:51 AM INFO mip_v1 - print:   Machine 3: completion time = 42.57
04/29/2026 05:28:51 AM INFO mip_v1 - print:   Machine 4: completion time = 52.74
04/29/2026 05:28:51 AM INFO mip_v1 - print:   Delivery: 58.44 (Deadline: 59.90, Delay: 0.00)
04/29/2026 05:28:51 AM INFO mip_v1 - print: 
04/29/2026 05:28:51 AM INFO mip_v1 - print: Order 14 → Factory 1
04/29/2026 05:28:51 AM INFO mip_v1 - print:   Machine 1: completion time = 16.45
04/29/2026 05:28:51 AM INFO mip_v1 - print:   Machine 2: completion time = 24.33
04/29/2026 05:28:51 AM INFO mip_v1 - print:   Machine 3: completion time = 31.16
04/29/2026 05:28:51 AM INFO mip_v1 - print:   Machine 4: completion time = 37.86
04/29/2026 05:28:51 AM INFO mip_v1 - print:   Machine 5: completion time = 44.18
04/29/2026 05:28:51 AM INFO mip_v1 - print:   Delivery: 48.68 (Deadline: 61.00, Delay: 0.00)
04/29/2026 05:28:51 AM INFO mip_v1 - print: 
04/29/2026 05:28:51 AM INFO mip_v1 - print: Order 15 → Factory 1
04/29/2026 05:28:51 AM INFO mip_v1 - print:   Machine 1: completion time = 27.69
04/29/2026 05:28:51 AM INFO mip_v1 - print:   Machine 2: completion time = 36.06
04/29/2026 05:28:51 AM INFO mip_v1 - print:   Machine 3: completion time = 41.86
04/29/2026 05:28:51 AM INFO mip_v1 - print:   Machine 4: completion time = 49.13
04/29/2026 05:28:51 AM INFO mip_v1 - print:   Machine 5: completion time = 54.46
04/29/2026 05:28:51 AM INFO mip_v1 - print:   Delivery: 61.76 (Deadline: 72.90, Delay: 0.00)
04/29/2026 05:28:51 AM INFO mip_v1 - print: 
04/29/2026 05:28:51 AM INFO mip_v1 - print: Order 18 → Factory 2
04/29/2026 05:28:51 AM INFO mip_v1 - print:   Machine 1: completion time = 52.46
04/29/2026 05:28:51 AM INFO mip_v1 - print:   Machine 2: completion time = 60.03
04/29/2026 05:28:51 AM INFO mip_v1 - print:   Machine 3: completion time = 67.06
04/29/2026 05:28:51 AM INFO mip_v1 - print:   Machine 4: completion time = 76.11
04/29/2026 05:28:51 AM INFO mip_v1 - print:   Delivery: 80.51 (Deadline: 80.50, Delay: 0.01)
04/29/2026 05:28:51 AM INFO mip_v1 - print: 
04/29/2026 05:28:51 AM INFO mip_v1 - print: Order 19 → Factory 2
04/29/2026 05:28:51 AM INFO mip_v1 - print:   Machine 1: completion time = 44.74
04/29/2026 05:28:51 AM INFO mip_v1 - print:   Machine 2: completion time = 53.03
04/29/2026 05:28:51 AM INFO mip_v1 - print:   Machine 3: completion time = 60.43
04/29/2026 05:28:51 AM INFO mip_v1 - print:   Machine 4: completion time = 69.31
04/29/2026 05:28:51 AM INFO mip_v1 - print:   Delivery: 72.51 (Deadline: 76.00, Delay: 0.00)
04/29/2026 05:28:51 AM INFO mip_v1 - print: 
04/29/2026 05:28:51 AM INFO mip_v1 - print: Order 21 → Factory 1
04/29/2026 05:28:51 AM INFO mip_v1 - print:   Machine 1: completion time = 32.56
04/29/2026 05:28:51 AM INFO mip_v1 - print:   Machine 2: completion time = 41.36
04/29/2026 05:28:51 AM INFO mip_v1 - print:   Machine 3: completion time = 46.62
04/29/2026 05:28:51 AM INFO mip_v1 - print:   Machine 4: completion time = 54.35
04/29/2026 05:28:51 AM INFO mip_v1 - print:   Machine 5: completion time = 58.84
04/29/2026 05:28:51 AM INFO mip_v1 - print:   Delivery: 64.04 (Deadline: 68.10, Delay: 0.00)
04/29/2026 05:28:51 AM INFO mip_v1 - print: 
04/29/2026 05:28:51 AM INFO mip_v1 - print: Order 22 → Factory 1
04/29/2026 05:28:51 AM INFO mip_v1 - print:   Machine 1: completion time = 57.21
04/29/2026 05:28:51 AM INFO mip_v1 - print:   Machine 2: completion time = 70.49
04/29/2026 05:28:51 AM INFO mip_v1 - print:   Machine 3: completion time = 81.68
04/29/2026 05:28:51 AM INFO mip_v1 - print:   Machine 4: completion time = 93.66
04/29/2026 05:28:51 AM INFO mip_v1 - print:   Machine 5: completion time = 104.97
04/29/2026 05:28:51 AM INFO mip_v1 - print:   Delivery: 108.07 (Deadline: 96.70, Delay: 11.37)
04/29/2026 05:28:51 AM INFO mip_v1 - print: 
04/29/2026 05:28:51 AM INFO mip_v1 - print: Order 24 → Factory 2
04/29/2026 05:28:51 AM INFO mip_v1 - print:   Machine 1: completion time = 19.38
04/29/2026 05:28:51 AM INFO mip_v1 - print:   Machine 2: completion time = 28.18
04/29/2026 05:28:51 AM INFO mip_v1 - print:   Machine 3: completion time = 36.26
04/29/2026 05:28:51 AM INFO mip_v1 - print:   Machine 4: completion time = 45.02
04/29/2026 05:28:51 AM INFO mip_v1 - print:   Delivery: 50.02 (Deadline: 76.50, Delay: 0.00)
04/29/2026 05:28:51 AM INFO mip_v1 - print: 
04/29/2026 05:28:51 AM INFO mip_v1 - print: ------------------------------------------------------------
04/29/2026 05:28:51 AM INFO mip_v1 - print: COST BREAKDOWN
04/29/2026 05:28:51 AM INFO mip_v1 - print: ------------------------------------------------------------
04/29/2026 05:28:51 AM INFO mip_v1 - print: Total Revenue:          +    29790.00
04/29/2026 05:28:51 AM INFO mip_v1 - print: Production Cost:        -    13059.60
04/29/2026 05:28:51 AM INFO mip_v1 - print: Transport Cost:         -     4011.55
04/29/2026 05:28:51 AM INFO mip_v1 - print: Delay Penalty:          -     1060.41
04/29/2026 05:28:51 AM INFO mip_v1 - print: ------------------------------------------------------------
04/29/2026 05:28:51 AM INFO mip_v1 - print: Total Profit:           =    11658.45
