04/26/2026 02:56:25 AM INFO mip_v1 - setup_solver_logging: ================================================================================
04/26/2026 02:56:25 AM INFO mip_v1 - setup_solver_logging: Logging started. Log file: D:\Project_Code\Paper\DP_LBBD_1\DP_lbbd\Algorithm\Results\mip_v1\large\exp_7f_70j_seed2\log\exp_7f_70j_seed2_running.log
04/26/2026 02:56:25 AM INFO mip_v1 - print: BigM calculated: 159.8
04/26/2026 02:56:25 AM INFO mip_v1 - print: Adding variables...
04/26/2026 02:56:25 AM INFO mip_v1 - print: Total variables: 137900
04/26/2026 02:56:25 AM INFO mip_v1 - print: Adding constraints...
04/26/2026 02:56:29 AM INFO mip_v1 - print: Total constraints: 275992
04/26/2026 02:56:29 AM INFO mip_v1 - print: Setting objective function...
04/26/2026 02:56:30 AM INFO mip_v1 - print: 
04/26/2026 02:56:30 AM INFO mip_v1 - print: ✓ Model LP written to: D:\Project_Code\Paper\DP_LBBD_1\DP_lbbd\Algorithm\MIP\production_model.lp
04/26/2026 02:56:30 AM INFO mip_v1 - print: 
04/26/2026 02:56:30 AM INFO mip_v1 - print: ============================================================
04/26/2026 02:56:30 AM INFO mip_v1 - print: Starting optimization...
04/26/2026 02:56:30 AM INFO mip_v1 - print: ============================================================
04/26/2026 02:56:30 AM INFO mip_v1 - print: Gurobi native log file: D:\Project_Code\Paper\DP_LBBD_1\DP_lbbd\Algorithm\Results\mip_v1\large\exp_7f_70j_seed2\log\exp_7f_70j_seed2_gurobi.log
04/26/2026 03:26:31 AM INFO mip_v1 - print: 
04/26/2026 03:26:31 AM INFO mip_v1 - print: ============================================================
04/26/2026 03:26:31 AM INFO mip_v1 - print: SOLUTION SUMMARY
04/26/2026 03:26:31 AM INFO mip_v1 - print: ============================================================
04/26/2026 03:26:31 AM INFO mip_v1 - print: ⚠ Time limit reached, best solution found:
04/26/2026 03:26:31 AM INFO mip_v1 - print: 
04/26/2026 03:26:31 AM INFO mip_v1 - print: Objective Value (Total Profit): 25196.14
04/26/2026 03:26:31 AM INFO mip_v1 - print: MIP Gap: 42.98%
04/26/2026 03:26:31 AM INFO mip_v1 - print: 
04/26/2026 03:26:31 AM INFO mip_v1 - print: 📋 Accepted Orders (55/70): [2, 3, 5, 6, 7, 8, 9, 10, 11, 12, 13, 14, 15, 16, 17, 18, 19, 20, 21, 22, 23, 25, 26, 27, 28, 29, 31, 34, 35, 36, 37, 38, 39, 40, 41, 42, 44, 46, 49, 50, 51, 52, 54, 55, 57, 58, 59, 60, 62, 63, 64, 67, 68, 69, 70]
04/26/2026 03:26:31 AM INFO mip_v1 - print: 
04/26/2026 03:26:31 AM INFO mip_v1 - print: ------------------------------------------------------------
04/26/2026 03:26:31 AM INFO mip_v1 - print: ORDER ALLOCATION DETAILS
04/26/2026 03:26:31 AM INFO mip_v1 - print: ------------------------------------------------------------
04/26/2026 03:26:31 AM INFO mip_v1 - print: 
04/26/2026 03:26:31 AM INFO mip_v1 - print: Order 2 → Factory 6
04/26/2026 03:26:31 AM INFO mip_v1 - print:   Machine 1: completion time = 66.15
04/26/2026 03:26:31 AM INFO mip_v1 - print:   Machine 2: completion time = 75.61
04/26/2026 03:26:31 AM INFO mip_v1 - print:   Machine 3: completion time = 83.88
04/26/2026 03:26:31 AM INFO mip_v1 - print:   Delivery: 89.98 (Deadline: 110.80, Delay: 0.00)
04/26/2026 03:26:31 AM INFO mip_v1 - print: 
04/26/2026 03:26:31 AM INFO mip_v1 - print: Order 3 → Factory 3
04/26/2026 03:26:31 AM INFO mip_v1 - print:   Machine 1: completion time = 24.99
04/26/2026 03:26:31 AM INFO mip_v1 - print:   Machine 2: completion time = 35.01
04/26/2026 03:26:31 AM INFO mip_v1 - print:   Machine 3: completion time = 46.70
04/26/2026 03:26:31 AM INFO mip_v1 - print:   Delivery: 52.70 (Deadline: 60.10, Delay: 0.00)
04/26/2026 03:26:31 AM INFO mip_v1 - print: 
04/26/2026 03:26:31 AM INFO mip_v1 - print: Order 5 → Factory 3
04/26/2026 03:26:31 AM INFO mip_v1 - print:   Machine 1: completion time = 66.13
04/26/2026 03:26:31 AM INFO mip_v1 - print:   Machine 2: completion time = 86.94
04/26/2026 03:26:31 AM INFO mip_v1 - print:   Machine 3: completion time = 98.98
04/26/2026 03:26:31 AM INFO mip_v1 - print:   Delivery: 104.18 (Deadline: 106.80, Delay: 0.00)
04/26/2026 03:26:31 AM INFO mip_v1 - print: 
04/26/2026 03:26:31 AM INFO mip_v1 - print: Order 6 → Factory 3
04/26/2026 03:26:31 AM INFO mip_v1 - print:   Machine 1: completion time = 34.18
04/26/2026 03:26:31 AM INFO mip_v1 - print:   Machine 2: completion time = 44.04
04/26/2026 03:26:31 AM INFO mip_v1 - print:   Machine 3: completion time = 56.42
04/26/2026 03:26:31 AM INFO mip_v1 - print:   Delivery: 62.72 (Deadline: 68.50, Delay: 0.00)
04/26/2026 03:26:31 AM INFO mip_v1 - print: 
04/26/2026 03:26:31 AM INFO mip_v1 - print: Order 7 → Factory 1
04/26/2026 03:26:31 AM INFO mip_v1 - print:   Machine 1: completion time = 50.78
04/26/2026 03:26:31 AM INFO mip_v1 - print:   Machine 2: completion time = 65.76
04/26/2026 03:26:31 AM INFO mip_v1 - print:   Machine 3: completion time = 80.23
04/26/2026 03:26:31 AM INFO mip_v1 - print:   Delivery: 83.93 (Deadline: 98.70, Delay: 0.00)
04/26/2026 03:26:31 AM INFO mip_v1 - print: 
04/26/2026 03:26:31 AM INFO mip_v1 - print: Order 8 → Factory 2
04/26/2026 03:26:31 AM INFO mip_v1 - print:   Machine 1: completion time = 72.46
04/26/2026 03:26:31 AM INFO mip_v1 - print:   Machine 2: completion time = 83.67
04/26/2026 03:26:31 AM INFO mip_v1 - print:   Machine 3: completion time = 93.75
04/26/2026 03:26:31 AM INFO mip_v1 - print:   Machine 4: completion time = 104.60
04/26/2026 03:26:31 AM INFO mip_v1 - print:   Delivery: 106.90 (Deadline: 121.10, Delay: 0.00)
04/26/2026 03:26:31 AM INFO mip_v1 - print: 
04/26/2026 03:26:31 AM INFO mip_v1 - print: Order 9 → Factory 6
04/26/2026 03:26:31 AM INFO mip_v1 - print:   Machine 1: completion time = 59.01
04/26/2026 03:26:31 AM INFO mip_v1 - print:   Machine 2: completion time = 69.13
04/26/2026 03:26:31 AM INFO mip_v1 - print:   Machine 3: completion time = 77.35
04/26/2026 03:26:31 AM INFO mip_v1 - print:   Delivery: 81.95 (Deadline: 87.50, Delay: 0.00)
04/26/2026 03:26:31 AM INFO mip_v1 - print: 
04/26/2026 03:26:31 AM INFO mip_v1 - print: Order 10 → Factory 7
04/26/2026 03:26:31 AM INFO mip_v1 - print:   Machine 1: completion time = 29.40
04/26/2026 03:26:31 AM INFO mip_v1 - print:   Machine 2: completion time = 38.13
04/26/2026 03:26:31 AM INFO mip_v1 - print:   Machine 3: completion time = 47.50
04/26/2026 03:26:31 AM INFO mip_v1 - print:   Machine 4: completion time = 55.78
04/26/2026 03:26:31 AM INFO mip_v1 - print:   Machine 5: completion time = 65.07
04/26/2026 03:26:31 AM INFO mip_v1 - print:   Delivery: 70.47 (Deadline: 74.10, Delay: 0.00)
04/26/2026 03:26:31 AM INFO mip_v1 - print: 
04/26/2026 03:26:31 AM INFO mip_v1 - print: Order 11 → Factory 6
04/26/2026 03:26:31 AM INFO mip_v1 - print:   Machine 1: completion time = 99.20
04/26/2026 03:26:31 AM INFO mip_v1 - print:   Machine 2: completion time = 111.08
04/26/2026 03:26:31 AM INFO mip_v1 - print:   Machine 3: completion time = 116.67
04/26/2026 03:26:31 AM INFO mip_v1 - print:   Delivery: 123.27 (Deadline: 123.00, Delay: 0.27)
04/26/2026 03:26:31 AM INFO mip_v1 - print: 
04/26/2026 03:26:31 AM INFO mip_v1 - print: Order 12 → Factory 6
04/26/2026 03:26:31 AM INFO mip_v1 - print:   Machine 1: completion time = 87.47
04/26/2026 03:26:31 AM INFO mip_v1 - print:   Machine 2: completion time = 96.09
04/26/2026 03:26:31 AM INFO mip_v1 - print:   Machine 3: completion time = 105.30
04/26/2026 03:26:31 AM INFO mip_v1 - print:   Delivery: 109.70 (Deadline: 114.50, Delay: 0.00)
04/26/2026 03:26:31 AM INFO mip_v1 - print: 
04/26/2026 03:26:31 AM INFO mip_v1 - print: Order 13 → Factory 4
04/26/2026 03:26:31 AM INFO mip_v1 - print:   Machine 1: completion time = 39.47
04/26/2026 03:26:31 AM INFO mip_v1 - print:   Machine 2: completion time = 46.02
04/26/2026 03:26:31 AM INFO mip_v1 - print:   Machine 3: completion time = 52.81
04/26/2026 03:26:31 AM INFO mip_v1 - print:   Machine 4: completion time = 59.43
04/26/2026 03:26:31 AM INFO mip_v1 - print:   Machine 5: completion time = 73.53
04/26/2026 03:26:31 AM INFO mip_v1 - print:   Delivery: 74.53 (Deadline: 101.10, Delay: 0.00)
04/26/2026 03:26:31 AM INFO mip_v1 - print: 
04/26/2026 03:26:31 AM INFO mip_v1 - print: Order 14 → Factory 6
04/26/2026 03:26:31 AM INFO mip_v1 - print:   Machine 1: completion time = 78.61
04/26/2026 03:26:31 AM INFO mip_v1 - print:   Machine 2: completion time = 87.47
04/26/2026 03:26:31 AM INFO mip_v1 - print:   Machine 3: completion time = 96.09
04/26/2026 03:26:31 AM INFO mip_v1 - print:   Delivery: 103.29 (Deadline: 107.50, Delay: 0.00)
04/26/2026 03:26:31 AM INFO mip_v1 - print: 
04/26/2026 03:26:31 AM INFO mip_v1 - print: Order 15 → Factory 2
04/26/2026 03:26:31 AM INFO mip_v1 - print:   Machine 1: completion time = 21.64
04/26/2026 03:26:31 AM INFO mip_v1 - print:   Machine 2: completion time = 32.83
04/26/2026 03:26:31 AM INFO mip_v1 - print:   Machine 3: completion time = 41.91
04/26/2026 03:26:31 AM INFO mip_v1 - print:   Machine 4: completion time = 51.54
04/26/2026 03:26:31 AM INFO mip_v1 - print:   Delivery: 53.54 (Deadline: 70.60, Delay: 0.00)
04/26/2026 03:26:31 AM INFO mip_v1 - print: 
04/26/2026 03:26:31 AM INFO mip_v1 - print: Order 16 → Factory 3
04/26/2026 03:26:31 AM INFO mip_v1 - print:   Machine 1: completion time = 8.27
04/26/2026 03:26:31 AM INFO mip_v1 - print:   Machine 2: completion time = 14.80
04/26/2026 03:26:31 AM INFO mip_v1 - print:   Machine 3: completion time = 29.36
04/26/2026 03:26:31 AM INFO mip_v1 - print:   Delivery: 35.96 (Deadline: 56.00, Delay: 0.00)
04/26/2026 03:26:31 AM INFO mip_v1 - print: 
04/26/2026 03:26:31 AM INFO mip_v1 - print: Order 17 → Factory 6
04/26/2026 03:26:31 AM INFO mip_v1 - print:   Machine 1: completion time = 73.22
04/26/2026 03:26:31 AM INFO mip_v1 - print:   Machine 2: completion time = 82.30
04/26/2026 03:26:31 AM INFO mip_v1 - print:   Machine 3: completion time = 91.04
04/26/2026 03:26:31 AM INFO mip_v1 - print:   Delivery: 92.94 (Deadline: 106.30, Delay: 0.00)
04/26/2026 03:26:31 AM INFO mip_v1 - print: 
04/26/2026 03:26:31 AM INFO mip_v1 - print: Order 18 → Factory 5
04/26/2026 03:26:31 AM INFO mip_v1 - print:   Machine 1: completion time = 28.58
04/26/2026 03:26:31 AM INFO mip_v1 - print:   Machine 2: completion time = 36.58
04/26/2026 03:26:31 AM INFO mip_v1 - print:   Machine 3: completion time = 44.55
04/26/2026 03:26:31 AM INFO mip_v1 - print:   Machine 4: completion time = 52.07
04/26/2026 03:26:31 AM INFO mip_v1 - print:   Machine 5: completion time = 59.33
04/26/2026 03:26:31 AM INFO mip_v1 - print:   Delivery: 62.93 (Deadline: 63.40, Delay: 0.00)
04/26/2026 03:26:31 AM INFO mip_v1 - print: 
04/26/2026 03:26:31 AM INFO mip_v1 - print: Order 19 → Factory 6
04/26/2026 03:26:31 AM INFO mip_v1 - print:   Machine 1: completion time = 51.76
04/26/2026 03:26:31 AM INFO mip_v1 - print:   Machine 2: completion time = 61.81
04/26/2026 03:26:31 AM INFO mip_v1 - print:   Machine 3: completion time = 70.06
04/26/2026 03:26:31 AM INFO mip_v1 - print:   Delivery: 73.76 (Deadline: 82.10, Delay: 0.00)
04/26/2026 03:26:31 AM INFO mip_v1 - print: 
04/26/2026 03:26:31 AM INFO mip_v1 - print: Order 20 → Factory 6
04/26/2026 03:26:31 AM INFO mip_v1 - print:   Machine 1: completion time = 14.76
04/26/2026 03:26:31 AM INFO mip_v1 - print:   Machine 2: completion time = 20.95
04/26/2026 03:26:31 AM INFO mip_v1 - print:   Machine 3: completion time = 32.39
04/26/2026 03:26:31 AM INFO mip_v1 - print:   Delivery: 39.99 (Deadline: 62.40, Delay: 0.00)
04/26/2026 03:26:31 AM INFO mip_v1 - print: 
04/26/2026 03:26:31 AM INFO mip_v1 - print: Order 21 → Factory 1
04/26/2026 03:26:31 AM INFO mip_v1 - print:   Machine 1: completion time = 72.82
04/26/2026 03:26:31 AM INFO mip_v1 - print:   Machine 2: completion time = 88.48
04/26/2026 03:26:31 AM INFO mip_v1 - print:   Machine 3: completion time = 101.48
04/26/2026 03:26:31 AM INFO mip_v1 - print:   Delivery: 106.78 (Deadline: 120.00, Delay: 0.00)
04/26/2026 03:26:31 AM INFO mip_v1 - print: 
04/26/2026 03:26:31 AM INFO mip_v1 - print: Order 22 → Factory 1
04/26/2026 03:26:31 AM INFO mip_v1 - print:   Machine 1: completion time = 24.96
04/26/2026 03:26:31 AM INFO mip_v1 - print:   Machine 2: completion time = 34.53
04/26/2026 03:26:31 AM INFO mip_v1 - print:   Machine 3: completion time = 55.10
04/26/2026 03:26:31 AM INFO mip_v1 - print:   Delivery: 56.00 (Deadline: 58.30, Delay: 0.00)
04/26/2026 03:26:31 AM INFO mip_v1 - print: 
04/26/2026 03:26:31 AM INFO mip_v1 - print: Order 23 → Factory 6
04/26/2026 03:26:31 AM INFO mip_v1 - print:   Machine 1: completion time = 46.15
04/26/2026 03:26:31 AM INFO mip_v1 - print:   Machine 2: completion time = 54.55
04/26/2026 03:26:31 AM INFO mip_v1 - print:   Machine 3: completion time = 64.56
04/26/2026 03:26:31 AM INFO mip_v1 - print:   Delivery: 67.96 (Deadline: 90.60, Delay: 0.00)
04/26/2026 03:26:31 AM INFO mip_v1 - print: 
04/26/2026 03:26:31 AM INFO mip_v1 - print: Order 25 → Factory 6
04/26/2026 03:26:31 AM INFO mip_v1 - print:   Machine 1: completion time = 38.87
04/26/2026 03:26:31 AM INFO mip_v1 - print:   Machine 2: completion time = 47.61
04/26/2026 03:26:31 AM INFO mip_v1 - print:   Machine 3: completion time = 56.89
04/26/2026 03:26:31 AM INFO mip_v1 - print:   Delivery: 63.69 (Deadline: 74.40, Delay: 0.00)
04/26/2026 03:26:31 AM INFO mip_v1 - print: 
04/26/2026 03:26:31 AM INFO mip_v1 - print: Order 26 → Factory 5
04/26/2026 03:26:31 AM INFO mip_v1 - print:   Machine 1: completion time = 38.41
04/26/2026 03:26:31 AM INFO mip_v1 - print:   Machine 2: completion time = 49.14
04/26/2026 03:26:31 AM INFO mip_v1 - print:   Machine 3: completion time = 59.50
04/26/2026 03:26:31 AM INFO mip_v1 - print:   Machine 4: completion time = 68.79
04/26/2026 03:26:31 AM INFO mip_v1 - print:   Machine 5: completion time = 78.66
04/26/2026 03:26:31 AM INFO mip_v1 - print:   Delivery: 82.46 (Deadline: 83.80, Delay: 0.00)
04/26/2026 03:26:31 AM INFO mip_v1 - print: 
04/26/2026 03:26:31 AM INFO mip_v1 - print: Order 27 → Factory 4
04/26/2026 03:26:31 AM INFO mip_v1 - print:   Machine 1: completion time = 57.97
04/26/2026 03:26:31 AM INFO mip_v1 - print:   Machine 2: completion time = 64.36
04/26/2026 03:26:31 AM INFO mip_v1 - print:   Machine 3: completion time = 71.04
04/26/2026 03:26:31 AM INFO mip_v1 - print:   Machine 4: completion time = 79.76
04/26/2026 03:26:31 AM INFO mip_v1 - print:   Machine 5: completion time = 86.80
04/26/2026 03:26:31 AM INFO mip_v1 - print:   Delivery: 88.40 (Deadline: 95.50, Delay: 0.00)
04/26/2026 03:26:31 AM INFO mip_v1 - print: 
04/26/2026 03:26:31 AM INFO mip_v1 - print: Order 28 → Factory 5
04/26/2026 03:26:31 AM INFO mip_v1 - print:   Machine 1: completion time = 53.01
04/26/2026 03:26:31 AM INFO mip_v1 - print:   Machine 2: completion time = 64.38
04/26/2026 03:26:31 AM INFO mip_v1 - print:   Machine 3: completion time = 75.89
04/26/2026 03:26:31 AM INFO mip_v1 - print:   Machine 4: completion time = 86.31
04/26/2026 03:26:31 AM INFO mip_v1 - print:   Machine 5: completion time = 96.91
04/26/2026 03:26:31 AM INFO mip_v1 - print:   Delivery: 100.21 (Deadline: 100.80, Delay: 0.00)
04/26/2026 03:26:31 AM INFO mip_v1 - print: 
04/26/2026 03:26:31 AM INFO mip_v1 - print: Order 29 → Factory 1
04/26/2026 03:26:31 AM INFO mip_v1 - print:   Machine 1: completion time = 39.66
04/26/2026 03:26:31 AM INFO mip_v1 - print:   Machine 2: completion time = 55.10
04/26/2026 03:26:31 AM INFO mip_v1 - print:   Machine 3: completion time = 70.21
04/26/2026 03:26:31 AM INFO mip_v1 - print:   Delivery: 71.81 (Deadline: 67.40, Delay: 4.41)
04/26/2026 03:26:31 AM INFO mip_v1 - print: 
04/26/2026 03:26:31 AM INFO mip_v1 - print: Order 31 → Factory 3
04/26/2026 03:26:31 AM INFO mip_v1 - print:   Machine 1: completion time = 105.45
04/26/2026 03:26:31 AM INFO mip_v1 - print:   Machine 2: completion time = 118.54
04/26/2026 03:26:31 AM INFO mip_v1 - print:   Machine 3: completion time = 132.20
04/26/2026 03:26:31 AM INFO mip_v1 - print:   Delivery: 135.50 (Deadline: 135.50, Delay: 0.00)
04/26/2026 03:26:31 AM INFO mip_v1 - print: 
04/26/2026 03:26:31 AM INFO mip_v1 - print: Order 34 → Factory 1
04/26/2026 03:26:31 AM INFO mip_v1 - print:   Machine 1: completion time = 17.88
04/26/2026 03:26:31 AM INFO mip_v1 - print:   Machine 2: completion time = 27.03
04/26/2026 03:26:31 AM INFO mip_v1 - print:   Machine 3: completion time = 35.69
04/26/2026 03:26:31 AM INFO mip_v1 - print:   Delivery: 37.99 (Deadline: 58.80, Delay: 0.00)
04/26/2026 03:26:31 AM INFO mip_v1 - print: 
04/26/2026 03:26:31 AM INFO mip_v1 - print: Order 35 → Factory 2
04/26/2026 03:26:31 AM INFO mip_v1 - print:   Machine 1: completion time = 48.08
04/26/2026 03:26:31 AM INFO mip_v1 - print:   Machine 2: completion time = 58.86
04/26/2026 03:26:31 AM INFO mip_v1 - print:   Machine 3: completion time = 66.14
04/26/2026 03:26:31 AM INFO mip_v1 - print:   Machine 4: completion time = 84.53
04/26/2026 03:26:31 AM INFO mip_v1 - print:   Delivery: 84.93 (Deadline: 97.30, Delay: 0.00)
04/26/2026 03:26:31 AM INFO mip_v1 - print: 
04/26/2026 03:26:31 AM INFO mip_v1 - print: Order 36 → Factory 3
04/26/2026 03:26:31 AM INFO mip_v1 - print:   Machine 1: completion time = 19.21
04/26/2026 03:26:31 AM INFO mip_v1 - print:   Machine 2: completion time = 29.36
04/26/2026 03:26:31 AM INFO mip_v1 - print:   Machine 3: completion time = 40.62
04/26/2026 03:26:31 AM INFO mip_v1 - print:   Delivery: 46.22 (Deadline: 55.90, Delay: 0.00)
04/26/2026 03:26:31 AM INFO mip_v1 - print: 
04/26/2026 03:26:31 AM INFO mip_v1 - print: Order 37 → Factory 3
04/26/2026 03:26:31 AM INFO mip_v1 - print:   Machine 1: completion time = 72.75
04/26/2026 03:26:31 AM INFO mip_v1 - print:   Machine 2: completion time = 78.98
04/26/2026 03:26:31 AM INFO mip_v1 - print:   Machine 3: completion time = 90.43
04/26/2026 03:26:31 AM INFO mip_v1 - print:   Delivery: 94.03 (Deadline: 98.40, Delay: 0.00)
04/26/2026 03:26:31 AM INFO mip_v1 - print: 
04/26/2026 03:26:31 AM INFO mip_v1 - print: Order 38 → Factory 1
04/26/2026 03:26:31 AM INFO mip_v1 - print:   Machine 1: completion time = 100.62
04/26/2026 03:26:31 AM INFO mip_v1 - print:   Machine 2: completion time = 114.02
04/26/2026 03:26:31 AM INFO mip_v1 - print:   Machine 3: completion time = 126.80
04/26/2026 03:26:31 AM INFO mip_v1 - print:   Delivery: 129.80 (Deadline: 129.80, Delay: 0.00)
04/26/2026 03:26:31 AM INFO mip_v1 - print: 
04/26/2026 03:26:31 AM INFO mip_v1 - print: Order 39 → Factory 7
04/26/2026 03:26:31 AM INFO mip_v1 - print:   Machine 1: completion time = 38.01
04/26/2026 03:26:31 AM INFO mip_v1 - print:   Machine 2: completion time = 45.80
04/26/2026 03:26:31 AM INFO mip_v1 - print:   Machine 3: completion time = 56.26
04/26/2026 03:26:31 AM INFO mip_v1 - print:   Machine 4: completion time = 63.40
04/26/2026 03:26:31 AM INFO mip_v1 - print:   Machine 5: completion time = 76.79
04/26/2026 03:26:31 AM INFO mip_v1 - print:   Delivery: 78.89 (Deadline: 87.60, Delay: 0.00)
04/26/2026 03:26:31 AM INFO mip_v1 - print: 
04/26/2026 03:26:31 AM INFO mip_v1 - print: Order 40 → Factory 4
04/26/2026 03:26:31 AM INFO mip_v1 - print:   Machine 1: completion time = 72.06
04/26/2026 03:26:31 AM INFO mip_v1 - print:   Machine 2: completion time = 77.78
04/26/2026 03:26:31 AM INFO mip_v1 - print:   Machine 3: completion time = 83.67
04/26/2026 03:26:31 AM INFO mip_v1 - print:   Machine 4: completion time = 89.74
04/26/2026 03:26:31 AM INFO mip_v1 - print:   Machine 5: completion time = 95.45
04/26/2026 03:26:31 AM INFO mip_v1 - print:   Delivery: 100.55 (Deadline: 108.60, Delay: 0.00)
04/26/2026 03:26:31 AM INFO mip_v1 - print: 
04/26/2026 03:26:31 AM INFO mip_v1 - print: Order 41 → Factory 3
04/26/2026 03:26:31 AM INFO mip_v1 - print:   Machine 1: completion time = 57.59
04/26/2026 03:26:31 AM INFO mip_v1 - print:   Machine 2: completion time = 67.10
04/26/2026 03:26:31 AM INFO mip_v1 - print:   Machine 3: completion time = 80.79
04/26/2026 03:26:31 AM INFO mip_v1 - print:   Delivery: 85.89 (Deadline: 96.30, Delay: 0.00)
04/26/2026 03:26:31 AM INFO mip_v1 - print: 
04/26/2026 03:26:31 AM INFO mip_v1 - print: Order 42 → Factory 3
04/26/2026 03:26:31 AM INFO mip_v1 - print:   Machine 1: completion time = 48.33
04/26/2026 03:26:31 AM INFO mip_v1 - print:   Machine 2: completion time = 58.01
04/26/2026 03:26:31 AM INFO mip_v1 - print:   Machine 3: completion time = 71.19
04/26/2026 03:26:31 AM INFO mip_v1 - print:   Delivery: 76.49 (Deadline: 73.00, Delay: 3.49)
04/26/2026 03:26:31 AM INFO mip_v1 - print: 
04/26/2026 03:26:31 AM INFO mip_v1 - print: Order 44 → Factory 6
04/26/2026 03:26:31 AM INFO mip_v1 - print:   Machine 1: completion time = 93.67
04/26/2026 03:26:31 AM INFO mip_v1 - print:   Machine 2: completion time = 101.99
04/26/2026 03:26:31 AM INFO mip_v1 - print:   Machine 3: completion time = 111.08
04/26/2026 03:26:31 AM INFO mip_v1 - print:   Delivery: 111.18 (Deadline: 116.20, Delay: 0.00)
04/26/2026 03:26:31 AM INFO mip_v1 - print: 
04/26/2026 03:26:31 AM INFO mip_v1 - print: Order 46 → Factory 2
04/26/2026 03:26:31 AM INFO mip_v1 - print:   Machine 1: completion time = 39.75
04/26/2026 03:26:31 AM INFO mip_v1 - print:   Machine 2: completion time = 50.14
04/26/2026 03:26:31 AM INFO mip_v1 - print:   Machine 3: completion time = 58.45
04/26/2026 03:26:31 AM INFO mip_v1 - print:   Machine 4: completion time = 70.73
04/26/2026 03:26:31 AM INFO mip_v1 - print:   Delivery: 73.23 (Deadline: 95.30, Delay: 0.00)
04/26/2026 03:26:31 AM INFO mip_v1 - print: 
04/26/2026 03:26:31 AM INFO mip_v1 - print: Order 49 → Factory 3
04/26/2026 03:26:31 AM INFO mip_v1 - print:   Machine 1: completion time = 81.02
04/26/2026 03:26:31 AM INFO mip_v1 - print:   Machine 2: completion time = 95.11
04/26/2026 03:26:31 AM INFO mip_v1 - print:   Machine 3: completion time = 107.10
04/26/2026 03:26:31 AM INFO mip_v1 - print:   Delivery: 114.50 (Deadline: 119.10, Delay: 0.00)
04/26/2026 03:26:31 AM INFO mip_v1 - print: 
04/26/2026 03:26:31 AM INFO mip_v1 - print: Order 50 → Factory 3
04/26/2026 03:26:31 AM INFO mip_v1 - print:   Machine 1: completion time = 40.99
04/26/2026 03:26:31 AM INFO mip_v1 - print:   Machine 2: completion time = 50.75
04/26/2026 03:26:31 AM INFO mip_v1 - print:   Machine 3: completion time = 63.48
04/26/2026 03:26:31 AM INFO mip_v1 - print:   Delivery: 70.28 (Deadline: 72.20, Delay: 0.00)
04/26/2026 03:26:31 AM INFO mip_v1 - print: 
04/26/2026 03:26:31 AM INFO mip_v1 - print: Order 51 → Factory 4
04/26/2026 03:26:31 AM INFO mip_v1 - print:   Machine 1: completion time = 48.73
04/26/2026 03:26:31 AM INFO mip_v1 - print:   Machine 2: completion time = 56.77
04/26/2026 03:26:31 AM INFO mip_v1 - print:   Machine 3: completion time = 65.08
04/26/2026 03:26:31 AM INFO mip_v1 - print:   Machine 4: completion time = 73.53
04/26/2026 03:26:31 AM INFO mip_v1 - print:   Machine 5: completion time = 80.96
04/26/2026 03:26:31 AM INFO mip_v1 - print:   Delivery: 82.16 (Deadline: 88.20, Delay: 0.00)
04/26/2026 03:26:31 AM INFO mip_v1 - print: 
04/26/2026 03:26:31 AM INFO mip_v1 - print: Order 52 → Factory 5
04/26/2026 03:26:31 AM INFO mip_v1 - print:   Machine 1: completion time = 67.22
04/26/2026 03:26:31 AM INFO mip_v1 - print:   Machine 2: completion time = 77.01
04/26/2026 03:26:31 AM INFO mip_v1 - print:   Machine 3: completion time = 87.44
04/26/2026 03:26:31 AM INFO mip_v1 - print:   Machine 4: completion time = 96.91
04/26/2026 03:26:31 AM INFO mip_v1 - print:   Machine 5: completion time = 105.96
04/26/2026 03:26:31 AM INFO mip_v1 - print:   Delivery: 111.26 (Deadline: 117.40, Delay: 0.00)
04/26/2026 03:26:31 AM INFO mip_v1 - print: 
04/26/2026 03:26:31 AM INFO mip_v1 - print: Order 54 → Factory 6
04/26/2026 03:26:31 AM INFO mip_v1 - print:   Machine 1: completion time = 34.05
04/26/2026 03:26:31 AM INFO mip_v1 - print:   Machine 2: completion time = 42.79
04/26/2026 03:26:31 AM INFO mip_v1 - print:   Machine 3: completion time = 51.86
04/26/2026 03:26:31 AM INFO mip_v1 - print:   Delivery: 56.46 (Deadline: 103.50, Delay: 0.00)
04/26/2026 03:26:31 AM INFO mip_v1 - print: 
04/26/2026 03:26:31 AM INFO mip_v1 - print: Order 55 → Factory 2
04/26/2026 03:26:31 AM INFO mip_v1 - print:   Machine 1: completion time = 10.71
04/26/2026 03:26:31 AM INFO mip_v1 - print:   Machine 2: completion time = 18.20
04/26/2026 03:26:31 AM INFO mip_v1 - print:   Machine 3: completion time = 24.38
04/26/2026 03:26:31 AM INFO mip_v1 - print:   Machine 4: completion time = 37.06
04/26/2026 03:26:31 AM INFO mip_v1 - print:   Delivery: 43.36 (Deadline: 62.70, Delay: 0.00)
04/26/2026 03:26:31 AM INFO mip_v1 - print: 
04/26/2026 03:26:31 AM INFO mip_v1 - print: Order 57 → Factory 1
04/26/2026 03:26:31 AM INFO mip_v1 - print:   Machine 1: completion time = 60.70
04/26/2026 03:26:31 AM INFO mip_v1 - print:   Machine 2: completion time = 76.31
04/26/2026 03:26:31 AM INFO mip_v1 - print:   Machine 3: completion time = 90.39
04/26/2026 03:26:31 AM INFO mip_v1 - print:   Delivery: 90.59 (Deadline: 110.90, Delay: 0.00)
04/26/2026 03:26:31 AM INFO mip_v1 - print: 
04/26/2026 03:26:31 AM INFO mip_v1 - print: Order 58 → Factory 6
04/26/2026 03:26:31 AM INFO mip_v1 - print:   Machine 1: completion time = 25.21
04/26/2026 03:26:31 AM INFO mip_v1 - print:   Machine 2: completion time = 32.39
04/26/2026 03:26:31 AM INFO mip_v1 - print:   Machine 3: completion time = 40.07
04/26/2026 03:26:31 AM INFO mip_v1 - print:   Delivery: 46.17 (Deadline: 76.40, Delay: 0.00)
04/26/2026 03:26:31 AM INFO mip_v1 - print: 
04/26/2026 03:26:31 AM INFO mip_v1 - print: Order 59 → Factory 6
04/26/2026 03:26:31 AM INFO mip_v1 - print:   Machine 1: completion time = 111.09
04/26/2026 03:26:31 AM INFO mip_v1 - print:   Machine 2: completion time = 122.23
04/26/2026 03:26:31 AM INFO mip_v1 - print:   Machine 3: completion time = 133.50
04/26/2026 03:26:31 AM INFO mip_v1 - print:   Delivery: 134.30 (Deadline: 132.40, Delay: 1.90)
04/26/2026 03:26:31 AM INFO mip_v1 - print: 
04/26/2026 03:26:31 AM INFO mip_v1 - print: Order 60 → Factory 1
04/26/2026 03:26:31 AM INFO mip_v1 - print:   Machine 1: completion time = 84.55
04/26/2026 03:26:31 AM INFO mip_v1 - print:   Machine 2: completion time = 100.62
04/26/2026 03:26:31 AM INFO mip_v1 - print:   Machine 3: completion time = 112.44
04/26/2026 03:26:31 AM INFO mip_v1 - print:   Delivery: 113.94 (Deadline: 116.80, Delay: 0.00)
04/26/2026 03:26:31 AM INFO mip_v1 - print: 
04/26/2026 03:26:31 AM INFO mip_v1 - print: Order 62 → Factory 7
04/26/2026 03:26:31 AM INFO mip_v1 - print:   Machine 1: completion time = 54.40
04/26/2026 03:26:31 AM INFO mip_v1 - print:   Machine 2: completion time = 63.83
04/26/2026 03:26:31 AM INFO mip_v1 - print:   Machine 3: completion time = 74.08
04/26/2026 03:26:31 AM INFO mip_v1 - print:   Machine 4: completion time = 83.16
04/26/2026 03:26:31 AM INFO mip_v1 - print:   Machine 5: completion time = 99.80
04/26/2026 03:26:31 AM INFO mip_v1 - print:   Delivery: 102.40 (Deadline: 102.40, Delay: 0.00)
04/26/2026 03:26:31 AM INFO mip_v1 - print: 
04/26/2026 03:26:31 AM INFO mip_v1 - print: Order 63 → Factory 3
04/26/2026 03:26:31 AM INFO mip_v1 - print:   Machine 1: completion time = 92.32
04/26/2026 03:26:31 AM INFO mip_v1 - print:   Machine 2: completion time = 105.45
04/26/2026 03:26:31 AM INFO mip_v1 - print:   Machine 3: completion time = 118.54
04/26/2026 03:26:31 AM INFO mip_v1 - print:   Delivery: 121.34 (Deadline: 126.70, Delay: 0.00)
04/26/2026 03:26:31 AM INFO mip_v1 - print: 
04/26/2026 03:26:31 AM INFO mip_v1 - print: Order 64 → Factory 2
04/26/2026 03:26:31 AM INFO mip_v1 - print:   Machine 1: completion time = 94.99
04/26/2026 03:26:31 AM INFO mip_v1 - print:   Machine 2: completion time = 108.83
04/26/2026 03:26:31 AM INFO mip_v1 - print:   Machine 3: completion time = 120.25
04/26/2026 03:26:31 AM INFO mip_v1 - print:   Machine 4: completion time = 132.82
04/26/2026 03:26:31 AM INFO mip_v1 - print:   Delivery: 133.32 (Deadline: 129.70, Delay: 3.62)
04/26/2026 03:26:31 AM INFO mip_v1 - print: 
04/26/2026 03:26:31 AM INFO mip_v1 - print: Order 67 → Factory 4
04/26/2026 03:26:31 AM INFO mip_v1 - print:   Machine 1: completion time = 19.97
04/26/2026 03:26:31 AM INFO mip_v1 - print:   Machine 2: completion time = 29.91
04/26/2026 03:26:31 AM INFO mip_v1 - print:   Machine 3: completion time = 40.21
04/26/2026 03:26:31 AM INFO mip_v1 - print:   Machine 4: completion time = 50.51
04/26/2026 03:26:31 AM INFO mip_v1 - print:   Machine 5: completion time = 59.58
04/26/2026 03:26:31 AM INFO mip_v1 - print:   Delivery: 61.68 (Deadline: 74.10, Delay: 0.00)
04/26/2026 03:26:31 AM INFO mip_v1 - print: 
04/26/2026 03:26:31 AM INFO mip_v1 - print: Order 68 → Factory 2
04/26/2026 03:26:31 AM INFO mip_v1 - print:   Machine 1: completion time = 31.08
04/26/2026 03:26:31 AM INFO mip_v1 - print:   Machine 2: completion time = 41.08
04/26/2026 03:26:31 AM INFO mip_v1 - print:   Machine 3: completion time = 48.90
04/26/2026 03:26:31 AM INFO mip_v1 - print:   Machine 4: completion time = 60.64
04/26/2026 03:26:31 AM INFO mip_v1 - print:   Delivery: 62.04 (Deadline: 75.90, Delay: 0.00)
04/26/2026 03:26:31 AM INFO mip_v1 - print: 
04/26/2026 03:26:31 AM INFO mip_v1 - print: Order 69 → Factory 2
04/26/2026 03:26:31 AM INFO mip_v1 - print:   Machine 1: completion time = 82.74
04/26/2026 03:26:31 AM INFO mip_v1 - print:   Machine 2: completion time = 94.51
04/26/2026 03:26:31 AM INFO mip_v1 - print:   Machine 3: completion time = 103.61
04/26/2026 03:26:31 AM INFO mip_v1 - print:   Machine 4: completion time = 113.90
04/26/2026 03:26:31 AM INFO mip_v1 - print:   Delivery: 118.80 (Deadline: 118.80, Delay: 0.00)
04/26/2026 03:26:31 AM INFO mip_v1 - print: 
04/26/2026 03:26:31 AM INFO mip_v1 - print: Order 70 → Factory 2
04/26/2026 03:26:31 AM INFO mip_v1 - print:   Machine 1: completion time = 57.35
04/26/2026 03:26:31 AM INFO mip_v1 - print:   Machine 2: completion time = 69.64
04/26/2026 03:26:31 AM INFO mip_v1 - print:   Machine 3: completion time = 78.82
04/26/2026 03:26:31 AM INFO mip_v1 - print:   Machine 4: completion time = 93.94
04/26/2026 03:26:31 AM INFO mip_v1 - print:   Delivery: 95.54 (Deadline: 110.70, Delay: 0.00)
04/26/2026 03:26:31 AM INFO mip_v1 - print: 
04/26/2026 03:26:31 AM INFO mip_v1 - print: ------------------------------------------------------------
04/26/2026 03:26:31 AM INFO mip_v1 - print: COST BREAKDOWN
04/26/2026 03:26:31 AM INFO mip_v1 - print: ------------------------------------------------------------
04/26/2026 03:26:31 AM INFO mip_v1 - print: Total Revenue:          +    67301.00
04/26/2026 03:26:31 AM INFO mip_v1 - print: Production Cost:        -    29402.12
04/26/2026 03:26:31 AM INFO mip_v1 - print: Transport Cost:         -    11769.35
04/26/2026 03:26:31 AM INFO mip_v1 - print: Delay Penalty:          -      933.39
04/26/2026 03:26:31 AM INFO mip_v1 - print: ------------------------------------------------------------
04/26/2026 03:26:31 AM INFO mip_v1 - print: Total Profit:           =    25196.14
