
Gurobi 10.0.1 (win64) logging started Wed Apr 29 03:58:46 2026

Set parameter LogFile to value "D:\Project_Code\Paper\DP_LBBD_1\DP_lbbd\Algorithm\Results\mip_v1\small\exp_3f_25j_seed3\log\exp_3f_25j_seed3_gurobi.log"
Set parameter LogToConsole to value 0
Gurobi Optimizer version 10.0.1 build v10.0.1rc0 (win64)

CPU model: Intel(R) Core(TM) Ultra 7 265KF, instruction set [SSE2|AVX|AVX2]
Thread count: 20 physical cores, 20 logical processors, using up to 20 threads

Optimize a model with 15298 rows, 7650 columns and 74146 nonzeros
Model fingerprint: 0x420f56d5
Variable types: 350 continuous, 7300 integer (7300 binary)
Coefficient statistics:
  Matrix range     [1e+00, 1e+02]
  Objective range  [5e+01, 4e+03]
  Bounds range     [1e+00, 1e+02]
  RHS range        [1e+00, 4e+02]
Found heuristic solution: objective -0.0000000
Presolve removed 8930 rows and 4441 columns
Presolve time: 0.09s
Presolved: 6368 rows, 3209 columns, 30533 nonzeros
Variable types: 237 continuous, 2972 integer (2972 binary)

Root relaxation: objective 1.379879e+04, 1057 iterations, 0.01 seconds (0.02 work units)

    Nodes    |    Current Node    |     Objective Bounds      |     Work
 Expl Unexpl |  Obj  Depth IntInf | Incumbent    BestBd   Gap | It/Node Time

     0     0 13798.7850    0  248   -0.00000 13798.7850      -     -    0s
H    0     0                    2814.4319923 13798.7850   390%     -    0s
H    0     0                    3172.9127981 13798.7850   335%     -    0s
H    0     0                    4459.9377995 13798.7850   209%     -    0s
H    0     0                    6252.4489028 13768.5903   120%     -    0s
     0     0 13768.5903    0  265 6252.44890 13768.5903   120%     -    0s
     0     0 13762.7594    0  259 6252.44890 13762.7594   120%     -    0s
     0     0 13762.3876    0  257 6252.44890 13762.3876   120%     -    0s
     0     0 13762.3876    0  259 6252.44890 13762.3876   120%     -    0s
     0     0 13752.2843    0  272 6252.44890 13752.2843   120%     -    0s
     0     0 13739.7381    0  285 6252.44890 13739.7381   120%     -    1s
     0     0 13738.6965    0  239 6252.44890 13738.6965   120%     -    1s
H    0     0                    6276.3293176 13738.6965   119%     -    1s
     0     0 13738.6965    0  235 6276.32932 13738.6965   119%     -    1s
H    0     0                    7887.2579071 13738.6965  74.2%     -    1s
     0     0 13679.2088    0  266 7887.25791 13679.2088  73.4%     -    1s
H    0     0                    8064.8939319 13679.2088  69.6%     -    1s
     0     0 13273.5661    0  232 8064.89393 13273.5661  64.6%     -    1s
     0     0 13273.5661    0  233 8064.89393 13273.5661  64.6%     -    1s
     0     0 13273.5661    0  266 8064.89393 13273.5661  64.6%     -    2s
     0     0 13273.5661    0  280 8064.89393 13273.5661  64.6%     -    2s
     0     0 13273.5661    0  246 8064.89393 13273.5661  64.6%     -    2s
     0     0 13273.5661    0  211 8064.89393 13273.5661  64.6%     -    2s
     0     0 13273.5661    0  252 8064.89393 13273.5661  64.6%     -    2s
     0     0 13273.5661    0  231 8064.89393 13273.5661  64.6%     -    2s
     0     0 13244.6246    0  250 8064.89393 13244.6246  64.2%     -    2s
     0     0 13235.4991    0  250 8064.89393 13235.4991  64.1%     -    2s
     0     0 13235.4991    0  280 8064.89393 13235.4991  64.1%     -    2s
     0     0 13235.4991    0  230 8064.89393 13235.4991  64.1%     -    2s
     0     0 13235.4991    0  241 8064.89393 13235.4991  64.1%     -    2s
     0     0 13235.4991    0  249 8064.89393 13235.4991  64.1%     -    2s
     0     0 13235.4991    0  284 8064.89393 13235.4991  64.1%     -    2s
     0     0 13235.4991    0  288 8064.89393 13235.4991  64.1%     -    2s
     0     0 13235.4991    0  263 8064.89393 13235.4991  64.1%     -    2s
     0     0 13235.4991    0  265 8064.89393 13235.4991  64.1%     -    2s
     0     0 13235.4991    0  278 8064.89393 13235.4991  64.1%     -    2s
     0     0 13235.4991    0  243 8064.89393 13235.4991  64.1%     -    2s
     0     0 13235.4991    0  228 8064.89393 13235.4991  64.1%     -    2s
     0     0 13235.4991    0  214 8064.89393 13235.4991  64.1%     -    2s
     0     0 13235.4991    0  213 8064.89393 13235.4991  64.1%     -    2s
     0     0 13235.4991    0  228 8064.89393 13235.4991  64.1%     -    2s
     0     0 13235.4991    0  228 8064.89393 13235.4991  64.1%     -    2s
     0     0 13235.4991    0  253 8064.89393 13235.4991  64.1%     -    2s
     0     0 13235.4991    0  241 8064.89393 13235.4991  64.1%     -    2s
     0     0 13235.4991    0  254 8064.89393 13235.4991  64.1%     -    2s
     0     0 13235.4991    0  251 8064.89393 13235.4991  64.1%     -    3s
     0     0 13235.4991    0  245 8064.89393 13235.4991  64.1%     -    3s
     0     0 13235.4991    0  242 8064.89393 13235.4991  64.1%     -    3s
     0     2 13235.4991    0  209 8064.89393 13235.4991  64.1%     -    3s
H  242   222                    8064.8939392 13235.4991  64.1%   180    4s
   409   425 11849.8478   17  236 8064.89394 13235.4991  64.1%   133    5s
H 1134   930                    8238.5762916 13235.4991  60.7%  87.4    8s
  2014  1661 infeasible   51      8238.57629 13235.4991  60.7%  74.3   10s
  2496  1871 11367.6593   30   97 8238.57629 12876.3473  56.3%  20.2   17s
  5324  3393 8980.60344   87   21 8238.57629 12713.7257  54.3%  37.2   20s
  9825  6250 12713.6474   32  129 8238.57629 12713.7257  54.3%  43.6   25s
 14394  9704 8903.84393   66   72 8238.57629 12713.7257  54.3%  43.4   30s
H14405  9550                    8286.6991134 12713.7257  53.4%  43.4   30s
 19101 12942 11082.4246   49   65 8286.69911 12711.0040  53.4%  45.5   35s
 23703 17230 infeasible   40      8286.69911 12531.0245  51.2%  46.6   41s
 30493 21333 8698.05556   70   59 8286.69911 12413.5314  49.8%  47.5   45s
 35686 24294 10523.3762   50  108 8286.69911 12413.3772  49.8%  47.4   50s
 40882 27564 12037.6187   41  126 8286.69911 12393.5567  49.6%  47.8   55s
 47178 30381 9379.98107   44  242 8286.69911 12353.4671  49.1%  48.1   69s
 47185 30386 9140.35382   59  162 8286.69911 12353.4671  49.1%  48.0   70s
 47203 30398 9310.60575   61  190 8286.69911 12353.4671  49.1%  48.0   75s
 47216 30406 8947.70926   72  178 8286.69911 12353.4671  49.1%  48.0   80s
 47229 30415 8731.61115   68  188 8286.69911 12353.4671  49.1%  48.0   85s
H47233 28896                    8286.6991155 12353.4671  49.1%  48.0   87s
 47242 28902 10422.5106   52  192 8286.69912 12353.4671  49.1%  48.0   90s
 47257 28912 9956.48180   55  169 8286.69912 12353.4671  49.1%  48.0   95s
H47260 27467                    8286.6991168 12353.4671  49.1%  48.0   96s
 47270 27473 10147.4706   57  205 8286.69912 12353.4671  49.1%  48.0  100s
 47283 27482 8396.69211   54  173 8286.69912 12353.4671  49.1%  47.9  105s
 47295 27490 8712.47899   57  159 8286.69912 12353.4671  49.1%  47.9  110s
 47307 27498 8731.48974   79  164 8286.69912 12353.4671  49.1%  47.9  115s
 47319 27506 11507.0470   42  149 8286.69912 12353.4671  49.1%  47.9  120s
 47331 27514 11504.1507   47  159 8286.69912 12353.4671  49.1%  47.9  125s
 47346 27524 8852.56727   59  178 8286.69912 12353.4671  49.1%  47.9  130s
 47360 27533 9343.47050   64  179 8286.69912 12353.4671  49.1%  47.9  135s
 47373 27542 11637.9558   43  183 8286.69912 12353.4671  49.1%  47.9  140s
 47385 27550 9140.35382   59  216 8286.69912 12353.4671  49.1%  47.8  145s
H47487 26248                    8286.6991177 12353.4671  49.1%  54.0  149s
 47530 26275 11973.1319   40  166 8286.69912 12353.4671  49.1%  54.1  150s
 48383 26477 10148.6461   53   87 8286.69912 12353.4671  49.1%  56.3  156s
H48384 25165                    8385.1604689 12353.4671  47.3%  56.3  156s
 49805 25621 10232.4024   52   79 8385.16047 12353.4671  47.3%  58.9  160s
 52629 26409 infeasible   41      8385.16047 12353.4671  47.3%  62.7  165s
 55283 27131 infeasible   67      8385.16047 12353.4671  47.3%  64.1  170s
 56157 26858 10449.8801   48  131 8385.16047 12353.4671  47.3%  64.4  178s
 56179 27242 8769.97349   49  112 8385.16047 12353.4671  47.3%  64.4  180s
 59354 28053 10899.5074   43  155 8385.16047 12299.3017  46.7%  65.7  185s
 63115 28547 11854.5113   48  176 8385.16047 12288.3985  46.5%  65.8  192s
 64627 29771 10448.0265   60   80 8385.16047 12288.3985  46.5%  65.8  195s
 65858 29668 infeasible   66      8385.16047 12270.8041  46.3%  66.0  220s
 67781 30451 12210.2777   45  170 8385.16047 12252.2262  46.1%  66.4  225s
 70586 32864 12000.9177   48  154 8385.16047 12217.4794  45.7%  66.9  235s
 77279 32987 12042.5434   41  157 8385.16047 12168.4288  45.1%  68.0  242s
 79246 33252 11141.1018   49   95 8385.16047 12168.2635  45.1%  68.1  245s
 83140 35813 12074.0917   47  181 8385.16047 12151.3924  44.9%  68.1  252s
 86100 36370 9161.40454   88   37 8385.16047 12149.7876  44.9%  67.7  256s
 88501 36836 11647.0967   52  128 8385.16047 12149.4175  44.9%  67.8  260s
 92615 37864 11935.0970   47  144 8385.16047 12147.1311  44.9%  68.1  267s
 94633 42034 9957.08844   43  142 8385.16047 12141.8166  44.8%  68.2  277s
 102072 41226 12105.7945   49  129 8385.16047 12139.0309  44.8%  68.3  282s
 104764 42093 12017.0838   53  150 8385.16047 12139.0309  44.8%  68.3  287s
 107671 42379 infeasible   93      8385.16047 12139.0309  44.8%  68.2  290s
 112501 43516 11297.8468   54   95 8385.16047 12134.4192  44.7%  68.3  298s
 114779 44308 11038.5964   48  154 8385.16047 12125.8731  44.6%  68.2  302s
 117224 44845 11610.0727   53  142 8385.16047 12122.5845  44.6%  68.1  306s
 119610 47412 11209.4943   54  138 8385.16047 12119.9026  44.5%  68.2  315s
 127461 48603 8631.33585  108   10 8385.16047 12106.1674  44.4%  68.3  322s
 129348 50091 11704.4113   54  147 8385.16047 12101.6341  44.3%  68.5  326s
 131797 51463 11167.5622   59  165 8385.16047 12097.9049  44.3%  68.6  331s
 134078 52603 11236.4230   55  103 8385.16047 12091.9687  44.2%  68.7  335s
 138261 54837 infeasible   46      8385.16047 12086.3081  44.1%  69.2  343s
 140467 56226 12031.2572   50  156 8385.16047 12078.2791  44.0%  69.3  348s
 143174 58419 11612.6449   54  161 8385.16047 12074.2312  44.0%  69.5  355s
 146771 59989 11315.1782   47  136 8385.16047 12069.4387  43.9%  69.6  360s
 149871 61409     cutoff   72      8385.16047 12062.3286  43.9%  69.8  365s
 154068 63655 11569.8311   43  176 8385.16047 12052.1608  43.7%  70.0  373s
 156349 64987 11147.4108   44  171 8385.16047 12046.1891  43.7%  70.1  378s
*156931 64949             109    8399.5242655 12045.4758  43.4%  70.1  378s
*158462 64945             114    8402.1966498 12045.4758  43.4%  70.1  378s
 159015 66503 12017.1689   53  171 8402.19665 12045.4758  43.4%  70.1  383s
 161693 67847 11617.0862   57   91 8402.19665 12041.7131  43.3%  70.1  387s
 164022 69022 9268.33886   52  153 8402.19665 12036.6874  43.3%  70.2  391s
 166166 70646 11647.6602   47  160 8402.19665 12031.4482  43.2%  70.4  397s
 169590 71656 11924.8588   49  137 8402.19665 12024.3390  43.1%  70.5  402s
 171600 73284 11443.6196   61  131 8402.19665 12019.6626  43.1%  70.7  407s
 174675 74722 11448.5537   47  179 8402.19665 12017.7479  43.0%  70.6  411s
 177109 75852 9237.71752   62   50 8402.19665 12012.2310  43.0%  70.6  415s
 179651 76853 11472.6749   61  116 8402.19665 12011.1286  43.0%  70.6  420s
 184145 79411 11972.1892   46  170 8402.19665 11999.2977  42.8%  70.7  428s
 186237 80904 10613.4651   50  171 8402.19665 11995.6378  42.8%  70.8  433s
 188744 82117 11439.0577   54  153 8402.19665 11995.6378  42.8%  70.9  437s
 191026 83552 11937.9160   51  164 8402.19665 11987.4230  42.7%  70.9  443s
 194130 84850 11970.2205   54  172 8402.19665 11983.3499  42.6%  71.0  448s
 196487 86350 9258.97379   75   48 8402.19665 11982.7397  42.6%  71.0  452s
 199055 87900 10922.0290   51  117 8402.19665 11973.9465  42.5%  71.1  457s
 201498 89207 10595.7755   57  136 8402.19665 11969.1732  42.5%  71.1  461s
 203896 90591 9973.91696   55  106 8402.19665 11966.4277  42.4%  71.1  466s
 206261 92119 11611.1348   51  138 8402.19665 11963.3954  42.4%  71.1  470s
 209050 92138 11740.0854   56  174 8402.19665 11958.7139  42.3%  71.0  490s
 211047 93939 10323.6436   56  185 8402.19665 11953.2292  42.3%  71.0  498s
 212829 94856 9436.76256   49  116 8402.19665 11950.0647  42.2%  71.1  502s
 214675 96152 10775.4439   51  144 8402.19665 11947.2216  42.2%  71.2  509s
 217443 97335 11626.3182   48  130 8402.19665 11947.2216  42.2%  71.3  515s
 220013 98408 11606.1479   52  118 8402.19665 11936.0217  42.1%  71.3  521s
H222404 98315                    8440.5254704 11931.5611  41.4%  71.4  543s
 222460 99149 9456.79169   59   77 8440.52547 11931.3696  41.4%  71.4  548s
 224171 100284 9322.06085   68   74 8440.52547 11925.8349  41.3%  71.5  553s
 226675 101643 infeasible   60      8440.52547 11919.8809  41.2%  71.5  559s
 229241 103317 10678.0130   57  145 8440.52547 11915.7398  41.2%  71.5  565s
 232149 104613 8990.78632   71   69 8440.52547 11915.7398  41.2%  71.5  571s
 234637 106590 11791.7330   49  177 8440.52547 11904.2147  41.0%  71.5  577s
 237791 109423     cutoff   72      8440.52547 11900.9695  41.0%  71.5  587s
 243185 110867 infeasible   67      8440.52547 11894.4998  40.9%  71.3  593s
 245979 112365 11503.9513   50  151 8440.52547 11894.4998  40.9%  71.0  599s
 248754 113687 11733.7010   50  129 8440.52547 11894.4998  40.9%  70.7  604s
 251480 116022 11384.6699   55  110 8440.52547 11894.4998  40.9%  70.5  609s
 254611 117107 infeasible   67      8440.52547 11894.4998  40.9%  70.0  613s
 256733 118139 infeasible   70      8440.52547 11894.4998  40.9%  69.8  617s
 258563 119243 11505.5812   47  134 8440.52547 11890.9749  40.9%  69.7  620s
 261374 120278 11271.0586   50  139 8440.52547 11888.6916  40.9%  69.6  625s
 262288 123422 11571.0642   57  159 8440.52547 11887.7297  40.8%  69.6  635s
 269346 124587 10758.0883   55  122 8440.52547 11880.6825  40.8%  69.1  640s
 272345 127182 11157.2366   64   86 8440.52547 11876.3557  40.7%  69.0  648s
 274588 128102 11306.2823   47  177 8440.52547 11873.5368  40.7%  68.9  652s
 276426 128859 11334.0881   61  132 8440.52547 11870.5016  40.6%  68.9  656s
 277907 130288 11868.2345   42  159 8440.52547 11868.2345  40.6%  68.9  660s
 280619 131686 11477.1769   48  126 8440.52547 11868.2345  40.6%  68.9  665s
 282903 133013     cutoff   69      8440.52547 11868.2345  40.6%  68.9  670s
 287084 135843 10091.7936   57   84 8440.52547 11868.2345  40.6%  68.9  680s
 289493 138026 11851.1795   50  175 8440.52547 11864.8025  40.6%  69.1  687s
 292835 140637 11826.6465   48  118 8440.52547 11861.7610  40.5%  69.0  695s
 296707 142154 11280.8436   56  118 8440.52547 11861.7610  40.5%  68.8  701s
 299220 144547 11858.7361   51  117 8440.52547 11861.7610  40.5%  68.7  708s
 302841 146920 8795.64416   69   49 8440.52547 11861.7610  40.5%  68.5  715s
 306299 148005 11852.6335   52  128 8440.52547 11861.7610  40.5%  68.3  721s
 308495 149223 infeasible   53      8440.52547 11861.7610  40.5%  68.3  726s
 311118 151257 infeasible   66      8440.52547 11861.7610  40.5%  68.2  733s
 314675 152835 10731.3956   65   66 8440.52547 11859.0615  40.5%  68.2  740s
 317434 154979 11327.1142   55  125 8440.52547 11858.2533  40.5%  68.1  747s
 321275 156571 10667.6268   66   95 8440.52547 11858.2533  40.5%  67.8  752s
 323968 157963 11755.1750   49  136 8440.52547 11856.6331  40.5%  67.7  758s
 326708 159586 10561.2471   48  119 8440.52547 11855.2115  40.5%  67.6  764s
 329515 160898 11814.3849   58  101 8440.52547 11854.5959  40.4%  67.5  769s
 332012 162094 8982.09141   74   42 8440.52547 11854.5959  40.4%  67.4  774s
 333919 164796 10923.1145   64   77 8440.52547 11854.5959  40.4%  67.4  783s
 338298 166374 11119.7502   59   87 8440.52547 11852.2783  40.4%  67.2  788s
 340799 168244 9944.82802   71   80 8440.52547 11851.3734  40.4%  67.2  794s
 343458 170226 10296.5064   66   79 8440.52547 11851.1795  40.4%  67.2  801s
 346464 171384 11787.0525   52  125 8440.52547 11851.1795  40.4%  67.1  805s
 348289 172921 11822.1786   53  172 8440.52547 11851.1795  40.4%  67.1  810s
 350598 174653 11676.0157   55  175 8440.52547 11850.9383  40.4%  67.1  815s
 353513 176173 11097.7351   66  116 8440.52547 11850.7538  40.4%  66.9  820s
 355849 177537 11824.8730   49  156 8440.52547 11850.2253  40.4%  66.9  825s
 357947 180722 11286.6033   54  104 8440.52547 11850.2253  40.4%  66.9  834s
 362549 182084     cutoff   69      8440.52547 11849.4415  40.4%  66.8  839s
 364892 183624 11260.2959   58   86 8440.52547 11849.0215  40.4%  66.8  843s
 367122 184902 11827.4604   57  157 8440.52547 11848.8302  40.4%  66.8  847s
 369027 185937 10657.6788   51  162 8440.52547 11848.6824  40.4%  66.8  851s
 370531 187072 11834.0644   50  156 8440.52547 11848.1285  40.4%  66.8  855s
 372419 189096 11789.6785   59  170 8440.52547 11847.5723  40.4%  66.9  860s
 375382 191751 11841.0354   53  126 8440.52547 11847.2081  40.4%  66.8  867s
 379529 193788 infeasible   83      8440.52547 11847.1107  40.4%  66.6  872s
 382722 196808 11060.3034   52  181 8440.52547 11847.1107  40.4%  66.5  882s
 388416 197368 11263.4520   55  143 8440.52547 11847.1107  40.4%  66.5  886s
 391140 199389 11615.5455   54  104 8440.52547 11846.8379  40.4%  66.6  893s
 393016 200357 11138.5289   50  169 8440.52547 11846.8379  40.4%  66.6  898s
 394837 201745 11846.3947   51  129 8440.52547 11846.3947  40.4%  66.6  902s
 396989 202700 9254.96168   62   51 8440.52547 11845.9683  40.3%  66.6  907s
 398831 203887 9300.03611   64   98 8440.52547 11845.2842  40.3%  66.7  912s
 401111 205181     cutoff   72      8440.52547 11845.0625  40.3%  66.6  917s
 403436 206485 9844.39656   54   72 8440.52547 11844.9938  40.3%  66.6  922s
 405589 208365 11805.1208   62  130 8440.52547 11843.3874  40.3%  66.6  930s
 408950 209419 10777.4014   49   97 8440.52547 11843.2306  40.3%  66.7  935s
 410791 211565 9864.87907   70   55 8440.52547 11842.5046  40.3%  66.7  942s
 414150 213030 10507.3494   61   87 8440.52547 11842.1774  40.3%  66.6  948s
 416356 214556 10148.3589   56  159 8440.52547 11841.3560  40.3%  66.7  953s
 418816 216338 11678.2172   53  177 8440.52547 11840.8828  40.3%  66.7  959s
 421560 217687 11774.5900   56  180 8440.52547 11840.2940  40.3%  66.6  964s
 424066 219105 11823.9375   54  176 8440.52547 11839.6913  40.3%  66.6  970s
 426407 220349 11478.7446   57  111 8440.52547 11839.1703  40.3%  66.6  975s
 428563 221751 11295.5383   50  112 8440.52547 11838.3338  40.3%  66.6  981s
 431122 223791 11824.7026   56  164 8440.52547 11837.5772  40.2%  66.7  988s
*432238 223363             112    8479.9731484 11837.3187  39.6%  66.7  988s
 434408 224253 11423.8531   56  125 8479.97315 11836.5592  39.6%  66.7  993s
 436371 225791 10622.6045   60   71 8479.97315 11836.2927  39.6%  66.7 1000s
 439005 227065 11261.8529   52  126 8479.97315 11836.2927  39.6%  66.7 1006s
 441356 228525 11804.3764   51  151 8479.97315 11835.9388  39.6%  66.7 1011s
 443959 229821 10998.7715   64   56 8479.97315 11834.5907  39.6%  66.7 1017s
 446335 231332     cutoff   79      8479.97315 11834.0644  39.6%  66.8 1023s
 448695 232630 11432.5920   61  131 8479.97315 11833.0828  39.5%  66.7 1029s
 451100 233835 11578.9702   59  174 8479.97315 11832.3819  39.5%  66.7 1034s
 453235 235109 11627.2722   50  181 8479.97315 11831.8237  39.5%  66.8 1041s
 455833 236165 10399.6416   45  201 8479.97315 11831.2132  39.5%  66.8 1047s
 457938 237898 11801.4745   56  106 8479.97315 11829.9538  39.5%  66.9 1053s
 460632 239047 11278.9940   58  169 8479.97315 11828.8920  39.5%  66.9 1060s
 462689 240319 10284.0855   66   72 8479.97315 11827.7832  39.5%  66.9 1066s
 464917 241469 11150.8244   53   99 8479.97315 11826.9496  39.5%  66.9 1071s
 466962 243131 11327.0687   62  110 8479.97315 11826.0435  39.5%  67.0 1078s
 469704 245126 11810.7800   59  168 8479.97315 11825.0082  39.4%  66.9 1084s
 472790 246470 11231.5520   60   96 8479.97315 11824.2632  39.4%  66.9 1090s
 475263 247613 11251.7544   57  105 8479.97315 11824.2632  39.4%  67.0 1096s
 477254 249546 10304.0665   65   73 8479.97315 11824.0543  39.4%  67.0 1104s
 480062 251187 infeasible   73      8479.97315 11822.6361  39.4%  67.0 1110s
 482928 252553 11750.1858   44  233 8479.97315 11821.5636  39.4%  67.0 1117s
 485395 253831 11485.9097   60  121 8479.97315 11820.3984  39.4%  67.0 1123s
 487734 254924 9954.43769   72   43 8479.97315 11819.2916  39.4%  67.0 1129s
 489727 256850 infeasible   74      8479.97315 11818.8138  39.4%  67.0 1136s
 493045 257858 11421.7653   55  148 8479.97315 11817.6790  39.4%  66.9 1142s
 494763 259428 9656.56310   73   57 8479.97315 11817.0072  39.4%  67.0 1149s
 497213 261102 11750.3881   61  128 8479.97315 11816.1169  39.3%  67.0 1155s
 499974 262376 9840.33217   63   93 8479.97315 11815.1113  39.3%  67.0 1161s
 502150 263892 11779.6801   53  139 8479.97315 11814.3776  39.3%  67.0 1168s
 504883 265502 9833.63006   81   62 8479.97315 11813.2334  39.3%  67.0 1174s
 505272 265502 11463.9455   51  122 8479.97315 11813.0533  39.3%  67.0 1175s
 507365 266745 10097.8270   62   76 8479.97315 11812.5646  39.3%  67.0 1180s
 509550 268518 infeasible   84      8479.97315 11811.7303  39.3%  67.0 1187s
 512646 269666 11463.9455   54  106 8479.97315 11810.7053  39.3%  67.0 1192s
 514683 270751 11462.3725   61  113 8479.97315 11809.7666  39.3%  67.0 1198s
 516645 271985 11783.7654   59  158 8479.97315 11809.1618  39.3%  67.0 1204s
 518951 273042 11221.8106   54  126 8479.97315 11807.9757  39.2%  67.0 1211s
 521097 274088 10784.2567   59  166 8479.97315 11807.2803  39.2%  67.0 1216s
 523090 275546 11694.3466   50  211 8479.97315 11807.2803  39.2%  67.1 1223s
 525811 276567 11275.5593   44  167 8479.97315 11804.9599  39.2%  67.1 1231s
 527982 278395 11220.0899   62  116 8479.97315 11803.6129  39.2%  67.1 1238s
 530896 280036 11330.0400   59  123 8479.97315 11802.6057  39.2%  67.1 1246s
 533488 280995 11298.1791   59  123 8479.97315 11801.8084  39.2%  67.1 1251s
 535590 282454 11385.7801   56  101 8479.97315 11800.7895  39.2%  67.1 1257s
 538147 283833 11252.2027   52  158 8479.97315 11800.1166  39.2%  67.1 1264s
 540693 284698 10996.8898   45  209 8479.97315 11799.2189  39.1%  67.1 1269s
 542385 285982 9329.19182   53  217 8479.97315 11797.8540  39.1%  67.2 1276s
 544795 287789 11794.7448   50  109 8479.97315 11797.8540  39.1%  67.2 1285s
 547760 290342 8981.86305   70   71 8479.97315 11797.8540  39.1%  67.1 1294s
 548563 290342 10706.0871   52  115 8479.97315 11797.8540  39.1%  67.1 1295s
 551741 291962 11753.9978   57  140 8479.97315 11797.8540  39.1%  67.0 1303s
 554660 292950 11409.4696   50  150 8479.97315 11797.2487  39.1%  67.0 1309s
 556512 294275 11485.9097   58  111 8479.97315 11795.9746  39.1%  67.1 1315s
 558716 295704 10279.0925   71   75 8479.97315 11795.2682  39.1%  67.1 1323s
 561580 296978 10499.7814   61  118 8479.97315 11794.4231  39.1%  67.1 1329s
 563098 296978 11291.6377   54  106 8479.97315 11794.1869  39.1%  67.1 1330s
 564057 297996 11788.4058   52  162 8479.97315 11793.8007  39.1%  67.1 1336s
 566103 300282 9801.05059   59  149 8479.97315 11792.7834  39.1%  67.1 1345s
 569466 301480 8926.59135   67   70 8479.97315 11792.5775  39.1%  67.1 1350s
 571392 303162 11440.7106   52  166 8479.97315 11792.5775  39.1%  67.1 1357s
*573280 302838             110    8501.8113989 11792.5775  38.7%  67.0 1358s
 574444 304053 10351.6983   60  100 8501.81140 11792.3197  38.7%  67.0 1364s
 577061 305066 10488.0196   52  148 8501.81140 11790.4357  38.7%  67.0 1371s
 579113 306631 11741.5932   62  122 8501.81140 11789.6436  38.7%  67.1 1380s
 582120 308145 11128.9872   55  125 8501.81140 11788.8629  38.7%  67.1 1388s
 584802 309716 10715.6413   69   61 8501.81140 11787.9474  38.7%  67.1 1395s
 587533 311046 11531.1628   59  134 8501.81140 11787.1641  38.6%  67.1 1402s
 589681 312987 11770.6887   50  215 8501.81140 11786.3797  38.6%  67.1 1411s
 592391 314410 11775.0686   47  217 8501.81140 11786.0905  38.6%  67.1 1417s
 594833 315689 11550.2396   51  122 8501.81140 11785.1338  38.6%  67.1 1425s
 597164 316910 11626.3113   60  165 8501.81140 11784.1625  38.6%  67.1 1432s
 599447 318416 8743.51348   66   58 8501.81140 11783.5467  38.6%  67.2 1439s
 600157 318416 infeasible   79      8501.81140 11783.3392  38.6%  67.1 1440s
 602135 319759 11445.7294   56  173 8501.81140 11782.4153  38.6%  67.1 1447s
 604572 321322 11740.1072   55  130 8501.81140 11781.3328  38.6%  67.2 1455s
 607719 322416 11597.9561   51  143 8501.81140 11780.2979  38.6%  67.2 1463s
 609768 323770 11764.9934   54  171 8501.81140 11779.7287  38.6%  67.2 1470s
 612307 324787 11355.3049   65   88 8501.81140 11779.3742  38.6%  67.2 1477s
 614338 326202 11451.2181   53  164 8501.81140 11778.1584  38.5%  67.2 1484s
 616556 327474 11336.5135   53  149 8501.81140 11777.2097  38.5%  67.3 1492s
 618817 329369 10074.5493   59  127 8501.81140 11776.2089  38.5%  67.3 1501s
 622281 330856 11761.3832   52  126 8501.81140 11775.5410  38.5%  67.3 1509s
 624749 332609 infeasible   69      8501.81140 11775.0686  38.5%  67.3 1518s
 627324 334063 11757.2771   54  177 8501.81140 11775.0135  38.5%  67.3 1527s
 629796 335616 11774.7505   52  175 8501.81140 11774.7505  38.5%  67.4 1535s
 632312 337432 11230.3564   61  178 8501.81140 11774.0123  38.5%  67.4 1544s
 633212 337432 11717.2647   57  124 8501.81140 11773.9148  38.5%  67.4 1545s
 634920 339521 11037.8382   69   78 8501.81140 11773.6246  38.5%  67.4 1554s
 638113 340213 11422.0027   57  137 8501.81140 11773.4171  38.5%  67.4 1559s
 639355 341765 11758.9813   55  178 8501.81140 11773.1741  38.5%  67.5 1567s
 641805 342729 11659.5726   65  120 8501.81140 11772.6986  38.5%  67.5 1573s
 643433 344084 11759.0855   60  149 8501.81140 11772.3638  38.5%  67.6 1581s
 645693 345237 11591.2556   53  176 8501.81140 11771.8105  38.5%  67.6 1588s
 647597 346809 11748.0561   55  161 8501.81140 11771.4012  38.5%  67.7 1597s
 650232 347799 11766.3751   59  153 8501.81140 11771.0266  38.5%  67.7 1605s
 652168 349551 9490.44093   66   63 8501.81140 11770.4946  38.4%  67.8 1614s
 654265 349551 9517.54233   66   87 8501.81140 11770.3520  38.4%  67.8 1615s
 655174 350759 11686.9557   49  149 8501.81140 11769.9963  38.4%  67.8 1623s
 657434 352870 10881.8839   55  178 8501.81140 11769.3632  38.4%  67.8 1633s
 660661 354119 9448.31226   66  182 8501.81140 11768.9985  38.4%  67.9 1641s
 663011 356305 11539.8884   58  118 8501.81140 11768.3290  38.4%  67.8 1652s
 666744 358516 9832.24627   58  159 8501.81140 11767.9110  38.4%  67.9 1663s
 670452 360464 11229.5871   54  128 8501.81140 11767.9110  38.4%  67.9 1672s
 673859 362730 11767.7497   50  162 8501.81140 11767.7950  38.4%  67.8 1684s
 677410 364188 9217.98413   76   54 8501.81140 11767.4763  38.4%  67.8 1691s
 679652 365701 10100.9094   57   99 8501.81140 11767.4763  38.4%  67.8 1700s
 682391 367390 11435.7871   53  173 8501.81140 11766.9388  38.4%  67.8 1709s
 684861 369695 11582.6234   57  202 8501.81140 11766.7976  38.4%  67.8 1719s
 688340 370707 11210.5370   59  170 8501.81140 11766.7976  38.4%  67.7 1726s
 690212 372173 11744.7082   52  173 8501.81140 11766.7136  38.4%  67.8 1733s
 692359 373339 9849.46072   67   49 8501.81140 11766.6364  38.4%  67.8 1740s
 694296 374482 11382.1985   63  157 8501.81140 11766.3751  38.4%  67.8 1748s
 696268 375450 9535.69112   84   54 8501.81140 11766.1915  38.4%  67.8 1754s
 697963 377466 10526.0527   65  112 8501.81140 11765.7690  38.4%  67.8 1764s
 700066 377466 11743.3316   58  165 8501.81140 11765.6915  38.4%  67.8 1765s
 701139 378712 10664.8373   58  104 8501.81140 11765.6915  38.4%  67.8 1772s
 703308 380130 8731.65683   78   39 8501.81140 11765.1977  38.4%  67.8 1781s
 705496 381137 11321.6068   55  175 8501.81140 11764.7460  38.4%  67.8 1787s
 707259 382212 11188.0703   56  131 8501.81140 11764.2114  38.4%  67.8 1794s
 709112 382976 11740.8581   56  196 8501.81140 11763.8273  38.4%  67.8 1800s

Cutting planes:
  Learned: 14
  Gomory: 396
  Cover: 140
  Implied bound: 2
  MIR: 3127
  StrongCG: 1
  Flow cover: 4208
  Inf proof: 115
  Zero half: 3
  Relax-and-lift: 14

Explored 710381 nodes (48398751 simplex iterations) in 1800.47 seconds (853.16 work units)
Thread count was 20 (of 20 available processors)

Solution count 10: 8501.81 8479.97 8440.53 ... 8286.7

Time limit reached
Best objective 8.501811398870e+03, best bound 1.176367672199e+04, gap 38.3667%
