
Gurobi 10.0.1 (win64) logging started Tue Apr 28 11:15:14 2026

Set parameter LogFile to value "D:\Project_Code\Paper\DP_LBBD_1\DP_lbbd\Algorithm\Results\mip_v1\medium\exp_5f_35j_seed3\log\exp_5f_35j_seed3_gurobi.log"
Set parameter LogToConsole to value 0
Gurobi Optimizer version 10.0.1 build v10.0.1rc0 (win64)

CPU model: Intel(R) Core(TM) Ultra 7 265KF, instruction set [SSE2|AVX|AVX2]
Thread count: 20 physical cores, 20 logical processors, using up to 20 threads

Optimize a model with 44708 rows, 22330 columns and 218706 nonzeros
Model fingerprint: 0x806ddc5f
Variable types: 700 continuous, 21630 integer (21630 binary)
Coefficient statistics:
  Matrix range     [1e+00, 1e+02]
  Objective range  [2e+01, 2e+03]
  Bounds range     [1e+00, 1e+02]
  RHS range        [1e+00, 4e+02]
Found heuristic solution: objective -0.0000000
Presolve removed 24572 rows and 12227 columns
Presolve time: 0.21s
Presolved: 20136 rows, 10103 columns, 97681 nonzeros
Variable types: 488 continuous, 9615 integer (9615 binary)

Root relaxation: objective 1.835495e+04, 1112 iterations, 0.02 seconds (0.04 work units)

    Nodes    |    Current Node    |     Objective Bounds      |     Work
 Expl Unexpl |  Obj  Depth IntInf | Incumbent    BestBd   Gap | It/Node Time

     0     0 18354.9460    0  124   -0.00000 18354.9460      -     -    0s
H    0     0                    12436.385712 18354.9460  47.6%     -    0s
     0     0 18354.9460    0  132 12436.3857 18354.9460  47.6%     -    1s
H    0     0                    13229.110731 18354.9460  38.7%     -    2s
H    0     0                    13617.696408 18354.9460  34.8%     -    2s
H    0     0                    13920.127295 18354.9460  31.9%     -    2s
     0     0 18354.9460    0  133 13920.1273 18354.9460  31.9%     -    2s
     0     0 18354.9460    0  138 13920.1273 18354.9460  31.9%     -    2s
     0     0 18354.9460    0  146 13920.1273 18354.9460  31.9%     -    3s
     0     0 18354.9460    0  135 13920.1273 18354.9460  31.9%     -    3s
     0     0 18352.9080    0  132 13920.1273 18352.9080  31.8%     -    3s
H    0     0                    14051.182188 18352.8255  30.6%     -    3s
     0     0 18352.8255    0  144 14051.1822 18352.8255  30.6%     -    3s
     0     0 18352.7651    0  137 14051.1822 18352.7651  30.6%     -    3s
     0     0 18352.7651    0  138 14051.1822 18352.7651  30.6%     -    3s
     0     0 18336.6039    0  130 14051.1822 18336.6039  30.5%     -    3s
     0     0 18292.9488    0  146 14051.1822 18292.9488  30.2%     -    3s
     0     0 18292.9488    0  144 14051.1822 18292.9488  30.2%     -    3s
     0     0 18292.9488    0  145 14051.1822 18292.9488  30.2%     -    3s
     0     0 18292.9488    0  145 14051.1822 18292.9488  30.2%     -    4s
     0     0 18292.9488    0  167 14051.1822 18292.9488  30.2%     -    4s
     0     0 18292.9488    0  141 14051.1822 18292.9488  30.2%     -    4s
     0     0 18292.9488    0  139 14051.1822 18292.9488  30.2%     -    4s
     0     0 18292.9488    0  162 14051.1822 18292.9488  30.2%     -    4s
     0     0 18292.9488    0  156 14051.1822 18292.9488  30.2%     -    4s
     0     0 18292.9488    0  157 14051.1822 18292.9488  30.2%     -    4s
     0     0 18292.9488    0  157 14051.1822 18292.9488  30.2%     -    4s
     0     0 18292.9488    0  156 14051.1822 18292.9488  30.2%     -    4s
     0     0 18292.9488    0  164 14051.1822 18292.9488  30.2%     -    5s
     0     0 18292.9488    0  164 14051.1822 18292.9488  30.2%     -    5s
     0     0 18292.9488    0  177 14051.1822 18292.9488  30.2%     -    5s
     0     0 18292.9488    0  147 14051.1822 18292.9488  30.2%     -    5s
     0     0 18292.9488    0  145 14051.1822 18292.9488  30.2%     -    5s
     0     0 18292.9488    0  179 14051.1822 18292.9488  30.2%     -    5s
     0     0 18292.9488    0  177 14051.1822 18292.9488  30.2%     -    5s
     0     0 18292.9488    0  162 14051.1822 18292.9488  30.2%     -    5s
     0     0 18292.9488    0  164 14051.1822 18292.9488  30.2%     -    6s
     0     0 18292.9488    0  139 14051.1822 18292.9488  30.2%     -    6s
     0     0 18292.9488    0  122 14051.1822 18292.9488  30.2%     -    6s
     0     0 18292.9488    0  128 14051.1822 18292.9488  30.2%     -    6s
     0     0 18292.9488    0  128 14051.1822 18292.9488  30.2%     -    6s
H    0     0                    14295.700510 18292.9488  28.0%     -    7s
     0     2 18292.9488    0  128 14295.7005 18292.9488  28.0%     -    7s
    31    52 17984.1165    5  201 14295.7005 18284.4858  27.9%   286   10s
H   36    52                    14537.824678 18284.4858  25.8%   257   10s
  1440  1341 15365.8583   61  143 14537.8247 18280.9369  25.7%  46.3   15s
H 1985  1662                    14571.296873 18280.9369  25.5%  44.1   17s
  2403  1970 16452.5364   58  128 14571.2969 18243.2433  25.2%  42.4   20s
  2415  1979 17327.1932   22   49 14571.2969 18243.2433  25.2%  43.5   25s
H 2612  2032                    14575.186380 18243.2433  25.2%   3.2   27s
H 2614  1937                    14652.635167 18243.2433  24.5%   3.2   27s
  3954  2733 16788.7076   70   42 14652.6352 18243.2433  24.5%   6.9   30s
  9725  5924 16010.5644   59   69 14652.6352 18212.1099  24.3%  12.3   35s
*13203  8095             133    14785.814653 18211.8039  23.2%  12.9   37s
H14276  8684                    15009.649053 18211.8039  21.3%  13.2   38s
H14559  8570                    15049.020666 18211.8039  21.0%  13.3   38s
 16008 10150 17614.8682   70   68 15049.0207 18211.8039  21.0%  13.7   40s
H16124  9338                    15356.308929 18211.8039  18.6%  13.7   40s
H16218  8988                    15478.473160 18211.8039  17.7%  13.7   40s
 18676 10671 17457.2447   63   56 15478.4732 18211.8039  17.7%  13.9   55s
H18953 10635                    15502.009749 18211.8039  17.5%  13.9   56s
H20019 11890                    15544.858646 18211.8039  17.2%  14.1   58s
H20114 11774                    15582.910415 18211.8039  16.9%  14.1   58s
*21864 12420             115    15591.722072 18211.8039  16.8%  14.1   59s
H22003 11479                    15914.268233 18211.8039  14.4%  14.1   60s
H22105 11424                    15929.657552 18211.8039  14.3%  14.1   60s
 26870 15099 16554.6617   83   35 15929.6576 18182.6149  14.1%  14.5   65s
 33552 20536 17303.2313   86   60 15929.6576 18182.6149  14.1%  14.8   71s
 37927 24036 18164.8911   59   47 15929.6576 18182.6149  14.1%  15.0   76s
 43477 27656 16491.2002   71   29 15929.6576 18182.6149  14.1%  15.1   81s
 47593 29084 17397.3502   84  128 15929.6576 18182.6149  14.1%  15.3  108s
 47596 29086 16531.7682   89   73 15929.6576 18182.6149  14.1%  15.3  110s
 47608 29094 15980.6572   79   80 15929.6576 18182.6149  14.1%  15.3  115s
 47612 29097 17530.6323   80   78 15929.6576 18182.6149  14.1%  15.3  121s
 47620 29102 17917.9413   60   88 15929.6576 18182.6149  14.1%  15.3  125s
 47626 29106 17624.4609   56   81 15929.6576 18182.6149  14.1%  15.3  130s
H47628 27651                    15997.028400 18182.6149  13.7%  15.3  133s
 47632 27654 16532.0034   97   95 15997.0284 18182.6149  13.7%  15.3  135s
 47642 27661 16609.9589  119   96 15997.0284 18176.3828  13.6%  15.3  140s
 47649 27665 17160.8855   67   92 15997.0284 18170.6522  13.6%  15.3  145s
 48609 28215 16929.3549   69   61 15997.0284 18170.6522  13.6%  16.2  150s
 51675 29454 16277.8173  109   69 15997.0284 18170.6522  13.6%  17.3  155s
 55076 30652 16253.3771   79   57 15997.0284 18157.7600  13.5%  18.1  160s
 59351 32449 16286.8434  108   42 15997.0284 18153.5087  13.5%  19.1  165s
 62881 33565 infeasible   84      15997.0284 18131.7772  13.3%  19.9  177s
 63686 33616 16230.2727   87   42 15997.0284 18131.7772  13.3%  20.1  182s
 65209 34523 16456.7027   77   60 15997.0284 18127.6707  13.3%  20.5  185s
 68567 36222 16584.4030  114   65 15997.0284 18127.2787  13.3%  21.1  190s
 71273 37842 infeasible  101      15997.0284 18127.2787  13.3%  21.7  195s
 76593 39675 17014.7380  105   78 15997.0284 18127.2787  13.3%  22.4  200s
 81268 41519 18127.2787   57   74 15997.0284 18127.2787  13.3%  23.0  205s
 85669 43243 16793.9976   86   57 15997.0284 18127.2787  13.3%  23.5  211s
 89441 43520 18041.2529   65   75 15997.0284 18127.2787  13.3%  24.0  216s
 91650 45758 16697.4592  111   57 15997.0284 18127.2787  13.3%  24.3  221s
 96340 48915 16401.7235   95   68 15997.0284 18127.2787  13.3%  24.8  229s
 100156 47720 16195.4491  113   47 15997.0284 18127.2787  13.3%  25.0  232s
 100288 49694 16034.6616  113   35 15997.0284 18127.2787  13.3%  25.0  235s
 105335 51259 infeasible   86      15997.0284 18126.3538  13.3%  25.3  243s
 107815 52095 infeasible   71      15997.0284 18126.3538  13.3%  25.4  246s
 111986 53578 16522.9324   93   39 15997.0284 18125.4387  13.3%  25.6  252s
 114414 54490 17878.6051   64   67 15997.0284 18125.1305  13.3%  25.8  256s
 119319 54815 16780.2701  104   66 15997.0284 18124.5593  13.3%  26.2  260s
 119445 57365 17187.5688   95   57 15997.0284 18124.5593  13.3%  26.2  265s
 125445 58830 16176.8481  102   42 15997.0284 18124.0980  13.3%  26.5  272s
 127757 59788 17726.2688   70   74 15997.0284 18124.0980  13.3%  26.8  275s
 132959 62436 17488.8929   70   67 15997.0284 18124.0980  13.3%  27.1  282s
 135351 64092 18038.6030   72   67 15997.0284 18124.0980  13.3%  27.3  285s
 139742 67335 16780.4794   85   54 15997.0284 18124.0980  13.3%  27.5  291s
 142415 69136 16385.0878   91   55 15997.0284 18124.0980  13.3%  27.6  296s
 144936 71834 17490.5558   82   66 15997.0284 18124.0980  13.3%  27.8  301s
 151069 75779 18124.0980   60   84 15997.0284 18124.0980  13.3%  28.0  309s
 154159 77759 infeasible   97      15997.0284 18124.0980  13.3%  28.1  312s
 156486 79566 16713.7852  115   49 15997.0284 18124.0980  13.3%  28.1  316s
 159141 81804 16523.4225  111   47 15997.0284 18124.0980  13.3%  28.1  320s
 162159 84010 17448.6430   85   58 15997.0284 18124.0980  13.3%  28.3  325s
 165297 85739 18035.4389   69   64 15997.0284 18124.0980  13.3%  28.3  330s
 167678 88365 infeasible  119      15997.0284 18124.0980  13.3%  28.4  336s
 171533 90470 16639.4588   94   55 15997.0284 18124.0980  13.3%  28.5  341s
 174177 92775 16878.5282  100   82 15997.0284 18124.0980  13.3%  28.6  346s
 177326 95233 17516.5922   82   62 15997.0284 18124.0980  13.3%  28.6  350s
 182416 99115 16353.6446   78   62 15997.0284 18124.0980  13.3%  28.6  358s
 185375 101272 18121.3247   62   96 15997.0284 18124.0980  13.3%  28.7  362s
 188324 103587 16745.0603  110   88 15997.0284 18124.0980  13.3%  28.7  368s
 191588 104639 17498.7730   74   60 15997.0284 18123.9049  13.3%  28.7  371s
 193201 106092 16716.0626   86   66 15997.0284 18123.8561  13.3%  28.8  375s
 195372 108396 16172.9894   85   46 15997.0284 18123.8561  13.3%  28.8  381s
 198733 110264 infeasible   82      15997.0284 18123.5371  13.3%  28.9  386s
 201696 111913 16634.8894   84   56 15997.0284 18123.3848  13.3%  28.9  391s
 205257 114687 16430.7915  104   47 15997.0284 18123.3848  13.3%  29.0  399s
 208448 116263 17476.0293   72   66 15997.0284 18123.1481  13.3%  29.0  404s
 210950 118370 infeasible   82      15997.0284 18123.1481  13.3%  29.1  409s
 213834 120318 16910.6959  101   50 15997.0284 18122.6769  13.3%  29.1  415s
 216434 122493 17543.6272   86   66 15997.0284 18122.5734  13.3%  29.1  421s
 219548 124534 17862.7074   69   69 15997.0284 18122.5210  13.3%  29.2  426s
 222526 124570 16334.2005  137   34 15997.0284 18122.5210  13.3%  29.2  430s
 222598 126180 16225.6700  137   40 15997.0284 18122.4514  13.3%  29.2  435s
 224934 128527 18118.7036   63   68 15997.0284 18122.2845  13.3%  29.3  441s
 228099 130793 17596.6038   59   76 15997.0284 18122.2845  13.3%  29.3  447s
 231083 131913 17071.1473   97   72 15997.0284 18122.2845  13.3%  29.3  451s
 232791 134199 16486.3939   90   62 15997.0284 18122.2845  13.3%  29.3  457s
 235813 136821 17485.2874   81   61 15997.0284 18122.2845  13.3%  29.4  463s
 239035 138657 16469.1843  109   74 15997.0284 18122.2845  13.3%  29.3  470s
 242419 140585 16329.0380   84   68 15997.0284 18121.5909  13.3%  29.4  476s
 245186 142570 17787.9321   76   64 15997.0284 18121.5909  13.3%  29.4  482s
 248074 145012 18027.3849   68   59 15997.0284 18121.5909  13.3%  29.4  487s
 250807 147079 16691.7409  103   83 15997.0284 18121.5909  13.3%  29.4  492s
 253701 149159 17826.9720   73   68 15997.0284 18121.4573  13.3%  29.4  497s
 256430 151241 18110.3647   64   72 15997.0284 18121.4573  13.3%  29.4  502s
 259126 152805 infeasible   90      15997.0284 18121.2215  13.3%  29.4  507s
 261486 154568 16949.4534   88   55 15997.0284 18121.1474  13.3%  29.4  513s
 264431 156762 17752.5940   66   69 15997.0284 18121.0139  13.3%  29.4  522s
 267886 156776 16235.9808   87   55 15997.0284 18120.8996  13.3%  29.5  526s
 267910 158600 infeasible   88      15997.0284 18120.8923  13.3%  29.5  532s
 270483 160821 16099.1943   77   38 15997.0284 18120.8306  13.3%  29.5  539s
 271008 160821 16294.9632  106   39 15997.0284 18120.7582  13.3%  29.5  540s
 273737 162887 16236.6653   97   45 15997.0284 18120.6117  13.3%  29.5  547s
 276819 164832 16817.8750   81   71 15997.0284 18120.6117  13.3%  29.6  554s
 279680 166815 16763.7198  102   61 15997.0284 18120.3742  13.3%  29.6  562s
 282658 168708 16535.7070   84   54 15997.0284 18120.1877  13.3%  29.7  569s
 285592 170535 16070.2533  109   42 15997.0284 18120.0831  13.3%  29.7  576s
 288470 173664 17312.0718   76   66 15997.0284 18119.9576  13.3%  29.7  584s
 292214 175382 16271.9888  107   76 15997.0284 18119.9463  13.3%  29.7  589s
 294910 177332 16833.3676  112   64 15997.0284 18119.9133  13.3%  29.7  595s
 297684 179136 17539.8129   68   66 15997.0284 18119.8226  13.3%  29.7  601s
 300417 181027 16399.5355   86   54 15997.0284 18119.7547  13.3%  29.7  608s
 303238 182425 16154.8740   83   56 15997.0284 18119.7547  13.3%  29.7  612s
H303944 181701                    16063.691520 18119.7547  12.8%  29.7  612s
 305059 183679 18094.5338   68   65 16063.6915 18119.7547  12.8%  29.7  618s
 308171 185430 16271.7485  104   66 16063.6915 18119.7547  12.8%  29.7  623s
 310825 187246 17215.9057   85   46 16063.6915 18119.7547  12.8%  29.7  630s
 313585 187644 16587.0498   92   48 16063.6915 18119.7547  12.8%  29.8  636s
 314148 200869 16587.0498   94   46 16063.6915 18119.7547  12.8%  29.8  703s
H326160 200654                    16077.050846 18119.3830  12.7%  29.8  706s
 334168 203098 17614.8155   80   67 16077.0508 18119.0451  12.7%  29.9  716s
 337897 205520 16321.4431   81   57 16077.0508 18118.7172  12.7%  29.9  726s
 341483 207056 17824.2629   68   59 16077.0508 18118.7036  12.7%  30.0  731s
 343537 209233 17892.7671   60   70 16077.0508 18118.7036  12.7%  30.0  739s
 346826 211633 17164.2825   86   51 16077.0508 18118.5542  12.7%  30.0  746s
 350011 211869 17006.7036   77   72 16077.0508 18118.5542  12.7%  30.0  751s
H350139 211358                    16105.374743 18118.5542  12.5%  30.0  751s
 350252 213792 infeasible   76      16105.3747 18118.5542  12.5%  30.0  757s
 353695 215817 16931.3302   81   62 16105.3747 18118.5542  12.5%  30.0  764s
 356791 218001 17957.3871   67   72 16105.3747 18118.2119  12.5%  30.0  771s
 359832 220089 17925.3527   66   85 16105.3747 18118.1923  12.5%  30.0  778s
 362979 222602     cutoff   94      16105.3747 18118.0596  12.5%  30.0  786s
 366366 224272 17384.1820   70   64 16105.3747 18117.8800  12.5%  30.0  792s
 369102 226205 infeasible   94      16105.3747 18117.8736  12.5%  30.1  798s
 372039 228141 16612.8921   68   66 16105.3747 18117.8377  12.5%  30.1  804s
 374138 228141 16625.2873   81   57 16105.3747 18117.7336  12.5%  30.1  805s
 375095 230212 18069.1787   59   83 16105.3747 18117.6741  12.5%  30.1  811s
 378057 232166 16895.5954   81   63 16105.3747 18117.6630  12.5%  30.1  818s
 381073 234330 16566.4145   77   69 16105.3747 18117.5426  12.5%  30.1  825s
 384203 235940 17392.7254   72   72 16105.3747 18117.4480  12.5%  30.2  830s
 386406 238420 infeasible  115      16105.3747 18117.4480  12.5%  30.1  839s
 389903 240619 16770.9653   92   56 16105.3747 18117.1752  12.5%  30.2  846s
 392902 242186 infeasible  114      16105.3747 18117.1691  12.5%  30.2  852s
 395888 244111 16975.5890   74   66 16105.3747 18117.0658  12.5%  30.2  859s
 398259 244111 infeasible   84      16105.3747 18116.9923  12.5%  30.2  860s
 398866 245972 16306.4925   91   75 16105.3747 18116.9318  12.5%  30.2  866s
 401551 247780 17339.2421   85   66 16105.3747 18116.8425  12.5%  30.2  872s
 404507 249898 17523.6373   84   58 16105.3747 18116.7902  12.5%  30.2  879s
 407652 251797 16299.9982   86   66 16105.3747 18116.6924  12.5%  30.2  886s
 410628 254003 infeasible   83      16105.3747 18116.5878  12.5%  30.2  895s
 414115 255935 18067.7588   66   71 16105.3747 18116.5365  12.5%  30.2  903s
 416984 257717 17546.8961   68   60 16105.3747 18116.3884  12.5%  30.3  910s
 419761 259392 18020.6697   64   58 16105.3747 18116.2762  12.5%  30.3  916s
 422424 261373 16368.6977   84   53 16105.3747 18116.1412  12.5%  30.3  924s
 425528 263220 16401.5439  110   36 16105.3747 18116.1412  12.5%  30.3  935s
 427972 265866 17306.9531   60   74 16105.3747 18116.0710  12.5%  30.3  945s
 431749 268212 18096.5839   65   71 16105.3747 18115.8395  12.5%  30.3  955s
 435542 270242 16585.1941   88   61 16105.3747 18115.6967  12.5%  30.3  964s
 438975 272097 17921.1396   62   72 16105.3747 18115.6356  12.5%  30.4  973s
 441925 274243 16259.6684   82   63 16105.3747 18115.5229  12.5%  30.4  979s
 444704 276233 17080.8115   80   85 16105.3747 18115.4215  12.5%  30.4  986s
 447686 277780 17888.2864   75   72 16105.3747 18115.3591  12.5%  30.4  994s
 450489 279753 18099.0941   56   82 16105.3747 18115.1635  12.5%  30.4 1001s
 453286 281443 17901.3423   60   68 16105.3747 18115.1029  12.5%  30.4 1009s
 456217 283342 17252.4192   65   62 16105.3747 18114.9510  12.5%  30.4 1017s
 459150 285365 17306.7509   81   66 16105.3747 18114.7595  12.5%  30.4 1027s
 462574 287202 infeasible   73      16105.3747 18114.5376  12.5%  30.5 1034s
 465427 289219 16376.6578   70   70 16105.3747 18114.4392  12.5%  30.5 1041s
 468247 291171 17253.6376   94   73 16105.3747 18114.4392  12.5%  30.5 1049s
 471155 292980 17815.8473   68   68 16105.3747 18114.3253  12.5%  30.5 1057s
 474045 294895 16456.5815  102   57 16105.3747 18114.2460  12.5%  30.5 1065s
 476952 296978 17850.5706   67   64 16105.3747 18114.1454  12.5%  30.5 1073s
 479937 299400 16417.3994   93   60 16105.3747 18113.9427  12.5%  30.5 1079s
 482745 301649 16745.1283   97   54 16105.3747 18113.8791  12.5%  30.5 1087s
 486109 303735 18111.4437   64   97 16105.3747 18113.8170  12.5%  30.5 1095s
 488975 305521 18111.3064   70   82 16105.3747 18113.7259  12.5%  30.5 1102s
 491783 307401 17189.3986   75   61 16105.3747 18113.6082  12.5%  30.5 1110s
 494651 309399 17548.9087   72   72 16105.3747 18113.3949  12.5%  30.5 1118s
 497646 311719 17311.5809   68   79 16105.3747 18113.2869  12.5%  30.5 1125s
 500691 313627 16542.7253   95   56 16105.3747 18113.2629  12.5%  30.5 1133s
 503705 315483 17378.5908   74   70 16105.3747 18113.0873  12.5%  30.5 1141s
 506599 317757 17333.8279   68   61 16105.3747 18112.9521  12.5%  30.6 1150s
 509868 319826 16569.2912   91   71 16105.3747 18112.8094  12.5%  30.6 1158s
 512901 321691 17395.6507   83   59 16105.3747 18112.6904  12.5%  30.6 1166s
 516033 323830 18055.6194   62   80 16105.3747 18112.5327  12.5%  30.6 1174s
 519129 326017 infeasible  110      16105.3747 18112.4537  12.5%  30.5 1182s
 522161 328072 17839.8041   85   65 16105.3747 18112.2866  12.5%  30.5 1190s
 525203 330147 16709.2499   73   58 16105.3747 18112.2866  12.5%  30.5 1197s
 528270 332233 infeasible   93      16105.3747 18112.0988  12.5%  30.5 1205s
 531116 334530 18036.7895   68   76 16105.3747 18111.9777  12.5%  30.6 1214s
 534437 336538 18033.4970   62   74 16105.3747 18111.8982  12.5%  30.6 1222s
 537470 338307 16963.6406   83   74 16105.3747 18111.7866  12.5%  30.6 1230s
 540429 340238 infeasible   89      16105.3747 18111.6289  12.5%  30.6 1238s
 543511 342556 17069.6066   73   57 16105.3747 18111.4683  12.5%  30.6 1246s
 546691 344745 16994.6494   83   77 16105.3747 18111.4134  12.5%  30.6 1253s
 549721 346603 17621.7242   71   68 16105.3747 18111.2634  12.5%  30.6 1261s
 552698 348783 17624.7713   75   57 16105.3747 18111.2330  12.5%  30.6 1268s
 555424 350953 17306.9140   73   56 16105.3747 18111.1102  12.5%  30.6 1276s
 558730 352550 16454.0226  116   59 16105.3747 18111.0419  12.5%  30.6 1284s
 561603 354173 infeasible   74      16105.3747 18110.8924  12.5%  30.6 1292s
 564231 354951     cutoff  114      16105.3747 18110.8305  12.5%  30.6 1317s
 565321 357745 16405.4058   81   56 16105.3747 18110.7855  12.5%  30.6 1326s
 568858 359878 16444.2524  120   52 16105.3747 18110.6546  12.5%  30.6 1337s
 572477 362725 16826.6576   91   60 16105.3747 18110.5425  12.5%  30.6 1349s
 576467 365028 17351.9736   76   70 16105.3747 18110.5198  12.5%  30.6 1361s
 580171 367567 17841.8530   65   72 16105.3747 18110.3028  12.4%  30.6 1371s
 583563 369379 16664.9671   88   65 16105.3747 18110.2064  12.4%  30.6 1379s
 586543 371315 17362.8672   76   65 16105.3747 18110.1564  12.4%  30.6 1388s
 589361 373129 16331.8526   92   55 16105.3747 18110.1539  12.4%  30.6 1396s
 592263 375305 17831.2797   66   73 16105.3747 18109.9534  12.4%  30.6 1405s
 595259 376905 17510.9542   71   56 16105.3747 18109.9027  12.4%  30.6 1413s
 598113 378464 17233.7728   86   65 16105.3747 18109.7315  12.4%  30.6 1421s
 600448 380357 16446.5431   81   58 16105.3747 18109.6306  12.4%  30.6 1430s
 603483 382451 17985.2179   74   65 16105.3747 18109.5673  12.4%  30.6 1441s
 606858 384448 17589.5169   71   69 16105.3747 18109.3774  12.4%  30.7 1450s
 609666 386342 18086.5311   62   66 16105.3747 18109.3774  12.4%  30.7 1459s
 612594 388141 17577.3301   67   62 16105.3747 18109.1823  12.4%  30.7 1469s
 615454 390078 18012.6298   64   78 16105.3747 18109.0564  12.4%  30.7 1477s
 618263 391653 17067.1847   92   59 16105.3747 18108.9646  12.4%  30.7 1485s
 620764 393664 18077.5173   67   71 16105.3747 18108.8551  12.4%  30.7 1496s
 623981 395825 17421.3895   77   69 16105.3747 18108.6711  12.4%  30.7 1506s
 627031 397806 16421.4548  107   64 16105.3747 18108.5591  12.4%  30.7 1516s
 630198 399681 16320.6934   81   57 16105.3747 18108.3967  12.4%  30.8 1526s
 633356 402130 17826.1517   73   64 16105.3747 18108.3967  12.4%  30.8 1536s
 636781 404455 16508.8880  127   47 16105.3747 18108.3967  12.4%  30.8 1547s
 640191 406487     cutoff   88      16105.3747 18108.3967  12.4%  30.8 1558s
 643715 408546 18082.0505   69  100 16105.3747 18108.3967  12.4%  30.8 1567s
 646708 410435 16796.4127  108   51 16105.3747 18108.3967  12.4%  30.9 1577s
 649793 412610 18108.3967   75   86 16105.3747 18108.3967  12.4%  30.9 1587s
 653160 414218 infeasible   95      16105.3747 18108.3967  12.4%  30.9 1599s
 654912 414218 18092.8180   64   95 16105.3747 18108.3967  12.4%  30.9 1600s
 656657 416114 16673.2564   83   69 16105.3747 18108.3967  12.4%  30.9 1611s
 659656 418036 17566.2376   79   81 16105.3747 18108.3967  12.4%  31.0 1621s
 662543 420109 17206.8963   89   47 16105.3747 18108.3967  12.4%  31.0 1633s
 665968 422213 16563.6905   83   67 16105.3747 18108.3967  12.4%  31.0 1644s
 669223 424365 16778.5452   78   65 16105.3747 18108.3967  12.4%  31.0 1658s
 672587 426644 17288.6731   67   69 16105.3747 18108.3967  12.4%  31.1 1673s
 676040 428840 18105.3079   68  115 16105.3747 18108.3486  12.4%  31.1 1689s
 679596 430850 16285.1610   70   72 16105.3747 18108.1907  12.4%  31.1 1703s
 682635 433206 16678.2310   92   43 16105.3747 18108.0491  12.4%  31.1 1717s
 685948 435428 17910.0904   74   59 16105.3747 18108.0048  12.4%  31.1 1730s
 689255 437717 16193.1408   88   56 16105.3747 18108.0048  12.4%  31.1 1744s
 692530 439767 17004.2284  102   47 16105.3747 18108.0048  12.4%  31.1 1756s
 695645 441610 16793.0013  102   69 16105.3747 18107.8070  12.4%  31.1 1770s
 698901 443554 18075.3005   71  101 16105.3747 18107.8070  12.4%  31.1 1785s
 702248 445537 16637.5544   90   55 16105.3747 18107.5611  12.4%  31.1 1799s
 705336 445615 17093.6944   82   67 16105.3747 18107.4433  12.4%  31.1 1800s

Cutting planes:
  Learned: 154
  Gomory: 751
  Lift-and-project: 10
  Cover: 11
  MIR: 270
  Flow cover: 298
  RLT: 3
  Relax-and-lift: 1

Explored 705422 nodes (22069398 simplex iterations) in 1800.33 seconds (281.39 work units)
Thread count was 20 (of 20 available processors)

Solution count 10: 16105.4 16077.1 16063.7 ... 15502

Time limit reached
Best objective 1.610537474309e+04, best bound 1.810744327303e+04, gap 12.4311%
