04/28/2026 11:15:13 AM INFO mip_v1 - setup_solver_logging: ================================================================================
04/28/2026 11:15:13 AM INFO mip_v1 - setup_solver_logging: Logging started. Log file: D:\Project_Code\Paper\DP_LBBD_1\DP_lbbd\Algorithm\Results\mip_v1\medium\exp_5f_35j_seed3\log\exp_5f_35j_seed3_running.log
04/28/2026 11:15:13 AM INFO mip_v1 - print: BigM calculated: 120.1
04/28/2026 11:15:13 AM INFO mip_v1 - print: Adding variables...
04/28/2026 11:15:13 AM INFO mip_v1 - print: Total variables: 22330
04/28/2026 11:15:13 AM INFO mip_v1 - print: Adding constraints...
04/28/2026 11:15:13 AM INFO mip_v1 - print: Total constraints: 44708
04/28/2026 11:15:13 AM INFO mip_v1 - print: Setting objective function...
04/28/2026 11:15:14 AM INFO mip_v1 - print: 
04/28/2026 11:15:14 AM INFO mip_v1 - print: ✓ Model LP written to: D:\Project_Code\Paper\DP_LBBD_1\DP_lbbd\Algorithm\MIP\production_model.lp
04/28/2026 11:15:14 AM INFO mip_v1 - print: 
04/28/2026 11:15:14 AM INFO mip_v1 - print: ============================================================
04/28/2026 11:15:14 AM INFO mip_v1 - print: Starting optimization...
04/28/2026 11:15:14 AM INFO mip_v1 - print: ============================================================
04/28/2026 11:15:14 AM INFO mip_v1 - print: Gurobi native log file: D:\Project_Code\Paper\DP_LBBD_1\DP_lbbd\Algorithm\Results\mip_v1\medium\exp_5f_35j_seed3\log\exp_5f_35j_seed3_gurobi.log
04/28/2026 11:45:14 AM INFO mip_v1 - print: 
04/28/2026 11:45:14 AM INFO mip_v1 - print: ============================================================
04/28/2026 11:45:14 AM INFO mip_v1 - print: SOLUTION SUMMARY
04/28/2026 11:45:14 AM INFO mip_v1 - print: ============================================================
04/28/2026 11:45:14 AM INFO mip_v1 - print: ⚠ Time limit reached, best solution found:
04/28/2026 11:45:14 AM INFO mip_v1 - print: 
04/28/2026 11:45:14 AM INFO mip_v1 - print: Objective Value (Total Profit): 16105.37
04/28/2026 11:45:14 AM INFO mip_v1 - print: MIP Gap: 12.43%
04/28/2026 11:45:14 AM INFO mip_v1 - print: 
04/28/2026 11:45:14 AM INFO mip_v1 - print: 📋 Accepted Orders (31/35): [2, 3, 4, 5, 6, 7, 8, 9, 10, 11, 13, 14, 15, 16, 18, 19, 20, 21, 22, 23, 24, 25, 26, 27, 28, 29, 30, 31, 32, 33, 35]
04/28/2026 11:45:14 AM INFO mip_v1 - print: 
04/28/2026 11:45:14 AM INFO mip_v1 - print: ------------------------------------------------------------
04/28/2026 11:45:14 AM INFO mip_v1 - print: ORDER ALLOCATION DETAILS
04/28/2026 11:45:14 AM INFO mip_v1 - print: ------------------------------------------------------------
04/28/2026 11:45:14 AM INFO mip_v1 - print: 
04/28/2026 11:45:14 AM INFO mip_v1 - print: Order 2 → Factory 1
04/28/2026 11:45:14 AM INFO mip_v1 - print:   Machine 1: completion time = 29.01
04/28/2026 11:45:14 AM INFO mip_v1 - print:   Machine 2: completion time = 38.61
04/28/2026 11:45:14 AM INFO mip_v1 - print:   Machine 3: completion time = 47.12
04/28/2026 11:45:14 AM INFO mip_v1 - print:   Machine 4: completion time = 54.92
04/28/2026 11:45:14 AM INFO mip_v1 - print:   Machine 5: completion time = 63.88
04/28/2026 11:45:14 AM INFO mip_v1 - print:   Delivery: 68.78 (Deadline: 69.70, Delay: 0.00)
04/28/2026 11:45:14 AM INFO mip_v1 - print: 
04/28/2026 11:45:14 AM INFO mip_v1 - print: Order 3 → Factory 3
04/28/2026 11:45:14 AM INFO mip_v1 - print:   Machine 1: completion time = 44.85
04/28/2026 11:45:14 AM INFO mip_v1 - print:   Machine 2: completion time = 56.03
04/28/2026 11:45:14 AM INFO mip_v1 - print:   Machine 3: completion time = 68.54
04/28/2026 11:45:14 AM INFO mip_v1 - print:   Machine 4: completion time = 79.20
04/28/2026 11:45:14 AM INFO mip_v1 - print:   Delivery: 81.30 (Deadline: 81.30, Delay: 0.00)
04/28/2026 11:45:14 AM INFO mip_v1 - print: 
04/28/2026 11:45:14 AM INFO mip_v1 - print: Order 4 → Factory 4
04/28/2026 11:45:14 AM INFO mip_v1 - print:   Machine 1: completion time = 35.96
04/28/2026 11:45:14 AM INFO mip_v1 - print:   Machine 2: completion time = 45.63
04/28/2026 11:45:14 AM INFO mip_v1 - print:   Machine 3: completion time = 54.00
04/28/2026 11:45:14 AM INFO mip_v1 - print:   Delivery: 61.20 (Deadline: 74.40, Delay: 0.00)
04/28/2026 11:45:14 AM INFO mip_v1 - print: 
04/28/2026 11:45:14 AM INFO mip_v1 - print: Order 5 → Factory 4
04/28/2026 11:45:14 AM INFO mip_v1 - print:   Machine 1: completion time = 17.61
04/28/2026 11:45:14 AM INFO mip_v1 - print:   Machine 2: completion time = 25.45
04/28/2026 11:45:14 AM INFO mip_v1 - print:   Machine 3: completion time = 41.37
04/28/2026 11:45:14 AM INFO mip_v1 - print:   Delivery: 45.47 (Deadline: 56.90, Delay: 0.00)
04/28/2026 11:45:14 AM INFO mip_v1 - print: 
04/28/2026 11:45:14 AM INFO mip_v1 - print: Order 6 → Factory 1
04/28/2026 11:45:14 AM INFO mip_v1 - print:   Machine 1: completion time = 47.41
04/28/2026 11:45:14 AM INFO mip_v1 - print:   Machine 2: completion time = 55.47
04/28/2026 11:45:14 AM INFO mip_v1 - print:   Machine 3: completion time = 64.02
04/28/2026 11:45:14 AM INFO mip_v1 - print:   Machine 4: completion time = 70.23
04/28/2026 11:45:14 AM INFO mip_v1 - print:   Machine 5: completion time = 76.80
04/28/2026 11:45:14 AM INFO mip_v1 - print:   Delivery: 81.50 (Deadline: 81.50, Delay: 0.00)
04/28/2026 11:45:14 AM INFO mip_v1 - print: 
04/28/2026 11:45:14 AM INFO mip_v1 - print: Order 7 → Factory 4
04/28/2026 11:45:14 AM INFO mip_v1 - print:   Machine 1: completion time = 11.13
04/28/2026 11:45:14 AM INFO mip_v1 - print:   Machine 2: completion time = 18.70
04/28/2026 11:45:14 AM INFO mip_v1 - print:   Machine 3: completion time = 30.86
04/28/2026 11:45:14 AM INFO mip_v1 - print:   Delivery: 38.76 (Deadline: 53.70, Delay: 0.00)
04/28/2026 11:45:14 AM INFO mip_v1 - print: 
04/28/2026 11:45:14 AM INFO mip_v1 - print: Order 8 → Factory 5
04/28/2026 11:45:14 AM INFO mip_v1 - print:   Machine 1: completion time = 12.06
04/28/2026 11:45:14 AM INFO mip_v1 - print:   Machine 2: completion time = 19.29
04/28/2026 11:45:14 AM INFO mip_v1 - print:   Machine 3: completion time = 26.46
04/28/2026 11:45:14 AM INFO mip_v1 - print:   Delivery: 30.56 (Deadline: 43.30, Delay: 0.00)
04/28/2026 11:45:14 AM INFO mip_v1 - print: 
04/28/2026 11:45:14 AM INFO mip_v1 - print: Order 9 → Factory 2
04/28/2026 11:45:14 AM INFO mip_v1 - print:   Machine 1: completion time = 44.77
04/28/2026 11:45:14 AM INFO mip_v1 - print:   Machine 2: completion time = 54.02
04/28/2026 11:45:14 AM INFO mip_v1 - print:   Machine 3: completion time = 66.28
04/28/2026 11:45:14 AM INFO mip_v1 - print:   Delivery: 70.88 (Deadline: 79.90, Delay: 0.00)
04/28/2026 11:45:14 AM INFO mip_v1 - print: 
04/28/2026 11:45:14 AM INFO mip_v1 - print: Order 10 → Factory 2
04/28/2026 11:45:14 AM INFO mip_v1 - print:   Machine 1: completion time = 54.02
04/28/2026 11:45:14 AM INFO mip_v1 - print:   Machine 2: completion time = 63.30
04/28/2026 11:45:14 AM INFO mip_v1 - print:   Machine 3: completion time = 76.08
04/28/2026 11:45:14 AM INFO mip_v1 - print:   Delivery: 79.48 (Deadline: 82.60, Delay: 0.00)
04/28/2026 11:45:14 AM INFO mip_v1 - print: 
04/28/2026 11:45:14 AM INFO mip_v1 - print: Order 11 → Factory 4
04/28/2026 11:45:14 AM INFO mip_v1 - print:   Machine 1: completion time = 49.12
04/28/2026 11:45:14 AM INFO mip_v1 - print:   Machine 2: completion time = 60.66
04/28/2026 11:45:14 AM INFO mip_v1 - print:   Machine 3: completion time = 67.99
04/28/2026 11:45:14 AM INFO mip_v1 - print:   Delivery: 73.39 (Deadline: 78.90, Delay: 0.00)
04/28/2026 11:45:14 AM INFO mip_v1 - print: 
04/28/2026 11:45:14 AM INFO mip_v1 - print: Order 13 → Factory 4
04/28/2026 11:45:14 AM INFO mip_v1 - print:   Machine 1: completion time = 43.32
04/28/2026 11:45:14 AM INFO mip_v1 - print:   Machine 2: completion time = 54.17
04/28/2026 11:45:14 AM INFO mip_v1 - print:   Machine 3: completion time = 61.87
04/28/2026 11:45:14 AM INFO mip_v1 - print:   Delivery: 67.67 (Deadline: 74.50, Delay: 0.00)
04/28/2026 11:45:14 AM INFO mip_v1 - print: 
04/28/2026 11:45:14 AM INFO mip_v1 - print: Order 14 → Factory 1
04/28/2026 11:45:14 AM INFO mip_v1 - print:   Machine 1: completion time = 14.02
04/28/2026 11:45:14 AM INFO mip_v1 - print:   Machine 2: completion time = 20.54
04/28/2026 11:45:14 AM INFO mip_v1 - print:   Machine 3: completion time = 25.68
04/28/2026 11:45:14 AM INFO mip_v1 - print:   Machine 4: completion time = 29.99
04/28/2026 11:45:14 AM INFO mip_v1 - print:   Machine 5: completion time = 34.44
04/28/2026 11:45:14 AM INFO mip_v1 - print:   Delivery: 36.74 (Deadline: 45.90, Delay: 0.00)
04/28/2026 11:45:14 AM INFO mip_v1 - print: 
04/28/2026 11:45:14 AM INFO mip_v1 - print: Order 15 → Factory 4
04/28/2026 11:45:14 AM INFO mip_v1 - print:   Machine 1: completion time = 30.88
04/28/2026 11:45:14 AM INFO mip_v1 - print:   Machine 2: completion time = 40.26
04/28/2026 11:45:14 AM INFO mip_v1 - print:   Machine 3: completion time = 49.24
04/28/2026 11:45:14 AM INFO mip_v1 - print:   Delivery: 58.34 (Deadline: 63.50, Delay: 0.00)
04/28/2026 11:45:14 AM INFO mip_v1 - print: 
04/28/2026 11:45:14 AM INFO mip_v1 - print: Order 16 → Factory 5
04/28/2026 11:45:14 AM INFO mip_v1 - print:   Machine 1: completion time = 21.14
04/28/2026 11:45:14 AM INFO mip_v1 - print:   Machine 2: completion time = 30.33
04/28/2026 11:45:14 AM INFO mip_v1 - print:   Machine 3: completion time = 38.47
04/28/2026 11:45:14 AM INFO mip_v1 - print:   Delivery: 42.97 (Deadline: 59.10, Delay: 0.00)
04/28/2026 11:45:14 AM INFO mip_v1 - print: 
04/28/2026 11:45:14 AM INFO mip_v1 - print: Order 18 → Factory 4
04/28/2026 11:45:14 AM INFO mip_v1 - print:   Machine 1: completion time = 56.28
04/28/2026 11:45:14 AM INFO mip_v1 - print:   Machine 2: completion time = 68.10
04/28/2026 11:45:14 AM INFO mip_v1 - print:   Machine 3: completion time = 75.00
04/28/2026 11:45:14 AM INFO mip_v1 - print:   Delivery: 76.70 (Deadline: 76.70, Delay: 0.00)
04/28/2026 11:45:14 AM INFO mip_v1 - print: 
04/28/2026 11:45:14 AM INFO mip_v1 - print: Order 19 → Factory 2
04/28/2026 11:45:14 AM INFO mip_v1 - print:   Machine 1: completion time = 73.07
04/28/2026 11:45:14 AM INFO mip_v1 - print:   Machine 2: completion time = 83.45
04/28/2026 11:45:14 AM INFO mip_v1 - print:   Machine 3: completion time = 93.70
04/28/2026 11:45:14 AM INFO mip_v1 - print:   Delivery: 98.40 (Deadline: 98.40, Delay: 0.00)
04/28/2026 11:45:14 AM INFO mip_v1 - print: 
04/28/2026 11:45:14 AM INFO mip_v1 - print: Order 20 → Factory 1
04/28/2026 11:45:14 AM INFO mip_v1 - print:   Machine 1: completion time = 39.75
04/28/2026 11:45:14 AM INFO mip_v1 - print:   Machine 2: completion time = 47.41
04/28/2026 11:45:14 AM INFO mip_v1 - print:   Machine 3: completion time = 57.12
04/28/2026 11:45:14 AM INFO mip_v1 - print:   Machine 4: completion time = 63.35
04/28/2026 11:45:14 AM INFO mip_v1 - print:   Machine 5: completion time = 70.23
04/28/2026 11:45:14 AM INFO mip_v1 - print:   Delivery: 70.73 (Deadline: 77.10, Delay: 0.00)
04/28/2026 11:45:14 AM INFO mip_v1 - print: 
04/28/2026 11:45:14 AM INFO mip_v1 - print: Order 21 → Factory 5
04/28/2026 11:45:14 AM INFO mip_v1 - print:   Machine 1: completion time = 57.69
04/28/2026 11:45:14 AM INFO mip_v1 - print:   Machine 2: completion time = 72.05
04/28/2026 11:45:14 AM INFO mip_v1 - print:   Machine 3: completion time = 84.53
04/28/2026 11:45:14 AM INFO mip_v1 - print:   Delivery: 90.73 (Deadline: 87.90, Delay: 2.83)
04/28/2026 11:45:14 AM INFO mip_v1 - print: 
04/28/2026 11:45:14 AM INFO mip_v1 - print: Order 22 → Factory 1
04/28/2026 11:45:14 AM INFO mip_v1 - print:   Machine 1: completion time = 54.83
04/28/2026 11:45:14 AM INFO mip_v1 - print:   Machine 2: completion time = 64.70
04/28/2026 11:45:14 AM INFO mip_v1 - print:   Machine 3: completion time = 73.37
04/28/2026 11:45:14 AM INFO mip_v1 - print:   Machine 4: completion time = 80.75
04/28/2026 11:45:14 AM INFO mip_v1 - print:   Machine 5: completion time = 88.71
04/28/2026 11:45:14 AM INFO mip_v1 - print:   Delivery: 91.51 (Deadline: 90.40, Delay: 1.11)
04/28/2026 11:45:14 AM INFO mip_v1 - print: 
04/28/2026 11:45:14 AM INFO mip_v1 - print: Order 23 → Factory 4
04/28/2026 11:45:14 AM INFO mip_v1 - print:   Machine 1: completion time = 68.10
04/28/2026 11:45:14 AM INFO mip_v1 - print:   Machine 2: completion time = 81.41
04/28/2026 11:45:14 AM INFO mip_v1 - print:   Machine 3: completion time = 92.10
04/28/2026 11:45:14 AM INFO mip_v1 - print:   Delivery: 95.60 (Deadline: 94.50, Delay: 1.10)
04/28/2026 11:45:14 AM INFO mip_v1 - print: 
04/28/2026 11:45:14 AM INFO mip_v1 - print: Order 24 → Factory 1
04/28/2026 11:45:14 AM INFO mip_v1 - print:   Machine 1: completion time = 20.54
04/28/2026 11:45:14 AM INFO mip_v1 - print:   Machine 2: completion time = 28.14
04/28/2026 11:45:14 AM INFO mip_v1 - print:   Machine 3: completion time = 35.35
04/28/2026 11:45:14 AM INFO mip_v1 - print:   Machine 4: completion time = 43.30
04/28/2026 11:45:14 AM INFO mip_v1 - print:   Machine 5: completion time = 50.00
04/28/2026 11:45:14 AM INFO mip_v1 - print:   Delivery: 51.60 (Deadline: 51.60, Delay: 0.00)
04/28/2026 11:45:14 AM INFO mip_v1 - print: 
04/28/2026 11:45:14 AM INFO mip_v1 - print: Order 25 → Factory 2
04/28/2026 11:45:14 AM INFO mip_v1 - print:   Machine 1: completion time = 24.44
04/28/2026 11:45:14 AM INFO mip_v1 - print:   Machine 2: completion time = 34.24
04/28/2026 11:45:14 AM INFO mip_v1 - print:   Machine 3: completion time = 43.70
04/28/2026 11:45:14 AM INFO mip_v1 - print:   Delivery: 47.50 (Deadline: 54.70, Delay: 0.00)
04/28/2026 11:45:14 AM INFO mip_v1 - print: 
04/28/2026 11:45:14 AM INFO mip_v1 - print: Order 26 → Factory 2
04/28/2026 11:45:14 AM INFO mip_v1 - print:   Machine 1: completion time = 17.37
04/28/2026 11:45:14 AM INFO mip_v1 - print:   Machine 2: completion time = 26.16
04/28/2026 11:45:14 AM INFO mip_v1 - print:   Machine 3: completion time = 35.59
04/28/2026 11:45:14 AM INFO mip_v1 - print:   Delivery: 39.69 (Deadline: 57.30, Delay: 0.00)
04/28/2026 11:45:14 AM INFO mip_v1 - print: 
04/28/2026 11:45:14 AM INFO mip_v1 - print: Order 27 → Factory 3
04/28/2026 11:45:14 AM INFO mip_v1 - print:   Machine 1: completion time = 58.60
04/28/2026 11:45:14 AM INFO mip_v1 - print:   Machine 2: completion time = 69.13
04/28/2026 11:45:14 AM INFO mip_v1 - print:   Machine 3: completion time = 79.74
04/28/2026 11:45:14 AM INFO mip_v1 - print:   Machine 4: completion time = 90.00
04/28/2026 11:45:14 AM INFO mip_v1 - print:   Delivery: 93.30 (Deadline: 93.30, Delay: 0.00)
04/28/2026 11:45:14 AM INFO mip_v1 - print: 
04/28/2026 11:45:14 AM INFO mip_v1 - print: Order 28 → Factory 2
04/28/2026 11:45:14 AM INFO mip_v1 - print:   Machine 1: completion time = 34.24
04/28/2026 11:45:14 AM INFO mip_v1 - print:   Machine 2: completion time = 44.77
04/28/2026 11:45:14 AM INFO mip_v1 - print:   Machine 3: completion time = 56.45
04/28/2026 11:45:14 AM INFO mip_v1 - print:   Delivery: 58.15 (Deadline: 78.30, Delay: 0.00)
04/28/2026 11:45:14 AM INFO mip_v1 - print: 
04/28/2026 11:45:14 AM INFO mip_v1 - print: Order 29 → Factory 5
04/28/2026 11:45:14 AM INFO mip_v1 - print:   Machine 1: completion time = 33.11
04/28/2026 11:45:14 AM INFO mip_v1 - print:   Machine 2: completion time = 44.73
04/28/2026 11:45:14 AM INFO mip_v1 - print:   Machine 3: completion time = 60.66
04/28/2026 11:45:14 AM INFO mip_v1 - print:   Delivery: 62.76 (Deadline: 64.70, Delay: 0.00)
04/28/2026 11:45:14 AM INFO mip_v1 - print: 
04/28/2026 11:45:14 AM INFO mip_v1 - print: Order 30 → Factory 3
04/28/2026 11:45:14 AM INFO mip_v1 - print:   Machine 1: completion time = 33.28
04/28/2026 11:45:14 AM INFO mip_v1 - print:   Machine 2: completion time = 45.07
04/28/2026 11:45:14 AM INFO mip_v1 - print:   Machine 3: completion time = 56.94
04/28/2026 11:45:14 AM INFO mip_v1 - print:   Machine 4: completion time = 68.43
04/28/2026 11:45:14 AM INFO mip_v1 - print:   Delivery: 70.73 (Deadline: 81.80, Delay: 0.00)
04/28/2026 11:45:14 AM INFO mip_v1 - print: 
04/28/2026 11:45:14 AM INFO mip_v1 - print: Order 31 → Factory 3
04/28/2026 11:45:14 AM INFO mip_v1 - print:   Machine 1: completion time = 16.76
04/28/2026 11:45:14 AM INFO mip_v1 - print:   Machine 2: completion time = 28.73
04/28/2026 11:45:14 AM INFO mip_v1 - print:   Machine 3: completion time = 45.07
04/28/2026 11:45:14 AM INFO mip_v1 - print:   Machine 4: completion time = 56.94
04/28/2026 11:45:14 AM INFO mip_v1 - print:   Delivery: 59.24 (Deadline: 77.40, Delay: 0.00)
04/28/2026 11:45:14 AM INFO mip_v1 - print: 
04/28/2026 11:45:14 AM INFO mip_v1 - print: Order 32 → Factory 2
04/28/2026 11:45:14 AM INFO mip_v1 - print:   Machine 1: completion time = 10.07
04/28/2026 11:45:14 AM INFO mip_v1 - print:   Machine 2: completion time = 17.94
04/28/2026 11:45:14 AM INFO mip_v1 - print:   Machine 3: completion time = 26.57
04/28/2026 11:45:14 AM INFO mip_v1 - print:   Delivery: 27.27 (Deadline: 45.00, Delay: 0.00)
04/28/2026 11:45:14 AM INFO mip_v1 - print: 
04/28/2026 11:45:14 AM INFO mip_v1 - print: Order 33 → Factory 4
04/28/2026 11:45:14 AM INFO mip_v1 - print:   Machine 1: completion time = 22.19
04/28/2026 11:45:14 AM INFO mip_v1 - print:   Machine 2: completion time = 30.86
04/28/2026 11:45:14 AM INFO mip_v1 - print:   Machine 3: completion time = 35.26
04/28/2026 11:45:14 AM INFO mip_v1 - print:   Delivery: 43.36 (Deadline: 56.70, Delay: 0.00)
04/28/2026 11:45:14 AM INFO mip_v1 - print: 
04/28/2026 11:45:14 AM INFO mip_v1 - print: Order 35 → Factory 5
04/28/2026 11:45:14 AM INFO mip_v1 - print:   Machine 1: completion time = 48.82
04/28/2026 11:45:14 AM INFO mip_v1 - print:   Machine 2: completion time = 63.49
04/28/2026 11:45:14 AM INFO mip_v1 - print:   Machine 3: completion time = 77.28
04/28/2026 11:45:14 AM INFO mip_v1 - print:   Delivery: 84.88 (Deadline: 92.20, Delay: 0.00)
04/28/2026 11:45:14 AM INFO mip_v1 - print: 
04/28/2026 11:45:14 AM INFO mip_v1 - print: ------------------------------------------------------------
04/28/2026 11:45:14 AM INFO mip_v1 - print: COST BREAKDOWN
04/28/2026 11:45:14 AM INFO mip_v1 - print: ------------------------------------------------------------
04/28/2026 11:45:14 AM INFO mip_v1 - print: Total Revenue:          +    37990.00
04/28/2026 11:45:14 AM INFO mip_v1 - print: Production Cost:        -    14563.97
04/28/2026 11:45:14 AM INFO mip_v1 - print: Transport Cost:         -     7008.10
04/28/2026 11:45:14 AM INFO mip_v1 - print: Delay Penalty:          -      312.55
04/28/2026 11:45:14 AM INFO mip_v1 - print: ------------------------------------------------------------
04/28/2026 11:45:14 AM INFO mip_v1 - print: Total Profit:           =    16105.37
