04/28/2026 04:15:52 PM INFO mip_v1 - setup_solver_logging: ================================================================================
04/28/2026 04:15:52 PM INFO mip_v1 - setup_solver_logging: Logging started. Log file: D:\Project_Code\Paper\DP_LBBD_1\DP_lbbd\Algorithm\Results\mip_v1\medium\exp_5f_45j_seed3\log\exp_5f_45j_seed3_running.log
04/28/2026 04:15:52 PM INFO mip_v1 - print: BigM calculated: 121.2
04/28/2026 04:15:52 PM INFO mip_v1 - print: Adding variables...
04/28/2026 04:15:52 PM INFO mip_v1 - print: Total variables: 36810
04/28/2026 04:15:52 PM INFO mip_v1 - print: Adding constraints...
04/28/2026 04:15:53 PM INFO mip_v1 - print: Total constraints: 73682
04/28/2026 04:15:53 PM INFO mip_v1 - print: Setting objective function...
04/28/2026 04:15:53 PM INFO mip_v1 - print: 
04/28/2026 04:15:53 PM INFO mip_v1 - print: ✓ Model LP written to: D:\Project_Code\Paper\DP_LBBD_1\DP_lbbd\Algorithm\MIP\production_model.lp
04/28/2026 04:15:53 PM INFO mip_v1 - print: 
04/28/2026 04:15:53 PM INFO mip_v1 - print: ============================================================
04/28/2026 04:15:53 PM INFO mip_v1 - print: Starting optimization...
04/28/2026 04:15:53 PM INFO mip_v1 - print: ============================================================
04/28/2026 04:15:53 PM INFO mip_v1 - print: Gurobi native log file: D:\Project_Code\Paper\DP_LBBD_1\DP_lbbd\Algorithm\Results\mip_v1\medium\exp_5f_45j_seed3\log\exp_5f_45j_seed3_gurobi.log
04/28/2026 04:45:54 PM INFO mip_v1 - print: 
04/28/2026 04:45:54 PM INFO mip_v1 - print: ============================================================
04/28/2026 04:45:54 PM INFO mip_v1 - print: SOLUTION SUMMARY
04/28/2026 04:45:54 PM INFO mip_v1 - print: ============================================================
04/28/2026 04:45:54 PM INFO mip_v1 - print: ⚠ Time limit reached, best solution found:
04/28/2026 04:45:54 PM INFO mip_v1 - print: 
04/28/2026 04:45:54 PM INFO mip_v1 - print: Objective Value (Total Profit): 13282.88
04/28/2026 04:45:54 PM INFO mip_v1 - print: MIP Gap: 54.04%
04/28/2026 04:45:54 PM INFO mip_v1 - print: 
04/28/2026 04:45:54 PM INFO mip_v1 - print: 📋 Accepted Orders (30/45): [1, 5, 6, 8, 9, 11, 12, 13, 14, 15, 16, 19, 21, 22, 23, 24, 25, 26, 27, 29, 30, 31, 32, 33, 37, 38, 39, 40, 43, 44]
04/28/2026 04:45:54 PM INFO mip_v1 - print: 
04/28/2026 04:45:54 PM INFO mip_v1 - print: ------------------------------------------------------------
04/28/2026 04:45:54 PM INFO mip_v1 - print: ORDER ALLOCATION DETAILS
04/28/2026 04:45:54 PM INFO mip_v1 - print: ------------------------------------------------------------
04/28/2026 04:45:54 PM INFO mip_v1 - print: 
04/28/2026 04:45:54 PM INFO mip_v1 - print: Order 1 → Factory 4
04/28/2026 04:45:54 PM INFO mip_v1 - print:   Machine 1: completion time = 38.22
04/28/2026 04:45:54 PM INFO mip_v1 - print:   Machine 2: completion time = 45.51
04/28/2026 04:45:54 PM INFO mip_v1 - print:   Machine 3: completion time = 52.15
04/28/2026 04:45:54 PM INFO mip_v1 - print:   Delivery: 55.45 (Deadline: 63.20, Delay: 0.00)
04/28/2026 04:45:54 PM INFO mip_v1 - print: 
04/28/2026 04:45:54 PM INFO mip_v1 - print: Order 5 → Factory 2
04/28/2026 04:45:54 PM INFO mip_v1 - print:   Machine 1: completion time = 61.01
04/28/2026 04:45:54 PM INFO mip_v1 - print:   Machine 2: completion time = 73.64
04/28/2026 04:45:54 PM INFO mip_v1 - print:   Machine 3: completion time = 80.60
04/28/2026 04:45:54 PM INFO mip_v1 - print:   Delivery: 90.10 (Deadline: 90.40, Delay: 0.00)
04/28/2026 04:45:54 PM INFO mip_v1 - print: 
04/28/2026 04:45:54 PM INFO mip_v1 - print: Order 6 → Factory 4
04/28/2026 04:45:54 PM INFO mip_v1 - print:   Machine 1: completion time = 15.94
04/28/2026 04:45:54 PM INFO mip_v1 - print:   Machine 2: completion time = 21.67
04/28/2026 04:45:54 PM INFO mip_v1 - print:   Machine 3: completion time = 27.50
04/28/2026 04:45:54 PM INFO mip_v1 - print:   Delivery: 30.80 (Deadline: 41.40, Delay: 0.00)
04/28/2026 04:45:54 PM INFO mip_v1 - print: 
04/28/2026 04:45:54 PM INFO mip_v1 - print: Order 8 → Factory 4
04/28/2026 04:45:54 PM INFO mip_v1 - print:   Machine 1: completion time = 65.58
04/28/2026 04:45:54 PM INFO mip_v1 - print:   Machine 2: completion time = 71.73
04/28/2026 04:45:54 PM INFO mip_v1 - print:   Machine 3: completion time = 78.44
04/28/2026 04:45:54 PM INFO mip_v1 - print:   Delivery: 82.04 (Deadline: 91.70, Delay: 0.00)
04/28/2026 04:45:54 PM INFO mip_v1 - print: 
04/28/2026 04:45:54 PM INFO mip_v1 - print: Order 9 → Factory 2
04/28/2026 04:45:54 PM INFO mip_v1 - print:   Machine 1: completion time = 44.14
04/28/2026 04:45:54 PM INFO mip_v1 - print:   Machine 2: completion time = 57.20
04/28/2026 04:45:54 PM INFO mip_v1 - print:   Machine 3: completion time = 63.74
04/28/2026 04:45:54 PM INFO mip_v1 - print:   Delivery: 67.14 (Deadline: 73.50, Delay: 0.00)
04/28/2026 04:45:54 PM INFO mip_v1 - print: 
04/28/2026 04:45:54 PM INFO mip_v1 - print: Order 11 → Factory 4
04/28/2026 04:45:54 PM INFO mip_v1 - print:   Machine 1: completion time = 30.84
04/28/2026 04:45:54 PM INFO mip_v1 - print:   Machine 2: completion time = 37.54
04/28/2026 04:45:54 PM INFO mip_v1 - print:   Machine 3: completion time = 45.20
04/28/2026 04:45:54 PM INFO mip_v1 - print:   Delivery: 49.60 (Deadline: 65.40, Delay: 0.00)
04/28/2026 04:45:54 PM INFO mip_v1 - print: 
04/28/2026 04:45:54 PM INFO mip_v1 - print: Order 12 → Factory 5
04/28/2026 04:45:54 PM INFO mip_v1 - print:   Machine 1: completion time = 28.34
04/28/2026 04:45:54 PM INFO mip_v1 - print:   Machine 2: completion time = 39.57
04/28/2026 04:45:54 PM INFO mip_v1 - print:   Machine 3: completion time = 50.29
04/28/2026 04:45:54 PM INFO mip_v1 - print:   Delivery: 53.49 (Deadline: 69.50, Delay: 0.00)
04/28/2026 04:45:54 PM INFO mip_v1 - print: 
04/28/2026 04:45:54 PM INFO mip_v1 - print: Order 13 → Factory 5
04/28/2026 04:45:54 PM INFO mip_v1 - print:   Machine 1: completion time = 16.33
04/28/2026 04:45:54 PM INFO mip_v1 - print:   Machine 2: completion time = 25.86
04/28/2026 04:45:54 PM INFO mip_v1 - print:   Machine 3: completion time = 33.99
04/28/2026 04:45:54 PM INFO mip_v1 - print:   Delivery: 34.79 (Deadline: 62.70, Delay: 0.00)
04/28/2026 04:45:54 PM INFO mip_v1 - print: 
04/28/2026 04:45:54 PM INFO mip_v1 - print: Order 14 → Factory 2
04/28/2026 04:45:54 PM INFO mip_v1 - print:   Machine 1: completion time = 66.50
04/28/2026 04:45:54 PM INFO mip_v1 - print:   Machine 2: completion time = 79.51
04/28/2026 04:45:54 PM INFO mip_v1 - print:   Machine 3: completion time = 85.80
04/28/2026 04:45:54 PM INFO mip_v1 - print:   Delivery: 86.90 (Deadline: 85.50, Delay: 1.40)
04/28/2026 04:45:54 PM INFO mip_v1 - print: 
04/28/2026 04:45:54 PM INFO mip_v1 - print: Order 15 → Factory 3
04/28/2026 04:45:54 PM INFO mip_v1 - print:   Machine 1: completion time = 14.92
04/28/2026 04:45:54 PM INFO mip_v1 - print:   Machine 2: completion time = 24.44
04/28/2026 04:45:54 PM INFO mip_v1 - print:   Machine 3: completion time = 34.60
04/28/2026 04:45:54 PM INFO mip_v1 - print:   Machine 4: completion time = 43.21
04/28/2026 04:45:54 PM INFO mip_v1 - print:   Delivery: 45.31 (Deadline: 62.50, Delay: 0.00)
04/28/2026 04:45:54 PM INFO mip_v1 - print: 
04/28/2026 04:45:54 PM INFO mip_v1 - print: Order 16 → Factory 4
04/28/2026 04:45:54 PM INFO mip_v1 - print:   Machine 1: completion time = 59.27
04/28/2026 04:45:54 PM INFO mip_v1 - print:   Machine 2: completion time = 65.98
04/28/2026 04:45:54 PM INFO mip_v1 - print:   Machine 3: completion time = 72.92
04/28/2026 04:45:54 PM INFO mip_v1 - print:   Delivery: 79.12 (Deadline: 81.80, Delay: 0.00)
04/28/2026 04:45:54 PM INFO mip_v1 - print: 
04/28/2026 04:45:54 PM INFO mip_v1 - print: Order 19 → Factory 4
04/28/2026 04:45:54 PM INFO mip_v1 - print:   Machine 1: completion time = 73.67
04/28/2026 04:45:54 PM INFO mip_v1 - print:   Machine 2: completion time = 81.15
04/28/2026 04:45:54 PM INFO mip_v1 - print:   Machine 3: completion time = 88.54
04/28/2026 04:45:54 PM INFO mip_v1 - print:   Delivery: 91.64 (Deadline: 95.70, Delay: 0.00)
04/28/2026 04:45:54 PM INFO mip_v1 - print: 
04/28/2026 04:45:54 PM INFO mip_v1 - print: Order 21 → Factory 4
04/28/2026 04:45:54 PM INFO mip_v1 - print:   Machine 1: completion time = 9.46
04/28/2026 04:45:54 PM INFO mip_v1 - print:   Machine 2: completion time = 15.49
04/28/2026 04:45:54 PM INFO mip_v1 - print:   Machine 3: completion time = 21.50
04/28/2026 04:45:54 PM INFO mip_v1 - print:   Delivery: 23.90 (Deadline: 51.10, Delay: 0.00)
04/28/2026 04:45:54 PM INFO mip_v1 - print: 
04/28/2026 04:45:54 PM INFO mip_v1 - print: Order 22 → Factory 5
04/28/2026 04:45:54 PM INFO mip_v1 - print:   Machine 1: completion time = 39.06
04/28/2026 04:45:54 PM INFO mip_v1 - print:   Machine 2: completion time = 49.45
04/28/2026 04:45:54 PM INFO mip_v1 - print:   Machine 3: completion time = 59.39
04/28/2026 04:45:54 PM INFO mip_v1 - print:   Delivery: 63.49 (Deadline: 67.10, Delay: 0.00)
04/28/2026 04:45:54 PM INFO mip_v1 - print: 
04/28/2026 04:45:54 PM INFO mip_v1 - print: Order 23 → Factory 4
04/28/2026 04:45:54 PM INFO mip_v1 - print:   Machine 1: completion time = 82.41
04/28/2026 04:45:54 PM INFO mip_v1 - print:   Machine 2: completion time = 90.60
04/28/2026 04:45:54 PM INFO mip_v1 - print:   Machine 3: completion time = 98.55
04/28/2026 04:45:54 PM INFO mip_v1 - print:   Delivery: 103.45 (Deadline: 104.00, Delay: 0.00)
04/28/2026 04:45:54 PM INFO mip_v1 - print: 
04/28/2026 04:45:54 PM INFO mip_v1 - print: Order 24 → Factory 2
04/28/2026 04:45:54 PM INFO mip_v1 - print:   Machine 1: completion time = 36.69
04/28/2026 04:45:54 PM INFO mip_v1 - print:   Machine 2: completion time = 49.74
04/28/2026 04:45:54 PM INFO mip_v1 - print:   Machine 3: completion time = 56.88
04/28/2026 04:45:54 PM INFO mip_v1 - print:   Delivery: 64.18 (Deadline: 70.60, Delay: 0.00)
04/28/2026 04:45:54 PM INFO mip_v1 - print: 
04/28/2026 04:45:54 PM INFO mip_v1 - print: Order 25 → Factory 5
04/28/2026 04:45:54 PM INFO mip_v1 - print:   Machine 1: completion time = 46.86
04/28/2026 04:45:54 PM INFO mip_v1 - print:   Machine 2: completion time = 56.98
04/28/2026 04:45:54 PM INFO mip_v1 - print:   Machine 3: completion time = 67.40
04/28/2026 04:45:54 PM INFO mip_v1 - print:   Delivery: 72.30 (Deadline: 72.30, Delay: 0.00)
04/28/2026 04:45:54 PM INFO mip_v1 - print: 
04/28/2026 04:45:54 PM INFO mip_v1 - print: Order 26 → Factory 1
04/28/2026 04:45:54 PM INFO mip_v1 - print:   Machine 1: completion time = 25.53
04/28/2026 04:45:54 PM INFO mip_v1 - print:   Machine 2: completion time = 35.64
04/28/2026 04:45:54 PM INFO mip_v1 - print:   Machine 3: completion time = 43.80
04/28/2026 04:45:54 PM INFO mip_v1 - print:   Machine 4: completion time = 53.09
04/28/2026 04:45:54 PM INFO mip_v1 - print:   Machine 5: completion time = 61.79
04/28/2026 04:45:54 PM INFO mip_v1 - print:   Delivery: 66.59 (Deadline: 66.40, Delay: 0.19)
04/28/2026 04:45:54 PM INFO mip_v1 - print: 
04/28/2026 04:45:54 PM INFO mip_v1 - print: Order 27 → Factory 2
04/28/2026 04:45:54 PM INFO mip_v1 - print:   Machine 1: completion time = 28.40
04/28/2026 04:45:54 PM INFO mip_v1 - print:   Machine 2: completion time = 40.88
04/28/2026 04:45:54 PM INFO mip_v1 - print:   Machine 3: completion time = 49.74
04/28/2026 04:45:54 PM INFO mip_v1 - print:   Delivery: 60.04 (Deadline: 71.80, Delay: 0.00)
04/28/2026 04:45:54 PM INFO mip_v1 - print: 
04/28/2026 04:45:54 PM INFO mip_v1 - print: Order 29 → Factory 1
04/28/2026 04:45:54 PM INFO mip_v1 - print:   Machine 1: completion time = 58.24
04/28/2026 04:45:54 PM INFO mip_v1 - print:   Machine 2: completion time = 70.18
04/28/2026 04:45:54 PM INFO mip_v1 - print:   Machine 3: completion time = 81.35
04/28/2026 04:45:54 PM INFO mip_v1 - print:   Machine 4: completion time = 92.55
04/28/2026 04:45:54 PM INFO mip_v1 - print:   Machine 5: completion time = 104.39
04/28/2026 04:45:54 PM INFO mip_v1 - print:   Delivery: 112.19 (Deadline: 107.30, Delay: 4.89)
04/28/2026 04:45:54 PM INFO mip_v1 - print: 
04/28/2026 04:45:54 PM INFO mip_v1 - print: Order 30 → Factory 5
04/28/2026 04:45:54 PM INFO mip_v1 - print:   Machine 1: completion time = 72.89
04/28/2026 04:45:54 PM INFO mip_v1 - print:   Machine 2: completion time = 87.00
04/28/2026 04:45:54 PM INFO mip_v1 - print:   Machine 3: completion time = 99.86
04/28/2026 04:45:54 PM INFO mip_v1 - print:   Delivery: 102.66 (Deadline: 103.00, Delay: 0.00)
04/28/2026 04:45:54 PM INFO mip_v1 - print: 
04/28/2026 04:45:54 PM INFO mip_v1 - print: Order 31 → Factory 3
04/28/2026 04:45:54 PM INFO mip_v1 - print:   Machine 1: completion time = 36.66
04/28/2026 04:45:54 PM INFO mip_v1 - print:   Machine 2: completion time = 48.46
04/28/2026 04:45:54 PM INFO mip_v1 - print:   Machine 3: completion time = 61.11
04/28/2026 04:45:54 PM INFO mip_v1 - print:   Machine 4: completion time = 71.06
04/28/2026 04:45:54 PM INFO mip_v1 - print:   Delivery: 72.96 (Deadline: 72.10, Delay: 0.86)
04/28/2026 04:45:54 PM INFO mip_v1 - print: 
04/28/2026 04:45:54 PM INFO mip_v1 - print: Order 32 → Factory 2
04/28/2026 04:45:54 PM INFO mip_v1 - print:   Machine 1: completion time = 54.15
04/28/2026 04:45:54 PM INFO mip_v1 - print:   Machine 2: completion time = 66.71
04/28/2026 04:45:54 PM INFO mip_v1 - print:   Machine 3: completion time = 74.37
04/28/2026 04:45:54 PM INFO mip_v1 - print:   Delivery: 81.07 (Deadline: 82.60, Delay: 0.00)
04/28/2026 04:45:54 PM INFO mip_v1 - print: 
04/28/2026 04:45:54 PM INFO mip_v1 - print: Order 33 → Factory 4
04/28/2026 04:45:54 PM INFO mip_v1 - print:   Machine 1: completion time = 23.71
04/28/2026 04:45:54 PM INFO mip_v1 - print:   Machine 2: completion time = 31.08
04/28/2026 04:45:54 PM INFO mip_v1 - print:   Machine 3: completion time = 38.48
04/28/2026 04:45:54 PM INFO mip_v1 - print:   Delivery: 42.08 (Deadline: 47.30, Delay: 0.00)
04/28/2026 04:45:54 PM INFO mip_v1 - print: 
04/28/2026 04:45:54 PM INFO mip_v1 - print: Order 37 → Factory 4
04/28/2026 04:45:54 PM INFO mip_v1 - print:   Machine 1: completion time = 44.64
04/28/2026 04:45:54 PM INFO mip_v1 - print:   Machine 2: completion time = 51.56
04/28/2026 04:45:54 PM INFO mip_v1 - print:   Machine 3: completion time = 58.13
04/28/2026 04:45:54 PM INFO mip_v1 - print:   Delivery: 61.03 (Deadline: 69.70, Delay: 0.00)
04/28/2026 04:45:54 PM INFO mip_v1 - print: 
04/28/2026 04:45:54 PM INFO mip_v1 - print: Order 38 → Factory 4
04/28/2026 04:45:54 PM INFO mip_v1 - print:   Machine 1: completion time = 51.65
04/28/2026 04:45:54 PM INFO mip_v1 - print:   Machine 2: completion time = 58.04
04/28/2026 04:45:54 PM INFO mip_v1 - print:   Machine 3: completion time = 64.75
04/28/2026 04:45:54 PM INFO mip_v1 - print:   Delivery: 65.75 (Deadline: 71.80, Delay: 0.00)
04/28/2026 04:45:54 PM INFO mip_v1 - print: 
04/28/2026 04:45:54 PM INFO mip_v1 - print: Order 39 → Factory 2
04/28/2026 04:45:54 PM INFO mip_v1 - print:   Machine 1: completion time = 19.22
04/28/2026 04:45:54 PM INFO mip_v1 - print:   Machine 2: completion time = 30.77
04/28/2026 04:45:54 PM INFO mip_v1 - print:   Machine 3: completion time = 39.71
04/28/2026 04:45:54 PM INFO mip_v1 - print:   Delivery: 46.11 (Deadline: 66.30, Delay: 0.00)
04/28/2026 04:45:54 PM INFO mip_v1 - print: 
04/28/2026 04:45:54 PM INFO mip_v1 - print: Order 40 → Factory 2
04/28/2026 04:45:54 PM INFO mip_v1 - print:   Machine 1: completion time = 73.82
04/28/2026 04:45:54 PM INFO mip_v1 - print:   Machine 2: completion time = 87.00
04/28/2026 04:45:54 PM INFO mip_v1 - print:   Machine 3: completion time = 93.90
04/28/2026 04:45:54 PM INFO mip_v1 - print:   Delivery: 96.00 (Deadline: 96.00, Delay: 0.00)
04/28/2026 04:45:54 PM INFO mip_v1 - print: 
04/28/2026 04:45:54 PM INFO mip_v1 - print: Order 43 → Factory 2
04/28/2026 04:45:54 PM INFO mip_v1 - print:   Machine 1: completion time = 11.62
04/28/2026 04:45:54 PM INFO mip_v1 - print:   Machine 2: completion time = 22.61
04/28/2026 04:45:54 PM INFO mip_v1 - print:   Machine 3: completion time = 32.22
04/28/2026 04:45:54 PM INFO mip_v1 - print:   Delivery: 42.02 (Deadline: 71.90, Delay: 0.00)
04/28/2026 04:45:54 PM INFO mip_v1 - print: 
04/28/2026 04:45:54 PM INFO mip_v1 - print: Order 44 → Factory 5
04/28/2026 04:45:54 PM INFO mip_v1 - print:   Machine 1: completion time = 57.41
04/28/2026 04:45:54 PM INFO mip_v1 - print:   Machine 2: completion time = 67.41
04/28/2026 04:45:54 PM INFO mip_v1 - print:   Machine 3: completion time = 75.73
04/28/2026 04:45:54 PM INFO mip_v1 - print:   Delivery: 79.53 (Deadline: 82.50, Delay: 0.00)
04/28/2026 04:45:54 PM INFO mip_v1 - print: 
04/28/2026 04:45:54 PM INFO mip_v1 - print: ------------------------------------------------------------
04/28/2026 04:45:54 PM INFO mip_v1 - print: COST BREAKDOWN
04/28/2026 04:45:54 PM INFO mip_v1 - print: ------------------------------------------------------------
04/28/2026 04:45:54 PM INFO mip_v1 - print: Total Revenue:          +    35119.00
04/28/2026 04:45:54 PM INFO mip_v1 - print: Production Cost:        -    13883.85
04/28/2026 04:45:54 PM INFO mip_v1 - print: Transport Cost:         -     7468.95
04/28/2026 04:45:54 PM INFO mip_v1 - print: Delay Penalty:          -      483.32
04/28/2026 04:45:54 PM INFO mip_v1 - print: ------------------------------------------------------------
04/28/2026 04:45:54 PM INFO mip_v1 - print: Total Profit:           =    13282.88
