04/28/2026 02:15:36 PM INFO mip_v1 - setup_solver_logging: ================================================================================
04/28/2026 02:15:36 PM INFO mip_v1 - setup_solver_logging: Logging started. Log file: D:\Project_Code\Paper\DP_LBBD_1\DP_lbbd\Algorithm\Results\mip_v1\medium\exp_5f_40j_seed4\log\exp_5f_40j_seed4_running.log
04/28/2026 02:15:36 PM INFO mip_v1 - print: BigM calculated: 135.5
04/28/2026 02:15:36 PM INFO mip_v1 - print: Adding variables...
04/28/2026 02:15:36 PM INFO mip_v1 - print: Total variables: 33920
04/28/2026 02:15:36 PM INFO mip_v1 - print: Adding constraints...
04/28/2026 02:15:37 PM INFO mip_v1 - print: Total constraints: 67894
04/28/2026 02:15:37 PM INFO mip_v1 - print: Setting objective function...
04/28/2026 02:15:38 PM INFO mip_v1 - print: 
04/28/2026 02:15:38 PM INFO mip_v1 - print: ✓ Model LP written to: D:\Project_Code\Paper\DP_LBBD_1\DP_lbbd\Algorithm\MIP\production_model.lp
04/28/2026 02:15:38 PM INFO mip_v1 - print: 
04/28/2026 02:15:38 PM INFO mip_v1 - print: ============================================================
04/28/2026 02:15:38 PM INFO mip_v1 - print: Starting optimization...
04/28/2026 02:15:38 PM INFO mip_v1 - print: ============================================================
04/28/2026 02:15:38 PM INFO mip_v1 - print: Gurobi native log file: D:\Project_Code\Paper\DP_LBBD_1\DP_lbbd\Algorithm\Results\mip_v1\medium\exp_5f_40j_seed4\log\exp_5f_40j_seed4_gurobi.log
04/28/2026 02:45:38 PM INFO mip_v1 - print: 
04/28/2026 02:45:38 PM INFO mip_v1 - print: ============================================================
04/28/2026 02:45:38 PM INFO mip_v1 - print: SOLUTION SUMMARY
04/28/2026 02:45:38 PM INFO mip_v1 - print: ============================================================
04/28/2026 02:45:38 PM INFO mip_v1 - print: ⚠ Time limit reached, best solution found:
04/28/2026 02:45:38 PM INFO mip_v1 - print: 
04/28/2026 02:45:38 PM INFO mip_v1 - print: Objective Value (Total Profit): 12070.55
04/28/2026 02:45:38 PM INFO mip_v1 - print: MIP Gap: 53.86%
04/28/2026 02:45:38 PM INFO mip_v1 - print: 
04/28/2026 02:45:38 PM INFO mip_v1 - print: 📋 Accepted Orders (25/40): [1, 2, 3, 4, 5, 6, 9, 10, 12, 14, 15, 16, 17, 18, 19, 20, 22, 25, 26, 27, 31, 34, 37, 38, 39]
04/28/2026 02:45:38 PM INFO mip_v1 - print: 
04/28/2026 02:45:38 PM INFO mip_v1 - print: ------------------------------------------------------------
04/28/2026 02:45:38 PM INFO mip_v1 - print: ORDER ALLOCATION DETAILS
04/28/2026 02:45:38 PM INFO mip_v1 - print: ------------------------------------------------------------
04/28/2026 02:45:38 PM INFO mip_v1 - print: 
04/28/2026 02:45:38 PM INFO mip_v1 - print: Order 1 → Factory 2
04/28/2026 02:45:38 PM INFO mip_v1 - print:   Machine 1: completion time = 18.74
04/28/2026 02:45:38 PM INFO mip_v1 - print:   Machine 2: completion time = 31.68
04/28/2026 02:45:38 PM INFO mip_v1 - print:   Machine 3: completion time = 41.21
04/28/2026 02:45:38 PM INFO mip_v1 - print:   Machine 4: completion time = 59.00
04/28/2026 02:45:38 PM INFO mip_v1 - print:   Machine 5: completion time = 66.84
04/28/2026 02:45:38 PM INFO mip_v1 - print:   Delivery: 68.14 (Deadline: 69.40, Delay: 0.00)
04/28/2026 02:45:38 PM INFO mip_v1 - print: 
04/28/2026 02:45:38 PM INFO mip_v1 - print: Order 2 → Factory 5
04/28/2026 02:45:38 PM INFO mip_v1 - print:   Machine 1: completion time = 38.27
04/28/2026 02:45:38 PM INFO mip_v1 - print:   Machine 2: completion time = 50.31
04/28/2026 02:45:38 PM INFO mip_v1 - print:   Machine 3: completion time = 62.37
04/28/2026 02:45:38 PM INFO mip_v1 - print:   Delivery: 67.87 (Deadline: 76.10, Delay: 0.00)
04/28/2026 02:45:38 PM INFO mip_v1 - print: 
04/28/2026 02:45:38 PM INFO mip_v1 - print: Order 3 → Factory 3
04/28/2026 02:45:38 PM INFO mip_v1 - print:   Machine 1: completion time = 48.09
04/28/2026 02:45:38 PM INFO mip_v1 - print:   Machine 2: completion time = 62.32
04/28/2026 02:45:38 PM INFO mip_v1 - print:   Machine 3: completion time = 70.07
04/28/2026 02:45:38 PM INFO mip_v1 - print:   Machine 4: completion time = 77.61
04/28/2026 02:45:38 PM INFO mip_v1 - print:   Delivery: 78.01 (Deadline: 89.40, Delay: 0.00)
04/28/2026 02:45:38 PM INFO mip_v1 - print: 
04/28/2026 02:45:38 PM INFO mip_v1 - print: Order 4 → Factory 4
04/28/2026 02:45:38 PM INFO mip_v1 - print:   Machine 1: completion time = 68.55
04/28/2026 02:45:38 PM INFO mip_v1 - print:   Machine 2: completion time = 79.91
04/28/2026 02:45:38 PM INFO mip_v1 - print:   Machine 3: completion time = 93.16
04/28/2026 02:45:38 PM INFO mip_v1 - print:   Machine 4: completion time = 106.80
04/28/2026 02:45:38 PM INFO mip_v1 - print:   Delivery: 109.40 (Deadline: 109.40, Delay: 0.00)
04/28/2026 02:45:38 PM INFO mip_v1 - print: 
04/28/2026 02:45:38 PM INFO mip_v1 - print: Order 5 → Factory 4
04/28/2026 02:45:38 PM INFO mip_v1 - print:   Machine 1: completion time = 23.20
04/28/2026 02:45:38 PM INFO mip_v1 - print:   Machine 2: completion time = 28.48
04/28/2026 02:45:38 PM INFO mip_v1 - print:   Machine 3: completion time = 34.57
04/28/2026 02:45:38 PM INFO mip_v1 - print:   Machine 4: completion time = 50.02
04/28/2026 02:45:38 PM INFO mip_v1 - print:   Delivery: 55.82 (Deadline: 63.10, Delay: 0.00)
04/28/2026 02:45:38 PM INFO mip_v1 - print: 
04/28/2026 02:45:38 PM INFO mip_v1 - print: Order 6 → Factory 4
04/28/2026 02:45:38 PM INFO mip_v1 - print:   Machine 1: completion time = 43.52
04/28/2026 02:45:38 PM INFO mip_v1 - print:   Machine 2: completion time = 53.47
04/28/2026 02:45:38 PM INFO mip_v1 - print:   Machine 3: completion time = 71.37
04/28/2026 02:45:38 PM INFO mip_v1 - print:   Machine 4: completion time = 80.01
04/28/2026 02:45:38 PM INFO mip_v1 - print:   Delivery: 83.11 (Deadline: 87.20, Delay: 0.00)
04/28/2026 02:45:38 PM INFO mip_v1 - print: 
04/28/2026 02:45:38 PM INFO mip_v1 - print: Order 9 → Factory 2
04/28/2026 02:45:38 PM INFO mip_v1 - print:   Machine 1: completion time = 44.05
04/28/2026 02:45:38 PM INFO mip_v1 - print:   Machine 2: completion time = 50.96
04/28/2026 02:45:38 PM INFO mip_v1 - print:   Machine 3: completion time = 57.46
04/28/2026 02:45:38 PM INFO mip_v1 - print:   Machine 4: completion time = 66.84
04/28/2026 02:45:38 PM INFO mip_v1 - print:   Machine 5: completion time = 72.61
04/28/2026 02:45:38 PM INFO mip_v1 - print:   Delivery: 77.81 (Deadline: 92.50, Delay: 0.00)
04/28/2026 02:45:38 PM INFO mip_v1 - print: 
04/28/2026 02:45:38 PM INFO mip_v1 - print: Order 10 → Factory 3
04/28/2026 02:45:38 PM INFO mip_v1 - print:   Machine 1: completion time = 12.35
04/28/2026 02:45:38 PM INFO mip_v1 - print:   Machine 2: completion time = 23.80
04/28/2026 02:45:38 PM INFO mip_v1 - print:   Machine 3: completion time = 34.14
04/28/2026 02:45:38 PM INFO mip_v1 - print:   Machine 4: completion time = 44.08
04/28/2026 02:45:38 PM INFO mip_v1 - print:   Delivery: 47.78 (Deadline: 74.10, Delay: 0.00)
04/28/2026 02:45:38 PM INFO mip_v1 - print: 
04/28/2026 02:45:38 PM INFO mip_v1 - print: Order 12 → Factory 4
04/28/2026 02:45:38 PM INFO mip_v1 - print:   Machine 1: completion time = 52.42
04/28/2026 02:45:38 PM INFO mip_v1 - print:   Machine 2: completion time = 61.11
04/28/2026 02:45:38 PM INFO mip_v1 - print:   Machine 3: completion time = 79.91
04/28/2026 02:45:38 PM INFO mip_v1 - print:   Machine 4: completion time = 91.58
04/28/2026 02:45:38 PM INFO mip_v1 - print:   Delivery: 94.38 (Deadline: 94.70, Delay: 0.00)
04/28/2026 02:45:38 PM INFO mip_v1 - print: 
04/28/2026 02:45:38 PM INFO mip_v1 - print: Order 14 → Factory 3
04/28/2026 02:45:38 PM INFO mip_v1 - print:   Machine 1: completion time = 22.19
04/28/2026 02:45:38 PM INFO mip_v1 - print:   Machine 2: completion time = 29.89
04/28/2026 02:45:38 PM INFO mip_v1 - print:   Machine 3: completion time = 43.28
04/28/2026 02:45:38 PM INFO mip_v1 - print:   Machine 4: completion time = 49.54
04/28/2026 02:45:38 PM INFO mip_v1 - print:   Delivery: 53.64 (Deadline: 67.30, Delay: 0.00)
04/28/2026 02:45:38 PM INFO mip_v1 - print: 
04/28/2026 02:45:38 PM INFO mip_v1 - print: Order 15 → Factory 3
04/28/2026 02:45:38 PM INFO mip_v1 - print:   Machine 1: completion time = 61.44
04/28/2026 02:45:38 PM INFO mip_v1 - print:   Machine 2: completion time = 70.07
04/28/2026 02:45:38 PM INFO mip_v1 - print:   Machine 3: completion time = 77.61
04/28/2026 02:45:38 PM INFO mip_v1 - print:   Machine 4: completion time = 84.74
04/28/2026 02:45:38 PM INFO mip_v1 - print:   Delivery: 89.74 (Deadline: 90.00, Delay: 0.00)
04/28/2026 02:45:38 PM INFO mip_v1 - print: 
04/28/2026 02:45:38 PM INFO mip_v1 - print: Order 16 → Factory 5
04/28/2026 02:45:38 PM INFO mip_v1 - print:   Machine 1: completion time = 21.79
04/28/2026 02:45:38 PM INFO mip_v1 - print:   Machine 2: completion time = 30.06
04/28/2026 02:45:38 PM INFO mip_v1 - print:   Machine 3: completion time = 42.20
04/28/2026 02:45:38 PM INFO mip_v1 - print:   Delivery: 46.10 (Deadline: 54.10, Delay: 0.00)
04/28/2026 02:45:38 PM INFO mip_v1 - print: 
04/28/2026 02:45:38 PM INFO mip_v1 - print: Order 17 → Factory 3
04/28/2026 02:45:38 PM INFO mip_v1 - print:   Machine 1: completion time = 31.79
04/28/2026 02:45:38 PM INFO mip_v1 - print:   Machine 2: completion time = 43.28
04/28/2026 02:45:38 PM INFO mip_v1 - print:   Machine 3: completion time = 53.75
04/28/2026 02:45:38 PM INFO mip_v1 - print:   Machine 4: completion time = 63.91
04/28/2026 02:45:38 PM INFO mip_v1 - print:   Delivery: 70.81 (Deadline: 87.60, Delay: 0.00)
04/28/2026 02:45:38 PM INFO mip_v1 - print: 
04/28/2026 02:45:38 PM INFO mip_v1 - print: Order 18 → Factory 4
04/28/2026 02:45:38 PM INFO mip_v1 - print:   Machine 1: completion time = 14.48
04/28/2026 02:45:38 PM INFO mip_v1 - print:   Machine 2: completion time = 36.12
04/28/2026 02:45:38 PM INFO mip_v1 - print:   Machine 3: completion time = 44.25
04/28/2026 02:45:38 PM INFO mip_v1 - print:   Machine 4: completion time = 59.05
04/28/2026 02:45:38 PM INFO mip_v1 - print:   Delivery: 65.75 (Deadline: 67.00, Delay: 0.00)
04/28/2026 02:45:38 PM INFO mip_v1 - print: 
04/28/2026 02:45:38 PM INFO mip_v1 - print: Order 19 → Factory 4
04/28/2026 02:45:38 PM INFO mip_v1 - print:   Machine 1: completion time = 36.30
04/28/2026 02:45:38 PM INFO mip_v1 - print:   Machine 2: completion time = 47.36
04/28/2026 02:45:38 PM INFO mip_v1 - print:   Machine 3: completion time = 59.93
04/28/2026 02:45:38 PM INFO mip_v1 - print:   Machine 4: completion time = 72.64
04/28/2026 02:45:38 PM INFO mip_v1 - print:   Delivery: 80.44 (Deadline: 83.10, Delay: 0.00)
04/28/2026 02:45:38 PM INFO mip_v1 - print: 
04/28/2026 02:45:38 PM INFO mip_v1 - print: Order 20 → Factory 5
04/28/2026 02:45:38 PM INFO mip_v1 - print:   Machine 1: completion time = 66.91
04/28/2026 02:45:38 PM INFO mip_v1 - print:   Machine 2: completion time = 83.23
04/28/2026 02:45:38 PM INFO mip_v1 - print:   Machine 3: completion time = 98.57
04/28/2026 02:45:38 PM INFO mip_v1 - print:   Delivery: 100.97 (Deadline: 98.30, Delay: 2.67)
04/28/2026 02:45:38 PM INFO mip_v1 - print: 
04/28/2026 02:45:38 PM INFO mip_v1 - print: Order 22 → Factory 3
04/28/2026 02:45:38 PM INFO mip_v1 - print:   Machine 1: completion time = 54.44
04/28/2026 02:45:38 PM INFO mip_v1 - print:   Machine 2: completion time = 77.61
04/28/2026 02:45:38 PM INFO mip_v1 - print:   Machine 3: completion time = 83.96
04/28/2026 02:45:38 PM INFO mip_v1 - print:   Machine 4: completion time = 92.30
04/28/2026 02:45:38 PM INFO mip_v1 - print:   Delivery: 95.20 (Deadline: 95.20, Delay: 0.00)
04/28/2026 02:45:38 PM INFO mip_v1 - print: 
04/28/2026 02:45:38 PM INFO mip_v1 - print: Order 25 → Factory 2
04/28/2026 02:45:38 PM INFO mip_v1 - print:   Machine 1: completion time = 27.00
04/28/2026 02:45:38 PM INFO mip_v1 - print:   Machine 2: completion time = 37.38
04/28/2026 02:45:38 PM INFO mip_v1 - print:   Machine 3: completion time = 46.88
04/28/2026 02:45:38 PM INFO mip_v1 - print:   Machine 4: completion time = 51.44
04/28/2026 02:45:38 PM INFO mip_v1 - print:   Machine 5: completion time = 56.25
04/28/2026 02:45:38 PM INFO mip_v1 - print:   Delivery: 57.85 (Deadline: 58.40, Delay: 0.00)
04/28/2026 02:45:38 PM INFO mip_v1 - print: 
04/28/2026 02:45:38 PM INFO mip_v1 - print: Order 26 → Factory 5
04/28/2026 02:45:38 PM INFO mip_v1 - print:   Machine 1: completion time = 54.77
04/28/2026 02:45:38 PM INFO mip_v1 - print:   Machine 2: completion time = 70.43
04/28/2026 02:45:38 PM INFO mip_v1 - print:   Machine 3: completion time = 83.23
04/28/2026 02:45:38 PM INFO mip_v1 - print:   Delivery: 86.33 (Deadline: 96.80, Delay: 0.00)
04/28/2026 02:45:38 PM INFO mip_v1 - print: 
04/28/2026 02:45:38 PM INFO mip_v1 - print: Order 27 → Factory 5
04/28/2026 02:45:38 PM INFO mip_v1 - print:   Machine 1: completion time = 29.45
04/28/2026 02:45:38 PM INFO mip_v1 - print:   Machine 2: completion time = 38.39
04/28/2026 02:45:38 PM INFO mip_v1 - print:   Machine 3: completion time = 51.72
04/28/2026 02:45:38 PM INFO mip_v1 - print:   Delivery: 57.02 (Deadline: 68.50, Delay: 0.00)
04/28/2026 02:45:38 PM INFO mip_v1 - print: 
04/28/2026 02:45:38 PM INFO mip_v1 - print: Order 31 → Factory 1
04/28/2026 02:45:38 PM INFO mip_v1 - print:   Machine 1: completion time = 31.85
04/28/2026 02:45:38 PM INFO mip_v1 - print:   Machine 2: completion time = 38.67
04/28/2026 02:45:38 PM INFO mip_v1 - print:   Machine 3: completion time = 47.39
04/28/2026 02:45:38 PM INFO mip_v1 - print:   Machine 4: completion time = 54.44
04/28/2026 02:45:38 PM INFO mip_v1 - print:   Machine 5: completion time = 62.04
04/28/2026 02:45:38 PM INFO mip_v1 - print:   Delivery: 69.54 (Deadline: 80.80, Delay: 0.00)
04/28/2026 02:45:38 PM INFO mip_v1 - print: 
04/28/2026 02:45:38 PM INFO mip_v1 - print: Order 34 → Factory 1
04/28/2026 02:45:38 PM INFO mip_v1 - print:   Machine 1: completion time = 45.40
04/28/2026 02:45:38 PM INFO mip_v1 - print:   Machine 2: completion time = 57.95
04/28/2026 02:45:38 PM INFO mip_v1 - print:   Machine 3: completion time = 72.64
04/28/2026 02:45:38 PM INFO mip_v1 - print:   Machine 4: completion time = 85.42
04/28/2026 02:45:38 PM INFO mip_v1 - print:   Machine 5: completion time = 100.23
04/28/2026 02:45:38 PM INFO mip_v1 - print:   Delivery: 104.33 (Deadline: 102.90, Delay: 1.43)
04/28/2026 02:45:38 PM INFO mip_v1 - print: 
04/28/2026 02:45:38 PM INFO mip_v1 - print: Order 37 → Factory 5
04/28/2026 02:45:38 PM INFO mip_v1 - print:   Machine 1: completion time = 12.84
04/28/2026 02:45:38 PM INFO mip_v1 - print:   Machine 2: completion time = 23.28
04/28/2026 02:45:38 PM INFO mip_v1 - print:   Machine 3: completion time = 34.71
04/28/2026 02:45:38 PM INFO mip_v1 - print:   Delivery: 38.81 (Deadline: 66.40, Delay: 0.00)
04/28/2026 02:45:38 PM INFO mip_v1 - print: 
04/28/2026 02:45:38 PM INFO mip_v1 - print: Order 38 → Factory 5
04/28/2026 02:45:38 PM INFO mip_v1 - print:   Machine 1: completion time = 45.50
04/28/2026 02:45:38 PM INFO mip_v1 - print:   Machine 2: completion time = 57.94
04/28/2026 02:45:38 PM INFO mip_v1 - print:   Machine 3: completion time = 71.71
04/28/2026 02:45:38 PM INFO mip_v1 - print:   Delivery: 76.51 (Deadline: 82.90, Delay: 0.00)
04/28/2026 02:45:38 PM INFO mip_v1 - print: 
04/28/2026 02:45:38 PM INFO mip_v1 - print: Order 39 → Factory 3
04/28/2026 02:45:38 PM INFO mip_v1 - print:   Machine 1: completion time = 42.52
04/28/2026 02:45:38 PM INFO mip_v1 - print:   Machine 2: completion time = 51.85
04/28/2026 02:45:38 PM INFO mip_v1 - print:   Machine 3: completion time = 63.91
04/28/2026 02:45:38 PM INFO mip_v1 - print:   Machine 4: completion time = 72.09
04/28/2026 02:45:38 PM INFO mip_v1 - print:   Delivery: 74.79 (Deadline: 75.40, Delay: 0.00)
04/28/2026 02:45:38 PM INFO mip_v1 - print: 
04/28/2026 02:45:38 PM INFO mip_v1 - print: ------------------------------------------------------------
04/28/2026 02:45:38 PM INFO mip_v1 - print: COST BREAKDOWN
04/28/2026 02:45:38 PM INFO mip_v1 - print: ------------------------------------------------------------
04/28/2026 02:45:38 PM INFO mip_v1 - print: Total Revenue:          +    32188.00
04/28/2026 02:45:38 PM INFO mip_v1 - print: Production Cost:        -    14013.57
04/28/2026 02:45:38 PM INFO mip_v1 - print: Transport Cost:         -     5822.75
04/28/2026 02:45:38 PM INFO mip_v1 - print: Delay Penalty:          -      281.13
04/28/2026 02:45:38 PM INFO mip_v1 - print: ------------------------------------------------------------
04/28/2026 02:45:38 PM INFO mip_v1 - print: Total Profit:           =    12070.55
