04/26/2026 01:26:05 AM INFO mip_v1 - setup_solver_logging: ================================================================================
04/26/2026 01:26:05 AM INFO mip_v1 - setup_solver_logging: Logging started. Log file: D:\Project_Code\Paper\DP_LBBD_1\DP_lbbd\Algorithm\Results\mip_v1\large\exp_7f_65j_seed4\log\exp_7f_65j_seed4_running.log
04/26/2026 01:26:05 AM INFO mip_v1 - print: BigM calculated: 170.3
04/26/2026 01:26:05 AM INFO mip_v1 - print: Adding variables...
04/26/2026 01:26:05 AM INFO mip_v1 - print: Total variables: 123175
04/26/2026 01:26:05 AM INFO mip_v1 - print: Adding constraints...
04/26/2026 01:26:09 AM INFO mip_v1 - print: Total constraints: 246517
04/26/2026 01:26:09 AM INFO mip_v1 - print: Setting objective function...
04/26/2026 01:26:09 AM INFO mip_v1 - print: 
04/26/2026 01:26:09 AM INFO mip_v1 - print: ✓ Model LP written to: D:\Project_Code\Paper\DP_LBBD_1\DP_lbbd\Algorithm\MIP\production_model.lp
04/26/2026 01:26:09 AM INFO mip_v1 - print: 
04/26/2026 01:26:09 AM INFO mip_v1 - print: ============================================================
04/26/2026 01:26:09 AM INFO mip_v1 - print: Starting optimization...
04/26/2026 01:26:09 AM INFO mip_v1 - print: ============================================================
04/26/2026 01:26:09 AM INFO mip_v1 - print: Gurobi native log file: D:\Project_Code\Paper\DP_LBBD_1\DP_lbbd\Algorithm\Results\mip_v1\large\exp_7f_65j_seed4\log\exp_7f_65j_seed4_gurobi.log
04/26/2026 01:56:10 AM INFO mip_v1 - print: 
04/26/2026 01:56:10 AM INFO mip_v1 - print: ============================================================
04/26/2026 01:56:10 AM INFO mip_v1 - print: SOLUTION SUMMARY
04/26/2026 01:56:10 AM INFO mip_v1 - print: ============================================================
04/26/2026 01:56:10 AM INFO mip_v1 - print: ⚠ Time limit reached, best solution found:
04/26/2026 01:56:10 AM INFO mip_v1 - print: 
04/26/2026 01:56:10 AM INFO mip_v1 - print: Objective Value (Total Profit): 21810.58
04/26/2026 01:56:10 AM INFO mip_v1 - print: MIP Gap: 27.21%
04/26/2026 01:56:10 AM INFO mip_v1 - print: 
04/26/2026 01:56:10 AM INFO mip_v1 - print: 📋 Accepted Orders (57/65): [1, 2, 3, 4, 6, 7, 8, 9, 10, 11, 13, 14, 15, 17, 18, 19, 20, 21, 22, 23, 24, 25, 27, 28, 29, 30, 31, 33, 34, 36, 37, 38, 39, 40, 41, 42, 43, 45, 46, 47, 48, 49, 50, 51, 52, 53, 54, 55, 56, 57, 59, 60, 61, 62, 63, 64, 65]
04/26/2026 01:56:10 AM INFO mip_v1 - print: 
04/26/2026 01:56:10 AM INFO mip_v1 - print: ------------------------------------------------------------
04/26/2026 01:56:10 AM INFO mip_v1 - print: ORDER ALLOCATION DETAILS
04/26/2026 01:56:10 AM INFO mip_v1 - print: ------------------------------------------------------------
04/26/2026 01:56:10 AM INFO mip_v1 - print: 
04/26/2026 01:56:10 AM INFO mip_v1 - print: Order 1 → Factory 6
04/26/2026 01:56:10 AM INFO mip_v1 - print:   Machine 1: completion time = 19.38
04/26/2026 01:56:10 AM INFO mip_v1 - print:   Machine 2: completion time = 27.57
04/26/2026 01:56:10 AM INFO mip_v1 - print:   Machine 3: completion time = 35.56
04/26/2026 01:56:10 AM INFO mip_v1 - print:   Delivery: 41.26 (Deadline: 57.70, Delay: 0.00)
04/26/2026 01:56:10 AM INFO mip_v1 - print: 
04/26/2026 01:56:10 AM INFO mip_v1 - print: Order 2 → Factory 6
04/26/2026 01:56:10 AM INFO mip_v1 - print:   Machine 1: completion time = 11.34
04/26/2026 01:56:10 AM INFO mip_v1 - print:   Machine 2: completion time = 16.68
04/26/2026 01:56:10 AM INFO mip_v1 - print:   Machine 3: completion time = 21.51
04/26/2026 01:56:10 AM INFO mip_v1 - print:   Delivery: 23.11 (Deadline: 54.20, Delay: 0.00)
04/26/2026 01:56:10 AM INFO mip_v1 - print: 
04/26/2026 01:56:10 AM INFO mip_v1 - print: Order 3 → Factory 7
04/26/2026 01:56:10 AM INFO mip_v1 - print:   Machine 1: completion time = 70.38
04/26/2026 01:56:10 AM INFO mip_v1 - print:   Machine 2: completion time = 81.70
04/26/2026 01:56:10 AM INFO mip_v1 - print:   Machine 3: completion time = 89.60
04/26/2026 01:56:10 AM INFO mip_v1 - print:   Machine 4: completion time = 95.11
04/26/2026 01:56:10 AM INFO mip_v1 - print:   Machine 5: completion time = 100.85
04/26/2026 01:56:10 AM INFO mip_v1 - print:   Delivery: 104.55 (Deadline: 108.30, Delay: 0.00)
04/26/2026 01:56:10 AM INFO mip_v1 - print: 
04/26/2026 01:56:10 AM INFO mip_v1 - print: Order 4 → Factory 3
04/26/2026 01:56:10 AM INFO mip_v1 - print:   Machine 1: completion time = 45.26
04/26/2026 01:56:10 AM INFO mip_v1 - print:   Machine 2: completion time = 54.37
04/26/2026 01:56:10 AM INFO mip_v1 - print:   Machine 3: completion time = 63.13
04/26/2026 01:56:10 AM INFO mip_v1 - print:   Machine 4: completion time = 71.05
04/26/2026 01:56:10 AM INFO mip_v1 - print:   Delivery: 72.45 (Deadline: 82.80, Delay: 0.00)
04/26/2026 01:56:10 AM INFO mip_v1 - print: 
04/26/2026 01:56:10 AM INFO mip_v1 - print: Order 6 → Factory 5
04/26/2026 01:56:10 AM INFO mip_v1 - print:   Machine 1: completion time = 11.11
04/26/2026 01:56:10 AM INFO mip_v1 - print:   Machine 2: completion time = 20.27
04/26/2026 01:56:10 AM INFO mip_v1 - print:   Machine 3: completion time = 28.17
04/26/2026 01:56:10 AM INFO mip_v1 - print:   Delivery: 32.67 (Deadline: 66.60, Delay: 0.00)
04/26/2026 01:56:10 AM INFO mip_v1 - print: 
04/26/2026 01:56:10 AM INFO mip_v1 - print: Order 7 → Factory 2
04/26/2026 01:56:10 AM INFO mip_v1 - print:   Machine 1: completion time = 30.65
04/26/2026 01:56:10 AM INFO mip_v1 - print:   Machine 2: completion time = 35.34
04/26/2026 01:56:10 AM INFO mip_v1 - print:   Machine 3: completion time = 44.55
04/26/2026 01:56:10 AM INFO mip_v1 - print:   Machine 4: completion time = 52.77
04/26/2026 01:56:10 AM INFO mip_v1 - print:   Machine 5: completion time = 57.00
04/26/2026 01:56:10 AM INFO mip_v1 - print:   Delivery: 61.50 (Deadline: 61.50, Delay: 0.00)
04/26/2026 01:56:10 AM INFO mip_v1 - print: 
04/26/2026 01:56:10 AM INFO mip_v1 - print: Order 8 → Factory 3
04/26/2026 01:56:10 AM INFO mip_v1 - print:   Machine 1: completion time = 13.01
04/26/2026 01:56:10 AM INFO mip_v1 - print:   Machine 2: completion time = 21.71
04/26/2026 01:56:10 AM INFO mip_v1 - print:   Machine 3: completion time = 31.23
04/26/2026 01:56:10 AM INFO mip_v1 - print:   Machine 4: completion time = 44.05
04/26/2026 01:56:10 AM INFO mip_v1 - print:   Delivery: 44.95 (Deadline: 62.60, Delay: 0.00)
04/26/2026 01:56:10 AM INFO mip_v1 - print: 
04/26/2026 01:56:10 AM INFO mip_v1 - print: Order 9 → Factory 6
04/26/2026 01:56:10 AM INFO mip_v1 - print:   Machine 1: completion time = 62.28
04/26/2026 01:56:10 AM INFO mip_v1 - print:   Machine 2: completion time = 73.68
04/26/2026 01:56:10 AM INFO mip_v1 - print:   Machine 3: completion time = 82.60
04/26/2026 01:56:10 AM INFO mip_v1 - print:   Delivery: 86.80 (Deadline: 97.20, Delay: 0.00)
04/26/2026 01:56:10 AM INFO mip_v1 - print: 
04/26/2026 01:56:10 AM INFO mip_v1 - print: Order 10 → Factory 7
04/26/2026 01:56:10 AM INFO mip_v1 - print:   Machine 1: completion time = 22.18
04/26/2026 01:56:10 AM INFO mip_v1 - print:   Machine 2: completion time = 31.01
04/26/2026 01:56:10 AM INFO mip_v1 - print:   Machine 3: completion time = 39.31
04/26/2026 01:56:10 AM INFO mip_v1 - print:   Machine 4: completion time = 46.26
04/26/2026 01:56:10 AM INFO mip_v1 - print:   Machine 5: completion time = 53.59
04/26/2026 01:56:10 AM INFO mip_v1 - print:   Delivery: 55.79 (Deadline: 76.20, Delay: 0.00)
04/26/2026 01:56:10 AM INFO mip_v1 - print: 
04/26/2026 01:56:10 AM INFO mip_v1 - print: Order 11 → Factory 6
04/26/2026 01:56:10 AM INFO mip_v1 - print:   Machine 1: completion time = 96.79
04/26/2026 01:56:10 AM INFO mip_v1 - print:   Machine 2: completion time = 106.93
04/26/2026 01:56:10 AM INFO mip_v1 - print:   Machine 3: completion time = 116.50
04/26/2026 01:56:10 AM INFO mip_v1 - print:   Delivery: 120.30 (Deadline: 120.30, Delay: 0.00)
04/26/2026 01:56:10 AM INFO mip_v1 - print: 
04/26/2026 01:56:10 AM INFO mip_v1 - print: Order 13 → Factory 4
04/26/2026 01:56:10 AM INFO mip_v1 - print:   Machine 1: completion time = 49.07
04/26/2026 01:56:10 AM INFO mip_v1 - print:   Machine 2: completion time = 57.83
04/26/2026 01:56:10 AM INFO mip_v1 - print:   Machine 3: completion time = 65.52
04/26/2026 01:56:10 AM INFO mip_v1 - print:   Machine 4: completion time = 80.68
04/26/2026 01:56:10 AM INFO mip_v1 - print:   Delivery: 83.68 (Deadline: 100.90, Delay: 0.00)
04/26/2026 01:56:10 AM INFO mip_v1 - print: 
04/26/2026 01:56:10 AM INFO mip_v1 - print: Order 14 → Factory 6
04/26/2026 01:56:10 AM INFO mip_v1 - print:   Machine 1: completion time = 30.36
04/26/2026 01:56:10 AM INFO mip_v1 - print:   Machine 2: completion time = 39.41
04/26/2026 01:56:10 AM INFO mip_v1 - print:   Machine 3: completion time = 47.55
04/26/2026 01:56:10 AM INFO mip_v1 - print:   Delivery: 54.95 (Deadline: 74.30, Delay: 0.00)
04/26/2026 01:56:10 AM INFO mip_v1 - print: 
04/26/2026 01:56:10 AM INFO mip_v1 - print: Order 15 → Factory 5
04/26/2026 01:56:10 AM INFO mip_v1 - print:   Machine 1: completion time = 30.17
04/26/2026 01:56:10 AM INFO mip_v1 - print:   Machine 2: completion time = 41.81
04/26/2026 01:56:10 AM INFO mip_v1 - print:   Machine 3: completion time = 59.81
04/26/2026 01:56:10 AM INFO mip_v1 - print:   Delivery: 64.51 (Deadline: 76.80, Delay: 0.00)
04/26/2026 01:56:10 AM INFO mip_v1 - print: 
04/26/2026 01:56:10 AM INFO mip_v1 - print: Order 17 → Factory 6
04/26/2026 01:56:10 AM INFO mip_v1 - print:   Machine 1: completion time = 6.47
04/26/2026 01:56:10 AM INFO mip_v1 - print:   Machine 2: completion time = 11.24
04/26/2026 01:56:10 AM INFO mip_v1 - print:   Machine 3: completion time = 16.05
04/26/2026 01:56:10 AM INFO mip_v1 - print:   Delivery: 20.35 (Deadline: 53.70, Delay: 0.00)
04/26/2026 01:56:10 AM INFO mip_v1 - print: 
04/26/2026 01:56:10 AM INFO mip_v1 - print: Order 18 → Factory 3
04/26/2026 01:56:10 AM INFO mip_v1 - print:   Machine 1: completion time = 66.53
04/26/2026 01:56:10 AM INFO mip_v1 - print:   Machine 2: completion time = 73.12
04/26/2026 01:56:10 AM INFO mip_v1 - print:   Machine 3: completion time = 81.04
04/26/2026 01:56:10 AM INFO mip_v1 - print:   Machine 4: completion time = 108.10
04/26/2026 01:56:10 AM INFO mip_v1 - print:   Delivery: 112.10 (Deadline: 112.10, Delay: 0.00)
04/26/2026 01:56:10 AM INFO mip_v1 - print: 
04/26/2026 01:56:10 AM INFO mip_v1 - print: Order 19 → Factory 2
04/26/2026 01:56:10 AM INFO mip_v1 - print:   Machine 1: completion time = 52.86
04/26/2026 01:56:10 AM INFO mip_v1 - print:   Machine 2: completion time = 61.88
04/26/2026 01:56:10 AM INFO mip_v1 - print:   Machine 3: completion time = 73.53
04/26/2026 01:56:10 AM INFO mip_v1 - print:   Machine 4: completion time = 83.44
04/26/2026 01:56:10 AM INFO mip_v1 - print:   Machine 5: completion time = 92.08
04/26/2026 01:56:10 AM INFO mip_v1 - print:   Delivery: 97.18 (Deadline: 104.60, Delay: 0.00)
04/26/2026 01:56:10 AM INFO mip_v1 - print: 
04/26/2026 01:56:10 AM INFO mip_v1 - print: Order 20 → Factory 2
04/26/2026 01:56:10 AM INFO mip_v1 - print:   Machine 1: completion time = 58.62
04/26/2026 01:56:10 AM INFO mip_v1 - print:   Machine 2: completion time = 80.54
04/26/2026 01:56:10 AM INFO mip_v1 - print:   Machine 3: completion time = 91.11
04/26/2026 01:56:10 AM INFO mip_v1 - print:   Machine 4: completion time = 99.06
04/26/2026 01:56:10 AM INFO mip_v1 - print:   Machine 5: completion time = 105.43
04/26/2026 01:56:10 AM INFO mip_v1 - print:   Delivery: 109.33 (Deadline: 108.40, Delay: 0.93)
04/26/2026 01:56:10 AM INFO mip_v1 - print: 
04/26/2026 01:56:10 AM INFO mip_v1 - print: Order 21 → Factory 5
04/26/2026 01:56:10 AM INFO mip_v1 - print:   Machine 1: completion time = 62.40
04/26/2026 01:56:10 AM INFO mip_v1 - print:   Machine 2: completion time = 75.77
04/26/2026 01:56:10 AM INFO mip_v1 - print:   Machine 3: completion time = 90.53
04/26/2026 01:56:10 AM INFO mip_v1 - print:   Delivery: 93.13 (Deadline: 113.30, Delay: 0.00)
04/26/2026 01:56:10 AM INFO mip_v1 - print: 
04/26/2026 01:56:10 AM INFO mip_v1 - print: Order 22 → Factory 6
04/26/2026 01:56:10 AM INFO mip_v1 - print:   Machine 1: completion time = 42.93
04/26/2026 01:56:10 AM INFO mip_v1 - print:   Machine 2: completion time = 52.73
04/26/2026 01:56:10 AM INFO mip_v1 - print:   Machine 3: completion time = 60.19
04/26/2026 01:56:10 AM INFO mip_v1 - print:   Delivery: 61.19 (Deadline: 78.90, Delay: 0.00)
04/26/2026 01:56:10 AM INFO mip_v1 - print: 
04/26/2026 01:56:10 AM INFO mip_v1 - print: Order 23 → Factory 2
04/26/2026 01:56:10 AM INFO mip_v1 - print:   Machine 1: completion time = 17.99
04/26/2026 01:56:10 AM INFO mip_v1 - print:   Machine 2: completion time = 25.14
04/26/2026 01:56:10 AM INFO mip_v1 - print:   Machine 3: completion time = 32.75
04/26/2026 01:56:10 AM INFO mip_v1 - print:   Machine 4: completion time = 40.08
04/26/2026 01:56:10 AM INFO mip_v1 - print:   Machine 5: completion time = 46.55
04/26/2026 01:56:10 AM INFO mip_v1 - print:   Delivery: 49.05 (Deadline: 59.50, Delay: 0.00)
04/26/2026 01:56:10 AM INFO mip_v1 - print: 
04/26/2026 01:56:10 AM INFO mip_v1 - print: Order 24 → Factory 6
04/26/2026 01:56:10 AM INFO mip_v1 - print:   Machine 1: completion time = 38.14
04/26/2026 01:56:10 AM INFO mip_v1 - print:   Machine 2: completion time = 47.55
04/26/2026 01:56:10 AM INFO mip_v1 - print:   Machine 3: completion time = 55.24
04/26/2026 01:56:10 AM INFO mip_v1 - print:   Delivery: 58.44 (Deadline: 95.30, Delay: 0.00)
04/26/2026 01:56:10 AM INFO mip_v1 - print: 
04/26/2026 01:56:10 AM INFO mip_v1 - print: Order 25 → Factory 5
04/26/2026 01:56:10 AM INFO mip_v1 - print:   Machine 1: completion time = 97.04
04/26/2026 01:56:10 AM INFO mip_v1 - print:   Machine 2: completion time = 107.11
04/26/2026 01:56:10 AM INFO mip_v1 - print:   Machine 3: completion time = 118.65
04/26/2026 01:56:10 AM INFO mip_v1 - print:   Delivery: 124.15 (Deadline: 131.10, Delay: 0.00)
04/26/2026 01:56:10 AM INFO mip_v1 - print: 
04/26/2026 01:56:10 AM INFO mip_v1 - print: Order 27 → Factory 5
04/26/2026 01:56:10 AM INFO mip_v1 - print:   Machine 1: completion time = 107.11
04/26/2026 01:56:10 AM INFO mip_v1 - print:   Machine 2: completion time = 118.65
04/26/2026 01:56:10 AM INFO mip_v1 - print:   Machine 3: completion time = 129.00
04/26/2026 01:56:10 AM INFO mip_v1 - print:   Delivery: 132.30 (Deadline: 132.30, Delay: 0.00)
04/26/2026 01:56:10 AM INFO mip_v1 - print: 
04/26/2026 01:56:10 AM INFO mip_v1 - print: Order 28 → Factory 1
04/26/2026 01:56:10 AM INFO mip_v1 - print:   Machine 1: completion time = 15.12
04/26/2026 01:56:10 AM INFO mip_v1 - print:   Machine 2: completion time = 27.69
04/26/2026 01:56:10 AM INFO mip_v1 - print:   Machine 3: completion time = 39.30
04/26/2026 01:56:10 AM INFO mip_v1 - print:   Machine 4: completion time = 50.81
04/26/2026 01:56:10 AM INFO mip_v1 - print:   Machine 5: completion time = 61.61
04/26/2026 01:56:10 AM INFO mip_v1 - print:   Delivery: 64.01 (Deadline: 73.70, Delay: 0.00)
04/26/2026 01:56:10 AM INFO mip_v1 - print: 
04/26/2026 01:56:10 AM INFO mip_v1 - print: Order 29 → Factory 2
04/26/2026 01:56:10 AM INFO mip_v1 - print:   Machine 1: completion time = 37.34
04/26/2026 01:56:10 AM INFO mip_v1 - print:   Machine 2: completion time = 51.64
04/26/2026 01:56:10 AM INFO mip_v1 - print:   Machine 3: completion time = 63.22
04/26/2026 01:56:10 AM INFO mip_v1 - print:   Machine 4: completion time = 73.53
04/26/2026 01:56:10 AM INFO mip_v1 - print:   Machine 5: completion time = 81.32
04/26/2026 01:56:10 AM INFO mip_v1 - print:   Delivery: 82.42 (Deadline: 86.20, Delay: 0.00)
04/26/2026 01:56:10 AM INFO mip_v1 - print: 
04/26/2026 01:56:10 AM INFO mip_v1 - print: Order 30 → Factory 6
04/26/2026 01:56:10 AM INFO mip_v1 - print:   Machine 1: completion time = 71.51
04/26/2026 01:56:10 AM INFO mip_v1 - print:   Machine 2: completion time = 78.75
04/26/2026 01:56:10 AM INFO mip_v1 - print:   Machine 3: completion time = 87.17
04/26/2026 01:56:10 AM INFO mip_v1 - print:   Delivery: 91.87 (Deadline: 102.80, Delay: 0.00)
04/26/2026 01:56:10 AM INFO mip_v1 - print: 
04/26/2026 01:56:10 AM INFO mip_v1 - print: Order 31 → Factory 5
04/26/2026 01:56:10 AM INFO mip_v1 - print:   Machine 1: completion time = 35.39
04/26/2026 01:56:10 AM INFO mip_v1 - print:   Machine 2: completion time = 52.10
04/26/2026 01:56:10 AM INFO mip_v1 - print:   Machine 3: completion time = 69.62
04/26/2026 01:56:10 AM INFO mip_v1 - print:   Delivery: 71.72 (Deadline: 72.80, Delay: 0.00)
04/26/2026 01:56:10 AM INFO mip_v1 - print: 
04/26/2026 01:56:10 AM INFO mip_v1 - print: Order 33 → Factory 6
04/26/2026 01:56:10 AM INFO mip_v1 - print:   Machine 1: completion time = 54.21
04/26/2026 01:56:10 AM INFO mip_v1 - print:   Machine 2: completion time = 64.64
04/26/2026 01:56:10 AM INFO mip_v1 - print:   Machine 3: completion time = 72.17
04/26/2026 01:56:10 AM INFO mip_v1 - print:   Delivery: 77.17 (Deadline: 94.10, Delay: 0.00)
04/26/2026 01:56:10 AM INFO mip_v1 - print: 
04/26/2026 01:56:10 AM INFO mip_v1 - print: Order 34 → Factory 7
04/26/2026 01:56:10 AM INFO mip_v1 - print:   Machine 1: completion time = 64.41
04/26/2026 01:56:10 AM INFO mip_v1 - print:   Machine 2: completion time = 73.81
04/26/2026 01:56:10 AM INFO mip_v1 - print:   Machine 3: completion time = 81.79
04/26/2026 01:56:10 AM INFO mip_v1 - print:   Machine 4: completion time = 88.49
04/26/2026 01:56:10 AM INFO mip_v1 - print:   Machine 5: completion time = 95.42
04/26/2026 01:56:10 AM INFO mip_v1 - print:   Delivery: 96.12 (Deadline: 100.50, Delay: 0.00)
04/26/2026 01:56:10 AM INFO mip_v1 - print: 
04/26/2026 01:56:10 AM INFO mip_v1 - print: Order 36 → Factory 7
04/26/2026 01:56:10 AM INFO mip_v1 - print:   Machine 1: completion time = 49.37
04/26/2026 01:56:10 AM INFO mip_v1 - print:   Machine 2: completion time = 57.31
04/26/2026 01:56:10 AM INFO mip_v1 - print:   Machine 3: completion time = 66.38
04/26/2026 01:56:10 AM INFO mip_v1 - print:   Machine 4: completion time = 75.19
04/26/2026 01:56:10 AM INFO mip_v1 - print:   Machine 5: completion time = 81.05
04/26/2026 01:56:10 AM INFO mip_v1 - print:   Delivery: 81.35 (Deadline: 90.20, Delay: 0.00)
04/26/2026 01:56:10 AM INFO mip_v1 - print: 
04/26/2026 01:56:10 AM INFO mip_v1 - print: Order 37 → Factory 7
04/26/2026 01:56:10 AM INFO mip_v1 - print:   Machine 1: completion time = 36.57
04/26/2026 01:56:10 AM INFO mip_v1 - print:   Machine 2: completion time = 44.23
04/26/2026 01:56:10 AM INFO mip_v1 - print:   Machine 3: completion time = 53.10
04/26/2026 01:56:10 AM INFO mip_v1 - print:   Machine 4: completion time = 59.71
04/26/2026 01:56:10 AM INFO mip_v1 - print:   Machine 5: completion time = 68.26
04/26/2026 01:56:10 AM INFO mip_v1 - print:   Delivery: 73.66 (Deadline: 76.80, Delay: 0.00)
04/26/2026 01:56:10 AM INFO mip_v1 - print: 
04/26/2026 01:56:10 AM INFO mip_v1 - print: Order 38 → Factory 5
04/26/2026 01:56:10 AM INFO mip_v1 - print:   Machine 1: completion time = 45.80
04/26/2026 01:56:10 AM INFO mip_v1 - print:   Machine 2: completion time = 64.92
04/26/2026 01:56:10 AM INFO mip_v1 - print:   Machine 3: completion time = 80.68
04/26/2026 01:56:10 AM INFO mip_v1 - print:   Delivery: 83.58 (Deadline: 96.40, Delay: 0.00)
04/26/2026 01:56:10 AM INFO mip_v1 - print: 
04/26/2026 01:56:10 AM INFO mip_v1 - print: Order 39 → Factory 5
04/26/2026 01:56:10 AM INFO mip_v1 - print:   Machine 1: completion time = 52.52
04/26/2026 01:56:10 AM INFO mip_v1 - print:   Machine 2: completion time = 57.96
04/26/2026 01:56:10 AM INFO mip_v1 - print:   Machine 3: completion time = 74.51
04/26/2026 01:56:10 AM INFO mip_v1 - print:   Delivery: 76.41 (Deadline: 89.90, Delay: 0.00)
04/26/2026 01:56:10 AM INFO mip_v1 - print: 
04/26/2026 01:56:10 AM INFO mip_v1 - print: Order 40 → Factory 4
04/26/2026 01:56:10 AM INFO mip_v1 - print:   Machine 1: completion time = 32.86
04/26/2026 01:56:10 AM INFO mip_v1 - print:   Machine 2: completion time = 48.85
04/26/2026 01:56:10 AM INFO mip_v1 - print:   Machine 3: completion time = 57.83
04/26/2026 01:56:10 AM INFO mip_v1 - print:   Machine 4: completion time = 73.00
04/26/2026 01:56:10 AM INFO mip_v1 - print:   Delivery: 79.50 (Deadline: 79.50, Delay: 0.00)
04/26/2026 01:56:10 AM INFO mip_v1 - print: 
04/26/2026 01:56:10 AM INFO mip_v1 - print: Order 41 → Factory 3
04/26/2026 01:56:10 AM INFO mip_v1 - print:   Machine 1: completion time = 35.63
04/26/2026 01:56:10 AM INFO mip_v1 - print:   Machine 2: completion time = 42.99
04/26/2026 01:56:10 AM INFO mip_v1 - print:   Machine 3: completion time = 50.81
04/26/2026 01:56:10 AM INFO mip_v1 - print:   Machine 4: completion time = 57.73
04/26/2026 01:56:10 AM INFO mip_v1 - print:   Delivery: 61.83 (Deadline: 84.80, Delay: 0.00)
04/26/2026 01:56:10 AM INFO mip_v1 - print: 
04/26/2026 01:56:10 AM INFO mip_v1 - print: Order 42 → Factory 3
04/26/2026 01:56:10 AM INFO mip_v1 - print:   Machine 1: completion time = 24.72
04/26/2026 01:56:10 AM INFO mip_v1 - print:   Machine 2: completion time = 31.91
04/26/2026 01:56:10 AM INFO mip_v1 - print:   Machine 3: completion time = 39.32
04/26/2026 01:56:10 AM INFO mip_v1 - print:   Machine 4: completion time = 50.81
04/26/2026 01:56:10 AM INFO mip_v1 - print:   Delivery: 54.21 (Deadline: 66.00, Delay: 0.00)
04/26/2026 01:56:10 AM INFO mip_v1 - print: 
04/26/2026 01:56:10 AM INFO mip_v1 - print: Order 43 → Factory 2
04/26/2026 01:56:10 AM INFO mip_v1 - print:   Machine 1: completion time = 65.88
04/26/2026 01:56:10 AM INFO mip_v1 - print:   Machine 2: completion time = 73.79
04/26/2026 01:56:10 AM INFO mip_v1 - print:   Machine 3: completion time = 83.45
04/26/2026 01:56:10 AM INFO mip_v1 - print:   Machine 4: completion time = 92.08
04/26/2026 01:56:10 AM INFO mip_v1 - print:   Machine 5: completion time = 99.23
04/26/2026 01:56:10 AM INFO mip_v1 - print:   Delivery: 101.23 (Deadline: 107.00, Delay: 0.00)
04/26/2026 01:56:10 AM INFO mip_v1 - print: 
04/26/2026 01:56:10 AM INFO mip_v1 - print: Order 45 → Factory 7
04/26/2026 01:56:10 AM INFO mip_v1 - print:   Machine 1: completion time = 56.18
04/26/2026 01:56:10 AM INFO mip_v1 - print:   Machine 2: completion time = 64.59
04/26/2026 01:56:10 AM INFO mip_v1 - print:   Machine 3: completion time = 73.81
04/26/2026 01:56:10 AM INFO mip_v1 - print:   Machine 4: completion time = 81.05
04/26/2026 01:56:10 AM INFO mip_v1 - print:   Machine 5: completion time = 87.60
04/26/2026 01:56:10 AM INFO mip_v1 - print:   Delivery: 91.40 (Deadline: 91.40, Delay: 0.00)
04/26/2026 01:56:10 AM INFO mip_v1 - print: 
04/26/2026 01:56:10 AM INFO mip_v1 - print: Order 46 → Factory 7
04/26/2026 01:56:10 AM INFO mip_v1 - print:   Machine 1: completion time = 28.70
04/26/2026 01:56:10 AM INFO mip_v1 - print:   Machine 2: completion time = 36.57
04/26/2026 01:56:10 AM INFO mip_v1 - print:   Machine 3: completion time = 45.18
04/26/2026 01:56:10 AM INFO mip_v1 - print:   Machine 4: completion time = 50.79
04/26/2026 01:56:10 AM INFO mip_v1 - print:   Machine 5: completion time = 58.35
04/26/2026 01:56:10 AM INFO mip_v1 - print:   Delivery: 64.45 (Deadline: 72.40, Delay: 0.00)
04/26/2026 01:56:10 AM INFO mip_v1 - print: 
04/26/2026 01:56:10 AM INFO mip_v1 - print: Order 47 → Factory 5
04/26/2026 01:56:10 AM INFO mip_v1 - print:   Machine 1: completion time = 72.81
04/26/2026 01:56:10 AM INFO mip_v1 - print:   Machine 2: completion time = 88.41
04/26/2026 01:56:10 AM INFO mip_v1 - print:   Machine 3: completion time = 101.33
04/26/2026 01:56:10 AM INFO mip_v1 - print:   Delivery: 106.93 (Deadline: 121.80, Delay: 0.00)
04/26/2026 01:56:10 AM INFO mip_v1 - print: 
04/26/2026 01:56:10 AM INFO mip_v1 - print: Order 48 → Factory 6
04/26/2026 01:56:10 AM INFO mip_v1 - print:   Machine 1: completion time = 24.59
04/26/2026 01:56:10 AM INFO mip_v1 - print:   Machine 2: completion time = 33.23
04/26/2026 01:56:10 AM INFO mip_v1 - print:   Machine 3: completion time = 41.57
04/26/2026 01:56:10 AM INFO mip_v1 - print:   Delivery: 48.07 (Deadline: 54.70, Delay: 0.00)
04/26/2026 01:56:10 AM INFO mip_v1 - print: 
04/26/2026 01:56:10 AM INFO mip_v1 - print: Order 49 → Factory 2
04/26/2026 01:56:10 AM INFO mip_v1 - print:   Machine 1: completion time = 80.54
04/26/2026 01:56:10 AM INFO mip_v1 - print:   Machine 2: completion time = 92.55
04/26/2026 01:56:10 AM INFO mip_v1 - print:   Machine 3: completion time = 106.94
04/26/2026 01:56:10 AM INFO mip_v1 - print:   Machine 4: completion time = 121.04
04/26/2026 01:56:10 AM INFO mip_v1 - print:   Machine 5: completion time = 131.78
04/26/2026 01:56:10 AM INFO mip_v1 - print:   Delivery: 136.18 (Deadline: 136.70, Delay: 0.00)
04/26/2026 01:56:10 AM INFO mip_v1 - print: 
04/26/2026 01:56:10 AM INFO mip_v1 - print: Order 50 → Factory 7
04/26/2026 01:56:10 AM INFO mip_v1 - print:   Machine 1: completion time = 84.79
04/26/2026 01:56:10 AM INFO mip_v1 - print:   Machine 2: completion time = 90.74
04/26/2026 01:56:10 AM INFO mip_v1 - print:   Machine 3: completion time = 96.15
04/26/2026 01:56:10 AM INFO mip_v1 - print:   Machine 4: completion time = 100.85
04/26/2026 01:56:10 AM INFO mip_v1 - print:   Machine 5: completion time = 105.60
04/26/2026 01:56:10 AM INFO mip_v1 - print:   Delivery: 106.40 (Deadline: 106.40, Delay: 0.00)
04/26/2026 01:56:10 AM INFO mip_v1 - print: 
04/26/2026 01:56:10 AM INFO mip_v1 - print: Order 51 → Factory 5
04/26/2026 01:56:10 AM INFO mip_v1 - print:   Machine 1: completion time = 39.72
04/26/2026 01:56:10 AM INFO mip_v1 - print:   Machine 2: completion time = 46.56
04/26/2026 01:56:10 AM INFO mip_v1 - print:   Machine 3: completion time = 64.54
04/26/2026 01:56:10 AM INFO mip_v1 - print:   Delivery: 67.14 (Deadline: 68.90, Delay: 0.00)
04/26/2026 01:56:10 AM INFO mip_v1 - print: 
04/26/2026 01:56:10 AM INFO mip_v1 - print: Order 52 → Factory 1
04/26/2026 01:56:10 AM INFO mip_v1 - print:   Machine 1: completion time = 46.20
04/26/2026 01:56:10 AM INFO mip_v1 - print:   Machine 2: completion time = 57.73
04/26/2026 01:56:10 AM INFO mip_v1 - print:   Machine 3: completion time = 69.19
04/26/2026 01:56:10 AM INFO mip_v1 - print:   Machine 4: completion time = 79.57
04/26/2026 01:56:10 AM INFO mip_v1 - print:   Machine 5: completion time = 89.72
04/26/2026 01:56:10 AM INFO mip_v1 - print:   Delivery: 91.62 (Deadline: 91.50, Delay: 0.12)
04/26/2026 01:56:10 AM INFO mip_v1 - print: 
04/26/2026 01:56:10 AM INFO mip_v1 - print: Order 53 → Factory 5
04/26/2026 01:56:10 AM INFO mip_v1 - print:   Machine 1: completion time = 21.66
04/26/2026 01:56:10 AM INFO mip_v1 - print:   Machine 2: completion time = 32.82
04/26/2026 01:56:10 AM INFO mip_v1 - print:   Machine 3: completion time = 51.67
04/26/2026 01:56:10 AM INFO mip_v1 - print:   Delivery: 54.97 (Deadline: 82.40, Delay: 0.00)
04/26/2026 01:56:10 AM INFO mip_v1 - print: 
04/26/2026 01:56:10 AM INFO mip_v1 - print: Order 54 → Factory 3
04/26/2026 01:56:10 AM INFO mip_v1 - print:   Machine 1: completion time = 55.27
04/26/2026 01:56:10 AM INFO mip_v1 - print:   Machine 2: completion time = 62.66
04/26/2026 01:56:10 AM INFO mip_v1 - print:   Machine 3: completion time = 70.30
04/26/2026 01:56:10 AM INFO mip_v1 - print:   Machine 4: completion time = 77.25
04/26/2026 01:56:10 AM INFO mip_v1 - print:   Delivery: 80.05 (Deadline: 97.10, Delay: 0.00)
04/26/2026 01:56:10 AM INFO mip_v1 - print: 
04/26/2026 01:56:10 AM INFO mip_v1 - print: Order 55 → Factory 6
04/26/2026 01:56:10 AM INFO mip_v1 - print:   Machine 1: completion time = 87.17
04/26/2026 01:56:10 AM INFO mip_v1 - print:   Machine 2: completion time = 95.94
04/26/2026 01:56:10 AM INFO mip_v1 - print:   Machine 3: completion time = 106.93
04/26/2026 01:56:10 AM INFO mip_v1 - print:   Delivery: 108.93 (Deadline: 109.60, Delay: 0.00)
04/26/2026 01:56:10 AM INFO mip_v1 - print: 
04/26/2026 01:56:10 AM INFO mip_v1 - print: Order 56 → Factory 5
04/26/2026 01:56:10 AM INFO mip_v1 - print:   Machine 1: completion time = 80.71
04/26/2026 01:56:10 AM INFO mip_v1 - print:   Machine 2: completion time = 97.09
04/26/2026 01:56:10 AM INFO mip_v1 - print:   Machine 3: completion time = 110.02
04/26/2026 01:56:10 AM INFO mip_v1 - print:   Delivery: 114.62 (Deadline: 127.50, Delay: 0.00)
04/26/2026 01:56:10 AM INFO mip_v1 - print: 
04/26/2026 01:56:10 AM INFO mip_v1 - print: Order 57 → Factory 1
04/26/2026 01:56:10 AM INFO mip_v1 - print:   Machine 1: completion time = 35.21
04/26/2026 01:56:10 AM INFO mip_v1 - print:   Machine 2: completion time = 46.20
04/26/2026 01:56:10 AM INFO mip_v1 - print:   Machine 3: completion time = 57.16
04/26/2026 01:56:10 AM INFO mip_v1 - print:   Machine 4: completion time = 66.79
04/26/2026 01:56:10 AM INFO mip_v1 - print:   Machine 5: completion time = 76.46
04/26/2026 01:56:10 AM INFO mip_v1 - print:   Delivery: 79.46 (Deadline: 77.80, Delay: 1.66)
04/26/2026 01:56:10 AM INFO mip_v1 - print: 
04/26/2026 01:56:10 AM INFO mip_v1 - print: Order 59 → Factory 6
04/26/2026 01:56:10 AM INFO mip_v1 - print:   Machine 1: completion time = 49.55
04/26/2026 01:56:10 AM INFO mip_v1 - print:   Machine 2: completion time = 59.69
04/26/2026 01:56:10 AM INFO mip_v1 - print:   Machine 3: completion time = 67.40
04/26/2026 01:56:10 AM INFO mip_v1 - print:   Delivery: 72.10 (Deadline: 78.40, Delay: 0.00)
04/26/2026 01:56:10 AM INFO mip_v1 - print: 
04/26/2026 01:56:10 AM INFO mip_v1 - print: Order 60 → Factory 6
04/26/2026 01:56:10 AM INFO mip_v1 - print:   Machine 1: completion time = 78.75
04/26/2026 01:56:10 AM INFO mip_v1 - print:   Machine 2: completion time = 87.17
04/26/2026 01:56:10 AM INFO mip_v1 - print:   Machine 3: completion time = 95.13
04/26/2026 01:56:10 AM INFO mip_v1 - print:   Delivery: 97.63 (Deadline: 116.30, Delay: 0.00)
04/26/2026 01:56:10 AM INFO mip_v1 - print: 
04/26/2026 01:56:10 AM INFO mip_v1 - print: Order 61 → Factory 6
04/26/2026 01:56:10 AM INFO mip_v1 - print:   Machine 1: completion time = 104.03
04/26/2026 01:56:10 AM INFO mip_v1 - print:   Machine 2: completion time = 114.86
04/26/2026 01:56:10 AM INFO mip_v1 - print:   Machine 3: completion time = 123.57
04/26/2026 01:56:10 AM INFO mip_v1 - print:   Delivery: 126.97 (Deadline: 133.10, Delay: 0.00)
04/26/2026 01:56:10 AM INFO mip_v1 - print: 
04/26/2026 01:56:10 AM INFO mip_v1 - print: Order 62 → Factory 2
04/26/2026 01:56:10 AM INFO mip_v1 - print:   Machine 1: completion time = 100.10
04/26/2026 01:56:10 AM INFO mip_v1 - print:   Machine 2: completion time = 109.25
04/26/2026 01:56:10 AM INFO mip_v1 - print:   Machine 3: completion time = 121.04
04/26/2026 01:56:10 AM INFO mip_v1 - print:   Machine 4: completion time = 130.52
04/26/2026 01:56:10 AM INFO mip_v1 - print:   Machine 5: completion time = 142.30
04/26/2026 01:56:10 AM INFO mip_v1 - print:   Delivery: 145.40 (Deadline: 145.40, Delay: 0.00)
04/26/2026 01:56:10 AM INFO mip_v1 - print: 
04/26/2026 01:56:10 AM INFO mip_v1 - print: Order 63 → Factory 2
04/26/2026 01:56:10 AM INFO mip_v1 - print:   Machine 1: completion time = 26.21
04/26/2026 01:56:10 AM INFO mip_v1 - print:   Machine 2: completion time = 44.55
04/26/2026 01:56:10 AM INFO mip_v1 - print:   Machine 3: completion time = 55.53
04/26/2026 01:56:10 AM INFO mip_v1 - print:   Machine 4: completion time = 65.95
04/26/2026 01:56:10 AM INFO mip_v1 - print:   Machine 5: completion time = 74.46
04/26/2026 01:56:10 AM INFO mip_v1 - print:   Delivery: 76.96 (Deadline: 77.30, Delay: 0.00)
04/26/2026 01:56:10 AM INFO mip_v1 - print: 
04/26/2026 01:56:10 AM INFO mip_v1 - print: Order 64 → Factory 7
04/26/2026 01:56:10 AM INFO mip_v1 - print:   Machine 1: completion time = 42.70
04/26/2026 01:56:10 AM INFO mip_v1 - print:   Machine 2: completion time = 50.19
04/26/2026 01:56:10 AM INFO mip_v1 - print:   Machine 3: completion time = 59.90
04/26/2026 01:56:10 AM INFO mip_v1 - print:   Machine 4: completion time = 66.25
04/26/2026 01:56:10 AM INFO mip_v1 - print:   Machine 5: completion time = 73.30
04/26/2026 01:56:10 AM INFO mip_v1 - print:   Delivery: 79.80 (Deadline: 79.80, Delay: 0.00)
04/26/2026 01:56:10 AM INFO mip_v1 - print: 
04/26/2026 01:56:10 AM INFO mip_v1 - print: Order 65 → Factory 3
04/26/2026 01:56:10 AM INFO mip_v1 - print:   Machine 1: completion time = 60.58
04/26/2026 01:56:10 AM INFO mip_v1 - print:   Machine 2: completion time = 67.85
04/26/2026 01:56:10 AM INFO mip_v1 - print:   Machine 3: completion time = 75.59
04/26/2026 01:56:10 AM INFO mip_v1 - print:   Machine 4: completion time = 82.02
04/26/2026 01:56:10 AM INFO mip_v1 - print:   Delivery: 85.52 (Deadline: 95.40, Delay: 0.00)
04/26/2026 01:56:10 AM INFO mip_v1 - print: 
04/26/2026 01:56:10 AM INFO mip_v1 - print: ------------------------------------------------------------
04/26/2026 01:56:10 AM INFO mip_v1 - print: COST BREAKDOWN
04/26/2026 01:56:10 AM INFO mip_v1 - print: ------------------------------------------------------------
04/26/2026 01:56:10 AM INFO mip_v1 - print: Total Revenue:          +    58756.00
04/26/2026 01:56:10 AM INFO mip_v1 - print: Production Cost:        -    25703.04
04/26/2026 01:56:10 AM INFO mip_v1 - print: Transport Cost:         -    11073.25
04/26/2026 01:56:10 AM INFO mip_v1 - print: Delay Penalty:          -      169.13
04/26/2026 01:56:10 AM INFO mip_v1 - print: ------------------------------------------------------------
04/26/2026 01:56:10 AM INFO mip_v1 - print: Total Profit:           =    21810.58
