
Gurobi 10.0.1 (win64) logging started Sun Apr 26 01:26:09 2026

Set parameter LogFile to value "D:\Project_Code\Paper\DP_LBBD_1\DP_lbbd\Algorithm\Results\mip_v1\large\exp_7f_65j_seed4\log\exp_7f_65j_seed4_gurobi.log"
Set parameter LogToConsole to value 0
Gurobi Optimizer version 10.0.1 build v10.0.1rc0 (win64)

CPU model: Intel(R) Core(TM) Ultra 7 265KF, instruction set [SSE2|AVX|AVX2]
Thread count: 20 physical cores, 20 logical processors, using up to 20 threads

Optimize a model with 246517 rows, 123175 columns and 1219149 nonzeros
Model fingerprint: 0xc14d6f5a
Variable types: 2015 continuous, 121160 integer (121160 binary)
Coefficient statistics:
  Matrix range     [1e+00, 2e+02]
  Objective range  [1e+01, 2e+03]
  Bounds range     [1e+00, 2e+02]
  RHS range        [1e+00, 5e+02]
Found heuristic solution: objective -0.0000000
Presolve removed 155117 rows and 77410 columns
Presolve time: 1.49s
Presolved: 91400 rows, 45765 columns, 449447 nonzeros
Variable types: 1254 continuous, 44511 integer (44511 binary)

Deterministic concurrent LP optimizer: primal and dual simplex (primal and dual model)
Showing first log only...

Root relaxation presolved: 91400 rows, 45765 columns, 449447 nonzeros


Root simplex log...

Iteration    Objective       Primal Inf.    Dual Inf.      Time
       0   -0.0000000e+00   0.000000e+00   3.573175e+03     10s
Concurrent spin time: 0.00s

Solved with dual simplex (primal model)

Root relaxation: objective 2.774535e+04, 5031 iterations, 0.40 seconds (0.56 work units)
Total elapsed time = 10.19s

    Nodes    |    Current Node    |     Objective Bounds      |     Work
 Expl Unexpl |  Obj  Depth IntInf | Incumbent    BestBd   Gap | It/Node Time

     0     0 27745.3519    0  716   -0.00000 27745.3519      -     -   10s
H    0     0                    13196.166441 27745.3519   110%     -   10s
     0     0 27745.3519    0  678 13196.1664 27745.3519   110%     -   11s
H    0     0                    16006.898746 27745.3519  73.3%     -   14s
     0     0 27745.3519    0  598 16006.8987 27745.3519  73.3%     -   15s
     0     0 27745.3519    0  609 16006.8987 27745.3519  73.3%     -   16s
     0     0 27745.3519    0  561 16006.8987 27745.3519  73.3%     -   16s
     0     0 27745.3519    0  633 16006.8987 27745.3519  73.3%     -   17s
     0     0 27745.3519    0  597 16006.8987 27745.3519  73.3%     -   17s
     0     0 27745.3519    0  600 16006.8987 27745.3519  73.3%     -   18s
     0     0 27745.3519    0  627 16006.8987 27745.3519  73.3%     -   18s
     0     0 27745.3519    0  604 16006.8987 27745.3519  73.3%     -   20s
     0     0 27745.3519    0  568 16006.8987 27745.3519  73.3%     -   20s
     0     0 27745.3519    0  576 16006.8987 27745.3519  73.3%     -   21s
     0     0 27745.3519    0  646 16006.8987 27745.3519  73.3%     -   21s
     0     0 27745.3519    0  590 16006.8987 27745.3519  73.3%     -   22s
     0     0 27745.3519    0  584 16006.8987 27745.3519  73.3%     -   23s
H    0     0                    16571.203364 27745.3519  67.4%     -   23s
     0     2 27745.3519    0  560 16571.2034 27745.3519  67.4%     -   25s
H   71    92                    16792.636635 27745.3519  65.2%  1365   41s
H   72    92                    17082.270574 27745.3519  62.4%  1363   41s
H   77    92                    17119.894225 27745.3519  62.1%  1326   41s
H   90    92                    17143.445130 27745.3519  61.8%  1192   41s
   141   172 27663.4541    8  674 17143.4451 27745.3519  61.8%   955   45s
H  146   172                    17311.059757 27745.3519  60.3%   930   45s
   202   218 27663.4541    9  582 17311.0598 27745.3519  60.3%   778   54s
H  217   218                    17748.593751 27745.3519  56.3%   749   54s
H  264   283                    17825.998346 27745.3519  55.6%   678   57s
   332   353 27663.4541   13  522 17825.9983 27745.3519  55.6%   617   60s
   500   570 27663.4541   16  571 17825.9983 27745.3519  55.6%   502   65s
   752   819 27663.4541   21  609 17825.9983 27745.3519  55.6%   392   70s
  1286  1300 27507.9686   37  506 17825.9983 27745.3519  55.6%   287   78s
  1740  1653 27338.1511   49  445 17825.9983 27745.3519  55.6%   240   81s
  2173  2097 27280.5232   58  466 17825.9983 27745.3519  55.6%   225   88s
  2427  2463 26974.4679   68  449 17825.9983 27745.3519  55.6%   217   92s
  3210  3214 26968.2462   84  444 17825.9983 27745.3519  55.6%   189   98s
  3611  3594 26937.6030   90  416 17825.9983 27745.3519  55.6%   177  103s
  4026  4000 26605.8733   99  402 17825.9983 27745.3519  55.6%   166  106s
  4496  4424 26188.3492  116  353 17825.9983 27745.3519  55.6%   157  111s
* 5162  4728             300    20167.185249 27745.3519  37.6%   145  114s
* 5293  4701             294    20474.667104 27745.3519  35.5%   144  114s
  5510  4987 25523.4038  145  340 20474.6671 27745.3519  35.5%   141  120s
  6514  5434 24316.0918  100  584 20474.6671 27745.3519  35.5%   134  153s
  6516  5435 27413.3733   33  860 20474.6671 27745.3519  35.5%   134  193s
  6517  5436 23984.4506  168  561 20474.6671 27745.3519  35.5%   134  195s
  6521  5440 26503.1146  110  584 20474.6671 27745.3519  35.5%   135  202s
  6523  5441 25907.8708  102  406 20474.6671 27745.3519  35.5%   135  212s
  6526  5443 25146.9868   36  292 20474.6671 27745.3519  35.5%   135  215s
  6529  5445 27267.9400   38  297 20474.6671 27745.3519  35.5%   135  220s
  6534  5449 27745.3519    7  336 20474.6671 27745.3519  35.5%   135  226s
  6537  5451 27419.3961   44  355 20474.6671 27745.3519  35.5%   135  231s
  6540  5453 26656.3804   27  330 20474.6671 27745.3519  35.5%   135  236s
  6543  5455 27130.7455   90  326 20474.6671 27745.3519  35.5%   135  240s
  6695  5575 27740.7576   27  265 20474.6671 27745.3519  35.5%  12.3  252s
  6775  5641 27743.3637   29  267 20474.6671 27745.3519  35.5%  13.0  255s
H 6811  5375                    20568.424831 27745.3519  34.9%  13.2  257s
H 6813  5116                    20610.103569 27745.3519  34.6%  13.2  257s
H 6816  4868                    20709.334600 27745.3519  34.0%  13.2  257s
  6862  4902 27745.3519   31  271 20709.3346 27745.3519  34.0%  13.6  260s
H 6863  4668                    20901.071943 27745.3519  32.7%  13.6  260s
H 6930  4480                    21036.508408 27745.3519  31.9%  14.3  262s
H 6935  4266                    21065.380211 27745.3519  31.7%  14.3  262s
  6981  4312 27663.4541   34  269 21065.3802 27745.3519  31.7%  14.8  266s
H 6982  4111                    21086.379954 27745.3519  31.6%  14.7  266s
H 7033  3951                    21162.510456 27745.3519  31.1%  15.7  269s
  7115  4007 27661.8002   37  275 21162.5105 27745.3519  31.1%  16.2  271s
H 7117  3825                    21172.569656 27745.3519  31.0%  16.2  271s
H 7130  3648                    21189.188941 27745.3519  30.9%  16.2  271s
  7207  3689 27462.2078   39  268 21189.1889 27745.3519  30.9%  16.5  275s
  7409  3837 27423.7375   44  259 21189.1889 27745.3519  30.9%  17.8  280s
H 7558  3726                    21305.335087 27745.3519  30.2%  18.5  284s
  7668  3842 27423.7375   50  253 21305.3351 27745.3519  30.2%  18.8  285s
  8161  4078 27140.3564   58  263 21305.3351 27745.3519  30.2%  20.5  290s
H 8205  3908                    21399.092815 27745.3519  29.7%  20.7  290s
  8869  4303 26783.0050   75  238 21399.0928 27745.3519  29.7%  22.5  295s
  9642  4806 26341.2862   92  214 21399.0928 27745.3519  29.7%  24.4  300s
 10845  5489 24985.1564  114  194 21399.0928 27745.3519  29.7%  26.2  305s
 11822  5824 24304.3984  134  162 21399.0928 27745.3519  29.7%  27.2  310s
 12860  6389 23906.7952  156  155 21399.0928 27745.3519  29.7%  28.2  316s
H12929  6219                    21428.633726 27745.3519  29.5%  28.2  316s
 13518  6463 23093.5482  174  147 21428.6337 27745.3519  29.5%  28.8  321s
H13551  6312                    21438.277404 27745.3519  29.4%  28.8  321s
H13557  6175                    21491.948227 27745.3519  29.1%  28.8  321s
 13737  6491 23540.4100  178  157 21491.9482 27745.3519  29.1%  29.0  328s
H13965  6365                    21539.708496 27745.3519  28.8%  29.2  328s
 14205  6783 22490.8005  185  136 21539.7085 27745.3519  28.8%  29.4  330s
 14740  6979 infeasible  194      21539.7085 27745.3519  28.8%  29.7  370s
H15053  7325                    21551.595333 27745.3519  28.7%  30.0  375s
 15490  7843 22665.1510  210   96 21551.5953 27745.3519  28.7%  30.3  380s
 16118  7968 22417.9276  225  100 21551.5953 27745.3519  28.7%  30.6  385s
H16241  7968                    21556.850212 27745.3519  28.7%  30.8  385s
 16939  8771 22091.8753  237   98 21556.8502 27745.3519  28.7%  31.3  392s
H17003  8771                    21559.787483 27745.3519  28.7%  31.4  392s
 17200  9612 27307.2931   38  249 21559.7875 27745.3519  28.7%  31.5  396s
 18108 10498 24734.3877   85  153 21559.7875 27745.3519  28.7%  32.0  400s
 20069 12113 26089.6166   79  197 21559.7875 27745.3519  28.7%  32.3  407s
*20196 12090             339    21623.879779 27745.3519  28.3%  32.3  407s
 21030 12898 22202.6028  134   98 21623.8798 27745.3519  28.3%  32.6  411s
 21981 13109 27422.2366   42  270 21623.8798 27745.3519  28.3%  33.3  415s
H22208 12886                    21715.863497 27745.3519  27.8%  33.4  416s
 23263 15677 25353.9289  105  178 21715.8635 27745.3519  27.8%  34.1  428s
 25560 16275 27572.4016   51  274 21715.8635 27745.3519  27.8%  34.7  431s
 26243 16806 26769.2734   83  202 21715.8635 27745.3519  27.8%  34.9  436s
 27905 18577 27745.3519   31  282 21715.8635 27745.3519  27.8%  35.1  442s
 28796 19523 24890.6326   53  249 21715.8635 27745.3519  27.8%  35.3  446s
 29821 20418 24688.6478   65  220 21715.8635 27745.3519  27.8%  35.3  450s
 31890 21696 27578.5125   35  274 21715.8635 27745.3519  27.8%  35.2  459s
 32438 22743 26615.4480   55  251 21715.8635 27745.3519  27.8%  35.2  464s
 33711 23812 22303.7057  114  163 21715.8635 27745.3519  27.8%  35.3  469s
 35042 24900 26584.6204   69  255 21715.8635 27745.3519  27.8%  35.5  474s
 36448 24917 infeasible  163      21715.8635 27745.3519  27.8%  35.9  483s
H36455 24810                    21794.690649 27745.3519  27.3%  35.9  483s
 36474 26107 22709.5110  162  130 21794.6906 27745.3519  27.3%  35.9  488s
 38075 27468 25671.0286   76  228 21794.6906 27745.3519  27.3%  36.3  497s
 39611 28228 27735.4661   37  267 21794.6906 27745.3519  27.3%  36.8  505s
 40585 29746 25751.3264   86  190 21794.6906 27745.3519  27.3%  37.1  511s
 42421 30685 27097.1765   63  225 21794.6906 27745.3519  27.3%  37.6  519s
 43567 32212 22752.5619  133  137 21794.6906 27745.2602  27.3%  37.8  526s
 45491 33686 26192.7475   56  236 21794.6906 27745.2602  27.3%  38.2  533s
 47219 34074 25178.0915   89  227 21794.6906 27745.2602  27.3%  38.9 1183s
 47728 41322 25094.8267   90  226 21794.6906 27745.2602  27.3%  39.0 1218s
 56868 42455 24641.8369  117  135 21794.6906 27745.2602  27.3%  39.8 1232s
 58187 45070 22120.0827  237   33 21794.6906 27745.2602  27.3%  39.8 1244s
 61232 46580 27260.8080   67  204 21794.6906 27745.2602  27.3%  39.7 1258s
 63085 48859 27710.9136   50  264 21794.6906 27745.2602  27.3%  39.7 1270s
 65953 50933 26509.0752   86  200 21794.6906 27745.2602  27.3%  39.8 1284s
 68491 52369 27477.4030   58  245 21794.6906 27745.2602  27.3%  40.1 1296s
 70027 55422 26581.2150  104  210 21794.6906 27745.2602  27.3%  40.5 1315s
 73950 57615 23695.8945  198  127 21794.6906 27745.2602  27.3%  40.5 1328s
 76775 59241 22791.2356  265  107 21794.6906 27745.2602  27.3%  40.6 1342s
 78771 61306 27720.7518   59  242 21794.6906 27745.2602  27.3%  40.8 1352s
 80988 61363 26466.6329  110  205 21794.6906 27745.2602  27.3%  41.4 1362s
H81072 61287                    21810.581855 27745.2602  27.2%  41.3 1362s
 81074 62963 26464.1899  110  206 21810.5819 27745.2602  27.2%  41.3 1377s
 83137 65016 25260.9676  154  165 21810.5819 27745.2602  27.2%  41.5 1393s
 85716 67279 23007.7111  218  129 21810.5819 27745.2602  27.2%  41.6 1409s
 88328 68852 24343.4653  121  183 21810.5819 27745.2602  27.2%  41.6 1425s
 90246 71348 26886.0842   70  242 21810.5819 27745.2602  27.2%  41.6 1442s
 93129 74928 23487.4310  139  168 21810.5819 27745.2602  27.2%  41.7 1465s
 97316 77002 24377.3355  124  148 21810.5819 27745.2602  27.2%  41.6 1480s
 99717 79119 infeasible  179      21810.5819 27745.2602  27.2%  41.6 1496s
 102197 81243 23472.9161  134  120 21810.5819 27745.2602  27.2%  41.5 1512s
 104829 83225 24374.3395  126  149 21810.5819 27745.2602  27.2%  41.5 1527s
 107188 85076 24216.5787   99  139 21810.5819 27745.2602  27.2%  41.6 1542s
 109573 86722 26982.2518   75  241 21810.5819 27745.2216  27.2%  41.7 1556s
 111647 88747 23654.1318  108  188 21810.5819 27745.2216  27.2%  41.8 1573s
 114308 90808 27417.1070   49  232 21810.5819 27745.1617  27.2%  41.8 1590s
 116873 91614 27099.8254   67  212 21810.5819 27745.1617  27.2%  41.9 1605s
 117843 99405 27099.8254   68  210 21810.5819 27745.0262  27.2%  42.1 1654s
 126983 101950 24894.2741  125  131 21810.5819 27744.9909  27.2%  42.0 1674s
 129951 104533 22966.1233  205   89 21810.5819 27744.9669  27.2%  42.1 1694s
 133072 106708 27699.6940   50  251 21810.5819 27744.9669  27.2%  42.0 1713s
 135771 109121 26800.4957   69  236 21810.5819 27744.9669  27.2%  42.1 1734s
 138760 111586 22642.1144  124  145 21810.5819 27744.9669  27.2%  42.2 1755s
 141780 113987 27654.8854   60  250 21810.5819 27744.9669  27.2%  42.3 1782s
 144958 115876 27742.1176   60  261 21810.5819 27744.9669  27.2%  42.5 1800s

Cutting planes:
  Learned: 12
  Gomory: 75
  Lift-and-project: 28
  Cover: 14
  MIR: 58
  Flow cover: 99
  Network: 1

Explored 147367 nodes (7200662 simplex iterations) in 1800.77 seconds (482.45 work units)
Thread count was 20 (of 20 available processors)

Solution count 10: 21810.6 21794.7 21715.9 ... 21438.3

Time limit reached
Best objective 2.181058185472e+04, best bound 2.774496689936e+04, gap 27.2087%
