
Gurobi 10.0.1 (win64) logging started Tue Apr 28 13:15:28 2026

Set parameter LogFile to value "D:\Project_Code\Paper\DP_LBBD_1\DP_lbbd\Algorithm\Results\mip_v1\medium\exp_5f_40j_seed2\log\exp_5f_40j_seed2_gurobi.log"
Set parameter LogToConsole to value 0
Gurobi Optimizer version 10.0.1 build v10.0.1rc0 (win64)

CPU model: Intel(R) Core(TM) Ultra 7 265KF, instruction set [SSE2|AVX|AVX2]
Thread count: 20 physical cores, 20 logical processors, using up to 20 threads

Optimize a model with 64691 rows, 32320 columns and 317542 nonzeros
Model fingerprint: 0xf93e3926
Variable types: 880 continuous, 31440 integer (31440 binary)
Coefficient statistics:
  Matrix range     [1e+00, 1e+02]
  Objective range  [3e+01, 2e+03]
  Bounds range     [1e+00, 1e+02]
  RHS range        [1e+00, 4e+02]
Found heuristic solution: objective -0.0000000
Presolve removed 41367 rows and 20618 columns
Presolve time: 0.47s
Presolved: 23324 rows, 11702 columns, 113272 nonzeros
Variable types: 550 continuous, 11152 integer (11152 binary)
Deterministic concurrent LP optimizer: primal and dual simplex
Showing first log only...

Concurrent spin time: 0.00s

Solved with dual simplex

Root relaxation: objective 2.065006e+04, 2785 iterations, 0.17 seconds (0.24 work units)

    Nodes    |    Current Node    |     Objective Bounds      |     Work
 Expl Unexpl |  Obj  Depth IntInf | Incumbent    BestBd   Gap | It/Node Time

     0     0 20650.0565    0  376   -0.00000 20650.0565      -     -    1s
H    0     0                    10172.558047 20650.0565   103%     -    1s
     0     0 20563.9443    0  436 10172.5580 20563.9443   102%     -    3s
H    0     0                    11939.755808 20563.9443  72.2%     -    4s
H    0     0                    12115.466529 20563.9443  69.7%     -    4s
     0     0 20563.9443    0  404 12115.4665 20563.9443  69.7%     -    5s
     0     0 20563.9443    0  392 12115.4665 20563.9443  69.7%     -    5s
     0     0 20563.9443    0  452 12115.4665 20563.9443  69.7%     -    6s
     0     0 20563.9443    0  450 12115.4665 20563.9443  69.7%     -    6s
     0     0 20563.9443    0  444 12115.4665 20563.9443  69.7%     -    6s
     0     0 20563.9443    0  380 12115.4665 20563.9443  69.7%     -    7s
     0     0 20563.9443    0  402 12115.4665 20563.9443  69.7%     -    7s
     0     0 20563.9443    0  439 12115.4665 20563.9443  69.7%     -    8s
     0     0 20563.9443    0  446 12115.4665 20563.9443  69.7%     -    8s
H    0     0                    12199.865592 20563.8530  68.6%     -    9s
     0     0 20563.8530    0  458 12199.8656 20563.8530  68.6%     -    9s
     0     0 20563.8530    0  455 12199.8656 20563.8530  68.6%     -    9s
H    0     0                    12270.765820 20563.8530  67.6%     -   10s
     0     2 20563.8530    0  455 12270.7658 20563.8530  67.6%     -   10s
    71    92 20563.6075    6  455 12270.7658 20563.6075  67.6%  1024   21s
H   77    92                    12418.861258 20563.6075  65.6%   985   21s
H  200   218                    12472.072118 20563.6075  64.9%   611   24s
   261   268 20563.6075   10  475 12472.0721 20563.6075  64.9%   538   26s
H  477   501                    13261.041187 20563.6075  55.1%   391   29s
   585   623 19818.4069   19  315 13261.0412 20563.6075  55.1%   339   37s
   721   906 19129.6105   25  260 13261.0412 20563.6075  55.1%   291   40s
H 1246  1158                    13345.214380 20563.6075  54.1%   210   43s
H 1263  1158                    13452.888022 20563.6075  52.9%   208   43s
  1367  1411 18742.7940   46  292 13452.8880 20563.6075  52.9%   198   45s
H 1389  1410                    13595.596673 20563.6075  51.3%   198   45s
H 1806  1665                    13637.816014 20563.6075  50.8%   177   46s
H 2138  1991                    13650.601789 20563.6075  50.6%   165   49s
  2323  2219 17423.9115   73  249 13650.6018 20563.6075  50.6%   157   51s
H 2341  2218                    13712.196798 20563.6075  50.0%   156   51s
  3001  2698 17041.9330   91  194 13712.1968 20563.6075  50.0%   135   56s
  3638  2977 20034.5556   14  455 13712.1968 20563.6075  50.0%   123   66s
  3640  2978 19477.2748   40  618 13712.1968 20563.6075  50.0%   123   71s
  3649  2985 16057.0102   84  175 13712.1968 20562.1909  50.0%   126   76s
  3671  3000 16976.3955   41  273 13712.1968 20461.6440  49.2%   125   80s
  3702  3021 19188.8089   50  267 13712.1968 20432.2527  49.0%   124   85s
  3721  3033 18232.8613   33  245 13712.1968 20402.4999  48.8%   123   90s
  3736  3043 14216.0360   70  297 13712.1968 20402.4999  48.8%   123   95s
  3746  3050 19880.1045   15  305 13712.1968 20402.4999  48.8%   123  100s
  3758  3058 20402.4999   12  290 13712.1968 20402.4999  48.8%   122  105s
  3764  3062 16457.5905   79  301 13712.1968 20402.4999  48.8%   122  110s
  3771  3067 16976.3955   41  329 13712.1968 20402.4999  48.8%   122  115s
  3781  3074 19130.0823   59  175 13712.1968 20402.4999  48.8%   173  121s
  3797  3085 17444.5747   51  243 13712.1968 20402.4999  48.8%   172  125s
  3811  3094 20402.4999    9  295 13712.1968 20402.4999  48.8%   171  130s
H 3827  2948                    13721.591966 20402.4999  48.7%   171  135s
H 3827  2800                    13758.649756 20402.4999  48.3%   171  135s
H 3827  2659                    13796.369991 20402.4999  47.9%   171  135s
H 3832  2528                    13868.066345 20402.4999  47.1%   170  139s
  3834  2530 18591.0106   38  259 13868.0663 20402.4999  47.1%   170  140s
  3846  2538 19880.1045   15  272 13868.0663 20402.4999  47.1%   170  145s
  3853  2542 13868.0663   61  263 13868.0663 20402.4999  47.1%   169  150s
  3885  2585 19952.6915   36  366 13868.0663 20402.4999  47.1%   211  155s
H 3894  2454                    13894.502314 20402.4999  46.8%   215  155s
  4126  2617 19596.8457   42  345 13894.5023 20402.4999  46.8%   240  160s
H 4135  2492                    13976.485857 20402.4999  46.0%   240  160s
H 4299  2492                    14029.221790 20402.4999  45.4%   244  163s
H 4309  2378                    14187.748184 20402.4999  43.8%   244  163s
  4533  2527 19597.7202   47  331 14187.7482 20402.4999  43.8%   246  165s
  4856  2609 19630.3938   49  341 14187.7482 20402.4999  43.8%   246  171s
  5653  3040 19463.9007   53  309 14187.7482 20402.4999  43.8%   238  176s
  5957  3183 19422.8082   55  339 14187.7482 20402.4999  43.8%   242  180s
  6517  3423 19422.8082   59  284 14187.7482 20402.4999  43.8%   240  185s
H 6520  3317                    14293.447625 20402.4999  42.7%   240  185s
H 6913  3401                    14320.361297 20402.4999  42.5%   242  190s
  7485  3833 19220.0092   66  245 14320.3613 20402.4999  42.5%   241  196s
  8281  4164 18557.5357   70  212 14320.3613 20402.4999  42.5%   232  201s
  8905  4307 18391.5401   75  180 14320.3613 20402.4999  42.5%   227  206s
  9274  4483 18000.3044   80  137 14320.3613 20402.4999  42.5%   226  210s
 10372  5387 16867.2231   87  116 14320.3613 20398.7982  42.4%   218  217s
 11016  5660 20398.7982   37  304 14320.3613 20398.7982  42.4%   217  220s
 11626  6927 20398.3624   45  293 14320.3613 20398.7982  42.4%   214  229s
 12887  7624 infeasible  110      14320.3613 20398.7982  42.4%   203  234s
 13791  8023 20378.8648   45  306 14320.3613 20398.7982  42.4%   199  238s
 14257  8043 20376.7360   46  331 14320.3613 20398.7982  42.4%   196  300s
 14277  8641 20376.7360   47  293 14320.3613 20398.7982  42.4%   197  305s
 15102  8717 18639.2686   69  153 14320.3613 20398.7982  42.4%   195  310s
 15197  9252 16340.9863   89  119 14320.3613 20398.7982  42.4%   195  315s
 15988  9945 20388.0177   46  375 14320.3613 20398.7975  42.4%   195  321s
 16869 10405 15914.4414   96  119 14320.3613 20398.7975  42.4%   195  327s
 17648 11306 20377.3684   40  331 14320.3613 20398.7975  42.4%   195  337s
 18650 11841 15281.8665   96   66 14320.3613 20398.7975  42.4%   192  344s
 19483 14007 20398.4880   43  365 14320.3613 20398.7975  42.4%   191  354s
 22005 14616 14846.4162  121   68 14320.3613 20398.7975  42.4%   180  364s
 22922 14650 20398.7975   45  348 14320.3613 20398.7975  42.4%   180  433s
 22960 17610 20398.5851   46  313 14320.3613 20398.7975  42.4%   180  458s
 26800 18457     cutoff   96      14320.3613 20398.7975  42.4%   180  469s
 28061 20844 17187.9970  105   89 14320.3613 20398.7975  42.4%   182  486s
 31089 21804 15143.7858  110   71 14320.3613 20398.7975  42.4%   175  494s
 32333 23479 19451.7101   57  209 14320.3613 20398.7975  42.4%   177  510s
 34448 24704 20365.8325   47  284 14320.3613 20398.7975  42.4%   180  520s
 36277 26230 20380.4561   54  357 14320.3613 20398.7975  42.4%   180  598s
 38158 28126 19272.6576   59  224 14320.3613 20398.7975  42.4%   181  616s
 40700 30274 19961.6740   52  323 14320.3613 20398.7975  42.4%   181  636s
 43584 32483 20352.5988   52  294 14320.3613 20398.7975  42.4%   184  655s
H45204 32432                    14441.578229 20398.7975  41.3%   183  656s
 46626 32431 15423.4345  102  455 14441.5782 20398.7975  41.3%   183  753s
 46628 32432 19601.6347   65  175 14441.5782 20398.7975  41.3%   183  756s
 46630 32434 19453.6336   56  309 14441.5782 20372.9743  41.1%   183  760s
 46634 32436 19213.7734   56  325 14441.5782 20344.6039  40.9%   183  766s
 46637 32438 17368.0132   85  291 14441.5782 20334.3774  40.8%   183  774s
 46639 32440 20227.1049   68  339 14441.5782 20332.1424  40.8%   183  775s
 46641 32441 19107.0922   63  315 14441.5782 20331.6198  40.8%   183  781s
 46643 32442 18453.5923   75  358 14441.5782 20319.9542  40.7%   183  785s
 46648 32446 19940.7503   46  255 14441.5782 20316.0554  40.7%   183  791s
 46653 32449 15160.9459   87  357 14441.5782 20314.7429  40.7%   183  795s
 46657 32452 19862.9127   51  336 14441.5782 20313.8896  40.7%   183  801s
 46663 32456 16502.4976  121  366 14441.5782 20311.7139  40.6%   183  805s
 46672 32462 14923.6264   90  360 14441.5782 20286.5138  40.5%   183  811s
 46682 32468 16734.8533   86  382 14441.5782 20286.5138  40.5%   183  815s
 46684 32470 17195.9215   78  340 14441.5782 20286.5138  40.5%   183  820s
 46690 32474 19290.3535   63  318 14441.5782 20278.6421  40.4%   182  826s
 46698 32479 14932.7838   74  306 14441.5782 20274.3952  40.4%   182  831s
 46722 32495 19974.2655   67  377 14441.5782 20269.2654  40.4%   182  835s
 46727 32498 17550.4508   82  356 14441.5782 20261.8130  40.3%   182  840s
 46733 32502 20256.4352   53  361 14441.5782 20259.0636  40.3%   182  845s
 46739 32506 20227.1049   68  390 14441.5782 20256.2679  40.3%   182  850s
 46745 32510 19648.8352   51  396 14441.5782 20255.1381  40.3%   182  856s
 46753 32516 15160.9459   87  399 14441.5782 20253.3758  40.2%   182  860s
 46760 32520 18800.1348   66  340 14441.5782 20251.8981  40.2%   182  865s
 46769 32526 17517.0260   76  328 14441.5782 20249.2806  40.2%   182  871s
 46780 32534 19967.9149   52  389 14441.5782 20247.9481  40.2%   182  876s
H46783 30906                    14441.578230 20247.7992  40.2%   182  879s
 46785 30907 18484.6881   63  378 14441.5782 20247.7848  40.2%   182  882s
 46786 30908 16594.5661   87  316 14441.5782 20247.6914  40.2%   182  885s
 46789 30910 20227.1049   50  329 14441.5782 20247.6417  40.2%   182  891s
 46795 30914 15586.4012   72  344 14441.5782 20247.3907  40.2%   182  897s
 46796 30914 16921.5134   76  364 14441.5782 20247.3874  40.2%   182  900s
 46803 30919 16989.8144   86  390 14441.5782 20246.8493  40.2%   182  906s
 46805 30920 16830.7571   88  369 14441.5782 20246.7477  40.2%   182  910s
 46813 30926 19760.3927   57  323 14441.5782 20246.3614  40.2%   182  916s
 46819 30930 17607.2050   77  307 14441.5782 20246.1141  40.2%   182  922s
 46827 30935 17550.4508   82  387 14441.5782 20245.7680  40.2%   182  926s
 46830 30937 19453.6336   56  405 14441.5782 20245.5894  40.2%   182  932s
 46836 30941 16317.6219   82  386 14441.5782 20245.4170  40.2%   182  935s
 46840 30944 18490.0687   70  349 14441.5782 20245.1879  40.2%   182  940s
 46849 30950 17872.7494   86  311 14441.5782 20244.7884  40.2%   182  947s
 46856 30954 18901.7315   86  400 14441.5782 20244.6580  40.2%   182  951s
 46860 30957 18800.1348   66  398 14441.5782 20244.5706  40.2%   182  955s
 46864 30960 14828.9279  123  359 14441.5782 20244.5493  40.2%   182  961s
 46866 30961 20074.5167   62  366 14441.5782 20244.5458  40.2%   182  966s
 46868 30962 16673.5739   97  362 14441.5782 20244.5458  40.2%   182  972s
 46869 30963 17517.0260   76  295 14441.5782 20244.4368  40.2%   182  975s
 46871 30964 15111.1013  115  329 14441.5782 20244.4322  40.2%   182  980s
 46873 30966 19302.1672   64  344 14441.5782 20244.4181  40.2%   182  985s
 46875 30967 18577.6221   63  352 14441.5782 20244.4179  40.2%   182  991s
 46877 30968 16306.3691  123  331 14441.5782 20244.4040  40.2%   182  997s
 46879 30970 19726.5891   41  356 14441.5782 20244.3954  40.2%   182 1003s
 46886 30974 16594.5661   87  376 14441.5782 20244.1628  40.2%   182 1006s
 46889 30976 20227.1049   50  354 14441.5782 20244.1416  40.2%   182 1010s
 46894 30980 18800.4004   68  281 14441.5782 20244.0018  40.2%   182 1016s
 46899 30983 17728.9821   61  362 14441.5782 20243.8990  40.2%   182 1022s
 46901 30984 18101.4037   82  368 14441.5782 20243.8865  40.2%   182 1025s
 46907 30988 20236.9985   62  349 14441.5782 20243.6721  40.2%   182 1031s
 46909 30990 17083.0627   99  361 14441.5782 20243.6646  40.2%   182 1037s
 46910 30990 19486.4935   56  335 14441.5782 20243.6646  40.2%   182 1040s
 46912 30992 16873.5861   91  289 14441.5782 20243.6631  40.2%   182 1045s
 46914 30993 18925.2327   75  322 14441.5782 20243.6631  40.2%   182 1051s
 46916 30994 16911.5082   76  342 14441.5782 20243.6631  40.2%   182 1057s
 46917 30995 19265.9668   60  349 14441.5782 20243.6631  40.2%   182 1060s
 46920 30997 20220.9870   54  300 14441.5782 20243.6631  40.2%   182 1074s
 46921 31001 20242.1333   43  269 14441.5782 20243.6482  40.2%   193 1075s
 46935 31024 20087.6624   46  303 14441.5782 20238.6007  40.1%   194 1080s
 47059 31123 20084.1023   50  416 14441.5782 20234.4741  40.1%   198 1085s
 47253 31267 20041.7989   53  377 14441.5782 20234.4741  40.1%   200 1090s
 47454 31379 20071.1141   55  375 14441.5782 20234.4741  40.1%   200 1095s
 47760 31467 20079.7993   57  381 14441.5782 20234.4741  40.1%   201 1100s
 48028 31608 20066.1592   59  368 14441.5782 20234.4741  40.1%   203 1105s
 48418 31900 20038.3038   61  377 14441.5782 20234.4741  40.1%   204 1110s
 48714 31907 20055.7293   63  391 14441.5782 20234.4741  40.1%   204 1115s
 49141 32138 20054.9501   66  402 14441.5782 20234.4741  40.1%   206 1122s
 49231 32241 20054.0614   66  393 14441.5782 20234.4741  40.1%   206 1125s
 49610 32443 19587.4102   68  366 14441.5782 20234.4741  40.1%   207 1136s
 50137 32541 20051.2910   69  384 14441.5782 20234.4741  40.1%   207 1145s
 50246 32660 20046.8205   70  369 14441.5782 20234.4741  40.1%   207 1150s
 50851 33016 20028.5034   72  381 14441.5782 20234.4741  40.1%   208 1157s
 51224 33127 19902.0614   73  329 14441.5782 20234.4741  40.1%   208 1162s
 51570 33592 19582.2284   74  334 14441.5782 20234.4741  40.1%   209 1166s
 52276 33616 infeasible   75      14441.5782 20234.4741  40.1%   208 1173s
 52738 33979 19265.0512   77  261 14441.5782 20234.4741  40.1%   209 1179s
 53327 34477 18589.7788   79  205 14441.5782 20234.4741  40.1%   210 1187s
 54238 34705 18019.1874   82  176 14441.5782 20234.4741  40.1%   210 1195s
 54935 34535 17838.2979   86  165 14441.5782 20234.4741  40.1%   211 1202s
 55038 35046 17858.7842   86  160 14441.5782 20234.4741  40.1%   211 1214s
 55686 36018 16823.4539   96  102 14441.5782 20230.4861  40.1%   212 1224s
 57072 36747 20221.8549   49  367 14441.5782 20230.4861  40.1%   211 1237s
 58584 36881 18193.9989   92  135 14441.5782 20229.0248  40.1%   209 1247s
H59594 34985                    14471.254560 20228.9791  39.8%   210 1247s
 59677 35679 20226.9086   52  387 14471.2546 20227.3469  39.8%   211 1258s
 60872 36079 20223.8339   50  368 14471.2546 20227.2570  39.8%   211 1269s
 61717 35798 19697.4407   54  281 14471.2546 20227.2570  39.8%   212 1270s
 61961 37734 20148.2401   53  434 14471.2546 20227.2570  39.8%   213 1290s
 64458 37650 15557.4142  129   62 14471.2546 20223.8339  39.8%   214 1304s
 65753 38427 20142.9720   51  384 14471.2546 20218.1978  39.7%   214 1324s
 67334 39261 20173.2039   60  311 14471.2546 20207.7598  39.6%   214 1341s
 69167 39977 20159.5732   59  309 14471.2546 20205.1964  39.6%   216 1359s
 70844 42331 20122.3246   58  319 14471.2546 20204.9148  39.6%   216 1387s
 74962 41666 19112.7393   89  175 14471.2546 20204.9148  39.6%   213 1399s
 76138 41833 18189.7308  100  135 14471.2546 20204.9148  39.6%   212 1413s
 76937 41686 16396.8080  114  114 14471.2546 20204.9148  39.6%   212 1427s
 77069 43386 16812.8836  113  112 14471.2546 20200.6282  39.6%   212 1444s
 79352 43655 20150.4091   62  363 14471.2546 20200.5628  39.6%   210 1460s
 80731 44562 20150.3848   55  401 14471.2546 20200.5142  39.6%   210 1475s
 82418 48493 17283.4347  105  117 14471.2546 20199.4524  39.6%   209 1517s
 87713 48176 20199.1386   60  365 14471.2546 20199.4524  39.6%   201 1533s
 89514 49570 20162.8764   61  310 14471.2546 20199.1375  39.6%   200 1558s
 92461 49728 19982.7790   62  282 14471.2546 20194.6930  39.6%   200 1578s
 94216 51246 20054.4291   64  339 14471.2546 20191.1717  39.5%   200 1604s
 97043 52545 18309.6236   81  180 14471.2546 20190.6405  39.5%   199 1627s
 99970 51587 20169.0873   67  337 14471.2546 20190.3511  39.5%   198 1803s
H99991 50093                    14490.055701 20190.3511  39.3%   198 1803s

Cutting planes:
  Learned: 3
  Gomory: 400
  Cover: 149
  Implied bound: 1
  MIR: 6283
  StrongCG: 21
  Flow cover: 8111
  Inf proof: 3
  Relax-and-lift: 39

Explored 99993 nodes (19822341 simplex iterations) in 1803.82 seconds (2068.35 work units)
Thread count was 20 (of 20 available processors)

Solution count 10: 14490.1 14471.3 14441.6 ... 13894.5

Time limit reached
Best objective 1.449005570125e+04, best bound 2.019035114570e+04, gap 39.3394%
