04/28/2026 01:15:27 PM INFO mip_v1 - setup_solver_logging: ================================================================================
04/28/2026 01:15:27 PM INFO mip_v1 - setup_solver_logging: Logging started. Log file: D:\Project_Code\Paper\DP_LBBD_1\DP_lbbd\Algorithm\Results\mip_v1\medium\exp_5f_40j_seed2\log\exp_5f_40j_seed2_running.log
04/28/2026 01:15:27 PM INFO mip_v1 - print: BigM calculated: 123.5
04/28/2026 01:15:27 PM INFO mip_v1 - print: Adding variables...
04/28/2026 01:15:27 PM INFO mip_v1 - print: Total variables: 32320
04/28/2026 01:15:27 PM INFO mip_v1 - print: Adding constraints...
04/28/2026 01:15:28 PM INFO mip_v1 - print: Total constraints: 64691
04/28/2026 01:15:28 PM INFO mip_v1 - print: Setting objective function...
04/28/2026 01:15:28 PM INFO mip_v1 - print: 
04/28/2026 01:15:28 PM INFO mip_v1 - print: ✓ Model LP written to: D:\Project_Code\Paper\DP_LBBD_1\DP_lbbd\Algorithm\MIP\production_model.lp
04/28/2026 01:15:28 PM INFO mip_v1 - print: 
04/28/2026 01:15:28 PM INFO mip_v1 - print: ============================================================
04/28/2026 01:15:28 PM INFO mip_v1 - print: Starting optimization...
04/28/2026 01:15:28 PM INFO mip_v1 - print: ============================================================
04/28/2026 01:15:28 PM INFO mip_v1 - print: Gurobi native log file: D:\Project_Code\Paper\DP_LBBD_1\DP_lbbd\Algorithm\Results\mip_v1\medium\exp_5f_40j_seed2\log\exp_5f_40j_seed2_gurobi.log
04/28/2026 01:45:32 PM INFO mip_v1 - print: 
04/28/2026 01:45:32 PM INFO mip_v1 - print: ============================================================
04/28/2026 01:45:32 PM INFO mip_v1 - print: SOLUTION SUMMARY
04/28/2026 01:45:32 PM INFO mip_v1 - print: ============================================================
04/28/2026 01:45:32 PM INFO mip_v1 - print: ⚠ Time limit reached, best solution found:
04/28/2026 01:45:32 PM INFO mip_v1 - print: 
04/28/2026 01:45:32 PM INFO mip_v1 - print: Objective Value (Total Profit): 14490.06
04/28/2026 01:45:32 PM INFO mip_v1 - print: MIP Gap: 39.34%
04/28/2026 01:45:32 PM INFO mip_v1 - print: 
04/28/2026 01:45:32 PM INFO mip_v1 - print: 📋 Accepted Orders (30/40): [1, 2, 3, 4, 5, 6, 7, 8, 9, 10, 11, 13, 14, 15, 16, 19, 20, 21, 22, 23, 25, 26, 27, 28, 29, 31, 33, 36, 38, 40]
04/28/2026 01:45:32 PM INFO mip_v1 - print: 
04/28/2026 01:45:32 PM INFO mip_v1 - print: ------------------------------------------------------------
04/28/2026 01:45:32 PM INFO mip_v1 - print: ORDER ALLOCATION DETAILS
04/28/2026 01:45:32 PM INFO mip_v1 - print: ------------------------------------------------------------
04/28/2026 01:45:32 PM INFO mip_v1 - print: 
04/28/2026 01:45:32 PM INFO mip_v1 - print: Order 1 → Factory 3
04/28/2026 01:45:32 PM INFO mip_v1 - print:   Machine 1: completion time = 65.26
04/28/2026 01:45:32 PM INFO mip_v1 - print:   Machine 2: completion time = 75.25
04/28/2026 01:45:32 PM INFO mip_v1 - print:   Machine 3: completion time = 84.51
04/28/2026 01:45:32 PM INFO mip_v1 - print:   Delivery: 86.31 (Deadline: 85.60, Delay: 0.71)
04/28/2026 01:45:32 PM INFO mip_v1 - print: 
04/28/2026 01:45:32 PM INFO mip_v1 - print: Order 2 → Factory 3
04/28/2026 01:45:32 PM INFO mip_v1 - print:   Machine 1: completion time = 56.27
04/28/2026 01:45:32 PM INFO mip_v1 - print:   Machine 2: completion time = 65.51
04/28/2026 01:45:32 PM INFO mip_v1 - print:   Machine 3: completion time = 74.77
04/28/2026 01:45:32 PM INFO mip_v1 - print:   Delivery: 76.97 (Deadline: 80.30, Delay: 0.00)
04/28/2026 01:45:32 PM INFO mip_v1 - print: 
04/28/2026 01:45:32 PM INFO mip_v1 - print: Order 3 → Factory 1
04/28/2026 01:45:32 PM INFO mip_v1 - print:   Machine 1: completion time = 40.15
04/28/2026 01:45:32 PM INFO mip_v1 - print:   Machine 2: completion time = 48.63
04/28/2026 01:45:32 PM INFO mip_v1 - print:   Machine 3: completion time = 57.10
04/28/2026 01:45:32 PM INFO mip_v1 - print:   Delivery: 62.90 (Deadline: 75.80, Delay: 0.00)
04/28/2026 01:45:32 PM INFO mip_v1 - print: 
04/28/2026 01:45:32 PM INFO mip_v1 - print: Order 4 → Factory 4
04/28/2026 01:45:32 PM INFO mip_v1 - print:   Machine 1: completion time = 49.65
04/28/2026 01:45:32 PM INFO mip_v1 - print:   Machine 2: completion time = 62.68
04/28/2026 01:45:32 PM INFO mip_v1 - print:   Machine 3: completion time = 74.66
04/28/2026 01:45:32 PM INFO mip_v1 - print:   Machine 4: completion time = 86.50
04/28/2026 01:45:32 PM INFO mip_v1 - print:   Machine 5: completion time = 100.32
04/28/2026 01:45:32 PM INFO mip_v1 - print:   Delivery: 104.62 (Deadline: 101.40, Delay: 3.22)
04/28/2026 01:45:32 PM INFO mip_v1 - print: 
04/28/2026 01:45:32 PM INFO mip_v1 - print: Order 5 → Factory 3
04/28/2026 01:45:32 PM INFO mip_v1 - print:   Machine 1: completion time = 19.05
04/28/2026 01:45:32 PM INFO mip_v1 - print:   Machine 2: completion time = 29.68
04/28/2026 01:45:32 PM INFO mip_v1 - print:   Machine 3: completion time = 39.05
04/28/2026 01:45:32 PM INFO mip_v1 - print:   Delivery: 47.75 (Deadline: 62.10, Delay: 0.00)
04/28/2026 01:45:32 PM INFO mip_v1 - print: 
04/28/2026 01:45:32 PM INFO mip_v1 - print: Order 6 → Factory 3
04/28/2026 01:45:32 PM INFO mip_v1 - print:   Machine 1: completion time = 46.17
04/28/2026 01:45:32 PM INFO mip_v1 - print:   Machine 2: completion time = 56.27
04/28/2026 01:45:32 PM INFO mip_v1 - print:   Machine 3: completion time = 66.44
04/28/2026 01:45:32 PM INFO mip_v1 - print:   Delivery: 71.64 (Deadline: 74.30, Delay: 0.00)
04/28/2026 01:45:32 PM INFO mip_v1 - print: 
04/28/2026 01:45:32 PM INFO mip_v1 - print: Order 7 → Factory 1
04/28/2026 01:45:32 PM INFO mip_v1 - print:   Machine 1: completion time = 48.12
04/28/2026 01:45:32 PM INFO mip_v1 - print:   Machine 2: completion time = 57.10
04/28/2026 01:45:32 PM INFO mip_v1 - print:   Machine 3: completion time = 66.42
04/28/2026 01:45:32 PM INFO mip_v1 - print:   Delivery: 71.02 (Deadline: 81.20, Delay: 0.00)
04/28/2026 01:45:32 PM INFO mip_v1 - print: 
04/28/2026 01:45:32 PM INFO mip_v1 - print: Order 8 → Factory 1
04/28/2026 01:45:32 PM INFO mip_v1 - print:   Machine 1: completion time = 87.15
04/28/2026 01:45:32 PM INFO mip_v1 - print:   Machine 2: completion time = 96.45
04/28/2026 01:45:32 PM INFO mip_v1 - print:   Machine 3: completion time = 106.40
04/28/2026 01:45:32 PM INFO mip_v1 - print:   Delivery: 113.60 (Deadline: 113.60, Delay: 0.00)
04/28/2026 01:45:32 PM INFO mip_v1 - print: 
04/28/2026 01:45:32 PM INFO mip_v1 - print: Order 9 → Factory 1
04/28/2026 01:45:32 PM INFO mip_v1 - print:   Machine 1: completion time = 21.72
04/28/2026 01:45:32 PM INFO mip_v1 - print:   Machine 2: completion time = 28.91
04/28/2026 01:45:32 PM INFO mip_v1 - print:   Machine 3: completion time = 40.29
04/28/2026 01:45:32 PM INFO mip_v1 - print:   Delivery: 43.59 (Deadline: 73.70, Delay: 0.00)
04/28/2026 01:45:32 PM INFO mip_v1 - print: 
04/28/2026 01:45:32 PM INFO mip_v1 - print: Order 10 → Factory 2
04/28/2026 01:45:32 PM INFO mip_v1 - print:   Machine 1: completion time = 13.25
04/28/2026 01:45:32 PM INFO mip_v1 - print:   Machine 2: completion time = 21.16
04/28/2026 01:45:32 PM INFO mip_v1 - print:   Machine 3: completion time = 28.59
04/28/2026 01:45:32 PM INFO mip_v1 - print:   Machine 4: completion time = 35.62
04/28/2026 01:45:32 PM INFO mip_v1 - print:   Delivery: 42.92 (Deadline: 61.00, Delay: 0.00)
04/28/2026 01:45:32 PM INFO mip_v1 - print: 
04/28/2026 01:45:32 PM INFO mip_v1 - print: Order 11 → Factory 4
04/28/2026 01:45:32 PM INFO mip_v1 - print:   Machine 1: completion time = 29.95
04/28/2026 01:45:32 PM INFO mip_v1 - print:   Machine 2: completion time = 40.85
04/28/2026 01:45:32 PM INFO mip_v1 - print:   Machine 3: completion time = 51.90
04/28/2026 01:45:32 PM INFO mip_v1 - print:   Machine 4: completion time = 63.56
04/28/2026 01:45:32 PM INFO mip_v1 - print:   Machine 5: completion time = 77.14
04/28/2026 01:45:32 PM INFO mip_v1 - print:   Delivery: 80.34 (Deadline: 78.90, Delay: 1.44)
04/28/2026 01:45:32 PM INFO mip_v1 - print: 
04/28/2026 01:45:32 PM INFO mip_v1 - print: Order 13 → Factory 1
04/28/2026 01:45:32 PM INFO mip_v1 - print:   Machine 1: completion time = 9.71
04/28/2026 01:45:32 PM INFO mip_v1 - print:   Machine 2: completion time = 16.45
04/28/2026 01:45:32 PM INFO mip_v1 - print:   Machine 3: completion time = 23.51
04/28/2026 01:45:32 PM INFO mip_v1 - print:   Delivery: 28.61 (Deadline: 50.30, Delay: 0.00)
04/28/2026 01:45:32 PM INFO mip_v1 - print: 
04/28/2026 01:45:32 PM INFO mip_v1 - print: Order 14 → Factory 1
04/28/2026 01:45:32 PM INFO mip_v1 - print:   Machine 1: completion time = 33.04
04/28/2026 01:45:32 PM INFO mip_v1 - print:   Machine 2: completion time = 40.29
04/28/2026 01:45:32 PM INFO mip_v1 - print:   Machine 3: completion time = 48.63
04/28/2026 01:45:32 PM INFO mip_v1 - print:   Delivery: 51.73 (Deadline: 72.50, Delay: 0.00)
04/28/2026 01:45:32 PM INFO mip_v1 - print: 
04/28/2026 01:45:32 PM INFO mip_v1 - print: Order 15 → Factory 3
04/28/2026 01:45:32 PM INFO mip_v1 - print:   Machine 1: completion time = 36.26
04/28/2026 01:45:32 PM INFO mip_v1 - print:   Machine 2: completion time = 46.17
04/28/2026 01:45:32 PM INFO mip_v1 - print:   Machine 3: completion time = 56.27
04/28/2026 01:45:32 PM INFO mip_v1 - print:   Delivery: 61.67 (Deadline: 66.60, Delay: 0.00)
04/28/2026 01:45:32 PM INFO mip_v1 - print: 
04/28/2026 01:45:32 PM INFO mip_v1 - print: Order 16 → Factory 3
04/28/2026 01:45:32 PM INFO mip_v1 - print:   Machine 1: completion time = 27.72
04/28/2026 01:45:32 PM INFO mip_v1 - print:   Machine 2: completion time = 36.95
04/28/2026 01:45:32 PM INFO mip_v1 - print:   Machine 3: completion time = 47.60
04/28/2026 01:45:32 PM INFO mip_v1 - print:   Delivery: 50.50 (Deadline: 74.40, Delay: 0.00)
04/28/2026 01:45:32 PM INFO mip_v1 - print: 
04/28/2026 01:45:32 PM INFO mip_v1 - print: Order 19 → Factory 4
04/28/2026 01:45:32 PM INFO mip_v1 - print:   Machine 1: completion time = 39.24
04/28/2026 01:45:32 PM INFO mip_v1 - print:   Machine 2: completion time = 51.90
04/28/2026 01:45:32 PM INFO mip_v1 - print:   Machine 3: completion time = 60.37
04/28/2026 01:45:32 PM INFO mip_v1 - print:   Machine 4: completion time = 74.66
04/28/2026 01:45:32 PM INFO mip_v1 - print:   Machine 5: completion time = 87.47
04/28/2026 01:45:32 PM INFO mip_v1 - print:   Delivery: 90.87 (Deadline: 90.30, Delay: 0.57)
04/28/2026 01:45:32 PM INFO mip_v1 - print: 
04/28/2026 01:45:32 PM INFO mip_v1 - print: Order 20 → Factory 5
04/28/2026 01:45:32 PM INFO mip_v1 - print:   Machine 1: completion time = 25.49
04/28/2026 01:45:32 PM INFO mip_v1 - print:   Machine 2: completion time = 35.82
04/28/2026 01:45:32 PM INFO mip_v1 - print:   Machine 3: completion time = 43.85
04/28/2026 01:45:32 PM INFO mip_v1 - print:   Machine 4: completion time = 52.83
04/28/2026 01:45:32 PM INFO mip_v1 - print:   Machine 5: completion time = 63.29
04/28/2026 01:45:32 PM INFO mip_v1 - print:   Delivery: 66.79 (Deadline: 70.20, Delay: 0.00)
04/28/2026 01:45:32 PM INFO mip_v1 - print: 
04/28/2026 01:45:32 PM INFO mip_v1 - print: Order 21 → Factory 3
04/28/2026 01:45:32 PM INFO mip_v1 - print:   Machine 1: completion time = 75.78
04/28/2026 01:45:32 PM INFO mip_v1 - print:   Machine 2: completion time = 85.21
04/28/2026 01:45:32 PM INFO mip_v1 - print:   Machine 3: completion time = 93.80
04/28/2026 01:45:32 PM INFO mip_v1 - print:   Delivery: 99.30 (Deadline: 99.30, Delay: 0.00)
04/28/2026 01:45:32 PM INFO mip_v1 - print: 
04/28/2026 01:45:32 PM INFO mip_v1 - print: Order 22 → Factory 2
04/28/2026 01:45:32 PM INFO mip_v1 - print:   Machine 1: completion time = 29.28
04/28/2026 01:45:32 PM INFO mip_v1 - print:   Machine 2: completion time = 41.08
04/28/2026 01:45:32 PM INFO mip_v1 - print:   Machine 3: completion time = 51.10
04/28/2026 01:45:32 PM INFO mip_v1 - print:   Machine 4: completion time = 65.87
04/28/2026 01:45:32 PM INFO mip_v1 - print:   Delivery: 67.37 (Deadline: 82.60, Delay: 0.00)
04/28/2026 01:45:32 PM INFO mip_v1 - print: 
04/28/2026 01:45:32 PM INFO mip_v1 - print: Order 23 → Factory 1
04/28/2026 01:45:32 PM INFO mip_v1 - print:   Machine 1: completion time = 55.39
04/28/2026 01:45:32 PM INFO mip_v1 - print:   Machine 2: completion time = 64.56
04/28/2026 01:45:32 PM INFO mip_v1 - print:   Machine 3: completion time = 74.39
04/28/2026 01:45:32 PM INFO mip_v1 - print:   Delivery: 78.19 (Deadline: 83.40, Delay: 0.00)
04/28/2026 01:45:32 PM INFO mip_v1 - print: 
04/28/2026 01:45:32 PM INFO mip_v1 - print: Order 25 → Factory 1
04/28/2026 01:45:32 PM INFO mip_v1 - print:   Machine 1: completion time = 77.62
04/28/2026 01:45:32 PM INFO mip_v1 - print:   Machine 2: completion time = 85.02
04/28/2026 01:45:32 PM INFO mip_v1 - print:   Machine 3: completion time = 93.60
04/28/2026 01:45:32 PM INFO mip_v1 - print:   Delivery: 100.30 (Deadline: 100.30, Delay: 0.00)
04/28/2026 01:45:32 PM INFO mip_v1 - print: 
04/28/2026 01:45:32 PM INFO mip_v1 - print: Order 26 → Factory 5
04/28/2026 01:45:32 PM INFO mip_v1 - print:   Machine 1: completion time = 17.17
04/28/2026 01:45:32 PM INFO mip_v1 - print:   Machine 2: completion time = 27.96
04/28/2026 01:45:32 PM INFO mip_v1 - print:   Machine 3: completion time = 37.52
04/28/2026 01:45:32 PM INFO mip_v1 - print:   Machine 4: completion time = 46.30
04/28/2026 01:45:32 PM INFO mip_v1 - print:   Machine 5: completion time = 56.66
04/28/2026 01:45:32 PM INFO mip_v1 - print:   Delivery: 64.76 (Deadline: 73.30, Delay: 0.00)
04/28/2026 01:45:32 PM INFO mip_v1 - print: 
04/28/2026 01:45:32 PM INFO mip_v1 - print: Order 27 → Factory 5
04/28/2026 01:45:32 PM INFO mip_v1 - print:   Machine 1: completion time = 36.48
04/28/2026 01:45:32 PM INFO mip_v1 - print:   Machine 2: completion time = 44.83
04/28/2026 01:45:32 PM INFO mip_v1 - print:   Machine 3: completion time = 51.71
04/28/2026 01:45:32 PM INFO mip_v1 - print:   Machine 4: completion time = 59.12
04/28/2026 01:45:32 PM INFO mip_v1 - print:   Machine 5: completion time = 74.40
04/28/2026 01:45:32 PM INFO mip_v1 - print:   Delivery: 75.50 (Deadline: 75.50, Delay: 0.00)
04/28/2026 01:45:32 PM INFO mip_v1 - print: 
04/28/2026 01:45:32 PM INFO mip_v1 - print: Order 28 → Factory 3
04/28/2026 01:45:32 PM INFO mip_v1 - print:   Machine 1: completion time = 11.83
04/28/2026 01:45:32 PM INFO mip_v1 - print:   Machine 2: completion time = 22.44
04/28/2026 01:45:32 PM INFO mip_v1 - print:   Machine 3: completion time = 32.68
04/28/2026 01:45:32 PM INFO mip_v1 - print:   Delivery: 37.68 (Deadline: 59.90, Delay: 0.00)
04/28/2026 01:45:32 PM INFO mip_v1 - print: 
04/28/2026 01:45:32 PM INFO mip_v1 - print: Order 29 → Factory 2
04/28/2026 01:45:32 PM INFO mip_v1 - print:   Machine 1: completion time = 35.96
04/28/2026 01:45:32 PM INFO mip_v1 - print:   Machine 2: completion time = 59.28
04/28/2026 01:45:32 PM INFO mip_v1 - print:   Machine 3: completion time = 65.87
04/28/2026 01:45:32 PM INFO mip_v1 - print:   Machine 4: completion time = 72.14
04/28/2026 01:45:32 PM INFO mip_v1 - print:   Delivery: 75.24 (Deadline: 76.60, Delay: 0.00)
04/28/2026 01:45:32 PM INFO mip_v1 - print: 
04/28/2026 01:45:32 PM INFO mip_v1 - print: Order 31 → Factory 2
04/28/2026 01:45:32 PM INFO mip_v1 - print:   Machine 1: completion time = 22.84
04/28/2026 01:45:32 PM INFO mip_v1 - print:   Machine 2: completion time = 33.98
04/28/2026 01:45:32 PM INFO mip_v1 - print:   Machine 3: completion time = 44.22
04/28/2026 01:45:32 PM INFO mip_v1 - print:   Machine 4: completion time = 59.30
04/28/2026 01:45:32 PM INFO mip_v1 - print:   Delivery: 60.20 (Deadline: 60.20, Delay: 0.00)
04/28/2026 01:45:32 PM INFO mip_v1 - print: 
04/28/2026 01:45:32 PM INFO mip_v1 - print: Order 33 → Factory 4
04/28/2026 01:45:32 PM INFO mip_v1 - print:   Machine 1: completion time = 19.10
04/28/2026 01:45:32 PM INFO mip_v1 - print:   Machine 2: completion time = 29.95
04/28/2026 01:45:32 PM INFO mip_v1 - print:   Machine 3: completion time = 40.85
04/28/2026 01:45:32 PM INFO mip_v1 - print:   Machine 4: completion time = 51.90
04/28/2026 01:45:32 PM INFO mip_v1 - print:   Machine 5: completion time = 62.07
04/28/2026 01:45:32 PM INFO mip_v1 - print:   Delivery: 67.07 (Deadline: 72.80, Delay: 0.00)
04/28/2026 01:45:32 PM INFO mip_v1 - print: 
04/28/2026 01:45:32 PM INFO mip_v1 - print: Order 36 → Factory 1
04/28/2026 01:45:32 PM INFO mip_v1 - print:   Machine 1: completion time = 14.71
04/28/2026 01:45:32 PM INFO mip_v1 - print:   Machine 2: completion time = 21.72
04/28/2026 01:45:32 PM INFO mip_v1 - print:   Machine 3: completion time = 29.81
04/28/2026 01:45:32 PM INFO mip_v1 - print:   Delivery: 30.11 (Deadline: 56.20, Delay: 0.00)
04/28/2026 01:45:32 PM INFO mip_v1 - print: 
04/28/2026 01:45:32 PM INFO mip_v1 - print: Order 38 → Factory 1
04/28/2026 01:45:32 PM INFO mip_v1 - print:   Machine 1: completion time = 65.12
04/28/2026 01:45:32 PM INFO mip_v1 - print:   Machine 2: completion time = 74.39
04/28/2026 01:45:32 PM INFO mip_v1 - print:   Machine 3: completion time = 85.02
04/28/2026 01:45:32 PM INFO mip_v1 - print:   Delivery: 92.02 (Deadline: 99.90, Delay: 0.00)
04/28/2026 01:45:32 PM INFO mip_v1 - print: 
04/28/2026 01:45:32 PM INFO mip_v1 - print: Order 40 → Factory 5
04/28/2026 01:45:32 PM INFO mip_v1 - print:   Machine 1: completion time = 47.02
04/28/2026 01:45:32 PM INFO mip_v1 - print:   Machine 2: completion time = 59.89
04/28/2026 01:45:32 PM INFO mip_v1 - print:   Machine 3: completion time = 70.83
04/28/2026 01:45:32 PM INFO mip_v1 - print:   Machine 4: completion time = 81.77
04/28/2026 01:45:32 PM INFO mip_v1 - print:   Machine 5: completion time = 93.12
04/28/2026 01:45:32 PM INFO mip_v1 - print:   Delivery: 98.92 (Deadline: 102.70, Delay: 0.00)
04/28/2026 01:45:32 PM INFO mip_v1 - print: 
04/28/2026 01:45:32 PM INFO mip_v1 - print: ------------------------------------------------------------
04/28/2026 01:45:32 PM INFO mip_v1 - print: COST BREAKDOWN
04/28/2026 01:45:32 PM INFO mip_v1 - print: ------------------------------------------------------------
04/28/2026 01:45:32 PM INFO mip_v1 - print: Total Revenue:          +    38272.00
04/28/2026 01:45:32 PM INFO mip_v1 - print: Production Cost:        -    15944.14
04/28/2026 01:45:32 PM INFO mip_v1 - print: Transport Cost:         -     7441.55
04/28/2026 01:45:32 PM INFO mip_v1 - print: Delay Penalty:          -      396.25
04/28/2026 01:45:32 PM INFO mip_v1 - print: ------------------------------------------------------------
04/28/2026 01:45:32 PM INFO mip_v1 - print: Total Profit:           =    14490.06
