04/29/2026 05:58:56 AM INFO mip_v1 - setup_solver_logging: ================================================================================
04/29/2026 05:58:56 AM INFO mip_v1 - setup_solver_logging: Logging started. Log file: D:\Project_Code\Paper\DP_LBBD_1\DP_lbbd\Algorithm\Results\mip_v1\small\exp_3f_30j_seed2\log\exp_3f_30j_seed2_running.log
04/29/2026 05:58:56 AM INFO mip_v1 - print: BigM calculated: 109.30000000000001
04/29/2026 05:58:56 AM INFO mip_v1 - print: Adding variables...
04/29/2026 05:58:56 AM INFO mip_v1 - print: Total variables: 9180
04/29/2026 05:58:56 AM INFO mip_v1 - print: Adding constraints...
04/29/2026 05:58:57 AM INFO mip_v1 - print: Total constraints: 18359
04/29/2026 05:58:57 AM INFO mip_v1 - print: Setting objective function...
04/29/2026 05:58:57 AM INFO mip_v1 - print: 
04/29/2026 05:58:57 AM INFO mip_v1 - print: ✓ Model LP written to: D:\Project_Code\Paper\DP_LBBD_1\DP_lbbd\Algorithm\MIP\production_model.lp
04/29/2026 05:58:57 AM INFO mip_v1 - print: 
04/29/2026 05:58:57 AM INFO mip_v1 - print: ============================================================
04/29/2026 05:58:57 AM INFO mip_v1 - print: Starting optimization...
04/29/2026 05:58:57 AM INFO mip_v1 - print: ============================================================
04/29/2026 05:58:57 AM INFO mip_v1 - print: Gurobi native log file: D:\Project_Code\Paper\DP_LBBD_1\DP_lbbd\Algorithm\Results\mip_v1\small\exp_3f_30j_seed2\log\exp_3f_30j_seed2_gurobi.log
04/29/2026 06:28:57 AM INFO mip_v1 - print: 
04/29/2026 06:28:57 AM INFO mip_v1 - print: ============================================================
04/29/2026 06:28:57 AM INFO mip_v1 - print: SOLUTION SUMMARY
04/29/2026 06:28:57 AM INFO mip_v1 - print: ============================================================
04/29/2026 06:28:57 AM INFO mip_v1 - print: ⚠ Time limit reached, best solution found:
04/29/2026 06:28:57 AM INFO mip_v1 - print: 
04/29/2026 06:28:57 AM INFO mip_v1 - print: Objective Value (Total Profit): 9940.59
04/29/2026 06:28:57 AM INFO mip_v1 - print: MIP Gap: 49.42%
04/29/2026 06:28:57 AM INFO mip_v1 - print: 
04/29/2026 06:28:57 AM INFO mip_v1 - print: 📋 Accepted Orders (15/30): [1, 3, 4, 6, 7, 8, 12, 15, 21, 24, 25, 26, 28, 29, 30]
04/29/2026 06:28:57 AM INFO mip_v1 - print: 
04/29/2026 06:28:57 AM INFO mip_v1 - print: ------------------------------------------------------------
04/29/2026 06:28:57 AM INFO mip_v1 - print: ORDER ALLOCATION DETAILS
04/29/2026 06:28:57 AM INFO mip_v1 - print: ------------------------------------------------------------
04/29/2026 06:28:57 AM INFO mip_v1 - print: 
04/29/2026 06:28:57 AM INFO mip_v1 - print: Order 1 → Factory 3
04/29/2026 06:28:57 AM INFO mip_v1 - print:   Machine 1: completion time = 31.99
04/29/2026 06:28:57 AM INFO mip_v1 - print:   Machine 2: completion time = 42.66
04/29/2026 06:28:57 AM INFO mip_v1 - print:   Machine 3: completion time = 51.66
04/29/2026 06:28:57 AM INFO mip_v1 - print:   Delivery: 57.96 (Deadline: 65.70, Delay: 0.00)
04/29/2026 06:28:57 AM INFO mip_v1 - print: 
04/29/2026 06:28:57 AM INFO mip_v1 - print: Order 3 → Factory 1
04/29/2026 06:28:57 AM INFO mip_v1 - print:   Machine 1: completion time = 15.13
04/29/2026 06:28:57 AM INFO mip_v1 - print:   Machine 2: completion time = 22.60
04/29/2026 06:28:57 AM INFO mip_v1 - print:   Machine 3: completion time = 30.08
04/29/2026 06:28:57 AM INFO mip_v1 - print:   Delivery: 38.68 (Deadline: 52.10, Delay: 0.00)
04/29/2026 06:28:57 AM INFO mip_v1 - print: 
04/29/2026 06:28:57 AM INFO mip_v1 - print: Order 4 → Factory 3
04/29/2026 06:28:57 AM INFO mip_v1 - print:   Machine 1: completion time = 50.21
04/29/2026 06:28:57 AM INFO mip_v1 - print:   Machine 2: completion time = 59.84
04/29/2026 06:28:57 AM INFO mip_v1 - print:   Machine 3: completion time = 67.04
04/29/2026 06:28:57 AM INFO mip_v1 - print:   Delivery: 69.74 (Deadline: 70.80, Delay: 0.00)
04/29/2026 06:28:57 AM INFO mip_v1 - print: 
04/29/2026 06:28:57 AM INFO mip_v1 - print: Order 6 → Factory 3
04/29/2026 06:28:57 AM INFO mip_v1 - print:   Machine 1: completion time = 67.04
04/29/2026 06:28:57 AM INFO mip_v1 - print:   Machine 2: completion time = 75.66
04/29/2026 06:28:57 AM INFO mip_v1 - print:   Machine 3: completion time = 84.93
04/29/2026 06:28:57 AM INFO mip_v1 - print:   Delivery: 86.23 (Deadline: 92.40, Delay: 0.00)
04/29/2026 06:28:57 AM INFO mip_v1 - print: 
04/29/2026 06:28:57 AM INFO mip_v1 - print: Order 7 → Factory 2
04/29/2026 06:28:57 AM INFO mip_v1 - print:   Machine 1: completion time = 43.53
04/29/2026 06:28:57 AM INFO mip_v1 - print:   Machine 2: completion time = 53.16
04/29/2026 06:28:57 AM INFO mip_v1 - print:   Machine 3: completion time = 64.14
04/29/2026 06:28:57 AM INFO mip_v1 - print:   Machine 4: completion time = 74.33
04/29/2026 06:28:57 AM INFO mip_v1 - print:   Delivery: 80.43 (Deadline: 73.30, Delay: 7.13)
04/29/2026 06:28:57 AM INFO mip_v1 - print: 
04/29/2026 06:28:57 AM INFO mip_v1 - print: Order 8 → Factory 1
04/29/2026 06:28:57 AM INFO mip_v1 - print:   Machine 1: completion time = 20.89
04/29/2026 06:28:57 AM INFO mip_v1 - print:   Machine 2: completion time = 29.82
04/29/2026 06:28:57 AM INFO mip_v1 - print:   Machine 3: completion time = 36.83
04/29/2026 06:28:57 AM INFO mip_v1 - print:   Delivery: 45.03 (Deadline: 51.00, Delay: 0.00)
04/29/2026 06:28:57 AM INFO mip_v1 - print: 
04/29/2026 06:28:57 AM INFO mip_v1 - print: Order 12 → Factory 3
04/29/2026 06:28:57 AM INFO mip_v1 - print:   Machine 1: completion time = 42.86
04/29/2026 06:28:57 AM INFO mip_v1 - print:   Machine 2: completion time = 49.73
04/29/2026 06:28:57 AM INFO mip_v1 - print:   Machine 3: completion time = 59.84
04/29/2026 06:28:57 AM INFO mip_v1 - print:   Delivery: 64.04 (Deadline: 69.80, Delay: 0.00)
04/29/2026 06:28:57 AM INFO mip_v1 - print: 
04/29/2026 06:28:57 AM INFO mip_v1 - print: Order 15 → Factory 1
04/29/2026 06:28:57 AM INFO mip_v1 - print:   Machine 1: completion time = 43.61
04/29/2026 06:28:57 AM INFO mip_v1 - print:   Machine 2: completion time = 57.06
04/29/2026 06:28:57 AM INFO mip_v1 - print:   Machine 3: completion time = 70.28
04/29/2026 06:28:57 AM INFO mip_v1 - print:   Delivery: 78.58 (Deadline: 77.40, Delay: 1.18)
04/29/2026 06:28:57 AM INFO mip_v1 - print: 
04/29/2026 06:28:57 AM INFO mip_v1 - print: Order 21 → Factory 2
04/29/2026 06:28:57 AM INFO mip_v1 - print:   Machine 1: completion time = 15.07
04/29/2026 06:28:57 AM INFO mip_v1 - print:   Machine 2: completion time = 23.26
04/29/2026 06:28:57 AM INFO mip_v1 - print:   Machine 3: completion time = 39.10
04/29/2026 06:28:57 AM INFO mip_v1 - print:   Machine 4: completion time = 48.28
04/29/2026 06:28:57 AM INFO mip_v1 - print:   Delivery: 49.88 (Deadline: 57.40, Delay: 0.00)
04/29/2026 06:28:57 AM INFO mip_v1 - print: 
04/29/2026 06:28:57 AM INFO mip_v1 - print: Order 24 → Factory 2
04/29/2026 06:28:57 AM INFO mip_v1 - print:   Machine 1: completion time = 27.94
04/29/2026 06:28:57 AM INFO mip_v1 - print:   Machine 2: completion time = 39.10
04/29/2026 06:28:57 AM INFO mip_v1 - print:   Machine 3: completion time = 52.61
04/29/2026 06:28:57 AM INFO mip_v1 - print:   Machine 4: completion time = 64.14
04/29/2026 06:28:57 AM INFO mip_v1 - print:   Delivery: 66.14 (Deadline: 68.00, Delay: 0.00)
04/29/2026 06:28:57 AM INFO mip_v1 - print: 
04/29/2026 06:28:57 AM INFO mip_v1 - print: Order 25 → Factory 1
04/29/2026 06:28:57 AM INFO mip_v1 - print:   Machine 1: completion time = 26.34
04/29/2026 06:28:57 AM INFO mip_v1 - print:   Machine 2: completion time = 36.21
04/29/2026 06:28:57 AM INFO mip_v1 - print:   Machine 3: completion time = 42.96
04/29/2026 06:28:57 AM INFO mip_v1 - print:   Delivery: 47.46 (Deadline: 47.90, Delay: 0.00)
04/29/2026 06:28:57 AM INFO mip_v1 - print: 
04/29/2026 06:28:57 AM INFO mip_v1 - print: Order 26 → Factory 3
04/29/2026 06:28:57 AM INFO mip_v1 - print:   Machine 1: completion time = 9.10
04/29/2026 06:28:57 AM INFO mip_v1 - print:   Machine 2: completion time = 14.79
04/29/2026 06:28:57 AM INFO mip_v1 - print:   Machine 3: completion time = 21.26
04/29/2026 06:28:57 AM INFO mip_v1 - print:   Delivery: 25.76 (Deadline: 33.00, Delay: 0.00)
04/29/2026 06:28:57 AM INFO mip_v1 - print: 
04/29/2026 06:28:57 AM INFO mip_v1 - print: Order 28 → Factory 1
04/29/2026 06:28:57 AM INFO mip_v1 - print:   Machine 1: completion time = 32.54
04/29/2026 06:28:57 AM INFO mip_v1 - print:   Machine 2: completion time = 43.61
04/29/2026 06:28:57 AM INFO mip_v1 - print:   Machine 3: completion time = 57.06
04/29/2026 06:28:57 AM INFO mip_v1 - print:   Delivery: 60.06 (Deadline: 64.90, Delay: 0.00)
04/29/2026 06:28:57 AM INFO mip_v1 - print: 
04/29/2026 06:28:57 AM INFO mip_v1 - print: Order 29 → Factory 3
04/29/2026 06:28:57 AM INFO mip_v1 - print:   Machine 1: completion time = 21.55
04/29/2026 06:28:57 AM INFO mip_v1 - print:   Machine 2: completion time = 31.78
04/29/2026 06:28:57 AM INFO mip_v1 - print:   Machine 3: completion time = 42.66
04/29/2026 06:28:57 AM INFO mip_v1 - print:   Delivery: 48.26 (Deadline: 59.60, Delay: 0.00)
04/29/2026 06:28:57 AM INFO mip_v1 - print: 
04/29/2026 06:28:57 AM INFO mip_v1 - print: Order 30 → Factory 3
04/29/2026 06:28:57 AM INFO mip_v1 - print:   Machine 1: completion time = 57.64
04/29/2026 06:28:57 AM INFO mip_v1 - print:   Machine 2: completion time = 67.04
04/29/2026 06:28:57 AM INFO mip_v1 - print:   Machine 3: completion time = 74.81
04/29/2026 06:28:57 AM INFO mip_v1 - print:   Delivery: 78.11 (Deadline: 76.20, Delay: 1.91)
04/29/2026 06:28:57 AM INFO mip_v1 - print: 
04/29/2026 06:28:57 AM INFO mip_v1 - print: ------------------------------------------------------------
04/29/2026 06:28:57 AM INFO mip_v1 - print: COST BREAKDOWN
04/29/2026 06:28:57 AM INFO mip_v1 - print: ------------------------------------------------------------
04/29/2026 06:28:57 AM INFO mip_v1 - print: Total Revenue:          +    22760.00
04/29/2026 06:28:57 AM INFO mip_v1 - print: Production Cost:        -     8345.82
04/29/2026 06:28:57 AM INFO mip_v1 - print: Transport Cost:         -     3847.20
04/29/2026 06:28:57 AM INFO mip_v1 - print: Delay Penalty:          -      626.39
04/29/2026 06:28:57 AM INFO mip_v1 - print: ------------------------------------------------------------
04/29/2026 06:28:57 AM INFO mip_v1 - print: Total Profit:           =     9940.59
