04/25/2026 08:25:04 PM INFO mip_v1 - setup_solver_logging: ================================================================================
04/25/2026 08:25:04 PM INFO mip_v1 - setup_solver_logging: Logging started. Log file: D:\Project_Code\Paper\DP_LBBD_1\DP_lbbd\Algorithm\Results\mip_v1\large\exp_7f_55j_seed4\log\exp_7f_55j_seed4_running.log
04/25/2026 08:25:04 PM INFO mip_v1 - print: BigM calculated: 138.6
04/25/2026 08:25:04 PM INFO mip_v1 - print: Adding variables...
04/25/2026 08:25:04 PM INFO mip_v1 - print: Total variables: 88275
04/25/2026 08:25:04 PM INFO mip_v1 - print: Adding constraints...
04/25/2026 08:25:07 PM INFO mip_v1 - print: Total constraints: 176692
04/25/2026 08:25:07 PM INFO mip_v1 - print: Setting objective function...
04/25/2026 08:25:07 PM INFO mip_v1 - print: 
04/25/2026 08:25:07 PM INFO mip_v1 - print: ✓ Model LP written to: D:\Project_Code\Paper\DP_LBBD_1\DP_lbbd\Algorithm\MIP\production_model.lp
04/25/2026 08:25:07 PM INFO mip_v1 - print: 
04/25/2026 08:25:07 PM INFO mip_v1 - print: ============================================================
04/25/2026 08:25:07 PM INFO mip_v1 - print: Starting optimization...
04/25/2026 08:25:07 PM INFO mip_v1 - print: ============================================================
04/25/2026 08:25:07 PM INFO mip_v1 - print: Gurobi native log file: D:\Project_Code\Paper\DP_LBBD_1\DP_lbbd\Algorithm\Results\mip_v1\large\exp_7f_55j_seed4\log\exp_7f_55j_seed4_gurobi.log
04/25/2026 08:55:08 PM INFO mip_v1 - print: 
04/25/2026 08:55:08 PM INFO mip_v1 - print: ============================================================
04/25/2026 08:55:08 PM INFO mip_v1 - print: SOLUTION SUMMARY
04/25/2026 08:55:08 PM INFO mip_v1 - print: ============================================================
04/25/2026 08:55:08 PM INFO mip_v1 - print: ⚠ Time limit reached, best solution found:
04/25/2026 08:55:08 PM INFO mip_v1 - print: 
04/25/2026 08:55:08 PM INFO mip_v1 - print: Objective Value (Total Profit): 23998.84
04/25/2026 08:55:08 PM INFO mip_v1 - print: MIP Gap: 15.12%
04/25/2026 08:55:08 PM INFO mip_v1 - print: 
04/25/2026 08:55:08 PM INFO mip_v1 - print: 📋 Accepted Orders (52/55): [1, 2, 3, 4, 5, 6, 7, 8, 9, 10, 11, 12, 13, 14, 15, 17, 18, 19, 20, 21, 22, 23, 24, 25, 26, 27, 28, 29, 30, 31, 32, 33, 34, 35, 36, 37, 38, 39, 40, 41, 42, 43, 44, 45, 46, 48, 49, 50, 51, 52, 54, 55]
04/25/2026 08:55:08 PM INFO mip_v1 - print: 
04/25/2026 08:55:08 PM INFO mip_v1 - print: ------------------------------------------------------------
04/25/2026 08:55:08 PM INFO mip_v1 - print: ORDER ALLOCATION DETAILS
04/25/2026 08:55:08 PM INFO mip_v1 - print: ------------------------------------------------------------
04/25/2026 08:55:08 PM INFO mip_v1 - print: 
04/25/2026 08:55:08 PM INFO mip_v1 - print: Order 1 → Factory 1
04/25/2026 08:55:08 PM INFO mip_v1 - print:   Machine 1: completion time = 25.63
04/25/2026 08:55:08 PM INFO mip_v1 - print:   Machine 2: completion time = 32.42
04/25/2026 08:55:08 PM INFO mip_v1 - print:   Machine 3: completion time = 40.48
04/25/2026 08:55:08 PM INFO mip_v1 - print:   Machine 4: completion time = 48.32
04/25/2026 08:55:08 PM INFO mip_v1 - print:   Machine 5: completion time = 68.35
04/25/2026 08:55:08 PM INFO mip_v1 - print:   Delivery: 70.75 (Deadline: 80.60, Delay: 0.00)
04/25/2026 08:55:08 PM INFO mip_v1 - print: 
04/25/2026 08:55:08 PM INFO mip_v1 - print: Order 2 → Factory 3
04/25/2026 08:55:08 PM INFO mip_v1 - print:   Machine 1: completion time = 55.25
04/25/2026 08:55:08 PM INFO mip_v1 - print:   Machine 2: completion time = 62.78
04/25/2026 08:55:08 PM INFO mip_v1 - print:   Machine 3: completion time = 70.97
04/25/2026 08:55:08 PM INFO mip_v1 - print:   Machine 4: completion time = 77.88
04/25/2026 08:55:08 PM INFO mip_v1 - print:   Delivery: 80.28 (Deadline: 89.10, Delay: 0.00)
04/25/2026 08:55:08 PM INFO mip_v1 - print: 
04/25/2026 08:55:08 PM INFO mip_v1 - print: Order 3 → Factory 5
04/25/2026 08:55:08 PM INFO mip_v1 - print:   Machine 1: completion time = 38.11
04/25/2026 08:55:08 PM INFO mip_v1 - print:   Machine 2: completion time = 68.25
04/25/2026 08:55:08 PM INFO mip_v1 - print:   Machine 3: completion time = 73.78
04/25/2026 08:55:08 PM INFO mip_v1 - print:   Delivery: 75.38 (Deadline: 79.30, Delay: 0.00)
04/25/2026 08:55:08 PM INFO mip_v1 - print: 
04/25/2026 08:55:08 PM INFO mip_v1 - print: Order 4 → Factory 1
04/25/2026 08:55:08 PM INFO mip_v1 - print:   Machine 1: completion time = 38.06
04/25/2026 08:55:08 PM INFO mip_v1 - print:   Machine 2: completion time = 46.24
04/25/2026 08:55:08 PM INFO mip_v1 - print:   Machine 3: completion time = 55.57
04/25/2026 08:55:08 PM INFO mip_v1 - print:   Machine 4: completion time = 64.51
04/25/2026 08:55:08 PM INFO mip_v1 - print:   Machine 5: completion time = 75.90
04/25/2026 08:55:08 PM INFO mip_v1 - print:   Delivery: 82.50 (Deadline: 82.50, Delay: 0.00)
04/25/2026 08:55:08 PM INFO mip_v1 - print: 
04/25/2026 08:55:08 PM INFO mip_v1 - print: Order 5 → Factory 2
04/25/2026 08:55:08 PM INFO mip_v1 - print:   Machine 1: completion time = 24.28
04/25/2026 08:55:08 PM INFO mip_v1 - print:   Machine 2: completion time = 34.24
04/25/2026 08:55:08 PM INFO mip_v1 - print:   Machine 3: completion time = 44.05
04/25/2026 08:55:08 PM INFO mip_v1 - print:   Machine 4: completion time = 54.27
04/25/2026 08:55:08 PM INFO mip_v1 - print:   Machine 5: completion time = 64.51
04/25/2026 08:55:08 PM INFO mip_v1 - print:   Delivery: 68.01 (Deadline: 78.80, Delay: 0.00)
04/25/2026 08:55:08 PM INFO mip_v1 - print: 
04/25/2026 08:55:08 PM INFO mip_v1 - print: Order 6 → Factory 2
04/25/2026 08:55:08 PM INFO mip_v1 - print:   Machine 1: completion time = 53.08
04/25/2026 08:55:08 PM INFO mip_v1 - print:   Machine 2: completion time = 61.43
04/25/2026 08:55:08 PM INFO mip_v1 - print:   Machine 3: completion time = 71.49
04/25/2026 08:55:08 PM INFO mip_v1 - print:   Machine 4: completion time = 80.90
04/25/2026 08:55:08 PM INFO mip_v1 - print:   Machine 5: completion time = 89.24
04/25/2026 08:55:08 PM INFO mip_v1 - print:   Delivery: 93.44 (Deadline: 101.60, Delay: 0.00)
04/25/2026 08:55:08 PM INFO mip_v1 - print: 
04/25/2026 08:55:08 PM INFO mip_v1 - print: Order 7 → Factory 3
04/25/2026 08:55:08 PM INFO mip_v1 - print:   Machine 1: completion time = 47.21
04/25/2026 08:55:08 PM INFO mip_v1 - print:   Machine 2: completion time = 69.50
04/25/2026 08:55:08 PM INFO mip_v1 - print:   Machine 3: completion time = 76.65
04/25/2026 08:55:08 PM INFO mip_v1 - print:   Machine 4: completion time = 83.80
04/25/2026 08:55:08 PM INFO mip_v1 - print:   Delivery: 86.00 (Deadline: 86.00, Delay: 0.00)
04/25/2026 08:55:08 PM INFO mip_v1 - print: 
04/25/2026 08:55:08 PM INFO mip_v1 - print: Order 8 → Factory 5
04/25/2026 08:55:08 PM INFO mip_v1 - print:   Machine 1: completion time = 31.61
04/25/2026 08:55:08 PM INFO mip_v1 - print:   Machine 2: completion time = 47.18
04/25/2026 08:55:08 PM INFO mip_v1 - print:   Machine 3: completion time = 56.83
04/25/2026 08:55:08 PM INFO mip_v1 - print:   Delivery: 59.63 (Deadline: 86.80, Delay: 0.00)
04/25/2026 08:55:08 PM INFO mip_v1 - print: 
04/25/2026 08:55:08 PM INFO mip_v1 - print: Order 9 → Factory 5
04/25/2026 08:55:08 PM INFO mip_v1 - print:   Machine 1: completion time = 66.75
04/25/2026 08:55:08 PM INFO mip_v1 - print:   Machine 2: completion time = 80.57
04/25/2026 08:55:08 PM INFO mip_v1 - print:   Machine 3: completion time = 89.83
04/25/2026 08:55:08 PM INFO mip_v1 - print:   Delivery: 90.33 (Deadline: 97.80, Delay: 0.00)
04/25/2026 08:55:08 PM INFO mip_v1 - print: 
04/25/2026 08:55:08 PM INFO mip_v1 - print: Order 10 → Factory 6
04/25/2026 08:55:08 PM INFO mip_v1 - print:   Machine 1: completion time = 10.79
04/25/2026 08:55:08 PM INFO mip_v1 - print:   Machine 2: completion time = 19.23
04/25/2026 08:55:08 PM INFO mip_v1 - print:   Machine 3: completion time = 27.21
04/25/2026 08:55:08 PM INFO mip_v1 - print:   Delivery: 29.41 (Deadline: 61.50, Delay: 0.00)
04/25/2026 08:55:08 PM INFO mip_v1 - print: 
04/25/2026 08:55:08 PM INFO mip_v1 - print: Order 11 → Factory 6
04/25/2026 08:55:08 PM INFO mip_v1 - print:   Machine 1: completion time = 17.35
04/25/2026 08:55:08 PM INFO mip_v1 - print:   Machine 2: completion time = 26.86
04/25/2026 08:55:08 PM INFO mip_v1 - print:   Machine 3: completion time = 33.44
04/25/2026 08:55:08 PM INFO mip_v1 - print:   Delivery: 41.44 (Deadline: 62.60, Delay: 0.00)
04/25/2026 08:55:08 PM INFO mip_v1 - print: 
04/25/2026 08:55:08 PM INFO mip_v1 - print: Order 12 → Factory 6
04/25/2026 08:55:08 PM INFO mip_v1 - print:   Machine 1: completion time = 42.88
04/25/2026 08:55:08 PM INFO mip_v1 - print:   Machine 2: completion time = 51.96
04/25/2026 08:55:08 PM INFO mip_v1 - print:   Machine 3: completion time = 64.78
04/25/2026 08:55:08 PM INFO mip_v1 - print:   Delivery: 70.98 (Deadline: 91.50, Delay: 0.00)
04/25/2026 08:55:08 PM INFO mip_v1 - print: 
04/25/2026 08:55:08 PM INFO mip_v1 - print: Order 13 → Factory 5
04/25/2026 08:55:08 PM INFO mip_v1 - print:   Machine 1: completion time = 46.48
04/25/2026 08:55:08 PM INFO mip_v1 - print:   Machine 2: completion time = 55.40
04/25/2026 08:55:08 PM INFO mip_v1 - print:   Machine 3: completion time = 80.57
04/25/2026 08:55:08 PM INFO mip_v1 - print:   Delivery: 83.67 (Deadline: 99.80, Delay: 0.00)
04/25/2026 08:55:08 PM INFO mip_v1 - print: 
04/25/2026 08:55:08 PM INFO mip_v1 - print: Order 14 → Factory 4
04/25/2026 08:55:08 PM INFO mip_v1 - print:   Machine 1: completion time = 37.80
04/25/2026 08:55:08 PM INFO mip_v1 - print:   Machine 2: completion time = 46.33
04/25/2026 08:55:08 PM INFO mip_v1 - print:   Machine 3: completion time = 55.11
04/25/2026 08:55:08 PM INFO mip_v1 - print:   Machine 4: completion time = 64.37
04/25/2026 08:55:08 PM INFO mip_v1 - print:   Delivery: 66.27 (Deadline: 82.00, Delay: 0.00)
04/25/2026 08:55:08 PM INFO mip_v1 - print: 
04/25/2026 08:55:08 PM INFO mip_v1 - print: Order 15 → Factory 1
04/25/2026 08:55:08 PM INFO mip_v1 - print:   Machine 1: completion time = 18.73
04/25/2026 08:55:08 PM INFO mip_v1 - print:   Machine 2: completion time = 25.73
04/25/2026 08:55:08 PM INFO mip_v1 - print:   Machine 3: completion time = 32.97
04/25/2026 08:55:08 PM INFO mip_v1 - print:   Machine 4: completion time = 40.87
04/25/2026 08:55:08 PM INFO mip_v1 - print:   Machine 5: completion time = 55.30
04/25/2026 08:55:08 PM INFO mip_v1 - print:   Delivery: 59.60 (Deadline: 59.60, Delay: 0.00)
04/25/2026 08:55:08 PM INFO mip_v1 - print: 
04/25/2026 08:55:08 PM INFO mip_v1 - print: Order 17 → Factory 3
04/25/2026 08:55:08 PM INFO mip_v1 - print:   Machine 1: completion time = 13.76
04/25/2026 08:55:08 PM INFO mip_v1 - print:   Machine 2: completion time = 23.80
04/25/2026 08:55:08 PM INFO mip_v1 - print:   Machine 3: completion time = 32.33
04/25/2026 08:55:08 PM INFO mip_v1 - print:   Machine 4: completion time = 55.14
04/25/2026 08:55:08 PM INFO mip_v1 - print:   Delivery: 59.24 (Deadline: 60.50, Delay: 0.00)
04/25/2026 08:55:08 PM INFO mip_v1 - print: 
04/25/2026 08:55:08 PM INFO mip_v1 - print: Order 18 → Factory 2
04/25/2026 08:55:08 PM INFO mip_v1 - print:   Machine 1: completion time = 44.48
04/25/2026 08:55:08 PM INFO mip_v1 - print:   Machine 2: completion time = 53.08
04/25/2026 08:55:08 PM INFO mip_v1 - print:   Machine 3: completion time = 62.70
04/25/2026 08:55:08 PM INFO mip_v1 - print:   Machine 4: completion time = 72.43
04/25/2026 08:55:08 PM INFO mip_v1 - print:   Machine 5: completion time = 80.38
04/25/2026 08:55:08 PM INFO mip_v1 - print:   Delivery: 81.18 (Deadline: 84.30, Delay: 0.00)
04/25/2026 08:55:08 PM INFO mip_v1 - print: 
04/25/2026 08:55:08 PM INFO mip_v1 - print: Order 19 → Factory 1
04/25/2026 08:55:08 PM INFO mip_v1 - print:   Machine 1: completion time = 55.71
04/25/2026 08:55:08 PM INFO mip_v1 - print:   Machine 2: completion time = 63.82
04/25/2026 08:55:08 PM INFO mip_v1 - print:   Machine 3: completion time = 73.27
04/25/2026 08:55:08 PM INFO mip_v1 - print:   Machine 4: completion time = 82.64
04/25/2026 08:55:08 PM INFO mip_v1 - print:   Machine 5: completion time = 90.42
04/25/2026 08:55:08 PM INFO mip_v1 - print:   Delivery: 96.22 (Deadline: 104.10, Delay: 0.00)
04/25/2026 08:55:08 PM INFO mip_v1 - print: 
04/25/2026 08:55:08 PM INFO mip_v1 - print: Order 20 → Factory 4
04/25/2026 08:55:08 PM INFO mip_v1 - print:   Machine 1: completion time = 75.26
04/25/2026 08:55:08 PM INFO mip_v1 - print:   Machine 2: completion time = 83.10
04/25/2026 08:55:08 PM INFO mip_v1 - print:   Machine 3: completion time = 91.29
04/25/2026 08:55:08 PM INFO mip_v1 - print:   Machine 4: completion time = 99.80
04/25/2026 08:55:08 PM INFO mip_v1 - print:   Delivery: 101.80 (Deadline: 108.30, Delay: 0.00)
04/25/2026 08:55:08 PM INFO mip_v1 - print: 
04/25/2026 08:55:08 PM INFO mip_v1 - print: Order 21 → Factory 1
04/25/2026 08:55:08 PM INFO mip_v1 - print:   Machine 1: completion time = 44.49
04/25/2026 08:55:08 PM INFO mip_v1 - print:   Machine 2: completion time = 53.80
04/25/2026 08:55:08 PM INFO mip_v1 - print:   Machine 3: completion time = 63.82
04/25/2026 08:55:08 PM INFO mip_v1 - print:   Machine 4: completion time = 72.74
04/25/2026 08:55:08 PM INFO mip_v1 - print:   Machine 5: completion time = 82.76
04/25/2026 08:55:08 PM INFO mip_v1 - print:   Delivery: 83.76 (Deadline: 94.20, Delay: 0.00)
04/25/2026 08:55:08 PM INFO mip_v1 - print: 
04/25/2026 08:55:08 PM INFO mip_v1 - print: Order 22 → Factory 3
04/25/2026 08:55:08 PM INFO mip_v1 - print:   Machine 1: completion time = 21.56
04/25/2026 08:55:08 PM INFO mip_v1 - print:   Machine 2: completion time = 32.33
04/25/2026 08:55:08 PM INFO mip_v1 - print:   Machine 3: completion time = 39.00
04/25/2026 08:55:08 PM INFO mip_v1 - print:   Machine 4: completion time = 46.46
04/25/2026 08:55:08 PM INFO mip_v1 - print:   Delivery: 48.46 (Deadline: 58.00, Delay: 0.00)
04/25/2026 08:55:08 PM INFO mip_v1 - print: 
04/25/2026 08:55:08 PM INFO mip_v1 - print: Order 23 → Factory 6
04/25/2026 08:55:08 PM INFO mip_v1 - print:   Machine 1: completion time = 48.87
04/25/2026 08:55:08 PM INFO mip_v1 - print:   Machine 2: completion time = 58.07
04/25/2026 08:55:08 PM INFO mip_v1 - print:   Machine 3: completion time = 70.60
04/25/2026 08:55:08 PM INFO mip_v1 - print:   Delivery: 71.60 (Deadline: 84.50, Delay: 0.00)
04/25/2026 08:55:08 PM INFO mip_v1 - print: 
04/25/2026 08:55:08 PM INFO mip_v1 - print: Order 24 → Factory 3
04/25/2026 08:55:08 PM INFO mip_v1 - print:   Machine 1: completion time = 33.25
04/25/2026 08:55:08 PM INFO mip_v1 - print:   Machine 2: completion time = 44.80
04/25/2026 08:55:08 PM INFO mip_v1 - print:   Machine 3: completion time = 55.14
04/25/2026 08:55:08 PM INFO mip_v1 - print:   Machine 4: completion time = 65.98
04/25/2026 08:55:08 PM INFO mip_v1 - print:   Delivery: 69.88 (Deadline: 67.80, Delay: 2.08)
04/25/2026 08:55:08 PM INFO mip_v1 - print: 
04/25/2026 08:55:08 PM INFO mip_v1 - print: Order 25 → Factory 6
04/25/2026 08:55:08 PM INFO mip_v1 - print:   Machine 1: completion time = 89.53
04/25/2026 08:55:08 PM INFO mip_v1 - print:   Machine 2: completion time = 100.17
04/25/2026 08:55:08 PM INFO mip_v1 - print:   Machine 3: completion time = 109.78
04/25/2026 08:55:08 PM INFO mip_v1 - print:   Delivery: 111.38 (Deadline: 107.70, Delay: 3.68)
04/25/2026 08:55:08 PM INFO mip_v1 - print: 
04/25/2026 08:55:08 PM INFO mip_v1 - print: Order 26 → Factory 5
04/25/2026 08:55:08 PM INFO mip_v1 - print:   Machine 1: completion time = 11.83
04/25/2026 08:55:08 PM INFO mip_v1 - print:   Machine 2: completion time = 27.01
04/25/2026 08:55:08 PM INFO mip_v1 - print:   Machine 3: completion time = 47.18
04/25/2026 08:55:08 PM INFO mip_v1 - print:   Delivery: 55.58 (Deadline: 67.80, Delay: 0.00)
04/25/2026 08:55:08 PM INFO mip_v1 - print: 
04/25/2026 08:55:08 PM INFO mip_v1 - print: Order 27 → Factory 2
04/25/2026 08:55:08 PM INFO mip_v1 - print:   Machine 1: completion time = 70.18
04/25/2026 08:55:08 PM INFO mip_v1 - print:   Machine 2: completion time = 80.00
04/25/2026 08:55:08 PM INFO mip_v1 - print:   Machine 3: completion time = 89.56
04/25/2026 08:55:08 PM INFO mip_v1 - print:   Machine 4: completion time = 99.13
04/25/2026 08:55:08 PM INFO mip_v1 - print:   Machine 5: completion time = 107.50
04/25/2026 08:55:08 PM INFO mip_v1 - print:   Delivery: 110.30 (Deadline: 108.30, Delay: 2.00)
04/25/2026 08:55:08 PM INFO mip_v1 - print: 
04/25/2026 08:55:08 PM INFO mip_v1 - print: Order 28 → Factory 6
04/25/2026 08:55:08 PM INFO mip_v1 - print:   Machine 1: completion time = 26.86
04/25/2026 08:55:08 PM INFO mip_v1 - print:   Machine 2: completion time = 35.84
04/25/2026 08:55:08 PM INFO mip_v1 - print:   Machine 3: completion time = 55.43
04/25/2026 08:55:08 PM INFO mip_v1 - print:   Delivery: 63.43 (Deadline: 64.70, Delay: 0.00)
04/25/2026 08:55:08 PM INFO mip_v1 - print: 
04/25/2026 08:55:08 PM INFO mip_v1 - print: Order 29 → Factory 1
04/25/2026 08:55:08 PM INFO mip_v1 - print:   Machine 1: completion time = 6.91
04/25/2026 08:55:08 PM INFO mip_v1 - print:   Machine 2: completion time = 12.54
04/25/2026 08:55:08 PM INFO mip_v1 - print:   Machine 3: completion time = 19.09
04/25/2026 08:55:08 PM INFO mip_v1 - print:   Machine 4: completion time = 26.71
04/25/2026 08:55:08 PM INFO mip_v1 - print:   Machine 5: completion time = 31.99
04/25/2026 08:55:08 PM INFO mip_v1 - print:   Delivery: 35.59 (Deadline: 51.30, Delay: 0.00)
04/25/2026 08:55:08 PM INFO mip_v1 - print: 
04/25/2026 08:55:08 PM INFO mip_v1 - print: Order 30 → Factory 4
04/25/2026 08:55:08 PM INFO mip_v1 - print:   Machine 1: completion time = 50.68
04/25/2026 08:55:08 PM INFO mip_v1 - print:   Machine 2: completion time = 57.50
04/25/2026 08:55:08 PM INFO mip_v1 - print:   Machine 3: completion time = 64.37
04/25/2026 08:55:08 PM INFO mip_v1 - print:   Machine 4: completion time = 71.43
04/25/2026 08:55:08 PM INFO mip_v1 - print:   Delivery: 73.63 (Deadline: 96.30, Delay: 0.00)
04/25/2026 08:55:08 PM INFO mip_v1 - print: 
04/25/2026 08:55:08 PM INFO mip_v1 - print: Order 31 → Factory 4
04/25/2026 08:55:08 PM INFO mip_v1 - print:   Machine 1: completion time = 19.94
04/25/2026 08:55:08 PM INFO mip_v1 - print:   Machine 2: completion time = 30.26
04/25/2026 08:55:08 PM INFO mip_v1 - print:   Machine 3: completion time = 38.37
04/25/2026 08:55:08 PM INFO mip_v1 - print:   Machine 4: completion time = 46.53
04/25/2026 08:55:08 PM INFO mip_v1 - print:   Delivery: 47.33 (Deadline: 54.80, Delay: 0.00)
04/25/2026 08:55:08 PM INFO mip_v1 - print: 
04/25/2026 08:55:08 PM INFO mip_v1 - print: Order 32 → Factory 6
04/25/2026 08:55:08 PM INFO mip_v1 - print:   Machine 1: completion time = 64.38
04/25/2026 08:55:08 PM INFO mip_v1 - print:   Machine 2: completion time = 73.73
04/25/2026 08:55:08 PM INFO mip_v1 - print:   Machine 3: completion time = 85.13
04/25/2026 08:55:08 PM INFO mip_v1 - print:   Delivery: 90.23 (Deadline: 102.50, Delay: 0.00)
04/25/2026 08:55:08 PM INFO mip_v1 - print: 
04/25/2026 08:55:08 PM INFO mip_v1 - print: Order 33 → Factory 7
04/25/2026 08:55:08 PM INFO mip_v1 - print:   Machine 1: completion time = 63.08
04/25/2026 08:55:08 PM INFO mip_v1 - print:   Machine 2: completion time = 71.76
04/25/2026 08:55:08 PM INFO mip_v1 - print:   Machine 3: completion time = 79.31
04/25/2026 08:55:08 PM INFO mip_v1 - print:   Machine 4: completion time = 88.15
04/25/2026 08:55:08 PM INFO mip_v1 - print:   Machine 5: completion time = 96.03
04/25/2026 08:55:08 PM INFO mip_v1 - print:   Delivery: 98.53 (Deadline: 110.10, Delay: 0.00)
04/25/2026 08:55:08 PM INFO mip_v1 - print: 
04/25/2026 08:55:08 PM INFO mip_v1 - print: Order 34 → Factory 6
04/25/2026 08:55:08 PM INFO mip_v1 - print:   Machine 1: completion time = 58.07
04/25/2026 08:55:08 PM INFO mip_v1 - print:   Machine 2: completion time = 67.62
04/25/2026 08:55:08 PM INFO mip_v1 - print:   Machine 3: completion time = 79.25
04/25/2026 08:55:08 PM INFO mip_v1 - print:   Delivery: 82.05 (Deadline: 103.20, Delay: 0.00)
04/25/2026 08:55:08 PM INFO mip_v1 - print: 
04/25/2026 08:55:08 PM INFO mip_v1 - print: Order 35 → Factory 7
04/25/2026 08:55:08 PM INFO mip_v1 - print:   Machine 1: completion time = 53.49
04/25/2026 08:55:08 PM INFO mip_v1 - print:   Machine 2: completion time = 63.08
04/25/2026 08:55:08 PM INFO mip_v1 - print:   Machine 3: completion time = 70.10
04/25/2026 08:55:08 PM INFO mip_v1 - print:   Machine 4: completion time = 78.40
04/25/2026 08:55:08 PM INFO mip_v1 - print:   Machine 5: completion time = 88.15
04/25/2026 08:55:08 PM INFO mip_v1 - print:   Delivery: 94.45 (Deadline: 98.40, Delay: 0.00)
04/25/2026 08:55:08 PM INFO mip_v1 - print: 
04/25/2026 08:55:08 PM INFO mip_v1 - print: Order 36 → Factory 6
04/25/2026 08:55:08 PM INFO mip_v1 - print:   Machine 1: completion time = 72.06
04/25/2026 08:55:08 PM INFO mip_v1 - print:   Machine 2: completion time = 81.37
04/25/2026 08:55:08 PM INFO mip_v1 - print:   Machine 3: completion time = 92.21
04/25/2026 08:55:08 PM INFO mip_v1 - print:   Delivery: 100.21 (Deadline: 108.20, Delay: 0.00)
04/25/2026 08:55:08 PM INFO mip_v1 - print: 
04/25/2026 08:55:08 PM INFO mip_v1 - print: Order 37 → Factory 2
04/25/2026 08:55:08 PM INFO mip_v1 - print:   Machine 1: completion time = 14.73
04/25/2026 08:55:08 PM INFO mip_v1 - print:   Machine 2: completion time = 23.25
04/25/2026 08:55:08 PM INFO mip_v1 - print:   Machine 3: completion time = 32.52
04/25/2026 08:55:08 PM INFO mip_v1 - print:   Machine 4: completion time = 44.05
04/25/2026 08:55:08 PM INFO mip_v1 - print:   Machine 5: completion time = 54.89
04/25/2026 08:55:08 PM INFO mip_v1 - print:   Delivery: 55.99 (Deadline: 69.70, Delay: 0.00)
04/25/2026 08:55:08 PM INFO mip_v1 - print: 
04/25/2026 08:55:08 PM INFO mip_v1 - print: Order 38 → Factory 4
04/25/2026 08:55:08 PM INFO mip_v1 - print:   Machine 1: completion time = 58.93
04/25/2026 08:55:08 PM INFO mip_v1 - print:   Machine 2: completion time = 65.57
04/25/2026 08:55:08 PM INFO mip_v1 - print:   Machine 3: completion time = 72.64
04/25/2026 08:55:08 PM INFO mip_v1 - print:   Machine 4: completion time = 79.91
04/25/2026 08:55:08 PM INFO mip_v1 - print:   Delivery: 82.01 (Deadline: 97.40, Delay: 0.00)
04/25/2026 08:55:08 PM INFO mip_v1 - print: 
04/25/2026 08:55:08 PM INFO mip_v1 - print: Order 39 → Factory 6
04/25/2026 08:55:08 PM INFO mip_v1 - print:   Machine 1: completion time = 78.93
04/25/2026 08:55:08 PM INFO mip_v1 - print:   Machine 2: completion time = 88.42
04/25/2026 08:55:08 PM INFO mip_v1 - print:   Machine 3: completion time = 98.36
04/25/2026 08:55:08 PM INFO mip_v1 - print:   Delivery: 105.96 (Deadline: 109.70, Delay: 0.00)
04/25/2026 08:55:08 PM INFO mip_v1 - print: 
04/25/2026 08:55:08 PM INFO mip_v1 - print: Order 40 → Factory 2
04/25/2026 08:55:08 PM INFO mip_v1 - print:   Machine 1: completion time = 34.42
04/25/2026 08:55:08 PM INFO mip_v1 - print:   Machine 2: completion time = 44.08
04/25/2026 08:55:08 PM INFO mip_v1 - print:   Machine 3: completion time = 54.27
04/25/2026 08:55:08 PM INFO mip_v1 - print:   Machine 4: completion time = 64.51
04/25/2026 08:55:08 PM INFO mip_v1 - print:   Machine 5: completion time = 74.10
04/25/2026 08:55:08 PM INFO mip_v1 - print:   Delivery: 75.90 (Deadline: 75.90, Delay: 0.00)
04/25/2026 08:55:08 PM INFO mip_v1 - print: 
04/25/2026 08:55:08 PM INFO mip_v1 - print: Order 41 → Factory 4
04/25/2026 08:55:08 PM INFO mip_v1 - print:   Machine 1: completion time = 28.51
04/25/2026 08:55:08 PM INFO mip_v1 - print:   Machine 2: completion time = 37.80
04/25/2026 08:55:08 PM INFO mip_v1 - print:   Machine 3: completion time = 46.33
04/25/2026 08:55:08 PM INFO mip_v1 - print:   Machine 4: completion time = 55.11
04/25/2026 08:55:08 PM INFO mip_v1 - print:   Delivery: 57.91 (Deadline: 63.00, Delay: 0.00)
04/25/2026 08:55:08 PM INFO mip_v1 - print: 
04/25/2026 08:55:08 PM INFO mip_v1 - print: Order 42 → Factory 4
04/25/2026 08:55:08 PM INFO mip_v1 - print:   Machine 1: completion time = 66.44
04/25/2026 08:55:08 PM INFO mip_v1 - print:   Machine 2: completion time = 73.44
04/25/2026 08:55:08 PM INFO mip_v1 - print:   Machine 3: completion time = 81.07
04/25/2026 08:55:08 PM INFO mip_v1 - print:   Machine 4: completion time = 91.29
04/25/2026 08:55:08 PM INFO mip_v1 - print:   Delivery: 95.59 (Deadline: 103.10, Delay: 0.00)
04/25/2026 08:55:08 PM INFO mip_v1 - print: 
04/25/2026 08:55:08 PM INFO mip_v1 - print: Order 43 → Factory 5
04/25/2026 08:55:08 PM INFO mip_v1 - print:   Machine 1: completion time = 20.24
04/25/2026 08:55:08 PM INFO mip_v1 - print:   Machine 2: completion time = 33.74
04/25/2026 08:55:08 PM INFO mip_v1 - print:   Machine 3: completion time = 39.41
04/25/2026 08:55:08 PM INFO mip_v1 - print:   Delivery: 45.31 (Deadline: 57.40, Delay: 0.00)
04/25/2026 08:55:08 PM INFO mip_v1 - print: 
04/25/2026 08:55:08 PM INFO mip_v1 - print: Order 44 → Factory 6
04/25/2026 08:55:08 PM INFO mip_v1 - print:   Machine 1: completion time = 32.80
04/25/2026 08:55:08 PM INFO mip_v1 - print:   Machine 2: completion time = 41.51
04/25/2026 08:55:08 PM INFO mip_v1 - print:   Machine 3: completion time = 46.83
04/25/2026 08:55:08 PM INFO mip_v1 - print:   Delivery: 52.93 (Deadline: 55.10, Delay: 0.00)
04/25/2026 08:55:08 PM INFO mip_v1 - print: 
04/25/2026 08:55:08 PM INFO mip_v1 - print: Order 45 → Factory 7
04/25/2026 08:55:08 PM INFO mip_v1 - print:   Machine 1: completion time = 44.82
04/25/2026 08:55:08 PM INFO mip_v1 - print:   Machine 2: completion time = 55.13
04/25/2026 08:55:08 PM INFO mip_v1 - print:   Machine 3: completion time = 62.41
04/25/2026 08:55:08 PM INFO mip_v1 - print:   Machine 4: completion time = 70.07
04/25/2026 08:55:08 PM INFO mip_v1 - print:   Machine 5: completion time = 80.43
04/25/2026 08:55:08 PM INFO mip_v1 - print:   Delivery: 86.13 (Deadline: 87.60, Delay: 0.00)
04/25/2026 08:55:08 PM INFO mip_v1 - print: 
04/25/2026 08:55:08 PM INFO mip_v1 - print: Order 46 → Factory 7
04/25/2026 08:55:08 PM INFO mip_v1 - print:   Machine 1: completion time = 37.12
04/25/2026 08:55:08 PM INFO mip_v1 - print:   Machine 2: completion time = 45.56
04/25/2026 08:55:08 PM INFO mip_v1 - print:   Machine 3: completion time = 53.13
04/25/2026 08:55:08 PM INFO mip_v1 - print:   Machine 4: completion time = 62.41
04/25/2026 08:55:08 PM INFO mip_v1 - print:   Machine 5: completion time = 73.00
04/25/2026 08:55:08 PM INFO mip_v1 - print:   Delivery: 77.20 (Deadline: 77.20, Delay: 0.00)
04/25/2026 08:55:08 PM INFO mip_v1 - print: 
04/25/2026 08:55:08 PM INFO mip_v1 - print: Order 48 → Factory 3
04/25/2026 08:55:08 PM INFO mip_v1 - print:   Machine 1: completion time = 64.01
04/25/2026 08:55:08 PM INFO mip_v1 - print:   Machine 2: completion time = 78.30
04/25/2026 08:55:08 PM INFO mip_v1 - print:   Machine 3: completion time = 85.48
04/25/2026 08:55:08 PM INFO mip_v1 - print:   Machine 4: completion time = 100.73
04/25/2026 08:55:08 PM INFO mip_v1 - print:   Delivery: 102.73 (Deadline: 110.60, Delay: 0.00)
04/25/2026 08:55:08 PM INFO mip_v1 - print: 
04/25/2026 08:55:08 PM INFO mip_v1 - print: Order 49 → Factory 2
04/25/2026 08:55:08 PM INFO mip_v1 - print:   Machine 1: completion time = 62.05
04/25/2026 08:55:08 PM INFO mip_v1 - print:   Machine 2: completion time = 71.49
04/25/2026 08:55:08 PM INFO mip_v1 - print:   Machine 3: completion time = 80.90
04/25/2026 08:55:08 PM INFO mip_v1 - print:   Machine 4: completion time = 90.35
04/25/2026 08:55:08 PM INFO mip_v1 - print:   Machine 5: completion time = 99.05
04/25/2026 08:55:08 PM INFO mip_v1 - print:   Delivery: 103.75 (Deadline: 103.70, Delay: 0.05)
04/25/2026 08:55:08 PM INFO mip_v1 - print: 
04/25/2026 08:55:08 PM INFO mip_v1 - print: Order 50 → Factory 1
04/25/2026 08:55:08 PM INFO mip_v1 - print:   Machine 1: completion time = 30.44
04/25/2026 08:55:08 PM INFO mip_v1 - print:   Machine 2: completion time = 37.82
04/25/2026 08:55:08 PM INFO mip_v1 - print:   Machine 3: completion time = 46.24
04/25/2026 08:55:08 PM INFO mip_v1 - print:   Machine 4: completion time = 54.32
04/25/2026 08:55:08 PM INFO mip_v1 - print:   Machine 5: completion time = 62.34
04/25/2026 08:55:08 PM INFO mip_v1 - print:   Delivery: 67.24 (Deadline: 70.60, Delay: 0.00)
04/25/2026 08:55:08 PM INFO mip_v1 - print: 
04/25/2026 08:55:08 PM INFO mip_v1 - print: Order 51 → Factory 5
04/25/2026 08:55:08 PM INFO mip_v1 - print:   Machine 1: completion time = 55.40
04/25/2026 08:55:08 PM INFO mip_v1 - print:   Machine 2: completion time = 61.17
04/25/2026 08:55:08 PM INFO mip_v1 - print:   Machine 3: completion time = 65.70
04/25/2026 08:55:08 PM INFO mip_v1 - print:   Delivery: 73.20 (Deadline: 73.20, Delay: 0.00)
04/25/2026 08:55:08 PM INFO mip_v1 - print: 
04/25/2026 08:55:08 PM INFO mip_v1 - print: Order 52 → Factory 1
04/25/2026 08:55:08 PM INFO mip_v1 - print:   Machine 1: completion time = 62.91
04/25/2026 08:55:08 PM INFO mip_v1 - print:   Machine 2: completion time = 75.38
04/25/2026 08:55:08 PM INFO mip_v1 - print:   Machine 3: completion time = 84.04
04/25/2026 08:55:08 PM INFO mip_v1 - print:   Machine 4: completion time = 93.44
04/25/2026 08:55:08 PM INFO mip_v1 - print:   Machine 5: completion time = 101.10
04/25/2026 08:55:08 PM INFO mip_v1 - print:   Delivery: 105.40 (Deadline: 105.40, Delay: 0.00)
04/25/2026 08:55:08 PM INFO mip_v1 - print: 
04/25/2026 08:55:08 PM INFO mip_v1 - print: Order 54 → Factory 1
04/25/2026 08:55:08 PM INFO mip_v1 - print:   Machine 1: completion time = 12.50
04/25/2026 08:55:08 PM INFO mip_v1 - print:   Machine 2: completion time = 18.42
04/25/2026 08:55:08 PM INFO mip_v1 - print:   Machine 3: completion time = 25.67
04/25/2026 08:55:08 PM INFO mip_v1 - print:   Machine 4: completion time = 32.97
04/25/2026 08:55:08 PM INFO mip_v1 - print:   Machine 5: completion time = 47.60
04/25/2026 08:55:08 PM INFO mip_v1 - print:   Delivery: 53.40 (Deadline: 53.40, Delay: 0.00)
04/25/2026 08:55:08 PM INFO mip_v1 - print: 
04/25/2026 08:55:08 PM INFO mip_v1 - print: Order 55 → Factory 3
04/25/2026 08:55:08 PM INFO mip_v1 - print:   Machine 1: completion time = 78.30
04/25/2026 08:55:08 PM INFO mip_v1 - print:   Machine 2: completion time = 90.76
04/25/2026 08:55:08 PM INFO mip_v1 - print:   Machine 3: completion time = 100.73
04/25/2026 08:55:08 PM INFO mip_v1 - print:   Machine 4: completion time = 111.93
04/25/2026 08:55:08 PM INFO mip_v1 - print:   Delivery: 115.03 (Deadline: 115.60, Delay: 0.00)
04/25/2026 08:55:08 PM INFO mip_v1 - print: 
04/25/2026 08:55:08 PM INFO mip_v1 - print: ------------------------------------------------------------
04/25/2026 08:55:08 PM INFO mip_v1 - print: COST BREAKDOWN
04/25/2026 08:55:08 PM INFO mip_v1 - print: ------------------------------------------------------------
04/25/2026 08:55:08 PM INFO mip_v1 - print: Total Revenue:          +    62859.00
04/25/2026 08:55:08 PM INFO mip_v1 - print: Production Cost:        -    27225.62
04/25/2026 08:55:08 PM INFO mip_v1 - print: Transport Cost:         -    11071.70
04/25/2026 08:55:08 PM INFO mip_v1 - print: Delay Penalty:          -      562.84
04/25/2026 08:55:08 PM INFO mip_v1 - print: ------------------------------------------------------------
04/25/2026 08:55:08 PM INFO mip_v1 - print: Total Profit:           =    23998.84
