
Gurobi 10.0.1 (win64) logging started Tue Apr 28 14:45:40 2026

Set parameter LogFile to value "D:\Project_Code\Paper\DP_LBBD_1\DP_lbbd\Algorithm\Results\mip_v1\medium\exp_5f_40j_seed5\log\exp_5f_40j_seed5_gurobi.log"
Set parameter LogToConsole to value 0
Gurobi Optimizer version 10.0.1 build v10.0.1rc0 (win64)

CPU model: Intel(R) Core(TM) Ultra 7 265KF, instruction set [SSE2|AVX|AVX2]
Thread count: 20 physical cores, 20 logical processors, using up to 20 threads

Optimize a model with 71100 rows, 35520 columns and 349160 nonzeros
Model fingerprint: 0x305fb8f4
Variable types: 960 continuous, 34560 integer (34560 binary)
Coefficient statistics:
  Matrix range     [1e+00, 2e+02]
  Objective range  [2e+01, 4e+03]
  Bounds range     [1e+00, 2e+02]
  RHS range        [1e+00, 6e+02]
Found heuristic solution: objective -0.0000000
Presolve removed 37022 rows and 18441 columns
Presolve time: 0.52s
Presolved: 34078 rows, 17079 columns, 166305 nonzeros
Variable types: 683 continuous, 16396 integer (16396 binary)
Deterministic concurrent LP optimizer: primal and dual simplex
Showing first log only...

Concurrent spin time: 0.00s

Solved with dual simplex

Root relaxation: objective 2.487875e+04, 2608 iterations, 0.16 seconds (0.21 work units)

    Nodes    |    Current Node    |     Objective Bounds      |     Work
 Expl Unexpl |  Obj  Depth IntInf | Incumbent    BestBd   Gap | It/Node Time

     0     0 24878.7517    0  520   -0.00000 24878.7517      -     -    2s
H    0     0                    10788.929058 24878.7517   131%     -    2s
     0     0 24877.2470    0  531 10788.9291 24877.2470   131%     -    5s
H    0     0                    11997.205617 24877.2470   107%     -    8s
H    0     0                    13684.202950 24876.8699  81.8%     -    8s
     0     0 24876.8699    0  463 13684.2030 24876.8699  81.8%     -    8s
     0     0 24876.8699    0  465 13684.2030 24876.8699  81.8%     -    8s
     0     0 24841.9090    0  534 13684.2030 24841.9090  81.5%     -    9s
     0     0 24839.8084    0  404 13684.2030 24839.8084  81.5%     -    9s
     0     0 24839.8084    0  433 13684.2030 24839.8084  81.5%     -    9s
H    0     0                    13795.348775 24839.8084  80.1%     -   10s
     0     0 24839.8084    0  602 13795.3488 24839.8084  80.1%     -   10s
     0     0 24839.8084    0  513 13795.3488 24839.8084  80.1%     -   10s
     0     0 24839.1995    0  518 13795.3488 24839.1995  80.1%     -   11s
     0     0 24839.1995    0  503 13795.3488 24839.1995  80.1%     -   11s
     0     0 24835.5812    0  461 13795.3488 24835.5812  80.0%     -   12s
     0     0 24835.2500    0  494 13795.3488 24835.2500  80.0%     -   12s
     0     0 24835.2175    0  480 13795.3488 24835.2175  80.0%     -   12s
     0     0 24835.2175    0  442 13795.3488 24835.2175  80.0%     -   12s
     0     0 24835.0455    0  501 13795.3488 24835.0455  80.0%     -   13s
     0     0 24835.0455    0  551 13795.3488 24835.0455  80.0%     -   13s
     0     0 24835.0455    0  577 13795.3488 24835.0455  80.0%     -   13s
     0     0 24835.0455    0  496 13795.3488 24835.0455  80.0%     -   14s
     0     0 24835.0283    0  461 13795.3488 24835.0283  80.0%     -   15s
     0     0 24835.0283    0  516 13795.3488 24835.0283  80.0%     -   15s
     0     0 24834.6475    0  488 13795.3488 24834.6475  80.0%     -   15s
     0     0 24834.6475    0  460 13795.3488 24834.6475  80.0%     -   16s
     0     0 24834.6475    0  521 13795.3488 24834.6475  80.0%     -   16s
     0     0 24834.6475    0  554 13795.3488 24834.6475  80.0%     -   16s
     0     0 24834.6475    0  479 13795.3488 24834.6475  80.0%     -   18s
     0     0 24834.6475    0  549 13795.3488 24834.6475  80.0%     -   18s
     0     0 24834.6475    0  513 13795.3488 24834.6475  80.0%     -   19s
     0     0 24834.6475    0  484 13795.3488 24834.6475  80.0%     -   19s
     0     2 24808.8513    0  461 13795.3488 24808.8513  79.8%     -   20s
    31    49 24759.5508    5  554 13795.3488 24781.3646  79.6%  1482   32s
H   32    49                    14277.614812 24781.3646  73.6%  1436   32s
H   33    49                    14695.194425 24781.3646  68.6%  1425   32s
H   49    49                    14759.028854 24777.8942  67.9%  1288   32s
    91   105 24401.2408    7  632 14759.0289 24777.8942  67.9%  1060   35s
H  153   164                    14769.279734 24777.8942  67.8%   764   37s
H  174   164                    14775.149256 24777.8942  67.7%   709   37s
   238   253 23864.1415   16  484 14775.1493 24777.8942  67.7%   605   40s
   379   362 23304.9674   21  431 14775.1493 24777.8942  67.7%   485   45s
   561   529 infeasible   30      14775.1493 24777.8942  67.7%   394   50s
   823   762 19673.4093   43  318 14775.1493 24777.8942  67.7%   324   55s
  1149  1020 18570.2631   54  226 14775.1493 24777.8942  67.7%   263   60s
  1499  1310 24751.5681    9  464 14775.1493 24777.8942  67.7%   238   65s
H 1704  1451                    15195.542923 24777.8942  63.1%   227   66s
  1997  1658 23457.3887   22  399 15195.5429 24777.8942  63.1%   216   71s
* 2150  1817             157    15823.384449 24777.8942  56.6%   209   72s
  2507  2180 16885.9576   68  130 15823.3844 24777.8942  56.6%   199   77s
  2745  2181 23759.7125    9  484 15823.3844 24777.8942  56.6%   193   87s
  2747  2182 20033.3758   44  652 15823.3844 24777.8942  56.6%   193   98s
  2751  2185 21873.0210   50  526 15823.3844 24777.8942  56.6%   193  101s
  2756  2189 24018.3297   20  355 15823.3844 24777.8942  56.6%   196  107s
  2763  2194 18182.3591   68  222 15823.3844 24777.8942  56.6%   196  110s
  2768  2197 21873.1956   46  238 15823.3844 24777.8942  56.6%   195  115s
  2925  2317 24667.7189   37  262 15823.3844 24777.8942  56.6%  29.9  125s
H 2934  2203                    16006.868361 24777.8942  54.8%  30.1  125s
H 2939  2097                    16195.566980 24777.8942  53.0%  30.2  125s
H 3063  2085                    16726.285250 24777.8942  48.1%  34.3  128s
  3244  2199 24613.4722   45  260 16726.2852 24777.8942  48.1%  37.4  131s
  3676  2464 23901.4052   54  246 16726.2852 24777.8942  48.1%  45.9  135s
  4388  2806 23744.2538   64  244 16726.2852 24777.8942  48.1%  63.2  140s
  5133  3097 17411.9466   73   91 16726.2852 24777.8942  48.1%  71.9  145s
  5845  3531 19224.3583   86   92 16726.2852 24777.8942  48.1%  78.6  150s
  6739  3792 23993.6285   43  210 16726.2852 24765.7738  48.1%  80.3  157s
H 6823  3666                    17067.006759 24765.7738  45.1%  80.5  157s
  6861  3955 23993.6285   48  204 17067.0068 24765.7738  45.1%  80.4  168s
  7453  4475 19766.6287   77  135 17067.0068 24765.7738  45.1%  80.0  172s
* 8201  4604             153    17088.601976 24765.7738  44.9%  77.1  174s
  8625  4998 22844.4423   61  172 17088.6020 24765.7738  44.9%  76.1  176s
  9636  5659 24437.6469   43  212 17088.6020 24765.7738  44.9%  75.8  181s
 10549  6663 24223.7524   49  203 17088.6020 24765.7738  44.9%  75.7  186s
 11840  7823 19574.5759   83  106 17088.6020 24765.7738  44.9%  75.0  191s
 13200  8777 24612.2234   44  189 17088.6020 24762.2852  44.9%  73.7  197s
 13928  9293 18093.3228   94   89 17088.6020 24762.2852  44.9%  73.8  200s
H14096  9293                    17094.867642 24762.2852  44.9%  74.0  200s
 15063 10527 23587.3097   59  200 17094.8676 24762.2852  44.9%  75.0  206s
H16035 10866                    17169.190547 24762.2852  44.2%  74.4  211s
H16166 10858                    17214.363246 24762.2852  43.8%  74.2  211s
H16368 10840                    17290.129433 24762.2852  43.2%  74.3  211s
 16544 11532 infeasible   88      17290.1294 24762.2852  43.2%  74.1  215s
H17518 12019                    17517.540171 24762.2852  41.4%  73.8  219s
 18407 12901 23681.8760   52  187 17517.5402 24762.2852  41.4%  73.3  224s
 19650 13625 24762.2852   43  219 17517.5402 24762.2852  41.4%  72.1  227s
 20562 14837 22502.1941   69  152 17517.5402 24762.2852  41.4%  72.5  232s
 21977 15793 19027.6609  113   93 17517.5402 24762.2852  41.4%  71.3  237s
 23318 16514 24477.8466   54  215 17517.5402 24762.2852  41.4%  70.5  244s
 24376 17557 22984.8862   57  187 17517.5402 24762.2852  41.4%  71.6  251s
 25874 18837 22658.6993   64  142 17517.5402 24762.2852  41.4%  71.7  257s
 27673 19880 22289.6534   77  145 17517.5402 24762.2852  41.4%  71.4  263s
 29171 20846 19879.0333   69  144 17517.5402 24762.2852  41.4%  71.7  268s
 30380 21975 18459.3769   93   96 17517.5402 24762.2852  41.4%  72.9  274s
 31948 21990 22557.9705   72  149 17517.5402 24762.2852  41.4%  73.2  281s
 31973 23054 22282.7418   73  149 17517.5402 24762.2852  41.4%  73.3  288s
 33202 24472 19328.9341  109   90 17517.5402 24762.2852  41.4%  72.9  296s
 35059 25473 23705.9191   61  186 17517.5402 24762.2852  41.4%  72.6  303s
 36253 27014 18837.5996  110   78 17517.5402 24762.2852  41.4%  71.7  313s
 38445 27033 24762.2852   51  240 17517.5402 24762.2852  41.4%  71.5  327s
 38466 28079 24762.2852   52  235 17517.5402 24762.2852  41.4%  71.5  335s
 39941 29250 24758.2519   55  269 17517.5402 24762.2852  41.4%  72.1  345s
H41091 29246                    17520.869611 24762.2852  41.3%  72.3  345s
 41518 30550 24761.6751   49  228 17520.8696 24762.2852  41.3%  72.2  355s
 43279 31582 23788.3103   58  198 17520.8696 24762.2852  41.3%  73.8  365s
 44997 33293 24234.8307   56  237 17520.8696 24762.2852  41.3%  73.8  377s
 47312 33294 24685.0575   50  484 17520.8696 24762.2852  41.3%  74.1  555s
 47314 33295 24361.0848   58  355 17520.8696 24762.2852  41.3%  74.1  560s
 47318 33298 18006.6569   78  320 17520.8696 24762.2852  41.3%  74.1  566s
 47319 33299 22695.1262   65  266 17520.8696 24762.2852  41.3%  74.1  576s
 47320 33299 22577.4800   61  286 17520.8696 24762.2852  41.3%  74.1  585s
 47321 33300 21406.5132   80  271 17520.8696 24762.2852  41.3%  74.1  590s
 47323 33301 22201.8606   79  286 17520.8696 24762.2852  41.3%  74.1  598s
 47324 33302 24154.4959   61  270 17520.8696 24762.2852  41.3%  74.1  606s
 47329 33305 23875.6942   57  257 17520.8696 24762.2852  41.3%  74.1  614s
 47331 33307 20338.4854   89  286 17520.8696 24762.2852  41.3%  74.1  619s
 47332 33307 22695.3732   72  270 17520.8696 24762.2852  41.3%  74.1  624s
 47334 33309 24107.3635   58  304 17520.8696 24762.2852  41.3%  74.1  629s
 47335 33309 23952.2044   53  282 17520.8696 24762.2852  41.3%  74.1  638s
 47338 33311 24752.0709   54  320 17520.8696 24762.2852  41.3%  74.0  642s
 47339 33312 17924.3714  120  304 17520.8696 24762.2852  41.3%  74.0  647s
 47342 33314 24379.6705   54  344 17520.8696 24762.2852  41.3%  74.0  652s
 47343 33315 23386.8053   58  276 17520.8696 24762.2852  41.3%  74.0  658s
 47347 33317 18882.4074   97  306 17520.8696 24762.2852  41.3%  74.0  662s
 47348 33318 24759.3778   50  272 17520.8696 24762.2852  41.3%  74.0  667s
 47351 33320 22422.8629   79  311 17520.8696 24759.5290  41.3%  74.0  672s
 47352 33321 17926.7270  110  301 17520.8696 24759.1821  41.3%  74.0  678s
 47355 33323 20947.7703   68  337 17520.8696 24758.3815  41.3%  74.0  683s
 47356 33323 18893.8290  147  281 17520.8696 24757.7752  41.3%  74.0  688s
 47360 33326 22592.8273   71  357 17520.8696 24755.4837  41.3%  74.0  694s
 47361 33327 21491.7269   89  262 17520.8696 24753.1781  41.3%  74.0  700s
 47365 33329 24612.2234   43  338 17520.8696 24751.9161  41.3%  74.0  705s
 47366 33330 21335.2494   83  281 17520.8696 24750.9564  41.3%  74.0  710s
 47367 33331 18305.8369  120  341 17520.8696 24750.8028  41.3%  74.0  715s
 47369 33332 18790.7572  102  319 17520.8696 24749.9006  41.3%  74.0  723s
 47370 33333 20691.5332   90  274 17520.8696 24746.6338  41.2%  74.0  726s
 47375 33336 20385.4161   82  331 17520.8696 24737.7735  41.2%  74.0  731s
 47379 33339 22763.4411   59  338 17520.8696 24733.6963  41.2%  74.0  738s
 47380 33339 21292.0181   72  278 17520.8696 24732.8021  41.2%  74.0  742s
 47381 33340 21385.8304   77  333 17520.8696 24732.7789  41.2%  74.0  747s
 47382 33341 20141.7382   65  297 17520.8696 24732.4340  41.2%  74.0  751s
 47383 33341 24173.7921   51  309 17520.8696 24732.3842  41.2%  74.0  755s
 47385 33343 23992.3093   53  323 17520.8696 24731.6909  41.2%  74.0  764s
 47386 33343 19183.9288  108  280 17520.8696 24731.4151  41.2%  74.0  768s
 47387 33344 22746.1543   72  314 17520.8696 24731.4151  41.2%  74.0  772s
 47388 33345 24714.3951   54  261 17520.8696 24731.1833  41.2%  74.0  776s
 47389 33345 20946.0237   91  308 17520.8696 24731.1833  41.2%  74.0  780s
 47391 33347 18661.2391  107  335 17520.8696 24730.8321  41.2%  74.0  787s
 47392 33347 18194.9113  107  315 17520.8696 24730.6675  41.1%  74.0  791s
 47393 33348 22583.8191   68  343 17520.8696 24730.6675  41.1%  74.0  795s
 47394 33349 20302.9427   91  263 17520.8696 24730.6675  41.1%  74.0  800s
 47396 33350 19389.6079  100  289 17520.8696 24730.6675  41.1%  74.0  809s
 47397 33351 20021.0505   97  323 17520.8696 24730.6675  41.1%  74.0  813s
 47398 33351 21696.6441   95  271 17520.8696 24730.6675  41.1%  74.0  817s
 47399 33352 22469.8965   69  331 17520.8696 24730.6675  41.1%  74.0  822s
 47400 33353 22932.2736   56  325 17520.8696 24730.6675  41.1%  74.0  828s
 47401 33353 24730.6675   53  324 17520.8696 24730.6675  41.1%  73.9  830s
 47402 33354 24385.6318   50  324 17520.8696 24730.6675  41.1%  73.9  838s
 47405 33361 24717.3744   46  286 17520.8696 24726.8884  41.1%  78.1  840s
 47473 33422 24526.9819   50  393 17520.8696 24698.0147  41.0%  81.6  849s
 47493 33436 24160.9332   51  340 17520.8696 24698.0147  41.0%  82.1  850s
 47662 33553 24314.1063   54  345 17520.8696 24698.0147  41.0%  85.8  857s
 47689 33564 24285.4205   55  356 17520.8696 24698.0147  41.0%  86.3  880s
H47769 31955                    17567.756244 24698.0147  40.6%  87.0  884s
 47802 32016 24285.4205   56  368 17567.7562 24698.0147  40.6%  87.2  885s
 48030 32124 23846.3404   59  353 17567.7562 24698.0147  40.6%  88.4  890s
 48185 32182 23846.3404   60  332 17567.7562 24698.0147  40.6%  89.1  895s
 48430 32310 23844.3535   62  344 17567.7562 24698.0147  40.6%  90.9  901s
 48541 32321 23800.5599   62  333 17567.7562 24698.0147  40.6%  91.7  905s
 48846 32513 23836.1549   64  387 17567.7562 24698.0147  40.6%  93.5  911s
 49125 32574 23791.9502   65  389 17567.7562 24698.0147  40.6%  94.9  918s
 49176 32699 23818.1500   65  403 17567.7562 24698.0147  40.6%  95.3  920s
 49759 32855 23747.3030   68  326 17567.7562 24698.0147  40.6%  97.8  927s
 49914 32917 23755.1420   69  325 17567.7562 24698.0147  40.6%  99.1  930s
 50260 33113 23742.6868   72  322 17567.7562 24698.0147  40.6%   102  936s
 50479 33109 23531.4690   73  324 17567.7562 24698.0147  40.6%   103  941s
 50572 33422 23714.8968   74  362 17567.7562 24698.0147  40.6%   104  945s
 51494 33730 23365.1975   77  307 17567.7562 24698.0147  40.6%   107  953s
 51883 34066 23364.6610   80  301 17567.7562 24698.0147  40.6%   109  958s
 52470 34296 23034.5843   82  286 17567.7562 24698.0147  40.6%   110  964s
 53114 34577 22961.4422   83  288 17567.7562 24698.0147  40.6%   111  968s
 53748 34713 22929.5487   85  231 17567.7562 24698.0147  40.6%   112  974s
 54347 35098 20342.0289   86  150 17567.7562 24698.0147  40.6%   114  980s
 55189 35367 22125.1911   88  196 17567.7562 24698.0147  40.6%   115  987s
 56008 35605 22114.9322   91  204 17567.7562 24698.0147  40.6%   117 1081s
 56595 35575 22113.8810   93  205 17567.7562 24698.0147  40.6%   118 1091s
 56890 35491 infeasible   95      17567.7562 24698.0147  40.6%   120 1192s
 56915 36061 19205.4973   96  131 17567.7562 24698.0147  40.6%   120 1202s
 57784 36055 21045.3081  100  144 17567.7562 24698.0147  40.6%   123 1212s
 58218 36491 18841.6574  103  106 17567.7562 24694.7141  40.6%   125 1225s
 59211 36514 24694.7141   50  370 17567.7562 24694.7141  40.6%   129 1235s
 59648 37435 24637.8461   53  280 17567.7562 24694.7141  40.6%   131 1249s
 61245 37398 infeasible  117      17567.7562 24694.7141  40.6%   132 1262s
 62014 37726 24676.4639   55  360 17567.7562 24694.7141  40.6%   134 1276s
 62998 37418 24694.7141   52  385 17567.7562 24694.7141  40.6%   137 1443s
H63013 35822                    17628.784397 24694.7141  40.1%   137 1443s
 63018 36523 24689.5492   53  427 17628.7844 24694.7141  40.1%   137 1455s
 64046 36498 24691.9196   53  441 17628.7844 24694.7141  40.1%   139 1472s
 64633 36895     cutoff   81      17628.7844 24694.7141  40.1%   141 1485s
 65558 37109 24694.7141   54  363 17628.7844 24694.7141  40.1%   144 1505s
 66602 37344 23804.8034   60  310 17628.7844 24694.7141  40.1%   149 1529s
 68396 37424 19856.3274   75  238 17628.7844 24694.7141  40.1%   151 1551s
 69366 38016 24682.9343   58  397 17628.7844 24694.7141  40.1%   153 1570s
 70903 39663 24461.3451   62  342 17628.7844 24694.7141  40.1%   156 1611s
 74438 39370 24126.4581   63  363 17628.7844 24694.7141  40.1%   160 1630s
 75838 39650 23898.5710   64  320 17628.7844 24684.9453  40.0%   163 1650s
 77339 39955 24199.5441   59  372 17628.7844 24684.7620  40.0%   164 1669s
 78787 39488 24373.3772   57  312 17628.7844 24683.2878  40.0%   168 1800s

Cutting planes:
  Learned: 23
  Gomory: 391
  Lift-and-project: 1046
  Cover: 120
  MIR: 4693
  StrongCG: 4
  Flow cover: 5009
  Inf proof: 4
  Relax-and-lift: 32

Explored 78811 nodes (13810710 simplex iterations) in 1800.84 seconds (1481.11 work units)
Thread count was 20 (of 20 available processors)

Solution count 10: 17628.8 17567.8 17520.9 ... 17067

Time limit reached
Best objective 1.762878439745e+04, best bound 2.468328778285e+04, gap 40.0170%
