05/04/2026 11:46:15 AM INFO mip_v1 - setup_solver_logging: ================================================================================
05/04/2026 11:46:15 AM INFO mip_v1 - setup_solver_logging: Logging started. Log file: D:\Project_Code\Paper\DP_LBBD_1\DP_lbbd\Algorithm\Results\mip_v1\xlarge\exp_10f_80j_seed5\log\exp_10f_80j_seed5_running.log
05/04/2026 11:46:15 AM INFO mip_v1 - print: BigM calculated: 154.1
05/04/2026 11:46:15 AM INFO mip_v1 - print: Adding variables...
05/04/2026 11:46:15 AM INFO mip_v1 - print: Total variables: 257040
05/04/2026 11:46:15 AM INFO mip_v1 - print: Adding constraints...
05/04/2026 11:46:23 AM INFO mip_v1 - print: Total constraints: 514448
05/04/2026 11:46:23 AM INFO mip_v1 - print: Setting objective function...
05/04/2026 11:46:25 AM INFO mip_v1 - print: 
05/04/2026 11:46:25 AM INFO mip_v1 - print: ✓ Model LP written to: D:\Project_Code\Paper\DP_LBBD_1\DP_lbbd\Algorithm\MIP\production_model.lp
05/04/2026 11:46:25 AM INFO mip_v1 - print: 
05/04/2026 11:46:25 AM INFO mip_v1 - print: ============================================================
05/04/2026 11:46:25 AM INFO mip_v1 - print: Starting optimization...
05/04/2026 11:46:25 AM INFO mip_v1 - print: ============================================================
05/04/2026 11:46:25 AM INFO mip_v1 - print: Gurobi native log file: D:\Project_Code\Paper\DP_LBBD_1\DP_lbbd\Algorithm\Results\mip_v1\xlarge\exp_10f_80j_seed5\log\exp_10f_80j_seed5_gurobi.log
05/04/2026 12:46:25 PM INFO mip_v1 - print: 
05/04/2026 12:46:25 PM INFO mip_v1 - print: ============================================================
05/04/2026 12:46:25 PM INFO mip_v1 - print: SOLUTION SUMMARY
05/04/2026 12:46:25 PM INFO mip_v1 - print: ============================================================
05/04/2026 12:46:25 PM INFO mip_v1 - print: ⚠ Time limit reached, best solution found:
05/04/2026 12:46:25 PM INFO mip_v1 - print: 
05/04/2026 12:46:25 PM INFO mip_v1 - print: Objective Value (Total Profit): 18860.54
05/04/2026 12:46:25 PM INFO mip_v1 - print: MIP Gap: 53.60%
05/04/2026 12:46:25 PM INFO mip_v1 - print: 
05/04/2026 12:46:25 PM INFO mip_v1 - print: 📋 Accepted Orders (52/80): [2, 3, 7, 8, 9, 10, 13, 14, 15, 16, 17, 18, 20, 21, 22, 25, 28, 29, 30, 31, 32, 33, 34, 36, 37, 39, 42, 45, 46, 48, 51, 53, 54, 55, 56, 57, 58, 60, 62, 63, 65, 67, 68, 70, 71, 72, 73, 76, 77, 78, 79, 80]
05/04/2026 12:46:25 PM INFO mip_v1 - print: 
05/04/2026 12:46:25 PM INFO mip_v1 - print: ------------------------------------------------------------
05/04/2026 12:46:25 PM INFO mip_v1 - print: ORDER ALLOCATION DETAILS
05/04/2026 12:46:25 PM INFO mip_v1 - print: ------------------------------------------------------------
05/04/2026 12:46:25 PM INFO mip_v1 - print: 
05/04/2026 12:46:25 PM INFO mip_v1 - print: Order 2 → Factory 9
05/04/2026 12:46:25 PM INFO mip_v1 - print:   Machine 1: completion time = 60.61
05/04/2026 12:46:25 PM INFO mip_v1 - print:   Machine 2: completion time = 67.76
05/04/2026 12:46:25 PM INFO mip_v1 - print:   Machine 3: completion time = 75.00
05/04/2026 12:46:25 PM INFO mip_v1 - print:   Machine 4: completion time = 81.30
05/04/2026 12:46:25 PM INFO mip_v1 - print:   Machine 5: completion time = 87.95
05/04/2026 12:46:25 PM INFO mip_v1 - print:   Delivery: 90.45 (Deadline: 97.40, Delay: 0.00)
05/04/2026 12:46:25 PM INFO mip_v1 - print: 
05/04/2026 12:46:25 PM INFO mip_v1 - print: Order 3 → Factory 8
05/04/2026 12:46:25 PM INFO mip_v1 - print:   Machine 1: completion time = 19.66
05/04/2026 12:46:25 PM INFO mip_v1 - print:   Machine 2: completion time = 26.46
05/04/2026 12:46:25 PM INFO mip_v1 - print:   Machine 3: completion time = 39.96
05/04/2026 12:46:25 PM INFO mip_v1 - print:   Delivery: 46.56 (Deadline: 52.30, Delay: 0.00)
05/04/2026 12:46:25 PM INFO mip_v1 - print: 
05/04/2026 12:46:25 PM INFO mip_v1 - print: Order 7 → Factory 8
05/04/2026 12:46:25 PM INFO mip_v1 - print:   Machine 1: completion time = 10.93
05/04/2026 12:46:25 PM INFO mip_v1 - print:   Machine 2: completion time = 19.20
05/04/2026 12:46:25 PM INFO mip_v1 - print:   Machine 3: completion time = 25.38
05/04/2026 12:46:25 PM INFO mip_v1 - print:   Delivery: 26.48 (Deadline: 53.50, Delay: 0.00)
05/04/2026 12:46:25 PM INFO mip_v1 - print: 
05/04/2026 12:46:25 PM INFO mip_v1 - print: Order 8 → Factory 5
05/04/2026 12:46:25 PM INFO mip_v1 - print:   Machine 1: completion time = 41.12
05/04/2026 12:46:25 PM INFO mip_v1 - print:   Machine 2: completion time = 58.06
05/04/2026 12:46:25 PM INFO mip_v1 - print:   Machine 3: completion time = 72.97
05/04/2026 12:46:25 PM INFO mip_v1 - print:   Delivery: 76.87 (Deadline: 85.00, Delay: 0.00)
05/04/2026 12:46:25 PM INFO mip_v1 - print: 
05/04/2026 12:46:25 PM INFO mip_v1 - print: Order 9 → Factory 8
05/04/2026 12:46:25 PM INFO mip_v1 - print:   Machine 1: completion time = 93.43
05/04/2026 12:46:25 PM INFO mip_v1 - print:   Machine 2: completion time = 108.98
05/04/2026 12:46:25 PM INFO mip_v1 - print:   Machine 3: completion time = 116.38
05/04/2026 12:46:25 PM INFO mip_v1 - print:   Delivery: 121.08 (Deadline: 124.00, Delay: 0.00)
05/04/2026 12:46:25 PM INFO mip_v1 - print: 
05/04/2026 12:46:25 PM INFO mip_v1 - print: Order 10 → Factory 6
05/04/2026 12:46:25 PM INFO mip_v1 - print:   Machine 1: completion time = 46.83
05/04/2026 12:46:25 PM INFO mip_v1 - print:   Machine 2: completion time = 53.71
05/04/2026 12:46:25 PM INFO mip_v1 - print:   Machine 3: completion time = 65.09
05/04/2026 12:46:25 PM INFO mip_v1 - print:   Machine 4: completion time = 89.02
05/04/2026 12:46:25 PM INFO mip_v1 - print:   Delivery: 95.22 (Deadline: 100.90, Delay: 0.00)
05/04/2026 12:46:25 PM INFO mip_v1 - print: 
05/04/2026 12:46:25 PM INFO mip_v1 - print: Order 13 → Factory 6
05/04/2026 12:46:25 PM INFO mip_v1 - print:   Machine 1: completion time = 32.83
05/04/2026 12:46:25 PM INFO mip_v1 - print:   Machine 2: completion time = 45.79
05/04/2026 12:46:25 PM INFO mip_v1 - print:   Machine 3: completion time = 58.17
05/04/2026 12:46:25 PM INFO mip_v1 - print:   Machine 4: completion time = 71.47
05/04/2026 12:46:25 PM INFO mip_v1 - print:   Delivery: 72.57 (Deadline: 88.80, Delay: 0.00)
05/04/2026 12:46:25 PM INFO mip_v1 - print: 
05/04/2026 12:46:25 PM INFO mip_v1 - print: Order 14 → Factory 7
05/04/2026 12:46:25 PM INFO mip_v1 - print:   Machine 1: completion time = 18.91
05/04/2026 12:46:25 PM INFO mip_v1 - print:   Machine 2: completion time = 28.00
05/04/2026 12:46:25 PM INFO mip_v1 - print:   Machine 3: completion time = 36.45
05/04/2026 12:46:25 PM INFO mip_v1 - print:   Delivery: 42.15 (Deadline: 75.60, Delay: 0.00)
05/04/2026 12:46:25 PM INFO mip_v1 - print: 
05/04/2026 12:46:25 PM INFO mip_v1 - print: Order 15 → Factory 10
05/04/2026 12:46:25 PM INFO mip_v1 - print:   Machine 1: completion time = 77.49
05/04/2026 12:46:25 PM INFO mip_v1 - print:   Machine 2: completion time = 88.47
05/04/2026 12:46:25 PM INFO mip_v1 - print:   Machine 3: completion time = 97.97
05/04/2026 12:46:25 PM INFO mip_v1 - print:   Delivery: 101.47 (Deadline: 121.10, Delay: 0.00)
05/04/2026 12:46:25 PM INFO mip_v1 - print: 
05/04/2026 12:46:25 PM INFO mip_v1 - print: Order 16 → Factory 1
05/04/2026 12:46:25 PM INFO mip_v1 - print:   Machine 1: completion time = 65.69
05/04/2026 12:46:25 PM INFO mip_v1 - print:   Machine 2: completion time = 73.85
05/04/2026 12:46:25 PM INFO mip_v1 - print:   Machine 3: completion time = 82.06
05/04/2026 12:46:25 PM INFO mip_v1 - print:   Machine 4: completion time = 90.13
05/04/2026 12:46:25 PM INFO mip_v1 - print:   Machine 5: completion time = 99.33
05/04/2026 12:46:25 PM INFO mip_v1 - print:   Delivery: 99.83 (Deadline: 104.10, Delay: 0.00)
05/04/2026 12:46:25 PM INFO mip_v1 - print: 
05/04/2026 12:46:25 PM INFO mip_v1 - print: Order 17 → Factory 6
05/04/2026 12:46:25 PM INFO mip_v1 - print:   Machine 1: completion time = 85.57
05/04/2026 12:46:25 PM INFO mip_v1 - print:   Machine 2: completion time = 94.01
05/04/2026 12:46:25 PM INFO mip_v1 - print:   Machine 3: completion time = 102.14
05/04/2026 12:46:25 PM INFO mip_v1 - print:   Machine 4: completion time = 110.30
05/04/2026 12:46:25 PM INFO mip_v1 - print:   Delivery: 112.50 (Deadline: 112.50, Delay: 0.00)
05/04/2026 12:46:25 PM INFO mip_v1 - print: 
05/04/2026 12:46:25 PM INFO mip_v1 - print: Order 18 → Factory 5
05/04/2026 12:46:25 PM INFO mip_v1 - print:   Machine 1: completion time = 59.10
05/04/2026 12:46:25 PM INFO mip_v1 - print:   Machine 2: completion time = 77.68
05/04/2026 12:46:25 PM INFO mip_v1 - print:   Machine 3: completion time = 90.40
05/04/2026 12:46:25 PM INFO mip_v1 - print:   Delivery: 95.00 (Deadline: 94.60, Delay: 0.40)
05/04/2026 12:46:25 PM INFO mip_v1 - print: 
05/04/2026 12:46:25 PM INFO mip_v1 - print: Order 20 → Factory 7
05/04/2026 12:46:25 PM INFO mip_v1 - print:   Machine 1: completion time = 60.88
05/04/2026 12:46:25 PM INFO mip_v1 - print:   Machine 2: completion time = 71.39
05/04/2026 12:46:25 PM INFO mip_v1 - print:   Machine 3: completion time = 80.42
05/04/2026 12:46:25 PM INFO mip_v1 - print:   Delivery: 81.32 (Deadline: 94.00, Delay: 0.00)
05/04/2026 12:46:25 PM INFO mip_v1 - print: 
05/04/2026 12:46:25 PM INFO mip_v1 - print: Order 21 → Factory 10
05/04/2026 12:46:25 PM INFO mip_v1 - print:   Machine 1: completion time = 16.36
05/04/2026 12:46:25 PM INFO mip_v1 - print:   Machine 2: completion time = 28.05
05/04/2026 12:46:25 PM INFO mip_v1 - print:   Machine 3: completion time = 39.33
05/04/2026 12:46:25 PM INFO mip_v1 - print:   Delivery: 43.13 (Deadline: 71.80, Delay: 0.00)
05/04/2026 12:46:25 PM INFO mip_v1 - print: 
05/04/2026 12:46:25 PM INFO mip_v1 - print: Order 22 → Factory 7
05/04/2026 12:46:25 PM INFO mip_v1 - print:   Machine 1: completion time = 31.31
05/04/2026 12:46:25 PM INFO mip_v1 - print:   Machine 2: completion time = 42.71
05/04/2026 12:46:25 PM INFO mip_v1 - print:   Machine 3: completion time = 53.96
05/04/2026 12:46:25 PM INFO mip_v1 - print:   Delivery: 56.56 (Deadline: 87.90, Delay: 0.00)
05/04/2026 12:46:25 PM INFO mip_v1 - print: 
05/04/2026 12:46:25 PM INFO mip_v1 - print: Order 25 → Factory 5
05/04/2026 12:46:25 PM INFO mip_v1 - print:   Machine 1: completion time = 72.56
05/04/2026 12:46:25 PM INFO mip_v1 - print:   Machine 2: completion time = 91.87
05/04/2026 12:46:25 PM INFO mip_v1 - print:   Machine 3: completion time = 105.58
05/04/2026 12:46:25 PM INFO mip_v1 - print:   Delivery: 108.18 (Deadline: 113.60, Delay: 0.00)
05/04/2026 12:46:25 PM INFO mip_v1 - print: 
05/04/2026 12:46:25 PM INFO mip_v1 - print: Order 28 → Factory 8
05/04/2026 12:46:25 PM INFO mip_v1 - print:   Machine 1: completion time = 108.98
05/04/2026 12:46:25 PM INFO mip_v1 - print:   Machine 2: completion time = 116.38
05/04/2026 12:46:25 PM INFO mip_v1 - print:   Machine 3: completion time = 122.66
05/04/2026 12:46:25 PM INFO mip_v1 - print:   Delivery: 124.86 (Deadline: 127.00, Delay: 0.00)
05/04/2026 12:46:25 PM INFO mip_v1 - print: 
05/04/2026 12:46:25 PM INFO mip_v1 - print: Order 29 → Factory 10
05/04/2026 12:46:25 PM INFO mip_v1 - print:   Machine 1: completion time = 26.84
05/04/2026 12:46:25 PM INFO mip_v1 - print:   Machine 2: completion time = 38.56
05/04/2026 12:46:25 PM INFO mip_v1 - print:   Machine 3: completion time = 49.67
05/04/2026 12:46:25 PM INFO mip_v1 - print:   Delivery: 55.77 (Deadline: 65.50, Delay: 0.00)
05/04/2026 12:46:25 PM INFO mip_v1 - print: 
05/04/2026 12:46:25 PM INFO mip_v1 - print: Order 30 → Factory 8
05/04/2026 12:46:25 PM INFO mip_v1 - print:   Machine 1: completion time = 40.20
05/04/2026 12:46:25 PM INFO mip_v1 - print:   Machine 2: completion time = 50.87
05/04/2026 12:46:25 PM INFO mip_v1 - print:   Machine 3: completion time = 62.47
05/04/2026 12:46:25 PM INFO mip_v1 - print:   Delivery: 64.47 (Deadline: 65.20, Delay: 0.00)
05/04/2026 12:46:25 PM INFO mip_v1 - print: 
05/04/2026 12:46:25 PM INFO mip_v1 - print: Order 31 → Factory 7
05/04/2026 12:46:25 PM INFO mip_v1 - print:   Machine 1: completion time = 71.39
05/04/2026 12:46:25 PM INFO mip_v1 - print:   Machine 2: completion time = 80.30
05/04/2026 12:46:25 PM INFO mip_v1 - print:   Machine 3: completion time = 88.73
05/04/2026 12:46:25 PM INFO mip_v1 - print:   Delivery: 92.53 (Deadline: 94.20, Delay: 0.00)
05/04/2026 12:46:25 PM INFO mip_v1 - print: 
05/04/2026 12:46:25 PM INFO mip_v1 - print: Order 32 → Factory 8
05/04/2026 12:46:25 PM INFO mip_v1 - print:   Machine 1: completion time = 50.87
05/04/2026 12:46:25 PM INFO mip_v1 - print:   Machine 2: completion time = 62.47
05/04/2026 12:46:25 PM INFO mip_v1 - print:   Machine 3: completion time = 71.66
05/04/2026 12:46:25 PM INFO mip_v1 - print:   Delivery: 76.66 (Deadline: 97.20, Delay: 0.00)
05/04/2026 12:46:25 PM INFO mip_v1 - print: 
05/04/2026 12:46:25 PM INFO mip_v1 - print: Order 33 → Factory 10
05/04/2026 12:46:25 PM INFO mip_v1 - print:   Machine 1: completion time = 36.30
05/04/2026 12:46:25 PM INFO mip_v1 - print:   Machine 2: completion time = 47.37
05/04/2026 12:46:25 PM INFO mip_v1 - print:   Machine 3: completion time = 59.57
05/04/2026 12:46:25 PM INFO mip_v1 - print:   Delivery: 64.77 (Deadline: 94.20, Delay: 0.00)
05/04/2026 12:46:25 PM INFO mip_v1 - print: 
05/04/2026 12:46:25 PM INFO mip_v1 - print: Order 34 → Factory 10
05/04/2026 12:46:25 PM INFO mip_v1 - print:   Machine 1: completion time = 68.91
05/04/2026 12:46:25 PM INFO mip_v1 - print:   Machine 2: completion time = 79.94
05/04/2026 12:46:25 PM INFO mip_v1 - print:   Machine 3: completion time = 89.72
05/04/2026 12:46:25 PM INFO mip_v1 - print:   Delivery: 96.52 (Deadline: 117.10, Delay: 0.00)
05/04/2026 12:46:25 PM INFO mip_v1 - print: 
05/04/2026 12:46:25 PM INFO mip_v1 - print: Order 36 → Factory 10
05/04/2026 12:46:25 PM INFO mip_v1 - print:   Machine 1: completion time = 85.93
05/04/2026 12:46:25 PM INFO mip_v1 - print:   Machine 2: completion time = 96.97
05/04/2026 12:46:25 PM INFO mip_v1 - print:   Machine 3: completion time = 106.12
05/04/2026 12:46:25 PM INFO mip_v1 - print:   Delivery: 111.12 (Deadline: 119.70, Delay: 0.00)
05/04/2026 12:46:25 PM INFO mip_v1 - print: 
05/04/2026 12:46:25 PM INFO mip_v1 - print: Order 37 → Factory 9
05/04/2026 12:46:25 PM INFO mip_v1 - print:   Machine 1: completion time = 34.29
05/04/2026 12:46:25 PM INFO mip_v1 - print:   Machine 2: completion time = 44.28
05/04/2026 12:46:25 PM INFO mip_v1 - print:   Machine 3: completion time = 62.11
05/04/2026 12:46:25 PM INFO mip_v1 - print:   Machine 4: completion time = 71.35
05/04/2026 12:46:25 PM INFO mip_v1 - print:   Machine 5: completion time = 81.10
05/04/2026 12:46:25 PM INFO mip_v1 - print:   Delivery: 84.50 (Deadline: 84.50, Delay: 0.00)
05/04/2026 12:46:25 PM INFO mip_v1 - print: 
05/04/2026 12:46:25 PM INFO mip_v1 - print: Order 39 → Factory 7
05/04/2026 12:46:25 PM INFO mip_v1 - print:   Machine 1: completion time = 96.87
05/04/2026 12:46:25 PM INFO mip_v1 - print:   Machine 2: completion time = 107.27
05/04/2026 12:46:25 PM INFO mip_v1 - print:   Machine 3: completion time = 127.18
05/04/2026 12:46:25 PM INFO mip_v1 - print:   Delivery: 129.18 (Deadline: 131.10, Delay: 0.00)
05/04/2026 12:46:25 PM INFO mip_v1 - print: 
05/04/2026 12:46:25 PM INFO mip_v1 - print: Order 42 → Factory 7
05/04/2026 12:46:25 PM INFO mip_v1 - print:   Machine 1: completion time = 42.70
05/04/2026 12:46:25 PM INFO mip_v1 - print:   Machine 2: completion time = 53.88
05/04/2026 12:46:25 PM INFO mip_v1 - print:   Machine 3: completion time = 64.74
05/04/2026 12:46:25 PM INFO mip_v1 - print:   Delivery: 65.64 (Deadline: 82.50, Delay: 0.00)
05/04/2026 12:46:25 PM INFO mip_v1 - print: 
05/04/2026 12:46:25 PM INFO mip_v1 - print: Order 45 → Factory 8
05/04/2026 12:46:25 PM INFO mip_v1 - print:   Machine 1: completion time = 65.47
05/04/2026 12:46:25 PM INFO mip_v1 - print:   Machine 2: completion time = 77.93
05/04/2026 12:46:25 PM INFO mip_v1 - print:   Machine 3: completion time = 84.63
05/04/2026 12:46:25 PM INFO mip_v1 - print:   Delivery: 89.33 (Deadline: 103.10, Delay: 0.00)
05/04/2026 12:46:25 PM INFO mip_v1 - print: 
05/04/2026 12:46:25 PM INFO mip_v1 - print: Order 46 → Factory 7
05/04/2026 12:46:25 PM INFO mip_v1 - print:   Machine 1: completion time = 103.60
05/04/2026 12:46:25 PM INFO mip_v1 - print:   Machine 2: completion time = 113.87
05/04/2026 12:46:25 PM INFO mip_v1 - print:   Machine 3: completion time = 120.08
05/04/2026 12:46:25 PM INFO mip_v1 - print:   Delivery: 121.88 (Deadline: 122.20, Delay: 0.00)
05/04/2026 12:46:25 PM INFO mip_v1 - print: 
05/04/2026 12:46:25 PM INFO mip_v1 - print: Order 48 → Factory 10
05/04/2026 12:46:25 PM INFO mip_v1 - print:   Machine 1: completion time = 61.78
05/04/2026 12:46:25 PM INFO mip_v1 - print:   Machine 2: completion time = 73.44
05/04/2026 12:46:25 PM INFO mip_v1 - print:   Machine 3: completion time = 83.81
05/04/2026 12:46:25 PM INFO mip_v1 - print:   Delivery: 89.61 (Deadline: 94.40, Delay: 0.00)
05/04/2026 12:46:25 PM INFO mip_v1 - print: 
05/04/2026 12:46:25 PM INFO mip_v1 - print: Order 51 → Factory 10
05/04/2026 12:46:25 PM INFO mip_v1 - print:   Machine 1: completion time = 47.63
05/04/2026 12:46:25 PM INFO mip_v1 - print:   Machine 2: completion time = 59.57
05/04/2026 12:46:25 PM INFO mip_v1 - print:   Machine 3: completion time = 71.00
05/04/2026 12:46:25 PM INFO mip_v1 - print:   Delivery: 73.10 (Deadline: 80.80, Delay: 0.00)
05/04/2026 12:46:25 PM INFO mip_v1 - print: 
05/04/2026 12:46:25 PM INFO mip_v1 - print: Order 53 → Factory 9
05/04/2026 12:46:25 PM INFO mip_v1 - print:   Machine 1: completion time = 23.69
05/04/2026 12:46:25 PM INFO mip_v1 - print:   Machine 2: completion time = 32.09
05/04/2026 12:46:25 PM INFO mip_v1 - print:   Machine 3: completion time = 40.41
05/04/2026 12:46:25 PM INFO mip_v1 - print:   Machine 4: completion time = 52.74
05/04/2026 12:46:25 PM INFO mip_v1 - print:   Machine 5: completion time = 61.00
05/04/2026 12:46:25 PM INFO mip_v1 - print:   Delivery: 62.80 (Deadline: 62.80, Delay: 0.00)
05/04/2026 12:46:25 PM INFO mip_v1 - print: 
05/04/2026 12:46:25 PM INFO mip_v1 - print: Order 54 → Factory 5
05/04/2026 12:46:25 PM INFO mip_v1 - print:   Machine 1: completion time = 113.56
05/04/2026 12:46:25 PM INFO mip_v1 - print:   Machine 2: completion time = 123.84
05/04/2026 12:46:25 PM INFO mip_v1 - print:   Machine 3: completion time = 133.30
05/04/2026 12:46:25 PM INFO mip_v1 - print:   Delivery: 137.10 (Deadline: 137.10, Delay: 0.00)
05/04/2026 12:46:25 PM INFO mip_v1 - print: 
05/04/2026 12:46:25 PM INFO mip_v1 - print: Order 55 → Factory 10
05/04/2026 12:46:25 PM INFO mip_v1 - print:   Machine 1: completion time = 111.97
05/04/2026 12:46:25 PM INFO mip_v1 - print:   Machine 2: completion time = 127.34
05/04/2026 12:46:25 PM INFO mip_v1 - print:   Machine 3: completion time = 135.70
05/04/2026 12:46:25 PM INFO mip_v1 - print:   Delivery: 137.50 (Deadline: 137.50, Delay: 0.00)
05/04/2026 12:46:25 PM INFO mip_v1 - print: 
05/04/2026 12:46:25 PM INFO mip_v1 - print: Order 56 → Factory 6
05/04/2026 12:46:25 PM INFO mip_v1 - print:   Machine 1: completion time = 54.92
05/04/2026 12:46:25 PM INFO mip_v1 - print:   Machine 2: completion time = 62.99
05/04/2026 12:46:25 PM INFO mip_v1 - print:   Machine 3: completion time = 72.80
05/04/2026 12:46:25 PM INFO mip_v1 - print:   Machine 4: completion time = 81.37
05/04/2026 12:46:25 PM INFO mip_v1 - print:   Delivery: 85.07 (Deadline: 89.90, Delay: 0.00)
05/04/2026 12:46:25 PM INFO mip_v1 - print: 
05/04/2026 12:46:25 PM INFO mip_v1 - print: Order 57 → Factory 5
05/04/2026 12:46:25 PM INFO mip_v1 - print:   Machine 1: completion time = 85.56
05/04/2026 12:46:25 PM INFO mip_v1 - print:   Machine 2: completion time = 105.58
05/04/2026 12:46:25 PM INFO mip_v1 - print:   Machine 3: completion time = 118.01
05/04/2026 12:46:25 PM INFO mip_v1 - print:   Delivery: 121.11 (Deadline: 118.00, Delay: 3.11)
05/04/2026 12:46:25 PM INFO mip_v1 - print: 
05/04/2026 12:46:25 PM INFO mip_v1 - print: Order 58 → Factory 8
05/04/2026 12:46:25 PM INFO mip_v1 - print:   Machine 1: completion time = 77.53
05/04/2026 12:46:25 PM INFO mip_v1 - print:   Machine 2: completion time = 91.26
05/04/2026 12:46:25 PM INFO mip_v1 - print:   Machine 3: completion time = 102.08
05/04/2026 12:46:25 PM INFO mip_v1 - print:   Delivery: 108.78 (Deadline: 119.50, Delay: 0.00)
05/04/2026 12:46:25 PM INFO mip_v1 - print: 
05/04/2026 12:46:25 PM INFO mip_v1 - print: Order 60 → Factory 7
05/04/2026 12:46:25 PM INFO mip_v1 - print:   Machine 1: completion time = 88.85
05/04/2026 12:46:25 PM INFO mip_v1 - print:   Machine 2: completion time = 99.12
05/04/2026 12:46:25 PM INFO mip_v1 - print:   Machine 3: completion time = 111.10
05/04/2026 12:46:25 PM INFO mip_v1 - print:   Delivery: 111.60 (Deadline: 111.60, Delay: 0.00)
05/04/2026 12:46:25 PM INFO mip_v1 - print: 
05/04/2026 12:46:25 PM INFO mip_v1 - print: Order 62 → Factory 9
05/04/2026 12:46:25 PM INFO mip_v1 - print:   Machine 1: completion time = 68.94
05/04/2026 12:46:25 PM INFO mip_v1 - print:   Machine 2: completion time = 77.36
05/04/2026 12:46:25 PM INFO mip_v1 - print:   Machine 3: completion time = 99.04
05/04/2026 12:46:25 PM INFO mip_v1 - print:   Machine 4: completion time = 106.76
05/04/2026 12:46:25 PM INFO mip_v1 - print:   Machine 5: completion time = 114.85
05/04/2026 12:46:25 PM INFO mip_v1 - print:   Delivery: 116.65 (Deadline: 120.00, Delay: 0.00)
05/04/2026 12:46:25 PM INFO mip_v1 - print: 
05/04/2026 12:46:25 PM INFO mip_v1 - print: Order 63 → Factory 7
05/04/2026 12:46:25 PM INFO mip_v1 - print:   Machine 1: completion time = 53.97
05/04/2026 12:46:25 PM INFO mip_v1 - print:   Machine 2: completion time = 64.71
05/04/2026 12:46:25 PM INFO mip_v1 - print:   Machine 3: completion time = 74.13
05/04/2026 12:46:25 PM INFO mip_v1 - print:   Delivery: 75.83 (Deadline: 95.80, Delay: 0.00)
05/04/2026 12:46:25 PM INFO mip_v1 - print: 
05/04/2026 12:46:25 PM INFO mip_v1 - print: Order 65 → Factory 8
05/04/2026 12:46:25 PM INFO mip_v1 - print:   Machine 1: completion time = 57.71
05/04/2026 12:46:25 PM INFO mip_v1 - print:   Machine 2: completion time = 69.94
05/04/2026 12:46:25 PM INFO mip_v1 - print:   Machine 3: completion time = 77.77
05/04/2026 12:46:25 PM INFO mip_v1 - print:   Delivery: 83.97 (Deadline: 98.60, Delay: 0.00)
05/04/2026 12:46:25 PM INFO mip_v1 - print: 
05/04/2026 12:46:25 PM INFO mip_v1 - print: Order 67 → Factory 5
05/04/2026 12:46:25 PM INFO mip_v1 - print:   Machine 1: completion time = 20.23
05/04/2026 12:46:25 PM INFO mip_v1 - print:   Machine 2: completion time = 36.68
05/04/2026 12:46:25 PM INFO mip_v1 - print:   Machine 3: completion time = 46.89
05/04/2026 12:46:25 PM INFO mip_v1 - print:   Delivery: 49.49 (Deadline: 54.60, Delay: 0.00)
05/04/2026 12:46:25 PM INFO mip_v1 - print: 
05/04/2026 12:46:25 PM INFO mip_v1 - print: Order 68 → Factory 10
05/04/2026 12:46:25 PM INFO mip_v1 - print:   Machine 1: completion time = 103.37
05/04/2026 12:46:25 PM INFO mip_v1 - print:   Machine 2: completion time = 114.32
05/04/2026 12:46:25 PM INFO mip_v1 - print:   Machine 3: completion time = 127.30
05/04/2026 12:46:25 PM INFO mip_v1 - print:   Delivery: 131.00 (Deadline: 131.00, Delay: 0.00)
05/04/2026 12:46:25 PM INFO mip_v1 - print: 
05/04/2026 12:46:25 PM INFO mip_v1 - print: Order 70 → Factory 6
05/04/2026 12:46:25 PM INFO mip_v1 - print:   Machine 1: completion time = 21.20
05/04/2026 12:46:25 PM INFO mip_v1 - print:   Machine 2: completion time = 31.18
05/04/2026 12:46:25 PM INFO mip_v1 - print:   Machine 3: completion time = 40.79
05/04/2026 12:46:25 PM INFO mip_v1 - print:   Machine 4: completion time = 58.17
05/04/2026 12:46:25 PM INFO mip_v1 - print:   Delivery: 61.17 (Deadline: 64.50, Delay: 0.00)
05/04/2026 12:46:25 PM INFO mip_v1 - print: 
05/04/2026 12:46:25 PM INFO mip_v1 - print: Order 71 → Factory 5
05/04/2026 12:46:25 PM INFO mip_v1 - print:   Machine 1: completion time = 50.30
05/04/2026 12:46:25 PM INFO mip_v1 - print:   Machine 2: completion time = 68.26
05/04/2026 12:46:25 PM INFO mip_v1 - print:   Machine 3: completion time = 81.88
05/04/2026 12:46:25 PM INFO mip_v1 - print:   Delivery: 84.38 (Deadline: 83.40, Delay: 0.98)
05/04/2026 12:46:25 PM INFO mip_v1 - print: 
05/04/2026 12:46:25 PM INFO mip_v1 - print: Order 72 → Factory 7
05/04/2026 12:46:25 PM INFO mip_v1 - print:   Machine 1: completion time = 79.96
05/04/2026 12:46:25 PM INFO mip_v1 - print:   Machine 2: completion time = 88.73
05/04/2026 12:46:25 PM INFO mip_v1 - print:   Machine 3: completion time = 96.70
05/04/2026 12:46:25 PM INFO mip_v1 - print:   Delivery: 97.80 (Deadline: 97.80, Delay: 0.00)
05/04/2026 12:46:25 PM INFO mip_v1 - print: 
05/04/2026 12:46:25 PM INFO mip_v1 - print: Order 73 → Factory 8
05/04/2026 12:46:25 PM INFO mip_v1 - print:   Machine 1: completion time = 86.93
05/04/2026 12:46:25 PM INFO mip_v1 - print:   Machine 2: completion time = 102.03
05/04/2026 12:46:25 PM INFO mip_v1 - print:   Machine 3: completion time = 110.11
05/04/2026 12:46:25 PM INFO mip_v1 - print:   Delivery: 113.61 (Deadline: 114.80, Delay: 0.00)
05/04/2026 12:46:25 PM INFO mip_v1 - print: 
05/04/2026 12:46:25 PM INFO mip_v1 - print: Order 76 → Factory 10
05/04/2026 12:46:25 PM INFO mip_v1 - print:   Machine 1: completion time = 94.40
05/04/2026 12:46:25 PM INFO mip_v1 - print:   Machine 2: completion time = 105.81
05/04/2026 12:46:25 PM INFO mip_v1 - print:   Machine 3: completion time = 118.30
05/04/2026 12:46:25 PM INFO mip_v1 - print:   Delivery: 122.80 (Deadline: 123.70, Delay: 0.00)
05/04/2026 12:46:25 PM INFO mip_v1 - print: 
05/04/2026 12:46:25 PM INFO mip_v1 - print: Order 77 → Factory 4
05/04/2026 12:46:25 PM INFO mip_v1 - print:   Machine 1: completion time = 36.98
05/04/2026 12:46:25 PM INFO mip_v1 - print:   Machine 2: completion time = 45.24
05/04/2026 12:46:25 PM INFO mip_v1 - print:   Machine 3: completion time = 53.74
05/04/2026 12:46:25 PM INFO mip_v1 - print:   Machine 4: completion time = 63.45
05/04/2026 12:46:25 PM INFO mip_v1 - print:   Machine 5: completion time = 71.87
05/04/2026 12:46:25 PM INFO mip_v1 - print:   Delivery: 74.77 (Deadline: 77.60, Delay: 0.00)
05/04/2026 12:46:25 PM INFO mip_v1 - print: 
05/04/2026 12:46:25 PM INFO mip_v1 - print: Order 78 → Factory 6
05/04/2026 12:46:25 PM INFO mip_v1 - print:   Machine 1: completion time = 60.06
05/04/2026 12:46:25 PM INFO mip_v1 - print:   Machine 2: completion time = 68.00
05/04/2026 12:46:25 PM INFO mip_v1 - print:   Machine 3: completion time = 77.60
05/04/2026 12:46:25 PM INFO mip_v1 - print:   Machine 4: completion time = 94.20
05/04/2026 12:46:25 PM INFO mip_v1 - print:   Delivery: 96.80 (Deadline: 97.20, Delay: 0.00)
05/04/2026 12:46:25 PM INFO mip_v1 - print: 
05/04/2026 12:46:25 PM INFO mip_v1 - print: Order 79 → Factory 10
05/04/2026 12:46:25 PM INFO mip_v1 - print:   Machine 1: completion time = 55.82
05/04/2026 12:46:25 PM INFO mip_v1 - print:   Machine 2: completion time = 67.73
05/04/2026 12:46:25 PM INFO mip_v1 - print:   Machine 3: completion time = 78.45
05/04/2026 12:46:25 PM INFO mip_v1 - print:   Delivery: 84.55 (Deadline: 88.50, Delay: 0.00)
05/04/2026 12:46:25 PM INFO mip_v1 - print: 
05/04/2026 12:46:25 PM INFO mip_v1 - print: Order 80 → Factory 8
05/04/2026 12:46:25 PM INFO mip_v1 - print:   Machine 1: completion time = 29.23
05/04/2026 12:46:25 PM INFO mip_v1 - print:   Machine 2: completion time = 39.96
05/04/2026 12:46:25 PM INFO mip_v1 - print:   Machine 3: completion time = 48.64
05/04/2026 12:46:25 PM INFO mip_v1 - print:   Delivery: 52.14 (Deadline: 52.20, Delay: 0.00)
05/04/2026 12:46:25 PM INFO mip_v1 - print: 
05/04/2026 12:46:25 PM INFO mip_v1 - print: ------------------------------------------------------------
05/04/2026 12:46:25 PM INFO mip_v1 - print: COST BREAKDOWN
05/04/2026 12:46:25 PM INFO mip_v1 - print: ------------------------------------------------------------
05/04/2026 12:46:25 PM INFO mip_v1 - print: Total Revenue:          +    49992.00
05/04/2026 12:46:25 PM INFO mip_v1 - print: Production Cost:        -    20509.73
05/04/2026 12:46:25 PM INFO mip_v1 - print: Transport Cost:         -    10306.30
05/04/2026 12:46:25 PM INFO mip_v1 - print: Delay Penalty:          -      315.43
05/04/2026 12:46:25 PM INFO mip_v1 - print: ------------------------------------------------------------
05/04/2026 12:46:25 PM INFO mip_v1 - print: Total Profit:           =    18860.54
