05/04/2026 07:43:40 AM INFO mip_v1 - setup_solver_logging: ================================================================================
05/04/2026 07:43:40 AM INFO mip_v1 - setup_solver_logging: Logging started. Log file: D:\Project_Code\Paper\DP_LBBD_1\DP_lbbd\Algorithm\Results\mip_v1\xlarge\exp_10f_80j_seed1\log\exp_10f_80j_seed1_running.log
05/04/2026 07:43:40 AM INFO mip_v1 - print: BigM calculated: 162.6
05/04/2026 07:43:40 AM INFO mip_v1 - print: Adding variables...
05/04/2026 07:43:40 AM INFO mip_v1 - print: Total variables: 225040
05/04/2026 07:43:40 AM INFO mip_v1 - print: Adding constraints...
05/04/2026 07:43:47 AM INFO mip_v1 - print: Total constraints: 450452
05/04/2026 07:43:47 AM INFO mip_v1 - print: Setting objective function...
05/04/2026 07:43:48 AM INFO mip_v1 - print: 
05/04/2026 07:43:48 AM INFO mip_v1 - print: ✓ Model LP written to: D:\Project_Code\Paper\DP_LBBD_1\DP_lbbd\Algorithm\MIP\production_model.lp
05/04/2026 07:43:48 AM INFO mip_v1 - print: 
05/04/2026 07:43:48 AM INFO mip_v1 - print: ============================================================
05/04/2026 07:43:48 AM INFO mip_v1 - print: Starting optimization...
05/04/2026 07:43:48 AM INFO mip_v1 - print: ============================================================
05/04/2026 07:43:48 AM INFO mip_v1 - print: Gurobi native log file: D:\Project_Code\Paper\DP_LBBD_1\DP_lbbd\Algorithm\Results\mip_v1\xlarge\exp_10f_80j_seed1\log\exp_10f_80j_seed1_gurobi.log
05/04/2026 08:44:06 AM INFO mip_v1 - print: 
05/04/2026 08:44:06 AM INFO mip_v1 - print: ============================================================
05/04/2026 08:44:06 AM INFO mip_v1 - print: SOLUTION SUMMARY
05/04/2026 08:44:06 AM INFO mip_v1 - print: ============================================================
05/04/2026 08:44:06 AM INFO mip_v1 - print: ⚠ Time limit reached, best solution found:
05/04/2026 08:44:06 AM INFO mip_v1 - print: 
05/04/2026 08:44:06 AM INFO mip_v1 - print: Objective Value (Total Profit): 27661.24
05/04/2026 08:44:06 AM INFO mip_v1 - print: MIP Gap: 28.87%
05/04/2026 08:44:06 AM INFO mip_v1 - print: 
05/04/2026 08:44:06 AM INFO mip_v1 - print: 📋 Accepted Orders (62/80): [2, 4, 6, 7, 9, 10, 11, 13, 14, 15, 16, 19, 20, 22, 23, 24, 26, 27, 28, 29, 30, 31, 32, 33, 34, 35, 36, 37, 40, 41, 42, 43, 45, 46, 47, 48, 49, 50, 52, 53, 54, 55, 56, 57, 58, 59, 60, 61, 63, 66, 68, 69, 70, 71, 72, 73, 74, 75, 76, 77, 79, 80]
05/04/2026 08:44:06 AM INFO mip_v1 - print: 
05/04/2026 08:44:06 AM INFO mip_v1 - print: ------------------------------------------------------------
05/04/2026 08:44:06 AM INFO mip_v1 - print: ORDER ALLOCATION DETAILS
05/04/2026 08:44:06 AM INFO mip_v1 - print: ------------------------------------------------------------
05/04/2026 08:44:06 AM INFO mip_v1 - print: 
05/04/2026 08:44:06 AM INFO mip_v1 - print: Order 2 → Factory 2
05/04/2026 08:44:06 AM INFO mip_v1 - print:   Machine 1: completion time = 13.86
05/04/2026 08:44:06 AM INFO mip_v1 - print:   Machine 2: completion time = 21.54
05/04/2026 08:44:06 AM INFO mip_v1 - print:   Machine 3: completion time = 29.15
05/04/2026 08:44:06 AM INFO mip_v1 - print:   Delivery: 34.45 (Deadline: 65.10, Delay: 0.00)
05/04/2026 08:44:06 AM INFO mip_v1 - print: 
05/04/2026 08:44:06 AM INFO mip_v1 - print: Order 4 → Factory 5
05/04/2026 08:44:06 AM INFO mip_v1 - print:   Machine 1: completion time = 43.53
05/04/2026 08:44:06 AM INFO mip_v1 - print:   Machine 2: completion time = 52.17
05/04/2026 08:44:06 AM INFO mip_v1 - print:   Machine 3: completion time = 61.11
05/04/2026 08:44:06 AM INFO mip_v1 - print:   Machine 4: completion time = 70.20
05/04/2026 08:44:06 AM INFO mip_v1 - print:   Delivery: 71.90 (Deadline: 83.60, Delay: 0.00)
05/04/2026 08:44:06 AM INFO mip_v1 - print: 
05/04/2026 08:44:06 AM INFO mip_v1 - print: Order 6 → Factory 1
05/04/2026 08:44:06 AM INFO mip_v1 - print:   Machine 1: completion time = 61.04
05/04/2026 08:44:06 AM INFO mip_v1 - print:   Machine 2: completion time = 71.28
05/04/2026 08:44:06 AM INFO mip_v1 - print:   Machine 3: completion time = 90.60
05/04/2026 08:44:06 AM INFO mip_v1 - print:   Machine 4: completion time = 101.34
05/04/2026 08:44:06 AM INFO mip_v1 - print:   Delivery: 102.44 (Deadline: 105.90, Delay: 0.00)
05/04/2026 08:44:06 AM INFO mip_v1 - print: 
05/04/2026 08:44:06 AM INFO mip_v1 - print: Order 7 → Factory 10
05/04/2026 08:44:06 AM INFO mip_v1 - print:   Machine 1: completion time = 84.11
05/04/2026 08:44:06 AM INFO mip_v1 - print:   Machine 2: completion time = 90.54
05/04/2026 08:44:06 AM INFO mip_v1 - print:   Machine 3: completion time = 116.96
05/04/2026 08:44:06 AM INFO mip_v1 - print:   Machine 4: completion time = 125.50
05/04/2026 08:44:06 AM INFO mip_v1 - print:   Delivery: 127.30 (Deadline: 127.30, Delay: 0.00)
05/04/2026 08:44:06 AM INFO mip_v1 - print: 
05/04/2026 08:44:06 AM INFO mip_v1 - print: Order 9 → Factory 2
05/04/2026 08:44:06 AM INFO mip_v1 - print:   Machine 1: completion time = 106.69
05/04/2026 08:44:06 AM INFO mip_v1 - print:   Machine 2: completion time = 121.93
05/04/2026 08:44:06 AM INFO mip_v1 - print:   Machine 3: completion time = 136.70
05/04/2026 08:44:06 AM INFO mip_v1 - print:   Delivery: 139.40 (Deadline: 139.40, Delay: 0.00)
05/04/2026 08:44:06 AM INFO mip_v1 - print: 
05/04/2026 08:44:06 AM INFO mip_v1 - print: Order 10 → Factory 5
05/04/2026 08:44:06 AM INFO mip_v1 - print:   Machine 1: completion time = 28.20
05/04/2026 08:44:06 AM INFO mip_v1 - print:   Machine 2: completion time = 35.66
05/04/2026 08:44:06 AM INFO mip_v1 - print:   Machine 3: completion time = 44.14
05/04/2026 08:44:06 AM INFO mip_v1 - print:   Machine 4: completion time = 52.87
05/04/2026 08:44:06 AM INFO mip_v1 - print:   Delivery: 53.97 (Deadline: 70.80, Delay: 0.00)
05/04/2026 08:44:06 AM INFO mip_v1 - print: 
05/04/2026 08:44:06 AM INFO mip_v1 - print: Order 11 → Factory 1
05/04/2026 08:44:06 AM INFO mip_v1 - print:   Machine 1: completion time = 67.34
05/04/2026 08:44:06 AM INFO mip_v1 - print:   Machine 2: completion time = 77.63
05/04/2026 08:44:06 AM INFO mip_v1 - print:   Machine 3: completion time = 83.73
05/04/2026 08:44:06 AM INFO mip_v1 - print:   Machine 4: completion time = 91.90
05/04/2026 08:44:06 AM INFO mip_v1 - print:   Delivery: 95.10 (Deadline: 95.10, Delay: 0.00)
05/04/2026 08:44:06 AM INFO mip_v1 - print: 
05/04/2026 08:44:06 AM INFO mip_v1 - print: Order 13 → Factory 1
05/04/2026 08:44:06 AM INFO mip_v1 - print:   Machine 1: completion time = 86.34
05/04/2026 08:44:06 AM INFO mip_v1 - print:   Machine 2: completion time = 97.68
05/04/2026 08:44:06 AM INFO mip_v1 - print:   Machine 3: completion time = 117.17
05/04/2026 08:44:06 AM INFO mip_v1 - print:   Machine 4: completion time = 129.69
05/04/2026 08:44:06 AM INFO mip_v1 - print:   Delivery: 133.79 (Deadline: 134.50, Delay: 0.00)
05/04/2026 08:44:06 AM INFO mip_v1 - print: 
05/04/2026 08:44:06 AM INFO mip_v1 - print: Order 14 → Factory 6
05/04/2026 08:44:06 AM INFO mip_v1 - print:   Machine 1: completion time = 75.80
05/04/2026 08:44:06 AM INFO mip_v1 - print:   Machine 2: completion time = 87.79
05/04/2026 08:44:06 AM INFO mip_v1 - print:   Machine 3: completion time = 101.53
05/04/2026 08:44:06 AM INFO mip_v1 - print:   Delivery: 106.53 (Deadline: 118.20, Delay: 0.00)
05/04/2026 08:44:06 AM INFO mip_v1 - print: 
05/04/2026 08:44:06 AM INFO mip_v1 - print: Order 15 → Factory 6
05/04/2026 08:44:06 AM INFO mip_v1 - print:   Machine 1: completion time = 102.90
05/04/2026 08:44:06 AM INFO mip_v1 - print:   Machine 2: completion time = 114.73
05/04/2026 08:44:06 AM INFO mip_v1 - print:   Machine 3: completion time = 127.50
05/04/2026 08:44:06 AM INFO mip_v1 - print:   Delivery: 131.20 (Deadline: 131.20, Delay: 0.00)
05/04/2026 08:44:06 AM INFO mip_v1 - print: 
05/04/2026 08:44:06 AM INFO mip_v1 - print: Order 16 → Factory 5
05/04/2026 08:44:06 AM INFO mip_v1 - print:   Machine 1: completion time = 51.73
05/04/2026 08:44:06 AM INFO mip_v1 - print:   Machine 2: completion time = 60.14
05/04/2026 08:44:06 AM INFO mip_v1 - print:   Machine 3: completion time = 67.79
05/04/2026 08:44:06 AM INFO mip_v1 - print:   Machine 4: completion time = 77.07
05/04/2026 08:44:06 AM INFO mip_v1 - print:   Delivery: 80.07 (Deadline: 87.50, Delay: 0.00)
05/04/2026 08:44:06 AM INFO mip_v1 - print: 
05/04/2026 08:44:06 AM INFO mip_v1 - print: Order 19 → Factory 7
05/04/2026 08:44:06 AM INFO mip_v1 - print:   Machine 1: completion time = 24.88
05/04/2026 08:44:06 AM INFO mip_v1 - print:   Machine 2: completion time = 36.88
05/04/2026 08:44:06 AM INFO mip_v1 - print:   Machine 3: completion time = 48.38
05/04/2026 08:44:06 AM INFO mip_v1 - print:   Delivery: 51.68 (Deadline: 73.80, Delay: 0.00)
05/04/2026 08:44:06 AM INFO mip_v1 - print: 
05/04/2026 08:44:06 AM INFO mip_v1 - print: Order 20 → Factory 6
05/04/2026 08:44:06 AM INFO mip_v1 - print:   Machine 1: completion time = 17.01
05/04/2026 08:44:06 AM INFO mip_v1 - print:   Machine 2: completion time = 30.86
05/04/2026 08:44:06 AM INFO mip_v1 - print:   Machine 3: completion time = 45.34
05/04/2026 08:44:06 AM INFO mip_v1 - print:   Delivery: 51.84 (Deadline: 59.20, Delay: 0.00)
05/04/2026 08:44:06 AM INFO mip_v1 - print: 
05/04/2026 08:44:06 AM INFO mip_v1 - print: Order 22 → Factory 6
05/04/2026 08:44:06 AM INFO mip_v1 - print:   Machine 1: completion time = 64.52
05/04/2026 08:44:06 AM INFO mip_v1 - print:   Machine 2: completion time = 74.48
05/04/2026 08:44:06 AM INFO mip_v1 - print:   Machine 3: completion time = 89.08
05/04/2026 08:44:06 AM INFO mip_v1 - print:   Delivery: 92.78 (Deadline: 95.40, Delay: 0.00)
05/04/2026 08:44:06 AM INFO mip_v1 - print: 
05/04/2026 08:44:06 AM INFO mip_v1 - print: Order 23 → Factory 3
05/04/2026 08:44:06 AM INFO mip_v1 - print:   Machine 1: completion time = 34.18
05/04/2026 08:44:06 AM INFO mip_v1 - print:   Machine 2: completion time = 43.22
05/04/2026 08:44:06 AM INFO mip_v1 - print:   Machine 3: completion time = 51.91
05/04/2026 08:44:06 AM INFO mip_v1 - print:   Delivery: 56.31 (Deadline: 86.30, Delay: 0.00)
05/04/2026 08:44:06 AM INFO mip_v1 - print: 
05/04/2026 08:44:06 AM INFO mip_v1 - print: Order 24 → Factory 3
05/04/2026 08:44:06 AM INFO mip_v1 - print:   Machine 1: completion time = 18.01
05/04/2026 08:44:06 AM INFO mip_v1 - print:   Machine 2: completion time = 26.00
05/04/2026 08:44:06 AM INFO mip_v1 - print:   Machine 3: completion time = 34.00
05/04/2026 08:44:06 AM INFO mip_v1 - print:   Delivery: 36.70 (Deadline: 67.80, Delay: 0.00)
05/04/2026 08:44:06 AM INFO mip_v1 - print: 
05/04/2026 08:44:06 AM INFO mip_v1 - print: Order 26 → Factory 9
05/04/2026 08:44:06 AM INFO mip_v1 - print:   Machine 1: completion time = 74.93
05/04/2026 08:44:06 AM INFO mip_v1 - print:   Machine 2: completion time = 86.62
05/04/2026 08:44:06 AM INFO mip_v1 - print:   Machine 3: completion time = 98.70
05/04/2026 08:44:06 AM INFO mip_v1 - print:   Delivery: 99.10 (Deadline: 115.50, Delay: 0.00)
05/04/2026 08:44:06 AM INFO mip_v1 - print: 
05/04/2026 08:44:06 AM INFO mip_v1 - print: Order 27 → Factory 5
05/04/2026 08:44:06 AM INFO mip_v1 - print:   Machine 1: completion time = 59.52
05/04/2026 08:44:06 AM INFO mip_v1 - print:   Machine 2: completion time = 67.79
05/04/2026 08:44:06 AM INFO mip_v1 - print:   Machine 3: completion time = 75.63
05/04/2026 08:44:06 AM INFO mip_v1 - print:   Machine 4: completion time = 85.49
05/04/2026 08:44:06 AM INFO mip_v1 - print:   Delivery: 88.99 (Deadline: 95.20, Delay: 0.00)
05/04/2026 08:44:06 AM INFO mip_v1 - print: 
05/04/2026 08:44:06 AM INFO mip_v1 - print: Order 28 → Factory 5
05/04/2026 08:44:06 AM INFO mip_v1 - print:   Machine 1: completion time = 67.93
05/04/2026 08:44:06 AM INFO mip_v1 - print:   Machine 2: completion time = 78.91
05/04/2026 08:44:06 AM INFO mip_v1 - print:   Machine 3: completion time = 90.37
05/04/2026 08:44:06 AM INFO mip_v1 - print:   Machine 4: completion time = 102.85
05/04/2026 08:44:06 AM INFO mip_v1 - print:   Delivery: 105.75 (Deadline: 110.00, Delay: 0.00)
05/04/2026 08:44:06 AM INFO mip_v1 - print: 
05/04/2026 08:44:06 AM INFO mip_v1 - print: Order 29 → Factory 10
05/04/2026 08:44:06 AM INFO mip_v1 - print:   Machine 1: completion time = 44.80
05/04/2026 08:44:06 AM INFO mip_v1 - print:   Machine 2: completion time = 51.91
05/04/2026 08:44:06 AM INFO mip_v1 - print:   Machine 3: completion time = 59.30
05/04/2026 08:44:06 AM INFO mip_v1 - print:   Machine 4: completion time = 67.69
05/04/2026 08:44:06 AM INFO mip_v1 - print:   Delivery: 69.39 (Deadline: 78.30, Delay: 0.00)
05/04/2026 08:44:06 AM INFO mip_v1 - print: 
05/04/2026 08:44:06 AM INFO mip_v1 - print: Order 30 → Factory 2
05/04/2026 08:44:06 AM INFO mip_v1 - print:   Machine 1: completion time = 85.37
05/04/2026 08:44:06 AM INFO mip_v1 - print:   Machine 2: completion time = 106.69
05/04/2026 08:44:06 AM INFO mip_v1 - print:   Machine 3: completion time = 114.13
05/04/2026 08:44:06 AM INFO mip_v1 - print:   Delivery: 117.53 (Deadline: 125.10, Delay: 0.00)
05/04/2026 08:44:06 AM INFO mip_v1 - print: 
05/04/2026 08:44:06 AM INFO mip_v1 - print: Order 31 → Factory 2
05/04/2026 08:44:06 AM INFO mip_v1 - print:   Machine 1: completion time = 53.28
05/04/2026 08:44:06 AM INFO mip_v1 - print:   Machine 2: completion time = 62.86
05/04/2026 08:44:06 AM INFO mip_v1 - print:   Machine 3: completion time = 72.24
05/04/2026 08:44:06 AM INFO mip_v1 - print:   Delivery: 75.04 (Deadline: 88.70, Delay: 0.00)
05/04/2026 08:44:06 AM INFO mip_v1 - print: 
05/04/2026 08:44:06 AM INFO mip_v1 - print: Order 32 → Factory 3
05/04/2026 08:44:06 AM INFO mip_v1 - print:   Machine 1: completion time = 82.22
05/04/2026 08:44:06 AM INFO mip_v1 - print:   Machine 2: completion time = 96.38
05/04/2026 08:44:06 AM INFO mip_v1 - print:   Machine 3: completion time = 106.87
05/04/2026 08:44:06 AM INFO mip_v1 - print:   Delivery: 108.07 (Deadline: 112.20, Delay: 0.00)
05/04/2026 08:44:06 AM INFO mip_v1 - print: 
05/04/2026 08:44:06 AM INFO mip_v1 - print: Order 33 → Factory 1
05/04/2026 08:44:06 AM INFO mip_v1 - print:   Machine 1: completion time = 78.79
05/04/2026 08:44:06 AM INFO mip_v1 - print:   Machine 2: completion time = 90.60
05/04/2026 08:44:06 AM INFO mip_v1 - print:   Machine 3: completion time = 101.34
05/04/2026 08:44:06 AM INFO mip_v1 - print:   Machine 4: completion time = 114.97
05/04/2026 08:44:06 AM INFO mip_v1 - print:   Delivery: 117.17 (Deadline: 118.20, Delay: 0.00)
05/04/2026 08:44:06 AM INFO mip_v1 - print: 
05/04/2026 08:44:06 AM INFO mip_v1 - print: Order 34 → Factory 10
05/04/2026 08:44:06 AM INFO mip_v1 - print:   Machine 1: completion time = 62.87
05/04/2026 08:44:06 AM INFO mip_v1 - print:   Machine 2: completion time = 73.27
05/04/2026 08:44:06 AM INFO mip_v1 - print:   Machine 3: completion time = 85.76
05/04/2026 08:44:06 AM INFO mip_v1 - print:   Machine 4: completion time = 96.61
05/04/2026 08:44:06 AM INFO mip_v1 - print:   Delivery: 100.91 (Deadline: 102.70, Delay: 0.00)
05/04/2026 08:44:06 AM INFO mip_v1 - print: 
05/04/2026 08:44:06 AM INFO mip_v1 - print: Order 35 → Factory 3
05/04/2026 08:44:06 AM INFO mip_v1 - print:   Machine 1: completion time = 76.72
05/04/2026 08:44:06 AM INFO mip_v1 - print:   Machine 2: completion time = 90.91
05/04/2026 08:44:06 AM INFO mip_v1 - print:   Machine 3: completion time = 101.24
05/04/2026 08:44:06 AM INFO mip_v1 - print:   Delivery: 102.84 (Deadline: 112.30, Delay: 0.00)
05/04/2026 08:44:06 AM INFO mip_v1 - print: 
05/04/2026 08:44:06 AM INFO mip_v1 - print: Order 36 → Factory 10
05/04/2026 08:44:06 AM INFO mip_v1 - print:   Machine 1: completion time = 78.23
05/04/2026 08:44:06 AM INFO mip_v1 - print:   Machine 2: completion time = 103.18
05/04/2026 08:44:06 AM INFO mip_v1 - print:   Machine 3: completion time = 110.08
05/04/2026 08:44:06 AM INFO mip_v1 - print:   Machine 4: completion time = 117.60
05/04/2026 08:44:06 AM INFO mip_v1 - print:   Delivery: 119.70 (Deadline: 119.70, Delay: 0.00)
05/04/2026 08:44:06 AM INFO mip_v1 - print: 
05/04/2026 08:44:06 AM INFO mip_v1 - print: Order 37 → Factory 3
05/04/2026 08:44:06 AM INFO mip_v1 - print:   Machine 1: completion time = 25.66
05/04/2026 08:44:06 AM INFO mip_v1 - print:   Machine 2: completion time = 33.68
05/04/2026 08:44:06 AM INFO mip_v1 - print:   Machine 3: completion time = 41.62
05/04/2026 08:44:06 AM INFO mip_v1 - print:   Delivery: 42.22 (Deadline: 66.30, Delay: 0.00)
05/04/2026 08:44:06 AM INFO mip_v1 - print: 
05/04/2026 08:44:06 AM INFO mip_v1 - print: Order 40 → Factory 5
05/04/2026 08:44:06 AM INFO mip_v1 - print:   Machine 1: completion time = 20.70
05/04/2026 08:44:06 AM INFO mip_v1 - print:   Machine 2: completion time = 28.20
05/04/2026 08:44:06 AM INFO mip_v1 - print:   Machine 3: completion time = 35.66
05/04/2026 08:44:06 AM INFO mip_v1 - print:   Machine 4: completion time = 44.14
05/04/2026 08:44:06 AM INFO mip_v1 - print:   Delivery: 46.74 (Deadline: 47.10, Delay: 0.00)
05/04/2026 08:44:06 AM INFO mip_v1 - print: 
05/04/2026 08:44:06 AM INFO mip_v1 - print: Order 41 → Factory 2
05/04/2026 08:44:06 AM INFO mip_v1 - print:   Machine 1: completion time = 23.08
05/04/2026 08:44:06 AM INFO mip_v1 - print:   Machine 2: completion time = 32.91
05/04/2026 08:44:06 AM INFO mip_v1 - print:   Machine 3: completion time = 42.16
05/04/2026 08:44:06 AM INFO mip_v1 - print:   Delivery: 48.06 (Deadline: 69.40, Delay: 0.00)
05/04/2026 08:44:06 AM INFO mip_v1 - print: 
05/04/2026 08:44:06 AM INFO mip_v1 - print: Order 42 → Factory 6
05/04/2026 08:44:06 AM INFO mip_v1 - print:   Machine 1: completion time = 43.23
05/04/2026 08:44:06 AM INFO mip_v1 - print:   Machine 2: completion time = 54.35
05/04/2026 08:44:06 AM INFO mip_v1 - print:   Machine 3: completion time = 68.50
05/04/2026 08:44:06 AM INFO mip_v1 - print:   Delivery: 72.60 (Deadline: 75.80, Delay: 0.00)
05/04/2026 08:44:06 AM INFO mip_v1 - print: 
05/04/2026 08:44:06 AM INFO mip_v1 - print: Order 43 → Factory 6
05/04/2026 08:44:06 AM INFO mip_v1 - print:   Machine 1: completion time = 27.52
05/04/2026 08:44:06 AM INFO mip_v1 - print:   Machine 2: completion time = 41.53
05/04/2026 08:44:06 AM INFO mip_v1 - print:   Machine 3: completion time = 56.85
05/04/2026 08:44:06 AM INFO mip_v1 - print:   Delivery: 61.55 (Deadline: 63.80, Delay: 0.00)
05/04/2026 08:44:06 AM INFO mip_v1 - print: 
05/04/2026 08:44:06 AM INFO mip_v1 - print: Order 45 → Factory 1
05/04/2026 08:44:06 AM INFO mip_v1 - print:   Machine 1: completion time = 94.57
05/04/2026 08:44:06 AM INFO mip_v1 - print:   Machine 2: completion time = 117.17
05/04/2026 08:44:06 AM INFO mip_v1 - print:   Machine 3: completion time = 124.97
05/04/2026 08:44:06 AM INFO mip_v1 - print:   Machine 4: completion time = 138.83
05/04/2026 08:44:06 AM INFO mip_v1 - print:   Delivery: 140.43 (Deadline: 139.40, Delay: 1.03)
05/04/2026 08:44:06 AM INFO mip_v1 - print: 
05/04/2026 08:44:06 AM INFO mip_v1 - print: Order 46 → Factory 3
05/04/2026 08:44:06 AM INFO mip_v1 - print:   Machine 1: completion time = 54.25
05/04/2026 08:44:06 AM INFO mip_v1 - print:   Machine 2: completion time = 69.10
05/04/2026 08:44:06 AM INFO mip_v1 - print:   Machine 3: completion time = 79.20
05/04/2026 08:44:06 AM INFO mip_v1 - print:   Delivery: 85.20 (Deadline: 104.90, Delay: 0.00)
05/04/2026 08:44:06 AM INFO mip_v1 - print: 
05/04/2026 08:44:06 AM INFO mip_v1 - print: Order 47 → Factory 10
05/04/2026 08:44:06 AM INFO mip_v1 - print:   Machine 1: completion time = 90.54
05/04/2026 08:44:06 AM INFO mip_v1 - print:   Machine 2: completion time = 96.90
05/04/2026 08:44:06 AM INFO mip_v1 - print:   Machine 3: completion time = 103.31
05/04/2026 08:44:06 AM INFO mip_v1 - print:   Machine 4: completion time = 110.71
05/04/2026 08:44:06 AM INFO mip_v1 - print:   Delivery: 112.91 (Deadline: 130.60, Delay: 0.00)
05/04/2026 08:44:06 AM INFO mip_v1 - print: 
05/04/2026 08:44:06 AM INFO mip_v1 - print: Order 48 → Factory 2
05/04/2026 08:44:06 AM INFO mip_v1 - print:   Machine 1: completion time = 31.34
05/04/2026 08:44:06 AM INFO mip_v1 - print:   Machine 2: completion time = 40.74
05/04/2026 08:44:06 AM INFO mip_v1 - print:   Machine 3: completion time = 50.56
05/04/2026 08:44:06 AM INFO mip_v1 - print:   Delivery: 54.86 (Deadline: 66.90, Delay: 0.00)
05/04/2026 08:44:06 AM INFO mip_v1 - print: 
05/04/2026 08:44:06 AM INFO mip_v1 - print: Order 49 → Factory 5
05/04/2026 08:44:06 AM INFO mip_v1 - print:   Machine 1: completion time = 78.91
05/04/2026 08:44:06 AM INFO mip_v1 - print:   Machine 2: completion time = 90.37
05/04/2026 08:44:06 AM INFO mip_v1 - print:   Machine 3: completion time = 102.85
05/04/2026 08:44:06 AM INFO mip_v1 - print:   Machine 4: completion time = 115.50
05/04/2026 08:44:06 AM INFO mip_v1 - print:   Delivery: 117.30 (Deadline: 117.30, Delay: 0.00)
05/04/2026 08:44:06 AM INFO mip_v1 - print: 
05/04/2026 08:44:06 AM INFO mip_v1 - print: Order 50 → Factory 2
05/04/2026 08:44:06 AM INFO mip_v1 - print:   Machine 1: completion time = 77.70
05/04/2026 08:44:06 AM INFO mip_v1 - print:   Machine 2: completion time = 90.34
05/04/2026 08:44:06 AM INFO mip_v1 - print:   Machine 3: completion time = 100.33
05/04/2026 08:44:06 AM INFO mip_v1 - print:   Delivery: 106.63 (Deadline: 113.60, Delay: 0.00)
05/04/2026 08:44:06 AM INFO mip_v1 - print: 
05/04/2026 08:44:06 AM INFO mip_v1 - print: Order 52 → Factory 3
05/04/2026 08:44:06 AM INFO mip_v1 - print:   Machine 1: completion time = 69.10
05/04/2026 08:44:06 AM INFO mip_v1 - print:   Machine 2: completion time = 75.55
05/04/2026 08:44:06 AM INFO mip_v1 - print:   Machine 3: completion time = 85.86
05/04/2026 08:44:06 AM INFO mip_v1 - print:   Delivery: 87.56 (Deadline: 88.10, Delay: 0.00)
05/04/2026 08:44:06 AM INFO mip_v1 - print: 
05/04/2026 08:44:06 AM INFO mip_v1 - print: Order 53 → Factory 1
05/04/2026 08:44:06 AM INFO mip_v1 - print:   Machine 1: completion time = 100.11
05/04/2026 08:44:06 AM INFO mip_v1 - print:   Machine 2: completion time = 105.21
05/04/2026 08:44:06 AM INFO mip_v1 - print:   Machine 3: completion time = 110.29
05/04/2026 08:44:06 AM INFO mip_v1 - print:   Machine 4: completion time = 121.13
05/04/2026 08:44:06 AM INFO mip_v1 - print:   Delivery: 125.93 (Deadline: 127.90, Delay: 0.00)
05/04/2026 08:44:06 AM INFO mip_v1 - print: 
05/04/2026 08:44:06 AM INFO mip_v1 - print: Order 54 → Factory 7
05/04/2026 08:44:06 AM INFO mip_v1 - print:   Machine 1: completion time = 44.63
05/04/2026 08:44:06 AM INFO mip_v1 - print:   Machine 2: completion time = 54.18
05/04/2026 08:44:06 AM INFO mip_v1 - print:   Machine 3: completion time = 63.37
05/04/2026 08:44:06 AM INFO mip_v1 - print:   Delivery: 68.37 (Deadline: 90.50, Delay: 0.00)
05/04/2026 08:44:06 AM INFO mip_v1 - print: 
05/04/2026 08:44:06 AM INFO mip_v1 - print: Order 55 → Factory 3
05/04/2026 08:44:06 AM INFO mip_v1 - print:   Machine 1: completion time = 111.44
05/04/2026 08:44:06 AM INFO mip_v1 - print:   Machine 2: completion time = 125.50
05/04/2026 08:44:06 AM INFO mip_v1 - print:   Machine 3: completion time = 142.40
05/04/2026 08:44:06 AM INFO mip_v1 - print:   Delivery: 144.00 (Deadline: 144.00, Delay: 0.00)
05/04/2026 08:44:06 AM INFO mip_v1 - print: 
05/04/2026 08:44:06 AM INFO mip_v1 - print: Order 56 → Factory 3
05/04/2026 08:44:06 AM INFO mip_v1 - print:   Machine 1: completion time = 97.21
05/04/2026 08:44:06 AM INFO mip_v1 - print:   Machine 2: completion time = 106.87
05/04/2026 08:44:06 AM INFO mip_v1 - print:   Machine 3: completion time = 116.12
05/04/2026 08:44:06 AM INFO mip_v1 - print:   Delivery: 119.52 (Deadline: 128.90, Delay: 0.00)
05/04/2026 08:44:06 AM INFO mip_v1 - print: 
05/04/2026 08:44:06 AM INFO mip_v1 - print: Order 57 → Factory 3
05/04/2026 08:44:06 AM INFO mip_v1 - print:   Machine 1: completion time = 62.45
05/04/2026 08:44:06 AM INFO mip_v1 - print:   Machine 2: completion time = 83.90
05/04/2026 08:44:06 AM INFO mip_v1 - print:   Machine 3: completion time = 93.81
05/04/2026 08:44:06 AM INFO mip_v1 - print:   Delivery: 95.31 (Deadline: 102.60, Delay: 0.00)
05/04/2026 08:44:06 AM INFO mip_v1 - print: 
05/04/2026 08:44:06 AM INFO mip_v1 - print: Order 58 → Factory 1
05/04/2026 08:44:06 AM INFO mip_v1 - print:   Machine 1: completion time = 53.79
05/04/2026 08:44:06 AM INFO mip_v1 - print:   Machine 2: completion time = 63.96
05/04/2026 08:44:06 AM INFO mip_v1 - print:   Machine 3: completion time = 74.56
05/04/2026 08:44:06 AM INFO mip_v1 - print:   Machine 4: completion time = 84.58
05/04/2026 08:44:06 AM INFO mip_v1 - print:   Delivery: 87.08 (Deadline: 96.70, Delay: 0.00)
05/04/2026 08:44:06 AM INFO mip_v1 - print: 
05/04/2026 08:44:06 AM INFO mip_v1 - print: Order 59 → Factory 1
05/04/2026 08:44:06 AM INFO mip_v1 - print:   Machine 1: completion time = 7.11
05/04/2026 08:44:06 AM INFO mip_v1 - print:   Machine 2: completion time = 22.48
05/04/2026 08:44:06 AM INFO mip_v1 - print:   Machine 3: completion time = 31.67
05/04/2026 08:44:06 AM INFO mip_v1 - print:   Machine 4: completion time = 39.87
05/04/2026 08:44:06 AM INFO mip_v1 - print:   Delivery: 41.17 (Deadline: 45.50, Delay: 0.00)
05/04/2026 08:44:06 AM INFO mip_v1 - print: 
05/04/2026 08:44:06 AM INFO mip_v1 - print: Order 60 → Factory 1
05/04/2026 08:44:06 AM INFO mip_v1 - print:   Machine 1: completion time = 45.33
05/04/2026 08:44:06 AM INFO mip_v1 - print:   Machine 2: completion time = 55.42
05/04/2026 08:44:06 AM INFO mip_v1 - print:   Machine 3: completion time = 60.26
05/04/2026 08:44:06 AM INFO mip_v1 - print:   Machine 4: completion time = 66.61
05/04/2026 08:44:06 AM INFO mip_v1 - print:   Delivery: 69.41 (Deadline: 78.30, Delay: 0.00)
05/04/2026 08:44:06 AM INFO mip_v1 - print: 
05/04/2026 08:44:06 AM INFO mip_v1 - print: Order 61 → Factory 10
05/04/2026 08:44:06 AM INFO mip_v1 - print:   Machine 1: completion time = 27.55
05/04/2026 08:44:06 AM INFO mip_v1 - print:   Machine 2: completion time = 38.12
05/04/2026 08:44:06 AM INFO mip_v1 - print:   Machine 3: completion time = 50.12
05/04/2026 08:44:06 AM INFO mip_v1 - print:   Machine 4: completion time = 62.09
05/04/2026 08:44:06 AM INFO mip_v1 - print:   Delivery: 66.29 (Deadline: 81.80, Delay: 0.00)
05/04/2026 08:44:06 AM INFO mip_v1 - print: 
05/04/2026 08:44:06 AM INFO mip_v1 - print: Order 63 → Factory 10
05/04/2026 08:44:06 AM INFO mip_v1 - print:   Machine 1: completion time = 52.86
05/04/2026 08:44:06 AM INFO mip_v1 - print:   Machine 2: completion time = 60.66
05/04/2026 08:44:06 AM INFO mip_v1 - print:   Machine 3: completion time = 75.50
05/04/2026 08:44:06 AM INFO mip_v1 - print:   Machine 4: completion time = 84.23
05/04/2026 08:44:06 AM INFO mip_v1 - print:   Delivery: 88.43 (Deadline: 88.90, Delay: 0.00)
05/04/2026 08:44:06 AM INFO mip_v1 - print: 
05/04/2026 08:44:06 AM INFO mip_v1 - print: Order 66 → Factory 2
05/04/2026 08:44:06 AM INFO mip_v1 - print:   Machine 1: completion time = 61.53
05/04/2026 08:44:06 AM INFO mip_v1 - print:   Machine 2: completion time = 79.95
05/04/2026 08:44:06 AM INFO mip_v1 - print:   Machine 3: completion time = 90.34
05/04/2026 08:44:06 AM INFO mip_v1 - print:   Delivery: 98.44 (Deadline: 115.60, Delay: 0.00)
05/04/2026 08:44:06 AM INFO mip_v1 - print: 
05/04/2026 08:44:06 AM INFO mip_v1 - print: Order 68 → Factory 2
05/04/2026 08:44:06 AM INFO mip_v1 - print:   Machine 1: completion time = 92.14
05/04/2026 08:44:06 AM INFO mip_v1 - print:   Machine 2: completion time = 98.46
05/04/2026 08:44:06 AM INFO mip_v1 - print:   Machine 3: completion time = 106.69
05/04/2026 08:44:06 AM INFO mip_v1 - print:   Delivery: 112.09 (Deadline: 122.80, Delay: 0.00)
05/04/2026 08:44:06 AM INFO mip_v1 - print: 
05/04/2026 08:44:06 AM INFO mip_v1 - print: Order 69 → Factory 9
05/04/2026 08:44:06 AM INFO mip_v1 - print:   Machine 1: completion time = 59.00
05/04/2026 08:44:06 AM INFO mip_v1 - print:   Machine 2: completion time = 74.93
05/04/2026 08:44:06 AM INFO mip_v1 - print:   Machine 3: completion time = 86.62
05/04/2026 08:44:06 AM INFO mip_v1 - print:   Delivery: 93.12 (Deadline: 105.60, Delay: 0.00)
05/04/2026 08:44:06 AM INFO mip_v1 - print: 
05/04/2026 08:44:06 AM INFO mip_v1 - print: Order 70 → Factory 6
05/04/2026 08:44:06 AM INFO mip_v1 - print:   Machine 1: completion time = 51.84
05/04/2026 08:44:06 AM INFO mip_v1 - print:   Machine 2: completion time = 63.65
05/04/2026 08:44:06 AM INFO mip_v1 - print:   Machine 3: completion time = 78.74
05/04/2026 08:44:06 AM INFO mip_v1 - print:   Delivery: 79.74 (Deadline: 87.70, Delay: 0.00)
05/04/2026 08:44:06 AM INFO mip_v1 - print: 
05/04/2026 08:44:06 AM INFO mip_v1 - print: Order 71 → Factory 2
05/04/2026 08:44:06 AM INFO mip_v1 - print:   Machine 1: completion time = 45.38
05/04/2026 08:44:06 AM INFO mip_v1 - print:   Machine 2: completion time = 54.91
05/04/2026 08:44:06 AM INFO mip_v1 - print:   Machine 3: completion time = 64.52
05/04/2026 08:44:06 AM INFO mip_v1 - print:   Delivery: 72.12 (Deadline: 91.60, Delay: 0.00)
05/04/2026 08:44:06 AM INFO mip_v1 - print: 
05/04/2026 08:44:06 AM INFO mip_v1 - print: Order 72 → Factory 1
05/04/2026 08:44:06 AM INFO mip_v1 - print:   Machine 1: completion time = 22.48
05/04/2026 08:44:06 AM INFO mip_v1 - print:   Machine 2: completion time = 31.67
05/04/2026 08:44:06 AM INFO mip_v1 - print:   Machine 3: completion time = 39.87
05/04/2026 08:44:06 AM INFO mip_v1 - print:   Machine 4: completion time = 50.20
05/04/2026 08:44:06 AM INFO mip_v1 - print:   Delivery: 54.90 (Deadline: 54.90, Delay: 0.00)
05/04/2026 08:44:06 AM INFO mip_v1 - print: 
05/04/2026 08:44:06 AM INFO mip_v1 - print: Order 73 → Factory 2
05/04/2026 08:44:06 AM INFO mip_v1 - print:   Machine 1: completion time = 66.58
05/04/2026 08:44:06 AM INFO mip_v1 - print:   Machine 2: completion time = 71.73
05/04/2026 08:44:06 AM INFO mip_v1 - print:   Machine 3: completion time = 81.87
05/04/2026 08:44:06 AM INFO mip_v1 - print:   Delivery: 85.97 (Deadline: 87.70, Delay: 0.00)
05/04/2026 08:44:06 AM INFO mip_v1 - print: 
05/04/2026 08:44:06 AM INFO mip_v1 - print: Order 74 → Factory 1
05/04/2026 08:44:06 AM INFO mip_v1 - print:   Machine 1: completion time = 40.24
05/04/2026 08:44:06 AM INFO mip_v1 - print:   Machine 2: completion time = 50.73
05/04/2026 08:44:06 AM INFO mip_v1 - print:   Machine 3: completion time = 66.61
05/04/2026 08:44:06 AM INFO mip_v1 - print:   Machine 4: completion time = 74.81
05/04/2026 08:44:06 AM INFO mip_v1 - print:   Delivery: 75.81 (Deadline: 80.60, Delay: 0.00)
05/04/2026 08:44:06 AM INFO mip_v1 - print: 
05/04/2026 08:44:06 AM INFO mip_v1 - print: Order 75 → Factory 2
05/04/2026 08:44:06 AM INFO mip_v1 - print:   Machine 1: completion time = 38.13
05/04/2026 08:44:06 AM INFO mip_v1 - print:   Machine 2: completion time = 47.79
05/04/2026 08:44:06 AM INFO mip_v1 - print:   Machine 3: completion time = 57.32
05/04/2026 08:44:06 AM INFO mip_v1 - print:   Delivery: 63.62 (Deadline: 77.00, Delay: 0.00)
05/04/2026 08:44:06 AM INFO mip_v1 - print: 
05/04/2026 08:44:06 AM INFO mip_v1 - print: Order 76 → Factory 10
05/04/2026 08:44:06 AM INFO mip_v1 - print:   Machine 1: completion time = 72.13
05/04/2026 08:44:06 AM INFO mip_v1 - print:   Machine 2: completion time = 80.50
05/04/2026 08:44:06 AM INFO mip_v1 - print:   Machine 3: completion time = 94.22
05/04/2026 08:44:06 AM INFO mip_v1 - print:   Machine 4: completion time = 104.10
05/04/2026 08:44:06 AM INFO mip_v1 - print:   Delivery: 110.10 (Deadline: 113.30, Delay: 0.00)
05/04/2026 08:44:06 AM INFO mip_v1 - print: 
05/04/2026 08:44:06 AM INFO mip_v1 - print: Order 77 → Factory 6
05/04/2026 08:44:06 AM INFO mip_v1 - print:   Machine 1: completion time = 86.42
05/04/2026 08:44:06 AM INFO mip_v1 - print:   Machine 2: completion time = 98.90
05/04/2026 08:44:06 AM INFO mip_v1 - print:   Machine 3: completion time = 114.05
05/04/2026 08:44:06 AM INFO mip_v1 - print:   Delivery: 118.95 (Deadline: 124.30, Delay: 0.00)
05/04/2026 08:44:06 AM INFO mip_v1 - print: 
05/04/2026 08:44:06 AM INFO mip_v1 - print: Order 79 → Factory 10
05/04/2026 08:44:06 AM INFO mip_v1 - print:   Machine 1: completion time = 39.51
05/04/2026 08:44:06 AM INFO mip_v1 - print:   Machine 2: completion time = 46.84
05/04/2026 08:44:06 AM INFO mip_v1 - print:   Machine 3: completion time = 67.06
05/04/2026 08:44:06 AM INFO mip_v1 - print:   Machine 4: completion time = 75.98
05/04/2026 08:44:06 AM INFO mip_v1 - print:   Delivery: 78.28 (Deadline: 89.20, Delay: 0.00)
05/04/2026 08:44:06 AM INFO mip_v1 - print: 
05/04/2026 08:44:06 AM INFO mip_v1 - print: Order 80 → Factory 3
05/04/2026 08:44:06 AM INFO mip_v1 - print:   Machine 1: completion time = 45.02
05/04/2026 08:44:06 AM INFO mip_v1 - print:   Machine 2: completion time = 59.22
05/04/2026 08:44:06 AM INFO mip_v1 - print:   Machine 3: completion time = 69.75
05/04/2026 08:44:06 AM INFO mip_v1 - print:   Delivery: 71.65 (Deadline: 93.60, Delay: 0.00)
05/04/2026 08:44:06 AM INFO mip_v1 - print: 
05/04/2026 08:44:06 AM INFO mip_v1 - print: ------------------------------------------------------------
05/04/2026 08:44:06 AM INFO mip_v1 - print: COST BREAKDOWN
05/04/2026 08:44:06 AM INFO mip_v1 - print: ------------------------------------------------------------
05/04/2026 08:44:06 AM INFO mip_v1 - print: Total Revenue:          +    69639.00
05/04/2026 08:44:06 AM INFO mip_v1 - print: Production Cost:        -    29108.88
05/04/2026 08:44:06 AM INFO mip_v1 - print: Transport Cost:         -    12793.65
05/04/2026 08:44:06 AM INFO mip_v1 - print: Delay Penalty:          -       75.23
05/04/2026 08:44:06 AM INFO mip_v1 - print: ------------------------------------------------------------
05/04/2026 08:44:06 AM INFO mip_v1 - print: Total Profit:           =    27661.24
