04/28/2026 05:46:03 PM INFO mip_v1 - setup_solver_logging: ================================================================================
04/28/2026 05:46:03 PM INFO mip_v1 - setup_solver_logging: Logging started. Log file: D:\Project_Code\Paper\DP_LBBD_1\DP_lbbd\Algorithm\Results\mip_v1\medium\exp_5f_50j_seed1\log\exp_5f_50j_seed1_running.log
04/28/2026 05:46:03 PM INFO mip_v1 - print: BigM calculated: 150.0
04/28/2026 05:46:03 PM INFO mip_v1 - print: Adding variables...
04/28/2026 05:46:04 PM INFO mip_v1 - print: Total variables: 45400
04/28/2026 05:46:04 PM INFO mip_v1 - print: Adding constraints...
04/28/2026 05:46:05 PM INFO mip_v1 - print: Total constraints: 90872
04/28/2026 05:46:05 PM INFO mip_v1 - print: Setting objective function...
04/28/2026 05:46:06 PM INFO mip_v1 - print: 
04/28/2026 05:46:06 PM INFO mip_v1 - print: ✓ Model LP written to: D:\Project_Code\Paper\DP_LBBD_1\DP_lbbd\Algorithm\MIP\production_model.lp
04/28/2026 05:46:06 PM INFO mip_v1 - print: 
04/28/2026 05:46:06 PM INFO mip_v1 - print: ============================================================
04/28/2026 05:46:06 PM INFO mip_v1 - print: Starting optimization...
04/28/2026 05:46:06 PM INFO mip_v1 - print: ============================================================
04/28/2026 05:46:06 PM INFO mip_v1 - print: Gurobi native log file: D:\Project_Code\Paper\DP_LBBD_1\DP_lbbd\Algorithm\Results\mip_v1\medium\exp_5f_50j_seed1\log\exp_5f_50j_seed1_gurobi.log
04/28/2026 06:16:07 PM INFO mip_v1 - print: 
04/28/2026 06:16:07 PM INFO mip_v1 - print: ============================================================
04/28/2026 06:16:07 PM INFO mip_v1 - print: SOLUTION SUMMARY
04/28/2026 06:16:07 PM INFO mip_v1 - print: ============================================================
04/28/2026 06:16:07 PM INFO mip_v1 - print: ⚠ Time limit reached, best solution found:
04/28/2026 06:16:07 PM INFO mip_v1 - print: 
04/28/2026 06:16:07 PM INFO mip_v1 - print: Objective Value (Total Profit): 13490.95
04/28/2026 06:16:07 PM INFO mip_v1 - print: MIP Gap: 58.64%
04/28/2026 06:16:07 PM INFO mip_v1 - print: 
04/28/2026 06:16:07 PM INFO mip_v1 - print: 📋 Accepted Orders (34/50): [1, 4, 5, 6, 9, 12, 13, 14, 20, 23, 24, 25, 26, 27, 28, 29, 31, 32, 33, 34, 35, 36, 38, 39, 41, 42, 43, 44, 45, 46, 47, 48, 49, 50]
04/28/2026 06:16:07 PM INFO mip_v1 - print: 
04/28/2026 06:16:07 PM INFO mip_v1 - print: ------------------------------------------------------------
04/28/2026 06:16:07 PM INFO mip_v1 - print: ORDER ALLOCATION DETAILS
04/28/2026 06:16:07 PM INFO mip_v1 - print: ------------------------------------------------------------
04/28/2026 06:16:07 PM INFO mip_v1 - print: 
04/28/2026 06:16:07 PM INFO mip_v1 - print: Order 1 → Factory 5
04/28/2026 06:16:07 PM INFO mip_v1 - print:   Machine 1: completion time = 17.55
04/28/2026 06:16:07 PM INFO mip_v1 - print:   Machine 2: completion time = 26.24
04/28/2026 06:16:07 PM INFO mip_v1 - print:   Machine 3: completion time = 35.44
04/28/2026 06:16:07 PM INFO mip_v1 - print:   Machine 4: completion time = 44.28
04/28/2026 06:16:07 PM INFO mip_v1 - print:   Delivery: 49.38 (Deadline: 65.00, Delay: 0.00)
04/28/2026 06:16:07 PM INFO mip_v1 - print: 
04/28/2026 06:16:07 PM INFO mip_v1 - print: Order 4 → Factory 1
04/28/2026 06:16:07 PM INFO mip_v1 - print:   Machine 1: completion time = 59.28
04/28/2026 06:16:07 PM INFO mip_v1 - print:   Machine 2: completion time = 70.86
04/28/2026 06:16:07 PM INFO mip_v1 - print:   Machine 3: completion time = 83.62
04/28/2026 06:16:07 PM INFO mip_v1 - print:   Machine 4: completion time = 96.38
04/28/2026 06:16:07 PM INFO mip_v1 - print:   Delivery: 99.78 (Deadline: 104.90, Delay: 0.00)
04/28/2026 06:16:07 PM INFO mip_v1 - print: 
04/28/2026 06:16:07 PM INFO mip_v1 - print: Order 5 → Factory 5
04/28/2026 06:16:07 PM INFO mip_v1 - print:   Machine 1: completion time = 29.66
04/28/2026 06:16:07 PM INFO mip_v1 - print:   Machine 2: completion time = 38.90
04/28/2026 06:16:07 PM INFO mip_v1 - print:   Machine 3: completion time = 49.10
04/28/2026 06:16:07 PM INFO mip_v1 - print:   Machine 4: completion time = 58.37
04/28/2026 06:16:07 PM INFO mip_v1 - print:   Delivery: 63.47 (Deadline: 70.80, Delay: 0.00)
04/28/2026 06:16:07 PM INFO mip_v1 - print: 
04/28/2026 06:16:07 PM INFO mip_v1 - print: Order 6 → Factory 2
04/28/2026 06:16:07 PM INFO mip_v1 - print:   Machine 1: completion time = 43.02
04/28/2026 06:16:07 PM INFO mip_v1 - print:   Machine 2: completion time = 52.48
04/28/2026 06:16:07 PM INFO mip_v1 - print:   Machine 3: completion time = 61.47
04/28/2026 06:16:07 PM INFO mip_v1 - print:   Delivery: 66.77 (Deadline: 70.90, Delay: 0.00)
04/28/2026 06:16:07 PM INFO mip_v1 - print: 
04/28/2026 06:16:07 PM INFO mip_v1 - print: Order 9 → Factory 1
04/28/2026 06:16:07 PM INFO mip_v1 - print:   Machine 1: completion time = 24.84
04/28/2026 06:16:07 PM INFO mip_v1 - print:   Machine 2: completion time = 35.76
04/28/2026 06:16:07 PM INFO mip_v1 - print:   Machine 3: completion time = 47.30
04/28/2026 06:16:07 PM INFO mip_v1 - print:   Machine 4: completion time = 57.48
04/28/2026 06:16:07 PM INFO mip_v1 - print:   Delivery: 62.68 (Deadline: 64.60, Delay: 0.00)
04/28/2026 06:16:07 PM INFO mip_v1 - print: 
04/28/2026 06:16:07 PM INFO mip_v1 - print: Order 12 → Factory 1
04/28/2026 06:16:07 PM INFO mip_v1 - print:   Machine 1: completion time = 34.20
04/28/2026 06:16:07 PM INFO mip_v1 - print:   Machine 2: completion time = 46.27
04/28/2026 06:16:07 PM INFO mip_v1 - print:   Machine 3: completion time = 57.48
04/28/2026 06:16:07 PM INFO mip_v1 - print:   Machine 4: completion time = 68.10
04/28/2026 06:16:07 PM INFO mip_v1 - print:   Delivery: 72.90 (Deadline: 82.40, Delay: 0.00)
04/28/2026 06:16:07 PM INFO mip_v1 - print: 
04/28/2026 06:16:07 PM INFO mip_v1 - print: Order 13 → Factory 2
04/28/2026 06:16:07 PM INFO mip_v1 - print:   Machine 1: completion time = 51.02
04/28/2026 06:16:07 PM INFO mip_v1 - print:   Machine 2: completion time = 59.51
04/28/2026 06:16:07 PM INFO mip_v1 - print:   Machine 3: completion time = 68.29
04/28/2026 06:16:07 PM INFO mip_v1 - print:   Delivery: 71.79 (Deadline: 81.40, Delay: 0.00)
04/28/2026 06:16:07 PM INFO mip_v1 - print: 
04/28/2026 06:16:07 PM INFO mip_v1 - print: Order 14 → Factory 1
04/28/2026 06:16:07 PM INFO mip_v1 - print:   Machine 1: completion time = 19.10
04/28/2026 06:16:07 PM INFO mip_v1 - print:   Machine 2: completion time = 29.53
04/28/2026 06:16:07 PM INFO mip_v1 - print:   Machine 3: completion time = 39.51
04/28/2026 06:16:07 PM INFO mip_v1 - print:   Machine 4: completion time = 50.45
04/28/2026 06:16:07 PM INFO mip_v1 - print:   Delivery: 53.05 (Deadline: 69.20, Delay: 0.00)
04/28/2026 06:16:07 PM INFO mip_v1 - print: 
04/28/2026 06:16:07 PM INFO mip_v1 - print: Order 20 → Factory 2
04/28/2026 06:16:07 PM INFO mip_v1 - print:   Machine 1: completion time = 85.33
04/28/2026 06:16:07 PM INFO mip_v1 - print:   Machine 2: completion time = 93.24
04/28/2026 06:16:07 PM INFO mip_v1 - print:   Machine 3: completion time = 105.90
04/28/2026 06:16:07 PM INFO mip_v1 - print:   Delivery: 107.60 (Deadline: 107.60, Delay: 0.00)
04/28/2026 06:16:07 PM INFO mip_v1 - print: 
04/28/2026 06:16:07 PM INFO mip_v1 - print: Order 23 → Factory 3
04/28/2026 06:16:07 PM INFO mip_v1 - print:   Machine 1: completion time = 38.31
04/28/2026 06:16:07 PM INFO mip_v1 - print:   Machine 2: completion time = 47.52
04/28/2026 06:16:07 PM INFO mip_v1 - print:   Machine 3: completion time = 57.58
04/28/2026 06:16:07 PM INFO mip_v1 - print:   Delivery: 61.48 (Deadline: 71.90, Delay: 0.00)
04/28/2026 06:16:07 PM INFO mip_v1 - print: 
04/28/2026 06:16:07 PM INFO mip_v1 - print: Order 24 → Factory 2
04/28/2026 06:16:07 PM INFO mip_v1 - print:   Machine 1: completion time = 14.20
04/28/2026 06:16:07 PM INFO mip_v1 - print:   Machine 2: completion time = 24.35
04/28/2026 06:16:07 PM INFO mip_v1 - print:   Machine 3: completion time = 33.36
04/28/2026 06:16:07 PM INFO mip_v1 - print:   Delivery: 35.86 (Deadline: 48.20, Delay: 0.00)
04/28/2026 06:16:07 PM INFO mip_v1 - print: 
04/28/2026 06:16:07 PM INFO mip_v1 - print: Order 25 → Factory 5
04/28/2026 06:16:07 PM INFO mip_v1 - print:   Machine 1: completion time = 56.33
04/28/2026 06:16:07 PM INFO mip_v1 - print:   Machine 2: completion time = 68.32
04/28/2026 06:16:07 PM INFO mip_v1 - print:   Machine 3: completion time = 81.31
04/28/2026 06:16:07 PM INFO mip_v1 - print:   Machine 4: completion time = 92.30
04/28/2026 06:16:07 PM INFO mip_v1 - print:   Delivery: 96.70 (Deadline: 97.70, Delay: 0.00)
04/28/2026 06:16:07 PM INFO mip_v1 - print: 
04/28/2026 06:16:07 PM INFO mip_v1 - print: Order 26 → Factory 2
04/28/2026 06:16:07 PM INFO mip_v1 - print:   Machine 1: completion time = 24.35
04/28/2026 06:16:07 PM INFO mip_v1 - print:   Machine 2: completion time = 33.36
04/28/2026 06:16:07 PM INFO mip_v1 - print:   Machine 3: completion time = 45.23
04/28/2026 06:16:07 PM INFO mip_v1 - print:   Delivery: 47.93 (Deadline: 68.90, Delay: 0.00)
04/28/2026 06:16:07 PM INFO mip_v1 - print: 
04/28/2026 06:16:07 PM INFO mip_v1 - print: Order 27 → Factory 3
04/28/2026 06:16:07 PM INFO mip_v1 - print:   Machine 1: completion time = 61.67
04/28/2026 06:16:07 PM INFO mip_v1 - print:   Machine 2: completion time = 72.61
04/28/2026 06:16:07 PM INFO mip_v1 - print:   Machine 3: completion time = 78.63
04/28/2026 06:16:07 PM INFO mip_v1 - print:   Delivery: 84.63 (Deadline: 91.70, Delay: 0.00)
04/28/2026 06:16:07 PM INFO mip_v1 - print: 
04/28/2026 06:16:07 PM INFO mip_v1 - print: Order 28 → Factory 3
04/28/2026 06:16:07 PM INFO mip_v1 - print:   Machine 1: completion time = 32.41
04/28/2026 06:16:07 PM INFO mip_v1 - print:   Machine 2: completion time = 42.18
04/28/2026 06:16:07 PM INFO mip_v1 - print:   Machine 3: completion time = 52.48
04/28/2026 06:16:07 PM INFO mip_v1 - print:   Delivery: 58.48 (Deadline: 58.90, Delay: 0.00)
04/28/2026 06:16:07 PM INFO mip_v1 - print: 
04/28/2026 06:16:07 PM INFO mip_v1 - print: Order 29 → Factory 3
04/28/2026 06:16:07 PM INFO mip_v1 - print:   Machine 1: completion time = 79.54
04/28/2026 06:16:07 PM INFO mip_v1 - print:   Machine 2: completion time = 89.67
04/28/2026 06:16:07 PM INFO mip_v1 - print:   Machine 3: completion time = 99.35
04/28/2026 06:16:07 PM INFO mip_v1 - print:   Delivery: 104.15 (Deadline: 105.30, Delay: 0.00)
04/28/2026 06:16:07 PM INFO mip_v1 - print: 
04/28/2026 06:16:07 PM INFO mip_v1 - print: Order 31 → Factory 5
04/28/2026 06:16:07 PM INFO mip_v1 - print:   Machine 1: completion time = 48.36
04/28/2026 06:16:07 PM INFO mip_v1 - print:   Machine 2: completion time = 60.28
04/28/2026 06:16:07 PM INFO mip_v1 - print:   Machine 3: completion time = 72.95
04/28/2026 06:16:07 PM INFO mip_v1 - print:   Machine 4: completion time = 84.02
04/28/2026 06:16:07 PM INFO mip_v1 - print:   Delivery: 85.02 (Deadline: 92.00, Delay: 0.00)
04/28/2026 06:16:07 PM INFO mip_v1 - print: 
04/28/2026 06:16:07 PM INFO mip_v1 - print: Order 32 → Factory 4
04/28/2026 06:16:07 PM INFO mip_v1 - print:   Machine 1: completion time = 22.44
04/28/2026 06:16:07 PM INFO mip_v1 - print:   Machine 2: completion time = 31.71
04/28/2026 06:16:07 PM INFO mip_v1 - print:   Machine 3: completion time = 41.60
04/28/2026 06:16:07 PM INFO mip_v1 - print:   Machine 4: completion time = 51.97
04/28/2026 06:16:07 PM INFO mip_v1 - print:   Delivery: 55.77 (Deadline: 64.70, Delay: 0.00)
04/28/2026 06:16:07 PM INFO mip_v1 - print: 
04/28/2026 06:16:07 PM INFO mip_v1 - print: Order 33 → Factory 3
04/28/2026 06:16:07 PM INFO mip_v1 - print:   Machine 1: completion time = 10.74
04/28/2026 06:16:07 PM INFO mip_v1 - print:   Machine 2: completion time = 18.71
04/28/2026 06:16:07 PM INFO mip_v1 - print:   Machine 3: completion time = 29.14
04/28/2026 06:16:07 PM INFO mip_v1 - print:   Delivery: 30.64 (Deadline: 57.70, Delay: 0.00)
04/28/2026 06:16:07 PM INFO mip_v1 - print: 
04/28/2026 06:16:07 PM INFO mip_v1 - print: Order 34 → Factory 1
04/28/2026 06:16:07 PM INFO mip_v1 - print:   Machine 1: completion time = 70.86
04/28/2026 06:16:07 PM INFO mip_v1 - print:   Machine 2: completion time = 83.62
04/28/2026 06:16:07 PM INFO mip_v1 - print:   Machine 3: completion time = 96.38
04/28/2026 06:16:07 PM INFO mip_v1 - print:   Machine 4: completion time = 109.41
04/28/2026 06:16:07 PM INFO mip_v1 - print:   Delivery: 115.11 (Deadline: 112.80, Delay: 2.31)
04/28/2026 06:16:07 PM INFO mip_v1 - print: 
04/28/2026 06:16:07 PM INFO mip_v1 - print: Order 35 → Factory 2
04/28/2026 06:16:07 PM INFO mip_v1 - print:   Machine 1: completion time = 75.87
04/28/2026 06:16:07 PM INFO mip_v1 - print:   Machine 2: completion time = 82.26
04/28/2026 06:16:07 PM INFO mip_v1 - print:   Machine 3: completion time = 88.34
04/28/2026 06:16:07 PM INFO mip_v1 - print:   Delivery: 90.64 (Deadline: 90.00, Delay: 0.64)
04/28/2026 06:16:07 PM INFO mip_v1 - print: 
04/28/2026 06:16:07 PM INFO mip_v1 - print: Order 36 → Factory 3
04/28/2026 06:16:07 PM INFO mip_v1 - print:   Machine 1: completion time = 90.29
04/28/2026 06:16:07 PM INFO mip_v1 - print:   Machine 2: completion time = 99.71
04/28/2026 06:16:07 PM INFO mip_v1 - print:   Machine 3: completion time = 108.75
04/28/2026 06:16:07 PM INFO mip_v1 - print:   Delivery: 111.25 (Deadline: 111.00, Delay: 0.25)
04/28/2026 06:16:07 PM INFO mip_v1 - print: 
04/28/2026 06:16:07 PM INFO mip_v1 - print: Order 38 → Factory 4
04/28/2026 06:16:07 PM INFO mip_v1 - print:   Machine 1: completion time = 48.79
04/28/2026 06:16:07 PM INFO mip_v1 - print:   Machine 2: completion time = 59.91
04/28/2026 06:16:07 PM INFO mip_v1 - print:   Machine 3: completion time = 77.72
04/28/2026 06:16:07 PM INFO mip_v1 - print:   Machine 4: completion time = 89.40
04/28/2026 06:16:07 PM INFO mip_v1 - print:   Delivery: 95.00 (Deadline: 95.00, Delay: 0.00)
04/28/2026 06:16:07 PM INFO mip_v1 - print: 
04/28/2026 06:16:07 PM INFO mip_v1 - print: Order 39 → Factory 2
04/28/2026 06:16:07 PM INFO mip_v1 - print:   Machine 1: completion time = 67.16
04/28/2026 06:16:07 PM INFO mip_v1 - print:   Machine 2: completion time = 75.87
04/28/2026 06:16:07 PM INFO mip_v1 - print:   Machine 3: completion time = 82.26
04/28/2026 06:16:07 PM INFO mip_v1 - print:   Delivery: 84.86 (Deadline: 89.30, Delay: 0.00)
04/28/2026 06:16:07 PM INFO mip_v1 - print: 
04/28/2026 06:16:07 PM INFO mip_v1 - print: Order 41 → Factory 3
04/28/2026 06:16:07 PM INFO mip_v1 - print:   Machine 1: completion time = 20.88
04/28/2026 06:16:07 PM INFO mip_v1 - print:   Machine 2: completion time = 29.14
04/28/2026 06:16:07 PM INFO mip_v1 - print:   Machine 3: completion time = 42.18
04/28/2026 06:16:07 PM INFO mip_v1 - print:   Delivery: 45.08 (Deadline: 53.30, Delay: 0.00)
04/28/2026 06:16:07 PM INFO mip_v1 - print: 
04/28/2026 06:16:07 PM INFO mip_v1 - print: Order 42 → Factory 1
04/28/2026 06:16:07 PM INFO mip_v1 - print:   Machine 1: completion time = 45.19
04/28/2026 06:16:07 PM INFO mip_v1 - print:   Machine 2: completion time = 54.11
04/28/2026 06:16:07 PM INFO mip_v1 - print:   Machine 3: completion time = 73.05
04/28/2026 06:16:07 PM INFO mip_v1 - print:   Machine 4: completion time = 82.29
04/28/2026 06:16:07 PM INFO mip_v1 - print:   Delivery: 84.19 (Deadline: 85.40, Delay: 0.00)
04/28/2026 06:16:07 PM INFO mip_v1 - print: 
04/28/2026 06:16:07 PM INFO mip_v1 - print: Order 43 → Factory 2
04/28/2026 06:16:07 PM INFO mip_v1 - print:   Machine 1: completion time = 35.25
04/28/2026 06:16:07 PM INFO mip_v1 - print:   Machine 2: completion time = 45.23
04/28/2026 06:16:07 PM INFO mip_v1 - print:   Machine 3: completion time = 54.68
04/28/2026 06:16:07 PM INFO mip_v1 - print:   Delivery: 58.18 (Deadline: 82.40, Delay: 0.00)
04/28/2026 06:16:07 PM INFO mip_v1 - print: 
04/28/2026 06:16:07 PM INFO mip_v1 - print: Order 44 → Factory 3
04/28/2026 06:16:07 PM INFO mip_v1 - print:   Machine 1: completion time = 55.05
04/28/2026 06:16:07 PM INFO mip_v1 - print:   Machine 2: completion time = 61.92
04/28/2026 06:16:07 PM INFO mip_v1 - print:   Machine 3: completion time = 72.61
04/28/2026 06:16:07 PM INFO mip_v1 - print:   Delivery: 76.31 (Deadline: 87.30, Delay: 0.00)
04/28/2026 06:16:07 PM INFO mip_v1 - print: 
04/28/2026 06:16:07 PM INFO mip_v1 - print: Order 45 → Factory 2
04/28/2026 06:16:07 PM INFO mip_v1 - print:   Machine 1: completion time = 60.01
04/28/2026 06:16:07 PM INFO mip_v1 - print:   Machine 2: completion time = 68.29
04/28/2026 06:16:07 PM INFO mip_v1 - print:   Machine 3: completion time = 75.91
04/28/2026 06:16:07 PM INFO mip_v1 - print:   Delivery: 79.71 (Deadline: 89.60, Delay: 0.00)
04/28/2026 06:16:07 PM INFO mip_v1 - print: 
04/28/2026 06:16:07 PM INFO mip_v1 - print: Order 46 → Factory 5
04/28/2026 06:16:07 PM INFO mip_v1 - print:   Machine 1: completion time = 37.52
04/28/2026 06:16:07 PM INFO mip_v1 - print:   Machine 2: completion time = 47.51
04/28/2026 06:16:07 PM INFO mip_v1 - print:   Machine 3: completion time = 57.87
04/28/2026 06:16:07 PM INFO mip_v1 - print:   Machine 4: completion time = 66.42
04/28/2026 06:16:07 PM INFO mip_v1 - print:   Delivery: 73.72 (Deadline: 76.30, Delay: 0.00)
04/28/2026 06:16:07 PM INFO mip_v1 - print: 
04/28/2026 06:16:07 PM INFO mip_v1 - print: Order 47 → Factory 1
04/28/2026 06:16:07 PM INFO mip_v1 - print:   Machine 1: completion time = 50.30
04/28/2026 06:16:07 PM INFO mip_v1 - print:   Machine 2: completion time = 59.81
04/28/2026 06:16:07 PM INFO mip_v1 - print:   Machine 3: completion time = 65.17
04/28/2026 06:16:07 PM INFO mip_v1 - print:   Machine 4: completion time = 74.25
04/28/2026 06:16:07 PM INFO mip_v1 - print:   Delivery: 79.15 (Deadline: 84.40, Delay: 0.00)
04/28/2026 06:16:07 PM INFO mip_v1 - print: 
04/28/2026 06:16:07 PM INFO mip_v1 - print: Order 48 → Factory 4
04/28/2026 06:16:07 PM INFO mip_v1 - print:   Machine 1: completion time = 37.36
04/28/2026 06:16:07 PM INFO mip_v1 - print:   Machine 2: completion time = 49.65
04/28/2026 06:16:07 PM INFO mip_v1 - print:   Machine 3: completion time = 62.10
04/28/2026 06:16:07 PM INFO mip_v1 - print:   Machine 4: completion time = 77.95
04/28/2026 06:16:07 PM INFO mip_v1 - print:   Delivery: 82.05 (Deadline: 87.30, Delay: 0.00)
04/28/2026 06:16:07 PM INFO mip_v1 - print: 
04/28/2026 06:16:07 PM INFO mip_v1 - print: Order 49 → Factory 3
04/28/2026 06:16:07 PM INFO mip_v1 - print:   Machine 1: completion time = 68.12
04/28/2026 06:16:07 PM INFO mip_v1 - print:   Machine 2: completion time = 78.63
04/28/2026 06:16:07 PM INFO mip_v1 - print:   Machine 3: completion time = 84.70
04/28/2026 06:16:07 PM INFO mip_v1 - print:   Delivery: 90.40 (Deadline: 90.40, Delay: 0.00)
04/28/2026 06:16:07 PM INFO mip_v1 - print: 
04/28/2026 06:16:07 PM INFO mip_v1 - print: Order 50 → Factory 3
04/28/2026 06:16:07 PM INFO mip_v1 - print:   Machine 1: completion time = 47.50
04/28/2026 06:16:07 PM INFO mip_v1 - print:   Machine 2: completion time = 55.40
04/28/2026 06:16:07 PM INFO mip_v1 - print:   Machine 3: completion time = 65.68
04/28/2026 06:16:07 PM INFO mip_v1 - print:   Delivery: 70.78 (Deadline: 76.70, Delay: 0.00)
04/28/2026 06:16:07 PM INFO mip_v1 - print: 
04/28/2026 06:16:07 PM INFO mip_v1 - print: ------------------------------------------------------------
04/28/2026 06:16:07 PM INFO mip_v1 - print: COST BREAKDOWN
04/28/2026 06:16:07 PM INFO mip_v1 - print: ------------------------------------------------------------
04/28/2026 06:16:07 PM INFO mip_v1 - print: Total Revenue:          +    36133.00
04/28/2026 06:16:07 PM INFO mip_v1 - print: Production Cost:        -    15146.09
04/28/2026 06:16:07 PM INFO mip_v1 - print: Transport Cost:         -     7278.30
04/28/2026 06:16:07 PM INFO mip_v1 - print: Delay Penalty:          -      217.67
04/28/2026 06:16:07 PM INFO mip_v1 - print: ------------------------------------------------------------
04/28/2026 06:16:07 PM INFO mip_v1 - print: Total Profit:           =    13490.95
