04/29/2026 12:46:01 AM INFO mip_v1 - setup_solver_logging: ================================================================================
04/29/2026 12:46:01 AM INFO mip_v1 - setup_solver_logging: Logging started. Log file: D:\Project_Code\Paper\DP_LBBD_1\DP_lbbd\Algorithm\Results\mip_v1\small\exp_3f_15j_seed5\log\exp_3f_15j_seed5_running.log
04/29/2026 12:46:01 AM INFO mip_v1 - print: BigM calculated: 124.9
04/29/2026 12:46:01 AM INFO mip_v1 - print: Adding variables...
04/29/2026 12:46:01 AM INFO mip_v1 - print: Total variables: 3240
04/29/2026 12:46:01 AM INFO mip_v1 - print: Adding constraints...
04/29/2026 12:46:01 AM INFO mip_v1 - print: Total constraints: 6483
04/29/2026 12:46:01 AM INFO mip_v1 - print: Setting objective function...
04/29/2026 12:46:01 AM INFO mip_v1 - print: 
04/29/2026 12:46:01 AM INFO mip_v1 - print: ✓ Model LP written to: D:\Project_Code\Paper\DP_LBBD_1\DP_lbbd\Algorithm\MIP\production_model.lp
04/29/2026 12:46:01 AM INFO mip_v1 - print: 
04/29/2026 12:46:01 AM INFO mip_v1 - print: ============================================================
04/29/2026 12:46:01 AM INFO mip_v1 - print: Starting optimization...
04/29/2026 12:46:01 AM INFO mip_v1 - print: ============================================================
04/29/2026 12:46:01 AM INFO mip_v1 - print: Gurobi native log file: D:\Project_Code\Paper\DP_LBBD_1\DP_lbbd\Algorithm\Results\mip_v1\small\exp_3f_15j_seed5\log\exp_3f_15j_seed5_gurobi.log
04/29/2026 12:49:54 AM INFO mip_v1 - print: 
04/29/2026 12:49:54 AM INFO mip_v1 - print: ============================================================
04/29/2026 12:49:54 AM INFO mip_v1 - print: SOLUTION SUMMARY
04/29/2026 12:49:54 AM INFO mip_v1 - print: ============================================================
04/29/2026 12:49:54 AM INFO mip_v1 - print: ✓ Optimal solution found!
04/29/2026 12:49:54 AM INFO mip_v1 - print: 
04/29/2026 12:49:54 AM INFO mip_v1 - print: Objective Value (Total Profit): 5809.48
04/29/2026 12:49:54 AM INFO mip_v1 - print: MIP Gap: 0.00%
04/29/2026 12:49:54 AM INFO mip_v1 - print: 
04/29/2026 12:49:54 AM INFO mip_v1 - print: 📋 Accepted Orders (11/15): [1, 2, 3, 6, 7, 8, 9, 10, 12, 14, 15]
04/29/2026 12:49:54 AM INFO mip_v1 - print: 
04/29/2026 12:49:54 AM INFO mip_v1 - print: ------------------------------------------------------------
04/29/2026 12:49:54 AM INFO mip_v1 - print: ORDER ALLOCATION DETAILS
04/29/2026 12:49:54 AM INFO mip_v1 - print: ------------------------------------------------------------
04/29/2026 12:49:54 AM INFO mip_v1 - print: 
04/29/2026 12:49:54 AM INFO mip_v1 - print: Order 1 → Factory 2
04/29/2026 12:49:54 AM INFO mip_v1 - print:   Machine 1: completion time = 34.76
04/29/2026 12:49:54 AM INFO mip_v1 - print:   Machine 2: completion time = 42.65
04/29/2026 12:49:54 AM INFO mip_v1 - print:   Machine 3: completion time = 51.73
04/29/2026 12:49:54 AM INFO mip_v1 - print:   Machine 4: completion time = 60.51
04/29/2026 12:49:54 AM INFO mip_v1 - print:   Delivery: 62.81 (Deadline: 66.40, Delay: 0.00)
04/29/2026 12:49:54 AM INFO mip_v1 - print: 
04/29/2026 12:49:54 AM INFO mip_v1 - print: Order 2 → Factory 3
04/29/2026 12:49:54 AM INFO mip_v1 - print:   Machine 1: completion time = 11.98
04/29/2026 12:49:54 AM INFO mip_v1 - print:   Machine 2: completion time = 23.22
04/29/2026 12:49:54 AM INFO mip_v1 - print:   Machine 3: completion time = 33.58
04/29/2026 12:49:54 AM INFO mip_v1 - print:   Machine 4: completion time = 44.79
04/29/2026 12:49:54 AM INFO mip_v1 - print:   Machine 5: completion time = 56.08
04/29/2026 12:49:54 AM INFO mip_v1 - print:   Delivery: 59.78 (Deadline: 81.30, Delay: 0.00)
04/29/2026 12:49:54 AM INFO mip_v1 - print: 
04/29/2026 12:49:54 AM INFO mip_v1 - print: Order 3 → Factory 1
04/29/2026 12:49:54 AM INFO mip_v1 - print:   Machine 1: completion time = 15.71
04/29/2026 12:49:54 AM INFO mip_v1 - print:   Machine 2: completion time = 23.61
04/29/2026 12:49:54 AM INFO mip_v1 - print:   Machine 3: completion time = 31.86
04/29/2026 12:49:54 AM INFO mip_v1 - print:   Machine 4: completion time = 39.10
04/29/2026 12:49:54 AM INFO mip_v1 - print:   Machine 5: completion time = 47.79
04/29/2026 12:49:54 AM INFO mip_v1 - print:   Delivery: 51.49 (Deadline: 69.80, Delay: 0.00)
04/29/2026 12:49:54 AM INFO mip_v1 - print: 
04/29/2026 12:49:54 AM INFO mip_v1 - print: Order 6 → Factory 2
04/29/2026 12:49:54 AM INFO mip_v1 - print:   Machine 1: completion time = 11.73
04/29/2026 12:49:54 AM INFO mip_v1 - print:   Machine 2: completion time = 19.76
04/29/2026 12:49:54 AM INFO mip_v1 - print:   Machine 3: completion time = 27.35
04/29/2026 12:49:54 AM INFO mip_v1 - print:   Machine 4: completion time = 35.01
04/29/2026 12:49:54 AM INFO mip_v1 - print:   Delivery: 37.61 (Deadline: 60.20, Delay: 0.00)
04/29/2026 12:49:54 AM INFO mip_v1 - print: 
04/29/2026 12:49:54 AM INFO mip_v1 - print: Order 7 → Factory 3
04/29/2026 12:49:54 AM INFO mip_v1 - print:   Machine 1: completion time = 31.08
04/29/2026 12:49:54 AM INFO mip_v1 - print:   Machine 2: completion time = 42.74
04/29/2026 12:49:54 AM INFO mip_v1 - print:   Machine 3: completion time = 52.24
04/29/2026 12:49:54 AM INFO mip_v1 - print:   Machine 4: completion time = 63.41
04/29/2026 12:49:54 AM INFO mip_v1 - print:   Machine 5: completion time = 75.74
04/29/2026 12:49:54 AM INFO mip_v1 - print:   Delivery: 80.84 (Deadline: 84.30, Delay: 0.00)
04/29/2026 12:49:54 AM INFO mip_v1 - print: 
04/29/2026 12:49:54 AM INFO mip_v1 - print: Order 8 → Factory 2
04/29/2026 12:49:54 AM INFO mip_v1 - print:   Machine 1: completion time = 48.84
04/29/2026 12:49:54 AM INFO mip_v1 - print:   Machine 2: completion time = 63.23
04/29/2026 12:49:54 AM INFO mip_v1 - print:   Machine 3: completion time = 76.80
04/29/2026 12:49:54 AM INFO mip_v1 - print:   Machine 4: completion time = 91.42
04/29/2026 12:49:54 AM INFO mip_v1 - print:   Delivery: 94.02 (Deadline: 92.40, Delay: 1.62)
04/29/2026 12:49:54 AM INFO mip_v1 - print: 
04/29/2026 12:49:54 AM INFO mip_v1 - print: Order 9 → Factory 2
04/29/2026 12:49:54 AM INFO mip_v1 - print:   Machine 1: completion time = 26.70
04/29/2026 12:49:54 AM INFO mip_v1 - print:   Machine 2: completion time = 35.08
04/29/2026 12:49:54 AM INFO mip_v1 - print:   Machine 3: completion time = 43.82
04/29/2026 12:49:54 AM INFO mip_v1 - print:   Machine 4: completion time = 52.32
04/29/2026 12:49:54 AM INFO mip_v1 - print:   Delivery: 53.82 (Deadline: 67.20, Delay: 0.00)
04/29/2026 12:49:54 AM INFO mip_v1 - print: 
04/29/2026 12:49:54 AM INFO mip_v1 - print: Order 10 → Factory 3
04/29/2026 12:49:54 AM INFO mip_v1 - print:   Machine 1: completion time = 39.29
04/29/2026 12:49:54 AM INFO mip_v1 - print:   Machine 2: completion time = 51.43
04/29/2026 12:49:54 AM INFO mip_v1 - print:   Machine 3: completion time = 60.40
04/29/2026 12:49:54 AM INFO mip_v1 - print:   Machine 4: completion time = 72.07
04/29/2026 12:49:54 AM INFO mip_v1 - print:   Machine 5: completion time = 84.69
04/29/2026 12:49:54 AM INFO mip_v1 - print:   Delivery: 86.49 (Deadline: 87.10, Delay: 0.00)
04/29/2026 12:49:54 AM INFO mip_v1 - print: 
04/29/2026 12:49:54 AM INFO mip_v1 - print: Order 12 → Factory 1
04/29/2026 12:49:54 AM INFO mip_v1 - print:   Machine 1: completion time = 23.73
04/29/2026 12:49:54 AM INFO mip_v1 - print:   Machine 2: completion time = 32.65
04/29/2026 12:49:54 AM INFO mip_v1 - print:   Machine 3: completion time = 41.99
04/29/2026 12:49:54 AM INFO mip_v1 - print:   Machine 4: completion time = 50.25
04/29/2026 12:49:54 AM INFO mip_v1 - print:   Machine 5: completion time = 60.14
04/29/2026 12:49:54 AM INFO mip_v1 - print:   Delivery: 67.54 (Deadline: 90.30, Delay: 0.00)
04/29/2026 12:49:54 AM INFO mip_v1 - print: 
04/29/2026 12:49:54 AM INFO mip_v1 - print: Order 14 → Factory 3
04/29/2026 12:49:54 AM INFO mip_v1 - print:   Machine 1: completion time = 21.92
04/29/2026 12:49:54 AM INFO mip_v1 - print:   Machine 2: completion time = 31.68
04/29/2026 12:49:54 AM INFO mip_v1 - print:   Machine 3: completion time = 41.02
04/29/2026 12:49:54 AM INFO mip_v1 - print:   Machine 4: completion time = 53.08
04/29/2026 12:49:54 AM INFO mip_v1 - print:   Machine 5: completion time = 64.34
04/29/2026 12:49:54 AM INFO mip_v1 - print:   Delivery: 70.64 (Deadline: 74.30, Delay: 0.00)
04/29/2026 12:49:54 AM INFO mip_v1 - print: 
04/29/2026 12:49:54 AM INFO mip_v1 - print: Order 15 → Factory 2
04/29/2026 12:49:54 AM INFO mip_v1 - print:   Machine 1: completion time = 18.00
04/29/2026 12:49:54 AM INFO mip_v1 - print:   Machine 2: completion time = 26.33
04/29/2026 12:49:54 AM INFO mip_v1 - print:   Machine 3: completion time = 34.07
04/29/2026 12:49:54 AM INFO mip_v1 - print:   Machine 4: completion time = 41.69
04/29/2026 12:49:54 AM INFO mip_v1 - print:   Delivery: 43.59 (Deadline: 58.90, Delay: 0.00)
04/29/2026 12:49:54 AM INFO mip_v1 - print: 
04/29/2026 12:49:54 AM INFO mip_v1 - print: ------------------------------------------------------------
04/29/2026 12:49:54 AM INFO mip_v1 - print: COST BREAKDOWN
04/29/2026 12:49:54 AM INFO mip_v1 - print: ------------------------------------------------------------
04/29/2026 12:49:54 AM INFO mip_v1 - print: Total Revenue:          +    14936.00
04/29/2026 12:49:54 AM INFO mip_v1 - print: Production Cost:        -     6656.70
04/29/2026 12:49:54 AM INFO mip_v1 - print: Transport Cost:         -     2354.30
04/29/2026 12:49:54 AM INFO mip_v1 - print: Delay Penalty:          -      115.52
04/29/2026 12:49:54 AM INFO mip_v1 - print: ------------------------------------------------------------
04/29/2026 12:49:54 AM INFO mip_v1 - print: Total Profit:           =     5809.48
