05/04/2026 09:23:22 PM INFO proposed_lbbd_solver - setup_solver_logging: ================================================================================
05/04/2026 09:23:22 PM INFO proposed_lbbd_solver - setup_solver_logging: Logging started. Log file: D:\Project_Code\Paper\DP_LBBD_1\DP_lbbd\Algorithm\Results\proposed_lbbd\transport_gamma_medium\exp_5f_45j_seed3_gamma_1p25\log\exp_5f_45j_seed3_gamma_1p25_running.log
05/04/2026 09:23:22 PM INFO proposed_lbbd_solver - print: Feasible pairs: 152/225
05/04/2026 09:23:22 PM INFO proposed_lbbd_solver - print: [Preprocess] Infeasible assignment detected: order 5 → factory 1 (E=108.31 > deadline=99.80)
05/04/2026 09:23:22 PM INFO proposed_lbbd_solver - print: [Preprocess] Infeasible assignment detected: order 35 → factory 1 (E=103.30 > deadline=98.30)
05/04/2026 09:23:22 PM INFO proposed_lbbd_solver - print: [Preprocess] Infeasible assignment detected: order 3 → factory 1 (E=114.07 > deadline=96.60)
05/04/2026 09:23:22 PM INFO proposed_lbbd_solver - print: [Preprocess] Infeasible assignment detected: order 14 → factory 1 (E=92.92 > deadline=91.60)
05/04/2026 09:23:22 PM INFO proposed_lbbd_solver - print: [Preprocess] Infeasible assignment detected: order 37 → factory 3 (E=78.57 > deadline=74.30)
05/04/2026 09:23:22 PM INFO proposed_lbbd_solver - print: [Preprocess] Infeasible assignment detected: order 3 → factory 3 (E=97.93 > deadline=96.60)
05/04/2026 09:23:22 PM INFO proposed_lbbd_solver - print: [Preprocess] Infeasible assignment detected: order 23 → factory 1 (E=135.71 > deadline=121.20)
05/04/2026 09:23:22 PM INFO proposed_lbbd_solver - print: [Preprocess] Infeasible assignment detected: order 25 → factory 1 (E=87.91 > deadline=85.20)
05/04/2026 09:23:22 PM INFO proposed_lbbd_solver - print: [Preprocess] Infeasible assignment detected: order 4 → factory 1 (E=51.52 > deadline=51.50)
05/04/2026 09:23:22 PM INFO proposed_lbbd_solver - print: [Preprocess] Infeasible assignment detected: order 43 → factory 1 (E=94.30 > deadline=93.30)
05/04/2026 09:23:22 PM INFO proposed_lbbd_solver - print: [Preprocess] Infeasible assignment detected: order 11 → factory 1 (E=84.54 > deadline=74.70)
05/04/2026 09:23:22 PM INFO proposed_lbbd_solver - print: [Preprocess] Infeasible assignment detected: order 39 → factory 1 (E=93.91 > deadline=81.10)
05/04/2026 09:23:22 PM INFO proposed_lbbd_solver - print: [Preprocess] Infeasible assignment detected: order 1 → factory 1 (E=76.28 > deadline=70.40)
05/04/2026 09:23:22 PM INFO proposed_lbbd_solver - print: [Preprocess] Infeasible assignments detected: 13
05/04/2026 09:23:22 PM INFO proposed_lbbd_solver - print: [Preprocess] Unprofitable assignment detected: order 1 → factory 1
05/04/2026 09:23:22 PM INFO proposed_lbbd_solver - print: [Preprocess] Unprofitable assignment detected: order 1 → factory 3
05/04/2026 09:23:22 PM INFO proposed_lbbd_solver - print: [Preprocess] Unprofitable assignment detected: order 2 → factory 3
05/04/2026 09:23:22 PM INFO proposed_lbbd_solver - print: [Preprocess] Unprofitable assignment detected: order 3 → factory 1
05/04/2026 09:23:22 PM INFO proposed_lbbd_solver - print: [Preprocess] Unprofitable assignment detected: order 3 → factory 3
05/04/2026 09:23:22 PM INFO proposed_lbbd_solver - print: [Preprocess] Unprofitable assignment detected: order 4 → factory 1
05/04/2026 09:23:22 PM INFO proposed_lbbd_solver - print: [Preprocess] Unprofitable assignment detected: order 4 → factory 3
05/04/2026 09:23:22 PM INFO proposed_lbbd_solver - print: [Preprocess] Unprofitable assignment detected: order 4 → factory 5
05/04/2026 09:23:22 PM INFO proposed_lbbd_solver - print: [Preprocess] Unprofitable assignment detected: order 5 → factory 1
05/04/2026 09:23:22 PM INFO proposed_lbbd_solver - print: [Preprocess] Unprofitable assignment detected: order 6 → factory 1
05/04/2026 09:23:22 PM INFO proposed_lbbd_solver - print: [Preprocess] Unprofitable assignment detected: order 6 → factory 3
05/04/2026 09:23:22 PM INFO proposed_lbbd_solver - print: [Preprocess] Unprofitable assignment detected: order 7 → factory 3
05/04/2026 09:23:22 PM INFO proposed_lbbd_solver - print: [Preprocess] Unprofitable assignment detected: order 7 → factory 5
05/04/2026 09:23:22 PM INFO proposed_lbbd_solver - print: [Preprocess] Unprofitable assignment detected: order 8 → factory 1
05/04/2026 09:23:22 PM INFO proposed_lbbd_solver - print: [Preprocess] Unprofitable assignment detected: order 9 → factory 3
05/04/2026 09:23:22 PM INFO proposed_lbbd_solver - print: [Preprocess] Unprofitable assignment detected: order 9 → factory 5
05/04/2026 09:23:22 PM INFO proposed_lbbd_solver - print: [Preprocess] Unprofitable assignment detected: order 10 → factory 1
05/04/2026 09:23:22 PM INFO proposed_lbbd_solver - print: [Preprocess] Unprofitable assignment detected: order 10 → factory 5
05/04/2026 09:23:22 PM INFO proposed_lbbd_solver - print: [Preprocess] Unprofitable assignment detected: order 11 → factory 1
05/04/2026 09:23:22 PM INFO proposed_lbbd_solver - print: [Preprocess] Unprofitable assignment detected: order 11 → factory 3
05/04/2026 09:23:22 PM INFO proposed_lbbd_solver - print: [Preprocess] Unprofitable assignment detected: order 12 → factory 3
05/04/2026 09:23:22 PM INFO proposed_lbbd_solver - print: [Preprocess] Unprofitable assignment detected: order 13 → factory 3
05/04/2026 09:23:22 PM INFO proposed_lbbd_solver - print: [Preprocess] Unprofitable assignment detected: order 14 → factory 1
05/04/2026 09:23:22 PM INFO proposed_lbbd_solver - print: [Preprocess] Unprofitable assignment detected: order 14 → factory 3
05/04/2026 09:23:22 PM INFO proposed_lbbd_solver - print: [Preprocess] Unprofitable assignment detected: order 14 → factory 4
05/04/2026 09:23:22 PM INFO proposed_lbbd_solver - print: [Preprocess] Unprofitable assignment detected: order 14 → factory 5
05/04/2026 09:23:22 PM INFO proposed_lbbd_solver - print: [Preprocess] Unprofitable assignment detected: order 15 → factory 1
05/04/2026 09:23:22 PM INFO proposed_lbbd_solver - print: [Preprocess] Unprofitable assignment detected: order 17 → factory 1
05/04/2026 09:23:22 PM INFO proposed_lbbd_solver - print: [Preprocess] Unprofitable assignment detected: order 17 → factory 3
05/04/2026 09:23:22 PM INFO proposed_lbbd_solver - print: [Preprocess] Unprofitable assignment detected: order 18 → factory 1
05/04/2026 09:23:22 PM INFO proposed_lbbd_solver - print: [Preprocess] Unprofitable assignment detected: order 18 → factory 3
05/04/2026 09:23:22 PM INFO proposed_lbbd_solver - print: [Preprocess] Unprofitable assignment detected: order 18 → factory 4
05/04/2026 09:23:22 PM INFO proposed_lbbd_solver - print: [Preprocess] Unprofitable assignment detected: order 19 → factory 1
05/04/2026 09:23:22 PM INFO proposed_lbbd_solver - print: [Preprocess] Unprofitable assignment detected: order 19 → factory 5
05/04/2026 09:23:22 PM INFO proposed_lbbd_solver - print: [Preprocess] Unprofitable assignment detected: order 20 → factory 1
05/04/2026 09:23:22 PM INFO proposed_lbbd_solver - print: [Preprocess] Unprofitable assignment detected: order 20 → factory 3
05/04/2026 09:23:22 PM INFO proposed_lbbd_solver - print: [Preprocess] Unprofitable assignment detected: order 20 → factory 4
05/04/2026 09:23:22 PM INFO proposed_lbbd_solver - print: [Preprocess] Unprofitable assignment detected: order 21 → factory 3
05/04/2026 09:23:22 PM INFO proposed_lbbd_solver - print: [Preprocess] Unprofitable assignment detected: order 23 → factory 1
05/04/2026 09:23:22 PM INFO proposed_lbbd_solver - print: [Preprocess] Unprofitable assignment detected: order 23 → factory 3
05/04/2026 09:23:22 PM INFO proposed_lbbd_solver - print: [Preprocess] Unprofitable assignment detected: order 23 → factory 5
05/04/2026 09:23:22 PM INFO proposed_lbbd_solver - print: [Preprocess] Unprofitable assignment detected: order 25 → factory 1
05/04/2026 09:23:22 PM INFO proposed_lbbd_solver - print: [Preprocess] Unprofitable assignment detected: order 26 → factory 1
05/04/2026 09:23:22 PM INFO proposed_lbbd_solver - print: [Preprocess] Unprofitable assignment detected: order 27 → factory 1
05/04/2026 09:23:22 PM INFO proposed_lbbd_solver - print: [Preprocess] Unprofitable assignment detected: order 28 → factory 3
05/04/2026 09:23:22 PM INFO proposed_lbbd_solver - print: [Preprocess] Unprofitable assignment detected: order 34 → factory 1
05/04/2026 09:23:22 PM INFO proposed_lbbd_solver - print: [Preprocess] Unprofitable assignment detected: order 34 → factory 3
05/04/2026 09:23:22 PM INFO proposed_lbbd_solver - print: [Preprocess] Unprofitable assignment detected: order 35 → factory 1
05/04/2026 09:23:22 PM INFO proposed_lbbd_solver - print: [Preprocess] Unprofitable assignment detected: order 35 → factory 5
05/04/2026 09:23:22 PM INFO proposed_lbbd_solver - print: [Preprocess] Unprofitable assignment detected: order 36 → factory 1
05/04/2026 09:23:22 PM INFO proposed_lbbd_solver - print: [Preprocess] Unprofitable assignment detected: order 37 → factory 3
05/04/2026 09:23:22 PM INFO proposed_lbbd_solver - print: [Preprocess] Unprofitable assignment detected: order 38 → factory 1
05/04/2026 09:23:22 PM INFO proposed_lbbd_solver - print: [Preprocess] Unprofitable assignment detected: order 38 → factory 5
05/04/2026 09:23:22 PM INFO proposed_lbbd_solver - print: [Preprocess] Unprofitable assignment detected: order 39 → factory 1
05/04/2026 09:23:22 PM INFO proposed_lbbd_solver - print: [Preprocess] Unprofitable assignment detected: order 39 → factory 3
05/04/2026 09:23:22 PM INFO proposed_lbbd_solver - print: [Preprocess] Unprofitable assignment detected: order 40 → factory 1
05/04/2026 09:23:22 PM INFO proposed_lbbd_solver - print: [Preprocess] Unprofitable assignment detected: order 40 → factory 3
05/04/2026 09:23:22 PM INFO proposed_lbbd_solver - print: [Preprocess] Unprofitable assignment detected: order 40 → factory 5
05/04/2026 09:23:22 PM INFO proposed_lbbd_solver - print: [Preprocess] Unprofitable assignment detected: order 41 → factory 3
05/04/2026 09:23:22 PM INFO proposed_lbbd_solver - print: [Preprocess] Unprofitable assignment detected: order 42 → factory 3
05/04/2026 09:23:22 PM INFO proposed_lbbd_solver - print: [Preprocess] Unprofitable assignment detected: order 43 → factory 1
05/04/2026 09:23:22 PM INFO proposed_lbbd_solver - print: [Preprocess] Unprofitable assignment detected: order 44 → factory 1
05/04/2026 09:23:22 PM INFO proposed_lbbd_solver - print: [Preprocess] Unprofitable assignment detected: order 44 → factory 3
05/04/2026 09:23:22 PM INFO proposed_lbbd_solver - print: [Preprocess] Unprofitable assignment detected: order 45 → factory 3
05/04/2026 09:23:22 PM INFO proposed_lbbd_solver - print: [Preprocess] Unprofitable assignments: 64
05/04/2026 09:23:22 PM INFO proposed_lbbd_solver - print: [Preprocess] Unprofitable orders: 0
05/04/2026 09:23:22 PM INFO proposed_lbbd_solver - print: [Preprocess] High-risk orders: 33
05/04/2026 09:23:22 PM INFO proposed_lbbd_solver - print: [Preprocess] Pairwise conflict detected: order 1 and order 3 in factory 1
05/04/2026 09:23:22 PM INFO proposed_lbbd_solver - print: [Preprocess] Pairwise conflict detected: order 1 and order 5 in factory 1
05/04/2026 09:23:22 PM INFO proposed_lbbd_solver - print: [Preprocess] Pairwise conflict detected: order 1 and order 11 in factory 1
05/04/2026 09:23:22 PM INFO proposed_lbbd_solver - print: [Preprocess] Pairwise conflict detected: order 1 and order 23 in factory 1
05/04/2026 09:23:22 PM INFO proposed_lbbd_solver - print: [Preprocess] Pairwise conflict detected: order 1 and order 39 in factory 1
05/04/2026 09:23:22 PM INFO proposed_lbbd_solver - print: [Preprocess] Pairwise conflict detected: order 3 and order 5 in factory 1
05/04/2026 09:23:22 PM INFO proposed_lbbd_solver - print: [Preprocess] Pairwise conflict detected: order 3 and order 11 in factory 1
05/04/2026 09:23:22 PM INFO proposed_lbbd_solver - print: [Preprocess] Pairwise conflict detected: order 3 and order 23 in factory 1
05/04/2026 09:23:22 PM INFO proposed_lbbd_solver - print: [Preprocess] Pairwise conflict detected: order 3 and order 39 in factory 1
05/04/2026 09:23:22 PM INFO proposed_lbbd_solver - print: [Preprocess] Pairwise conflict detected: order 5 and order 11 in factory 1
05/04/2026 09:23:22 PM INFO proposed_lbbd_solver - print: [Preprocess] Pairwise conflict detected: order 5 and order 23 in factory 1
05/04/2026 09:23:22 PM INFO proposed_lbbd_solver - print: [Preprocess] Pairwise conflict detected: order 5 and order 39 in factory 1
05/04/2026 09:23:22 PM INFO proposed_lbbd_solver - print: [Preprocess] Pairwise conflict detected: order 11 and order 23 in factory 1
05/04/2026 09:23:22 PM INFO proposed_lbbd_solver - print: [Preprocess] Pairwise conflict detected: order 11 and order 39 in factory 1
05/04/2026 09:23:22 PM INFO proposed_lbbd_solver - print: [Preprocess] Pairwise conflict detected: order 23 and order 39 in factory 1
05/04/2026 09:23:23 PM INFO proposed_lbbd_solver - print: [Preprocess] Pairwise conflict detected: order 2 and order 3 in factory 3
05/04/2026 09:23:23 PM INFO proposed_lbbd_solver - print: [Preprocess] Pairwise conflict detected: order 2 and order 24 in factory 3
05/04/2026 09:23:23 PM INFO proposed_lbbd_solver - print: [Preprocess] Pairwise conflict detected: order 2 and order 28 in factory 3
05/04/2026 09:23:23 PM INFO proposed_lbbd_solver - print: [Preprocess] Pairwise conflict detected: order 2 and order 37 in factory 3
05/04/2026 09:23:23 PM INFO proposed_lbbd_solver - print: [Preprocess] Pairwise conflict detected: order 3 and order 13 in factory 3
05/04/2026 09:23:23 PM INFO proposed_lbbd_solver - print: [Preprocess] Pairwise conflict detected: order 3 and order 21 in factory 3
05/04/2026 09:23:23 PM INFO proposed_lbbd_solver - print: [Preprocess] Pairwise conflict detected: order 3 and order 24 in factory 3
05/04/2026 09:23:23 PM INFO proposed_lbbd_solver - print: [Preprocess] Pairwise conflict detected: order 3 and order 28 in factory 3
05/04/2026 09:23:23 PM INFO proposed_lbbd_solver - print: [Preprocess] Pairwise conflict detected: order 3 and order 37 in factory 3
05/04/2026 09:23:23 PM INFO proposed_lbbd_solver - print: [Preprocess] Pairwise conflict detected: order 13 and order 21 in factory 3
05/04/2026 09:23:23 PM INFO proposed_lbbd_solver - print: [Preprocess] Pairwise conflict detected: order 13 and order 24 in factory 3
05/04/2026 09:23:23 PM INFO proposed_lbbd_solver - print: [Preprocess] Pairwise conflict detected: order 13 and order 37 in factory 3
05/04/2026 09:23:23 PM INFO proposed_lbbd_solver - print: [Preprocess] Pairwise conflict detected: order 21 and order 37 in factory 3
05/04/2026 09:23:23 PM INFO proposed_lbbd_solver - print: [Preprocess] Pairwise conflict detected: order 24 and order 28 in factory 3
05/04/2026 09:23:23 PM INFO proposed_lbbd_solver - print: [Preprocess] Pairwise conflict detected: order 24 and order 37 in factory 3
05/04/2026 09:23:23 PM INFO proposed_lbbd_solver - print: [Preprocess] Pairwise conflict detected: order 28 and order 37 in factory 3
05/04/2026 09:23:23 PM INFO proposed_lbbd_solver - print: [Preprocess] Pairwise conflicts detected: 31
05/04/2026 09:23:23 PM INFO proposed_lbbd_solver - print: [Preprocess] Factory 2 has 6 clusters from 32 orders
05/04/2026 09:23:23 PM INFO proposed_lbbd_solver - print: [Preprocess] Cluster conflict detected: factory 2, orders [2, 3, 17, 20, 28, 30, 34, 35, 40]
05/04/2026 09:23:23 PM INFO proposed_lbbd_solver - print: [Preprocess] Cluster conflict detected: factory 2, orders [9, 10, 13, 18, 26, 27, 36, 39]
05/04/2026 09:23:23 PM INFO proposed_lbbd_solver - print: [Preprocess] Cluster conflict detected: factory 2, orders [5, 14, 16, 31, 32, 42]
05/04/2026 09:23:23 PM INFO proposed_lbbd_solver - print: [Preprocess] Factory 4 has 5 clusters from 29 orders
05/04/2026 09:23:24 PM INFO proposed_lbbd_solver - print: [Preprocess] Cluster conflict detected: factory 4, orders [1, 4, 6, 7, 10, 13, 21, 26, 33, 36]
05/04/2026 09:23:24 PM INFO proposed_lbbd_solver - print: [Preprocess] Cluster conflict detected: factory 4, orders [11, 16, 24, 31, 32, 37, 38, 42]
05/04/2026 09:23:24 PM INFO proposed_lbbd_solver - print: [Preprocess] Cluster conflict detected: factory 4, orders [8, 19, 29, 35, 40]
05/04/2026 09:23:24 PM INFO proposed_lbbd_solver - print: [Preprocess] Factory 5 has 3 clusters from 16 orders
05/04/2026 09:23:24 PM INFO proposed_lbbd_solver - print: [Preprocess] Cluster conflict detected: factory 5, orders [2, 12, 13, 17, 25, 29, 30, 44]
05/04/2026 09:23:24 PM INFO proposed_lbbd_solver - print: [Preprocess] Cluster conflict detected: factory 5, orders [8, 11, 22, 26, 32, 42, 45]
05/04/2026 09:23:24 PM INFO proposed_lbbd_solver - print: [Preprocess] Cluster conflicts detected: 8
05/04/2026 09:23:24 PM INFO proposed_lbbd_solver - print: [Master Enhancement] Capacity feasibility enhancement constrains: 2562
05/04/2026 09:23:24 PM INFO proposed_lbbd_solver - print: [Master Modeling] Earliest completion lower bounds constraints: 2
05/04/2026 09:23:24 PM INFO proposed_lbbd_solver - print: [Master Modeling] Makespan-based delay bounds constraints: 13
05/04/2026 09:23:24 PM INFO proposed_lbbd_solver - print: [Master Enhancement] Lower bound delay cost enhancement constrains: 3242
05/04/2026 09:23:24 PM INFO proposed_lbbd_solver - print: 
05/04/2026 09:23:24 PM INFO proposed_lbbd_solver - print: [Model Statistics]
05/04/2026 09:23:24 PM INFO proposed_lbbd_solver - print:   Variables: 212
05/04/2026 09:23:24 PM INFO proposed_lbbd_solver - print:   Constraints: 5910
05/04/2026 09:23:24 PM INFO proposed_lbbd_solver - print: 
05/04/2026 09:23:24 PM INFO proposed_lbbd_solver - print: [Preprocess Statistics]
05/04/2026 09:23:24 PM INFO proposed_lbbd_solver - print:   Infeasible eliminated: 13
05/04/2026 09:23:24 PM INFO proposed_lbbd_solver - print:   Unprofitable orders: 0
05/04/2026 09:23:24 PM INFO proposed_lbbd_solver - print:   Unprofitable assignments: 64
05/04/2026 09:23:24 PM INFO proposed_lbbd_solver - print:   Pairwise conflicts: 31
05/04/2026 09:23:24 PM INFO proposed_lbbd_solver - print:   Cluster conflicts: 8
05/04/2026 09:23:24 PM INFO proposed_lbbd_solver - print: 
05/04/2026 09:23:24 PM INFO proposed_lbbd_solver - print: [Master Enhancement Statistics]
05/04/2026 09:23:24 PM INFO proposed_lbbd_solver - print:   Capacity feasibility enhancement constrains: 2562
05/04/2026 09:23:24 PM INFO proposed_lbbd_solver - print:   Lower bound delay cost enhancement constrains: 3242
05/04/2026 09:23:24 PM INFO proposed_lbbd_solver - _callback: [Gurobi] Gurobi Optimizer version 10.0.1 build v10.0.1rc0 (win64)
05/04/2026 09:23:24 PM INFO proposed_lbbd_solver - _callback: [Gurobi] CPU model: Intel(R) Core(TM) Ultra 7 265KF, instruction set [SSE2|AVX|AVX2]
05/04/2026 09:23:24 PM INFO proposed_lbbd_solver - _callback: [Gurobi] Thread count: 20 physical cores, 20 logical processors, using up to 20 threads
05/04/2026 09:23:24 PM INFO proposed_lbbd_solver - _callback: [Gurobi] Optimize a model with 5910 rows, 212 columns and 73737 nonzeros
05/04/2026 09:23:24 PM INFO proposed_lbbd_solver - _callback: [Gurobi] Model fingerprint: 0x5df7c055
05/04/2026 09:23:24 PM INFO proposed_lbbd_solver - _callback: [Gurobi] Variable types: 15 continuous, 197 integer (197 binary)
05/04/2026 09:23:24 PM INFO proposed_lbbd_solver - _callback: [Gurobi] Coefficient statistics:
05/04/2026 09:23:24 PM INFO proposed_lbbd_solver - _callback: [Gurobi] Matrix range     [1e+00, 2e+03]
05/04/2026 09:23:24 PM INFO proposed_lbbd_solver - _callback: [Gurobi] Objective range  [1e+00, 2e+03]
05/04/2026 09:23:24 PM INFO proposed_lbbd_solver - _callback: [Gurobi] Bounds range     [1e+00, 2e+04]
05/04/2026 09:23:24 PM INFO proposed_lbbd_solver - _callback: [Gurobi] RHS range        [1e+00, 5e+03]
05/04/2026 09:23:24 PM INFO proposed_lbbd_solver - print: ***[Validated]*** obj=0.00, delay=0.00, bound=10000000000000000159028911097599180468360808563945281389781327557747838772170381060813469985856815104.00, gap=999999999999999977049513265245336628446842719924150006129995974731993452180789911303261294481511546880.00%, t=0.0s
05/04/2026 09:23:24 PM INFO proposed_lbbd_solver - _callback: [Gurobi] Found heuristic solution: objective -0.0000000
05/04/2026 09:23:24 PM INFO proposed_lbbd_solver - _callback: [Gurobi] Presolve removed 787 rows and 80 columns
05/04/2026 09:23:24 PM INFO proposed_lbbd_solver - _callback: [Gurobi] Presolve time: 0.06s
05/04/2026 09:23:24 PM INFO proposed_lbbd_solver - _callback: [Gurobi] Presolved: 5123 rows, 132 columns, 66870 nonzeros
05/04/2026 09:23:24 PM INFO proposed_lbbd_solver - _callback: [Gurobi] Variable types: 15 continuous, 117 integer (117 binary)
05/04/2026 09:23:24 PM INFO proposed_lbbd_solver - print: >>>Parallel subproblem time: 0.017s for 4 factories
05/04/2026 09:23:24 PM INFO proposed_lbbd_solver - print:  Added optimal optimality cut: factory=2, orders=[9, 14, 18, 21, 28, 39, 40, 41], cost=1283.24, theta_est=0.00
05/04/2026 09:23:24 PM INFO proposed_lbbd_solver - print:  Added optimal optimality cut: factory=4, orders=[1, 2, 3, 4, 7, 19, 23, 38], cost=652.50, theta_est=0.00
05/04/2026 09:23:24 PM INFO proposed_lbbd_solver - print: ***[Validated]*** obj=6143.71, delay=1935.73, bound=39102.07, gap=536.46%, t=0.1s
05/04/2026 09:23:24 PM INFO proposed_lbbd_solver - _callback: [Gurobi] Root relaxation presolved: 5125 rows, 132 columns, 66888 nonzeros
05/04/2026 09:23:24 PM INFO proposed_lbbd_solver - _callback: [Gurobi] Root relaxation: objective 1.187265e+04, 85 iterations, 0.01 seconds (0.03 work units)
05/04/2026 09:23:24 PM INFO proposed_lbbd_solver - _callback: [Gurobi] Nodes    |    Current Node    |     Objective Bounds      |     Work
05/04/2026 09:23:24 PM INFO proposed_lbbd_solver - _callback: [Gurobi] Expl Unexpl |  Obj  Depth IntInf | Incumbent    BestBd   Gap | It/Node Time
05/04/2026 09:23:24 PM INFO proposed_lbbd_solver - _callback: [Gurobi] 0     0 11872.6464    0   19   -0.00000 11872.6464      -     -    0s
05/04/2026 09:23:24 PM INFO proposed_lbbd_solver - print: >>>Parallel subproblem time: 0.021s for 5 factories
05/04/2026 09:23:24 PM INFO proposed_lbbd_solver - print: ***[Validated]*** obj=10342.00, delay=333.29, bound=11872.65, gap=14.80%, t=0.1s
05/04/2026 09:23:24 PM INFO proposed_lbbd_solver - _callback: [Gurobi] H    0     0                    10342.000017 11872.6464  14.8%     -    0s
05/04/2026 09:23:24 PM INFO proposed_lbbd_solver - print: >>>Parallel subproblem time: 0.026s for 5 factories
05/04/2026 09:23:24 PM INFO proposed_lbbd_solver - print:  Added optimal optimality cut: factory=2, orders=[3, 5, 14, 22, 24, 26, 39, 40, 43], cost=635.33, theta_est=123.07
05/04/2026 09:23:24 PM INFO proposed_lbbd_solver - print:  Added optimal optimality cut: factory=4, orders=[6, 8, 11, 16, 19, 21, 23, 31, 33, 36], cost=43.71, theta_est=9.92
05/04/2026 09:23:24 PM INFO proposed_lbbd_solver - print:  Added optimal optimality cut: factory=5, orders=[12, 13, 25, 30, 32, 44], cost=88.45, theta_est=71.34
05/04/2026 09:23:24 PM INFO proposed_lbbd_solver - print: ***[Validated]*** obj=11043.28, delay=1100.78, bound=11872.65, gap=7.51%, t=0.2s
05/04/2026 09:23:24 PM INFO proposed_lbbd_solver - print: >>>Parallel subproblem time: 0.025s for 5 factories
05/04/2026 09:23:24 PM INFO proposed_lbbd_solver - _callback: [Gurobi] H    0     0                    11043.280142 11872.6464  7.51%     -    0s
05/04/2026 09:23:25 PM INFO proposed_lbbd_solver - _callback: [Gurobi] 0     0 11841.1586    0   25 11043.2801 11841.1586  7.23%     -    0s
05/04/2026 09:23:25 PM INFO proposed_lbbd_solver - print: >>>Parallel subproblem time: 0.025s for 5 factories
05/04/2026 09:23:25 PM INFO proposed_lbbd_solver - print:  Added feasibility cut: factory=2, conflict orders=[3, 5, 9, 22, 24, 26, 39, 40, 43]
05/04/2026 09:23:25 PM INFO proposed_lbbd_solver - print: >>>Parallel subproblem time: 0.019s for 5 factories
05/04/2026 09:23:25 PM INFO proposed_lbbd_solver - print:  Added optimal optimality cut: factory=2, orders=[3, 5, 14, 24, 26, 32, 39, 40, 43], cost=375.33, theta_est=112.46
05/04/2026 09:23:25 PM INFO proposed_lbbd_solver - print:  Added optimal optimality cut: factory=4, orders=[6, 8, 11, 16, 19, 21, 23, 31, 33, 36, 37], cost=1383.51, theta_est=234.08
05/04/2026 09:23:25 PM INFO proposed_lbbd_solver - _callback: [Gurobi] 0     0 11800.5336    0   25 11043.2801 11800.5336  6.86%     -    0s
05/04/2026 09:23:25 PM INFO proposed_lbbd_solver - _callback: [Gurobi] 0     0 11799.5264    0   25 11043.2801 11799.5264  6.85%     -    0s
05/04/2026 09:23:25 PM INFO proposed_lbbd_solver - _callback: [Gurobi] 0     0 11799.2788    0   23 11043.2801 11799.2788  6.85%     -    0s
05/04/2026 09:23:25 PM INFO proposed_lbbd_solver - _callback: [Gurobi] 0     0 11761.7247    0   24 11043.2801 11761.7247  6.51%     -    0s
05/04/2026 09:23:25 PM INFO proposed_lbbd_solver - print: >>>Parallel subproblem time: 0.020s for 5 factories
05/04/2026 09:23:25 PM INFO proposed_lbbd_solver - print: ***[Validated]*** obj=11306.39, delay=377.00, bound=11761.72, gap=4.03%, t=0.5s
05/04/2026 09:23:25 PM INFO proposed_lbbd_solver - _callback: [Gurobi] H    0     0                    11271.343003 11761.7247  4.35%     -    0s
05/04/2026 09:23:25 PM INFO proposed_lbbd_solver - print: >>>Parallel subproblem time: 0.015s for 5 factories
05/04/2026 09:23:25 PM INFO proposed_lbbd_solver - print:  Added optimal optimality cut: factory=2, orders=[3, 5, 24, 26, 32, 39, 40, 43], cost=47.51, theta_est=35.98
05/04/2026 09:23:25 PM INFO proposed_lbbd_solver - print: ***[Validated]*** obj=11508.50, delay=424.51, bound=11761.72, gap=2.20%, t=0.5s
05/04/2026 09:23:25 PM INFO proposed_lbbd_solver - _callback: [Gurobi] 0     0 11761.6949    0   28 11271.3430 11761.6949  4.35%     -    0s
05/04/2026 09:23:25 PM INFO proposed_lbbd_solver - print: >>>Parallel subproblem time: 0.014s for 5 factories
05/04/2026 09:23:25 PM INFO proposed_lbbd_solver - _callback: [Gurobi] H    0     0                    11486.281666 11761.6949  2.40%     -    0s
05/04/2026 09:23:25 PM INFO proposed_lbbd_solver - _callback: [Gurobi] 0     0 11761.4125    0   25 11486.2817 11761.4125  2.40%     -    0s
05/04/2026 09:23:25 PM INFO proposed_lbbd_solver - _callback: [Gurobi] 0     0 11757.5908    0   26 11486.2817 11757.5908  2.36%     -    0s
05/04/2026 09:23:25 PM INFO proposed_lbbd_solver - _callback: [Gurobi] 0     0 11757.4002    0   16 11486.2817 11757.4002  2.36%     -    0s
05/04/2026 09:23:25 PM INFO proposed_lbbd_solver - _callback: [Gurobi] 0     0 11738.1598    0   15 11486.2817 11738.1598  2.19%     -    0s
05/04/2026 09:23:25 PM INFO proposed_lbbd_solver - _callback: [Gurobi] 0     0 11736.4439    0   15 11486.2817 11736.4439  2.18%     -    0s
05/04/2026 09:23:25 PM INFO proposed_lbbd_solver - _callback: [Gurobi] 0     0 11729.0197    0   19 11486.2817 11729.0197  2.11%     -    0s
05/04/2026 09:23:25 PM INFO proposed_lbbd_solver - _callback: [Gurobi] 0     0 11725.4549    0   20 11486.2817 11725.4549  2.08%     -    0s
05/04/2026 09:23:25 PM INFO proposed_lbbd_solver - _callback: [Gurobi] 0     0 11724.5395    0   20 11486.2817 11724.5395  2.07%     -    0s
05/04/2026 09:23:25 PM INFO proposed_lbbd_solver - _callback: [Gurobi] 0     0 11724.2159    0   20 11486.2817 11724.2159  2.07%     -    0s
05/04/2026 09:23:25 PM INFO proposed_lbbd_solver - _callback: [Gurobi] 0     0 11716.0131    0   30 11486.2817 11716.0131  2.00%     -    0s
05/04/2026 09:23:25 PM INFO proposed_lbbd_solver - _callback: [Gurobi] 0     0 11715.3379    0   29 11486.2817 11715.3379  1.99%     -    0s
05/04/2026 09:23:25 PM INFO proposed_lbbd_solver - _callback: [Gurobi] 0     0 11714.7053    0   21 11486.2817 11714.7053  1.99%     -    0s
05/04/2026 09:23:25 PM INFO proposed_lbbd_solver - _callback: [Gurobi] 0     0 11714.6924    0   21 11486.2817 11714.6924  1.99%     -    0s
05/04/2026 09:23:25 PM INFO proposed_lbbd_solver - _callback: [Gurobi] 0     0 11714.3428    0   21 11486.2817 11714.3428  1.99%     -    0s
05/04/2026 09:23:25 PM INFO proposed_lbbd_solver - print: >>>Parallel subproblem time: 0.032s for 5 factories
05/04/2026 09:23:25 PM INFO proposed_lbbd_solver - print:  Added optimal optimality cut: factory=2, orders=[3, 5, 9, 14, 24, 32, 39, 40, 43], cost=73.87, theta_est=14.10
05/04/2026 09:23:25 PM INFO proposed_lbbd_solver - print:  Added optimal optimality cut: factory=4, orders=[6, 8, 11, 16, 19, 21, 23, 27, 31, 36, 38], cost=2019.21, theta_est=380.99
05/04/2026 09:23:25 PM INFO proposed_lbbd_solver - print: >>>Parallel subproblem time: 0.023s for 5 factories
05/04/2026 09:23:25 PM INFO proposed_lbbd_solver - print:  Added optimal optimality cut: factory=4, orders=[6, 8, 11, 16, 19, 21, 23, 27, 31, 36], cost=318.64, theta_est=125.68
05/04/2026 09:23:25 PM INFO proposed_lbbd_solver - _callback: [Gurobi] 0     0 11714.2353    0   30 11486.2817 11714.2353  1.98%     -    0s
05/04/2026 09:23:25 PM INFO proposed_lbbd_solver - _callback: [Gurobi] 0     0 11714.2011    0   30 11486.2817 11714.2011  1.98%     -    0s
05/04/2026 09:23:25 PM INFO proposed_lbbd_solver - _callback: [Gurobi] 0     0 11714.0437    0   30 11486.2817 11714.0437  1.98%     -    0s
05/04/2026 09:23:25 PM INFO proposed_lbbd_solver - _callback: [Gurobi] 0     0 11713.3891    0   30 11486.2817 11713.3891  1.98%     -    0s
05/04/2026 09:23:25 PM INFO proposed_lbbd_solver - print: >>>Parallel subproblem time: 0.024s for 5 factories
05/04/2026 09:23:25 PM INFO proposed_lbbd_solver - _callback: [Gurobi] H    0     0                    11495.809325 11713.3891  1.89%     -    1s
05/04/2026 09:23:25 PM INFO proposed_lbbd_solver - _callback: [Gurobi] 0     0 11713.2588    0   30 11495.8093 11713.2588  1.89%     -    1s
05/04/2026 09:23:25 PM INFO proposed_lbbd_solver - _callback: [Gurobi] 0     0 11713.1285    0   21 11495.8093 11713.1285  1.89%     -    1s
05/04/2026 09:23:25 PM INFO proposed_lbbd_solver - _callback: [Gurobi] 0     0 11713.0155    0   32 11495.8093 11713.0155  1.89%     -    1s
05/04/2026 09:23:25 PM INFO proposed_lbbd_solver - _callback: [Gurobi] 0     0 11712.8844    0   33 11495.8093 11712.8844  1.89%     -    1s
05/04/2026 09:23:25 PM INFO proposed_lbbd_solver - _callback: [Gurobi] 0     0 11712.6059    0   33 11495.8093 11712.6059  1.89%     -    1s
05/04/2026 09:23:25 PM INFO proposed_lbbd_solver - _callback: [Gurobi] 0     0 11712.6025    0   33 11495.8093 11712.6025  1.89%     -    1s
05/04/2026 09:23:25 PM INFO proposed_lbbd_solver - _callback: [Gurobi] 0     0 11712.3707    0   33 11495.8093 11712.3707  1.88%     -    1s
05/04/2026 09:23:25 PM INFO proposed_lbbd_solver - _callback: [Gurobi] 0     0 11712.0077    0   33 11495.8093 11712.0077  1.88%     -    1s
05/04/2026 09:23:26 PM INFO proposed_lbbd_solver - _callback: [Gurobi] 0     0 11711.9977    0   33 11495.8093 11711.9977  1.88%     -    1s
05/04/2026 09:23:26 PM INFO proposed_lbbd_solver - _callback: [Gurobi] 0     0 11711.2797    0   31 11495.8093 11711.2797  1.87%     -    1s
05/04/2026 09:23:26 PM INFO proposed_lbbd_solver - print: >>>Parallel subproblem time: 0.017s for 5 factories
05/04/2026 09:23:26 PM INFO proposed_lbbd_solver - _callback: [Gurobi] H    0     0                    11508.497831 11711.2797  1.76%     -    1s
05/04/2026 09:23:26 PM INFO proposed_lbbd_solver - _callback: [Gurobi] 0     0 11711.1947    0   33 11508.4978 11711.1947  1.76%     -    1s
05/04/2026 09:23:26 PM INFO proposed_lbbd_solver - _callback: [Gurobi] 0     0 11710.6451    0   29 11508.4978 11710.6451  1.76%     -    1s
05/04/2026 09:23:26 PM INFO proposed_lbbd_solver - _callback: [Gurobi] 0     0 11709.7169    0   33 11508.4978 11709.7169  1.75%     -    1s
05/04/2026 09:23:26 PM INFO proposed_lbbd_solver - _callback: [Gurobi] 0     0 11709.6264    0   34 11508.4978 11709.6264  1.75%     -    1s
05/04/2026 09:23:26 PM INFO proposed_lbbd_solver - _callback: [Gurobi] 0     0 11709.5961    0   34 11508.4978 11709.5961  1.75%     -    1s
05/04/2026 09:23:26 PM INFO proposed_lbbd_solver - _callback: [Gurobi] 0     0 11708.3513    0   30 11508.4978 11708.3513  1.74%     -    1s
05/04/2026 09:23:26 PM INFO proposed_lbbd_solver - _callback: [Gurobi] 0     0 11708.2017    0   32 11508.4978 11708.2017  1.74%     -    1s
05/04/2026 09:23:26 PM INFO proposed_lbbd_solver - _callback: [Gurobi] 0     0 11708.1611    0   34 11508.4978 11708.1611  1.73%     -    1s
05/04/2026 09:23:26 PM INFO proposed_lbbd_solver - _callback: [Gurobi] 0     0 11708.0814    0   34 11508.4978 11708.0814  1.73%     -    1s
05/04/2026 09:23:26 PM INFO proposed_lbbd_solver - _callback: [Gurobi] 0     0 11708.0026    0   34 11508.4978 11708.0026  1.73%     -    1s
05/04/2026 09:23:26 PM INFO proposed_lbbd_solver - _callback: [Gurobi] 0     0 11707.8589    0   34 11508.4978 11707.8589  1.73%     -    1s
05/04/2026 09:23:26 PM INFO proposed_lbbd_solver - _callback: [Gurobi] 0     0 11707.8559    0   34 11508.4978 11707.8559  1.73%     -    1s
05/04/2026 09:23:26 PM INFO proposed_lbbd_solver - _callback: [Gurobi] 0     0 11707.8215    0   33 11508.4978 11707.8215  1.73%     -    1s
05/04/2026 09:23:26 PM INFO proposed_lbbd_solver - _callback: [Gurobi] 0     0 11707.8173    0   34 11508.4978 11707.8173  1.73%     -    1s
05/04/2026 09:23:26 PM INFO proposed_lbbd_solver - _callback: [Gurobi] 0     0 11707.8132    0   34 11508.4978 11707.8132  1.73%     -    2s
05/04/2026 09:23:26 PM INFO proposed_lbbd_solver - _callback: [Gurobi] 0     0 11707.7409    0   34 11508.4978 11707.7409  1.73%     -    2s
05/04/2026 09:23:26 PM INFO proposed_lbbd_solver - _callback: [Gurobi] 0     0 11707.7409    0   34 11508.4978 11707.7409  1.73%     -    2s
05/04/2026 09:23:26 PM INFO proposed_lbbd_solver - print: >>>Parallel subproblem time: 0.054s for 5 factories
05/04/2026 09:23:26 PM INFO proposed_lbbd_solver - print:  Added optimal optimality cut: factory=4, orders=[6, 8, 11, 16, 19, 21, 23, 31, 33, 36, 38], cost=1311.78, theta_est=266.48
05/04/2026 09:23:27 PM INFO proposed_lbbd_solver - _callback: [Gurobi] 0     0 11707.7409    0   23 11508.4978 11707.7409  1.73%     -    2s
05/04/2026 09:23:27 PM INFO proposed_lbbd_solver - _callback: [Gurobi] 0     0 11707.7409    0   26 11508.4978 11707.7409  1.73%     -    2s
05/04/2026 09:23:27 PM INFO proposed_lbbd_solver - _callback: [Gurobi] 0     0 11707.7409    0   25 11508.4978 11707.7409  1.73%     -    2s
05/04/2026 09:23:27 PM INFO proposed_lbbd_solver - _callback: [Gurobi] 0     0 11707.7409    0   29 11508.4978 11707.7409  1.73%     -    2s
05/04/2026 09:23:27 PM INFO proposed_lbbd_solver - _callback: [Gurobi] 0     0 11707.7409    0   27 11508.4978 11707.7409  1.73%     -    2s
05/04/2026 09:23:27 PM INFO proposed_lbbd_solver - _callback: [Gurobi] 0     0 11707.7409    0   16 11508.4978 11707.7409  1.73%     -    2s
05/04/2026 09:23:27 PM INFO proposed_lbbd_solver - _callback: [Gurobi] 0     0 11707.7409    0   17 11508.4978 11707.7409  1.73%     -    2s
05/04/2026 09:23:27 PM INFO proposed_lbbd_solver - _callback: [Gurobi] 0     0 11707.7409    0   17 11508.4978 11707.7409  1.73%     -    2s
05/04/2026 09:23:27 PM INFO proposed_lbbd_solver - _callback: [Gurobi] 0     0 11707.7409    0   20 11508.4978 11707.7409  1.73%     -    2s
05/04/2026 09:23:27 PM INFO proposed_lbbd_solver - _callback: [Gurobi] 0     0 11707.7409    0   29 11508.4978 11707.7409  1.73%     -    2s
05/04/2026 09:23:27 PM INFO proposed_lbbd_solver - _callback: [Gurobi] 0     0 11707.7409    0   33 11508.4978 11707.7409  1.73%     -    2s
05/04/2026 09:23:27 PM INFO proposed_lbbd_solver - _callback: [Gurobi] 0     0 11707.5545    0   30 11508.4978 11707.5545  1.73%     -    2s
05/04/2026 09:23:27 PM INFO proposed_lbbd_solver - _callback: [Gurobi] 0     0 11701.0576    0   34 11508.4978 11701.0576  1.67%     -    2s
05/04/2026 09:23:27 PM INFO proposed_lbbd_solver - print: >>>Parallel subproblem time: 0.016s for 5 factories
05/04/2026 09:23:27 PM INFO proposed_lbbd_solver - print:  Added optimal optimality cut: factory=2, orders=[3, 5, 9, 14, 26, 32, 39, 40, 43], cost=118.55, theta_est=35.78
05/04/2026 09:23:27 PM INFO proposed_lbbd_solver - print:  Added optimal optimality cut: factory=4, orders=[6, 8, 11, 16, 19, 21, 23, 24, 31, 36, 37], cost=1636.82, theta_est=277.02
05/04/2026 09:23:27 PM INFO proposed_lbbd_solver - _callback: [Gurobi] 0     0 11700.4427    0   21 11508.4978 11700.4427  1.67%     -    2s
05/04/2026 09:23:27 PM INFO proposed_lbbd_solver - _callback: [Gurobi] 0     0 11699.4108    0   28 11508.4978 11699.4108  1.66%     -    2s
05/04/2026 09:23:27 PM INFO proposed_lbbd_solver - _callback: [Gurobi] 0     0 11699.1318    0   33 11508.4978 11699.1318  1.66%     -    2s
05/04/2026 09:23:27 PM INFO proposed_lbbd_solver - _callback: [Gurobi] 0     0 11694.4658    0   30 11508.4978 11694.4658  1.62%     -    2s
05/04/2026 09:23:27 PM INFO proposed_lbbd_solver - _callback: [Gurobi] 0     0 11691.4190    0   33 11508.4978 11691.4190  1.59%     -    2s
05/04/2026 09:23:27 PM INFO proposed_lbbd_solver - _callback: [Gurobi] 0     0 11690.9047    0   31 11508.4978 11690.9047  1.58%     -    2s
05/04/2026 09:23:27 PM INFO proposed_lbbd_solver - _callback: [Gurobi] 0     0 11690.5987    0   31 11508.4978 11690.5987  1.58%     -    2s
05/04/2026 09:23:27 PM INFO proposed_lbbd_solver - _callback: [Gurobi] 0     0 11690.3888    0   31 11508.4978 11690.3888  1.58%     -    2s
05/04/2026 09:23:27 PM INFO proposed_lbbd_solver - _callback: [Gurobi] 0     0 11689.8896    0   32 11508.4978 11689.8896  1.58%     -    2s
05/04/2026 09:23:27 PM INFO proposed_lbbd_solver - _callback: [Gurobi] 0     0 11689.8754    0   32 11508.4978 11689.8754  1.58%     -    2s
05/04/2026 09:23:27 PM INFO proposed_lbbd_solver - _callback: [Gurobi] 0     0 11689.1418    0   28 11508.4978 11689.1418  1.57%     -    2s
05/04/2026 09:23:27 PM INFO proposed_lbbd_solver - _callback: [Gurobi] 0     0 11688.9305    0   31 11508.4978 11688.9305  1.57%     -    2s
05/04/2026 09:23:27 PM INFO proposed_lbbd_solver - _callback: [Gurobi] 0     0 11688.9281    0   33 11508.4978 11688.9281  1.57%     -    2s
05/04/2026 09:23:27 PM INFO proposed_lbbd_solver - _callback: [Gurobi] 0     0 11688.2478    0   30 11508.4978 11688.2478  1.56%     -    3s
05/04/2026 09:23:27 PM INFO proposed_lbbd_solver - _callback: [Gurobi] 0     0 11687.4830    0   30 11508.4978 11687.4830  1.56%     -    3s
05/04/2026 09:23:27 PM INFO proposed_lbbd_solver - _callback: [Gurobi] 0     0 11686.9499    0   21 11508.4978 11686.9499  1.55%     -    3s
05/04/2026 09:23:27 PM INFO proposed_lbbd_solver - _callback: [Gurobi] 0     0 11686.7560    0   22 11508.4978 11686.7560  1.55%     -    3s
05/04/2026 09:23:27 PM INFO proposed_lbbd_solver - _callback: [Gurobi] 0     0 11686.7185    0   24 11508.4978 11686.7185  1.55%     -    3s
05/04/2026 09:23:27 PM INFO proposed_lbbd_solver - _callback: [Gurobi] 0     0 11686.6988    0   25 11508.4978 11686.6988  1.55%     -    3s
05/04/2026 09:23:27 PM INFO proposed_lbbd_solver - _callback: [Gurobi] 0     0 11686.6962    0   25 11508.4978 11686.6962  1.55%     -    3s
05/04/2026 09:23:27 PM INFO proposed_lbbd_solver - _callback: [Gurobi] 0     0 11686.6678    0   25 11508.4978 11686.6678  1.55%     -    3s
05/04/2026 09:23:28 PM INFO proposed_lbbd_solver - _callback: [Gurobi] 0     0 11686.6165    0   25 11508.4978 11686.6165  1.55%     -    3s
05/04/2026 09:23:28 PM INFO proposed_lbbd_solver - _callback: [Gurobi] 0     0 11686.6165    0   25 11508.4978 11686.6165  1.55%     -    3s
05/04/2026 09:23:28 PM INFO proposed_lbbd_solver - print: >>>Parallel subproblem time: 0.026s for 5 factories
05/04/2026 09:23:28 PM INFO proposed_lbbd_solver - print: ***[Validated]*** obj=11560.43, delay=450.86, bound=11686.62, gap=1.09%, t=3.4s
05/04/2026 09:23:28 PM INFO proposed_lbbd_solver - _callback: [Gurobi] H    0     0                    11560.427174 11686.6165  1.09%     -    3s
05/04/2026 09:23:28 PM INFO proposed_lbbd_solver - print: >>>Parallel subproblem time: 0.071s for 5 factories
05/04/2026 09:23:28 PM INFO proposed_lbbd_solver - print:  Added optimal optimality cut: factory=2, orders=[5, 9, 14, 24, 26, 32, 39, 40, 43], cost=29.91, theta_est=-0.00
05/04/2026 09:23:28 PM INFO proposed_lbbd_solver - print:  Added optimal optimality cut: factory=4, orders=[6, 8, 11, 16, 19, 21, 23, 27, 33, 36, 37], cost=1121.93, theta_est=221.64
05/04/2026 09:23:28 PM INFO proposed_lbbd_solver - print: >>>Parallel subproblem time: 0.066s for 5 factories
05/04/2026 09:23:28 PM INFO proposed_lbbd_solver - print:  Added optimal optimality cut: factory=4, orders=[6, 8, 11, 16, 19, 21, 23, 27, 31, 36, 37], cost=2062.69, theta_est=348.58
05/04/2026 09:23:28 PM INFO proposed_lbbd_solver - print: >>>Parallel subproblem time: 0.024s for 5 factories
05/04/2026 09:23:28 PM INFO proposed_lbbd_solver - print: ***[Validated]*** obj=11570.67, delay=406.91, bound=11686.62, gap=1.00%, t=3.6s
05/04/2026 09:23:28 PM INFO proposed_lbbd_solver - _callback: [Gurobi] H    0     0                    11570.667018 11686.6165  1.00%     -    3s
05/04/2026 09:23:28 PM INFO proposed_lbbd_solver - print: >>>Parallel subproblem time: 0.013s for 5 factories
05/04/2026 09:23:28 PM INFO proposed_lbbd_solver - print:  Added optimal optimality cut: factory=4, orders=[6, 8, 11, 16, 19, 21, 23, 33, 36, 37, 38], cost=114.85, theta_est=66.28
05/04/2026 09:23:28 PM INFO proposed_lbbd_solver - print: ***[Validated]*** obj=11584.26, delay=540.02, bound=11685.97, gap=0.88%, t=3.7s
05/04/2026 09:23:28 PM INFO proposed_lbbd_solver - print: >>>Parallel subproblem time: 0.014s for 5 factories
05/04/2026 09:23:28 PM INFO proposed_lbbd_solver - _callback: [Gurobi] H    0     0                    11584.257552 11685.9710  0.88%     -    3s
05/04/2026 09:23:28 PM INFO proposed_lbbd_solver - _callback: [Gurobi] 0     0 11685.9710    0   14 11584.2576 11685.9710  0.88%     -    3s
05/04/2026 09:23:28 PM INFO proposed_lbbd_solver - print: >>>Parallel subproblem time: 0.022s for 5 factories
05/04/2026 09:23:28 PM INFO proposed_lbbd_solver - print:  Added optimal optimality cut: factory=2, orders=[3, 5, 9, 14, 24, 26, 39, 40, 43], cost=194.67, theta_est=29.91
05/04/2026 09:23:28 PM INFO proposed_lbbd_solver - print:  Added optimal optimality cut: factory=4, orders=[1, 6, 8, 11, 16, 19, 21, 23, 33, 36, 37], cost=412.54, theta_est=114.85
05/04/2026 09:23:28 PM INFO proposed_lbbd_solver - _callback: [Gurobi] 0     0 11685.9710    0   16 11584.2576 11685.9710  0.88%     -    3s
05/04/2026 09:23:28 PM INFO proposed_lbbd_solver - _callback: [Gurobi] 0     0 11685.9710    0    9 11584.2576 11685.9710  0.88%     -    3s
05/04/2026 09:23:28 PM INFO proposed_lbbd_solver - _callback: [Gurobi] 0     0 11685.9710    0   16 11584.2576 11685.9710  0.88%     -    3s
05/04/2026 09:23:28 PM INFO proposed_lbbd_solver - _callback: [Gurobi] 0     0 11685.9710    0   11 11584.2576 11685.9710  0.88%     -    3s
05/04/2026 09:23:28 PM INFO proposed_lbbd_solver - _callback: [Gurobi] 0     0 11685.9710    0   15 11584.2576 11685.9710  0.88%     -    3s
05/04/2026 09:23:28 PM INFO proposed_lbbd_solver - _callback: [Gurobi] 0     0 11685.9710    0   17 11584.2576 11685.9710  0.88%     -    3s
05/04/2026 09:23:28 PM INFO proposed_lbbd_solver - _callback: [Gurobi] 0     0 11685.9710    0   19 11584.2576 11685.9710  0.88%     -    3s
05/04/2026 09:23:28 PM INFO proposed_lbbd_solver - _callback: [Gurobi] 0     0 11685.9710    0   21 11584.2576 11685.9710  0.88%     -    3s
05/04/2026 09:23:28 PM INFO proposed_lbbd_solver - _callback: [Gurobi] 0     0 11685.9710    0   20 11584.2576 11685.9710  0.88%     -    3s
05/04/2026 09:23:28 PM INFO proposed_lbbd_solver - _callback: [Gurobi] 0     0 11685.9710    0   22 11584.2576 11685.9710  0.88%     -    3s
05/04/2026 09:23:28 PM INFO proposed_lbbd_solver - _callback: [Gurobi] 0     0 11685.9710    0   22 11584.2576 11685.9710  0.88%     -    3s
05/04/2026 09:23:28 PM INFO proposed_lbbd_solver - _callback: [Gurobi] 0     0 11685.9710    0   22 11584.2576 11685.9710  0.88%     -    3s
05/04/2026 09:23:28 PM INFO proposed_lbbd_solver - _callback: [Gurobi] 0     0 11685.2662    0   21 11584.2576 11685.2662  0.87%     -    3s
05/04/2026 09:23:28 PM INFO proposed_lbbd_solver - _callback: [Gurobi] 0     0 11684.5079    0   22 11584.2576 11684.5079  0.87%     -    3s
05/04/2026 09:23:28 PM INFO proposed_lbbd_solver - _callback: [Gurobi] 0     0 11684.0750    0   24 11584.2576 11684.0750  0.86%     -    3s
05/04/2026 09:23:28 PM INFO proposed_lbbd_solver - _callback: [Gurobi] 0     0 11683.4613    0   24 11584.2576 11683.4613  0.86%     -    3s
05/04/2026 09:23:28 PM INFO proposed_lbbd_solver - _callback: [Gurobi] 0     0 11680.2993    0   25 11584.2576 11680.2993  0.83%     -    3s
05/04/2026 09:23:28 PM INFO proposed_lbbd_solver - _callback: [Gurobi] 0     0 11680.1632    0   26 11584.2576 11680.1632  0.83%     -    3s
05/04/2026 09:23:28 PM INFO proposed_lbbd_solver - _callback: [Gurobi] 0     0 11680.0815    0   26 11584.2576 11680.0815  0.83%     -    3s
05/04/2026 09:23:28 PM INFO proposed_lbbd_solver - _callback: [Gurobi] 0     0 11679.9807    0   26 11584.2576 11679.9807  0.83%     -    3s
05/04/2026 09:23:28 PM INFO proposed_lbbd_solver - _callback: [Gurobi] 0     0 11679.9133    0   26 11584.2576 11679.9133  0.83%     -    3s
05/04/2026 09:23:28 PM INFO proposed_lbbd_solver - _callback: [Gurobi] 0     0 11679.8831    0   26 11584.2576 11679.8831  0.83%     -    3s
05/04/2026 09:23:28 PM INFO proposed_lbbd_solver - _callback: [Gurobi] 0     0 11679.7780    0   27 11584.2576 11679.7780  0.82%     -    3s
05/04/2026 09:23:28 PM INFO proposed_lbbd_solver - _callback: [Gurobi] 0     0 11679.6733    0   27 11584.2576 11679.6733  0.82%     -    3s
05/04/2026 09:23:28 PM INFO proposed_lbbd_solver - _callback: [Gurobi] 0     0 11679.5805    0   25 11584.2576 11679.5805  0.82%     -    3s
05/04/2026 09:23:28 PM INFO proposed_lbbd_solver - _callback: [Gurobi] 0     0 11679.5750    0   27 11584.2576 11679.5750  0.82%     -    3s
05/04/2026 09:23:28 PM INFO proposed_lbbd_solver - _callback: [Gurobi] 0     0 11679.3057    0   25 11584.2576 11679.3057  0.82%     -    3s
05/04/2026 09:23:28 PM INFO proposed_lbbd_solver - _callback: [Gurobi] 0     0 11679.2919    0   24 11584.2576 11679.2919  0.82%     -    3s
05/04/2026 09:23:28 PM INFO proposed_lbbd_solver - _callback: [Gurobi] 0     0 11679.0318    0   24 11584.2576 11679.0318  0.82%     -    4s
05/04/2026 09:23:28 PM INFO proposed_lbbd_solver - _callback: [Gurobi] 0     0 11679.0204    0   24 11584.2576 11679.0204  0.82%     -    4s
05/04/2026 09:23:28 PM INFO proposed_lbbd_solver - _callback: [Gurobi] 0     0 11678.4508    0   24 11584.2576 11678.4508  0.81%     -    4s
05/04/2026 09:23:28 PM INFO proposed_lbbd_solver - _callback: [Gurobi] 0     0 11678.0169    0   21 11584.2576 11678.0169  0.81%     -    4s
05/04/2026 09:23:28 PM INFO proposed_lbbd_solver - _callback: [Gurobi] 0     0 11677.7451    0   24 11584.2576 11677.7451  0.81%     -    4s
05/04/2026 09:23:28 PM INFO proposed_lbbd_solver - _callback: [Gurobi] 0     0 11677.6492    0   24 11584.2576 11677.6492  0.81%     -    4s
05/04/2026 09:23:28 PM INFO proposed_lbbd_solver - _callback: [Gurobi] 0     0 11677.6264    0   24 11584.2576 11677.6264  0.81%     -    4s
05/04/2026 09:23:28 PM INFO proposed_lbbd_solver - _callback: [Gurobi] 0     0 11677.6029    0   26 11584.2576 11677.6029  0.81%     -    4s
05/04/2026 09:23:28 PM INFO proposed_lbbd_solver - _callback: [Gurobi] 0     0 11677.5886    0   26 11584.2576 11677.5886  0.81%     -    4s
05/04/2026 09:23:28 PM INFO proposed_lbbd_solver - _callback: [Gurobi] 0     0 11677.5886    0   26 11584.2576 11677.5886  0.81%     -    4s
05/04/2026 09:23:28 PM INFO proposed_lbbd_solver - _callback: [Gurobi] 0     2 11677.5886    0   26 11584.2576 11677.5886  0.81%     -    4s
05/04/2026 09:23:28 PM INFO proposed_lbbd_solver - print: >>>Parallel subproblem time: 0.019s for 5 factories
05/04/2026 09:23:28 PM INFO proposed_lbbd_solver - print:  Added optimal optimality cut: factory=4, orders=[3, 6, 8, 11, 19, 21, 23, 31, 33, 36], cost=288.56, theta_est=90.00
05/04/2026 09:23:28 PM INFO proposed_lbbd_solver - print: >>>Parallel subproblem time: 0.027s for 5 factories
05/04/2026 09:23:28 PM INFO proposed_lbbd_solver - print:  Added optimal optimality cut: factory=2, orders=[3, 5, 14, 21, 24, 32, 39, 40, 43], cost=155.18, theta_est=0.00
05/04/2026 09:23:28 PM INFO proposed_lbbd_solver - print:  Added optimal optimality cut: factory=4, orders=[6, 8, 11, 16, 19, 23, 31, 33, 36, 37], cost=261.38, theta_est=0.00
05/04/2026 09:23:29 PM INFO proposed_lbbd_solver - print: >>>Parallel subproblem time: 0.067s for 5 factories
05/04/2026 09:23:29 PM INFO proposed_lbbd_solver - print:  Added optimal optimality cut: factory=4, orders=[6, 8, 11, 16, 19, 21, 23, 31, 36, 37, 38], cost=867.71, theta_est=193.23
05/04/2026 09:23:29 PM INFO proposed_lbbd_solver - print: >>>Parallel subproblem time: 0.060s for 5 factories
05/04/2026 09:23:29 PM INFO proposed_lbbd_solver - print:  Added optimal optimality cut: factory=4, orders=[6, 7, 8, 11, 16, 19, 21, 23, 33, 36, 37], cost=869.16, theta_est=160.21
05/04/2026 09:23:29 PM INFO proposed_lbbd_solver - print: >>>Parallel subproblem time: 0.074s for 5 factories
05/04/2026 09:23:29 PM INFO proposed_lbbd_solver - print:  Added optimal optimality cut: factory=2, orders=[3, 5, 9, 14, 22, 24, 39, 40, 43], cost=234.98, theta_est=13.46
05/04/2026 09:23:29 PM INFO proposed_lbbd_solver - print:  Added optimal optimality cut: factory=4, orders=[6, 8, 11, 16, 19, 21, 23, 27, 33, 36, 38], cost=987.41, theta_est=254.04
05/04/2026 09:23:29 PM INFO proposed_lbbd_solver - print: >>>Parallel subproblem time: 0.028s for 4 factories
05/04/2026 09:23:29 PM INFO proposed_lbbd_solver - print:  Added optimal optimality cut: factory=3, orders=[15, 16, 31], cost=176.84, theta_est=61.97
05/04/2026 09:23:29 PM INFO proposed_lbbd_solver - print:  Added optimal optimality cut: factory=4, orders=[6, 8, 11, 19, 21, 23, 29, 33, 36, 38], cost=762.21, theta_est=73.26
05/04/2026 09:23:29 PM INFO proposed_lbbd_solver - print: >>>Parallel subproblem time: 0.059s for 5 factories
05/04/2026 09:23:29 PM INFO proposed_lbbd_solver - print:  Added optimal optimality cut: factory=4, orders=[1, 6, 8, 11, 16, 19, 21, 23, 33, 36, 38], cost=301.44, theta_est=118.65
05/04/2026 09:23:29 PM INFO proposed_lbbd_solver - print: >>>Parallel subproblem time: 0.022s for 5 factories
05/04/2026 09:23:29 PM INFO proposed_lbbd_solver - print:  Added optimal optimality cut: factory=4, orders=[1, 6, 8, 11, 16, 19, 21, 23, 36, 37, 38], cost=58.61, theta_est=45.39
05/04/2026 09:23:29 PM INFO proposed_lbbd_solver - print: >>>Parallel subproblem time: 0.073s for 5 factories
05/04/2026 09:23:29 PM INFO proposed_lbbd_solver - print:  Added optimal optimality cut: factory=4, orders=[1, 6, 8, 11, 16, 19, 21, 23, 31, 36, 37], cost=1235.54, theta_est=213.20
05/04/2026 09:23:29 PM INFO proposed_lbbd_solver - print: >>>Parallel subproblem time: 0.057s for 5 factories
05/04/2026 09:23:29 PM INFO proposed_lbbd_solver - print:  Added optimal optimality cut: factory=4, orders=[6, 7, 8, 11, 16, 19, 21, 23, 33, 36, 38], cost=624.57, theta_est=192.61
05/04/2026 09:23:29 PM INFO proposed_lbbd_solver - print: >>>Parallel subproblem time: 0.020s for 4 factories
05/04/2026 09:23:29 PM INFO proposed_lbbd_solver - print:  Added optimal optimality cut: factory=4, orders=[6, 8, 11, 19, 21, 23, 29, 31, 33, 36], cost=1201.06, theta_est=241.06
05/04/2026 09:23:29 PM INFO proposed_lbbd_solver - print: >>>Parallel subproblem time: 0.065s for 5 factories
05/04/2026 09:23:29 PM INFO proposed_lbbd_solver - print:  Added optimal optimality cut: factory=4, orders=[3, 6, 8, 11, 19, 21, 23, 31, 36, 38], cost=171.52, theta_est=12.34
05/04/2026 09:23:29 PM INFO proposed_lbbd_solver - print: >>>Parallel subproblem time: 0.014s for 5 factories
05/04/2026 09:23:29 PM INFO proposed_lbbd_solver - print:  Added optimal optimality cut: factory=2, orders=[3, 5, 14, 24, 32, 39, 40, 43, 45], cost=114.72, theta_est=34.57
05/04/2026 09:23:29 PM INFO proposed_lbbd_solver - print: >>>Parallel subproblem time: 0.026s for 5 factories
05/04/2026 09:23:29 PM INFO proposed_lbbd_solver - print:  Added optimal optimality cut: factory=4, orders=[4, 6, 8, 11, 16, 19, 21, 23, 33, 36, 37], cost=309.63, theta_est=35.16
05/04/2026 09:23:29 PM INFO proposed_lbbd_solver - print: >>>Parallel subproblem time: 0.058s for 5 factories
05/04/2026 09:23:29 PM INFO proposed_lbbd_solver - print:  Added optimal optimality cut: factory=4, orders=[4, 6, 8, 11, 16, 19, 21, 23, 33, 36, 38], cost=237.51, theta_est=67.56
05/04/2026 09:23:29 PM INFO proposed_lbbd_solver - _callback: [Gurobi] 473   200 11621.6712   12    4 11584.2576 11667.8059  0.72%   4.9    5s
05/04/2026 09:23:29 PM INFO proposed_lbbd_solver - print: >>>Parallel subproblem time: 0.036s for 5 factories
05/04/2026 09:23:29 PM INFO proposed_lbbd_solver - print:  Added optimal optimality cut: factory=2, orders=[5, 9, 14, 22, 24, 32, 39, 40, 43], cost=42.76, theta_est=0.00
05/04/2026 09:23:29 PM INFO proposed_lbbd_solver - print:  Added optimal optimality cut: factory=4, orders=[1, 6, 8, 11, 16, 19, 21, 23, 31, 36, 38], cost=1190.08, theta_est=245.60
05/04/2026 09:23:29 PM INFO proposed_lbbd_solver - print: >>>Parallel subproblem time: 0.019s for 4 factories
05/04/2026 09:23:29 PM INFO proposed_lbbd_solver - print:  Added optimal optimality cut: factory=2, orders=[5, 14, 24, 26, 31, 32, 39, 40, 43], cost=1080.35, theta_est=210.84
05/04/2026 09:23:29 PM INFO proposed_lbbd_solver - print:  Added optimal optimality cut: factory=4, orders=[6, 8, 11, 19, 21, 23, 29, 33, 36, 37], cost=714.92, theta_est=40.86
05/04/2026 09:23:29 PM INFO proposed_lbbd_solver - print: >>>Parallel subproblem time: 0.027s for 5 factories
05/04/2026 09:23:29 PM INFO proposed_lbbd_solver - print:  Added optimal optimality cut: factory=2, orders=[3, 5, 14, 22, 24, 32, 39, 40, 43], cost=430.55, theta_est=125.32
05/04/2026 09:23:29 PM INFO proposed_lbbd_solver - print:  Added optimal optimality cut: factory=4, orders=[6, 8, 11, 19, 21, 23, 29, 31, 36, 37], cost=1002.21, theta_est=167.81
05/04/2026 09:23:29 PM INFO proposed_lbbd_solver - print: >>>Parallel subproblem time: 0.018s for 5 factories
05/04/2026 09:23:29 PM INFO proposed_lbbd_solver - print:  Added optimal optimality cut: factory=4, orders=[3, 6, 8, 11, 19, 21, 23, 31, 36, 37], cost=95.62, theta_est=0.00
05/04/2026 09:23:29 PM INFO proposed_lbbd_solver - print: >>>Parallel subproblem time: 0.026s for 5 factories
05/04/2026 09:23:29 PM INFO proposed_lbbd_solver - print:  Added optimal optimality cut: factory=4, orders=[1, 3, 6, 8, 11, 19, 21, 23, 31, 36], cost=222.43, theta_est=32.31
05/04/2026 09:23:29 PM INFO proposed_lbbd_solver - print: >>>Parallel subproblem time: 0.027s for 4 factories
05/04/2026 09:23:29 PM INFO proposed_lbbd_solver - print:  Added optimal optimality cut: factory=4, orders=[6, 8, 11, 16, 19, 21, 23, 29, 33, 36], cost=845.90, theta_est=106.23
05/04/2026 09:23:30 PM INFO proposed_lbbd_solver - print: >>>Parallel subproblem time: 0.031s for 5 factories
05/04/2026 09:23:30 PM INFO proposed_lbbd_solver - print:  Added optimal optimality cut: factory=2, orders=[5, 9, 14, 22, 26, 32, 39, 40, 43], cost=64.44, theta_est=4.67
05/04/2026 09:23:30 PM INFO proposed_lbbd_solver - print:  Added optimal optimality cut: factory=4, orders=[6, 8, 11, 16, 19, 21, 23, 24, 33, 36, 37], cost=507.21, theta_est=150.07
05/04/2026 09:23:30 PM INFO proposed_lbbd_solver - print: >>>Parallel subproblem time: 0.021s for 5 factories
05/04/2026 09:23:30 PM INFO proposed_lbbd_solver - print:  Added optimal optimality cut: factory=4, orders=[3, 6, 8, 11, 16, 19, 21, 23, 31, 36], cost=255.57, theta_est=45.31
05/04/2026 09:23:30 PM INFO proposed_lbbd_solver - _callback: [Gurobi] Cutting planes:
05/04/2026 09:23:30 PM INFO proposed_lbbd_solver - _callback: [Gurobi] Gomory: 2
05/04/2026 09:23:30 PM INFO proposed_lbbd_solver - _callback: [Gurobi] Cover: 6
05/04/2026 09:23:30 PM INFO proposed_lbbd_solver - _callback: [Gurobi] MIR: 48
05/04/2026 09:23:30 PM INFO proposed_lbbd_solver - _callback: [Gurobi] StrongCG: 1
05/04/2026 09:23:30 PM INFO proposed_lbbd_solver - _callback: [Gurobi] Lazy constraints: 32
05/04/2026 09:23:30 PM INFO proposed_lbbd_solver - _callback: [Gurobi] Explored 2089 nodes (10115 simplex iterations) in 5.39 seconds (4.44 work units)
05/04/2026 09:23:30 PM INFO proposed_lbbd_solver - _callback: [Gurobi] Thread count was 20 (of 20 available processors)
05/04/2026 09:23:30 PM INFO proposed_lbbd_solver - _callback: [Gurobi] Solution count 8: 11584.3 11570.7 11560.4 ... -0
05/04/2026 09:23:30 PM INFO proposed_lbbd_solver - _callback: [Gurobi] Optimal solution found (tolerance 1.00e-04)
05/04/2026 09:23:30 PM INFO proposed_lbbd_solver - _callback: [Gurobi] Best objective 1.158425755230e+04, best bound 1.158425755230e+04, gap 0.0000%
05/04/2026 09:23:30 PM INFO proposed_lbbd_solver - _callback: [Gurobi] User-callback calls 6574, time in user-callback 1.51 sec
05/04/2026 09:23:30 PM INFO proposed_lbbd_solver - print: 
05/04/2026 09:23:30 PM INFO proposed_lbbd_solver - print: ============================================================
05/04/2026 09:23:30 PM INFO proposed_lbbd_solver - print: Branch-and-Check LBBD Summary
05/04/2026 09:23:30 PM INFO proposed_lbbd_solver - print: ============================================================
05/04/2026 09:23:30 PM INFO proposed_lbbd_solver - print: Status: OPTIMAL
05/04/2026 09:23:30 PM INFO proposed_lbbd_solver - print: Runtime: 5.39s
05/04/2026 09:23:30 PM INFO proposed_lbbd_solver - print: Iterations: 46
05/04/2026 09:23:30 PM INFO proposed_lbbd_solver - print: Initial UB: 39102.07
05/04/2026 09:23:30 PM INFO proposed_lbbd_solver - print: Module times (s): preprocess=1.820, enhancement=0.159, modeling=0.090, solving=5.390
05/04/2026 09:23:30 PM INFO proposed_lbbd_solver - print: Master time: 3.931s
05/04/2026 09:23:30 PM INFO proposed_lbbd_solver - print: Average subproblem time: 0.0174s
05/04/2026 09:23:30 PM INFO proposed_lbbd_solver - print: Lazy cuts added: 51
05/04/2026 09:23:30 PM INFO proposed_lbbd_solver - print:   - feasibility cuts: 1
05/04/2026 09:23:30 PM INFO proposed_lbbd_solver - print:   - optimality cuts: 50
05/04/2026 09:23:30 PM INFO proposed_lbbd_solver - print: Subproblems solved: 220
05/04/2026 09:23:30 PM INFO proposed_lbbd_solver - print: Subproblem time total: 3.84s
05/04/2026 09:23:30 PM INFO proposed_lbbd_solver - print: Subproblem time avg: 0.0174s
05/04/2026 09:23:30 PM INFO proposed_lbbd_solver - print: Best objective: 11584.26
05/04/2026 09:23:30 PM INFO proposed_lbbd_solver - print: Best bound: 11584.26
05/04/2026 09:23:30 PM INFO proposed_lbbd_solver - print: Final MIP gap: 0.00%
05/04/2026 09:23:30 PM INFO proposed_lbbd_solver - print: ============================================================
05/04/2026 09:23:30 PM INFO proposed_lbbd_solver - print: 
05/04/2026 09:23:30 PM INFO proposed_lbbd_solver - print: ------------------------------------------------------------
05/04/2026 09:23:30 PM INFO proposed_lbbd_solver - print: Subproblem Diagnostics
05/04/2026 09:23:30 PM INFO proposed_lbbd_solver - print: ------------------------------------------------------------
05/04/2026 09:23:30 PM INFO proposed_lbbd_solver - print: Total subproblems: 220
05/04/2026 09:23:30 PM INFO proposed_lbbd_solver - print:   infeasible: 1 (0.45%)
05/04/2026 09:23:30 PM INFO proposed_lbbd_solver - print:   optimal: 219 (99.55%)
05/04/2026 09:23:30 PM INFO proposed_lbbd_solver - print: Avg subproblem gap: 0.00% (n=144)
05/04/2026 09:23:30 PM INFO proposed_lbbd_solver - print: Avg subproblem objective: 217.195 (n=219)
05/04/2026 09:23:30 PM INFO proposed_lbbd_solver - print: Avg subproblem bound: 217.195 (n=219)
05/04/2026 09:23:30 PM INFO proposed_lbbd_solver - print: Avg (obj - bound) / |obj|: 0.00%
05/04/2026 09:23:30 PM INFO proposed_lbbd_solver - print: ------------------------------------------------------------
