
Gurobi 10.0.1 (win64) logging started Sun Apr 26 00:25:57 2026

Set parameter LogFile to value "D:\Project_Code\Paper\DP_LBBD_1\DP_lbbd\Algorithm\Results\mip_v1\large\exp_7f_65j_seed2\log\exp_7f_65j_seed2_gurobi.log"
Set parameter LogToConsole to value 0
Gurobi Optimizer version 10.0.1 build v10.0.1rc0 (win64)

CPU model: Intel(R) Core(TM) Ultra 7 265KF, instruction set [SSE2|AVX|AVX2]
Thread count: 20 physical cores, 20 logical processors, using up to 20 threads

Optimize a model with 238083 rows, 118950 columns and 1177256 nonzeros
Model fingerprint: 0xe32bb9ed
Variable types: 1950 continuous, 117000 integer (117000 binary)
Coefficient statistics:
  Matrix range     [1e+00, 2e+02]
  Objective range  [3e+01, 4e+03]
  Bounds range     [1e+00, 2e+02]
  RHS range        [1e+00, 6e+02]
Found heuristic solution: objective -0.0000000
Presolve removed 142657 rows and 71172 columns
Presolve time: 1.85s
Presolved: 95426 rows, 47778 columns, 469526 nonzeros
Variable types: 1255 continuous, 46523 integer (46523 binary)

Deterministic concurrent LP optimizer: primal and dual simplex (primal and dual model)
Showing first log only...

Root relaxation presolved: 95426 rows, 47778 columns, 469526 nonzeros


Root simplex log...

Iteration    Objective       Primal Inf.    Dual Inf.      Time
       0   -0.0000000e+00   0.000000e+00   3.869096e+03     10s
Concurrent spin time: 0.00s

Solved with dual simplex (primal model)

Root relaxation: objective 3.044150e+04, 4658 iterations, 0.34 seconds (0.43 work units)

    Nodes    |    Current Node    |     Objective Bounds      |     Work
 Expl Unexpl |  Obj  Depth IntInf | Incumbent    BestBd   Gap | It/Node Time

     0     0 30441.4983    0  560   -0.00000 30441.4983      -     -   11s
H    0     0                    13018.558189 30441.4983   134%     -   11s
     0     0 30284.3024    0  450 13018.5582 30284.3024   133%     -   11s
H    0     0                    15617.568753 30284.3024  93.9%     -   12s
H    0     0                    19092.907958 30284.3024  58.6%     -   14s
     0     0 30284.3024    0  468 19092.9080 30284.3024  58.6%     -   14s
     0     0 30284.2940    0  437 19092.9080 30284.2940  58.6%     -   14s
H    0     0                    20589.590573 30284.2940  47.1%     -   19s
     0     0 30284.2940    0  480 20589.5906 30284.2940  47.1%     -   20s
     0     0 30280.7668    0  447 20589.5906 30280.7668  47.1%     -   20s
     0     0 30280.7646    0  436 20589.5906 30280.7646  47.1%     -   21s
     0     0 30269.5640    0  440 20589.5906 30269.5640  47.0%     -   21s
     0     0 30269.5640    0  424 20589.5906 30269.5640  47.0%     -   21s
     0     0 30269.5640    0  436 20589.5906 30269.5640  47.0%     -   22s
     0     0 30269.5640    0  484 20589.5906 30269.5640  47.0%     -   22s
     0     0 30269.5640    0  359 20589.5906 30269.5640  47.0%     -   23s
     0     0 30269.5640    0  414 20589.5906 30269.5640  47.0%     -   24s
     0     0 30269.5640    0  378 20589.5906 30269.5640  47.0%     -   25s
     0     0 30269.3721    0  371 20589.5906 30269.3721  47.0%     -   25s
     0     0 30269.3437    0  417 20589.5906 30269.3437  47.0%     -   25s
     0     0 30269.2312    0  391 20589.5906 30269.2312  47.0%     -   25s
     0     0 30269.2211    0  399 20589.5906 30269.2211  47.0%     -   25s
     0     0 30265.5250    0  357 20589.5906 30265.5250  47.0%     -   26s
     0     0 30265.5250    0  368 20589.5906 30265.5250  47.0%     -   27s
     0     0 30263.9991    0  412 20589.5906 30263.9991  47.0%     -   27s
H    0     0                    21097.363051 30263.9991  43.4%     -   29s
     0     0 30263.3490    0  456 21097.3631 30263.3490  43.4%     -   30s
     0     0 30263.0781    0  405 21097.3631 30263.0781  43.4%     -   30s
     0     0 30263.0781    0  418 21097.3631 30263.0781  43.4%     -   30s
     0     0 30263.0781    0  454 21097.3631 30263.0781  43.4%     -   31s
     0     0 30263.0781    0  416 21097.3631 30263.0781  43.4%     -   31s
     0     0 30261.8021    0  465 21097.3631 30261.8021  43.4%     -   31s
     0     0 30260.9476    0  460 21097.3631 30260.9476  43.4%     -   31s
     0     0 30260.9476    0  432 21097.3631 30260.9476  43.4%     -   32s
     0     0 30258.0701    0  407 21097.3631 30258.0701  43.4%     -   32s
     0     0 30255.1830    0  401 21097.3631 30255.1830  43.4%     -   32s
     0     0 30255.0355    0  415 21097.3631 30255.0355  43.4%     -   33s
     0     0 30255.0043    0  442 21097.3631 30255.0043  43.4%     -   33s
     0     0 30254.9463    0  438 21097.3631 30254.9463  43.4%     -   33s
     0     0 30254.9463    0  451 21097.3631 30254.9463  43.4%     -   33s
     0     0 30253.9248    0  424 21097.3631 30253.9248  43.4%     -   34s
     0     0 30253.6531    0  435 21097.3631 30253.6531  43.4%     -   34s
     0     0 30253.6250    0  383 21097.3631 30253.6250  43.4%     -   34s
     0     0 30253.6250    0  396 21097.3631 30253.6250  43.4%     -   34s
     0     0 30253.5726    0  457 21097.3631 30253.5726  43.4%     -   35s
     0     0 30252.6252    0  444 21097.3631 30252.6252  43.4%     -   35s
     0     0 30252.6252    0  467 21097.3631 30252.6252  43.4%     -   35s
     0     0 30252.6252    0  441 21097.3631 30252.6252  43.4%     -   36s
     0     0 30250.6038    0  471 21097.3631 30250.6038  43.4%     -   36s
     0     0 30250.4802    0  481 21097.3631 30250.4802  43.4%     -   36s
     0     0 30250.4802    0  496 21097.3631 30250.4802  43.4%     -   36s
     0     0 30250.4802    0  515 21097.3631 30250.4802  43.4%     -   37s
     0     0 30250.4802    0  467 21097.3631 30250.4802  43.4%     -   37s
     0     0 30250.4802    0  489 21097.3631 30250.4802  43.4%     -   37s
     0     0 30250.2629    0  496 21097.3631 30250.2629  43.4%     -   38s
     0     0 30250.2360    0  485 21097.3631 30250.2360  43.4%     -   38s
     0     0 30250.2360    0  496 21097.3631 30250.2360  43.4%     -   38s
     0     0 30249.5606    0  415 21097.3631 30249.5606  43.4%     -   39s
     0     0 30249.5606    0  466 21097.3631 30249.5606  43.4%     -   39s
     0     0 30249.5606    0  476 21097.3631 30249.5606  43.4%     -   40s
     0     0 30249.2491    0  500 21097.3631 30249.2491  43.4%     -   40s
     0     0 30249.0448    0  474 21097.3631 30249.0448  43.4%     -   40s
     0     0 30249.0448    0  468 21097.3631 30249.0448  43.4%     -   40s
     0     0 30248.9919    0  361 21097.3631 30248.9919  43.4%     -   41s
     0     0 30248.9919    0  402 21097.3631 30248.9919  43.4%     -   42s
     0     0 30248.7969    0  454 21097.3631 30248.7969  43.4%     -   42s
     0     0 30248.7969    0  441 21097.3631 30248.7969  43.4%     -   42s
     0     0 30248.7969    0  510 21097.3631 30248.7969  43.4%     -   43s
     0     0 30248.7969    0  382 21097.3631 30248.7969  43.4%     -   44s
     0     2 30234.0535    0  342 21097.3631 30234.0535  43.3%     -   45s
H   31    52                    21857.453199 30178.6842  38.1%  1191   57s
H   35    52                    21998.454165 30178.6842  37.2%  1194   57s
H   36    52                    22036.579303 30178.6842  36.9%  1187   57s
H   40    52                    22099.478263 30155.5070  36.5%  1168   57s
H   42    52                    22687.641506 30155.5070  32.9%  1149   57s
    91   110 29686.2825    7  445 22687.6415 30154.7366  32.9%   943   61s
H  146   155                    22747.280652 30154.7366  32.6%   639   64s
   194   208 29684.3391   12  434 22747.2807 30154.7366  32.6%   525   65s
H  256   258                    22903.602545 30154.7366  31.7%   429   68s
   315   315 29678.9359   18  430 22903.6025 30154.7366  31.7%   386   72s
   482   455 29664.4073   23  429 22903.6025 30154.7366  31.7%   314   76s
H  485   455                    22903.602547 30154.7366  31.7%   314   76s
   749   685 29602.4667   26  421 22903.6025 30154.7366  31.7%   265   82s
H  764   685                    22903.602550 30154.7366  31.7%   264   82s
   988   967 29032.7707   36  383 22903.6025 30154.7366  31.7%   229   85s
  1690  1621 28747.1843   56  399 22903.6025 30154.7366  31.7%   167   90s
  2387  2228 28073.2831   72  421 22903.6025 30154.7366  31.7%   140   95s
  3112  2833 27220.3973   89  369 22903.6025 30154.7366  31.7%   126  101s
H 3185  2833                    22903.602552 30154.7366  31.7%   125  101s
  3675  3349 27037.3522  107  299 22903.6026 30154.7366  31.7%   118  106s
* 4416  3875             267    23031.881110 30154.7366  30.9%   109  109s
  4518  4055 25688.7121  132  231 23031.8811 30154.7366  30.9%   108  114s
H 4735  4055                    23031.881112 30154.7366  30.9%   106  114s
  4741  4288 25554.6345  138  250 23031.8811 30154.7366  30.9%   106  115s
  5325  4506 29149.8700   38  382 23031.8811 30154.7366  30.9%   100  140s
  5327  4507 29567.8442   20  470 23031.8811 30154.7366  30.9%   100  179s
  5328  4508 25873.9717  120  510 23031.8811 30154.7366  30.9%   100  186s
  5332  4511 29567.8442   18  477 23031.8811 30154.7366  30.9%   100  190s
  5337  4515 28390.8682   49  189 23031.8811 30154.7366  30.9%   103  203s
  5341  4518 24366.6795   84  198 23031.8811 30154.7366  30.9%   103  206s
  5345  4521 24069.0817   88  185 23031.8811 30154.7366  30.9%   103  210s
  5351  4525 26835.9441   30  243 23031.8811 30154.7366  30.9%   103  216s
  5358  4529 26030.6515   63  270 23031.8811 30154.7366  30.9%   103  221s
  5361  4531 28657.0726   73  213 23031.8811 30154.7366  30.9%   103  225s
  5365  4534 26010.0749   65  270 23031.8811 30154.7366  30.9%   103  230s
  5371  4538 28805.3124   17  216 23031.8811 30134.9969  30.8%   103  236s
  5378  4543 27547.3757  140  233 23031.8811 30123.3626  30.8%   103  241s
  5383  4546 30017.3070   13  195 23031.8811 30111.4804  30.7%   102  246s
  5390  4551 28882.7407   46  239 23031.8811 30097.9168  30.7%   102  250s
  5399  4557 26034.1094  133  232 23031.8811 30083.9000  30.6%   102  255s
  5405  4564 30073.5168   27  147 23031.8811 30079.8192  30.6%  19.2  260s
  5495  4642 29971.2012   33  266 23031.8811 30031.2016  30.4%  38.6  265s
  5560  4684 29957.8449   34  285 23031.8811 30014.9521  30.3%  42.4  279s
  5608  4725 29960.3761   35  284 23031.8811 30014.9521  30.3%  43.7  280s
  5733  4809 29957.8488   38  280 23031.8811 30014.9521  30.3%  46.8  285s
  5821  4876 29274.1666   40  278 23031.8811 30014.9521  30.3%  51.1  290s
H 5975  4698                    23092.355397 30014.9521  30.0%  59.4  294s
  5983  4744 29801.2990   43  268 23092.3554 30014.9521  30.0%  59.4  295s
  6213  4878 29801.2990   46  294 23092.3554 30014.9521  30.0%  64.2  300s
  6502  5032 29799.5142   48  325 23092.3554 30014.9521  30.0%  67.2  305s
H 6530  4806                    23125.923177 30014.9521  29.8%  67.7  305s
H 6726  4841                    23194.227491 30014.9521  29.4%  68.7  309s
H 6787  4624                    23283.711972 30014.9521  28.9%  68.9  309s
  6934  4744 29797.4244   54  277 23283.7120 30014.9521  28.9%  68.4  311s
  7365  4875 29682.7289   59  239 23283.7120 30014.9521  28.9%  69.7  316s
H 7403  4677                    23382.690248 30014.9521  28.4%  70.0  316s
  7755  4835 29399.9383   65  194 23382.6902 30014.9521  28.4%  72.4  321s
  8181  4942 28501.9042   73  169 23382.6902 30014.9521  28.4%  75.8  328s
  8222  5227 28501.8804   74  207 23382.6902 30014.9521  28.4%  76.9  330s
  8872  5651 28342.2003   84  177 23382.6902 30014.9521  28.4%  78.4  335s
  9595  6026 28063.3648   92  164 23382.6902 30014.9521  28.4%  80.1  340s
 10678  6570 27250.8192  113  146 23382.6902 30014.9521  28.4%  82.0  347s
 11413  7148 26163.9796  131  125 23382.6902 30014.9521  28.4%  83.6  352s
 11932  7462 25699.0518  142  110 23382.6902 30014.9521  28.4%  83.2  355s
 12482  7370 25699.0518  158  113 23382.6902 30014.9521  28.4%  82.3  360s
 13168  8007 25552.4267  177  103 23382.6902 30014.9521  28.4%  81.4  367s
 13634  8375 24769.9158  189  113 23382.6902 30014.9521  28.4%  82.0  370s
 14832  9002     cutoff  213      23382.6902 30003.6239  28.3%  81.6  378s
 15428  9410 29578.9602   41  219 23382.6902 30003.6239  28.3%  81.3  382s
 16109  9855 26146.9987   83  158 23382.6902 29994.3047  28.3%  81.2  387s
 16802 10446 29975.3413   34  235 23382.6902 29994.3047  28.3%  80.8  392s
 17527 11056 27341.0031   57  184 23382.6902 29994.3047  28.3%  80.4  397s
 18288 11681     cutoff   95      23382.6902 29984.8724  28.2%  79.6  402s
 19076 12258 28988.5463   49  193 23382.6902 29983.4318  28.2%  79.4  407s
 19790 13107 28744.4185   75  199 23382.6902 29983.4318  28.2%  79.5  412s
 20724 13126 27887.8800  104  212 23382.6902 29983.4318  28.2%  78.9  431s
 20744 13506 27887.8800  105  211 23382.6902 29983.4318  28.2%  78.9  436s
 21192 14377 27077.0534  112  177 23382.6902 29983.4318  28.2%  78.4  442s
 22219 15342 25654.8045  140  144 23382.6902 29983.4318  28.2%  77.4  449s
 23309 17428 infeasible  170      23382.6902 29983.4139  28.2%  76.7  464s
 25737 17988 27583.8222   58  188 23382.6902 29983.4139  28.2%  74.8  469s
 26413 18841 27540.4405   91  157 23382.6902 29983.4139  28.2%  74.9  476s
 27370 19924 26973.5116  130  128 23382.6902 29983.4139  28.2%  74.7  483s
 28509 20068 25478.2689  162   99 23382.6902 29983.4139  28.2%  73.9  769s
H28516 20060                    23421.729143 29983.4139  28.0%  73.9  769s
 28669 20550 25504.9285  164  103 23421.7291 29983.4139  28.0%  73.9  774s
 29227 20817 24815.5382  181  111 23421.7291 29983.4139  28.0%  73.6  782s
H29370 20817                    23421.729145 29983.4139  28.0%  73.4  782s
 29502 21683 24537.6561  184  102 23421.7291 29981.2529  28.0%  73.3  789s
 30462 22266 29086.5461   40  193 23421.7291 29980.4283  28.0%  72.3  801s
 31123 23618 26803.1735   59  164 23421.7291 29976.9551  28.0%  71.9  812s
 32617 24503 28554.8549   43  219 23421.7291 29976.9551  28.0%  71.0  824s
 33639 25613 24726.5555   84  125 23421.7291 29973.4419  28.0%  70.2  834s
 34011 25613 infeasible  123      23421.7291 29973.4419  28.0%  70.4  835s
 35222 26548 28550.2950   48  201 23421.7291 29973.4419  28.0%  70.0  847s
 36316 28545 infeasible  166      23421.7291 29973.4419  28.0%  70.1  861s
 38780 30172 29072.4534   67  208 23421.7291 29973.4419  28.0%  69.3  873s
 40748 31806 29973.1207   42  257 23421.7291 29973.4419  28.0%  70.0  885s
 42544 35146 27939.6738  115  153 23421.7291 29973.4419  28.0%  70.6  904s
 45990 35166 27270.9785  207  131 23421.7291 29973.4419  28.0%  67.9  922s
H45994 34661                    23766.174576 29973.4419  26.1%  67.9  923s
 46010 36891 27270.9785  208  130 23766.1746 29973.4419  26.1%  67.9  937s
 48599 36892 26861.7664  191  382 23766.1746 29973.4419  26.1%  66.4 1751s
 48601 36893 25360.7819  240  189 23766.1746 29973.4419  26.1%  66.4 1765s
 48602 36894 24569.5301  205  235 23766.1746 29973.4419  26.1%  66.4 1780s
 48605 36896 27245.6903   80  264 23766.1746 29973.4419  26.1%  66.4 1793s
 48608 36898 27691.1933  129  271 23766.1746 29973.4419  26.1%  66.4 1799s

Cutting planes:
  Learned: 21
  Gomory: 62
  Lift-and-project: 172
  Cover: 27
  Implied bound: 1
  MIR: 327
  StrongCG: 2
  Flow cover: 359
  RLT: 5
  Relax-and-lift: 2

Explored 48608 nodes (3842363 simplex iterations) in 1800.59 seconds (640.91 work units)
Thread count was 20 (of 20 available processors)

Solution count 10: 23766.2 23421.7 23421.7 ... 23031.9

Time limit reached
Best objective 2.376617457577e+04, best bound 2.997344194348e+04, gap 26.1181%
