04/28/2026 11:45:17 AM INFO mip_v1 - setup_solver_logging: ================================================================================
04/28/2026 11:45:17 AM INFO mip_v1 - setup_solver_logging: Logging started. Log file: D:\Project_Code\Paper\DP_LBBD_1\DP_lbbd\Algorithm\Results\mip_v1\medium\exp_5f_35j_seed4\log\exp_5f_35j_seed4_running.log
04/28/2026 11:45:17 AM INFO mip_v1 - print: BigM calculated: 128.9
04/28/2026 11:45:17 AM INFO mip_v1 - print: Adding variables...
04/28/2026 11:45:17 AM INFO mip_v1 - print: Total variables: 26005
04/28/2026 11:45:17 AM INFO mip_v1 - print: Adding constraints...
04/28/2026 11:45:18 AM INFO mip_v1 - print: Total constraints: 52048
04/28/2026 11:45:18 AM INFO mip_v1 - print: Setting objective function...
04/28/2026 11:45:18 AM INFO mip_v1 - print: 
04/28/2026 11:45:18 AM INFO mip_v1 - print: ✓ Model LP written to: D:\Project_Code\Paper\DP_LBBD_1\DP_lbbd\Algorithm\MIP\production_model.lp
04/28/2026 11:45:18 AM INFO mip_v1 - print: 
04/28/2026 11:45:18 AM INFO mip_v1 - print: ============================================================
04/28/2026 11:45:18 AM INFO mip_v1 - print: Starting optimization...
04/28/2026 11:45:18 AM INFO mip_v1 - print: ============================================================
04/28/2026 11:45:18 AM INFO mip_v1 - print: Gurobi native log file: D:\Project_Code\Paper\DP_LBBD_1\DP_lbbd\Algorithm\Results\mip_v1\medium\exp_5f_35j_seed4\log\exp_5f_35j_seed4_gurobi.log
04/28/2026 12:15:19 PM INFO mip_v1 - print: 
04/28/2026 12:15:19 PM INFO mip_v1 - print: ============================================================
04/28/2026 12:15:19 PM INFO mip_v1 - print: SOLUTION SUMMARY
04/28/2026 12:15:19 PM INFO mip_v1 - print: ============================================================
04/28/2026 12:15:19 PM INFO mip_v1 - print: ⚠ Time limit reached, best solution found:
04/28/2026 12:15:19 PM INFO mip_v1 - print: 
04/28/2026 12:15:19 PM INFO mip_v1 - print: Objective Value (Total Profit): 15656.79
04/28/2026 12:15:19 PM INFO mip_v1 - print: MIP Gap: 21.47%
04/28/2026 12:15:19 PM INFO mip_v1 - print: 
04/28/2026 12:15:19 PM INFO mip_v1 - print: 📋 Accepted Orders (28/35): [2, 3, 4, 5, 6, 7, 8, 9, 10, 11, 12, 13, 15, 18, 19, 20, 21, 22, 23, 25, 26, 27, 29, 30, 31, 32, 34, 35]
04/28/2026 12:15:19 PM INFO mip_v1 - print: 
04/28/2026 12:15:19 PM INFO mip_v1 - print: ------------------------------------------------------------
04/28/2026 12:15:19 PM INFO mip_v1 - print: ORDER ALLOCATION DETAILS
04/28/2026 12:15:19 PM INFO mip_v1 - print: ------------------------------------------------------------
04/28/2026 12:15:19 PM INFO mip_v1 - print: 
04/28/2026 12:15:19 PM INFO mip_v1 - print: Order 2 → Factory 2
04/28/2026 12:15:19 PM INFO mip_v1 - print:   Machine 1: completion time = 30.28
04/28/2026 12:15:19 PM INFO mip_v1 - print:   Machine 2: completion time = 39.76
04/28/2026 12:15:19 PM INFO mip_v1 - print:   Machine 3: completion time = 48.58
04/28/2026 12:15:19 PM INFO mip_v1 - print:   Machine 4: completion time = 56.97
04/28/2026 12:15:19 PM INFO mip_v1 - print:   Machine 5: completion time = 65.18
04/28/2026 12:15:19 PM INFO mip_v1 - print:   Delivery: 70.28 (Deadline: 75.70, Delay: 0.00)
04/28/2026 12:15:19 PM INFO mip_v1 - print: 
04/28/2026 12:15:19 PM INFO mip_v1 - print: Order 3 → Factory 3
04/28/2026 12:15:19 PM INFO mip_v1 - print:   Machine 1: completion time = 42.07
04/28/2026 12:15:19 PM INFO mip_v1 - print:   Machine 2: completion time = 49.86
04/28/2026 12:15:19 PM INFO mip_v1 - print:   Machine 3: completion time = 56.89
04/28/2026 12:15:19 PM INFO mip_v1 - print:   Machine 4: completion time = 69.97
04/28/2026 12:15:19 PM INFO mip_v1 - print:   Delivery: 72.47 (Deadline: 78.80, Delay: 0.00)
04/28/2026 12:15:19 PM INFO mip_v1 - print: 
04/28/2026 12:15:19 PM INFO mip_v1 - print: Order 4 → Factory 5
04/28/2026 12:15:19 PM INFO mip_v1 - print:   Machine 1: completion time = 77.64
04/28/2026 12:15:19 PM INFO mip_v1 - print:   Machine 2: completion time = 90.29
04/28/2026 12:15:19 PM INFO mip_v1 - print:   Machine 3: completion time = 102.28
04/28/2026 12:15:19 PM INFO mip_v1 - print:   Delivery: 106.58 (Deadline: 102.20, Delay: 4.38)
04/28/2026 12:15:19 PM INFO mip_v1 - print: 
04/28/2026 12:15:19 PM INFO mip_v1 - print: Order 5 → Factory 4
04/28/2026 12:15:19 PM INFO mip_v1 - print:   Machine 1: completion time = 16.13
04/28/2026 12:15:19 PM INFO mip_v1 - print:   Machine 2: completion time = 24.26
04/28/2026 12:15:19 PM INFO mip_v1 - print:   Machine 3: completion time = 31.13
04/28/2026 12:15:19 PM INFO mip_v1 - print:   Machine 4: completion time = 38.22
04/28/2026 12:15:19 PM INFO mip_v1 - print:   Delivery: 40.52 (Deadline: 53.20, Delay: 0.00)
04/28/2026 12:15:19 PM INFO mip_v1 - print: 
04/28/2026 12:15:19 PM INFO mip_v1 - print: Order 6 → Factory 1
04/28/2026 12:15:19 PM INFO mip_v1 - print:   Machine 1: completion time = 16.23
04/28/2026 12:15:19 PM INFO mip_v1 - print:   Machine 2: completion time = 24.25
04/28/2026 12:15:19 PM INFO mip_v1 - print:   Machine 3: completion time = 30.98
04/28/2026 12:15:19 PM INFO mip_v1 - print:   Machine 4: completion time = 38.35
04/28/2026 12:15:19 PM INFO mip_v1 - print:   Machine 5: completion time = 45.45
04/28/2026 12:15:19 PM INFO mip_v1 - print:   Delivery: 51.65 (Deadline: 59.30, Delay: 0.00)
04/28/2026 12:15:19 PM INFO mip_v1 - print: 
04/28/2026 12:15:19 PM INFO mip_v1 - print: Order 7 → Factory 5
04/28/2026 12:15:19 PM INFO mip_v1 - print:   Machine 1: completion time = 50.27
04/28/2026 12:15:19 PM INFO mip_v1 - print:   Machine 2: completion time = 58.63
04/28/2026 12:15:19 PM INFO mip_v1 - print:   Machine 3: completion time = 66.25
04/28/2026 12:15:19 PM INFO mip_v1 - print:   Delivery: 70.55 (Deadline: 75.30, Delay: 0.00)
04/28/2026 12:15:19 PM INFO mip_v1 - print: 
04/28/2026 12:15:19 PM INFO mip_v1 - print: Order 8 → Factory 2
04/28/2026 12:15:19 PM INFO mip_v1 - print:   Machine 1: completion time = 20.96
04/28/2026 12:15:19 PM INFO mip_v1 - print:   Machine 2: completion time = 30.17
04/28/2026 12:15:19 PM INFO mip_v1 - print:   Machine 3: completion time = 38.62
04/28/2026 12:15:19 PM INFO mip_v1 - print:   Machine 4: completion time = 46.32
04/28/2026 12:15:19 PM INFO mip_v1 - print:   Machine 5: completion time = 53.80
04/28/2026 12:15:19 PM INFO mip_v1 - print:   Delivery: 58.60 (Deadline: 74.10, Delay: 0.00)
04/28/2026 12:15:19 PM INFO mip_v1 - print: 
04/28/2026 12:15:19 PM INFO mip_v1 - print: Order 9 → Factory 2
04/28/2026 12:15:19 PM INFO mip_v1 - print:   Machine 1: completion time = 45.91
04/28/2026 12:15:19 PM INFO mip_v1 - print:   Machine 2: completion time = 55.30
04/28/2026 12:15:19 PM INFO mip_v1 - print:   Machine 3: completion time = 62.41
04/28/2026 12:15:19 PM INFO mip_v1 - print:   Machine 4: completion time = 72.80
04/28/2026 12:15:19 PM INFO mip_v1 - print:   Machine 5: completion time = 81.05
04/28/2026 12:15:19 PM INFO mip_v1 - print:   Delivery: 83.65 (Deadline: 85.90, Delay: 0.00)
04/28/2026 12:15:19 PM INFO mip_v1 - print: 
04/28/2026 12:15:19 PM INFO mip_v1 - print: Order 10 → Factory 5
04/28/2026 12:15:19 PM INFO mip_v1 - print:   Machine 1: completion time = 63.85
04/28/2026 12:15:19 PM INFO mip_v1 - print:   Machine 2: completion time = 76.84
04/28/2026 12:15:19 PM INFO mip_v1 - print:   Machine 3: completion time = 88.85
04/28/2026 12:15:19 PM INFO mip_v1 - print:   Delivery: 96.25 (Deadline: 96.70, Delay: 0.00)
04/28/2026 12:15:19 PM INFO mip_v1 - print: 
04/28/2026 12:15:19 PM INFO mip_v1 - print: Order 11 → Factory 3
04/28/2026 12:15:19 PM INFO mip_v1 - print:   Machine 1: completion time = 22.63
04/28/2026 12:15:19 PM INFO mip_v1 - print:   Machine 2: completion time = 36.26
04/28/2026 12:15:19 PM INFO mip_v1 - print:   Machine 3: completion time = 48.98
04/28/2026 12:15:19 PM INFO mip_v1 - print:   Machine 4: completion time = 62.13
04/28/2026 12:15:19 PM INFO mip_v1 - print:   Delivery: 65.33 (Deadline: 84.60, Delay: 0.00)
04/28/2026 12:15:19 PM INFO mip_v1 - print: 
04/28/2026 12:15:19 PM INFO mip_v1 - print: Order 12 → Factory 2
04/28/2026 12:15:19 PM INFO mip_v1 - print:   Machine 1: completion time = 38.20
04/28/2026 12:15:19 PM INFO mip_v1 - print:   Machine 2: completion time = 47.71
04/28/2026 12:15:19 PM INFO mip_v1 - print:   Machine 3: completion time = 55.53
04/28/2026 12:15:19 PM INFO mip_v1 - print:   Machine 4: completion time = 63.93
04/28/2026 12:15:19 PM INFO mip_v1 - print:   Machine 5: completion time = 72.10
04/28/2026 12:15:19 PM INFO mip_v1 - print:   Delivery: 76.40 (Deadline: 76.40, Delay: 0.00)
04/28/2026 12:15:19 PM INFO mip_v1 - print: 
04/28/2026 12:15:19 PM INFO mip_v1 - print: Order 13 → Factory 5
04/28/2026 12:15:19 PM INFO mip_v1 - print:   Machine 1: completion time = 34.21
04/28/2026 12:15:19 PM INFO mip_v1 - print:   Machine 2: completion time = 43.71
04/28/2026 12:15:19 PM INFO mip_v1 - print:   Machine 3: completion time = 75.10
04/28/2026 12:15:19 PM INFO mip_v1 - print:   Delivery: 79.80 (Deadline: 82.70, Delay: 0.00)
04/28/2026 12:15:19 PM INFO mip_v1 - print: 
04/28/2026 12:15:19 PM INFO mip_v1 - print: Order 15 → Factory 1
04/28/2026 12:15:19 PM INFO mip_v1 - print:   Machine 1: completion time = 8.55
04/28/2026 12:15:19 PM INFO mip_v1 - print:   Machine 2: completion time = 16.23
04/28/2026 12:15:19 PM INFO mip_v1 - print:   Machine 3: completion time = 23.17
04/28/2026 12:15:19 PM INFO mip_v1 - print:   Machine 4: completion time = 30.63
04/28/2026 12:15:19 PM INFO mip_v1 - print:   Machine 5: completion time = 37.89
04/28/2026 12:15:19 PM INFO mip_v1 - print:   Delivery: 38.09 (Deadline: 51.00, Delay: 0.00)
04/28/2026 12:15:19 PM INFO mip_v1 - print: 
04/28/2026 12:15:19 PM INFO mip_v1 - print: Order 18 → Factory 1
04/28/2026 12:15:19 PM INFO mip_v1 - print:   Machine 1: completion time = 38.41
04/28/2026 12:15:19 PM INFO mip_v1 - print:   Machine 2: completion time = 46.84
04/28/2026 12:15:19 PM INFO mip_v1 - print:   Machine 3: completion time = 53.93
04/28/2026 12:15:19 PM INFO mip_v1 - print:   Machine 4: completion time = 61.45
04/28/2026 12:15:19 PM INFO mip_v1 - print:   Machine 5: completion time = 68.53
04/28/2026 12:15:19 PM INFO mip_v1 - print:   Delivery: 72.93 (Deadline: 70.10, Delay: 2.83)
04/28/2026 12:15:19 PM INFO mip_v1 - print: 
04/28/2026 12:15:19 PM INFO mip_v1 - print: Order 19 → Factory 5
04/28/2026 12:15:19 PM INFO mip_v1 - print:   Machine 1: completion time = 24.21
04/28/2026 12:15:19 PM INFO mip_v1 - print:   Machine 2: completion time = 34.41
04/28/2026 12:15:19 PM INFO mip_v1 - print:   Machine 3: completion time = 50.15
04/28/2026 12:15:19 PM INFO mip_v1 - print:   Delivery: 53.05 (Deadline: 66.60, Delay: 0.00)
04/28/2026 12:15:19 PM INFO mip_v1 - print: 
04/28/2026 12:15:19 PM INFO mip_v1 - print: Order 20 → Factory 4
04/28/2026 12:15:19 PM INFO mip_v1 - print:   Machine 1: completion time = 45.80
04/28/2026 12:15:19 PM INFO mip_v1 - print:   Machine 2: completion time = 60.58
04/28/2026 12:15:19 PM INFO mip_v1 - print:   Machine 3: completion time = 72.71
04/28/2026 12:15:19 PM INFO mip_v1 - print:   Machine 4: completion time = 85.10
04/28/2026 12:15:19 PM INFO mip_v1 - print:   Delivery: 88.30 (Deadline: 101.20, Delay: 0.00)
04/28/2026 12:15:19 PM INFO mip_v1 - print: 
04/28/2026 12:15:19 PM INFO mip_v1 - print: Order 21 → Factory 4
04/28/2026 12:15:19 PM INFO mip_v1 - print:   Machine 1: completion time = 34.80
04/28/2026 12:15:19 PM INFO mip_v1 - print:   Machine 2: completion time = 47.65
04/28/2026 12:15:19 PM INFO mip_v1 - print:   Machine 3: completion time = 60.06
04/28/2026 12:15:19 PM INFO mip_v1 - print:   Machine 4: completion time = 71.98
04/28/2026 12:15:19 PM INFO mip_v1 - print:   Delivery: 75.88 (Deadline: 83.30, Delay: 0.00)
04/28/2026 12:15:19 PM INFO mip_v1 - print: 
04/28/2026 12:15:19 PM INFO mip_v1 - print: Order 22 → Factory 5
04/28/2026 12:15:19 PM INFO mip_v1 - print:   Machine 1: completion time = 41.35
04/28/2026 12:15:19 PM INFO mip_v1 - print:   Machine 2: completion time = 50.15
04/28/2026 12:15:19 PM INFO mip_v1 - print:   Machine 3: completion time = 55.94
04/28/2026 12:15:19 PM INFO mip_v1 - print:   Delivery: 59.14 (Deadline: 61.90, Delay: 0.00)
04/28/2026 12:15:19 PM INFO mip_v1 - print: 
04/28/2026 12:15:19 PM INFO mip_v1 - print: Order 23 → Factory 1
04/28/2026 12:15:19 PM INFO mip_v1 - print:   Machine 1: completion time = 30.85
04/28/2026 12:15:19 PM INFO mip_v1 - print:   Machine 2: completion time = 38.88
04/28/2026 12:15:19 PM INFO mip_v1 - print:   Machine 3: completion time = 46.84
04/28/2026 12:15:19 PM INFO mip_v1 - print:   Machine 4: completion time = 53.93
04/28/2026 12:15:19 PM INFO mip_v1 - print:   Machine 5: completion time = 59.89
04/28/2026 12:15:19 PM INFO mip_v1 - print:   Delivery: 63.19 (Deadline: 66.00, Delay: 0.00)
04/28/2026 12:15:19 PM INFO mip_v1 - print: 
04/28/2026 12:15:19 PM INFO mip_v1 - print: Order 25 → Factory 5
04/28/2026 12:15:19 PM INFO mip_v1 - print:   Machine 1: completion time = 13.46
04/28/2026 12:15:19 PM INFO mip_v1 - print:   Machine 2: completion time = 21.06
04/28/2026 12:15:19 PM INFO mip_v1 - print:   Machine 3: completion time = 28.15
04/28/2026 12:15:19 PM INFO mip_v1 - print:   Delivery: 32.15 (Deadline: 53.40, Delay: 0.00)
04/28/2026 12:15:19 PM INFO mip_v1 - print: 
04/28/2026 12:15:19 PM INFO mip_v1 - print: Order 26 → Factory 4
04/28/2026 12:15:19 PM INFO mip_v1 - print:   Machine 1: completion time = 24.26
04/28/2026 12:15:19 PM INFO mip_v1 - print:   Machine 2: completion time = 33.42
04/28/2026 12:15:19 PM INFO mip_v1 - print:   Machine 3: completion time = 41.95
04/28/2026 12:15:19 PM INFO mip_v1 - print:   Machine 4: completion time = 53.62
04/28/2026 12:15:19 PM INFO mip_v1 - print:   Delivery: 58.32 (Deadline: 68.30, Delay: 0.00)
04/28/2026 12:15:19 PM INFO mip_v1 - print: 
04/28/2026 12:15:19 PM INFO mip_v1 - print: Order 27 → Factory 3
04/28/2026 12:15:19 PM INFO mip_v1 - print:   Machine 1: completion time = 51.57
04/28/2026 12:15:19 PM INFO mip_v1 - print:   Machine 2: completion time = 61.81
04/28/2026 12:15:19 PM INFO mip_v1 - print:   Machine 3: completion time = 71.43
04/28/2026 12:15:19 PM INFO mip_v1 - print:   Machine 4: completion time = 82.27
04/28/2026 12:15:19 PM INFO mip_v1 - print:   Delivery: 84.67 (Deadline: 85.50, Delay: 0.00)
04/28/2026 12:15:19 PM INFO mip_v1 - print: 
04/28/2026 12:15:19 PM INFO mip_v1 - print: Order 29 → Factory 1
04/28/2026 12:15:19 PM INFO mip_v1 - print:   Machine 1: completion time = 47.46
04/28/2026 12:15:19 PM INFO mip_v1 - print:   Machine 2: completion time = 57.67
04/28/2026 12:15:19 PM INFO mip_v1 - print:   Machine 3: completion time = 66.25
04/28/2026 12:15:19 PM INFO mip_v1 - print:   Machine 4: completion time = 75.58
04/28/2026 12:15:19 PM INFO mip_v1 - print:   Machine 5: completion time = 85.00
04/28/2026 12:15:19 PM INFO mip_v1 - print:   Delivery: 86.20 (Deadline: 86.20, Delay: 0.00)
04/28/2026 12:15:19 PM INFO mip_v1 - print: 
04/28/2026 12:15:19 PM INFO mip_v1 - print: Order 30 → Factory 2
04/28/2026 12:15:19 PM INFO mip_v1 - print:   Machine 1: completion time = 55.30
04/28/2026 12:15:19 PM INFO mip_v1 - print:   Machine 2: completion time = 64.51
04/28/2026 12:15:19 PM INFO mip_v1 - print:   Machine 3: completion time = 72.80
04/28/2026 12:15:19 PM INFO mip_v1 - print:   Machine 4: completion time = 81.05
04/28/2026 12:15:19 PM INFO mip_v1 - print:   Machine 5: completion time = 88.99
04/28/2026 12:15:19 PM INFO mip_v1 - print:   Delivery: 89.79 (Deadline: 86.60, Delay: 3.19)
04/28/2026 12:15:19 PM INFO mip_v1 - print: 
04/28/2026 12:15:19 PM INFO mip_v1 - print: Order 31 → Factory 2
04/28/2026 12:15:19 PM INFO mip_v1 - print:   Machine 1: completion time = 11.89
04/28/2026 12:15:19 PM INFO mip_v1 - print:   Machine 2: completion time = 18.76
04/28/2026 12:15:19 PM INFO mip_v1 - print:   Machine 3: completion time = 25.51
04/28/2026 12:15:19 PM INFO mip_v1 - print:   Machine 4: completion time = 32.08
04/28/2026 12:15:19 PM INFO mip_v1 - print:   Machine 5: completion time = 38.30
04/28/2026 12:15:19 PM INFO mip_v1 - print:   Delivery: 41.10 (Deadline: 47.50, Delay: 0.00)
04/28/2026 12:15:19 PM INFO mip_v1 - print: 
04/28/2026 12:15:19 PM INFO mip_v1 - print: Order 32 → Factory 4
04/28/2026 12:15:19 PM INFO mip_v1 - print:   Machine 1: completion time = 9.80
04/28/2026 12:15:19 PM INFO mip_v1 - print:   Machine 2: completion time = 17.00
04/28/2026 12:15:19 PM INFO mip_v1 - print:   Machine 3: completion time = 23.85
04/28/2026 12:15:19 PM INFO mip_v1 - print:   Machine 4: completion time = 44.94
04/28/2026 12:15:19 PM INFO mip_v1 - print:   Delivery: 47.34 (Deadline: 53.20, Delay: 0.00)
04/28/2026 12:15:19 PM INFO mip_v1 - print: 
04/28/2026 12:15:19 PM INFO mip_v1 - print: Order 34 → Factory 1
04/28/2026 12:15:19 PM INFO mip_v1 - print:   Machine 1: completion time = 24.25
04/28/2026 12:15:19 PM INFO mip_v1 - print:   Machine 2: completion time = 31.98
04/28/2026 12:15:19 PM INFO mip_v1 - print:   Machine 3: completion time = 38.80
04/28/2026 12:15:19 PM INFO mip_v1 - print:   Machine 4: completion time = 46.57
04/28/2026 12:15:19 PM INFO mip_v1 - print:   Machine 5: completion time = 53.75
04/28/2026 12:15:19 PM INFO mip_v1 - print:   Delivery: 57.05 (Deadline: 57.50, Delay: 0.00)
04/28/2026 12:15:19 PM INFO mip_v1 - print: 
04/28/2026 12:15:19 PM INFO mip_v1 - print: Order 35 → Factory 4
04/28/2026 12:15:19 PM INFO mip_v1 - print:   Machine 1: completion time = 55.74
04/28/2026 12:15:19 PM INFO mip_v1 - print:   Machine 2: completion time = 72.19
04/28/2026 12:15:19 PM INFO mip_v1 - print:   Machine 3: completion time = 85.10
04/28/2026 12:15:19 PM INFO mip_v1 - print:   Machine 4: completion time = 96.00
04/28/2026 12:15:19 PM INFO mip_v1 - print:   Delivery: 99.10 (Deadline: 103.70, Delay: 0.00)
04/28/2026 12:15:19 PM INFO mip_v1 - print: 
04/28/2026 12:15:19 PM INFO mip_v1 - print: ------------------------------------------------------------
04/28/2026 12:15:19 PM INFO mip_v1 - print: COST BREAKDOWN
04/28/2026 12:15:19 PM INFO mip_v1 - print: ------------------------------------------------------------
04/28/2026 12:15:19 PM INFO mip_v1 - print: Total Revenue:          +    40010.00
04/28/2026 12:15:19 PM INFO mip_v1 - print: Production Cost:        -    17936.43
04/28/2026 12:15:19 PM INFO mip_v1 - print: Transport Cost:         -     5704.40
04/28/2026 12:15:19 PM INFO mip_v1 - print: Delay Penalty:          -      712.38
04/28/2026 12:15:19 PM INFO mip_v1 - print: ------------------------------------------------------------
04/28/2026 12:15:19 PM INFO mip_v1 - print: Total Profit:           =    15656.79
