04/29/2026 06:59:02 AM INFO mip_v1 - setup_solver_logging: ================================================================================
04/29/2026 06:59:02 AM INFO mip_v1 - setup_solver_logging: Logging started. Log file: D:\Project_Code\Paper\DP_LBBD_1\DP_lbbd\Algorithm\Results\mip_v1\small\exp_3f_30j_seed4\log\exp_3f_30j_seed4_running.log
04/29/2026 06:59:02 AM INFO mip_v1 - print: BigM calculated: 160.7
04/29/2026 06:59:02 AM INFO mip_v1 - print: Adding variables...
04/29/2026 06:59:02 AM INFO mip_v1 - print: Total variables: 12780
04/29/2026 06:59:02 AM INFO mip_v1 - print: Adding constraints...
04/29/2026 06:59:02 AM INFO mip_v1 - print: Total constraints: 25555
04/29/2026 06:59:02 AM INFO mip_v1 - print: Setting objective function...
04/29/2026 06:59:02 AM INFO mip_v1 - print: 
04/29/2026 06:59:02 AM INFO mip_v1 - print: ✓ Model LP written to: D:\Project_Code\Paper\DP_LBBD_1\DP_lbbd\Algorithm\MIP\production_model.lp
04/29/2026 06:59:02 AM INFO mip_v1 - print: 
04/29/2026 06:59:02 AM INFO mip_v1 - print: ============================================================
04/29/2026 06:59:02 AM INFO mip_v1 - print: Starting optimization...
04/29/2026 06:59:02 AM INFO mip_v1 - print: ============================================================
04/29/2026 06:59:02 AM INFO mip_v1 - print: Gurobi native log file: D:\Project_Code\Paper\DP_LBBD_1\DP_lbbd\Algorithm\Results\mip_v1\small\exp_3f_30j_seed4\log\exp_3f_30j_seed4_gurobi.log
04/29/2026 07:29:03 AM INFO mip_v1 - print: 
04/29/2026 07:29:03 AM INFO mip_v1 - print: ============================================================
04/29/2026 07:29:03 AM INFO mip_v1 - print: SOLUTION SUMMARY
04/29/2026 07:29:03 AM INFO mip_v1 - print: ============================================================
04/29/2026 07:29:03 AM INFO mip_v1 - print: ⚠ Time limit reached, best solution found:
04/29/2026 07:29:03 AM INFO mip_v1 - print: 
04/29/2026 07:29:03 AM INFO mip_v1 - print: Objective Value (Total Profit): 10231.69
04/29/2026 07:29:03 AM INFO mip_v1 - print: MIP Gap: 53.26%
04/29/2026 07:29:03 AM INFO mip_v1 - print: 
04/29/2026 07:29:03 AM INFO mip_v1 - print: 📋 Accepted Orders (17/30): [2, 3, 4, 5, 6, 7, 11, 12, 15, 18, 19, 20, 21, 23, 25, 26, 29]
04/29/2026 07:29:03 AM INFO mip_v1 - print: 
04/29/2026 07:29:03 AM INFO mip_v1 - print: ------------------------------------------------------------
04/29/2026 07:29:03 AM INFO mip_v1 - print: ORDER ALLOCATION DETAILS
04/29/2026 07:29:03 AM INFO mip_v1 - print: ------------------------------------------------------------
04/29/2026 07:29:03 AM INFO mip_v1 - print: 
04/29/2026 07:29:03 AM INFO mip_v1 - print: Order 2 → Factory 3
04/29/2026 07:29:03 AM INFO mip_v1 - print:   Machine 1: completion time = 15.98
04/29/2026 07:29:03 AM INFO mip_v1 - print:   Machine 2: completion time = 24.10
04/29/2026 07:29:03 AM INFO mip_v1 - print:   Machine 3: completion time = 31.67
04/29/2026 07:29:03 AM INFO mip_v1 - print:   Machine 4: completion time = 39.62
04/29/2026 07:29:03 AM INFO mip_v1 - print:   Delivery: 48.62 (Deadline: 52.80, Delay: 0.00)
04/29/2026 07:29:03 AM INFO mip_v1 - print: 
04/29/2026 07:29:03 AM INFO mip_v1 - print: Order 3 → Factory 3
04/29/2026 07:29:03 AM INFO mip_v1 - print:   Machine 1: completion time = 30.90
04/29/2026 07:29:03 AM INFO mip_v1 - print:   Machine 2: completion time = 38.53
04/29/2026 07:29:03 AM INFO mip_v1 - print:   Machine 3: completion time = 45.50
04/29/2026 07:29:03 AM INFO mip_v1 - print:   Machine 4: completion time = 54.08
04/29/2026 07:29:03 AM INFO mip_v1 - print:   Delivery: 56.98 (Deadline: 86.80, Delay: 0.00)
04/29/2026 07:29:03 AM INFO mip_v1 - print: 
04/29/2026 07:29:03 AM INFO mip_v1 - print: Order 4 → Factory 1
04/29/2026 07:29:03 AM INFO mip_v1 - print:   Machine 1: completion time = 32.59
04/29/2026 07:29:03 AM INFO mip_v1 - print:   Machine 2: completion time = 42.58
04/29/2026 07:29:03 AM INFO mip_v1 - print:   Machine 3: completion time = 51.37
04/29/2026 07:29:03 AM INFO mip_v1 - print:   Machine 4: completion time = 62.12
04/29/2026 07:29:03 AM INFO mip_v1 - print:   Machine 5: completion time = 69.50
04/29/2026 07:29:03 AM INFO mip_v1 - print:   Delivery: 74.70 (Deadline: 73.60, Delay: 1.10)
04/29/2026 07:29:03 AM INFO mip_v1 - print: 
04/29/2026 07:29:03 AM INFO mip_v1 - print: Order 5 → Factory 2
04/29/2026 07:29:03 AM INFO mip_v1 - print:   Machine 1: completion time = 31.99
04/29/2026 07:29:03 AM INFO mip_v1 - print:   Machine 2: completion time = 41.34
04/29/2026 07:29:03 AM INFO mip_v1 - print:   Machine 3: completion time = 54.31
04/29/2026 07:29:03 AM INFO mip_v1 - print:   Machine 4: completion time = 66.47
04/29/2026 07:29:03 AM INFO mip_v1 - print:   Machine 5: completion time = 78.19
04/29/2026 07:29:03 AM INFO mip_v1 - print:   Delivery: 81.69 (Deadline: 86.20, Delay: 0.00)
04/29/2026 07:29:03 AM INFO mip_v1 - print: 
04/29/2026 07:29:03 AM INFO mip_v1 - print: Order 6 → Factory 1
04/29/2026 07:29:03 AM INFO mip_v1 - print:   Machine 1: completion time = 39.05
04/29/2026 07:29:03 AM INFO mip_v1 - print:   Machine 2: completion time = 50.16
04/29/2026 07:29:03 AM INFO mip_v1 - print:   Machine 3: completion time = 61.71
04/29/2026 07:29:03 AM INFO mip_v1 - print:   Machine 4: completion time = 69.50
04/29/2026 07:29:03 AM INFO mip_v1 - print:   Machine 5: completion time = 75.09
04/29/2026 07:29:03 AM INFO mip_v1 - print:   Delivery: 78.19 (Deadline: 77.90, Delay: 0.29)
04/29/2026 07:29:03 AM INFO mip_v1 - print: 
04/29/2026 07:29:03 AM INFO mip_v1 - print: Order 7 → Factory 1
04/29/2026 07:29:03 AM INFO mip_v1 - print:   Machine 1: completion time = 24.79
04/29/2026 07:29:03 AM INFO mip_v1 - print:   Machine 2: completion time = 34.42
04/29/2026 07:29:03 AM INFO mip_v1 - print:   Machine 3: completion time = 43.63
04/29/2026 07:29:03 AM INFO mip_v1 - print:   Machine 4: completion time = 53.52
04/29/2026 07:29:03 AM INFO mip_v1 - print:   Machine 5: completion time = 62.20
04/29/2026 07:29:03 AM INFO mip_v1 - print:   Delivery: 68.40 (Deadline: 77.10, Delay: 0.00)
04/29/2026 07:29:03 AM INFO mip_v1 - print: 
04/29/2026 07:29:03 AM INFO mip_v1 - print: Order 11 → Factory 2
04/29/2026 07:29:03 AM INFO mip_v1 - print:   Machine 1: completion time = 43.69
04/29/2026 07:29:03 AM INFO mip_v1 - print:   Machine 2: completion time = 54.14
04/29/2026 07:29:03 AM INFO mip_v1 - print:   Machine 3: completion time = 66.47
04/29/2026 07:29:03 AM INFO mip_v1 - print:   Machine 4: completion time = 78.19
04/29/2026 07:29:03 AM INFO mip_v1 - print:   Machine 5: completion time = 89.39
04/29/2026 07:29:03 AM INFO mip_v1 - print:   Delivery: 93.69 (Deadline: 103.60, Delay: 0.00)
04/29/2026 07:29:03 AM INFO mip_v1 - print: 
04/29/2026 07:29:03 AM INFO mip_v1 - print: Order 12 → Factory 3
04/29/2026 07:29:03 AM INFO mip_v1 - print:   Machine 1: completion time = 63.99
04/29/2026 07:29:03 AM INFO mip_v1 - print:   Machine 2: completion time = 78.92
04/29/2026 07:29:03 AM INFO mip_v1 - print:   Machine 3: completion time = 92.38
04/29/2026 07:29:03 AM INFO mip_v1 - print:   Machine 4: completion time = 108.04
04/29/2026 07:29:03 AM INFO mip_v1 - print:   Delivery: 109.04 (Deadline: 108.80, Delay: 0.24)
04/29/2026 07:29:03 AM INFO mip_v1 - print: 
04/29/2026 07:29:03 AM INFO mip_v1 - print: Order 15 → Factory 1
04/29/2026 07:29:03 AM INFO mip_v1 - print:   Machine 1: completion time = 15.44
04/29/2026 07:29:03 AM INFO mip_v1 - print:   Machine 2: completion time = 24.54
04/29/2026 07:29:03 AM INFO mip_v1 - print:   Machine 3: completion time = 32.81
04/29/2026 07:29:03 AM INFO mip_v1 - print:   Machine 4: completion time = 41.56
04/29/2026 07:29:03 AM INFO mip_v1 - print:   Machine 5: completion time = 49.59
04/29/2026 07:29:03 AM INFO mip_v1 - print:   Delivery: 55.09 (Deadline: 65.90, Delay: 0.00)
04/29/2026 07:29:03 AM INFO mip_v1 - print: 
04/29/2026 07:29:03 AM INFO mip_v1 - print: Order 18 → Factory 2
04/29/2026 07:29:03 AM INFO mip_v1 - print:   Machine 1: completion time = 23.04
04/29/2026 07:29:03 AM INFO mip_v1 - print:   Machine 2: completion time = 32.70
04/29/2026 07:29:03 AM INFO mip_v1 - print:   Machine 3: completion time = 44.34
04/29/2026 07:29:03 AM INFO mip_v1 - print:   Machine 4: completion time = 53.89
04/29/2026 07:29:03 AM INFO mip_v1 - print:   Machine 5: completion time = 65.90
04/29/2026 07:29:03 AM INFO mip_v1 - print:   Delivery: 71.00 (Deadline: 71.00, Delay: 0.00)
04/29/2026 07:29:03 AM INFO mip_v1 - print: 
04/29/2026 07:29:03 AM INFO mip_v1 - print: Order 19 → Factory 3
04/29/2026 07:29:03 AM INFO mip_v1 - print:   Machine 1: completion time = 47.98
04/29/2026 07:29:03 AM INFO mip_v1 - print:   Machine 2: completion time = 59.03
04/29/2026 07:29:03 AM INFO mip_v1 - print:   Machine 3: completion time = 69.57
04/29/2026 07:29:03 AM INFO mip_v1 - print:   Machine 4: completion time = 90.40
04/29/2026 07:29:03 AM INFO mip_v1 - print:   Delivery: 94.30 (Deadline: 94.30, Delay: 0.00)
04/29/2026 07:29:03 AM INFO mip_v1 - print: 
04/29/2026 07:29:03 AM INFO mip_v1 - print: Order 20 → Factory 2
04/29/2026 07:29:03 AM INFO mip_v1 - print:   Machine 1: completion time = 13.63
04/29/2026 07:29:03 AM INFO mip_v1 - print:   Machine 2: completion time = 22.43
04/29/2026 07:29:03 AM INFO mip_v1 - print:   Machine 3: completion time = 33.37
04/29/2026 07:29:03 AM INFO mip_v1 - print:   Machine 4: completion time = 44.34
04/29/2026 07:29:03 AM INFO mip_v1 - print:   Machine 5: completion time = 56.01
04/29/2026 07:29:03 AM INFO mip_v1 - print:   Delivery: 57.51 (Deadline: 66.80, Delay: 0.00)
04/29/2026 07:29:03 AM INFO mip_v1 - print: 
04/29/2026 07:29:03 AM INFO mip_v1 - print: Order 21 → Factory 1
04/29/2026 07:29:03 AM INFO mip_v1 - print:   Machine 1: completion time = 50.16
04/29/2026 07:29:03 AM INFO mip_v1 - print:   Machine 2: completion time = 61.71
04/29/2026 07:29:03 AM INFO mip_v1 - print:   Machine 3: completion time = 72.32
04/29/2026 07:29:03 AM INFO mip_v1 - print:   Machine 4: completion time = 86.66
04/29/2026 07:29:03 AM INFO mip_v1 - print:   Machine 5: completion time = 96.64
04/29/2026 07:29:03 AM INFO mip_v1 - print:   Delivery: 101.84 (Deadline: 103.60, Delay: 0.00)
04/29/2026 07:29:03 AM INFO mip_v1 - print: 
04/29/2026 07:29:03 AM INFO mip_v1 - print: Order 23 → Factory 3
04/29/2026 07:29:03 AM INFO mip_v1 - print:   Machine 1: completion time = 23.18
04/29/2026 07:29:03 AM INFO mip_v1 - print:   Machine 2: completion time = 29.96
04/29/2026 07:29:03 AM INFO mip_v1 - print:   Machine 3: completion time = 37.33
04/29/2026 07:29:03 AM INFO mip_v1 - print:   Machine 4: completion time = 45.93
04/29/2026 07:29:03 AM INFO mip_v1 - print:   Delivery: 46.83 (Deadline: 60.40, Delay: 0.00)
04/29/2026 07:29:03 AM INFO mip_v1 - print: 
04/29/2026 07:29:03 AM INFO mip_v1 - print: Order 25 → Factory 2
04/29/2026 07:29:03 AM INFO mip_v1 - print:   Machine 1: completion time = 55.04
04/29/2026 07:29:03 AM INFO mip_v1 - print:   Machine 2: completion time = 66.47
04/29/2026 07:29:03 AM INFO mip_v1 - print:   Machine 3: completion time = 79.62
04/29/2026 07:29:03 AM INFO mip_v1 - print:   Machine 4: completion time = 91.16
04/29/2026 07:29:03 AM INFO mip_v1 - print:   Machine 5: completion time = 103.20
04/29/2026 07:29:03 AM INFO mip_v1 - print:   Delivery: 107.00 (Deadline: 105.00, Delay: 2.00)
04/29/2026 07:29:03 AM INFO mip_v1 - print: 
04/29/2026 07:29:03 AM INFO mip_v1 - print: Order 26 → Factory 3
04/29/2026 07:29:03 AM INFO mip_v1 - print:   Machine 1: completion time = 37.06
04/29/2026 07:29:03 AM INFO mip_v1 - print:   Machine 2: completion time = 48.57
04/29/2026 07:29:03 AM INFO mip_v1 - print:   Machine 3: completion time = 54.08
04/29/2026 07:29:03 AM INFO mip_v1 - print:   Machine 4: completion time = 60.77
04/29/2026 07:29:03 AM INFO mip_v1 - print:   Delivery: 68.57 (Deadline: 70.10, Delay: 0.00)
04/29/2026 07:29:03 AM INFO mip_v1 - print: 
04/29/2026 07:29:03 AM INFO mip_v1 - print: Order 29 → Factory 1
04/29/2026 07:29:03 AM INFO mip_v1 - print:   Machine 1: completion time = 62.57
04/29/2026 07:29:03 AM INFO mip_v1 - print:   Machine 2: completion time = 75.10
04/29/2026 07:29:03 AM INFO mip_v1 - print:   Machine 3: completion time = 86.66
04/29/2026 07:29:03 AM INFO mip_v1 - print:   Machine 4: completion time = 98.88
04/29/2026 07:29:03 AM INFO mip_v1 - print:   Machine 5: completion time = 110.67
04/29/2026 07:29:03 AM INFO mip_v1 - print:   Delivery: 113.27 (Deadline: 109.90, Delay: 3.37)
04/29/2026 07:29:03 AM INFO mip_v1 - print: 
04/29/2026 07:29:03 AM INFO mip_v1 - print: ------------------------------------------------------------
04/29/2026 07:29:03 AM INFO mip_v1 - print: COST BREAKDOWN
04/29/2026 07:29:03 AM INFO mip_v1 - print: ------------------------------------------------------------
04/29/2026 07:29:03 AM INFO mip_v1 - print: Total Revenue:          +    25678.00
04/29/2026 07:29:03 AM INFO mip_v1 - print: Production Cost:        -    10855.72
04/29/2026 07:29:03 AM INFO mip_v1 - print: Transport Cost:         -     4140.00
04/29/2026 07:29:03 AM INFO mip_v1 - print: Delay Penalty:          -      450.60
04/29/2026 07:29:03 AM INFO mip_v1 - print: ------------------------------------------------------------
04/29/2026 07:29:03 AM INFO mip_v1 - print: Total Profit:           =    10231.69
