05/03/2026 09:36:04 PM INFO mip_v1 - setup_solver_logging: ================================================================================
05/03/2026 09:36:04 PM INFO mip_v1 - setup_solver_logging: Logging started. Log file: D:\Project_Code\Paper\DP_LBBD_1\DP_lbbd\Algorithm\Results\mip_v1\xlarge\exp_10f_100j_seed1\log\exp_10f_100j_seed1_running.log
05/03/2026 09:36:04 PM INFO mip_v1 - print: BigM calculated: 174.2
05/03/2026 09:36:04 PM INFO mip_v1 - print: Adding variables...
05/03/2026 09:36:05 PM INFO mip_v1 - print: Total variables: 351300
05/03/2026 09:36:05 PM INFO mip_v1 - print: Adding constraints...
05/03/2026 09:36:17 PM INFO mip_v1 - print: Total constraints: 703071
05/03/2026 09:36:17 PM INFO mip_v1 - print: Setting objective function...
05/03/2026 09:36:19 PM INFO mip_v1 - print: 
05/03/2026 09:36:19 PM INFO mip_v1 - print: ✓ Model LP written to: D:\Project_Code\Paper\DP_LBBD_1\DP_lbbd\Algorithm\MIP\production_model.lp
05/03/2026 09:36:19 PM INFO mip_v1 - print: 
05/03/2026 09:36:19 PM INFO mip_v1 - print: ============================================================
05/03/2026 09:36:19 PM INFO mip_v1 - print: Starting optimization...
05/03/2026 09:36:19 PM INFO mip_v1 - print: ============================================================
05/03/2026 09:36:19 PM INFO mip_v1 - print: Gurobi native log file: D:\Project_Code\Paper\DP_LBBD_1\DP_lbbd\Algorithm\Results\mip_v1\xlarge\exp_10f_100j_seed1\log\exp_10f_100j_seed1_gurobi.log
05/03/2026 10:36:47 PM INFO mip_v1 - print: 
05/03/2026 10:36:47 PM INFO mip_v1 - print: ============================================================
05/03/2026 10:36:47 PM INFO mip_v1 - print: SOLUTION SUMMARY
05/03/2026 10:36:47 PM INFO mip_v1 - print: ============================================================
05/03/2026 10:36:47 PM INFO mip_v1 - print: ⚠ Time limit reached, best solution found:
05/03/2026 10:36:47 PM INFO mip_v1 - print: 
05/03/2026 10:36:47 PM INFO mip_v1 - print: Objective Value (Total Profit): 27866.16
05/03/2026 10:36:47 PM INFO mip_v1 - print: MIP Gap: 43.55%
05/03/2026 10:36:47 PM INFO mip_v1 - print: 
05/03/2026 10:36:47 PM INFO mip_v1 - print: 📋 Accepted Orders (76/100): [1, 3, 5, 7, 8, 9, 11, 12, 13, 14, 16, 19, 20, 21, 22, 23, 24, 25, 26, 27, 28, 29, 30, 33, 35, 37, 38, 39, 41, 42, 43, 44, 45, 48, 49, 50, 52, 53, 54, 55, 56, 57, 58, 59, 60, 61, 62, 63, 64, 66, 67, 68, 69, 70, 71, 73, 74, 75, 76, 77, 78, 79, 80, 81, 82, 84, 85, 86, 88, 89, 91, 92, 95, 96, 97, 98]
05/03/2026 10:36:47 PM INFO mip_v1 - print: 
05/03/2026 10:36:47 PM INFO mip_v1 - print: ------------------------------------------------------------
05/03/2026 10:36:47 PM INFO mip_v1 - print: ORDER ALLOCATION DETAILS
05/03/2026 10:36:47 PM INFO mip_v1 - print: ------------------------------------------------------------
05/03/2026 10:36:47 PM INFO mip_v1 - print: 
05/03/2026 10:36:47 PM INFO mip_v1 - print: Order 1 → Factory 7
05/03/2026 10:36:47 PM INFO mip_v1 - print:   Machine 1: completion time = 13.14
05/03/2026 10:36:47 PM INFO mip_v1 - print:   Machine 2: completion time = 22.60
05/03/2026 10:36:47 PM INFO mip_v1 - print:   Machine 3: completion time = 31.44
05/03/2026 10:36:47 PM INFO mip_v1 - print:   Delivery: 31.64 (Deadline: 61.70, Delay: 0.00)
05/03/2026 10:36:47 PM INFO mip_v1 - print: 
05/03/2026 10:36:47 PM INFO mip_v1 - print: Order 3 → Factory 9
05/03/2026 10:36:47 PM INFO mip_v1 - print:   Machine 1: completion time = 25.67
05/03/2026 10:36:47 PM INFO mip_v1 - print:   Machine 2: completion time = 37.96
05/03/2026 10:36:47 PM INFO mip_v1 - print:   Machine 3: completion time = 49.52
05/03/2026 10:36:47 PM INFO mip_v1 - print:   Delivery: 51.52 (Deadline: 66.40, Delay: 0.00)
05/03/2026 10:36:47 PM INFO mip_v1 - print: 
05/03/2026 10:36:47 PM INFO mip_v1 - print: Order 5 → Factory 4
05/03/2026 10:36:47 PM INFO mip_v1 - print:   Machine 1: completion time = 19.23
05/03/2026 10:36:47 PM INFO mip_v1 - print:   Machine 2: completion time = 29.22
05/03/2026 10:36:47 PM INFO mip_v1 - print:   Machine 3: completion time = 39.28
05/03/2026 10:36:47 PM INFO mip_v1 - print:   Machine 4: completion time = 47.99
05/03/2026 10:36:47 PM INFO mip_v1 - print:   Delivery: 50.29 (Deadline: 69.80, Delay: 0.00)
05/03/2026 10:36:47 PM INFO mip_v1 - print: 
05/03/2026 10:36:47 PM INFO mip_v1 - print: Order 7 → Factory 2
05/03/2026 10:36:47 PM INFO mip_v1 - print:   Machine 1: completion time = 45.73
05/03/2026 10:36:47 PM INFO mip_v1 - print:   Machine 2: completion time = 52.33
05/03/2026 10:36:47 PM INFO mip_v1 - print:   Machine 3: completion time = 63.85
05/03/2026 10:36:47 PM INFO mip_v1 - print:   Delivery: 64.85 (Deadline: 81.90, Delay: 0.00)
05/03/2026 10:36:47 PM INFO mip_v1 - print: 
05/03/2026 10:36:47 PM INFO mip_v1 - print: Order 8 → Factory 3
05/03/2026 10:36:47 PM INFO mip_v1 - print:   Machine 1: completion time = 53.53
05/03/2026 10:36:47 PM INFO mip_v1 - print:   Machine 2: completion time = 65.00
05/03/2026 10:36:47 PM INFO mip_v1 - print:   Machine 3: completion time = 88.05
05/03/2026 10:36:47 PM INFO mip_v1 - print:   Delivery: 93.85 (Deadline: 97.20, Delay: 0.00)
05/03/2026 10:36:47 PM INFO mip_v1 - print: 
05/03/2026 10:36:47 PM INFO mip_v1 - print: Order 9 → Factory 5
05/03/2026 10:36:47 PM INFO mip_v1 - print:   Machine 1: completion time = 85.48
05/03/2026 10:36:47 PM INFO mip_v1 - print:   Machine 2: completion time = 96.23
05/03/2026 10:36:47 PM INFO mip_v1 - print:   Machine 3: completion time = 104.61
05/03/2026 10:36:47 PM INFO mip_v1 - print:   Machine 4: completion time = 114.30
05/03/2026 10:36:47 PM INFO mip_v1 - print:   Delivery: 118.30 (Deadline: 130.90, Delay: -0.00)
05/03/2026 10:36:47 PM INFO mip_v1 - print: 
05/03/2026 10:36:47 PM INFO mip_v1 - print: Order 11 → Factory 8
05/03/2026 10:36:47 PM INFO mip_v1 - print:   Machine 1: completion time = 68.64
05/03/2026 10:36:47 PM INFO mip_v1 - print:   Machine 2: completion time = 79.04
05/03/2026 10:36:47 PM INFO mip_v1 - print:   Machine 3: completion time = 88.46
05/03/2026 10:36:47 PM INFO mip_v1 - print:   Machine 4: completion time = 98.56
05/03/2026 10:36:47 PM INFO mip_v1 - print:   Delivery: 99.36 (Deadline: 99.60, Delay: 0.00)
05/03/2026 10:36:47 PM INFO mip_v1 - print: 
05/03/2026 10:36:47 PM INFO mip_v1 - print: Order 12 → Factory 6
05/03/2026 10:36:47 PM INFO mip_v1 - print:   Machine 1: completion time = 76.56
05/03/2026 10:36:47 PM INFO mip_v1 - print:   Machine 2: completion time = 88.73
05/03/2026 10:36:47 PM INFO mip_v1 - print:   Machine 3: completion time = 100.73
05/03/2026 10:36:47 PM INFO mip_v1 - print:   Delivery: 107.43 (Deadline: 116.80, Delay: 0.00)
05/03/2026 10:36:47 PM INFO mip_v1 - print: 
05/03/2026 10:36:47 PM INFO mip_v1 - print: Order 13 → Factory 6
05/03/2026 10:36:47 PM INFO mip_v1 - print:   Machine 1: completion time = 51.13
05/03/2026 10:36:47 PM INFO mip_v1 - print:   Machine 2: completion time = 64.38
05/03/2026 10:36:47 PM INFO mip_v1 - print:   Machine 3: completion time = 77.28
05/03/2026 10:36:47 PM INFO mip_v1 - print:   Delivery: 81.98 (Deadline: 90.40, Delay: 0.00)
05/03/2026 10:36:47 PM INFO mip_v1 - print: 
05/03/2026 10:36:47 PM INFO mip_v1 - print: Order 14 → Factory 2
05/03/2026 10:36:47 PM INFO mip_v1 - print:   Machine 1: completion time = 92.37
05/03/2026 10:36:47 PM INFO mip_v1 - print:   Machine 2: completion time = 102.77
05/03/2026 10:36:47 PM INFO mip_v1 - print:   Machine 3: completion time = 111.82
05/03/2026 10:36:47 PM INFO mip_v1 - print:   Delivery: 112.82 (Deadline: 125.90, Delay: 0.00)
05/03/2026 10:36:47 PM INFO mip_v1 - print: 
05/03/2026 10:36:47 PM INFO mip_v1 - print: Order 16 → Factory 3
05/03/2026 10:36:47 PM INFO mip_v1 - print:   Machine 1: completion time = 59.30
05/03/2026 10:36:47 PM INFO mip_v1 - print:   Machine 2: completion time = 71.03
05/03/2026 10:36:47 PM INFO mip_v1 - print:   Machine 3: completion time = 77.96
05/03/2026 10:36:47 PM INFO mip_v1 - print:   Delivery: 82.06 (Deadline: 83.80, Delay: 0.00)
05/03/2026 10:36:47 PM INFO mip_v1 - print: 
05/03/2026 10:36:47 PM INFO mip_v1 - print: Order 19 → Factory 7
05/03/2026 10:36:47 PM INFO mip_v1 - print:   Machine 1: completion time = 58.07
05/03/2026 10:36:47 PM INFO mip_v1 - print:   Machine 2: completion time = 66.90
05/03/2026 10:36:47 PM INFO mip_v1 - print:   Machine 3: completion time = 74.50
05/03/2026 10:36:47 PM INFO mip_v1 - print:   Delivery: 77.40 (Deadline: 109.70, Delay: 0.00)
05/03/2026 10:36:47 PM INFO mip_v1 - print: 
05/03/2026 10:36:47 PM INFO mip_v1 - print: Order 20 → Factory 5
05/03/2026 10:36:47 PM INFO mip_v1 - print:   Machine 1: completion time = 24.78
05/03/2026 10:36:47 PM INFO mip_v1 - print:   Machine 2: completion time = 34.74
05/03/2026 10:36:47 PM INFO mip_v1 - print:   Machine 3: completion time = 43.45
05/03/2026 10:36:47 PM INFO mip_v1 - print:   Machine 4: completion time = 52.64
05/03/2026 10:36:47 PM INFO mip_v1 - print:   Delivery: 53.94 (Deadline: 78.70, Delay: 0.00)
05/03/2026 10:36:47 PM INFO mip_v1 - print: 
05/03/2026 10:36:47 PM INFO mip_v1 - print: Order 21 → Factory 4
05/03/2026 10:36:47 PM INFO mip_v1 - print:   Machine 1: completion time = 61.76
05/03/2026 10:36:47 PM INFO mip_v1 - print:   Machine 2: completion time = 67.54
05/03/2026 10:36:47 PM INFO mip_v1 - print:   Machine 3: completion time = 74.05
05/03/2026 10:36:47 PM INFO mip_v1 - print:   Machine 4: completion time = 79.51
05/03/2026 10:36:47 PM INFO mip_v1 - print:   Delivery: 85.81 (Deadline: 106.00, Delay: 0.00)
05/03/2026 10:36:47 PM INFO mip_v1 - print: 
05/03/2026 10:36:47 PM INFO mip_v1 - print: Order 22 → Factory 7
05/03/2026 10:36:47 PM INFO mip_v1 - print:   Machine 1: completion time = 49.55
05/03/2026 10:36:47 PM INFO mip_v1 - print:   Machine 2: completion time = 54.64
05/03/2026 10:36:47 PM INFO mip_v1 - print:   Machine 3: completion time = 66.90
05/03/2026 10:36:47 PM INFO mip_v1 - print:   Delivery: 68.40 (Deadline: 87.60, Delay: 0.00)
05/03/2026 10:36:47 PM INFO mip_v1 - print: 
05/03/2026 10:36:47 PM INFO mip_v1 - print: Order 23 → Factory 7
05/03/2026 10:36:47 PM INFO mip_v1 - print:   Machine 1: completion time = 98.12
05/03/2026 10:36:47 PM INFO mip_v1 - print:   Machine 2: completion time = 109.40
05/03/2026 10:36:47 PM INFO mip_v1 - print:   Machine 3: completion time = 118.21
05/03/2026 10:36:47 PM INFO mip_v1 - print:   Delivery: 120.31 (Deadline: 129.60, Delay: 0.00)
05/03/2026 10:36:47 PM INFO mip_v1 - print: 
05/03/2026 10:36:47 PM INFO mip_v1 - print: Order 24 → Factory 5
05/03/2026 10:36:47 PM INFO mip_v1 - print:   Machine 1: completion time = 96.76
05/03/2026 10:36:47 PM INFO mip_v1 - print:   Machine 2: completion time = 108.93
05/03/2026 10:36:47 PM INFO mip_v1 - print:   Machine 3: completion time = 119.07
05/03/2026 10:36:47 PM INFO mip_v1 - print:   Machine 4: completion time = 130.22
05/03/2026 10:36:47 PM INFO mip_v1 - print:   Delivery: 131.12 (Deadline: 142.40, Delay: 0.00)
05/03/2026 10:36:47 PM INFO mip_v1 - print: 
05/03/2026 10:36:47 PM INFO mip_v1 - print: Order 25 → Factory 3
05/03/2026 10:36:47 PM INFO mip_v1 - print:   Machine 1: completion time = 26.01
05/03/2026 10:36:47 PM INFO mip_v1 - print:   Machine 2: completion time = 34.51
05/03/2026 10:36:47 PM INFO mip_v1 - print:   Machine 3: completion time = 48.70
05/03/2026 10:36:47 PM INFO mip_v1 - print:   Delivery: 52.20 (Deadline: 72.60, Delay: 0.00)
05/03/2026 10:36:47 PM INFO mip_v1 - print: 
05/03/2026 10:36:47 PM INFO mip_v1 - print: Order 26 → Factory 5
05/03/2026 10:36:47 PM INFO mip_v1 - print:   Machine 1: completion time = 52.32
05/03/2026 10:36:47 PM INFO mip_v1 - print:   Machine 2: completion time = 59.77
05/03/2026 10:36:47 PM INFO mip_v1 - print:   Machine 3: completion time = 66.26
05/03/2026 10:36:47 PM INFO mip_v1 - print:   Machine 4: completion time = 73.80
05/03/2026 10:36:47 PM INFO mip_v1 - print:   Delivery: 76.90 (Deadline: 95.60, Delay: 0.00)
05/03/2026 10:36:47 PM INFO mip_v1 - print: 
05/03/2026 10:36:47 PM INFO mip_v1 - print: Order 27 → Factory 3
05/03/2026 10:36:47 PM INFO mip_v1 - print:   Machine 1: completion time = 42.71
05/03/2026 10:36:47 PM INFO mip_v1 - print:   Machine 2: completion time = 54.04
05/03/2026 10:36:47 PM INFO mip_v1 - print:   Machine 3: completion time = 59.90
05/03/2026 10:36:47 PM INFO mip_v1 - print:   Delivery: 64.50 (Deadline: 71.40, Delay: 0.00)
05/03/2026 10:36:47 PM INFO mip_v1 - print: 
05/03/2026 10:36:47 PM INFO mip_v1 - print: Order 28 → Factory 10
05/03/2026 10:36:47 PM INFO mip_v1 - print:   Machine 1: completion time = 106.13
05/03/2026 10:36:47 PM INFO mip_v1 - print:   Machine 2: completion time = 117.16
05/03/2026 10:36:47 PM INFO mip_v1 - print:   Machine 3: completion time = 127.06
05/03/2026 10:36:47 PM INFO mip_v1 - print:   Machine 4: completion time = 145.53
05/03/2026 10:36:47 PM INFO mip_v1 - print:   Delivery: 147.93 (Deadline: 150.50, Delay: 0.00)
05/03/2026 10:36:47 PM INFO mip_v1 - print: 
05/03/2026 10:36:47 PM INFO mip_v1 - print: Order 29 → Factory 3
05/03/2026 10:36:47 PM INFO mip_v1 - print:   Machine 1: completion time = 105.50
05/03/2026 10:36:47 PM INFO mip_v1 - print:   Machine 2: completion time = 118.02
05/03/2026 10:36:47 PM INFO mip_v1 - print:   Machine 3: completion time = 133.03
05/03/2026 10:36:47 PM INFO mip_v1 - print:   Delivery: 138.33 (Deadline: 143.10, Delay: 0.00)
05/03/2026 10:36:47 PM INFO mip_v1 - print: 
05/03/2026 10:36:47 PM INFO mip_v1 - print: Order 30 → Factory 2
05/03/2026 10:36:47 PM INFO mip_v1 - print:   Machine 1: completion time = 55.06
05/03/2026 10:36:47 PM INFO mip_v1 - print:   Machine 2: completion time = 63.85
05/03/2026 10:36:47 PM INFO mip_v1 - print:   Machine 3: completion time = 72.44
05/03/2026 10:36:47 PM INFO mip_v1 - print:   Delivery: 76.34 (Deadline: 108.10, Delay: 0.00)
05/03/2026 10:36:47 PM INFO mip_v1 - print: 
05/03/2026 10:36:47 PM INFO mip_v1 - print: Order 33 → Factory 1
05/03/2026 10:36:47 PM INFO mip_v1 - print:   Machine 1: completion time = 70.72
05/03/2026 10:36:47 PM INFO mip_v1 - print:   Machine 2: completion time = 81.02
05/03/2026 10:36:47 PM INFO mip_v1 - print:   Machine 3: completion time = 89.64
05/03/2026 10:36:47 PM INFO mip_v1 - print:   Machine 4: completion time = 98.73
05/03/2026 10:36:47 PM INFO mip_v1 - print:   Delivery: 100.43 (Deadline: 114.90, Delay: 0.00)
05/03/2026 10:36:47 PM INFO mip_v1 - print: 
05/03/2026 10:36:47 PM INFO mip_v1 - print: Order 35 → Factory 10
05/03/2026 10:36:47 PM INFO mip_v1 - print:   Machine 1: completion time = 59.18
05/03/2026 10:36:47 PM INFO mip_v1 - print:   Machine 2: completion time = 69.67
05/03/2026 10:36:47 PM INFO mip_v1 - print:   Machine 3: completion time = 79.38
05/03/2026 10:36:47 PM INFO mip_v1 - print:   Machine 4: completion time = 88.73
05/03/2026 10:36:47 PM INFO mip_v1 - print:   Delivery: 92.33 (Deadline: 94.80, Delay: 0.00)
05/03/2026 10:36:47 PM INFO mip_v1 - print: 
05/03/2026 10:36:47 PM INFO mip_v1 - print: Order 37 → Factory 10
05/03/2026 10:36:47 PM INFO mip_v1 - print:   Machine 1: completion time = 77.93
05/03/2026 10:36:47 PM INFO mip_v1 - print:   Machine 2: completion time = 87.64
05/03/2026 10:36:47 PM INFO mip_v1 - print:   Machine 3: completion time = 96.77
05/03/2026 10:36:47 PM INFO mip_v1 - print:   Machine 4: completion time = 105.05
05/03/2026 10:36:47 PM INFO mip_v1 - print:   Delivery: 111.95 (Deadline: 124.70, Delay: 0.00)
05/03/2026 10:36:47 PM INFO mip_v1 - print: 
05/03/2026 10:36:47 PM INFO mip_v1 - print: Order 38 → Factory 7
05/03/2026 10:36:47 PM INFO mip_v1 - print:   Machine 1: completion time = 64.00
05/03/2026 10:36:47 PM INFO mip_v1 - print:   Machine 2: completion time = 72.73
05/03/2026 10:36:47 PM INFO mip_v1 - print:   Machine 3: completion time = 79.44
05/03/2026 10:36:47 PM INFO mip_v1 - print:   Delivery: 82.24 (Deadline: 110.30, Delay: 0.00)
05/03/2026 10:36:47 PM INFO mip_v1 - print: 
05/03/2026 10:36:47 PM INFO mip_v1 - print: Order 39 → Factory 6
05/03/2026 10:36:47 PM INFO mip_v1 - print:   Machine 1: completion time = 110.98
05/03/2026 10:36:47 PM INFO mip_v1 - print:   Machine 2: completion time = 122.24
05/03/2026 10:36:47 PM INFO mip_v1 - print:   Machine 3: completion time = 132.90
05/03/2026 10:36:47 PM INFO mip_v1 - print:   Delivery: 134.60 (Deadline: 134.60, Delay: 0.00)
05/03/2026 10:36:47 PM INFO mip_v1 - print: 
05/03/2026 10:36:47 PM INFO mip_v1 - print: Order 41 → Factory 3
05/03/2026 10:36:47 PM INFO mip_v1 - print:   Machine 1: completion time = 128.90
05/03/2026 10:36:47 PM INFO mip_v1 - print:   Machine 2: completion time = 143.77
05/03/2026 10:36:47 PM INFO mip_v1 - print:   Machine 3: completion time = 157.30
05/03/2026 10:36:47 PM INFO mip_v1 - print:   Delivery: 160.60 (Deadline: 160.60, Delay: 0.00)
05/03/2026 10:36:47 PM INFO mip_v1 - print: 
05/03/2026 10:36:47 PM INFO mip_v1 - print: Order 42 → Factory 10
05/03/2026 10:36:47 PM INFO mip_v1 - print:   Machine 1: completion time = 28.10
05/03/2026 10:36:47 PM INFO mip_v1 - print:   Machine 2: completion time = 35.54
05/03/2026 10:36:47 PM INFO mip_v1 - print:   Machine 3: completion time = 42.60
05/03/2026 10:36:47 PM INFO mip_v1 - print:   Machine 4: completion time = 49.35
05/03/2026 10:36:47 PM INFO mip_v1 - print:   Delivery: 53.05 (Deadline: 67.60, Delay: 0.00)
05/03/2026 10:36:47 PM INFO mip_v1 - print: 
05/03/2026 10:36:47 PM INFO mip_v1 - print: Order 43 → Factory 4
05/03/2026 10:36:47 PM INFO mip_v1 - print:   Machine 1: completion time = 93.92
05/03/2026 10:36:47 PM INFO mip_v1 - print:   Machine 2: completion time = 104.17
05/03/2026 10:36:47 PM INFO mip_v1 - print:   Machine 3: completion time = 115.67
05/03/2026 10:36:47 PM INFO mip_v1 - print:   Machine 4: completion time = 132.78
05/03/2026 10:36:47 PM INFO mip_v1 - print:   Delivery: 133.98 (Deadline: 139.70, Delay: 0.00)
05/03/2026 10:36:47 PM INFO mip_v1 - print: 
05/03/2026 10:36:47 PM INFO mip_v1 - print: Order 44 → Factory 1
05/03/2026 10:36:47 PM INFO mip_v1 - print:   Machine 1: completion time = 83.54
05/03/2026 10:36:47 PM INFO mip_v1 - print:   Machine 2: completion time = 91.03
05/03/2026 10:36:47 PM INFO mip_v1 - print:   Machine 3: completion time = 98.34
05/03/2026 10:36:47 PM INFO mip_v1 - print:   Machine 4: completion time = 120.70
05/03/2026 10:36:47 PM INFO mip_v1 - print:   Delivery: 121.10 (Deadline: 121.10, Delay: 0.00)
05/03/2026 10:36:47 PM INFO mip_v1 - print: 
05/03/2026 10:36:47 PM INFO mip_v1 - print: Order 45 → Factory 2
05/03/2026 10:36:47 PM INFO mip_v1 - print:   Machine 1: completion time = 117.39
05/03/2026 10:36:47 PM INFO mip_v1 - print:   Machine 2: completion time = 130.57
05/03/2026 10:36:47 PM INFO mip_v1 - print:   Machine 3: completion time = 139.47
05/03/2026 10:36:47 PM INFO mip_v1 - print:   Delivery: 142.77 (Deadline: 150.30, Delay: 0.00)
05/03/2026 10:36:47 PM INFO mip_v1 - print: 
05/03/2026 10:36:47 PM INFO mip_v1 - print: Order 48 → Factory 6
05/03/2026 10:36:47 PM INFO mip_v1 - print:   Machine 1: completion time = 64.14
05/03/2026 10:36:47 PM INFO mip_v1 - print:   Machine 2: completion time = 75.64
05/03/2026 10:36:47 PM INFO mip_v1 - print:   Machine 3: completion time = 89.21
05/03/2026 10:36:47 PM INFO mip_v1 - print:   Delivery: 93.51 (Deadline: 114.10, Delay: 0.00)
05/03/2026 10:36:47 PM INFO mip_v1 - print: 
05/03/2026 10:36:47 PM INFO mip_v1 - print: Order 49 → Factory 3
05/03/2026 10:36:47 PM INFO mip_v1 - print:   Machine 1: completion time = 100.02
05/03/2026 10:36:47 PM INFO mip_v1 - print:   Machine 2: completion time = 112.29
05/03/2026 10:36:47 PM INFO mip_v1 - print:   Machine 3: completion time = 127.36
05/03/2026 10:36:47 PM INFO mip_v1 - print:   Delivery: 131.56 (Deadline: 135.10, Delay: 0.00)
05/03/2026 10:36:47 PM INFO mip_v1 - print: 
05/03/2026 10:36:47 PM INFO mip_v1 - print: Order 50 → Factory 2
05/03/2026 10:36:47 PM INFO mip_v1 - print:   Machine 1: completion time = 100.26
05/03/2026 10:36:47 PM INFO mip_v1 - print:   Machine 2: completion time = 110.45
05/03/2026 10:36:47 PM INFO mip_v1 - print:   Machine 3: completion time = 119.46
05/03/2026 10:36:47 PM INFO mip_v1 - print:   Delivery: 120.56 (Deadline: 138.90, Delay: 0.00)
05/03/2026 10:36:47 PM INFO mip_v1 - print: 
05/03/2026 10:36:47 PM INFO mip_v1 - print: Order 52 → Factory 3
05/03/2026 10:36:47 PM INFO mip_v1 - print:   Machine 1: completion time = 115.25
05/03/2026 10:36:47 PM INFO mip_v1 - print:   Machine 2: completion time = 128.90
05/03/2026 10:36:47 PM INFO mip_v1 - print:   Machine 3: completion time = 143.60
05/03/2026 10:36:47 PM INFO mip_v1 - print:   Delivery: 147.20 (Deadline: 147.20, Delay: 0.00)
05/03/2026 10:36:47 PM INFO mip_v1 - print: 
05/03/2026 10:36:47 PM INFO mip_v1 - print: Order 53 → Factory 6
05/03/2026 10:36:47 PM INFO mip_v1 - print:   Machine 1: completion time = 12.49
05/03/2026 10:36:47 PM INFO mip_v1 - print:   Machine 2: completion time = 20.40
05/03/2026 10:36:47 PM INFO mip_v1 - print:   Machine 3: completion time = 28.75
05/03/2026 10:36:47 PM INFO mip_v1 - print:   Delivery: 33.15 (Deadline: 39.00, Delay: 0.00)
05/03/2026 10:36:47 PM INFO mip_v1 - print: 
05/03/2026 10:36:47 PM INFO mip_v1 - print: Order 54 → Factory 7
05/03/2026 10:36:47 PM INFO mip_v1 - print:   Machine 1: completion time = 71.45
05/03/2026 10:36:47 PM INFO mip_v1 - print:   Machine 2: completion time = 80.15
05/03/2026 10:36:47 PM INFO mip_v1 - print:   Machine 3: completion time = 90.05
05/03/2026 10:36:47 PM INFO mip_v1 - print:   Delivery: 92.45 (Deadline: 96.90, Delay: 0.00)
05/03/2026 10:36:47 PM INFO mip_v1 - print: 
05/03/2026 10:36:47 PM INFO mip_v1 - print: Order 55 → Factory 7
05/03/2026 10:36:47 PM INFO mip_v1 - print:   Machine 1: completion time = 90.56
05/03/2026 10:36:47 PM INFO mip_v1 - print:   Machine 2: completion time = 101.57
05/03/2026 10:36:47 PM INFO mip_v1 - print:   Machine 3: completion time = 111.54
05/03/2026 10:36:47 PM INFO mip_v1 - print:   Delivery: 113.14 (Deadline: 138.50, Delay: 0.00)
05/03/2026 10:36:47 PM INFO mip_v1 - print: 
05/03/2026 10:36:47 PM INFO mip_v1 - print: Order 56 → Factory 2
05/03/2026 10:36:47 PM INFO mip_v1 - print:   Machine 1: completion time = 125.21
05/03/2026 10:36:47 PM INFO mip_v1 - print:   Machine 2: completion time = 139.47
05/03/2026 10:36:47 PM INFO mip_v1 - print:   Machine 3: completion time = 146.50
05/03/2026 10:36:47 PM INFO mip_v1 - print:   Delivery: 149.00 (Deadline: 149.00, Delay: 0.00)
05/03/2026 10:36:47 PM INFO mip_v1 - print: 
05/03/2026 10:36:47 PM INFO mip_v1 - print: Order 57 → Factory 2
05/03/2026 10:36:47 PM INFO mip_v1 - print:   Machine 1: completion time = 23.51
05/03/2026 10:36:47 PM INFO mip_v1 - print:   Machine 2: completion time = 31.52
05/03/2026 10:36:47 PM INFO mip_v1 - print:   Machine 3: completion time = 40.75
05/03/2026 10:36:47 PM INFO mip_v1 - print:   Delivery: 45.25 (Deadline: 77.00, Delay: 0.00)
05/03/2026 10:36:47 PM INFO mip_v1 - print: 
05/03/2026 10:36:47 PM INFO mip_v1 - print: Order 58 → Factory 7
05/03/2026 10:36:47 PM INFO mip_v1 - print:   Machine 1: completion time = 130.17
05/03/2026 10:36:47 PM INFO mip_v1 - print:   Machine 2: completion time = 145.00
05/03/2026 10:36:47 PM INFO mip_v1 - print:   Machine 3: completion time = 153.30
05/03/2026 10:36:47 PM INFO mip_v1 - print:   Delivery: 157.30 (Deadline: 157.30, Delay: 0.00)
05/03/2026 10:36:47 PM INFO mip_v1 - print: 
05/03/2026 10:36:47 PM INFO mip_v1 - print: Order 59 → Factory 2
05/03/2026 10:36:47 PM INFO mip_v1 - print:   Machine 1: completion time = 29.44
05/03/2026 10:36:47 PM INFO mip_v1 - print:   Machine 2: completion time = 36.59
05/03/2026 10:36:47 PM INFO mip_v1 - print:   Machine 3: completion time = 45.87
05/03/2026 10:36:47 PM INFO mip_v1 - print:   Delivery: 47.27 (Deadline: 63.40, Delay: 0.00)
05/03/2026 10:36:47 PM INFO mip_v1 - print: 
05/03/2026 10:36:47 PM INFO mip_v1 - print: Order 60 → Factory 2
05/03/2026 10:36:47 PM INFO mip_v1 - print:   Machine 1: completion time = 73.55
05/03/2026 10:36:47 PM INFO mip_v1 - print:   Machine 2: completion time = 81.68
05/03/2026 10:36:47 PM INFO mip_v1 - print:   Machine 3: completion time = 87.97
05/03/2026 10:36:47 PM INFO mip_v1 - print:   Delivery: 89.37 (Deadline: 98.60, Delay: 0.00)
05/03/2026 10:36:47 PM INFO mip_v1 - print: 
05/03/2026 10:36:47 PM INFO mip_v1 - print: Order 61 → Factory 4
05/03/2026 10:36:47 PM INFO mip_v1 - print:   Machine 1: completion time = 53.79
05/03/2026 10:36:47 PM INFO mip_v1 - print:   Machine 2: completion time = 76.69
05/03/2026 10:36:47 PM INFO mip_v1 - print:   Machine 3: completion time = 86.55
05/03/2026 10:36:47 PM INFO mip_v1 - print:   Machine 4: completion time = 97.20
05/03/2026 10:36:47 PM INFO mip_v1 - print:   Delivery: 99.00 (Deadline: 110.30, Delay: 0.00)
05/03/2026 10:36:47 PM INFO mip_v1 - print: 
05/03/2026 10:36:47 PM INFO mip_v1 - print: Order 62 → Factory 3
05/03/2026 10:36:47 PM INFO mip_v1 - print:   Machine 1: completion time = 91.39
05/03/2026 10:36:47 PM INFO mip_v1 - print:   Machine 2: completion time = 102.88
05/03/2026 10:36:47 PM INFO mip_v1 - print:   Machine 3: completion time = 109.26
05/03/2026 10:36:47 PM INFO mip_v1 - print:   Delivery: 114.16 (Deadline: 125.90, Delay: 0.00)
05/03/2026 10:36:47 PM INFO mip_v1 - print: 
05/03/2026 10:36:47 PM INFO mip_v1 - print: Order 63 → Factory 6
05/03/2026 10:36:47 PM INFO mip_v1 - print:   Machine 1: completion time = 35.47
05/03/2026 10:36:47 PM INFO mip_v1 - print:   Machine 2: completion time = 49.52
05/03/2026 10:36:47 PM INFO mip_v1 - print:   Machine 3: completion time = 63.16
05/03/2026 10:36:47 PM INFO mip_v1 - print:   Delivery: 65.06 (Deadline: 77.70, Delay: 0.00)
05/03/2026 10:36:47 PM INFO mip_v1 - print: 
05/03/2026 10:36:47 PM INFO mip_v1 - print: Order 64 → Factory 10
05/03/2026 10:36:47 PM INFO mip_v1 - print:   Machine 1: completion time = 39.47
05/03/2026 10:36:47 PM INFO mip_v1 - print:   Machine 2: completion time = 51.67
05/03/2026 10:36:47 PM INFO mip_v1 - print:   Machine 3: completion time = 63.59
05/03/2026 10:36:47 PM INFO mip_v1 - print:   Machine 4: completion time = 75.60
05/03/2026 10:36:47 PM INFO mip_v1 - print:   Delivery: 78.10 (Deadline: 78.10, Delay: 0.00)
05/03/2026 10:36:47 PM INFO mip_v1 - print: 
05/03/2026 10:36:47 PM INFO mip_v1 - print: Order 66 → Factory 3
05/03/2026 10:36:47 PM INFO mip_v1 - print:   Machine 1: completion time = 36.64
05/03/2026 10:36:47 PM INFO mip_v1 - print:   Machine 2: completion time = 48.05
05/03/2026 10:36:47 PM INFO mip_v1 - print:   Machine 3: completion time = 72.08
05/03/2026 10:36:47 PM INFO mip_v1 - print:   Delivery: 73.38 (Deadline: 86.50, Delay: 0.00)
05/03/2026 10:36:47 PM INFO mip_v1 - print: 
05/03/2026 10:36:47 PM INFO mip_v1 - print: Order 67 → Factory 2
05/03/2026 10:36:47 PM INFO mip_v1 - print:   Machine 1: completion time = 107.56
05/03/2026 10:36:47 PM INFO mip_v1 - print:   Machine 2: completion time = 119.46
05/03/2026 10:36:47 PM INFO mip_v1 - print:   Machine 3: completion time = 126.40
05/03/2026 10:36:47 PM INFO mip_v1 - print:   Delivery: 129.40 (Deadline: 129.40, Delay: 0.00)
05/03/2026 10:36:47 PM INFO mip_v1 - print: 
05/03/2026 10:36:47 PM INFO mip_v1 - print: Order 68 → Factory 3
05/03/2026 10:36:47 PM INFO mip_v1 - print:   Machine 1: completion time = 66.81
05/03/2026 10:36:47 PM INFO mip_v1 - print:   Machine 2: completion time = 78.81
05/03/2026 10:36:47 PM INFO mip_v1 - print:   Machine 3: completion time = 95.44
05/03/2026 10:36:47 PM INFO mip_v1 - print:   Delivery: 98.04 (Deadline: 115.40, Delay: 0.00)
05/03/2026 10:36:47 PM INFO mip_v1 - print: 
05/03/2026 10:36:47 PM INFO mip_v1 - print: Order 69 → Factory 6
05/03/2026 10:36:47 PM INFO mip_v1 - print:   Machine 1: completion time = 129.66
05/03/2026 10:36:47 PM INFO mip_v1 - print:   Machine 2: completion time = 141.20
05/03/2026 10:36:47 PM INFO mip_v1 - print:   Machine 3: completion time = 151.47
05/03/2026 10:36:47 PM INFO mip_v1 - print:   Delivery: 151.77 (Deadline: 152.20, Delay: 0.00)
05/03/2026 10:36:47 PM INFO mip_v1 - print: 
05/03/2026 10:36:47 PM INFO mip_v1 - print: Order 70 → Factory 10
05/03/2026 10:36:47 PM INFO mip_v1 - print:   Machine 1: completion time = 86.52
05/03/2026 10:36:47 PM INFO mip_v1 - print:   Machine 2: completion time = 96.75
05/03/2026 10:36:47 PM INFO mip_v1 - print:   Machine 3: completion time = 104.61
05/03/2026 10:36:47 PM INFO mip_v1 - print:   Machine 4: completion time = 117.56
05/03/2026 10:36:47 PM INFO mip_v1 - print:   Delivery: 120.16 (Deadline: 122.00, Delay: 0.00)
05/03/2026 10:36:47 PM INFO mip_v1 - print: 
05/03/2026 10:36:47 PM INFO mip_v1 - print: Order 71 → Factory 7
05/03/2026 10:36:47 PM INFO mip_v1 - print:   Machine 1: completion time = 80.15
05/03/2026 10:36:47 PM INFO mip_v1 - print:   Machine 2: completion time = 88.69
05/03/2026 10:36:47 PM INFO mip_v1 - print:   Machine 3: completion time = 97.60
05/03/2026 10:36:47 PM INFO mip_v1 - print:   Delivery: 100.70 (Deadline: 100.70, Delay: 0.00)
05/03/2026 10:36:47 PM INFO mip_v1 - print: 
05/03/2026 10:36:47 PM INFO mip_v1 - print: Order 73 → Factory 6
05/03/2026 10:36:47 PM INFO mip_v1 - print:   Machine 1: completion time = 20.71
05/03/2026 10:36:47 PM INFO mip_v1 - print:   Machine 2: completion time = 28.40
05/03/2026 10:36:47 PM INFO mip_v1 - print:   Machine 3: completion time = 36.69
05/03/2026 10:36:47 PM INFO mip_v1 - print:   Delivery: 39.49 (Deadline: 57.50, Delay: 0.00)
05/03/2026 10:36:47 PM INFO mip_v1 - print: 
05/03/2026 10:36:47 PM INFO mip_v1 - print: Order 74 → Factory 4
05/03/2026 10:36:47 PM INFO mip_v1 - print:   Machine 1: completion time = 74.05
05/03/2026 10:36:47 PM INFO mip_v1 - print:   Machine 2: completion time = 86.35
05/03/2026 10:36:47 PM INFO mip_v1 - print:   Machine 3: completion time = 97.20
05/03/2026 10:36:47 PM INFO mip_v1 - print:   Machine 4: completion time = 107.19
05/03/2026 10:36:47 PM INFO mip_v1 - print:   Delivery: 114.19 (Deadline: 125.70, Delay: 0.00)
05/03/2026 10:36:47 PM INFO mip_v1 - print: 
05/03/2026 10:36:47 PM INFO mip_v1 - print: Order 75 → Factory 5
05/03/2026 10:36:47 PM INFO mip_v1 - print:   Machine 1: completion time = 107.96
05/03/2026 10:36:47 PM INFO mip_v1 - print:   Machine 2: completion time = 120.65
05/03/2026 10:36:47 PM INFO mip_v1 - print:   Machine 3: completion time = 128.82
05/03/2026 10:36:47 PM INFO mip_v1 - print:   Machine 4: completion time = 151.20
05/03/2026 10:36:47 PM INFO mip_v1 - print:   Delivery: 152.20 (Deadline: 152.20, Delay: 0.00)
05/03/2026 10:36:47 PM INFO mip_v1 - print: 
05/03/2026 10:36:47 PM INFO mip_v1 - print: Order 76 → Factory 4
05/03/2026 10:36:47 PM INFO mip_v1 - print:   Machine 1: completion time = 28.64
05/03/2026 10:36:47 PM INFO mip_v1 - print:   Machine 2: completion time = 38.04
05/03/2026 10:36:47 PM INFO mip_v1 - print:   Machine 3: completion time = 48.97
05/03/2026 10:36:47 PM INFO mip_v1 - print:   Machine 4: completion time = 62.50
05/03/2026 10:36:47 PM INFO mip_v1 - print:   Delivery: 64.60 (Deadline: 64.60, Delay: 0.00)
05/03/2026 10:36:47 PM INFO mip_v1 - print: 
05/03/2026 10:36:47 PM INFO mip_v1 - print: Order 77 → Factory 3
05/03/2026 10:36:47 PM INFO mip_v1 - print:   Machine 1: completion time = 75.50
05/03/2026 10:36:47 PM INFO mip_v1 - print:   Machine 2: completion time = 87.60
05/03/2026 10:36:47 PM INFO mip_v1 - print:   Machine 3: completion time = 103.95
05/03/2026 10:36:47 PM INFO mip_v1 - print:   Delivery: 109.35 (Deadline: 111.90, Delay: 0.00)
05/03/2026 10:36:47 PM INFO mip_v1 - print: 
05/03/2026 10:36:47 PM INFO mip_v1 - print: Order 78 → Factory 3
05/03/2026 10:36:47 PM INFO mip_v1 - print:   Machine 1: completion time = 11.83
05/03/2026 10:36:47 PM INFO mip_v1 - print:   Machine 2: completion time = 20.69
05/03/2026 10:36:47 PM INFO mip_v1 - print:   Machine 3: completion time = 29.62
05/03/2026 10:36:47 PM INFO mip_v1 - print:   Delivery: 32.72 (Deadline: 47.70, Delay: 0.00)
05/03/2026 10:36:47 PM INFO mip_v1 - print: 
05/03/2026 10:36:47 PM INFO mip_v1 - print: Order 79 → Factory 3
05/03/2026 10:36:47 PM INFO mip_v1 - print:   Machine 1: completion time = 85.93
05/03/2026 10:36:47 PM INFO mip_v1 - print:   Machine 2: completion time = 97.18
05/03/2026 10:36:47 PM INFO mip_v1 - print:   Machine 3: completion time = 118.57
05/03/2026 10:36:47 PM INFO mip_v1 - print:   Delivery: 125.17 (Deadline: 135.20, Delay: 0.00)
05/03/2026 10:36:47 PM INFO mip_v1 - print: 
05/03/2026 10:36:47 PM INFO mip_v1 - print: Order 80 → Factory 2
05/03/2026 10:36:47 PM INFO mip_v1 - print:   Machine 1: completion time = 13.12
05/03/2026 10:36:47 PM INFO mip_v1 - print:   Machine 2: completion time = 22.76
05/03/2026 10:36:47 PM INFO mip_v1 - print:   Machine 3: completion time = 32.69
05/03/2026 10:36:47 PM INFO mip_v1 - print:   Delivery: 34.99 (Deadline: 68.00, Delay: 0.00)
05/03/2026 10:36:47 PM INFO mip_v1 - print: 
05/03/2026 10:36:47 PM INFO mip_v1 - print: Order 81 → Factory 2
05/03/2026 10:36:47 PM INFO mip_v1 - print:   Machine 1: completion time = 60.35
05/03/2026 10:36:47 PM INFO mip_v1 - print:   Machine 2: completion time = 68.99
05/03/2026 10:36:47 PM INFO mip_v1 - print:   Machine 3: completion time = 79.75
05/03/2026 10:36:47 PM INFO mip_v1 - print:   Delivery: 84.75 (Deadline: 95.10, Delay: 0.00)
05/03/2026 10:36:47 PM INFO mip_v1 - print: 
05/03/2026 10:36:47 PM INFO mip_v1 - print: Order 82 → Factory 2
05/03/2026 10:36:47 PM INFO mip_v1 - print:   Machine 1: completion time = 37.63
05/03/2026 10:36:47 PM INFO mip_v1 - print:   Machine 2: completion time = 44.86
05/03/2026 10:36:47 PM INFO mip_v1 - print:   Machine 3: completion time = 53.23
05/03/2026 10:36:47 PM INFO mip_v1 - print:   Delivery: 56.63 (Deadline: 74.40, Delay: 0.00)
05/03/2026 10:36:47 PM INFO mip_v1 - print: 
05/03/2026 10:36:47 PM INFO mip_v1 - print: Order 84 → Factory 4
05/03/2026 10:36:47 PM INFO mip_v1 - print:   Machine 1: completion time = 84.62
05/03/2026 10:36:47 PM INFO mip_v1 - print:   Machine 2: completion time = 95.56
05/03/2026 10:36:47 PM INFO mip_v1 - print:   Machine 3: completion time = 107.19
05/03/2026 10:36:47 PM INFO mip_v1 - print:   Machine 4: completion time = 117.60
05/03/2026 10:36:47 PM INFO mip_v1 - print:   Delivery: 120.70 (Deadline: 120.70, Delay: 0.00)
05/03/2026 10:36:47 PM INFO mip_v1 - print: 
05/03/2026 10:36:47 PM INFO mip_v1 - print: Order 85 → Factory 9
05/03/2026 10:36:47 PM INFO mip_v1 - print:   Machine 1: completion time = 76.15
05/03/2026 10:36:47 PM INFO mip_v1 - print:   Machine 2: completion time = 86.04
05/03/2026 10:36:47 PM INFO mip_v1 - print:   Machine 3: completion time = 94.82
05/03/2026 10:36:47 PM INFO mip_v1 - print:   Delivery: 96.32 (Deadline: 114.00, Delay: 0.00)
05/03/2026 10:36:47 PM INFO mip_v1 - print: 
05/03/2026 10:36:47 PM INFO mip_v1 - print: Order 86 → Factory 2
05/03/2026 10:36:47 PM INFO mip_v1 - print:   Machine 1: completion time = 67.22
05/03/2026 10:36:47 PM INFO mip_v1 - print:   Machine 2: completion time = 75.47
05/03/2026 10:36:47 PM INFO mip_v1 - print:   Machine 3: completion time = 94.42
05/03/2026 10:36:47 PM INFO mip_v1 - print:   Delivery: 95.72 (Deadline: 102.30, Delay: 0.00)
05/03/2026 10:36:47 PM INFO mip_v1 - print: 
05/03/2026 10:36:47 PM INFO mip_v1 - print: Order 88 → Factory 10
05/03/2026 10:36:47 PM INFO mip_v1 - print:   Machine 1: completion time = 96.86
05/03/2026 10:36:47 PM INFO mip_v1 - print:   Machine 2: completion time = 107.59
05/03/2026 10:36:47 PM INFO mip_v1 - print:   Machine 3: completion time = 117.56
05/03/2026 10:36:47 PM INFO mip_v1 - print:   Machine 4: completion time = 127.66
05/03/2026 10:36:47 PM INFO mip_v1 - print:   Delivery: 130.56 (Deadline: 134.80, Delay: 0.00)
05/03/2026 10:36:47 PM INFO mip_v1 - print: 
05/03/2026 10:36:47 PM INFO mip_v1 - print: Order 89 → Factory 7
05/03/2026 10:36:47 PM INFO mip_v1 - print:   Machine 1: completion time = 105.56
05/03/2026 10:36:47 PM INFO mip_v1 - print:   Machine 2: completion time = 117.03
05/03/2026 10:36:47 PM INFO mip_v1 - print:   Machine 3: completion time = 125.44
05/03/2026 10:36:47 PM INFO mip_v1 - print:   Delivery: 130.04 (Deadline: 145.30, Delay: 0.00)
05/03/2026 10:36:47 PM INFO mip_v1 - print: 
05/03/2026 10:36:47 PM INFO mip_v1 - print: Order 91 → Factory 10
05/03/2026 10:36:47 PM INFO mip_v1 - print:   Machine 1: completion time = 68.18
05/03/2026 10:36:47 PM INFO mip_v1 - print:   Machine 2: completion time = 78.74
05/03/2026 10:36:47 PM INFO mip_v1 - print:   Machine 3: completion time = 88.21
05/03/2026 10:36:47 PM INFO mip_v1 - print:   Machine 4: completion time = 97.29
05/03/2026 10:36:47 PM INFO mip_v1 - print:   Delivery: 102.39 (Deadline: 108.60, Delay: 0.00)
05/03/2026 10:36:47 PM INFO mip_v1 - print: 
05/03/2026 10:36:47 PM INFO mip_v1 - print: Order 92 → Factory 6
05/03/2026 10:36:47 PM INFO mip_v1 - print:   Machine 1: completion time = 89.80
05/03/2026 10:36:47 PM INFO mip_v1 - print:   Machine 2: completion time = 102.65
05/03/2026 10:36:47 PM INFO mip_v1 - print:   Machine 3: completion time = 114.93
05/03/2026 10:36:47 PM INFO mip_v1 - print:   Delivery: 118.13 (Deadline: 128.90, Delay: 0.00)
05/03/2026 10:36:47 PM INFO mip_v1 - print: 
05/03/2026 10:36:47 PM INFO mip_v1 - print: Order 95 → Factory 9
05/03/2026 10:36:47 PM INFO mip_v1 - print:   Machine 1: completion time = 89.21
05/03/2026 10:36:47 PM INFO mip_v1 - print:   Machine 2: completion time = 97.51
05/03/2026 10:36:47 PM INFO mip_v1 - print:   Machine 3: completion time = 126.30
05/03/2026 10:36:47 PM INFO mip_v1 - print:   Delivery: 128.40 (Deadline: 128.40, Delay: 0.00)
05/03/2026 10:36:47 PM INFO mip_v1 - print: 
05/03/2026 10:36:47 PM INFO mip_v1 - print: Order 96 → Factory 7
05/03/2026 10:36:47 PM INFO mip_v1 - print:   Machine 1: completion time = 112.84
05/03/2026 10:36:47 PM INFO mip_v1 - print:   Machine 2: completion time = 124.66
05/03/2026 10:36:47 PM INFO mip_v1 - print:   Machine 3: completion time = 133.66
05/03/2026 10:36:47 PM INFO mip_v1 - print:   Delivery: 141.36 (Deadline: 146.20, Delay: 0.00)
05/03/2026 10:36:47 PM INFO mip_v1 - print: 
05/03/2026 10:36:47 PM INFO mip_v1 - print: Order 97 → Factory 2
05/03/2026 10:36:47 PM INFO mip_v1 - print:   Machine 1: completion time = 82.52
05/03/2026 10:36:47 PM INFO mip_v1 - print:   Machine 2: completion time = 93.45
05/03/2026 10:36:47 PM INFO mip_v1 - print:   Machine 3: completion time = 102.77
05/03/2026 10:36:47 PM INFO mip_v1 - print:   Delivery: 105.57 (Deadline: 107.80, Delay: 0.00)
05/03/2026 10:36:47 PM INFO mip_v1 - print: 
05/03/2026 10:36:47 PM INFO mip_v1 - print: Order 98 → Factory 7
05/03/2026 10:36:47 PM INFO mip_v1 - print:   Machine 1: completion time = 121.30
05/03/2026 10:36:47 PM INFO mip_v1 - print:   Machine 2: completion time = 136.22
05/03/2026 10:36:47 PM INFO mip_v1 - print:   Machine 3: completion time = 145.00
05/03/2026 10:36:47 PM INFO mip_v1 - print:   Delivery: 148.50 (Deadline: 153.50, Delay: 0.00)
05/03/2026 10:36:47 PM INFO mip_v1 - print: 
05/03/2026 10:36:47 PM INFO mip_v1 - print: ------------------------------------------------------------
05/03/2026 10:36:47 PM INFO mip_v1 - print: COST BREAKDOWN
05/03/2026 10:36:47 PM INFO mip_v1 - print: ------------------------------------------------------------
05/03/2026 10:36:47 PM INFO mip_v1 - print: Total Revenue:          +    76537.00
05/03/2026 10:36:47 PM INFO mip_v1 - print: Production Cost:        -    35087.74
05/03/2026 10:36:47 PM INFO mip_v1 - print: Transport Cost:         -    13583.10
05/03/2026 10:36:47 PM INFO mip_v1 - print: Delay Penalty:          -        0.00
05/03/2026 10:36:47 PM INFO mip_v1 - print: ------------------------------------------------------------
05/03/2026 10:36:47 PM INFO mip_v1 - print: Total Profit:           =    27866.16
