
Gurobi 10.0.1 (win64) logging started Sun May  3 21:36:19 2026

Set parameter LogFile to value "D:\Project_Code\Paper\DP_LBBD_1\DP_lbbd\Algorithm\Results\mip_v1\xlarge\exp_10f_100j_seed1\log\exp_10f_100j_seed1_gurobi.log"
Set parameter LogToConsole to value 0
Gurobi Optimizer version 10.0.1 build v10.0.1rc0 (win64)

CPU model: Intel(R) Core(TM) Ultra 7 265KF, instruction set [SSE2|AVX|AVX2]
Thread count: 20 physical cores, 20 logical processors, using up to 20 threads

Optimize a model with 703071 rows, 351300 columns and 3489542 nonzeros
Model fingerprint: 0x836eb6e0
Variable types: 3700 continuous, 347600 integer (347600 binary)
Coefficient statistics:
  Matrix range     [1e+00, 2e+02]
  Objective range  [1e+01, 2e+03]
  Bounds range     [1e+00, 2e+02]
  RHS range        [1e+00, 5e+02]
Found heuristic solution: objective -0.0000000
Presolve removed 411885 rows and 205607 columns (presolve time = 5s) ...
Presolve removed 411885 rows and 205607 columns
Presolve time: 5.17s
Presolved: 291186 rows, 145693 columns, 1440870 nonzeros
Variable types: 2436 continuous, 143257 integer (143257 binary)

Deterministic concurrent LP optimizer: primal simplex, dual simplex, and barrier
Showing barrier log only...

Root barrier log...

Ordering time: 0.13s

Barrier statistics:
 Dense cols : 2881
 AA' NZ     : 1.308e+06
 Factor NZ  : 2.567e+06 (roughly 200 MB of memory)
 Factor Ops : 4.931e+08 (less than 1 second per iteration)
 Threads    : 18

                  Objective                Residual
Iter       Primal          Dual         Primal    Dual     Compl     Time
   0  -2.03644373e+07  1.03546904e+09  3.38e+03 1.51e+02  1.70e+05     9s
   1  -1.77702909e+07  1.02293665e+09  3.01e+03 1.80e+02  1.22e+05     9s
   2  -1.11740839e+07  2.07742905e+09  1.89e+03 3.88e-08  7.95e+04     9s
   3  -2.30392498e+05  1.86784303e+09  3.85e+01 7.44e-06  4.61e+03     9s
   4  -9.30438012e+04  3.06341355e+08  1.50e+01 5.32e-06  6.31e+02     9s
   5  -3.13618953e+04  5.20284509e+07  4.37e+00 6.44e-07  9.65e+01     9s
   6  -4.19092780e+03  9.06110261e+06  9.26e-01 1.08e-07  1.61e+01     9s
   7   8.45395682e+03  1.46333943e+06  7.10e-02 1.55e-08  2.51e+00     9s
   8   1.48082281e+04  6.73698398e+05  1.56e-02 6.81e-09  1.13e+00     9s
   9   2.30641114e+04  3.30963409e+05  6.15e-03 3.06e-09  5.29e-01     9s
  10   2.86382776e+04  1.84762035e+05  3.20e-03 1.44e-09  2.68e-01    10s
  11   3.50406915e+04  1.07654504e+05  1.11e-03 2.24e-09  1.25e-01    10s
  12   3.86379914e+04  6.97962222e+04  3.84e-04 6.28e-10  5.35e-02    10s
  13   3.98175480e+04  5.56980030e+04  1.37e-04 9.23e-10  2.73e-02    10s
  14   4.01533420e+04  4.59925255e+04  6.23e-05 1.14e-09  1.00e-02    10s
  15   4.03248202e+04  4.14952483e+04  2.54e-05 1.16e-09  2.01e-03    10s
  16   4.04258543e+04  4.04840797e+04  2.77e-06 1.87e-09  1.00e-04    10s
  17   4.04372280e+04  4.04390621e+04  3.18e-07 1.45e-08  3.17e-06    10s
  18   4.04387100e+04  4.04387131e+04  4.84e-11 4.36e-10  5.41e-09    10s
  19   4.04387103e+04  4.04387103e+04  3.55e-15 6.86e-09  5.95e-15    10s

Barrier solved model in 19 iterations and 10.16 seconds (12.90 work units)
Optimal objective 4.04387103e+04


Root crossover log...

    4040 DPushes remaining with DInf 0.0000000e+00                10s
       0 DPushes remaining with DInf 0.0000000e+00                10s

    2694 PPushes remaining with PInf 0.0000000e+00                10s
       0 PPushes remaining with PInf 0.0000000e+00                11s

  Push phase complete: Pinf 0.0000000e+00, Dinf 7.9956874e-14     11s


Root simplex log...

Iteration    Objective       Primal Inf.    Dual Inf.      Time
    6138    4.0438710e+04   0.000000e+00   0.000000e+00     11s
    6138    4.0438710e+04   0.000000e+00   0.000000e+00     11s
Concurrent spin time: 1.02s (can be avoided by choosing Method=3)

Solved with barrier

Root relaxation: objective 4.043871e+04, 6138 iterations, 3.50 seconds (4.03 work units)

    Nodes    |    Current Node    |     Objective Bounds      |     Work
 Expl Unexpl |  Obj  Depth IntInf | Incumbent    BestBd   Gap | It/Node Time

     0     0 40438.7103    0 1612   -0.00000 40438.7103      -     -   12s
H    0     0                    16342.890807 40438.7103   147%     -   12s
     0     0 40434.8375    0 1597 16342.8908 40434.8375   147%     -   14s
H    0     0                    17093.381708 40434.8375   137%     -   15s
H    0     0                    20248.776605 40434.8375   100%     -   25s
     0     0 40434.8375    0 1588 20248.7766 40434.8375   100%     -   26s
     0     0 40432.9431    0 1928 20248.7766 40432.9431   100%     -   28s
     0     0 40432.9174    0 1685 20248.7766 40432.9174   100%     -   29s
     0     0 40432.9174    0 1840 20248.7766 40432.9174   100%     -   30s
     0     0 40429.1694    0 1732 20248.7766 40429.1694   100%     -   32s
     0     0 40429.1468    0 1646 20248.7766 40429.1468   100%     -   33s
     0     0 40429.1468    0 1690 20248.7766 40429.1468   100%     -   34s
     0     0 40401.7786    0 1761 20248.7766 40401.7786   100%     -   36s
     0     0 40389.3686    0 1660 20248.7766 40389.3686  99.5%     -   37s
     0     0 40389.3240    0 1959 20248.7766 40389.3240  99.5%     -   38s
     0     0 40389.3140    0 1689 20248.7766 40389.3140  99.5%     -   39s
     0     0 40389.3072    0 1694 20248.7766 40389.3072  99.5%     -   40s
     0     0 40389.3072    0 1854 20248.7766 40389.3072  99.5%     -   40s
     0     0 40386.8020    0 2040 20248.7766 40386.8020  99.5%     -   42s
     0     0 40378.9318    0 1853 20248.7766 40378.9318  99.4%     -   44s
     0     0 40378.9318    0 1732 20248.7766 40378.9318  99.4%     -   45s
     0     0 40337.2571    0 1929 20248.7766 40337.2571  99.2%     -   47s
     0     0 40334.4059    0 1963 20248.7766 40334.4059  99.2%     -   48s
     0     0 40320.3847    0 1812 20248.7766 40320.3847  99.1%     -   49s
     0     0 40320.3847    0 1693 20248.7766 40320.3847  99.1%     -   50s
     0     0 40294.7669    0 1902 20248.7766 40294.7669  99.0%     -   52s
     0     0 40294.7669    0 1554 20248.7766 40294.7669  99.0%     -   53s
     0     0 40294.7669    0 1889 20248.7766 40294.7669  99.0%     -   55s
     0     0 40294.7669    0 1730 20248.7766 40294.7669  99.0%     -   57s
     0     0 40294.7669    0 1634 20248.7766 40294.7669  99.0%     -   62s
     0     0 40294.7669    0 1868 20248.7766 40294.7669  99.0%     -   63s
     0     0 40294.7669    0 1656 20248.7766 40294.7669  99.0%     -   67s
     0     0 40294.7669    0 1838 20248.7766 40294.7669  99.0%     -   68s
     0     0 40294.7025    0 1599 20248.7766 40294.7025  99.0%     -   74s
     0     0 40294.7025    0 1577 20248.7766 40294.7025  99.0%     -   76s
H    0     0                    20841.199303 40294.7025  93.3%     -   80s
     0     2 40240.4744    0 1549 20841.1993 40240.4744  93.1%     -   87s
     7    16 40013.3768    3 1911 20841.1993 40235.1521  93.1%  7253   90s
H   31    52                    22570.507316 40223.0751  78.2%  9911  214s
H   34    52                    22591.147765 40223.0751  78.0%  9777  214s
H   45    52                    22618.308758 40198.9440  77.7%  8998  214s
    51    67 40013.3768    6 1875 22618.3088 40198.9440  77.7%  9330  221s
    91   101 40013.3768    7 1997 22618.3088 40190.4989  77.7%  7830  229s
   111   130 40013.3768    7 1934 22618.3088 40190.4989  77.7%  7033  231s
   172   177 40013.3768    9 1900 22618.3088 40190.4989  77.7%  5484  236s
H  203   211                    22810.079926 40190.4989  76.2%  5037  239s
H  206   211                    22873.439062 40190.4989  75.7%  5039  239s
   243   248 40004.9867   10 1861 22873.4391 40190.4989  75.7%  4539  242s
   282   285 40013.3768   10 1821 22873.4391 40190.4989  75.7%  4182  246s
   364   351 40012.5971   12 1854 22873.4391 40190.4989  75.7%  3726  252s
   393   383 40012.2127   12 2104 22873.4391 40190.4989  75.7%  3651  255s
   470   453 39901.7839   15 1765 22873.4391 40190.4989  75.7%  3401  262s
   513   495 39896.9085   16 1721 22873.4391 40190.4989  75.7%  3324  266s
   620   589 39874.4157   17 1870 22873.4391 40190.4989  75.7%  3134  273s
   680   643 39873.9885   18 1853 22873.4391 40190.4989  75.7%  3003  277s
   744   706 39867.5253   19 1782 22873.4391 40190.4989  75.7%  2874  281s
   819   782 39864.7105   20 1782 22873.4391 40190.4989  75.7%  2730  285s
   987   923 39733.8216   23 1812 22873.4391 40190.4989  75.7%  2447  293s
  1080  1000 39706.8375   24 1678 22873.4391 40190.4989  75.7%  2306  298s
  1193  1089 39733.8216   24 1901 22873.4391 40190.4989  75.7%  2150  303s
H 1319  1198                    22922.745203 40190.4989  75.3%  2046  308s
H 1440  1198                    23088.341297 40190.4989  74.1%  1924  308s
  1453  1302 39559.4058   31 1769 23088.3413 40190.4989  74.1%  1910  312s
  1587  1427 39559.4058   32 1766 23088.3413 40190.4989  74.1%  1790  317s
  1736  1558 39559.4058   33 1742 23088.3413 40190.4989  74.1%  1668  322s
  1901  1709 39378.5813   35 1806 23088.3413 40190.4989  74.1%  1556  328s
  2073  1874 39377.9264   38 1835 23088.3413 40190.4989  74.1%  1468  333s
  2268  2058 39370.3381   40 1762 23088.3413 40190.4989  74.1%  1370  339s
  2484  2277 39368.5974   42 1767 23088.3413 40190.4989  74.1%  1278  345s
H 2604  2277                    23119.206684 40190.4989  73.8%  1234  345s
  2746  2512 39323.2875   45 1222 23119.2067 40190.4989  73.8%  1176  351s
  3016  2777 39157.1678   48 1188 23119.2067 40190.4989  73.8%  1094  358s
  3338  3024 39157.1678   50 1163 23119.2067 40190.4989  73.8%  1003  364s
  3642  3275 39090.5828   53 1339 23119.2067 40190.4989  73.8%   944  371s
H 3925  3275                    23159.647033 40190.4989  73.5%   900  371s
  3946  3566 39090.5828   57 1084 23159.6470 40190.4989  73.5%   895  378s
  4277  3836 39090.5828   63 1283 23159.6470 40190.4989  73.5%   850  385s
  4572  4098 39090.5828   68 1281 23159.6470 40190.4989  73.5%   825  392s
  4865  4388 39086.4968   71 1165 23159.6470 40190.4989  73.5%   804  400s
  5181  4696 39090.5828   75 1207 23159.6470 40190.4989  73.5%   784  408s
  5523  4950 39090.5828   79 1333 23159.6470 40190.4989  73.5%   760  415s
  5814  5173 39002.2531   82 1324 23159.6470 40190.4989  73.5%   749  423s
  6068  5435 38753.0714   87 1060 23159.6470 40190.4989  73.5%   746  432s
  6357  5736 38263.7007   96 1034 23159.6470 40190.4989  73.5%   742  441s
  6688  6046 37734.0981  104  896 23159.6470 40190.4989  73.5%   735  450s
  7026  6451 37667.7116  109  759 23159.6470 40190.4989  73.5%   722  460s
  7458  6863 36792.8214  129  636 23159.6470 40190.4989  73.5%   698  471s
* 7886  6862             516    23377.436944 40190.4989  71.9%   677  471s
* 7890  6862             518    23400.285490 40190.4989  71.8%   676  471s
* 7892  6859             518    23462.655415 40190.4989  71.3%   676  471s
  7945  7273 36792.8214  143  614 23462.6554 40190.4989  71.3%   675  482s
  8414  7742 36679.3069  163  594 23462.6554 40190.4989  71.3%   654  493s
H 8424  7681                    23890.923889 40190.4989  68.2%   654  493s
H 8452  7681                    23898.684143 40190.4989  68.2%   652  493s
  8957  8065 35922.8757  183  649 23898.6841 40190.4989  68.2%   630  506s
  9407  8660 35802.6167  195  584 23898.6841 40190.4989  68.2%   614  518s
 10051  9282 35524.7179  216  580 23898.6841 40190.4989  68.2%   587  532s
H10087  9243                    24206.144727 40190.4989  66.0%   586  532s
H10145  9214                    24412.774113 40190.4989  64.6%   587  532s
 10748  9819 35240.2252  242  481 24412.7741 40190.4989  64.6%   560  545s
H11479  9697                    25074.482189 40190.4989  60.3%   536  650s
 11480  9694 37083.7008   59 1577 25074.4822 40190.4989  60.3%   536  681s
 11482  9695 37712.0614   36 2130 25074.4822 40190.4989  60.3%   536  698s
 11483  9696 36103.1192   88 1662 25074.4822 40190.4989  60.3%   536  721s
 11485  9697 37114.3657   53 1781 25074.4822 40190.4989  60.3%   536  726s
 11488  9701 33854.4930  284 1577 25074.4822 40190.4989  60.3%   538  732s
 11490  9702 38321.1610   74 1017 25074.4822 40190.4989  60.3%   538  745s
 11495  9706 34808.5679   93  884 25074.4822 40190.4989  60.3%   538  751s
 11499  9708 31372.6924  223  910 25074.4822 40181.5595  60.2%   538  756s
 11503  9711 37865.6900   30  842 25074.4822 40177.6680  60.2%   537  762s
 11505  9712 39448.6920   26  888 25074.4822 40174.9574  60.2%   537  768s
 11508  9714 35086.5535  267  967 25074.4822 40171.4379  60.2%   537  771s
 11509  9715 30602.7837  258  841 25074.4822 40162.7993  60.2%   537  777s
 11511  9716 35041.4015  131  917 25074.4822 40160.9918  60.2%   537  780s
 11512  9717 40073.1995   10  800 25074.4822 40139.5497  60.1%   537  785s
H11512  9230                    26181.456331 40139.5497  53.3%   537  786s
 11515  9232 37362.2041  132  958 26181.4563 40135.8036  53.3%   537  790s
H11515  8770                    26287.737704 40135.8036  52.7%   537  797s
 11519  8773 39469.7934   26  930 26287.7377 40113.6025  52.6%   537  802s
H11519  8334                    26380.191685 40113.6025  52.1%   537  807s
 11520  8334 37268.0484   66  898 26380.1917 40089.0508  52.0%   537  828s
H11520  7917                    26751.852881 40089.0508  49.9%   537  839s
 11521  7918 39107.4165   32  963 26751.8529 40087.8243  49.9%   537  840s
 11523  7919 34548.5651  128  854 26751.8529 40056.6706  49.7%   536  848s
 11525  7921 39207.0101   48  986 26751.8529 40054.4130  49.7%   536  852s
 11526  7921 34224.6616  254  884 26751.8529 40051.7684  49.7%   536  856s
 11528  7923 39462.8512   28  883 26751.8529 40049.5922  49.7%   536  865s
 11531  7925 39328.7199   31  898 26751.8529 40047.3332  49.7%   536  875s
 11533  7926 36301.7035   79  770 26751.8529 40046.5924  49.7%   536  899s
 11534  7930 40031.7817   23  715 26751.8529 40046.5924  49.7%   552  902s
 11540  7940 40022.3515   25  954 26751.8529 40031.0894  49.6%   553  906s
 11548  7953 40015.7141   26 1118 26751.8529 40026.7992  49.6%   557  911s
 11564  7968 39972.4238   27 1203 26751.8529 40021.2123  49.6%   568  916s
 11584  7981 39969.0158   28 1190 26751.8529 40016.7376  49.6%   578 1056s
H11592  7581                    27032.868197 40016.7376  48.0%   581 1056s
H11598  7201                    27109.806515 40015.4292  47.6%   585 1056s
 11624  7233 39963.1992   29 1154 27109.8065 40015.4292  47.6%   594 1061s
H11675  6921                    27295.998026 40015.4292  46.6%   604 1067s
H11677  6580                    27312.855340 40015.4292  46.5%   605 1067s
H11680  6255                    27327.707185 40015.4292  46.4%   606 1067s
H11691  5944                    27344.564499 40015.4292  46.3%   608 1067s
 11707  5970 39926.8196   30 1131 27344.5645 40015.4292  46.3%   609 1070s
 11775  6021 39856.8712   32  965 27344.5645 40015.4292  46.3%   617 1076s
 11853  6074 39214.6457   33  869 27344.5645 40015.4292  46.3%   623 1082s
 11901  6102 39402.6313   33  838 27344.5645 40015.4292  46.3%   626 1085s
 12001  6164 39396.1384   34  878 27344.5645 40015.4292  46.3%   630 1091s
 12126  6244 39314.7368   35  905 27344.5645 40015.4292  46.3%   632 1097s
 12192  6281 39342.6747   36  848 27344.5645 40015.4292  46.3%   633 1100s
 12267  6311 39343.6324   37  818 27344.5645 40015.4292  46.3%   634 1105s
 12417  6405 39227.3550   39  896 27344.5645 40015.4292  46.3%   638 1113s
 12502  6453 infeasible   40      27344.5645 40015.4292  46.3%   639 1117s
 12594  6482 39223.6882   41  814 27344.5645 40015.4292  46.3%   641 1122s
 12679  6509 37658.0925   42  585 27344.5645 40015.4292  46.3%   643 1127s
 12756  6546 39002.4999   43  836 27344.5645 40015.4292  46.3%   646 1132s
 12832  6588 38977.8531   44  793 27344.5645 40015.4292  46.3%   649 1137s
 12909  6642 37727.7711   45  710 27344.5645 40015.4292  46.3%   654 1142s
 13000  6707 38594.9173   46  749 27344.5645 40015.4292  46.3%   657 1148s
 13103  6754 38147.6094   48  747 27344.5645 40015.4292  46.3%   659 1153s
 13192  6813 38139.0704   50  731 27344.5645 40015.4292  46.3%   662 1158s
 13293  6886 38137.9732   51  708 27344.5645 40015.4292  46.3%   663 1164s
H13321  6585                    27375.429886 40015.4292  46.2%   665 1164s
 13417  6683 37581.7657   52  626 27375.4299 40015.4292  46.2%   664 1170s
 13563  6777 37753.2420   54  602 27375.4299 40015.4292  46.2%   662 1177s
 13726  6930 37907.1949   55  625 27375.4299 40015.4292  46.2%   661 1184s
 13962  7027 37646.9915   56  609 27375.4299 40015.4292  46.2%   655 1193s
 14185  7167 37520.3237   58  584 27375.4299 40015.4292  46.2%   649 1200s
 14441  7315 infeasible   62      27375.4299 40015.4292  46.2%   643 1208s
 14715  7464 infeasible   67      27375.4299 40015.4292  46.2%   638 1217s
 15031  7531 infeasible   70      27375.4299 40015.4292  46.2%   631 1228s
 15289  7638 36975.6941   72  539 27375.4299 40014.7781  46.2%   628 1238s
 15528  7797 39905.5631   28  972 27375.4299 40014.7781  46.2%   628 1248s
 15787  8048 39903.4412   35  785 27375.4299 40014.7781  46.2%   626 1259s
 16154  8238 39316.3297   47  689 27375.4299 40014.7781  46.2%   618 1271s
 16550  8358 39186.8299   61  660 27375.4299 40014.7781  46.2%   610 1280s
 16859  8595 39096.3163   72  604 27375.4299 40014.7781  46.2%   606 1295s
H17128  8228                    27413.453679 40014.7781  46.0%   602 1295s
*17191  7939             404    27532.113181 40014.7781  45.3%   601 1295s
 17345  8132 38628.2216   86  569 27532.1132 40014.7781  45.3%   597 1305s
 17694  8185 38090.4694  102  545 27532.1132 40014.7781  45.3%   594 1662s
 17872  8515 37607.3634  112  459 27532.1132 40014.7781  45.3%   595 1673s
 18291  8851 35900.0034  141  367 27532.1132 40014.7781  45.3%   591 1688s
H18473  8537                    27566.633922 40014.7781  45.2%   589 1688s
 18834  8937 32108.8031  166  239 27566.6339 40008.5224  45.1%   582 1702s
 19469  9213 39986.7030   29 1057 27566.6339 40008.5224  45.1%   572 1716s
 20074  9914 39095.4025   51  675 27566.6339 40008.5224  45.1%   564 1730s
 21086 10467 infeasible   91      27566.6339 40008.5224  45.1%   548 1747s
 22240 11049 32131.9978  180  204 27566.6339 40008.5224  45.1%   530 1765s
 23525 12568 27902.7130  274  101 27566.6339 40007.8858  45.1%   511 1802s
 25845 12841 36784.2204  110  401 27566.6339 40007.8858  45.1%   489 1820s
 27067 13581 35368.6855  134  336 27566.6339 40007.8858  45.1%   474 1834s
 28020 14278 34617.9207  156  289 27566.6339 40007.8858  45.1%   464 1847s
 28784 15142 33659.0427  199  218 27566.6339 40007.8858  45.1%   459 1861s
 29728 16192 32613.1494  218  184 27566.6339 40007.8858  45.1%   451 1878s
 30907 17368 31206.1325  222  172 27566.6339 40007.8858  45.1%   439 1897s
 32296 17999 30295.5937  263  132 27566.6339 40003.1202  45.1%   426 1927s
H32636 17992                    27608.774189 40003.1202  44.9%   424 1927s
H32826 17797                    27866.157239 40003.1202  43.6%   422 1927s
 33118 17815 39998.0527   29  956 27866.1572 40003.1202  43.6%   420 3093s
 33144 18195 39998.0527   30  921 27866.1572 40003.1202  43.6%   420 3114s
 33623 19240 39660.1979   40  738 27866.1572 40003.1202  43.6%   418 3142s
 34910 20404 38934.4580   57  676 27866.1572 40003.1202  43.6%   407 3177s
 36443 21464 37524.1798   84  545 27866.1572 40003.1202  43.6%   395 3209s
 36880 21464 28537.4503  331   88 27866.1572 40003.1202  43.6%   393 3210s
 37851 22658 35482.6868  129  311 27866.1572 40003.1202  43.6%   386 3242s
 39291 24052 34116.9156  177  231 27866.1572 40003.1202  43.6%   378 3285s
 40924 25196 31887.3478  211  168 27866.1572 40003.1202  43.6%   369 3327s
 42273 26702 28418.6902  243  182 27866.1572 40003.1202  43.6%   363 3378s
 44047 28102 28444.3463  289  119 27866.1572 40003.0845  43.6%   355 3424s
 45607 28864 40003.0845   31 1000 27866.1572 40003.0845  43.6%   349 3472s

Cutting planes:
  Learned: 121
  Gomory: 377
  Lift-and-project: 489
  Cover: 699
  Projected implied bound: 4
  MIR: 5923
  StrongCG: 19
  Flow cover: 5403
  Inf proof: 1
  Zero half: 6
  Network: 2
  RLT: 15
  Relax-and-lift: 24

Explored 46626 nodes (16366573 simplex iterations) in 3627.71 seconds (4703.10 work units)
Thread count was 20 (of 20 available processors)

Solution count 10: 27866.2 27608.8 27566.6 ... 27296

Time limit reached
Best objective 2.786615723911e+04, best bound 4.000308445168e+04, gap 43.5544%
