
Gurobi 10.0.1 (win64) logging started Mon May  4 05:42:54 2026

Set parameter LogFile to value "D:\Project_Code\Paper\DP_LBBD_1\DP_lbbd\Algorithm\Results\mip_v1\xlarge\exp_10f_120j_seed4\log\exp_10f_120j_seed4_gurobi.log"
Set parameter LogToConsole to value 0
Gurobi Optimizer version 10.0.1 build v10.0.1rc0 (win64)

CPU model: Intel(R) Core(TM) Ultra 7 265KF, instruction set [SSE2|AVX|AVX2]
Thread count: 20 physical cores, 20 logical processors, using up to 20 threads

Optimize a model with 1184466 rows, 591960 columns and 5887812 nonzeros
Model fingerprint: 0x8df0d708
Variable types: 5160 continuous, 586800 integer (586800 binary)
Coefficient statistics:
  Matrix range     [1e+00, 2e+02]
  Objective range  [6e+00, 3e+03]
  Bounds range     [1e+00, 2e+02]
  RHS range        [1e+00, 6e+02]
Found heuristic solution: objective -0.0000000
Presolve removed 678748 rows and 338981 columns (presolve time = 5s) ...
Presolve removed 713488 rows and 355941 columns (presolve time = 10s) ...
Presolve removed 714308 rows and 356761 columns (presolve time = 15s) ...
Presolve removed 714308 rows and 356761 columns
Presolve time: 17.51s
Presolved: 470158 rows, 235199 columns, 2330794 nonzeros
Variable types: 3320 continuous, 231879 integer (231879 binary)

Deterministic concurrent LP optimizer: primal simplex, dual simplex, and barrier
Showing barrier log only...

Root barrier log...

Ordering time: 0.17s

Barrier statistics:
 Dense cols : 3839
 AA' NZ     : 2.110e+06
 Factor NZ  : 4.019e+06 (roughly 300 MB of memory)
 Factor Ops : 8.229e+08 (less than 1 second per iteration)
 Threads    : 18

                  Objective                Residual
Iter       Primal          Dual         Primal    Dual     Compl     Time
   0  -3.07596479e+07  1.68396707e+09  3.49e+03 1.52e+02  1.77e+05    22s
   1  -2.71072477e+07  1.68227157e+09  3.11e+03 1.79e+02  1.30e+05    22s
   2  -1.85551264e+07  3.12067258e+09  2.15e+03 4.05e+01  9.35e+04    23s
   3  -7.20140084e+05  3.20591507e+09  8.72e+01 5.26e-07  6.80e+03    23s
   4  -1.65411867e+05  1.01523572e+09  2.17e+01 1.95e-08  1.38e+03    23s
   5  -3.61814610e+04  1.38275830e+08  5.57e+00 5.11e-09  1.61e+02    23s
   6   5.79708028e+02  4.46797305e+07  1.59e+00 1.45e-09  4.91e+01    23s
   7   1.24648483e+04  8.71761012e+06  6.82e-01 2.10e-10  9.50e+00    23s
   8   2.62474431e+04  2.64463035e+06  3.94e-02 9.74e-10  2.79e+00    23s
   9   3.14248120e+04  1.14208544e+06  1.85e-02 1.06e-09  1.18e+00    24s
  10   4.39583763e+04  6.56754353e+05  6.75e-03 4.90e-10  6.52e-01    24s
  11   5.49124018e+04  3.81274850e+05  2.41e-03 4.68e-10  3.47e-01    24s
  12   6.06250336e+04  2.03027039e+05  1.05e-03 7.36e-10  1.51e-01    24s
  13   6.31502066e+04  1.33136688e+05  5.77e-04 5.75e-10  7.44e-02    24s
  14   6.46448489e+04  1.09933396e+05  2.94e-04 5.85e-10  4.82e-02    24s
  15   6.54955979e+04  7.88496948e+04  1.30e-04 5.92e-10  1.42e-02    24s
  16   6.58923465e+04  6.77252820e+04  5.41e-05 1.05e-09  1.95e-03    24s
  17   6.61648499e+04  6.64009018e+04  2.87e-06 9.58e-10  2.51e-04    24s
  18   6.61787323e+04  6.61957489e+04  4.52e-07 1.56e-08  1.81e-05    24s
  19   6.61813384e+04  6.61813503e+04  2.88e-10 6.86e-10  1.26e-08    25s
  20   6.61813401e+04  6.61813401e+04  3.91e-14 5.75e-11  1.26e-14    25s

Barrier solved model in 20 iterations and 24.63 seconds (21.90 work units)
Optimal objective 6.61813401e+04


Root crossover log...

    5570 DPushes remaining with DInf 0.0000000e+00                25s
Concurrent spin time: 1.25s (can be avoided by choosing Method=3)

Solved with dual simplex

Root relaxation: objective 6.618134e+04, 14038 iterations, 4.44 seconds (5.70 work units)
Total elapsed time = 25.07s

    Nodes    |    Current Node    |     Objective Bounds      |     Work
 Expl Unexpl |  Obj  Depth IntInf | Incumbent    BestBd   Gap | It/Node Time

     0     0 66181.3401    0 1110   -0.00000 66181.3401      -     -   27s
H    0     0                    34630.806736 66181.3401  91.1%     -   46s
     0     0 66125.8851    0 1255 34630.8067 66125.8851  90.9%     -   49s
H    0     0                    35409.510318 66125.8851  86.7%     -   79s
     0     0 66125.8851    0 1200 35409.5103 66125.8851  86.7%     -   80s
     0     0 66124.0344    0 1261 35409.5103 66124.0344  86.7%     -   82s
     0     0 66123.7141    0 1245 35409.5103 66123.7141  86.7%     -  107s
     0     0 66121.6850    0 1224 35409.5103 66121.6850  86.7%     -  108s
     0     0 66121.6850    0 1202 35409.5103 66121.6850  86.7%     -  109s
     0     0 66084.6574    0 1216 35409.5103 66084.6574  86.6%     -  112s
H    0     0                    35431.129557 66084.6574  86.5%     -  148s
     0     0 66084.6574    0 1298 35431.1296 66084.6574  86.5%     -  149s
     0     0 66080.2043    0 1196 35431.1296 66080.2043  86.5%     -  151s
     0     0 66076.4615    0 1189 35431.1296 66076.4615  86.5%     -  172s
     0     0 66076.3887    0 1134 35431.1296 66076.3887  86.5%     -  173s
     0     0 66076.3887    0 1086 35431.1296 66076.3887  86.5%     -  174s
     0     0 66072.2140    0 1206 35431.1296 66072.2140  86.5%     -  176s
     0     0 66071.9215    0 1159 35431.1296 66071.9215  86.5%     -  196s
     0     0 66071.9215    0 1162 35431.1296 66071.9215  86.5%     -  197s
     0     0 66070.0327    0 1167 35431.1296 66070.0327  86.5%     -  199s
     0     0 66069.9422    0 1285 35431.1296 66069.9422  86.5%     -  220s
     0     0 66068.9207    0 1210 35431.1296 66068.9207  86.5%     -  221s
     0     0 66068.9207    0 1168 35431.1296 66068.9207  86.5%     -  221s
     0     0 66055.8564    0 1152 35431.1296 66055.8564  86.4%     -  224s
H    0     0                    35434.520126 66055.8564  86.4%     -  256s
     0     0 66047.3498    0 1271 35434.5201 66047.3498  86.4%     -  256s
     0     0 66046.1813    0 1198 35434.5201 66046.1813  86.4%     -  257s
     0     0 66043.7346    0 1127 35434.5201 66043.7346  86.4%     -  258s
     0     0 66043.6952    0 1118 35434.5201 66043.6952  86.4%     -  259s
     0     0 66043.5778    0 1209 35434.5201 66043.5778  86.4%     -  260s
     0     0 66043.5778    0 1240 35434.5201 66043.5778  86.4%     -  261s
     0     0 66020.9131    0 1175 35434.5201 66020.9131  86.3%     -  264s
     0     0 66019.8991    0 1182 35434.5201 66019.8991  86.3%     -  281s
     0     0 66019.8508    0 1186 35434.5201 66019.8508  86.3%     -  282s
     0     0 66019.7870    0 1131 35434.5201 66019.7870  86.3%     -  283s
     0     0 66019.7870    0 1100 35434.5201 66019.7870  86.3%     -  284s
     0     0 65990.5314    0 1211 35434.5201 65990.5314  86.2%     -  286s
H    0     0                    35859.328357 65990.5314  84.0%     -  315s
     0     0 65989.5498    0 1229 35859.3284 65989.5498  84.0%     -  315s
     0     0 65989.4532    0 1201 35859.3284 65989.4532  84.0%     -  316s
     0     0 65989.4532    0 1191 35859.3284 65989.4532  84.0%     -  317s
     0     0 65989.4532    0 1337 35859.3284 65989.4532  84.0%     -  320s
     0     0 65989.4317    0 1303 35859.3284 65989.4317  84.0%     -  342s
     0     0 65989.4317    0 1236 35859.3284 65989.4317  84.0%     -  343s
     0     0 65989.4317    0 1274 35859.3284 65989.4317  84.0%     -  346s
     0     0 65989.4317    0 1241 35859.3284 65989.4317  84.0%     -  368s
     0     0 65989.4317    0 1206 35859.3284 65989.4317  84.0%     -  371s
     0     0 65989.4317    0 1190 35859.3284 65989.4317  84.0%     -  395s
     0     0 65989.4317    0 1114 35859.3284 65989.4317  84.0%     -  400s
     0     0 65989.3626    0 1170 35859.3284 65989.3626  84.0%     -  427s
     0     0 65989.3626    0 1206 35859.3284 65989.3626  84.0%     -  428s
     0     0 65989.3403    0 1067 35859.3284 65989.3403  84.0%     -  434s
     0     0 65989.3403    0 1016 35859.3284 65989.3403  84.0%     -  436s
     0     2 65960.7752    0 1014 35859.3284 65960.7752  83.9%     -  457s
     7    16 65845.9921    3 1365 35859.3284 65953.4208  83.9%  2517  461s
    31    52 65714.3336    5 1339 35859.3284 65923.3736  83.8%  2814  513s
H   33    52                    36292.561156 65923.3736  81.6%  2733  513s
H   34    52                    36445.717599 65923.3736  80.9%  2738  513s
H   38    52                    36680.911403 65923.3736  79.7%  2722  513s
    51    72 65678.2258    6 1387 36680.9114 65915.5264  79.7%  2657  516s
    91   112 65673.2110    7 1417 36680.9114 65915.5264  79.7%  2105  521s
   143   173 65623.6104   10 1418 36680.9114 65915.5264  79.7%  1574  526s
H  211   235                    36790.839301 65915.5264  79.2%  1245  533s
H  214   235                    37085.825097 65915.5264  77.7%  1231  533s
   242   272 65376.3529   12 1414 37085.8251 65915.5264  77.7%  1124  535s
   279   294 65376.2359   13 1404 37085.8251 65915.5264  77.7%  1014  540s
   350   351 65310.5517   15 1404 37085.8251 65915.5264  77.7%   879  547s
   380   373 65327.1854   16 1413 37085.8251 65915.5264  77.7%   850  550s
   446   436 65324.1788   17 1367 37085.8251 65915.5264  77.7%   855  556s
   492   464 65319.0405   18 1360 37085.8251 65915.5264  77.7%   807  560s
H  500   464                    37085.825101 65915.5264  77.7%   798  561s
   569   544 65121.9974   21 1226 37085.8251 65915.5264  77.7%   772  567s
   614   595 65121.9974   21 1374 37085.8251 65915.5264  77.7%   764  571s
   665   631 65121.3797   22 1373 37085.8251 65915.5264  77.7%   740  577s
H  679   631                    37085.825105 65915.5264  77.7%   749  577s
   703   676 65020.4964   24 1224 37085.8251 65915.5264  77.7%   750  580s
   755   724 64975.2513   25 1198 37085.8251 65915.5264  77.7%   732  585s
H  771   724                    37085.825109 65915.5264  77.7%   728  585s
   858   810 64881.5585   28 1207 37085.8251 65915.5264  77.7%   714  592s
   912   866 64792.3262   30 1530 37085.8251 65915.5264  77.7%   717  596s
H  971   923                    37085.825112 65915.5264  77.7%   706  603s
  1045   986 64792.3262   36 1223 37085.8251 65915.5264  77.7%   692  607s
  1112  1057 64628.2881   36 1459 37085.8251 65915.5264  77.7%   682  613s
  1186  1139 64788.7705   37 1218 37085.8251 65915.5264  77.7%   665  618s
  1276  1244 64690.5880   39 1276 37085.8251 65915.5264  77.7%   647  623s
  1387  1328 64605.1293   42 1277 37085.8251 65915.5264  77.7%   624  628s
  1486  1402 64616.5634   43 1225 37085.8251 65915.5264  77.7%   606  636s
  1587  1492 64359.0048   46 1172 37085.8251 65915.5264  77.7%   590  642s
  1697  1592 64359.0048   47 1182 37085.8251 65915.5264  77.7%   574  650s
  1808  1733 64327.2930   52 1155 37085.8251 65915.5264  77.7%   557  656s
  1967  1872 64064.8383   59 1151 37085.8251 65915.5264  77.7%   528  662s
  2125  1999 64064.5292   65 1144 37085.8251 65915.5264  77.7%   505  669s
  2257  2126 63908.8055   71 1129 37085.8251 65915.5264  77.7%   493  678s
H 2330  2126                    37085.825116 65915.5264  77.7%   488  678s
  2397  2276 63908.8055   73 1233 37085.8251 65915.5264  77.7%   482  685s
  2562  2440 63908.8055   76 1192 37085.8251 65915.5264  77.7%   465  692s
  2755  2598 63908.8055   80 1232 37085.8251 65915.5264  77.7%   448  699s
  2931  2785 63908.8055   82 1167 37085.8251 65915.5264  77.7%   437  708s
H 3119  2785                    37085.825120 65915.5264  77.7%   423  708s
  3132  2971 63833.7998   88 1156 37085.8251 65915.5264  77.7%   423  716s
  3350  3139 63833.7998   92 1189 37085.8251 65915.5264  77.7%   410  724s
  3537  3320 63833.7998   94 1172 37085.8251 65915.5264  77.7%   403  735s
H 3690  3320                    37085.825123 65915.5264  77.7%   400  735s
  3736  3539 63724.1088   99 1097 37085.8251 65915.5264  77.7%   398  744s
  3986  3784 infeasible  104      37085.8251 65915.5264  77.7%   386  754s
  4264  4003 63298.7786  113 1007 37085.8251 65915.5264  77.7%   374  764s
H 4284  4003                    37085.825127 65915.5264  77.7%   374  764s
  4511  4265 63274.4443  118 1028 37085.8251 65915.5264  77.7%   367  774s
  4795  4537 62819.1973  126  981 37085.8251 65915.5264  77.7%   359  787s
H 4820  4537                    37085.825131 65915.5264  77.7%   358  787s
  5089  4871 62817.9061  136  979 37085.8251 65915.5264  77.7%   351  799s
H 5185  4871                    37085.825135 65915.5264  77.7%   350  799s
  5473  5207 62767.4964  146 1103 37085.8251 65915.5264  77.7%   339  813s
H 5497  5207                    37085.825138 65915.5264  77.7%   339  813s
  5826  5549 62729.9881  158 1031 37085.8251 65915.5264  77.7%   329  826s
  6202  5928 62516.9669  163  956 37085.8251 65915.5264  77.7%   319  837s
  6610  6281 62270.9575  175  983 37085.8251 65915.5264  77.7%   310  854s
H 6621  6281                    37085.825142 65915.5264  77.7%   310  854s
  7023  6638 62378.2738  181  980 37085.8251 65915.5264  77.7%   300  867s
  7448  7014 infeasible  196      37085.8251 65915.5264  77.7%   293  880s
  7866  7467 60752.5519  216  863 37085.8251 65915.5264  77.7%   286  895s
H 7932  7467                    37085.825146 65915.5264  77.7%   284  895s
  8360  7886 60497.9828  233  826 37085.8251 65915.5264  77.7%   277  910s
H 8375  7886                    37085.825149 65915.5264  77.7%   277  910s
H 8824  7947                    38917.950148 65915.5264  69.4%   271 1081s
H 8825  7902                    40459.918499 65915.5264  62.9%   271 1082s
H 8830  7885                    42145.431991 65915.5264  56.4%   271 1082s
H 8872  7716                    45353.868733 65915.5264  45.3%   270 1082s
  8916  8094 infeasible  249      45353.8687 65915.5264  45.3%   269 1103s
H 8917  8093                    45358.672631 65915.5264  45.3%   269 1103s
  9400  8093 65471.0298   16 1016 45358.6726 65915.5264  45.3%   265 1181s
  9402  8094 52195.5130  275 1274 45358.6726 65915.5264  45.3%   265 1211s
  9403  8095 64767.2598   41 1279 45358.6726 65915.5264  45.3%   265 1242s
  9406  8097 58705.5920  154 1259 45358.6726 65915.5264  45.3%   265 1251s
  9409  8100 64722.7170   49 1016 45358.6726 65894.7293  45.3%   268 1288s
  9411  8101 51613.8834  240  632 45358.6726 65894.7293  45.3%   268 1388s
  9412  8102 65020.8464   10  559 45358.6726 65894.7293  45.3%   268 1400s
  9416  8105 49258.3179  377  497 45358.6726 65888.4298  45.3%   268 1405s
  9417  8105 57997.8236  242  590 45358.6726 65841.6259  45.2%   268 1419s
  9418  8106 51986.5097  176  572 45358.6726 65829.0263  45.1%   268 1420s
  9421  8108 60445.7606   85  528 45358.6726 65820.4756  45.1%   268 1425s
  9422  8109 60726.3541   46  586 45358.6726 65780.4997  45.0%   268 1448s
  9426  8111 61947.5443  185  541 45358.6726 65767.0312  45.0%   268 1453s
  9427  8112 63124.5081  116  631 45358.6726 65646.5570  44.7%   268 1471s
  9431  8115 63346.1754  190  632 45358.6726 65630.2267  44.7%   268 1478s
  9432  8115 56761.2786  184  672 45358.6726 65585.6955  44.6%   268 1496s
  9435  8117 50907.4882  220  649 45358.6726 65569.2689  44.6%   268 1503s
  9436  8118 64053.5366   30  685 45358.6726 65534.9558  44.5%   268 1522s
  9440  8121 57045.5063  259  661 45358.6726 65518.9397  44.4%   267 1529s
  9441  8121 63750.0756   16  641 45358.6726 65493.1135  44.4%   267 1546s
  9444  8123 56303.3189  178  681 45358.6726 65469.2851  44.3%   267 1552s
  9445  8124 55229.0562  308  596 45358.6726 65437.3687  44.3%   267 1567s
  9450  8127 59849.8862  101  607 45358.6726 65427.9863  44.2%   267 1573s
  9451  8128 49326.4888  352  560 45358.6726 65402.7387  44.2%   267 1589s
  9452  8129 62567.9391   76  603 45358.6726 65396.5849  44.2%   267 1590s
  9454  8130 60723.1483   64  714 45358.6726 65394.3208  44.2%   267 1595s
  9455  8131 62270.9575  176  550 45358.6726 65378.9737  44.1%   267 1609s
  9456  8131 65121.9974   20  614 45358.6726 65377.7932  44.1%   267 1610s
  9460  8134 56803.3925  278  615 45358.6726 65367.9538  44.1%   267 1617s
  9461  8135 55152.0644  274  624 45358.6726 65350.0239  44.1%   267 1641s
  9465  8137 51055.5949  321  612 45358.6726 65337.9728  44.0%   267 1648s
  9466  8138 64642.9886   48  565 45358.6726 65333.2650  44.0%   267 1666s
  9470  8141 63338.0833  180  695 45358.6726 65328.0934  44.0%   267 1672s
  9471  8141 58336.6422  159  532 45358.6726 65317.8399  44.0%   267 1695s
  9474  8143 56693.1646  284  660 45358.6726 65316.0898  44.0%   266 1702s
  9475  8144 58648.8508  164  675 45358.6726 65311.2615  44.0%   266 1725s
  9478  8146 63559.7397   61  652 45358.6726 65306.7572  44.0%   266 1733s
  9479  8147 62301.4529  164  600 45358.6726 65306.2193  44.0%   266 1754s
  9480  8147 60693.9833  227  606 45358.6726 65306.1270  44.0%   266 1757s
  9481  8148 62318.5070  112  621 45358.6726 65304.0243  44.0%   266 1778s
  9482  8149 62379.0884  131  666 45358.6726 65303.7267  44.0%   266 1782s
  9483  8149 64354.2878   29  589 45358.6726 65295.2729  44.0%   266 1807s
  9487  8152 56660.5974  152  629 45358.6726 65290.4299  43.9%   266 1812s
  9488  8153 64093.6361   39  590 45358.6726 65289.3666  43.9%   266 1838s
  9490  8154 54107.7832  255  663 45358.6726 65288.7634  43.9%   266 1842s
  9491  8155 49155.9504  264  611 45358.6726 65287.9306  43.9%   266 1862s
  9493  8156 58719.5735   71  652 45358.6726 65287.5221  43.9%   266 1866s
  9494  8157 50411.0125  209  647 45358.6726 65287.3844  43.9%   266 1904s
  9495  8157 60686.3235  109  629 45358.6726 65287.2120  43.9%   266 1908s
  9496  8158 56448.7364  168  646 45358.6726 65286.1733  43.9%   266 1911s
  9499  8161 61622.0529   71 1016 45358.6726 65286.1733  43.9%   289 1943s
  9501  8162 55920.4352  127  632 45358.6726 65286.1733  43.9%   289 2043s
  9502  8163 52195.5130  275  678 45358.6726 65286.1733  43.9%   289 2057s
  9507  8166 51153.0424  171  543 45358.6726 65286.1733  43.9%   288 2060s
  9509  8168 64722.7170   49  510 45358.6726 65286.1733  43.9%   288 2065s
  9510  8168 64253.1380  122  583 45358.6726 65285.3239  43.9%   288 2083s
  9511  8169 51613.8834  240  606 45358.6726 65285.0905  43.9%   288 2088s
  9512  8170 65020.8464   10  533 45358.6726 65283.2443  43.9%   288 2106s
  9513  8170 58007.1630  221  550 45358.6726 65282.8776  43.9%   288 2111s
  9514  8171 53534.4553  224  580 45358.6726 65281.6966  43.9%   288 2133s
  9518  8174 51986.5097  176  568 45358.6726 65279.8879  43.9%   288 2139s
  9519  8174 50883.1540  223  585 45358.6726 65277.8692  43.9%   288 2161s
  9523  8177 63517.4085   98  557 45358.6726 65275.6739  43.9%   288 2170s
  9524  8178 64354.2878   29  633 45358.6726 65274.6935  43.9%   288 2193s
  9525  8178 61317.3189  194  614 45358.6726 65274.4338  43.9%   288 2199s
  9526  8179 61947.5443  185  581 45358.6726 65273.9391  43.9%   288 2222s
  9529  8181 64312.8586   18  546 45358.6726 65272.3188  43.9%   288 2229s
  9530  8182 49839.3200  278  531 45358.6726 65271.7714  43.9%   288 2249s
  9531  8182 63346.1754  190  601 45358.6726 65271.6723  43.9%   288 2255s
  9532  8183 56761.2786  184  592 45358.6726 65270.7665  43.9%   288 2278s
  9533  8184 61475.7089   95  618 45358.6726 65270.7135  43.9%   288 2284s
  9534  8184 55732.6260  141  619 45358.6726 65269.7300  43.9%   288 2289s
  9535  8185 50907.4882  220  561 45358.6726 65269.7300  43.9%   288 2294s
  9536  8186 64053.5366   30  561 45358.6726 65269.7300  43.9%   288 2306s
  9537  8189 65264.0859   37  489 45358.6726 65267.8761  43.9%   298 2323s
  9539  8193 65262.7642   38  578 45358.6726 65265.8473  43.9%   299 2325s
  9551  8213 65238.5390   40  687 45358.6726 65262.6581  43.9%   302 2332s
  9567  8227 65219.5427   41  755 45358.6726 65260.2019  43.9%   307 2337s
  9587  8241 65218.9166   42  816 45358.6726 65260.2019  43.9%   313 2340s
  9627  8267 65214.4514   43  744 45358.6726 65260.2019  43.9%   319 2347s
  9667  8295 65209.4471   44  730 45358.6726 65260.2019  43.9%   321 2351s
  9688  8306 65096.7638   44  743 45358.6726 65260.2019  43.9%   321 2534s
  9710  8329 65201.0601   45  742 45358.6726 65260.2019  43.9%   322 2537s
  9740  8344 65180.3791   45  790 45358.6726 65260.2019  43.9%   324 2545s
  9800  8394 65192.9164   47  735 45358.6726 65260.2019  43.9%   325 2550s
  9880  8441 65185.7086   49  742 45358.6726 65260.2019  43.9%   326 2562s
  9915  8470 65135.7283   49  720 45358.6726 65260.2019  43.9%   326 2565s
  9992  8517 65072.4022   51  787 45358.6726 65260.2019  43.9%   328 2571s
 10034  8544 65071.5510   52  796 45358.6726 65260.2019  43.9%   328 2579s
 10076  8578 65030.4075   53  819 45358.6726 65260.2019  43.9%   329 2583s
 10128  8607 64210.1409   53  799 45358.6726 65260.2019  43.9%   329 2586s
 10181  8628 65029.6827   54  819 45358.6726 65260.2019  43.9%   330 2590s
 10224  8651 64989.4690   56  749 45358.6726 65260.2019  43.9%   331 2598s
 10268  8691 65017.9061   56  729 45358.6726 65260.2019  43.9%   331 2602s
 10325  8730 64722.0781   57  725 45358.6726 65260.2019  43.9%   331 2607s
 10385  8773 64934.4951   58  713 45358.6726 65260.2019  43.9%   331 2611s
 10454  8808 64934.1876   59  713 45358.6726 65260.2019  43.9%   331 2620s
 10593  8919 64886.4925   62  731 45358.6726 65260.2019  43.9%   330 2629s
 10676  8979 64774.9466   63  721 45358.6726 65260.2019  43.9%   330 2634s
 10765  9024 64572.8232   65  734 45358.6726 65260.2019  43.9%   329 2643s
 10847  9090 63261.6455   67  735 45358.6726 65260.2019  43.9%   329 2648s
 10942  9156 64384.4337   69  758 45358.6726 65260.2019  43.9%   330 2654s
 11042  9231 64308.3119   70  724 45358.6726 65260.2019  43.9%   329 2660s
 11152  9281 64244.6892   72  746 45358.6726 65260.2019  43.9%   329 2670s
H11193  8857                    45358.672635 65260.2019  43.9%   329 2670s
 11247  8947 64191.8808   74  742 45358.6726 65260.2019  43.9%   328 2676s
 11369  9020 64173.4445   77  758 45358.6726 65260.2019  43.9%   328 2686s
 11498  9103 64159.2475   80  758 45358.6726 65260.2019  43.9%   327 2693s
 11638  9285 63462.0117   83  750 45358.6726 65260.2019  43.9%   326 2699s
 11890  9412 63414.5221   86  709 45358.6726 65260.2019  43.9%   324 2708s
 12135  9575 infeasible   89      45358.6726 65260.2019  43.9%   322 2715s
 12428  9665 63175.7189   92  736 45358.6726 65260.2019  43.9%   320 2723s
 12622  9872 63136.1188   95  727 45358.6726 65260.2019  43.9%   320 2730s
 12904 10081 63144.3694   98  786 45358.6726 65260.2019  43.9%   319 2742s
H13209  9589                    45358.672640 65260.2019  43.9%   317 2742s
 13229  9860 63143.6292  101  809 45358.6726 65260.2019  43.9%   317 2750s
 13556 10065 63134.2096  104  817 45358.6726 65260.2019  43.9%   315 2758s
 13906 10212 infeasible  107      45358.6726 65260.2019  43.9%   313 2771s
 14210 10198 infeasible  108      45358.6726 65260.2019  43.9%   312 2863s
H14218  9825                    45758.723905 65260.2019  42.6%   312 2863s
H14272  9446                    46106.586340 65260.2019  41.5%   312 2863s
 14321  9736 62590.9898  112  663 46106.5863 65260.2019  41.5%   311 2872s
 14647 10038 62540.8746  117  672 46106.5863 65260.2019  41.5%   309 2881s
 15101 10070 62233.6977  121  643 46106.5863 65260.2019  41.5%   306 2895s
 15361 10340 62252.2691  124  675 46106.5863 65260.2019  41.5%   306 2909s
H15419  9987                    46122.942611 65260.2019  41.5%   308 2909s
 15769 10232 62249.3869  129  707 46122.9426 65260.2019  41.5%   306 2919s
 16255 10251 61887.4004  135  696 46122.9426 65260.2019  41.5%   304 2936s
 16494 10591 61887.0028  138  677 46122.9426 65260.2019  41.5%   305 2950s
 16952 10684 61867.5542  143  680 46122.9426 65260.2019  41.5%   304 2965s
 17237 11159 61859.7442  146  640 46122.9426 65260.2019  41.5%   304 2982s
 17837 11653 61819.2064  152  662 46122.9426 65260.2019  41.5%   300 2995s
 18637 12051 61555.8463  162  573 46122.9426 65260.2019  41.5%   292 3015s
 19480 12119 61155.9663  179  532 46122.9426 65260.2019  41.5%   286 3030s
 19895 12601 60896.8596  187  536 46122.9426 65260.2019  41.5%   284 3050s
H20251 12165                    46122.942620 65260.2019  41.5%   282 3050s
 20681 12639 60434.9424  200  573 46122.9426 65260.2019  41.5%   279 3071s
 21396 12781 60637.6643  209  585 46122.9426 65260.2019  41.5%   276 3094s
 21880 13442 60640.1855  214  600 46122.9426 65260.2019  41.5%   274 3116s
 22748 14077 60306.8580  230  566 46122.9426 65260.2019  41.5%   269 3132s
 23776 14948 59730.9680  239  521 46122.9426 65260.2019  41.5%   263 3177s
 25206 15043 58567.6632  259  422 46122.9426 65260.2019  41.5%   253 3190s
 25918 15286 57110.4724  270  424 46122.9426 65260.2019  41.5%   249 3215s
 26550 15477 infeasible  283      46122.9426 65260.2019  41.5%   246 3228s
 27141 15887 56062.8362  304  346 46122.9426 65260.2019  41.5%   245 3252s
H27292 15742                    46122.942639 65260.2019  41.5%   244 3252s
 27822 16589 55557.4829  330  320 46122.9426 65260.2019  41.5%   243 3267s
 28756 17528 55086.8676  355  291 46122.9426 65260.2019  41.5%   238 3303s
 29770 18604 52603.4463  377  248 46122.9426 65260.2019  41.5%   233 3322s
 30995 19625 infeasible  401      46122.9426 65260.2019  41.5%   226 3352s
H31684 19625                    46122.942679 65260.2019  41.5%   221 3353s
 32163 20460 49999.9982  425  226 46122.9427 65260.2019  41.5%   220 3384s
 33097 21290 48340.6703  449  212 46122.9427 65260.2019  41.5%   216 3414s
H33539 21289                    46168.777410 65260.2019  41.4%   214 3414s
 34132 21990 infeasible  478      46168.7774 65258.6400  41.3%   212 3448s
 35037 22879 65243.9140   42  651 46168.7774 65258.6400  41.3%   209 3480s
 36002 24058 65205.9447   46  639 46168.7774 65258.6400  41.3%   207 3520s
H37126 24058                    46168.777419 65258.6400  41.3%   203 3520s
 37254 25425 65181.3912   58  557 46168.7774 65258.6400  41.3%   202 3562s
H38296 25425                    46168.777428 65258.6400  41.3%   198 3562s
 38728 26460 62798.0378   72  563 46168.7774 65258.6400  41.3%   197 3589s
 40165 26470 62089.6580   85  531 46168.7774 65258.6400  41.3%   192 3603s

Cutting planes:
  Learned: 54
  Gomory: 388
  Lift-and-project: 428
  Cover: 139
  Implied bound: 1
  Projected implied bound: 7
  MIR: 1838
  StrongCG: 9
  Flow cover: 1846
  RLT: 6
  Relax-and-lift: 24

Explored 40195 nodes (7842959 simplex iterations) in 3605.32 seconds (3726.66 work units)
Thread count was 20 (of 20 available processors)

Solution count 10: 46168.8 46168.8 46168.8 ... 45358.7

Time limit reached
Best objective 4.616877742848e+04, best bound 6.525863996558e+04, gap 41.3480%
