05/04/2026 05:42:32 AM INFO mip_v1 - setup_solver_logging: ================================================================================
05/04/2026 05:42:32 AM INFO mip_v1 - setup_solver_logging: Logging started. Log file: D:\Project_Code\Paper\DP_LBBD_1\DP_lbbd\Algorithm\Results\mip_v1\xlarge\exp_10f_120j_seed4\log\exp_10f_120j_seed4_running.log
05/04/2026 05:42:32 AM INFO mip_v1 - print: BigM calculated: 202.29999999999998
05/04/2026 05:42:32 AM INFO mip_v1 - print: Adding variables...
05/04/2026 05:42:33 AM INFO mip_v1 - print: Total variables: 591960
05/04/2026 05:42:33 AM INFO mip_v1 - print: Adding constraints...
05/04/2026 05:42:50 AM INFO mip_v1 - print: Total constraints: 1184466
05/04/2026 05:42:50 AM INFO mip_v1 - print: Setting objective function...
05/04/2026 05:42:54 AM INFO mip_v1 - print: 
05/04/2026 05:42:54 AM INFO mip_v1 - print: ✓ Model LP written to: D:\Project_Code\Paper\DP_LBBD_1\DP_lbbd\Algorithm\MIP\production_model.lp
05/04/2026 05:42:54 AM INFO mip_v1 - print: 
05/04/2026 05:42:54 AM INFO mip_v1 - print: ============================================================
05/04/2026 05:42:54 AM INFO mip_v1 - print: Starting optimization...
05/04/2026 05:42:54 AM INFO mip_v1 - print: ============================================================
05/04/2026 05:42:54 AM INFO mip_v1 - print: Gurobi native log file: D:\Project_Code\Paper\DP_LBBD_1\DP_lbbd\Algorithm\Results\mip_v1\xlarge\exp_10f_120j_seed4\log\exp_10f_120j_seed4_gurobi.log
05/04/2026 06:43:00 AM INFO mip_v1 - print: 
05/04/2026 06:43:00 AM INFO mip_v1 - print: ============================================================
05/04/2026 06:43:00 AM INFO mip_v1 - print: SOLUTION SUMMARY
05/04/2026 06:43:00 AM INFO mip_v1 - print: ============================================================
05/04/2026 06:43:00 AM INFO mip_v1 - print: ⚠ Time limit reached, best solution found:
05/04/2026 06:43:00 AM INFO mip_v1 - print: 
05/04/2026 06:43:00 AM INFO mip_v1 - print: Objective Value (Total Profit): 46168.78
05/04/2026 06:43:00 AM INFO mip_v1 - print: MIP Gap: 41.35%
05/04/2026 06:43:00 AM INFO mip_v1 - print: 
05/04/2026 06:43:00 AM INFO mip_v1 - print: 📋 Accepted Orders (98/120): [1, 2, 3, 4, 6, 7, 8, 9, 10, 11, 12, 13, 14, 15, 16, 17, 18, 19, 20, 21, 22, 24, 26, 27, 28, 29, 30, 31, 33, 34, 35, 36, 37, 38, 40, 41, 43, 44, 45, 48, 49, 51, 52, 53, 56, 57, 59, 60, 61, 62, 63, 64, 65, 66, 67, 68, 69, 70, 71, 72, 73, 74, 75, 76, 77, 78, 79, 81, 82, 83, 84, 87, 90, 91, 93, 94, 95, 96, 97, 98, 101, 103, 104, 105, 106, 107, 108, 109, 110, 111, 112, 114, 115, 116, 117, 118, 119, 120]
05/04/2026 06:43:00 AM INFO mip_v1 - print: 
05/04/2026 06:43:00 AM INFO mip_v1 - print: ------------------------------------------------------------
05/04/2026 06:43:00 AM INFO mip_v1 - print: ORDER ALLOCATION DETAILS
05/04/2026 06:43:00 AM INFO mip_v1 - print: ------------------------------------------------------------
05/04/2026 06:43:00 AM INFO mip_v1 - print: 
05/04/2026 06:43:00 AM INFO mip_v1 - print: Order 1 → Factory 10
05/04/2026 06:43:00 AM INFO mip_v1 - print:   Machine 1: completion time = 12.81
05/04/2026 06:43:00 AM INFO mip_v1 - print:   Machine 2: completion time = 25.57
05/04/2026 06:43:00 AM INFO mip_v1 - print:   Machine 3: completion time = 36.36
05/04/2026 06:43:00 AM INFO mip_v1 - print:   Delivery: 38.56 (Deadline: 71.40, Delay: 0.00)
05/04/2026 06:43:00 AM INFO mip_v1 - print: 
05/04/2026 06:43:00 AM INFO mip_v1 - print: Order 2 → Factory 5
05/04/2026 06:43:00 AM INFO mip_v1 - print:   Machine 1: completion time = 87.56
05/04/2026 06:43:00 AM INFO mip_v1 - print:   Machine 2: completion time = 99.98
05/04/2026 06:43:00 AM INFO mip_v1 - print:   Machine 3: completion time = 110.68
05/04/2026 06:43:00 AM INFO mip_v1 - print:   Delivery: 116.18 (Deadline: 128.50, Delay: 0.00)
05/04/2026 06:43:00 AM INFO mip_v1 - print: 
05/04/2026 06:43:00 AM INFO mip_v1 - print: Order 3 → Factory 10
05/04/2026 06:43:00 AM INFO mip_v1 - print:   Machine 1: completion time = 42.09
05/04/2026 06:43:00 AM INFO mip_v1 - print:   Machine 2: completion time = 54.30
05/04/2026 06:43:00 AM INFO mip_v1 - print:   Machine 3: completion time = 75.08
05/04/2026 06:43:00 AM INFO mip_v1 - print:   Delivery: 79.48 (Deadline: 79.90, Delay: 0.00)
05/04/2026 06:43:00 AM INFO mip_v1 - print: 
05/04/2026 06:43:00 AM INFO mip_v1 - print: Order 4 → Factory 3
05/04/2026 06:43:00 AM INFO mip_v1 - print:   Machine 1: completion time = 142.28
05/04/2026 06:43:00 AM INFO mip_v1 - print:   Machine 2: completion time = 155.79
05/04/2026 06:43:00 AM INFO mip_v1 - print:   Machine 3: completion time = 167.81
05/04/2026 06:43:00 AM INFO mip_v1 - print:   Machine 4: completion time = 181.80
05/04/2026 06:43:00 AM INFO mip_v1 - print:   Delivery: 187.40 (Deadline: 187.40, Delay: 0.00)
05/04/2026 06:43:00 AM INFO mip_v1 - print: 
05/04/2026 06:43:00 AM INFO mip_v1 - print: Order 6 → Factory 7
05/04/2026 06:43:00 AM INFO mip_v1 - print:   Machine 1: completion time = 32.00
05/04/2026 06:43:00 AM INFO mip_v1 - print:   Machine 2: completion time = 38.54
05/04/2026 06:43:00 AM INFO mip_v1 - print:   Machine 3: completion time = 46.89
05/04/2026 06:43:00 AM INFO mip_v1 - print:   Machine 4: completion time = 55.16
05/04/2026 06:43:00 AM INFO mip_v1 - print:   Machine 5: completion time = 61.65
05/04/2026 06:43:00 AM INFO mip_v1 - print:   Delivery: 67.05 (Deadline: 85.60, Delay: 0.00)
05/04/2026 06:43:00 AM INFO mip_v1 - print: 
05/04/2026 06:43:00 AM INFO mip_v1 - print: Order 7 → Factory 7
05/04/2026 06:43:00 AM INFO mip_v1 - print:   Machine 1: completion time = 11.89
05/04/2026 06:43:00 AM INFO mip_v1 - print:   Machine 2: completion time = 26.55
05/04/2026 06:43:00 AM INFO mip_v1 - print:   Machine 3: completion time = 35.97
05/04/2026 06:43:00 AM INFO mip_v1 - print:   Machine 4: completion time = 45.60
05/04/2026 06:43:00 AM INFO mip_v1 - print:   Machine 5: completion time = 53.13
05/04/2026 06:43:00 AM INFO mip_v1 - print:   Delivery: 57.03 (Deadline: 68.40, Delay: 0.00)
05/04/2026 06:43:00 AM INFO mip_v1 - print: 
05/04/2026 06:43:00 AM INFO mip_v1 - print: Order 8 → Factory 5
05/04/2026 06:43:00 AM INFO mip_v1 - print:   Machine 1: completion time = 57.09
05/04/2026 06:43:00 AM INFO mip_v1 - print:   Machine 2: completion time = 69.34
05/04/2026 06:43:00 AM INFO mip_v1 - print:   Machine 3: completion time = 81.83
05/04/2026 06:43:00 AM INFO mip_v1 - print:   Delivery: 89.53 (Deadline: 99.10, Delay: 0.00)
05/04/2026 06:43:00 AM INFO mip_v1 - print: 
05/04/2026 06:43:00 AM INFO mip_v1 - print: Order 9 → Factory 5
05/04/2026 06:43:00 AM INFO mip_v1 - print:   Machine 1: completion time = 37.44
05/04/2026 06:43:00 AM INFO mip_v1 - print:   Machine 2: completion time = 48.62
05/04/2026 06:43:00 AM INFO mip_v1 - print:   Machine 3: completion time = 59.69
05/04/2026 06:43:00 AM INFO mip_v1 - print:   Delivery: 62.69 (Deadline: 76.30, Delay: 0.00)
05/04/2026 06:43:00 AM INFO mip_v1 - print: 
05/04/2026 06:43:00 AM INFO mip_v1 - print: Order 10 → Factory 3
05/04/2026 06:43:00 AM INFO mip_v1 - print:   Machine 1: completion time = 106.35
05/04/2026 06:43:00 AM INFO mip_v1 - print:   Machine 2: completion time = 118.45
05/04/2026 06:43:00 AM INFO mip_v1 - print:   Machine 3: completion time = 128.08
05/04/2026 06:43:00 AM INFO mip_v1 - print:   Machine 4: completion time = 139.50
05/04/2026 06:43:00 AM INFO mip_v1 - print:   Delivery: 141.30 (Deadline: 141.60, Delay: 0.00)
05/04/2026 06:43:00 AM INFO mip_v1 - print: 
05/04/2026 06:43:00 AM INFO mip_v1 - print: Order 11 → Factory 4
05/04/2026 06:43:00 AM INFO mip_v1 - print:   Machine 1: completion time = 55.33
05/04/2026 06:43:00 AM INFO mip_v1 - print:   Machine 2: completion time = 61.64
05/04/2026 06:43:00 AM INFO mip_v1 - print:   Machine 3: completion time = 70.63
05/04/2026 06:43:00 AM INFO mip_v1 - print:   Machine 4: completion time = 91.50
05/04/2026 06:43:00 AM INFO mip_v1 - print:   Delivery: 93.90 (Deadline: 93.90, Delay: 0.00)
05/04/2026 06:43:00 AM INFO mip_v1 - print: 
05/04/2026 06:43:00 AM INFO mip_v1 - print: Order 12 → Factory 10
05/04/2026 06:43:00 AM INFO mip_v1 - print:   Machine 1: completion time = 20.86
05/04/2026 06:43:00 AM INFO mip_v1 - print:   Machine 2: completion time = 33.48
05/04/2026 06:43:00 AM INFO mip_v1 - print:   Machine 3: completion time = 44.30
05/04/2026 06:43:00 AM INFO mip_v1 - print:   Delivery: 50.00 (Deadline: 50.00, Delay: 0.00)
05/04/2026 06:43:00 AM INFO mip_v1 - print: 
05/04/2026 06:43:00 AM INFO mip_v1 - print: Order 13 → Factory 4
05/04/2026 06:43:00 AM INFO mip_v1 - print:   Machine 1: completion time = 35.20
05/04/2026 06:43:00 AM INFO mip_v1 - print:   Machine 2: completion time = 41.82
05/04/2026 06:43:00 AM INFO mip_v1 - print:   Machine 3: completion time = 50.69
05/04/2026 06:43:00 AM INFO mip_v1 - print:   Machine 4: completion time = 60.28
05/04/2026 06:43:00 AM INFO mip_v1 - print:   Delivery: 61.28 (Deadline: 84.50, Delay: 0.00)
05/04/2026 06:43:00 AM INFO mip_v1 - print: 
05/04/2026 06:43:00 AM INFO mip_v1 - print: Order 14 → Factory 4
05/04/2026 06:43:00 AM INFO mip_v1 - print:   Machine 1: completion time = 136.74
05/04/2026 06:43:00 AM INFO mip_v1 - print:   Machine 2: completion time = 145.96
05/04/2026 06:43:00 AM INFO mip_v1 - print:   Machine 3: completion time = 156.00
05/04/2026 06:43:00 AM INFO mip_v1 - print:   Machine 4: completion time = 167.73
05/04/2026 06:43:00 AM INFO mip_v1 - print:   Delivery: 169.23 (Deadline: 172.00, Delay: 0.00)
05/04/2026 06:43:00 AM INFO mip_v1 - print: 
05/04/2026 06:43:00 AM INFO mip_v1 - print: Order 15 → Factory 8
05/04/2026 06:43:00 AM INFO mip_v1 - print:   Machine 1: completion time = 111.80
05/04/2026 06:43:00 AM INFO mip_v1 - print:   Machine 2: completion time = 120.28
05/04/2026 06:43:00 AM INFO mip_v1 - print:   Machine 3: completion time = 128.94
05/04/2026 06:43:00 AM INFO mip_v1 - print:   Machine 4: completion time = 141.03
05/04/2026 06:43:00 AM INFO mip_v1 - print:   Delivery: 141.23 (Deadline: 153.90, Delay: 0.00)
05/04/2026 06:43:00 AM INFO mip_v1 - print: 
05/04/2026 06:43:00 AM INFO mip_v1 - print: Order 16 → Factory 10
05/04/2026 06:43:00 AM INFO mip_v1 - print:   Machine 1: completion time = 63.94
05/04/2026 06:43:00 AM INFO mip_v1 - print:   Machine 2: completion time = 77.33
05/04/2026 06:43:00 AM INFO mip_v1 - print:   Machine 3: completion time = 91.53
05/04/2026 06:43:00 AM INFO mip_v1 - print:   Delivery: 95.43 (Deadline: 117.60, Delay: 0.00)
05/04/2026 06:43:00 AM INFO mip_v1 - print: 
05/04/2026 06:43:00 AM INFO mip_v1 - print: Order 17 → Factory 10
05/04/2026 06:43:00 AM INFO mip_v1 - print:   Machine 1: completion time = 119.87
05/04/2026 06:43:00 AM INFO mip_v1 - print:   Machine 2: completion time = 129.58
05/04/2026 06:43:00 AM INFO mip_v1 - print:   Machine 3: completion time = 140.14
05/04/2026 06:43:00 AM INFO mip_v1 - print:   Delivery: 144.24 (Deadline: 161.50, Delay: 0.00)
05/04/2026 06:43:00 AM INFO mip_v1 - print: 
05/04/2026 06:43:00 AM INFO mip_v1 - print: Order 18 → Factory 3
05/04/2026 06:43:00 AM INFO mip_v1 - print:   Machine 1: completion time = 129.12
05/04/2026 06:43:00 AM INFO mip_v1 - print:   Machine 2: completion time = 142.28
05/04/2026 06:43:00 AM INFO mip_v1 - print:   Machine 3: completion time = 154.01
05/04/2026 06:43:00 AM INFO mip_v1 - print:   Machine 4: completion time = 170.62
05/04/2026 06:43:00 AM INFO mip_v1 - print:   Delivery: 173.12 (Deadline: 181.50, Delay: 0.00)
05/04/2026 06:43:00 AM INFO mip_v1 - print: 
05/04/2026 06:43:00 AM INFO mip_v1 - print: Order 19 → Factory 4
05/04/2026 06:43:00 AM INFO mip_v1 - print:   Machine 1: completion time = 106.04
05/04/2026 06:43:00 AM INFO mip_v1 - print:   Machine 2: completion time = 115.79
05/04/2026 06:43:00 AM INFO mip_v1 - print:   Machine 3: completion time = 122.15
05/04/2026 06:43:00 AM INFO mip_v1 - print:   Machine 4: completion time = 129.41
05/04/2026 06:43:00 AM INFO mip_v1 - print:   Delivery: 131.11 (Deadline: 147.80, Delay: 0.00)
05/04/2026 06:43:00 AM INFO mip_v1 - print: 
05/04/2026 06:43:00 AM INFO mip_v1 - print: Order 20 → Factory 2
05/04/2026 06:43:00 AM INFO mip_v1 - print:   Machine 1: completion time = 11.16
05/04/2026 06:43:00 AM INFO mip_v1 - print:   Machine 2: completion time = 17.22
05/04/2026 06:43:00 AM INFO mip_v1 - print:   Machine 3: completion time = 23.68
05/04/2026 06:43:00 AM INFO mip_v1 - print:   Machine 4: completion time = 30.14
05/04/2026 06:43:00 AM INFO mip_v1 - print:   Machine 5: completion time = 37.18
05/04/2026 06:43:00 AM INFO mip_v1 - print:   Delivery: 45.38 (Deadline: 58.20, Delay: 0.00)
05/04/2026 06:43:00 AM INFO mip_v1 - print: 
05/04/2026 06:43:00 AM INFO mip_v1 - print: Order 21 → Factory 6
05/04/2026 06:43:00 AM INFO mip_v1 - print:   Machine 1: completion time = 20.57
05/04/2026 06:43:00 AM INFO mip_v1 - print:   Machine 2: completion time = 32.05
05/04/2026 06:43:00 AM INFO mip_v1 - print:   Machine 3: completion time = 50.10
05/04/2026 06:43:00 AM INFO mip_v1 - print:   Delivery: 52.20 (Deadline: 61.10, Delay: 0.00)
05/04/2026 06:43:00 AM INFO mip_v1 - print: 
05/04/2026 06:43:00 AM INFO mip_v1 - print: Order 22 → Factory 8
05/04/2026 06:43:00 AM INFO mip_v1 - print:   Machine 1: completion time = 122.96
05/04/2026 06:43:00 AM INFO mip_v1 - print:   Machine 2: completion time = 130.12
05/04/2026 06:43:00 AM INFO mip_v1 - print:   Machine 3: completion time = 137.43
05/04/2026 06:43:00 AM INFO mip_v1 - print:   Machine 4: completion time = 148.28
05/04/2026 06:43:00 AM INFO mip_v1 - print:   Delivery: 149.18 (Deadline: 165.90, Delay: 0.00)
05/04/2026 06:43:00 AM INFO mip_v1 - print: 
05/04/2026 06:43:00 AM INFO mip_v1 - print: Order 24 → Factory 6
05/04/2026 06:43:00 AM INFO mip_v1 - print:   Machine 1: completion time = 101.31
05/04/2026 06:43:00 AM INFO mip_v1 - print:   Machine 2: completion time = 116.52
05/04/2026 06:43:00 AM INFO mip_v1 - print:   Machine 3: completion time = 130.80
05/04/2026 06:43:00 AM INFO mip_v1 - print:   Delivery: 135.50 (Deadline: 136.80, Delay: 0.00)
05/04/2026 06:43:00 AM INFO mip_v1 - print: 
05/04/2026 06:43:00 AM INFO mip_v1 - print: Order 26 → Factory 4
05/04/2026 06:43:00 AM INFO mip_v1 - print:   Machine 1: completion time = 99.88
05/04/2026 06:43:00 AM INFO mip_v1 - print:   Machine 2: completion time = 109.86
05/04/2026 06:43:00 AM INFO mip_v1 - print:   Machine 3: completion time = 140.89
05/04/2026 06:43:00 AM INFO mip_v1 - print:   Machine 4: completion time = 154.40
05/04/2026 06:43:00 AM INFO mip_v1 - print:   Delivery: 157.70 (Deadline: 157.50, Delay: 0.20)
05/04/2026 06:43:00 AM INFO mip_v1 - print: 
05/04/2026 06:43:00 AM INFO mip_v1 - print: Order 27 → Factory 7
05/04/2026 06:43:00 AM INFO mip_v1 - print:   Machine 1: completion time = 60.20
05/04/2026 06:43:00 AM INFO mip_v1 - print:   Machine 2: completion time = 66.95
05/04/2026 06:43:00 AM INFO mip_v1 - print:   Machine 3: completion time = 74.84
05/04/2026 06:43:00 AM INFO mip_v1 - print:   Machine 4: completion time = 99.83
05/04/2026 06:43:00 AM INFO mip_v1 - print:   Machine 5: completion time = 107.50
05/04/2026 06:43:00 AM INFO mip_v1 - print:   Delivery: 112.80 (Deadline: 112.80, Delay: 0.00)
05/04/2026 06:43:00 AM INFO mip_v1 - print: 
05/04/2026 06:43:00 AM INFO mip_v1 - print: Order 28 → Factory 1
05/04/2026 06:43:00 AM INFO mip_v1 - print:   Machine 1: completion time = 20.25
05/04/2026 06:43:00 AM INFO mip_v1 - print:   Machine 2: completion time = 26.66
05/04/2026 06:43:00 AM INFO mip_v1 - print:   Machine 3: completion time = 33.33
05/04/2026 06:43:00 AM INFO mip_v1 - print:   Machine 4: completion time = 40.02
05/04/2026 06:43:00 AM INFO mip_v1 - print:   Machine 5: completion time = 46.86
05/04/2026 06:43:00 AM INFO mip_v1 - print:   Delivery: 52.36 (Deadline: 71.80, Delay: 0.00)
05/04/2026 06:43:00 AM INFO mip_v1 - print: 
05/04/2026 06:43:00 AM INFO mip_v1 - print: Order 29 → Factory 6
05/04/2026 06:43:00 AM INFO mip_v1 - print:   Machine 1: completion time = 9.28
05/04/2026 06:43:00 AM INFO mip_v1 - print:   Machine 2: completion time = 20.57
05/04/2026 06:43:00 AM INFO mip_v1 - print:   Machine 3: completion time = 32.05
05/04/2026 06:43:00 AM INFO mip_v1 - print:   Delivery: 38.75 (Deadline: 45.10, Delay: 0.00)
05/04/2026 06:43:00 AM INFO mip_v1 - print: 
05/04/2026 06:43:00 AM INFO mip_v1 - print: Order 30 → Factory 4
05/04/2026 06:43:00 AM INFO mip_v1 - print:   Machine 1: completion time = 89.70
05/04/2026 06:43:00 AM INFO mip_v1 - print:   Machine 2: completion time = 99.88
05/04/2026 06:43:00 AM INFO mip_v1 - print:   Machine 3: completion time = 109.86
05/04/2026 06:43:00 AM INFO mip_v1 - print:   Machine 4: completion time = 121.23
05/04/2026 06:43:00 AM INFO mip_v1 - print:   Delivery: 125.33 (Deadline: 132.70, Delay: 0.00)
05/04/2026 06:43:00 AM INFO mip_v1 - print: 
05/04/2026 06:43:00 AM INFO mip_v1 - print: Order 31 → Factory 9
05/04/2026 06:43:00 AM INFO mip_v1 - print:   Machine 1: completion time = 89.34
05/04/2026 06:43:00 AM INFO mip_v1 - print:   Machine 2: completion time = 96.06
05/04/2026 06:43:00 AM INFO mip_v1 - print:   Machine 3: completion time = 106.25
05/04/2026 06:43:00 AM INFO mip_v1 - print:   Machine 4: completion time = 114.06
05/04/2026 06:43:00 AM INFO mip_v1 - print:   Machine 5: completion time = 120.92
05/04/2026 06:43:00 AM INFO mip_v1 - print:   Delivery: 127.22 (Deadline: 147.20, Delay: 0.00)
05/04/2026 06:43:00 AM INFO mip_v1 - print: 
05/04/2026 06:43:00 AM INFO mip_v1 - print: Order 33 → Factory 6
05/04/2026 06:43:00 AM INFO mip_v1 - print:   Machine 1: completion time = 51.87
05/04/2026 06:43:00 AM INFO mip_v1 - print:   Machine 2: completion time = 67.88
05/04/2026 06:43:00 AM INFO mip_v1 - print:   Machine 3: completion time = 83.62
05/04/2026 06:43:00 AM INFO mip_v1 - print:   Delivery: 86.52 (Deadline: 93.40, Delay: 0.00)
05/04/2026 06:43:00 AM INFO mip_v1 - print: 
05/04/2026 06:43:00 AM INFO mip_v1 - print: Order 34 → Factory 9
05/04/2026 06:43:00 AM INFO mip_v1 - print:   Machine 1: completion time = 69.70
05/04/2026 06:43:00 AM INFO mip_v1 - print:   Machine 2: completion time = 78.23
05/04/2026 06:43:00 AM INFO mip_v1 - print:   Machine 3: completion time = 86.14
05/04/2026 06:43:00 AM INFO mip_v1 - print:   Machine 4: completion time = 95.36
05/04/2026 06:43:00 AM INFO mip_v1 - print:   Machine 5: completion time = 103.00
05/04/2026 06:43:00 AM INFO mip_v1 - print:   Delivery: 104.50 (Deadline: 104.50, Delay: 0.00)
05/04/2026 06:43:00 AM INFO mip_v1 - print: 
05/04/2026 06:43:00 AM INFO mip_v1 - print: Order 35 → Factory 5
05/04/2026 06:43:00 AM INFO mip_v1 - print:   Machine 1: completion time = 66.87
05/04/2026 06:43:00 AM INFO mip_v1 - print:   Machine 2: completion time = 78.19
05/04/2026 06:43:00 AM INFO mip_v1 - print:   Machine 3: completion time = 91.67
05/04/2026 06:43:00 AM INFO mip_v1 - print:   Delivery: 97.27 (Deadline: 119.10, Delay: 0.00)
05/04/2026 06:43:00 AM INFO mip_v1 - print: 
05/04/2026 06:43:00 AM INFO mip_v1 - print: Order 36 → Factory 3
05/04/2026 06:43:00 AM INFO mip_v1 - print:   Machine 1: completion time = 64.22
05/04/2026 06:43:00 AM INFO mip_v1 - print:   Machine 2: completion time = 80.55
05/04/2026 06:43:00 AM INFO mip_v1 - print:   Machine 3: completion time = 90.49
05/04/2026 06:43:00 AM INFO mip_v1 - print:   Machine 4: completion time = 107.10
05/04/2026 06:43:00 AM INFO mip_v1 - print:   Delivery: 111.20 (Deadline: 114.30, Delay: 0.00)
05/04/2026 06:43:00 AM INFO mip_v1 - print: 
05/04/2026 06:43:00 AM INFO mip_v1 - print: Order 37 → Factory 9
05/04/2026 06:43:00 AM INFO mip_v1 - print:   Machine 1: completion time = 112.01
05/04/2026 06:43:00 AM INFO mip_v1 - print:   Machine 2: completion time = 126.43
05/04/2026 06:43:00 AM INFO mip_v1 - print:   Machine 3: completion time = 136.61
05/04/2026 06:43:00 AM INFO mip_v1 - print:   Machine 4: completion time = 148.65
05/04/2026 06:43:00 AM INFO mip_v1 - print:   Machine 5: completion time = 158.69
05/04/2026 06:43:00 AM INFO mip_v1 - print:   Delivery: 163.69 (Deadline: 167.00, Delay: 0.00)
05/04/2026 06:43:00 AM INFO mip_v1 - print: 
05/04/2026 06:43:00 AM INFO mip_v1 - print: Order 38 → Factory 4
05/04/2026 06:43:00 AM INFO mip_v1 - print:   Machine 1: completion time = 63.03
05/04/2026 06:43:00 AM INFO mip_v1 - print:   Machine 2: completion time = 70.63
05/04/2026 06:43:00 AM INFO mip_v1 - print:   Machine 3: completion time = 78.28
05/04/2026 06:43:00 AM INFO mip_v1 - print:   Machine 4: completion time = 111.36
05/04/2026 06:43:00 AM INFO mip_v1 - print:   Delivery: 113.86 (Deadline: 114.40, Delay: 0.00)
05/04/2026 06:43:00 AM INFO mip_v1 - print: 
05/04/2026 06:43:00 AM INFO mip_v1 - print: Order 40 → Factory 4
05/04/2026 06:43:00 AM INFO mip_v1 - print:   Machine 1: completion time = 145.05
05/04/2026 06:43:00 AM INFO mip_v1 - print:   Machine 2: completion time = 156.64
05/04/2026 06:43:00 AM INFO mip_v1 - print:   Machine 3: completion time = 167.00
05/04/2026 06:43:00 AM INFO mip_v1 - print:   Machine 4: completion time = 177.20
05/04/2026 06:43:00 AM INFO mip_v1 - print:   Delivery: 182.20 (Deadline: 182.20, Delay: 0.00)
05/04/2026 06:43:00 AM INFO mip_v1 - print: 
05/04/2026 06:43:00 AM INFO mip_v1 - print: Order 41 → Factory 3
05/04/2026 06:43:00 AM INFO mip_v1 - print:   Machine 1: completion time = 15.26
05/04/2026 06:43:00 AM INFO mip_v1 - print:   Machine 2: completion time = 28.85
05/04/2026 06:43:00 AM INFO mip_v1 - print:   Machine 3: completion time = 40.33
05/04/2026 06:43:00 AM INFO mip_v1 - print:   Machine 4: completion time = 55.72
05/04/2026 06:43:00 AM INFO mip_v1 - print:   Delivery: 62.22 (Deadline: 75.40, Delay: 0.00)
05/04/2026 06:43:00 AM INFO mip_v1 - print: 
05/04/2026 06:43:00 AM INFO mip_v1 - print: Order 43 → Factory 10
05/04/2026 06:43:00 AM INFO mip_v1 - print:   Machine 1: completion time = 134.42
05/04/2026 06:43:00 AM INFO mip_v1 - print:   Machine 2: completion time = 144.85
05/04/2026 06:43:00 AM INFO mip_v1 - print:   Machine 3: completion time = 154.52
05/04/2026 06:43:00 AM INFO mip_v1 - print:   Delivery: 158.32 (Deadline: 160.10, Delay: 0.00)
05/04/2026 06:43:00 AM INFO mip_v1 - print: 
05/04/2026 06:43:00 AM INFO mip_v1 - print: Order 44 → Factory 3
05/04/2026 06:43:00 AM INFO mip_v1 - print:   Machine 1: completion time = 87.68
05/04/2026 06:43:00 AM INFO mip_v1 - print:   Machine 2: completion time = 97.78
05/04/2026 06:43:00 AM INFO mip_v1 - print:   Machine 3: completion time = 107.10
05/04/2026 06:43:00 AM INFO mip_v1 - print:   Machine 4: completion time = 117.70
05/04/2026 06:43:00 AM INFO mip_v1 - print:   Delivery: 122.70 (Deadline: 134.60, Delay: 0.00)
05/04/2026 06:43:00 AM INFO mip_v1 - print: 
05/04/2026 06:43:00 AM INFO mip_v1 - print: Order 45 → Factory 9
05/04/2026 06:43:00 AM INFO mip_v1 - print:   Machine 1: completion time = 57.91
05/04/2026 06:43:00 AM INFO mip_v1 - print:   Machine 2: completion time = 68.36
05/04/2026 06:43:00 AM INFO mip_v1 - print:   Machine 3: completion time = 76.39
05/04/2026 06:43:00 AM INFO mip_v1 - print:   Machine 4: completion time = 85.99
05/04/2026 06:43:00 AM INFO mip_v1 - print:   Machine 5: completion time = 94.10
05/04/2026 06:43:00 AM INFO mip_v1 - print:   Delivery: 96.70 (Deadline: 96.70, Delay: 0.00)
05/04/2026 06:43:00 AM INFO mip_v1 - print: 
05/04/2026 06:43:00 AM INFO mip_v1 - print: Order 48 → Factory 9
05/04/2026 06:43:00 AM INFO mip_v1 - print:   Machine 1: completion time = 101.97
05/04/2026 06:43:00 AM INFO mip_v1 - print:   Machine 2: completion time = 108.25
05/04/2026 06:43:00 AM INFO mip_v1 - print:   Machine 3: completion time = 114.06
05/04/2026 06:43:00 AM INFO mip_v1 - print:   Machine 4: completion time = 120.92
05/04/2026 06:43:00 AM INFO mip_v1 - print:   Machine 5: completion time = 142.70
05/04/2026 06:43:00 AM INFO mip_v1 - print:   Delivery: 144.30 (Deadline: 144.30, Delay: 0.00)
05/04/2026 06:43:00 AM INFO mip_v1 - print: 
05/04/2026 06:43:00 AM INFO mip_v1 - print: Order 49 → Factory 10
05/04/2026 06:43:00 AM INFO mip_v1 - print:   Machine 1: completion time = 151.81
05/04/2026 06:43:00 AM INFO mip_v1 - print:   Machine 2: completion time = 163.39
05/04/2026 06:43:00 AM INFO mip_v1 - print:   Machine 3: completion time = 172.57
05/04/2026 06:43:00 AM INFO mip_v1 - print:   Delivery: 175.97 (Deadline: 180.10, Delay: 0.00)
05/04/2026 06:43:00 AM INFO mip_v1 - print: 
05/04/2026 06:43:00 AM INFO mip_v1 - print: Order 51 → Factory 3
05/04/2026 06:43:00 AM INFO mip_v1 - print:   Machine 1: completion time = 43.10
05/04/2026 06:43:00 AM INFO mip_v1 - print:   Machine 2: completion time = 55.29
05/04/2026 06:43:00 AM INFO mip_v1 - print:   Machine 3: completion time = 65.51
05/04/2026 06:43:00 AM INFO mip_v1 - print:   Machine 4: completion time = 81.55
05/04/2026 06:43:00 AM INFO mip_v1 - print:   Delivery: 89.15 (Deadline: 106.20, Delay: 0.00)
05/04/2026 06:43:00 AM INFO mip_v1 - print: 
05/04/2026 06:43:00 AM INFO mip_v1 - print: Order 52 → Factory 10
05/04/2026 06:43:00 AM INFO mip_v1 - print:   Machine 1: completion time = 127.31
05/04/2026 06:43:00 AM INFO mip_v1 - print:   Machine 2: completion time = 137.65
05/04/2026 06:43:00 AM INFO mip_v1 - print:   Machine 3: completion time = 147.42
05/04/2026 06:43:00 AM INFO mip_v1 - print:   Delivery: 153.72 (Deadline: 155.30, Delay: 0.00)
05/04/2026 06:43:00 AM INFO mip_v1 - print: 
05/04/2026 06:43:00 AM INFO mip_v1 - print: Order 53 → Factory 10
05/04/2026 06:43:00 AM INFO mip_v1 - print:   Machine 1: completion time = 144.85
05/04/2026 06:43:00 AM INFO mip_v1 - print:   Machine 2: completion time = 155.10
05/04/2026 06:43:00 AM INFO mip_v1 - print:   Machine 3: completion time = 166.08
05/04/2026 06:43:00 AM INFO mip_v1 - print:   Delivery: 168.58 (Deadline: 171.40, Delay: 0.00)
05/04/2026 06:43:00 AM INFO mip_v1 - print: 
05/04/2026 06:43:00 AM INFO mip_v1 - print: Order 56 → Factory 2
05/04/2026 06:43:00 AM INFO mip_v1 - print:   Machine 1: completion time = 71.28
05/04/2026 06:43:00 AM INFO mip_v1 - print:   Machine 2: completion time = 79.59
05/04/2026 06:43:00 AM INFO mip_v1 - print:   Machine 3: completion time = 88.44
05/04/2026 06:43:00 AM INFO mip_v1 - print:   Machine 4: completion time = 96.42
05/04/2026 06:43:00 AM INFO mip_v1 - print:   Machine 5: completion time = 105.03
05/04/2026 06:43:00 AM INFO mip_v1 - print:   Delivery: 113.53 (Deadline: 121.90, Delay: 0.00)
05/04/2026 06:43:00 AM INFO mip_v1 - print: 
05/04/2026 06:43:00 AM INFO mip_v1 - print: Order 57 → Factory 9
05/04/2026 06:43:00 AM INFO mip_v1 - print:   Machine 1: completion time = 46.33
05/04/2026 06:43:00 AM INFO mip_v1 - print:   Machine 2: completion time = 52.88
05/04/2026 06:43:00 AM INFO mip_v1 - print:   Machine 3: completion time = 59.29
05/04/2026 06:43:00 AM INFO mip_v1 - print:   Machine 4: completion time = 66.49
05/04/2026 06:43:00 AM INFO mip_v1 - print:   Machine 5: completion time = 79.64
05/04/2026 06:43:00 AM INFO mip_v1 - print:   Delivery: 86.44 (Deadline: 86.80, Delay: 0.00)
05/04/2026 06:43:00 AM INFO mip_v1 - print: 
05/04/2026 06:43:00 AM INFO mip_v1 - print: Order 59 → Factory 8
05/04/2026 06:43:00 AM INFO mip_v1 - print:   Machine 1: completion time = 45.93
05/04/2026 06:43:00 AM INFO mip_v1 - print:   Machine 2: completion time = 55.24
05/04/2026 06:43:00 AM INFO mip_v1 - print:   Machine 3: completion time = 64.78
05/04/2026 06:43:00 AM INFO mip_v1 - print:   Machine 4: completion time = 74.99
05/04/2026 06:43:00 AM INFO mip_v1 - print:   Delivery: 79.09 (Deadline: 108.70, Delay: 0.00)
05/04/2026 06:43:00 AM INFO mip_v1 - print: 
05/04/2026 06:43:00 AM INFO mip_v1 - print: Order 60 → Factory 6
05/04/2026 06:43:00 AM INFO mip_v1 - print:   Machine 1: completion time = 114.33
05/04/2026 06:43:00 AM INFO mip_v1 - print:   Machine 2: completion time = 129.15
05/04/2026 06:43:00 AM INFO mip_v1 - print:   Machine 3: completion time = 144.44
05/04/2026 06:43:00 AM INFO mip_v1 - print:   Delivery: 146.84 (Deadline: 147.80, Delay: 0.00)
05/04/2026 06:43:00 AM INFO mip_v1 - print: 
05/04/2026 06:43:00 AM INFO mip_v1 - print: Order 61 → Factory 5
05/04/2026 06:43:00 AM INFO mip_v1 - print:   Machine 1: completion time = 76.23
05/04/2026 06:43:00 AM INFO mip_v1 - print:   Machine 2: completion time = 88.64
05/04/2026 06:43:00 AM INFO mip_v1 - print:   Machine 3: completion time = 102.88
05/04/2026 06:43:00 AM INFO mip_v1 - print:   Delivery: 103.38 (Deadline: 116.40, Delay: 0.00)
05/04/2026 06:43:00 AM INFO mip_v1 - print: 
05/04/2026 06:43:00 AM INFO mip_v1 - print: Order 62 → Factory 1
05/04/2026 06:43:00 AM INFO mip_v1 - print:   Machine 1: completion time = 125.30
05/04/2026 06:43:00 AM INFO mip_v1 - print:   Machine 2: completion time = 131.02
05/04/2026 06:43:00 AM INFO mip_v1 - print:   Machine 3: completion time = 136.84
05/04/2026 06:43:00 AM INFO mip_v1 - print:   Machine 4: completion time = 142.70
05/04/2026 06:43:00 AM INFO mip_v1 - print:   Machine 5: completion time = 148.71
05/04/2026 06:43:00 AM INFO mip_v1 - print:   Delivery: 149.21 (Deadline: 159.60, Delay: 0.00)
05/04/2026 06:43:00 AM INFO mip_v1 - print: 
05/04/2026 06:43:00 AM INFO mip_v1 - print: Order 63 → Factory 6
05/04/2026 06:43:00 AM INFO mip_v1 - print:   Machine 1: completion time = 34.26
05/04/2026 06:43:00 AM INFO mip_v1 - print:   Machine 2: completion time = 47.19
05/04/2026 06:43:00 AM INFO mip_v1 - print:   Machine 3: completion time = 62.45
05/04/2026 06:43:00 AM INFO mip_v1 - print:   Delivery: 65.55 (Deadline: 79.40, Delay: 0.00)
05/04/2026 06:43:00 AM INFO mip_v1 - print: 
05/04/2026 06:43:00 AM INFO mip_v1 - print: Order 64 → Factory 7
05/04/2026 06:43:00 AM INFO mip_v1 - print:   Machine 1: completion time = 36.93
05/04/2026 06:43:00 AM INFO mip_v1 - print:   Machine 2: completion time = 43.68
05/04/2026 06:43:00 AM INFO mip_v1 - print:   Machine 3: completion time = 52.65
05/04/2026 06:43:00 AM INFO mip_v1 - print:   Machine 4: completion time = 61.15
05/04/2026 06:43:00 AM INFO mip_v1 - print:   Machine 5: completion time = 66.88
05/04/2026 06:43:00 AM INFO mip_v1 - print:   Delivery: 72.48 (Deadline: 87.80, Delay: 0.00)
05/04/2026 06:43:00 AM INFO mip_v1 - print: 
05/04/2026 06:43:00 AM INFO mip_v1 - print: Order 65 → Factory 3
05/04/2026 06:43:00 AM INFO mip_v1 - print:   Machine 1: completion time = 116.62
05/04/2026 06:43:00 AM INFO mip_v1 - print:   Machine 2: completion time = 129.12
05/04/2026 06:43:00 AM INFO mip_v1 - print:   Machine 3: completion time = 139.50
05/04/2026 06:43:00 AM INFO mip_v1 - print:   Machine 4: completion time = 150.79
05/04/2026 06:43:00 AM INFO mip_v1 - print:   Delivery: 153.39 (Deadline: 159.70, Delay: 0.00)
05/04/2026 06:43:00 AM INFO mip_v1 - print: 
05/04/2026 06:43:00 AM INFO mip_v1 - print: Order 66 → Factory 10
05/04/2026 06:43:00 AM INFO mip_v1 - print:   Machine 1: completion time = 85.17
05/04/2026 06:43:00 AM INFO mip_v1 - print:   Machine 2: completion time = 98.85
05/04/2026 06:43:00 AM INFO mip_v1 - print:   Machine 3: completion time = 113.13
05/04/2026 06:43:00 AM INFO mip_v1 - print:   Delivery: 117.63 (Deadline: 127.60, Delay: 0.00)
05/04/2026 06:43:00 AM INFO mip_v1 - print: 
05/04/2026 06:43:00 AM INFO mip_v1 - print: Order 67 → Factory 3
05/04/2026 06:43:00 AM INFO mip_v1 - print:   Machine 1: completion time = 53.81
05/04/2026 06:43:00 AM INFO mip_v1 - print:   Machine 2: completion time = 65.57
05/04/2026 06:43:00 AM INFO mip_v1 - print:   Machine 3: completion time = 74.34
05/04/2026 06:43:00 AM INFO mip_v1 - print:   Machine 4: completion time = 91.75
05/04/2026 06:43:00 AM INFO mip_v1 - print:   Delivery: 94.95 (Deadline: 104.40, Delay: 0.00)
05/04/2026 06:43:00 AM INFO mip_v1 - print: 
05/04/2026 06:43:00 AM INFO mip_v1 - print: Order 68 → Factory 10
05/04/2026 06:43:00 AM INFO mip_v1 - print:   Machine 1: completion time = 33.48
05/04/2026 06:43:00 AM INFO mip_v1 - print:   Machine 2: completion time = 45.59
05/04/2026 06:43:00 AM INFO mip_v1 - print:   Machine 3: completion time = 60.47
05/04/2026 06:43:00 AM INFO mip_v1 - print:   Delivery: 63.07 (Deadline: 68.40, Delay: 0.00)
05/04/2026 06:43:00 AM INFO mip_v1 - print: 
05/04/2026 06:43:00 AM INFO mip_v1 - print: Order 69 → Factory 9
05/04/2026 06:43:00 AM INFO mip_v1 - print:   Machine 1: completion time = 7.37
05/04/2026 06:43:00 AM INFO mip_v1 - print:   Machine 2: completion time = 13.18
05/04/2026 06:43:00 AM INFO mip_v1 - print:   Machine 3: completion time = 18.83
05/04/2026 06:43:00 AM INFO mip_v1 - print:   Machine 4: completion time = 30.42
05/04/2026 06:43:00 AM INFO mip_v1 - print:   Machine 5: completion time = 36.04
05/04/2026 06:43:00 AM INFO mip_v1 - print:   Delivery: 42.64 (Deadline: 50.10, Delay: 0.00)
05/04/2026 06:43:00 AM INFO mip_v1 - print: 
05/04/2026 06:43:00 AM INFO mip_v1 - print: Order 70 → Factory 6
05/04/2026 06:43:00 AM INFO mip_v1 - print:   Machine 1: completion time = 123.94
05/04/2026 06:43:00 AM INFO mip_v1 - print:   Machine 2: completion time = 138.41
05/04/2026 06:43:00 AM INFO mip_v1 - print:   Machine 3: completion time = 153.19
05/04/2026 06:43:00 AM INFO mip_v1 - print:   Delivery: 154.69 (Deadline: 156.20, Delay: 0.00)
05/04/2026 06:43:00 AM INFO mip_v1 - print: 
05/04/2026 06:43:00 AM INFO mip_v1 - print: Order 71 → Factory 4
05/04/2026 06:43:00 AM INFO mip_v1 - print:   Machine 1: completion time = 112.85
05/04/2026 06:43:00 AM INFO mip_v1 - print:   Machine 2: completion time = 122.48
05/04/2026 06:43:00 AM INFO mip_v1 - print:   Machine 3: completion time = 129.51
05/04/2026 06:43:00 AM INFO mip_v1 - print:   Machine 4: completion time = 138.08
05/04/2026 06:43:00 AM INFO mip_v1 - print:   Delivery: 142.98 (Deadline: 155.20, Delay: 0.00)
05/04/2026 06:43:00 AM INFO mip_v1 - print: 
05/04/2026 06:43:00 AM INFO mip_v1 - print: Order 72 → Factory 10
05/04/2026 06:43:00 AM INFO mip_v1 - print:   Machine 1: completion time = 71.26
05/04/2026 06:43:00 AM INFO mip_v1 - print:   Machine 2: completion time = 85.17
05/04/2026 06:43:00 AM INFO mip_v1 - print:   Machine 3: completion time = 98.85
05/04/2026 06:43:00 AM INFO mip_v1 - print:   Delivery: 105.75 (Deadline: 114.80, Delay: 0.00)
05/04/2026 06:43:00 AM INFO mip_v1 - print: 
05/04/2026 06:43:00 AM INFO mip_v1 - print: Order 73 → Factory 5
05/04/2026 06:43:00 AM INFO mip_v1 - print:   Machine 1: completion time = 44.92
05/04/2026 06:43:00 AM INFO mip_v1 - print:   Machine 2: completion time = 57.09
05/04/2026 06:43:00 AM INFO mip_v1 - print:   Machine 3: completion time = 68.24
05/04/2026 06:43:00 AM INFO mip_v1 - print:   Delivery: 72.74 (Deadline: 82.70, Delay: 0.00)
05/04/2026 06:43:00 AM INFO mip_v1 - print: 
05/04/2026 06:43:00 AM INFO mip_v1 - print: Order 74 → Factory 7
05/04/2026 06:43:00 AM INFO mip_v1 - print:   Machine 1: completion time = 67.45
05/04/2026 06:43:00 AM INFO mip_v1 - print:   Machine 2: completion time = 74.17
05/04/2026 06:43:00 AM INFO mip_v1 - print:   Machine 3: completion time = 83.21
05/04/2026 06:43:00 AM INFO mip_v1 - print:   Machine 4: completion time = 91.62
05/04/2026 06:43:00 AM INFO mip_v1 - print:   Machine 5: completion time = 100.67
05/04/2026 06:43:00 AM INFO mip_v1 - print:   Delivery: 103.97 (Deadline: 115.00, Delay: 0.00)
05/04/2026 06:43:00 AM INFO mip_v1 - print: 
05/04/2026 06:43:00 AM INFO mip_v1 - print: Order 75 → Factory 9
05/04/2026 06:43:00 AM INFO mip_v1 - print:   Machine 1: completion time = 30.13
05/04/2026 06:43:00 AM INFO mip_v1 - print:   Machine 2: completion time = 38.66
05/04/2026 06:43:00 AM INFO mip_v1 - print:   Machine 3: completion time = 46.33
05/04/2026 06:43:00 AM INFO mip_v1 - print:   Machine 4: completion time = 58.90
05/04/2026 06:43:00 AM INFO mip_v1 - print:   Machine 5: completion time = 63.40
05/04/2026 06:43:00 AM INFO mip_v1 - print:   Delivery: 66.30 (Deadline: 66.30, Delay: 0.00)
05/04/2026 06:43:00 AM INFO mip_v1 - print: 
05/04/2026 06:43:00 AM INFO mip_v1 - print: Order 76 → Factory 8
05/04/2026 06:43:00 AM INFO mip_v1 - print:   Machine 1: completion time = 9.95
05/04/2026 06:43:00 AM INFO mip_v1 - print:   Machine 2: completion time = 17.65
05/04/2026 06:43:00 AM INFO mip_v1 - print:   Machine 3: completion time = 25.18
05/04/2026 06:43:00 AM INFO mip_v1 - print:   Machine 4: completion time = 33.35
05/04/2026 06:43:00 AM INFO mip_v1 - print:   Delivery: 35.85 (Deadline: 55.90, Delay: 0.00)
05/04/2026 06:43:00 AM INFO mip_v1 - print: 
05/04/2026 06:43:00 AM INFO mip_v1 - print: Order 77 → Factory 5
05/04/2026 06:43:00 AM INFO mip_v1 - print:   Machine 1: completion time = 137.84
05/04/2026 06:43:00 AM INFO mip_v1 - print:   Machine 2: completion time = 150.31
05/04/2026 06:43:00 AM INFO mip_v1 - print:   Machine 3: completion time = 163.50
05/04/2026 06:43:00 AM INFO mip_v1 - print:   Delivery: 164.30 (Deadline: 166.10, Delay: 0.00)
05/04/2026 06:43:00 AM INFO mip_v1 - print: 
05/04/2026 06:43:00 AM INFO mip_v1 - print: Order 78 → Factory 9
05/04/2026 06:43:00 AM INFO mip_v1 - print:   Machine 1: completion time = 25.14
05/04/2026 06:43:00 AM INFO mip_v1 - print:   Machine 2: completion time = 32.14
05/04/2026 06:43:00 AM INFO mip_v1 - print:   Machine 3: completion time = 39.14
05/04/2026 06:43:00 AM INFO mip_v1 - print:   Machine 4: completion time = 51.44
05/04/2026 06:43:00 AM INFO mip_v1 - print:   Machine 5: completion time = 57.78
05/04/2026 06:43:00 AM INFO mip_v1 - print:   Delivery: 60.08 (Deadline: 60.40, Delay: 0.00)
05/04/2026 06:43:00 AM INFO mip_v1 - print: 
05/04/2026 06:43:00 AM INFO mip_v1 - print: Order 79 → Factory 7
05/04/2026 06:43:00 AM INFO mip_v1 - print:   Machine 1: completion time = 95.33
05/04/2026 06:43:00 AM INFO mip_v1 - print:   Machine 2: completion time = 106.55
05/04/2026 06:43:00 AM INFO mip_v1 - print:   Machine 3: completion time = 114.06
05/04/2026 06:43:00 AM INFO mip_v1 - print:   Machine 4: completion time = 125.29
05/04/2026 06:43:00 AM INFO mip_v1 - print:   Machine 5: completion time = 135.90
05/04/2026 06:43:00 AM INFO mip_v1 - print:   Delivery: 139.50 (Deadline: 146.90, Delay: 0.00)
05/04/2026 06:43:00 AM INFO mip_v1 - print: 
05/04/2026 06:43:00 AM INFO mip_v1 - print: Order 81 → Factory 5
05/04/2026 06:43:00 AM INFO mip_v1 - print:   Machine 1: completion time = 127.07
05/04/2026 06:43:00 AM INFO mip_v1 - print:   Machine 2: completion time = 136.96
05/04/2026 06:43:00 AM INFO mip_v1 - print:   Machine 3: completion time = 150.31
05/04/2026 06:43:00 AM INFO mip_v1 - print:   Delivery: 151.81 (Deadline: 154.80, Delay: 0.00)
05/04/2026 06:43:00 AM INFO mip_v1 - print: 
05/04/2026 06:43:00 AM INFO mip_v1 - print: Order 82 → Factory 6
05/04/2026 06:43:00 AM INFO mip_v1 - print:   Machine 1: completion time = 90.29
05/04/2026 06:43:00 AM INFO mip_v1 - print:   Machine 2: completion time = 105.44
05/04/2026 06:43:00 AM INFO mip_v1 - print:   Machine 3: completion time = 120.18
05/04/2026 06:43:00 AM INFO mip_v1 - print:   Delivery: 123.08 (Deadline: 136.00, Delay: 0.00)
05/04/2026 06:43:00 AM INFO mip_v1 - print: 
05/04/2026 06:43:00 AM INFO mip_v1 - print: Order 83 → Factory 8
05/04/2026 06:43:00 AM INFO mip_v1 - print:   Machine 1: completion time = 64.10
05/04/2026 06:43:00 AM INFO mip_v1 - print:   Machine 2: completion time = 79.19
05/04/2026 06:43:00 AM INFO mip_v1 - print:   Machine 3: completion time = 93.67
05/04/2026 06:43:00 AM INFO mip_v1 - print:   Machine 4: completion time = 108.46
05/04/2026 06:43:00 AM INFO mip_v1 - print:   Delivery: 110.96 (Deadline: 114.30, Delay: 0.00)
05/04/2026 06:43:00 AM INFO mip_v1 - print: 
05/04/2026 06:43:00 AM INFO mip_v1 - print: Order 84 → Factory 10
05/04/2026 06:43:00 AM INFO mip_v1 - print:   Machine 1: completion time = 106.67
05/04/2026 06:43:00 AM INFO mip_v1 - print:   Machine 2: completion time = 116.48
05/04/2026 06:43:00 AM INFO mip_v1 - print:   Machine 3: completion time = 130.65
05/04/2026 06:43:00 AM INFO mip_v1 - print:   Delivery: 137.55 (Deadline: 159.70, Delay: 0.00)
05/04/2026 06:43:00 AM INFO mip_v1 - print: 
05/04/2026 06:43:00 AM INFO mip_v1 - print: Order 87 → Factory 9
05/04/2026 06:43:00 AM INFO mip_v1 - print:   Machine 1: completion time = 13.41
05/04/2026 06:43:00 AM INFO mip_v1 - print:   Machine 2: completion time = 19.51
05/04/2026 06:43:00 AM INFO mip_v1 - print:   Machine 3: completion time = 25.24
05/04/2026 06:43:00 AM INFO mip_v1 - print:   Machine 4: completion time = 43.57
05/04/2026 06:43:00 AM INFO mip_v1 - print:   Machine 5: completion time = 49.35
05/04/2026 06:43:00 AM INFO mip_v1 - print:   Delivery: 53.05 (Deadline: 62.40, Delay: 0.00)
05/04/2026 06:43:00 AM INFO mip_v1 - print: 
05/04/2026 06:43:00 AM INFO mip_v1 - print: Order 90 → Factory 6
05/04/2026 06:43:00 AM INFO mip_v1 - print:   Machine 1: completion time = 43.28
05/04/2026 06:43:00 AM INFO mip_v1 - print:   Machine 2: completion time = 56.61
05/04/2026 06:43:00 AM INFO mip_v1 - print:   Machine 3: completion time = 70.91
05/04/2026 06:43:00 AM INFO mip_v1 - print:   Delivery: 75.71 (Deadline: 90.20, Delay: 0.00)
05/04/2026 06:43:00 AM INFO mip_v1 - print: 
05/04/2026 06:43:00 AM INFO mip_v1 - print: Order 91 → Factory 7
05/04/2026 06:43:00 AM INFO mip_v1 - print:   Machine 1: completion time = 50.66
05/04/2026 06:43:00 AM INFO mip_v1 - print:   Machine 2: completion time = 58.32
05/04/2026 06:43:00 AM INFO mip_v1 - print:   Machine 3: completion time = 66.95
05/04/2026 06:43:00 AM INFO mip_v1 - print:   Machine 4: completion time = 76.56
05/04/2026 06:43:00 AM INFO mip_v1 - print:   Machine 5: completion time = 84.77
05/04/2026 06:43:00 AM INFO mip_v1 - print:   Delivery: 88.07 (Deadline: 92.40, Delay: 0.00)
05/04/2026 06:43:00 AM INFO mip_v1 - print: 
05/04/2026 06:43:00 AM INFO mip_v1 - print: Order 93 → Factory 9
05/04/2026 06:43:00 AM INFO mip_v1 - print:   Machine 1: completion time = 123.74
05/04/2026 06:43:00 AM INFO mip_v1 - print:   Machine 2: completion time = 134.84
05/04/2026 06:43:00 AM INFO mip_v1 - print:   Machine 3: completion time = 146.35
05/04/2026 06:43:00 AM INFO mip_v1 - print:   Machine 4: completion time = 158.69
05/04/2026 06:43:00 AM INFO mip_v1 - print:   Machine 5: completion time = 166.40
05/04/2026 06:43:00 AM INFO mip_v1 - print:   Delivery: 168.60 (Deadline: 168.60, Delay: 0.00)
05/04/2026 06:43:00 AM INFO mip_v1 - print: 
05/04/2026 06:43:00 AM INFO mip_v1 - print: Order 94 → Factory 9
05/04/2026 06:43:00 AM INFO mip_v1 - print:   Machine 1: completion time = 38.66
05/04/2026 06:43:00 AM INFO mip_v1 - print:   Machine 2: completion time = 46.33
05/04/2026 06:43:00 AM INFO mip_v1 - print:   Machine 3: completion time = 53.16
05/04/2026 06:43:00 AM INFO mip_v1 - print:   Machine 4: completion time = 74.56
05/04/2026 06:43:00 AM INFO mip_v1 - print:   Machine 5: completion time = 86.68
05/04/2026 06:43:00 AM INFO mip_v1 - print:   Delivery: 89.48 (Deadline: 91.00, Delay: 0.00)
05/04/2026 06:43:00 AM INFO mip_v1 - print: 
05/04/2026 06:43:00 AM INFO mip_v1 - print: Order 95 → Factory 10
05/04/2026 06:43:00 AM INFO mip_v1 - print:   Machine 1: completion time = 93.01
05/04/2026 06:43:00 AM INFO mip_v1 - print:   Machine 2: completion time = 106.67
05/04/2026 06:43:00 AM INFO mip_v1 - print:   Machine 3: completion time = 120.92
05/04/2026 06:43:00 AM INFO mip_v1 - print:   Delivery: 123.22 (Deadline: 124.20, Delay: 0.00)
05/04/2026 06:43:00 AM INFO mip_v1 - print: 
05/04/2026 06:43:00 AM INFO mip_v1 - print: Order 96 → Factory 6
05/04/2026 06:43:00 AM INFO mip_v1 - print:   Machine 1: completion time = 136.05
05/04/2026 06:43:00 AM INFO mip_v1 - print:   Machine 2: completion time = 150.62
05/04/2026 06:43:00 AM INFO mip_v1 - print:   Machine 3: completion time = 164.88
05/04/2026 06:43:00 AM INFO mip_v1 - print:   Delivery: 173.48 (Deadline: 181.80, Delay: 0.00)
05/04/2026 06:43:00 AM INFO mip_v1 - print: 
05/04/2026 06:43:00 AM INFO mip_v1 - print: Order 97 → Factory 6
05/04/2026 06:43:00 AM INFO mip_v1 - print:   Machine 1: completion time = 79.00
05/04/2026 06:43:00 AM INFO mip_v1 - print:   Machine 2: completion time = 94.70
05/04/2026 06:43:00 AM INFO mip_v1 - print:   Machine 3: completion time = 109.43
05/04/2026 06:43:00 AM INFO mip_v1 - print:   Delivery: 110.23 (Deadline: 124.20, Delay: 0.00)
05/04/2026 06:43:00 AM INFO mip_v1 - print: 
05/04/2026 06:43:00 AM INFO mip_v1 - print: Order 98 → Factory 6
05/04/2026 06:43:00 AM INFO mip_v1 - print:   Machine 1: completion time = 67.88
05/04/2026 06:43:00 AM INFO mip_v1 - print:   Machine 2: completion time = 83.62
05/04/2026 06:43:00 AM INFO mip_v1 - print:   Machine 3: completion time = 98.76
05/04/2026 06:43:00 AM INFO mip_v1 - print:   Delivery: 101.46 (Deadline: 126.30, Delay: 0.00)
05/04/2026 06:43:00 AM INFO mip_v1 - print: 
05/04/2026 06:43:00 AM INFO mip_v1 - print: Order 101 → Factory 5
05/04/2026 06:43:00 AM INFO mip_v1 - print:   Machine 1: completion time = 109.87
05/04/2026 06:43:00 AM INFO mip_v1 - print:   Machine 2: completion time = 127.07
05/04/2026 06:43:00 AM INFO mip_v1 - print:   Machine 3: completion time = 139.73
05/04/2026 06:43:00 AM INFO mip_v1 - print:   Delivery: 143.43 (Deadline: 145.20, Delay: 0.00)
05/04/2026 06:43:00 AM INFO mip_v1 - print: 
05/04/2026 06:43:00 AM INFO mip_v1 - print: Order 103 → Factory 4
05/04/2026 06:43:00 AM INFO mip_v1 - print:   Machine 1: completion time = 44.12
05/04/2026 06:43:00 AM INFO mip_v1 - print:   Machine 2: completion time = 53.00
05/04/2026 06:43:00 AM INFO mip_v1 - print:   Machine 3: completion time = 62.58
05/04/2026 06:43:00 AM INFO mip_v1 - print:   Machine 4: completion time = 73.73
05/04/2026 06:43:00 AM INFO mip_v1 - print:   Delivery: 81.83 (Deadline: 94.80, Delay: 0.00)
05/04/2026 06:43:00 AM INFO mip_v1 - print: 
05/04/2026 06:43:00 AM INFO mip_v1 - print: Order 104 → Factory 8
05/04/2026 06:43:00 AM INFO mip_v1 - print:   Machine 1: completion time = 79.19
05/04/2026 06:43:00 AM INFO mip_v1 - print:   Machine 2: completion time = 93.67
05/04/2026 06:43:00 AM INFO mip_v1 - print:   Machine 3: completion time = 108.46
05/04/2026 06:43:00 AM INFO mip_v1 - print:   Machine 4: completion time = 124.40
05/04/2026 06:43:00 AM INFO mip_v1 - print:   Delivery: 127.00 (Deadline: 127.00, Delay: 0.00)
05/04/2026 06:43:00 AM INFO mip_v1 - print: 
05/04/2026 06:43:00 AM INFO mip_v1 - print: Order 105 → Factory 10
05/04/2026 06:43:00 AM INFO mip_v1 - print:   Machine 1: completion time = 48.14
05/04/2026 06:43:00 AM INFO mip_v1 - print:   Machine 2: completion time = 60.47
05/04/2026 06:43:00 AM INFO mip_v1 - print:   Machine 3: completion time = 66.57
05/04/2026 06:43:00 AM INFO mip_v1 - print:   Delivery: 70.77 (Deadline: 91.80, Delay: 0.00)
05/04/2026 06:43:00 AM INFO mip_v1 - print: 
05/04/2026 06:43:00 AM INFO mip_v1 - print: Order 106 → Factory 9
05/04/2026 06:43:00 AM INFO mip_v1 - print:   Machine 1: completion time = 18.65
05/04/2026 06:43:00 AM INFO mip_v1 - print:   Machine 2: completion time = 24.81
05/04/2026 06:43:00 AM INFO mip_v1 - print:   Machine 3: completion time = 30.42
05/04/2026 06:43:00 AM INFO mip_v1 - print:   Machine 4: completion time = 36.33
05/04/2026 06:43:00 AM INFO mip_v1 - print:   Machine 5: completion time = 41.33
05/04/2026 06:43:00 AM INFO mip_v1 - print:   Delivery: 45.43 (Deadline: 52.90, Delay: 0.00)
05/04/2026 06:43:00 AM INFO mip_v1 - print: 
05/04/2026 06:43:00 AM INFO mip_v1 - print: Order 107 → Factory 4
05/04/2026 06:43:00 AM INFO mip_v1 - print:   Machine 1: completion time = 14.06
05/04/2026 06:43:00 AM INFO mip_v1 - print:   Machine 2: completion time = 22.36
05/04/2026 06:43:00 AM INFO mip_v1 - print:   Machine 3: completion time = 31.66
05/04/2026 06:43:00 AM INFO mip_v1 - print:   Machine 4: completion time = 42.23
05/04/2026 06:43:00 AM INFO mip_v1 - print:   Delivery: 45.73 (Deadline: 63.40, Delay: 0.00)
05/04/2026 06:43:00 AM INFO mip_v1 - print: 
05/04/2026 06:43:00 AM INFO mip_v1 - print: Order 108 → Factory 9
05/04/2026 06:43:00 AM INFO mip_v1 - print:   Machine 1: completion time = 82.88
05/04/2026 06:43:00 AM INFO mip_v1 - print:   Machine 2: completion time = 89.34
05/04/2026 06:43:00 AM INFO mip_v1 - print:   Machine 3: completion time = 95.98
05/04/2026 06:43:00 AM INFO mip_v1 - print:   Machine 4: completion time = 102.61
05/04/2026 06:43:00 AM INFO mip_v1 - print:   Machine 5: completion time = 114.63
05/04/2026 06:43:00 AM INFO mip_v1 - print:   Delivery: 115.53 (Deadline: 126.50, Delay: 0.00)
05/04/2026 06:43:00 AM INFO mip_v1 - print: 
05/04/2026 06:43:00 AM INFO mip_v1 - print: Order 109 → Factory 6
05/04/2026 06:43:00 AM INFO mip_v1 - print:   Machine 1: completion time = 150.62
05/04/2026 06:43:00 AM INFO mip_v1 - print:   Machine 2: completion time = 164.88
05/04/2026 06:43:00 AM INFO mip_v1 - print:   Machine 3: completion time = 178.40
05/04/2026 06:43:00 AM INFO mip_v1 - print:   Delivery: 182.40 (Deadline: 180.80, Delay: 1.60)
05/04/2026 06:43:00 AM INFO mip_v1 - print: 
05/04/2026 06:43:00 AM INFO mip_v1 - print: Order 110 → Factory 10
05/04/2026 06:43:00 AM INFO mip_v1 - print:   Machine 1: completion time = 160.76
05/04/2026 06:43:00 AM INFO mip_v1 - print:   Machine 2: completion time = 172.57
05/04/2026 06:43:00 AM INFO mip_v1 - print:   Machine 3: completion time = 181.30
05/04/2026 06:43:00 AM INFO mip_v1 - print:   Delivery: 184.60 (Deadline: 184.60, Delay: 0.00)
05/04/2026 06:43:00 AM INFO mip_v1 - print: 
05/04/2026 06:43:00 AM INFO mip_v1 - print: Order 111 → Factory 3
05/04/2026 06:43:00 AM INFO mip_v1 - print:   Machine 1: completion time = 96.20
05/04/2026 06:43:00 AM INFO mip_v1 - print:   Machine 2: completion time = 107.03
05/04/2026 06:43:00 AM INFO mip_v1 - print:   Machine 3: completion time = 117.70
05/04/2026 06:43:00 AM INFO mip_v1 - print:   Machine 4: completion time = 127.30
05/04/2026 06:43:00 AM INFO mip_v1 - print:   Delivery: 132.40 (Deadline: 132.40, Delay: 0.00)
05/04/2026 06:43:00 AM INFO mip_v1 - print: 
05/04/2026 06:43:00 AM INFO mip_v1 - print: Order 112 → Factory 7
05/04/2026 06:43:00 AM INFO mip_v1 - print:   Machine 1: completion time = 75.62
05/04/2026 06:43:00 AM INFO mip_v1 - print:   Machine 2: completion time = 90.21
05/04/2026 06:43:00 AM INFO mip_v1 - print:   Machine 3: completion time = 106.55
05/04/2026 06:43:00 AM INFO mip_v1 - print:   Machine 4: completion time = 116.36
05/04/2026 06:43:00 AM INFO mip_v1 - print:   Machine 5: completion time = 128.30
05/04/2026 06:43:00 AM INFO mip_v1 - print:   Delivery: 132.30 (Deadline: 132.30, Delay: 0.00)
05/04/2026 06:43:00 AM INFO mip_v1 - print: 
05/04/2026 06:43:00 AM INFO mip_v1 - print: Order 114 → Factory 8
05/04/2026 06:43:00 AM INFO mip_v1 - print:   Machine 1: completion time = 131.85
05/04/2026 06:43:00 AM INFO mip_v1 - print:   Machine 2: completion time = 142.21
05/04/2026 06:43:00 AM INFO mip_v1 - print:   Machine 3: completion time = 152.24
05/04/2026 06:43:00 AM INFO mip_v1 - print:   Machine 4: completion time = 185.10
05/04/2026 06:43:00 AM INFO mip_v1 - print:   Delivery: 185.70 (Deadline: 185.70, Delay: 0.00)
05/04/2026 06:43:00 AM INFO mip_v1 - print: 
05/04/2026 06:43:00 AM INFO mip_v1 - print: Order 115 → Factory 10
05/04/2026 06:43:00 AM INFO mip_v1 - print:   Machine 1: completion time = 54.89
05/04/2026 06:43:00 AM INFO mip_v1 - print:   Machine 2: completion time = 68.24
05/04/2026 06:43:00 AM INFO mip_v1 - print:   Machine 3: completion time = 82.36
05/04/2026 06:43:00 AM INFO mip_v1 - print:   Delivery: 87.86 (Deadline: 88.70, Delay: 0.00)
05/04/2026 06:43:00 AM INFO mip_v1 - print: 
05/04/2026 06:43:00 AM INFO mip_v1 - print: Order 116 → Factory 3
05/04/2026 06:43:00 AM INFO mip_v1 - print:   Machine 1: completion time = 27.18
05/04/2026 06:43:00 AM INFO mip_v1 - print:   Machine 2: completion time = 40.85
05/04/2026 06:43:00 AM INFO mip_v1 - print:   Machine 3: completion time = 51.47
05/04/2026 06:43:00 AM INFO mip_v1 - print:   Machine 4: completion time = 69.10
05/04/2026 06:43:00 AM INFO mip_v1 - print:   Delivery: 74.80 (Deadline: 78.50, Delay: 0.00)
05/04/2026 06:43:00 AM INFO mip_v1 - print: 
05/04/2026 06:43:00 AM INFO mip_v1 - print: Order 117 → Factory 5
05/04/2026 06:43:00 AM INFO mip_v1 - print:   Machine 1: completion time = 99.98
05/04/2026 06:43:00 AM INFO mip_v1 - print:   Machine 2: completion time = 113.95
05/04/2026 06:43:00 AM INFO mip_v1 - print:   Machine 3: completion time = 127.80
05/04/2026 06:43:00 AM INFO mip_v1 - print:   Delivery: 134.10 (Deadline: 145.30, Delay: 0.00)
05/04/2026 06:43:00 AM INFO mip_v1 - print: 
05/04/2026 06:43:00 AM INFO mip_v1 - print: Order 118 → Factory 8
05/04/2026 06:43:00 AM INFO mip_v1 - print:   Machine 1: completion time = 35.11
05/04/2026 06:43:00 AM INFO mip_v1 - print:   Machine 2: completion time = 66.10
05/04/2026 06:43:00 AM INFO mip_v1 - print:   Machine 3: completion time = 76.36
05/04/2026 06:43:00 AM INFO mip_v1 - print:   Machine 4: completion time = 87.88
05/04/2026 06:43:00 AM INFO mip_v1 - print:   Delivery: 92.28 (Deadline: 98.80, Delay: 0.00)
05/04/2026 06:43:00 AM INFO mip_v1 - print: 
05/04/2026 06:43:00 AM INFO mip_v1 - print: Order 119 → Factory 5
05/04/2026 06:43:00 AM INFO mip_v1 - print:   Machine 1: completion time = 150.69
05/04/2026 06:43:00 AM INFO mip_v1 - print:   Machine 2: completion time = 163.50
05/04/2026 06:43:00 AM INFO mip_v1 - print:   Machine 3: completion time = 177.20
05/04/2026 06:43:00 AM INFO mip_v1 - print:   Delivery: 182.30 (Deadline: 182.30, Delay: 0.00)
05/04/2026 06:43:00 AM INFO mip_v1 - print: 
05/04/2026 06:43:00 AM INFO mip_v1 - print: Order 120 → Factory 4
05/04/2026 06:43:00 AM INFO mip_v1 - print:   Machine 1: completion time = 24.28
05/04/2026 06:43:00 AM INFO mip_v1 - print:   Machine 2: completion time = 31.66
05/04/2026 06:43:00 AM INFO mip_v1 - print:   Machine 3: completion time = 37.04
05/04/2026 06:43:00 AM INFO mip_v1 - print:   Machine 4: completion time = 48.54
05/04/2026 06:43:00 AM INFO mip_v1 - print:   Delivery: 52.84 (Deadline: 60.80, Delay: 0.00)
05/04/2026 06:43:00 AM INFO mip_v1 - print: 
05/04/2026 06:43:00 AM INFO mip_v1 - print: ------------------------------------------------------------
05/04/2026 06:43:00 AM INFO mip_v1 - print: COST BREAKDOWN
05/04/2026 06:43:00 AM INFO mip_v1 - print: ------------------------------------------------------------
05/04/2026 06:43:00 AM INFO mip_v1 - print: Total Revenue:          +   130052.00
05/04/2026 06:43:00 AM INFO mip_v1 - print: Production Cost:        -    61665.99
05/04/2026 06:43:00 AM INFO mip_v1 - print: Transport Cost:         -    22090.30
05/04/2026 06:43:00 AM INFO mip_v1 - print: Delay Penalty:          -      126.93
05/04/2026 06:43:00 AM INFO mip_v1 - print: ------------------------------------------------------------
05/04/2026 06:43:00 AM INFO mip_v1 - print: Total Profit:           =    46168.78
